<?xml version="1.0" encoding="UTF-8"?>
<!-- Generated by org.testng.reporters.JUnitReportReporter -->
<testsuite skipped="6" hostname="5CG6323N27" name="com.OSMOSE.testcases.Contact" tests="26" failures="0" timestamp="2020-09-30T15:01:39 IST" time="163.475" errors="0">
  <testcase name="verifyContactUsMenuContents" time="0.204" classname="com.OSMOSE.testcases.Contact"/>
  <system-out>
Click to see Screenshot <a target="_blank" href=Wed_Sep_30_14_58_43_IST_2020.jpg>Screenshot</a> <br> <br> <a target="_blank" href=Wed_Sep_30_14_58_43_IST_2020.jpg><img src=Wed_Sep_30_14_58_43_IST_2020.jpg height=200 width=200></img></a>  </system-out>
  <testcase name="verifyPresenceOfProjectGroup" time="3.700" classname="com.OSMOSE.testcases.Contact"/>
  <system-out>
Click to see Screenshot <a target="_blank" href=Wed_Sep_30_14_58_47_IST_2020.jpg>Screenshot</a> <br> <br> <a target="_blank" href=Wed_Sep_30_14_58_47_IST_2020.jpg><img src=Wed_Sep_30_14_58_47_IST_2020.jpg height=200 width=200></img></a>  </system-out>
  <testcase name="verifyCityOfColumbiaContactCardContents" time="9.465" classname="com.OSMOSE.testcases.Contact"/>
  <system-out>
Click to see Screenshot <a target="_blank" href=Wed_Sep_30_14_58_57_IST_2020.jpg>Screenshot</a> <br> <br> <a target="_blank" href=Wed_Sep_30_14_58_57_IST_2020.jpg><img src=Wed_Sep_30_14_58_57_IST_2020.jpg height=200 width=200></img></a>  </system-out>
  <testcase name="verifyGeorgiaPowerCompanyContactCardContents" time="18.489" classname="com.OSMOSE.testcases.Contact"/>
  <system-out>
Click to see Screenshot <a target="_blank" href=Wed_Sep_30_14_59_16_IST_2020.jpg>Screenshot</a> <br> <br> <a target="_blank" href=Wed_Sep_30_14_59_16_IST_2020.jpg><img src=Wed_Sep_30_14_59_16_IST_2020.jpg height=200 width=200></img></a>  </system-out>
  <testcase name="verifyGrandElectricContactCardContents" time="12.314" classname="com.OSMOSE.testcases.Contact"/>
  <system-out>
Click to see Screenshot <a target="_blank" href=Wed_Sep_30_14_59_29_IST_2020.jpg>Screenshot</a> <br> <br> <a target="_blank" href=Wed_Sep_30_14_59_29_IST_2020.jpg><img src=Wed_Sep_30_14_59_29_IST_2020.jpg height=200 width=200></img></a>  </system-out>
  <testcase name="verifyIdahoPowerInspectionContactCardContents" time="12.433" classname="com.OSMOSE.testcases.Contact"/>
  <system-out>
Click to see Screenshot <a target="_blank" href=Wed_Sep_30_14_59_42_IST_2020.jpg>Screenshot</a> <br> <br> <a target="_blank" href=Wed_Sep_30_14_59_42_IST_2020.jpg><img src=Wed_Sep_30_14_59_42_IST_2020.jpg height=200 width=200></img></a>  </system-out>
  <testcase name="verifyIdahoPowerRestorationContactCardContents" time="11.345" classname="com.OSMOSE.testcases.Contact"/>
  <system-out>
Click to see Screenshot <a target="_blank" href=Wed_Sep_30_14_59_54_IST_2020.jpg>Screenshot</a> <br> <br> <a target="_blank" href=Wed_Sep_30_14_59_54_IST_2020.jpg><img src=Wed_Sep_30_14_59_54_IST_2020.jpg height=200 width=200></img></a>  </system-out>
  <testcase name="verifyOncurDistributionContactCardContents" time="12.414" classname="com.OSMOSE.testcases.Contact"/>
  <system-out>
Click to see Screenshot <a target="_blank" href=Wed_Sep_30_15_00_07_IST_2020.jpg>Screenshot</a> <br> <br> <a target="_blank" href=Wed_Sep_30_15_00_07_IST_2020.jpg><img src=Wed_Sep_30_15_00_07_IST_2020.jpg height=200 width=200></img></a>  </system-out>
  <testcase name="verifyPacificGasAndElectricCoContactCardContents" time="12.599" classname="com.OSMOSE.testcases.Contact"/>
  <system-out>
Click to see Screenshot <a target="_blank" href=Wed_Sep_30_15_00_20_IST_2020.jpg>Screenshot</a> <br> <br> <a target="_blank" href=Wed_Sep_30_15_00_20_IST_2020.jpg><img src=Wed_Sep_30_15_00_20_IST_2020.jpg height=200 width=200></img></a>  </system-out>
  <testcase name="verifyPedernalesElecCoopContactCardContents" time="12.412" classname="com.OSMOSE.testcases.Contact"/>
  <system-out>
Click to see Screenshot <a target="_blank" href=Wed_Sep_30_15_00_32_IST_2020.jpg>Screenshot</a> <br> <br> <a target="_blank" href=Wed_Sep_30_15_00_32_IST_2020.jpg><img src=Wed_Sep_30_15_00_32_IST_2020.jpg height=200 width=200></img></a>  </system-out>
  <testcase name="verifyPugetSoundEnergyInspectionContactCardContents" time="12.648" classname="com.OSMOSE.testcases.Contact"/>
  <system-out>
Click to see Screenshot <a target="_blank" href=Wed_Sep_30_15_00_46_IST_2020.jpg>Screenshot</a> <br> <br> <a target="_blank" href=Wed_Sep_30_15_00_46_IST_2020.jpg><img src=Wed_Sep_30_15_00_46_IST_2020.jpg height=200 width=200></img></a>  </system-out>
  <testcase name="verifyPugetSoundEnergyRestorationContactCardContents" time="11.382" classname="com.OSMOSE.testcases.Contact"/>
  <system-out>
Click to see Screenshot <a target="_blank" href=Wed_Sep_30_15_00_57_IST_2020.jpg>Screenshot</a> <br> <br> <a target="_blank" href=Wed_Sep_30_15_00_57_IST_2020.jpg><img src=Wed_Sep_30_15_00_57_IST_2020.jpg height=200 width=200></img></a>  </system-out>
  <testcase name="verifyContactUsHeaderContents" time="2.294" classname="com.OSMOSE.testcases.Contact"/>
  <system-out>
Click to see Screenshot <a target="_blank" href=Wed_Sep_30_15_01_00_IST_2020.jpg>Screenshot</a> <br> <br> <a target="_blank" href=Wed_Sep_30_15_01_00_IST_2020.jpg><img src=Wed_Sep_30_15_01_00_IST_2020.jpg height=200 width=200></img></a>  </system-out>
  <testcase name="verifyContactUsClickOnGoogleMap" time="31.282" classname="com.OSMOSE.testcases.Contact"/>
  <system-out>
Click to see Screenshot <a target="_blank" href=Wed_Sep_30_15_01_32_IST_2020.jpg>Screenshot</a> <br> <br> <a target="_blank" href=Wed_Sep_30_15_01_32_IST_2020.jpg><img src=Wed_Sep_30_15_01_32_IST_2020.jpg height=200 width=200></img></a>  </system-out>
  <testcase name="verifyContactUsGeneralInquiriesContents" time="0.057" classname="com.OSMOSE.testcases.Contact"/>
  <system-out>
Click to see Screenshot <a target="_blank" href=Wed_Sep_30_15_01_32_IST_2020.jpg>Screenshot</a> <br> <br> <a target="_blank" href=Wed_Sep_30_15_01_32_IST_2020.jpg><img src=Wed_Sep_30_15_01_32_IST_2020.jpg height=200 width=200></img></a>  </system-out>
  <testcase name="verifyContactUsSalesProductsContents" time="0.076" classname="com.OSMOSE.testcases.Contact"/>
  <system-out>
Click to see Screenshot <a target="_blank" href=Wed_Sep_30_15_01_33_IST_2020.jpg>Screenshot</a> <br> <br> <a target="_blank" href=Wed_Sep_30_15_01_33_IST_2020.jpg><img src=Wed_Sep_30_15_01_33_IST_2020.jpg height=200 width=200></img></a>  </system-out>
  <testcase name="verifyContactUsSalesServicesContents" time="0.077" classname="com.OSMOSE.testcases.Contact"/>
  <system-out>
Click to see Screenshot <a target="_blank" href=Wed_Sep_30_15_01_33_IST_2020.jpg>Screenshot</a> <br> <br> <a target="_blank" href=Wed_Sep_30_15_01_33_IST_2020.jpg><img src=Wed_Sep_30_15_01_33_IST_2020.jpg height=200 width=200></img></a>  </system-out>
  <testcase name="verifyContactUsOCalcProContents" time="0.074" classname="com.OSMOSE.testcases.Contact"/>
  <system-out>
Click to see Screenshot <a target="_blank" href=Wed_Sep_30_15_01_34_IST_2020.jpg>Screenshot</a> <br> <br> <a target="_blank" href=Wed_Sep_30_15_01_34_IST_2020.jpg><img src=Wed_Sep_30_15_01_34_IST_2020.jpg height=200 width=200></img></a>  </system-out>
  <testcase name="verifyContactUsQueryFormContents" time="0.112" classname="com.OSMOSE.testcases.Contact"/>
  <system-out>
Click to see Screenshot <a target="_blank" href=Wed_Sep_30_15_01_34_IST_2020.jpg>Screenshot</a> <br> <br> <a target="_blank" href=Wed_Sep_30_15_01_34_IST_2020.jpg><img src=Wed_Sep_30_15_01_34_IST_2020.jpg height=200 width=200></img></a>  </system-out>
  <testcase name="verifyFormSubmissionErrorMessage" time="0.098" classname="com.OSMOSE.testcases.Contact"/>
  <system-out>
Click to see Screenshot <a target="_blank" href=Wed_Sep_30_15_01_35_IST_2020.jpg>Screenshot</a> <br> <br> <a target="_blank" href=Wed_Sep_30_15_01_35_IST_2020.jpg><img src=Wed_Sep_30_15_01_35_IST_2020.jpg height=200 width=200></img></a>  </system-out>
  <testcase name="verifyFormSubmissionWith_Other" classname="com.OSMOSE.testcases.Contact">
    <skipped/>
  </testcase> <!-- verifyFormSubmissionWith_Other -->
  <system-out/>
  <testcase name="verifyFormSubmissionWith_TechnicalSupport" classname="com.OSMOSE.testcases.Contact">
    <skipped/>
  </testcase> <!-- verifyFormSubmissionWith_TechnicalSupport -->
  <system-out/>
  <testcase name="verifyFormSubmissionWith_RequestForInformation" classname="com.OSMOSE.testcases.Contact">
    <skipped/>
  </testcase> <!-- verifyFormSubmissionWith_RequestForInformation -->
  <system-out/>
  <testcase name="verifyFormSubmissionThankYouPopUp" classname="com.OSMOSE.testcases.Contact">
    <skipped/>
  </testcase> <!-- verifyFormSubmissionThankYouPopUp -->
  <system-out/>
  <testcase name="verifyFormSubmissionWith_ProjectSupport" classname="com.OSMOSE.testcases.Contact">
    <skipped/>
  </testcase> <!-- verifyFormSubmissionWith_ProjectSupport -->
  <system-out/>
  <testcase name="verifyClickOnBackButton" classname="com.OSMOSE.testcases.Contact">
    <skipped/>
  </testcase> <!-- verifyClickOnBackButton -->
  <system-out/>
</testsuite> <!-- com.OSMOSE.testcases.Contact -->
