<?xml version="1.0" encoding="UTF-8"?>
<!-- Generated by org.testng.reporters.JUnitReportReporter -->
<testsuite skipped="28" hostname="5CG6332Q2D" name="com.OSMOSE.testcases.OsmoseServices" tests="30" failures="0" timestamp="2021-02-17T18:00:40 IST" time="44.557" errors="0">
  <testcase name="verifyMyOsmoseServicesCardClick" time="8.926" classname="com.OSMOSE.testcases.OsmoseServices"/>
  <system-out>
Click to see Screenshot <a target="_blank" href=Wed_Feb_17_17_59_56_IST_2021.jpg>Screenshot</a> <br> <br> <a target="_blank" href=Wed_Feb_17_17_59_56_IST_2021.jpg><img src=Wed_Feb_17_17_59_56_IST_2021.jpg height=200 width=200></img></a>  </system-out>
  <testcase name="verifyfunctionalityOfOcalCproButtons" time="35.631" classname="com.OSMOSE.testcases.OsmoseServices"/>
  <system-out>
Click to see Screenshot <a target="_blank" href=Wed_Feb_17_18_00_32_IST_2021.jpg>Screenshot</a> <br> <br> <a target="_blank" href=Wed_Feb_17_18_00_32_IST_2021.jpg><img src=Wed_Feb_17_18_00_32_IST_2021.jpg height=200 width=200></img></a>  </system-out>
  <testcase name="verifyStormServiceLearnMoreClick" classname="com.OSMOSE.testcases.OsmoseServices">
    <skipped/>
  </testcase> <!-- verifyStormServiceLearnMoreClick -->
  <system-out/>
  <testcase name="VerifyWoodRestorationclick" classname="com.OSMOSE.testcases.OsmoseServices">
    <skipped/>
  </testcase> <!-- VerifyWoodRestorationclick -->
  <system-out/>
  <testcase name="verifyClickonWoodRestorationMAP" classname="com.OSMOSE.testcases.OsmoseServices">
    <skipped/>
  </testcase> <!-- verifyClickonWoodRestorationMAP -->
  <system-out/>
  <testcase name="VerifyProductclick" classname="com.OSMOSE.testcases.OsmoseServices">
    <skipped/>
  </testcase> <!-- VerifyProductclick -->
  <system-out/>
  <testcase name="verifyWoodRestorationLearnMoreClick" classname="com.OSMOSE.testcases.OsmoseServices">
    <skipped/>
  </testcase> <!-- verifyWoodRestorationLearnMoreClick -->
  <system-out/>
  <testcase name="verifyClickonWoodRestorationVideos" classname="com.OSMOSE.testcases.OsmoseServices">
    <skipped/>
  </testcase> <!-- verifyClickonWoodRestorationVideos -->
  <system-out/>
  <testcase name="verifyOverheadLearnMoreClick" classname="com.OSMOSE.testcases.OsmoseServices">
    <skipped/>
  </testcase> <!-- verifyOverheadLearnMoreClick -->
  <system-out/>
  <testcase name="VerifyWoodInspectionAndTreatmentclick" classname="com.OSMOSE.testcases.OsmoseServices">
    <skipped/>
  </testcase> <!-- VerifyWoodInspectionAndTreatmentclick -->
  <system-out/>
  <testcase name="verifySteelandConcreteAssessmentLearnMoreClick" classname="com.OSMOSE.testcases.OsmoseServices">
    <skipped/>
  </testcase> <!-- verifySteelandConcreteAssessmentLearnMoreClick -->
  <system-out/>
  <testcase name="verifyCancelClickOnPopUpUnderground" classname="com.OSMOSE.testcases.OsmoseServices">
    <skipped/>
  </testcase> <!-- verifyCancelClickOnPopUpUnderground -->
  <system-out/>
  <testcase name="verifyClickonWoodTreatmentVideos" classname="com.OSMOSE.testcases.OsmoseServices">
    <skipped/>
  </testcase> <!-- verifyClickonWoodTreatmentVideos -->
  <system-out/>
  <testcase name="verifyEngineeringServicesLearnMoreClick" classname="com.OSMOSE.testcases.OsmoseServices">
    <skipped/>
  </testcase> <!-- verifyEngineeringServicesLearnMoreClick -->
  <system-out/>
  <testcase name="verifyUndergroundLearnMoreClick" classname="com.OSMOSE.testcases.OsmoseServices">
    <skipped/>
  </testcase> <!-- verifyUndergroundLearnMoreClick -->
  <system-out/>
  <testcase name="verifyPopUpUnderground" classname="com.OSMOSE.testcases.OsmoseServices">
    <skipped/>
  </testcase> <!-- verifyPopUpUnderground -->
  <system-out/>
  <testcase name="verifyTakeMeToOsmoseClick" classname="com.OSMOSE.testcases.OsmoseServices">
    <skipped/>
  </testcase> <!-- verifyTakeMeToOsmoseClick -->
  <system-out/>
  <testcase name="verifyClickonWoodTreatmentMAP" classname="com.OSMOSE.testcases.OsmoseServices">
    <skipped/>
  </testcase> <!-- verifyClickonWoodTreatmentMAP -->
  <system-out/>
  <testcase name="verifyClickonWoodTreatmentProjectProfiles" classname="com.OSMOSE.testcases.OsmoseServices">
    <skipped/>
  </testcase> <!-- verifyClickonWoodTreatmentProjectProfiles -->
  <system-out/>
  <testcase name="VerifyViewMapclick" classname="com.OSMOSE.testcases.OsmoseServices">
    <skipped/>
  </testcase> <!-- VerifyViewMapclick -->
  <system-out/>
  <testcase name="verifyClickonUndergroundProjectProfiles" classname="com.OSMOSE.testcases.OsmoseServices">
    <skipped/>
  </testcase> <!-- verifyClickonUndergroundProjectProfiles -->
  <system-out/>
  <testcase name="verifyOkClickOnPopUpUnderground" classname="com.OSMOSE.testcases.OsmoseServices">
    <skipped/>
  </testcase> <!-- verifyOkClickOnPopUpUnderground -->
  <system-out/>
  <testcase name="verifySteelandConcreteRestorationLearnMoreClick" classname="com.OSMOSE.testcases.OsmoseServices">
    <skipped/>
  </testcase> <!-- verifySteelandConcreteRestorationLearnMoreClick -->
  <system-out/>
  <testcase name="verifyClickonUndergroundVideos" classname="com.OSMOSE.testcases.OsmoseServices">
    <skipped/>
  </testcase> <!-- verifyClickonUndergroundVideos -->
  <system-out/>
  <testcase name="verifyWoodInspectionandTreatmentLearnMoreClick" classname="com.OSMOSE.testcases.OsmoseServices">
    <skipped/>
  </testcase> <!-- verifyWoodInspectionandTreatmentLearnMoreClick -->
  <system-out/>
  <testcase name="verifyProductsLearnMoreClick" classname="com.OSMOSE.testcases.OsmoseServices">
    <skipped/>
  </testcase> <!-- verifyProductsLearnMoreClick -->
  <system-out/>
  <testcase name="verifyOcalcProLearnMoreClick" classname="com.OSMOSE.testcases.OsmoseServices">
    <skipped/>
  </testcase> <!-- verifyOcalcProLearnMoreClick -->
  <system-out/>
  <testcase name="verifyJointUseLearnMoreClick" classname="com.OSMOSE.testcases.OsmoseServices">
    <skipped/>
  </testcase> <!-- verifyJointUseLearnMoreClick -->
  <system-out/>
  <testcase name="verifyStrayVoltageLearnMoreClick" classname="com.OSMOSE.testcases.OsmoseServices">
    <skipped/>
  </testcase> <!-- verifyStrayVoltageLearnMoreClick -->
  <system-out/>
  <testcase name="verifyClickonWoodRestorationProjectProfiles" classname="com.OSMOSE.testcases.OsmoseServices">
    <skipped/>
  </testcase> <!-- verifyClickonWoodRestorationProjectProfiles -->
  <system-out/>
</testsuite> <!-- com.OSMOSE.testcases.OsmoseServices -->
