<?xml version="1.0" encoding="UTF-8"?>
<!-- Generated by org.testng.reporters.JUnitReportReporter -->
<testsuite skipped="5" hostname="5CG6323N27" name="com.OSMOSE.testcases.OULogin" tests="29" failures="0" timestamp="2020-11-13T12:52:45 IST" time="297.221" errors="0">
  <testcase name="verifyOUCard" time="6.628" classname="com.OSMOSE.testcases.OULogin"/>
  <system-out>
Click to see Screenshot <a target="_blank" href=Fri_Nov_13_12_47_36_IST_2020.jpg>Screenshot</a> <br> <br> <a target="_blank" href=Fri_Nov_13_12_47_36_IST_2020.jpg><img src=Fri_Nov_13_12_47_36_IST_2020.jpg height=200 width=200></img></a>  </system-out>
  <testcase name="verifyKnowledgeBaseCard" time="0.043" classname="com.OSMOSE.testcases.OULogin"/>
  <system-out>
Click to see Screenshot <a target="_blank" href=Fri_Nov_13_12_47_37_IST_2020.jpg>Screenshot</a> <br> <br> <a target="_blank" href=Fri_Nov_13_12_47_37_IST_2020.jpg><img src=Fri_Nov_13_12_47_37_IST_2020.jpg height=200 width=200></img></a>  </system-out>
  <testcase name="verifyProductCard" time="0.044" classname="com.OSMOSE.testcases.OULogin"/>
  <system-out>
Click to see Screenshot <a target="_blank" href=Fri_Nov_13_12_47_37_IST_2020.jpg>Screenshot</a> <br> <br> <a target="_blank" href=Fri_Nov_13_12_47_37_IST_2020.jpg><img src=Fri_Nov_13_12_47_37_IST_2020.jpg height=200 width=200></img></a>  </system-out>
  <testcase name="verifyContactUs" time="0.032" classname="com.OSMOSE.testcases.OULogin"/>
  <system-out>
Click to see Screenshot <a target="_blank" href=Fri_Nov_13_12_47_38_IST_2020.jpg>Screenshot</a> <br> <br> <a target="_blank" href=Fri_Nov_13_12_47_38_IST_2020.jpg><img src=Fri_Nov_13_12_47_38_IST_2020.jpg height=200 width=200></img></a>  </system-out>
  <testcase name="verifyHyperlinks" time="0.277" classname="com.OSMOSE.testcases.OULogin"/>
  <system-out>
Click to see Screenshot <a target="_blank" href=Fri_Nov_13_12_47_39_IST_2020.jpg>Screenshot</a> <br> <br> <a target="_blank" href=Fri_Nov_13_12_47_39_IST_2020.jpg><img src=Fri_Nov_13_12_47_39_IST_2020.jpg height=200 width=200></img></a>  </system-out>
  <testcase name="verifyVideoLinks" time="0.093" classname="com.OSMOSE.testcases.OULogin"/>
  <system-out>
Click to see Screenshot <a target="_blank" href=Fri_Nov_13_12_47_40_IST_2020.jpg>Screenshot</a> <br> <br> <a target="_blank" href=Fri_Nov_13_12_47_40_IST_2020.jpg><img src=Fri_Nov_13_12_47_40_IST_2020.jpg height=200 width=200></img></a>  </system-out>
  <testcase name="verifyOsmoseUniversityNavigationClick" time="16.957" classname="com.OSMOSE.testcases.OULogin"/>
  <system-out>
Click to see Screenshot <a target="_blank" href=Fri_Nov_13_12_47_57_IST_2020.jpg>Screenshot</a> <br> <br> <a target="_blank" href=Fri_Nov_13_12_47_57_IST_2020.jpg><img src=Fri_Nov_13_12_47_57_IST_2020.jpg height=200 width=200></img></a>  </system-out>
  <testcase name="verifyLiveEventCLick" time="12.391" classname="com.OSMOSE.testcases.OULogin"/>
  <system-out>
Click to see Screenshot <a target="_blank" href=Fri_Nov_13_12_48_11_IST_2020.jpg>Screenshot</a> <br> <br> <a target="_blank" href=Fri_Nov_13_12_48_11_IST_2020.jpg><img src=Fri_Nov_13_12_48_11_IST_2020.jpg height=200 width=200></img></a>  </system-out>
  <testcase name="verifyWebinarsClick" time="13.350" classname="com.OSMOSE.testcases.OULogin"/>
  <system-out>
Click to see Screenshot <a target="_blank" href=Fri_Nov_13_12_48_25_IST_2020.jpg>Screenshot</a> <br> <br> <a target="_blank" href=Fri_Nov_13_12_48_25_IST_2020.jpg><img src=Fri_Nov_13_12_48_25_IST_2020.jpg height=200 width=200></img></a>  </system-out>
  <testcase name="verifyOCalcClick" time="12.370" classname="com.OSMOSE.testcases.OULogin"/>
  <system-out>
Click to see Screenshot <a target="_blank" href=Fri_Nov_13_12_48_38_IST_2020.jpg>Screenshot</a> <br> <br> <a target="_blank" href=Fri_Nov_13_12_48_38_IST_2020.jpg><img src=Fri_Nov_13_12_48_38_IST_2020.jpg height=200 width=200></img></a>  </system-out>
  <testcase name="clickOnOuLink" time="12.333" classname="com.OSMOSE.testcases.OULogin"/>
  <system-out>
Click to see Screenshot <a target="_blank" href=Fri_Nov_13_12_48_50_IST_2020.jpg>Screenshot</a> <br> <br> <a target="_blank" href=Fri_Nov_13_12_48_50_IST_2020.jpg><img src=Fri_Nov_13_12_48_50_IST_2020.jpg height=200 width=200></img></a>  </system-out>
  <testcase name="verifyLiveEventsSTS" time="12.543" classname="com.OSMOSE.testcases.OULogin"/>
  <system-out>
Click to see Screenshot <a target="_blank" href=Fri_Nov_13_12_49_04_IST_2020.jpg>Screenshot</a> <br> <br> <a target="_blank" href=Fri_Nov_13_12_49_04_IST_2020.jpg><img src=Fri_Nov_13_12_49_04_IST_2020.jpg height=200 width=200></img></a>  </system-out>
  <testcase name="verifyLiveEventsJUS" time="13.420" classname="com.OSMOSE.testcases.OULogin"/>
  <system-out>
Click to see Screenshot <a target="_blank" href=Fri_Nov_13_12_49_18_IST_2020.jpg>Screenshot</a> <br> <br> <a target="_blank" href=Fri_Nov_13_12_49_18_IST_2020.jpg><img src=Fri_Nov_13_12_49_18_IST_2020.jpg height=200 width=200></img></a>  </system-out>
  <testcase name="verifyLiveEventsWPTS" time="12.674" classname="com.OSMOSE.testcases.OULogin"/>
  <system-out>
Click to see Screenshot <a target="_blank" href=Fri_Nov_13_12_49_32_IST_2020.jpg>Screenshot</a> <br> <br> <a target="_blank" href=Fri_Nov_13_12_49_32_IST_2020.jpg><img src=Fri_Nov_13_12_49_32_IST_2020.jpg height=200 width=200></img></a>  </system-out>
  <testcase name="verifyDETAILSANDREGISTRATION" time="13.721" classname="com.OSMOSE.testcases.OULogin"/>
  <system-out>
Click to see Screenshot <a target="_blank" href=Fri_Nov_13_12_49_46_IST_2020.jpg>Screenshot</a> <br> <br> <a target="_blank" href=Fri_Nov_13_12_49_46_IST_2020.jpg><img src=Fri_Nov_13_12_49_46_IST_2020.jpg height=200 width=200></img></a>  </system-out>
  <testcase name="verifyClickingTheWebinars" time="12.312" classname="com.OSMOSE.testcases.OULogin"/>
  <system-out>
Click to see Screenshot <a target="_blank" href=Fri_Nov_13_12_49_59_IST_2020.jpg>Screenshot</a> <br> <br> <a target="_blank" href=Fri_Nov_13_12_49_59_IST_2020.jpg><img src=Fri_Nov_13_12_49_59_IST_2020.jpg height=200 width=200></img></a>  </system-out>
  <testcase name="verifyOClacTrainingButton" time="12.778" classname="com.OSMOSE.testcases.OULogin"/>
  <system-out>
Click to see Screenshot <a target="_blank" href=Fri_Nov_13_12_50_12_IST_2020.jpg>Screenshot</a> <br> <br> <a target="_blank" href=Fri_Nov_13_12_50_12_IST_2020.jpg><img src=Fri_Nov_13_12_50_12_IST_2020.jpg height=200 width=200></img></a>  </system-out>
  <testcase name="verifySearchWebinarsHistorical" time="18.928" classname="com.OSMOSE.testcases.OULogin"/>
  <system-out>
Click to see Screenshot <a target="_blank" href=Fri_Nov_13_12_50_31_IST_2020.jpg>Screenshot</a> <br> <br> <a target="_blank" href=Fri_Nov_13_12_50_31_IST_2020.jpg><img src=Fri_Nov_13_12_50_31_IST_2020.jpg height=200 width=200></img></a>  </system-out>
  <testcase name="verifyInvalidSearchHistorical" time="13.449" classname="com.OSMOSE.testcases.OULogin"/>
  <system-out>
Click to see Screenshot <a target="_blank" href=Fri_Nov_13_12_50_45_IST_2020.jpg>Screenshot</a> <br> <br> <a target="_blank" href=Fri_Nov_13_12_50_45_IST_2020.jpg><img src=Fri_Nov_13_12_50_45_IST_2020.jpg height=200 width=200></img></a>  </system-out>
  <testcase name="verifySortWebinarsHistorical" time="19.014" classname="com.OSMOSE.testcases.OULogin"/>
  <system-out>
Click to see Screenshot <a target="_blank" href=Fri_Nov_13_12_51_05_IST_2020.jpg>Screenshot</a> <br> <br> <a target="_blank" href=Fri_Nov_13_12_51_05_IST_2020.jpg><img src=Fri_Nov_13_12_51_05_IST_2020.jpg height=200 width=200></img></a>  </system-out>
  <testcase name="verifyClearSearchHistorical" time="18.865" classname="com.OSMOSE.testcases.OULogin"/>
  <system-out>
Click to see Screenshot <a target="_blank" href=Fri_Nov_13_12_51_24_IST_2020.jpg>Screenshot</a> <br> <br> <a target="_blank" href=Fri_Nov_13_12_51_24_IST_2020.jpg><img src=Fri_Nov_13_12_51_24_IST_2020.jpg height=200 width=200></img></a>  </system-out>
  <testcase name="verifyVideoGalleryHistorical" time="26.755" classname="com.OSMOSE.testcases.OULogin"/>
  <system-out>
Click to see Screenshot <a target="_blank" href=Fri_Nov_13_12_51_51_IST_2020.jpg>Screenshot</a> <br> <br> <a target="_blank" href=Fri_Nov_13_12_51_51_IST_2020.jpg><img src=Fri_Nov_13_12_51_51_IST_2020.jpg height=200 width=200></img></a>  </system-out>
  <testcase name="verifyPopularQueriesSearchResults" time="25.128" classname="com.OSMOSE.testcases.OULogin"/>
  <system-out>
Click to see Screenshot <a target="_blank" href=Fri_Nov_13_12_52_17_IST_2020.jpg>Screenshot</a> <br> <br> <a target="_blank" href=Fri_Nov_13_12_52_17_IST_2020.jpg><img src=Fri_Nov_13_12_52_17_IST_2020.jpg height=200 width=200></img></a>  </system-out>
  <testcase name="verifyPopularQueriesReset" time="23.116" classname="com.OSMOSE.testcases.OULogin"/>
  <system-out>
Click to see Screenshot <a target="_blank" href=Fri_Nov_13_12_52_41_IST_2020.jpg>Screenshot</a> <br> <br> <a target="_blank" href=Fri_Nov_13_12_52_41_IST_2020.jpg><img src=Fri_Nov_13_12_52_41_IST_2020.jpg height=200 width=200></img></a>  </system-out>
  <testcase name="verifyContactAndStray" classname="com.OSMOSE.testcases.OULogin">
    <skipped/>
  </testcase> <!-- verifyContactAndStray -->
  <system-out/>
  <testcase name="verifySteelStructuresProtected" classname="com.OSMOSE.testcases.OULogin">
    <skipped/>
  </testcase> <!-- verifySteelStructuresProtected -->
  <system-out/>
  <testcase name="steelStructuresProtectedMOREINFOREGISTRATION" classname="com.OSMOSE.testcases.OULogin">
    <skipped/>
  </testcase> <!-- steelStructuresProtectedMOREINFOREGISTRATION -->
  <system-out/>
  <testcase name="verifyUpcomingWebinarsPage" classname="com.OSMOSE.testcases.OULogin">
    <skipped/>
  </testcase> <!-- verifyUpcomingWebinarsPage -->
  <system-out/>
  <testcase name="ContactAndStrayMOREINFOREGISTRATION" classname="com.OSMOSE.testcases.OULogin">
    <skipped/>
  </testcase> <!-- ContactAndStrayMOREINFOREGISTRATION -->
  <system-out/>
</testsuite> <!-- com.OSMOSE.testcases.OULogin -->
