<?xml version="1.0" encoding="UTF-8"?>
<!-- Generated by org.testng.reporters.JUnitReportReporter -->
<testsuite skipped="5" hostname="5CG6323N27" name="com.OSMOSE.testcases.OULogin" tests="23" failures="0" timestamp="2020-08-27T14:47:08 IST" time="161.928" errors="0">
  <testcase name="loginTest" time="16.942" classname="com.OSMOSE.testcases.OULogin"/>
  <system-out>
Click to see Screenshot <a target="_blank" href=Thu_Aug_27_14_15_22_IST_2020.jpg>Screenshot</a> <br> <br> <a target="_blank" href=Thu_Aug_27_14_15_22_IST_2020.jpg><img src=Thu_Aug_27_14_15_22_IST_2020.jpg height=200 width=200></img></a>  </system-out>
  <testcase name="verifyOUCard" time="2.577" classname="com.OSMOSE.testcases.OULogin"/>
  <system-out>
Click to see Screenshot <a target="_blank" href=Thu_Aug_27_14_15_26_IST_2020.jpg>Screenshot</a> <br> <br> <a target="_blank" href=Thu_Aug_27_14_15_26_IST_2020.jpg><img src=Thu_Aug_27_14_15_26_IST_2020.jpg height=200 width=200></img></a>  </system-out>
  <testcase name="verifyKnowledgeBaseCard" time="0.035" classname="com.OSMOSE.testcases.OULogin"/>
  <system-out>
Click to see Screenshot <a target="_blank" href=Thu_Aug_27_14_15_26_IST_2020.jpg>Screenshot</a> <br> <br> <a target="_blank" href=Thu_Aug_27_14_15_26_IST_2020.jpg><img src=Thu_Aug_27_14_15_26_IST_2020.jpg height=200 width=200></img></a>  </system-out>
  <testcase name="verifyProductCard" time="0.027" classname="com.OSMOSE.testcases.OULogin"/>
  <system-out>
Click to see Screenshot <a target="_blank" href=Thu_Aug_27_14_15_27_IST_2020.jpg>Screenshot</a> <br> <br> <a target="_blank" href=Thu_Aug_27_14_15_27_IST_2020.jpg><img src=Thu_Aug_27_14_15_27_IST_2020.jpg height=200 width=200></img></a>  </system-out>
  <testcase name="verifyContactUs" time="0.028" classname="com.OSMOSE.testcases.OULogin"/>
  <system-out>
Click to see Screenshot <a target="_blank" href=Thu_Aug_27_14_15_27_IST_2020.jpg>Screenshot</a> <br> <br> <a target="_blank" href=Thu_Aug_27_14_15_27_IST_2020.jpg><img src=Thu_Aug_27_14_15_27_IST_2020.jpg height=200 width=200></img></a>  </system-out>
  <testcase name="verifyHyperlinks" time="0.087" classname="com.OSMOSE.testcases.OULogin"/>
  <system-out>
Click to see Screenshot <a target="_blank" href=Thu_Aug_27_14_15_28_IST_2020.jpg>Screenshot</a> <br> <br> <a target="_blank" href=Thu_Aug_27_14_15_28_IST_2020.jpg><img src=Thu_Aug_27_14_15_28_IST_2020.jpg height=200 width=200></img></a>  </system-out>
  <testcase name="verifyVideoLinks" time="0.060" classname="com.OSMOSE.testcases.OULogin"/>
  <system-out>
Click to see Screenshot <a target="_blank" href=Thu_Aug_27_14_15_28_IST_2020.jpg>Screenshot</a> <br> <br> <a target="_blank" href=Thu_Aug_27_14_15_28_IST_2020.jpg><img src=Thu_Aug_27_14_15_28_IST_2020.jpg height=200 width=200></img></a>  </system-out>
  <testcase name="verifyOsmoseUniversityNavigationClick" time="15.267" classname="com.OSMOSE.testcases.OULogin"/>
  <system-out>
Click to see Screenshot <a target="_blank" href=Thu_Aug_27_14_15_44_IST_2020.jpg>Screenshot</a> <br> <br> <a target="_blank" href=Thu_Aug_27_14_15_44_IST_2020.jpg><img src=Thu_Aug_27_14_15_44_IST_2020.jpg height=200 width=200></img></a>  </system-out>
  <testcase name="verifyLiveEventCLick" time="12.205" classname="com.OSMOSE.testcases.OULogin"/>
  <system-out>
Click to see Screenshot <a target="_blank" href=Thu_Aug_27_14_15_57_IST_2020.jpg>Screenshot</a> <br> <br> <a target="_blank" href=Thu_Aug_27_14_15_57_IST_2020.jpg><img src=Thu_Aug_27_14_15_57_IST_2020.jpg height=200 width=200></img></a>  </system-out>
  <testcase name="verifyWebinarsClick" time="12.231" classname="com.OSMOSE.testcases.OULogin"/>
  <system-out>
Click to see Screenshot <a target="_blank" href=Thu_Aug_27_14_16_10_IST_2020.jpg>Screenshot</a> <br> <br> <a target="_blank" href=Thu_Aug_27_14_16_10_IST_2020.jpg><img src=Thu_Aug_27_14_16_10_IST_2020.jpg height=200 width=200></img></a>  </system-out>
  <testcase name="verifyOCalcClick" time="12.203" classname="com.OSMOSE.testcases.OULogin"/>
  <system-out>
Click to see Screenshot <a target="_blank" href=Thu_Aug_27_14_16_23_IST_2020.jpg>Screenshot</a> <br> <br> <a target="_blank" href=Thu_Aug_27_14_16_23_IST_2020.jpg><img src=Thu_Aug_27_14_16_23_IST_2020.jpg height=200 width=200></img></a>  </system-out>
  <testcase name="clickOnOuLink" time="12.218" classname="com.OSMOSE.testcases.OULogin"/>
  <system-out>
Click to see Screenshot <a target="_blank" href=Thu_Aug_27_14_16_35_IST_2020.jpg>Screenshot</a> <br> <br> <a target="_blank" href=Thu_Aug_27_14_16_35_IST_2020.jpg><img src=Thu_Aug_27_14_16_35_IST_2020.jpg height=200 width=200></img></a>  </system-out>
  <testcase name="verifyLiveEventsSTS" time="13.255" classname="com.OSMOSE.testcases.OULogin"/>
  <system-out>
Click to see Screenshot <a target="_blank" href=Thu_Aug_27_14_16_49_IST_2020.jpg>Screenshot</a> <br> <br> <a target="_blank" href=Thu_Aug_27_14_16_49_IST_2020.jpg><img src=Thu_Aug_27_14_16_49_IST_2020.jpg height=200 width=200></img></a>  </system-out>
  <testcase name="verifyLiveEventsJUS" time="12.965" classname="com.OSMOSE.testcases.OULogin"/>
  <system-out>
Click to see Screenshot <a target="_blank" href=Thu_Aug_27_14_17_03_IST_2020.jpg>Screenshot</a> <br> <br> <a target="_blank" href=Thu_Aug_27_14_17_03_IST_2020.jpg><img src=Thu_Aug_27_14_17_03_IST_2020.jpg height=200 width=200></img></a>  </system-out>
  <testcase name="verifyLiveEventsWPTS" time="12.978" classname="com.OSMOSE.testcases.OULogin"/>
  <system-out>
Click to see Screenshot <a target="_blank" href=Thu_Aug_27_14_17_16_IST_2020.jpg>Screenshot</a> <br> <br> <a target="_blank" href=Thu_Aug_27_14_17_16_IST_2020.jpg><img src=Thu_Aug_27_14_17_16_IST_2020.jpg height=200 width=200></img></a>  </system-out>
  <testcase name="verifyDETAILSANDREGISTRATION" time="13.405" classname="com.OSMOSE.testcases.OULogin"/>
  <system-out>
Click to see Screenshot <a target="_blank" href=Thu_Aug_27_14_17_30_IST_2020.jpg>Screenshot</a> <br> <br> <a target="_blank" href=Thu_Aug_27_14_17_30_IST_2020.jpg><img src=Thu_Aug_27_14_17_30_IST_2020.jpg height=200 width=200></img></a>  </system-out>
  <testcase name="verifyClickingTheWebinars" time="12.208" classname="com.OSMOSE.testcases.OULogin"/>
  <system-out>
Click to see Screenshot <a target="_blank" href=Thu_Aug_27_14_17_42_IST_2020.jpg>Screenshot</a> <br> <br> <a target="_blank" href=Thu_Aug_27_14_17_42_IST_2020.jpg><img src=Thu_Aug_27_14_17_42_IST_2020.jpg height=200 width=200></img></a>  </system-out>
  <testcase name="verifyOClacTrainingButton" time="13.237" classname="com.OSMOSE.testcases.OULogin"/>
  <system-out>
Click to see Screenshot <a target="_blank" href=Thu_Aug_27_14_17_56_IST_2020.jpg>Screenshot</a> <br> <br> <a target="_blank" href=Thu_Aug_27_14_17_56_IST_2020.jpg><img src=Thu_Aug_27_14_17_56_IST_2020.jpg height=200 width=200></img></a>  </system-out>
  <testcase name="verifyContactAndStray" classname="com.OSMOSE.testcases.OULogin">
    <skipped/>
  </testcase> <!-- verifyContactAndStray -->
  <system-out/>
  <testcase name="verifySteelStructuresProtected" classname="com.OSMOSE.testcases.OULogin">
    <skipped/>
  </testcase> <!-- verifySteelStructuresProtected -->
  <system-out/>
  <testcase name="steelStructuresProtectedMOREINFOREGISTRATION" classname="com.OSMOSE.testcases.OULogin">
    <skipped/>
  </testcase> <!-- steelStructuresProtectedMOREINFOREGISTRATION -->
  <system-out/>
  <testcase name="verifyUpcomingWebinarsPage" classname="com.OSMOSE.testcases.OULogin">
    <skipped/>
  </testcase> <!-- verifyUpcomingWebinarsPage -->
  <system-out/>
  <testcase name="ContactAndStrayMOREINFOREGISTRATION" classname="com.OSMOSE.testcases.OULogin">
    <skipped/>
  </testcase> <!-- ContactAndStrayMOREINFOREGISTRATION -->
  <system-out/>
</testsuite> <!-- com.OSMOSE.testcases.OULogin -->
