<?xml version="1.0" encoding="UTF-8"?>
<!-- Generated by org.testng.reporters.JUnitReportReporter -->
<testsuite skipped="0" hostname="5CG6323N27" name="com.OSMOSE.testcases.JointUse_ts_allroles" tests="18" failures="0" timestamp="2021-01-13T16:17:45 IST" time="106.692" errors="0">
  <testcase name="jointUseloginTestAllRoles" time="25.002" classname="com.OSMOSE.testcases.JointUse_ts_allroles"/>
  <system-out>
Click to see Screenshot <a target="_blank" href=Wed_Jan_13_16_16_13_IST_2021.jpg>Screenshot</a> <br> <br> <a target="_blank" href=Wed_Jan_13_16_16_13_IST_2021.jpg><img src=Wed_Jan_13_16_16_13_IST_2021.jpg height=200 width=200></img></a>  </system-out>
  <testcase name="verifyJointUseNavigationClick" time="22.394" classname="com.OSMOSE.testcases.JointUse_ts_allroles"/>
  <system-out>
Click to see Screenshot <a target="_blank" href=Wed_Jan_13_16_16_36_IST_2021.jpg>Screenshot</a> <br> <br> <a target="_blank" href=Wed_Jan_13_16_16_36_IST_2021.jpg><img src=Wed_Jan_13_16_16_36_IST_2021.jpg height=200 width=200></img></a>  </system-out>
  <testcase name="verifyHorizontalCollapseFunctionality" time="5.294" classname="com.OSMOSE.testcases.JointUse_ts_allroles"/>
  <system-out>
Click to see Screenshot <a target="_blank" href=Wed_Jan_13_16_16_42_IST_2021.jpg>Screenshot</a> <br> <br> <a target="_blank" href=Wed_Jan_13_16_16_42_IST_2021.jpg><img src=Wed_Jan_13_16_16_42_IST_2021.jpg height=200 width=200></img></a>  </system-out>
  <testcase name="verifyVerticalCollapseFunctionality" time="0.149" classname="com.OSMOSE.testcases.JointUse_ts_allroles"/>
  <system-out>
Click to see Screenshot <a target="_blank" href=Wed_Jan_13_16_16_43_IST_2021.jpg>Screenshot</a> <br> <br> <a target="_blank" href=Wed_Jan_13_16_16_43_IST_2021.jpg><img src=Wed_Jan_13_16_16_43_IST_2021.jpg height=200 width=200></img></a>  </system-out>
  <testcase name="verifyAddWidgets" time="0.057" classname="com.OSMOSE.testcases.JointUse_ts_allroles"/>
  <system-out>
Click to see Screenshot <a target="_blank" href=Wed_Jan_13_16_16_43_IST_2021.jpg>Screenshot</a> <br> <br> <a target="_blank" href=Wed_Jan_13_16_16_43_IST_2021.jpg><img src=Wed_Jan_13_16_16_43_IST_2021.jpg height=200 width=200></img></a>  </system-out>
  <testcase name="verifyEditLayout" time="0.067" classname="com.OSMOSE.testcases.JointUse_ts_allroles"/>
  <system-out>
Click to see Screenshot <a target="_blank" href=Wed_Jan_13_16_16_43_IST_2021.jpg>Screenshot</a> <br> <br> <a target="_blank" href=Wed_Jan_13_16_16_43_IST_2021.jpg><img src=Wed_Jan_13_16_16_43_IST_2021.jpg height=200 width=200></img></a>  </system-out>
  <testcase name="verifyNewApplication" time="0.840" classname="com.OSMOSE.testcases.JointUse_ts_allroles"/>
  <system-out>
Click to see Screenshot <a target="_blank" href=Wed_Jan_13_16_16_45_IST_2021.jpg>Screenshot</a> <br> <br> <a target="_blank" href=Wed_Jan_13_16_16_45_IST_2021.jpg><img src=Wed_Jan_13_16_16_45_IST_2021.jpg height=200 width=200></img></a>  </system-out>
  <testcase name="verifyExportOptions" time="0.165" classname="com.OSMOSE.testcases.JointUse_ts_allroles"/>
  <system-out>
Click to see Screenshot <a target="_blank" href=Wed_Jan_13_16_16_45_IST_2021.jpg>Screenshot</a> <br> <br> <a target="_blank" href=Wed_Jan_13_16_16_45_IST_2021.jpg><img src=Wed_Jan_13_16_16_45_IST_2021.jpg height=200 width=200></img></a>  </system-out>
  <testcase name="verifySearchBox" time="0.053" classname="com.OSMOSE.testcases.JointUse_ts_allroles"/>
  <system-out>
Click to see Screenshot <a target="_blank" href=Wed_Jan_13_16_16_46_IST_2021.jpg>Screenshot</a> <br> <br> <a target="_blank" href=Wed_Jan_13_16_16_46_IST_2021.jpg><img src=Wed_Jan_13_16_16_46_IST_2021.jpg height=200 width=200></img></a>  </system-out>
  <testcase name="verifyRefreshBtn" time="0.047" classname="com.OSMOSE.testcases.JointUse_ts_allroles"/>
  <system-out>
Click to see Screenshot <a target="_blank" href=Wed_Jan_13_16_16_46_IST_2021.jpg>Screenshot</a> <br> <br> <a target="_blank" href=Wed_Jan_13_16_16_46_IST_2021.jpg><img src=Wed_Jan_13_16_16_46_IST_2021.jpg height=200 width=200></img></a>  </system-out>
  <testcase name="verifyRowsCount" time="0.090" classname="com.OSMOSE.testcases.JointUse_ts_allroles"/>
  <system-out>
Click to see Screenshot <a target="_blank" href=Wed_Jan_13_16_16_46_IST_2021.jpg>Screenshot</a> <br> <br> <a target="_blank" href=Wed_Jan_13_16_16_46_IST_2021.jpg><img src=Wed_Jan_13_16_16_46_IST_2021.jpg height=200 width=200></img></a>  </system-out>
  <testcase name="verifyColumns" time="2.170" classname="com.OSMOSE.testcases.JointUse_ts_allroles"/>
  <system-out>
Click to see Screenshot <a target="_blank" href=Wed_Jan_13_16_16_49_IST_2021.jpg>Screenshot</a> <br> <br> <a target="_blank" href=Wed_Jan_13_16_16_49_IST_2021.jpg><img src=Wed_Jan_13_16_16_49_IST_2021.jpg height=200 width=200></img></a>  </system-out>
  <testcase name="verifySelectAllFunctionality" time="2.365" classname="com.OSMOSE.testcases.JointUse_ts_allroles"/>
  <system-out>
Click to see Screenshot <a target="_blank" href=Wed_Jan_13_16_16_52_IST_2021.jpg>Screenshot</a> <br> <br> <a target="_blank" href=Wed_Jan_13_16_16_52_IST_2021.jpg><img src=Wed_Jan_13_16_16_52_IST_2021.jpg height=200 width=200></img></a>  </system-out>
  <testcase name="verifyAddWidgetClick" time="0.535" classname="com.OSMOSE.testcases.JointUse_ts_allroles"/>
  <system-out>
Click to see Screenshot <a target="_blank" href=Wed_Jan_13_16_16_53_IST_2021.jpg>Screenshot</a> <br> <br> <a target="_blank" href=Wed_Jan_13_16_16_53_IST_2021.jpg><img src=Wed_Jan_13_16_16_53_IST_2021.jpg height=200 width=200></img></a>  </system-out>
  <testcase name="verifyEditWidgetClick" time="0.373" classname="com.OSMOSE.testcases.JointUse_ts_allroles"/>
  <system-out>
Click to see Screenshot <a target="_blank" href=Wed_Jan_13_16_16_53_IST_2021.jpg>Screenshot</a> <br> <br> <a target="_blank" href=Wed_Jan_13_16_16_53_IST_2021.jpg><img src=Wed_Jan_13_16_16_53_IST_2021.jpg height=200 width=200></img></a>  </system-out>
  <testcase name="verifyApplicationApproval" time="22.587" classname="com.OSMOSE.testcases.JointUse_ts_allroles"/>
  <system-out>
Click to see Screenshot <a target="_blank" href=Wed_Jan_13_16_17_16_IST_2021.jpg>Screenshot</a> <br> <br> <a target="_blank" href=Wed_Jan_13_16_17_16_IST_2021.jpg><img src=Wed_Jan_13_16_17_16_IST_2021.jpg height=200 width=200></img></a>  </system-out>
  <testcase name="verifyApplicationMakeReadyConstructioncomplete" time="10.249" classname="com.OSMOSE.testcases.JointUse_ts_allroles"/>
  <system-out>
Click to see Screenshot <a target="_blank" href=Wed_Jan_13_16_17_27_IST_2021.jpg>Screenshot</a> <br> <br> <a target="_blank" href=Wed_Jan_13_16_17_27_IST_2021.jpg><img src=Wed_Jan_13_16_17_27_IST_2021.jpg height=200 width=200></img></a>  </system-out>
  <testcase name="verifyApplicationPostConstructionAuditComplete" time="14.255" classname="com.OSMOSE.testcases.JointUse_ts_allroles"/>
  <system-out>
Click to see Screenshot <a target="_blank" href=Wed_Jan_13_16_17_42_IST_2021.jpg>Screenshot</a> <br> <br> <a target="_blank" href=Wed_Jan_13_16_17_42_IST_2021.jpg><img src=Wed_Jan_13_16_17_42_IST_2021.jpg height=200 width=200></img></a>  </system-out>
</testsuite> <!-- com.OSMOSE.testcases.JointUse_ts_allroles -->
