<?xml version="1.0" encoding="UTF-8"?>
<!-- Generated by org.testng.reporters.JUnitReportReporter -->
<testsuite skipped="0" hostname="5CG6323N27" name="com.OSMOSE.testcases.Contact" tests="18" failures="2" timestamp="2020-08-24T19:46:52 IST" time="54.769" errors="0">
  <testcase name="verifyContactUsMenuContents" time="0.310" classname="com.OSMOSE.testcases.Contact"/>
  <system-out>
Click to see Screenshot <a target="_blank" href=Mon_Aug_24_19_45_47_IST_2020.jpg>Screenshot</a> <br> <br> <a target="_blank" href=Mon_Aug_24_19_45_47_IST_2020.jpg><img src=Mon_Aug_24_19_45_47_IST_2020.jpg height=200 width=200></img></a>  </system-out>
  <testcase name="verifyViewContactsHeaderContents" time="0.134" classname="com.OSMOSE.testcases.Contact">
    <failure type="java.lang.AssertionError" message="expected [Products Contacts] but found [Georgia Power Company Distribution Change Contacts]">
      <![CDATA[java.lang.AssertionError: expected [Products Contacts] but found [Georgia Power Company Distribution Change Contacts]
at org.testng.Assert.fail(Assert.java:97)
at org.testng.Assert.assertEqualsImpl(Assert.java:136)
at org.testng.Assert.assertEquals(Assert.java:118)
at org.testng.Assert.assertEquals(Assert.java:575)
at org.testng.Assert.assertEquals(Assert.java:585)
at com.OSMOSE.testcases.Contact.verifyViewContactsHeaderContents(Contact.java:28)
at sun.reflect.NativeMethodAccessorImpl.invoke0(Native Method)
at sun.reflect.NativeMethodAccessorImpl.invoke(Unknown Source)
at sun.reflect.DelegatingMethodAccessorImpl.invoke(Unknown Source)
at java.lang.reflect.Method.invoke(Unknown Source)
at org.testng.internal.MethodInvocationHelper.invokeMethod(MethodInvocationHelper.java:134)
at org.testng.internal.TestInvoker.invokeMethod(TestInvoker.java:597)
at org.testng.internal.TestInvoker.invokeTestMethod(TestInvoker.java:173)
at org.testng.internal.MethodRunner.runInSequence(MethodRunner.java:46)
at org.testng.internal.TestInvoker$MethodInvocationAgent.invoke(TestInvoker.java:816)
at org.testng.internal.TestInvoker.invokeTestMethods(TestInvoker.java:146)
at org.testng.internal.TestMethodWorker.invokeTestMethods(TestMethodWorker.java:146)
at org.testng.internal.TestMethodWorker.run(TestMethodWorker.java:128)
at java.util.ArrayList.forEach(Unknown Source)
at org.testng.TestRunner.privateRun(TestRunner.java:766)
at org.testng.TestRunner.run(TestRunner.java:587)
at org.testng.SuiteRunner.runTest(SuiteRunner.java:384)
at org.testng.SuiteRunner.runSequentially(SuiteRunner.java:378)
at org.testng.SuiteRunner.privateRun(SuiteRunner.java:337)
at org.testng.SuiteRunner.run(SuiteRunner.java:286)
at org.testng.SuiteRunnerWorker.runSuite(SuiteRunnerWorker.java:53)
at org.testng.SuiteRunnerWorker.run(SuiteRunnerWorker.java:96)
at org.testng.TestNG.runSuitesSequentially(TestNG.java:1187)
at org.testng.TestNG.runSuitesLocally(TestNG.java:1109)
at org.testng.TestNG.runSuites(TestNG.java:1039)
at org.testng.TestNG.run(TestNG.java:1007)
at org.testng.remote.AbstractRemoteTestNG.run(AbstractRemoteTestNG.java:115)
at org.testng.remote.RemoteTestNG.initAndRun(RemoteTestNG.java:251)
at org.testng.remote.RemoteTestNG.main(RemoteTestNG.java:77)
]]>
    </failure>
  </testcase> <!-- verifyViewContactsHeaderContents -->
  <system-out>
Click to see Screenshot <a target="_blank" href=Mon_Aug_24_19_45_48_IST_2020.jpg>Screenshot</a> <br> <br> <a target="_blank" href=Mon_Aug_24_19_45_48_IST_2020.jpg><img src=Mon_Aug_24_19_45_48_IST_2020.jpg height=200 width=200></img></a>  </system-out>
  <testcase name="verifyViewContactsContactCardContents" time="1.264" classname="com.OSMOSE.testcases.Contact">
    <failure type="java.lang.AssertionError" message="expected [Simth, John (Simth)] but found [Heartsill,Jason Shane]">
      <![CDATA[java.lang.AssertionError: expected [Simth, John (Simth)] but found [Heartsill,Jason Shane]
at org.testng.Assert.fail(Assert.java:97)
at org.testng.Assert.assertEqualsImpl(Assert.java:136)
at org.testng.Assert.assertEquals(Assert.java:118)
at org.testng.Assert.assertEquals(Assert.java:575)
at org.testng.Assert.assertEquals(Assert.java:585)
at com.OSMOSE.testcases.Contact.verifyViewContactsContactCardContents(Contact.java:37)
at sun.reflect.NativeMethodAccessorImpl.invoke0(Native Method)
at sun.reflect.NativeMethodAccessorImpl.invoke(Unknown Source)
at sun.reflect.DelegatingMethodAccessorImpl.invoke(Unknown Source)
at java.lang.reflect.Method.invoke(Unknown Source)
at org.testng.internal.MethodInvocationHelper.invokeMethod(MethodInvocationHelper.java:134)
at org.testng.internal.TestInvoker.invokeMethod(TestInvoker.java:597)
at org.testng.internal.TestInvoker.invokeTestMethod(TestInvoker.java:173)
at org.testng.internal.MethodRunner.runInSequence(MethodRunner.java:46)
at org.testng.internal.TestInvoker$MethodInvocationAgent.invoke(TestInvoker.java:816)
at org.testng.internal.TestInvoker.invokeTestMethods(TestInvoker.java:146)
at org.testng.internal.TestMethodWorker.invokeTestMethods(TestMethodWorker.java:146)
at org.testng.internal.TestMethodWorker.run(TestMethodWorker.java:128)
at java.util.ArrayList.forEach(Unknown Source)
at org.testng.TestRunner.privateRun(TestRunner.java:766)
at org.testng.TestRunner.run(TestRunner.java:587)
at org.testng.SuiteRunner.runTest(SuiteRunner.java:384)
at org.testng.SuiteRunner.runSequentially(SuiteRunner.java:378)
at org.testng.SuiteRunner.privateRun(SuiteRunner.java:337)
at org.testng.SuiteRunner.run(SuiteRunner.java:286)
at org.testng.SuiteRunnerWorker.runSuite(SuiteRunnerWorker.java:53)
at org.testng.SuiteRunnerWorker.run(SuiteRunnerWorker.java:96)
at org.testng.TestNG.runSuitesSequentially(TestNG.java:1187)
at org.testng.TestNG.runSuitesLocally(TestNG.java:1109)
at org.testng.TestNG.runSuites(TestNG.java:1039)
at org.testng.TestNG.run(TestNG.java:1007)
at org.testng.remote.AbstractRemoteTestNG.run(AbstractRemoteTestNG.java:115)
at org.testng.remote.RemoteTestNG.initAndRun(RemoteTestNG.java:251)
at org.testng.remote.RemoteTestNG.main(RemoteTestNG.java:77)
]]>
    </failure>
  </testcase> <!-- verifyViewContactsContactCardContents -->
  <system-out>
Click to see Screenshot <a target="_blank" href=Mon_Aug_24_19_45_49_IST_2020.jpg>Screenshot</a> <br> <br> <a target="_blank" href=Mon_Aug_24_19_45_49_IST_2020.jpg><img src=Mon_Aug_24_19_45_49_IST_2020.jpg height=200 width=200></img></a>  </system-out>
  <testcase name="verifyContactUsHeaderContents" time="0.292" classname="com.OSMOSE.testcases.Contact"/>
  <system-out>
Click to see Screenshot <a target="_blank" href=Mon_Aug_24_19_45_50_IST_2020.jpg>Screenshot</a> <br> <br> <a target="_blank" href=Mon_Aug_24_19_45_50_IST_2020.jpg><img src=Mon_Aug_24_19_45_50_IST_2020.jpg height=200 width=200></img></a>  </system-out>
  <testcase name="verifyClickOnBackButton" time="0.094" classname="com.OSMOSE.testcases.Contact"/>
  <system-out>
Click to see Screenshot <a target="_blank" href=Mon_Aug_24_19_45_51_IST_2020.jpg>Screenshot</a> <br> <br> <a target="_blank" href=Mon_Aug_24_19_45_51_IST_2020.jpg><img src=Mon_Aug_24_19_45_51_IST_2020.jpg height=200 width=200></img></a>  </system-out>
  <testcase name="verifyContactUsClickOnGoogleMap" time="31.126" classname="com.OSMOSE.testcases.Contact"/>
  <system-out>
Click to see Screenshot <a target="_blank" href=Mon_Aug_24_19_46_22_IST_2020.jpg>Screenshot</a> <br> <br> <a target="_blank" href=Mon_Aug_24_19_46_22_IST_2020.jpg><img src=Mon_Aug_24_19_46_22_IST_2020.jpg height=200 width=200></img></a>  </system-out>
  <testcase name="verifyContactUsGeneralInquiriesContents" time="0.096" classname="com.OSMOSE.testcases.Contact"/>
  <system-out>
Click to see Screenshot <a target="_blank" href=Mon_Aug_24_19_46_23_IST_2020.jpg>Screenshot</a> <br> <br> <a target="_blank" href=Mon_Aug_24_19_46_23_IST_2020.jpg><img src=Mon_Aug_24_19_46_23_IST_2020.jpg height=200 width=200></img></a>  </system-out>
  <testcase name="verifyContactUsSalesProductsContents" time="0.105" classname="com.OSMOSE.testcases.Contact"/>
  <system-out>
Click to see Screenshot <a target="_blank" href=Mon_Aug_24_19_46_23_IST_2020.jpg>Screenshot</a> <br> <br> <a target="_blank" href=Mon_Aug_24_19_46_23_IST_2020.jpg><img src=Mon_Aug_24_19_46_23_IST_2020.jpg height=200 width=200></img></a>  </system-out>
  <testcase name="verifyContactUsSalesServicesContents" time="0.080" classname="com.OSMOSE.testcases.Contact"/>
  <system-out>
Click to see Screenshot <a target="_blank" href=Mon_Aug_24_19_46_24_IST_2020.jpg>Screenshot</a> <br> <br> <a target="_blank" href=Mon_Aug_24_19_46_24_IST_2020.jpg><img src=Mon_Aug_24_19_46_24_IST_2020.jpg height=200 width=200></img></a>  </system-out>
  <testcase name="verifyContactUsOCalcProContents" time="0.088" classname="com.OSMOSE.testcases.Contact"/>
  <system-out>
Click to see Screenshot <a target="_blank" href=Mon_Aug_24_19_46_24_IST_2020.jpg>Screenshot</a> <br> <br> <a target="_blank" href=Mon_Aug_24_19_46_24_IST_2020.jpg><img src=Mon_Aug_24_19_46_24_IST_2020.jpg height=200 width=200></img></a>  </system-out>
  <testcase name="verifyContactUsQueryFormContents" time="0.106" classname="com.OSMOSE.testcases.Contact"/>
  <system-out>
Click to see Screenshot <a target="_blank" href=Mon_Aug_24_19_46_25_IST_2020.jpg>Screenshot</a> <br> <br> <a target="_blank" href=Mon_Aug_24_19_46_25_IST_2020.jpg><img src=Mon_Aug_24_19_46_25_IST_2020.jpg height=200 width=200></img></a>  </system-out>
  <testcase name="verifyFormSubmissionWith_RequestForInformation" time="4.200" classname="com.OSMOSE.testcases.Contact"/>
  <system-out>
Click to see Screenshot <a target="_blank" href=Mon_Aug_24_19_46_29_IST_2020.jpg>Screenshot</a> <br> <br> <a target="_blank" href=Mon_Aug_24_19_46_29_IST_2020.jpg><img src=Mon_Aug_24_19_46_29_IST_2020.jpg height=200 width=200></img></a>  </system-out>
  <testcase name="verifyFormSubmissionThankYouPopUp" time="11.921" classname="com.OSMOSE.testcases.Contact"/>
  <system-out>
Click to see Screenshot <a target="_blank" href=Mon_Aug_24_19_46_42_IST_2020.jpg>Screenshot</a> <br> <br> <a target="_blank" href=Mon_Aug_24_19_46_42_IST_2020.jpg><img src=Mon_Aug_24_19_46_42_IST_2020.jpg height=200 width=200></img></a>  </system-out>
  <testcase name="verifyFormSubmissionWith_ProjectSupport" time="2.193" classname="com.OSMOSE.testcases.Contact"/>
  <system-out>
Click to see Screenshot <a target="_blank" href=Mon_Aug_24_19_46_44_IST_2020.jpg>Screenshot</a> <br> <br> <a target="_blank" href=Mon_Aug_24_19_46_44_IST_2020.jpg><img src=Mon_Aug_24_19_46_44_IST_2020.jpg height=200 width=200></img></a>  </system-out>
  <testcase name="verifyFormSubmissionWith_TechnicalSupport" time="1.183" classname="com.OSMOSE.testcases.Contact"/>
  <system-out>
Click to see Screenshot <a target="_blank" href=Mon_Aug_24_19_46_46_IST_2020.jpg>Screenshot</a> <br> <br> <a target="_blank" href=Mon_Aug_24_19_46_46_IST_2020.jpg><img src=Mon_Aug_24_19_46_46_IST_2020.jpg height=200 width=200></img></a>  </system-out>
  <testcase name="verifyFormSubmissionWith_Other" time="1.390" classname="com.OSMOSE.testcases.Contact"/>
  <system-out>
Click to see Screenshot <a target="_blank" href=Mon_Aug_24_19_46_48_IST_2020.jpg>Screenshot</a> <br> <br> <a target="_blank" href=Mon_Aug_24_19_46_48_IST_2020.jpg><img src=Mon_Aug_24_19_46_48_IST_2020.jpg height=200 width=200></img></a>  </system-out>
  <testcase name="verifyFormSubmissionErrorMessage" time="0.065" classname="com.OSMOSE.testcases.Contact"/>
  <system-out>
Click to see Screenshot <a target="_blank" href=Mon_Aug_24_19_46_48_IST_2020.jpg>Screenshot</a> <br> <br> <a target="_blank" href=Mon_Aug_24_19_46_48_IST_2020.jpg><img src=Mon_Aug_24_19_46_48_IST_2020.jpg height=200 width=200></img></a>  </system-out>
  <testcase name="verifyPresenceOfProjectGroupMenu" time="0.122" classname="com.OSMOSE.testcases.Contact"/>
  <system-out>
Click to see Screenshot <a target="_blank" href=Mon_Aug_24_19_46_49_IST_2020.jpg>Screenshot</a> <br> <br> <a target="_blank" href=Mon_Aug_24_19_46_49_IST_2020.jpg><img src=Mon_Aug_24_19_46_49_IST_2020.jpg height=200 width=200></img></a>  </system-out>
</testsuite> <!-- com.OSMOSE.testcases.Contact -->
