<?xml version="1.0" encoding="UTF-8"?>
<!-- Generated by org.testng.reporters.JUnitReportReporter -->
<testsuite skipped="3" hostname="5CG6323N27" name="com.OSMOSE.testcases.Product" tests="88" failures="0" timestamp="2020-08-11T10:28:35 IST" time="1980.692" errors="0">
  <testcase name="verifyTheProductLink" time="3.747" classname="com.OSMOSE.testcases.Product"/>
  <system-out>
Click to see Screenshot <a target="_blank" href=Tue_Aug_11_09_53_44_IST_2020.jpg>Screenshot</a> <br> <br> <a target="_blank" href=Tue_Aug_11_09_53_44_IST_2020.jpg><img src=Tue_Aug_11_09_53_44_IST_2020.jpg height=200 width=200></img></a>  </system-out>
  <testcase name="searchElementPresent" time="50.107" classname="com.OSMOSE.testcases.Product"/>
  <system-out>
Click to see Screenshot <a target="_blank" href=Tue_Aug_11_09_54_35_IST_2020.jpg>Screenshot</a> <br> <br> <a target="_blank" href=Tue_Aug_11_09_54_35_IST_2020.jpg><img src=Tue_Aug_11_09_54_35_IST_2020.jpg height=200 width=200></img></a>  </system-out>
  <testcase name="catalogElementPresent" time="0.035" classname="com.OSMOSE.testcases.Product"/>
  <system-out>
Click to see Screenshot <a target="_blank" href=Tue_Aug_11_09_54_36_IST_2020.jpg>Screenshot</a> <br> <br> <a target="_blank" href=Tue_Aug_11_09_54_36_IST_2020.jpg><img src=Tue_Aug_11_09_54_36_IST_2020.jpg height=200 width=200></img></a>  </system-out>
  <testcase name="openMyQuotesElementPresent" time="0.030" classname="com.OSMOSE.testcases.Product"/>
  <system-out>
Click to see Screenshot <a target="_blank" href=Tue_Aug_11_09_54_36_IST_2020.jpg>Screenshot</a> <br> <br> <a target="_blank" href=Tue_Aug_11_09_54_36_IST_2020.jpg><img src=Tue_Aug_11_09_54_36_IST_2020.jpg height=200 width=200></img></a>  </system-out>
  <testcase name="shoppingCartElementPresent" time="0.057" classname="com.OSMOSE.testcases.Product"/>
  <system-out>
Click to see Screenshot <a target="_blank" href=Tue_Aug_11_09_54_37_IST_2020.jpg>Screenshot</a> <br> <br> <a target="_blank" href=Tue_Aug_11_09_54_37_IST_2020.jpg><img src=Tue_Aug_11_09_54_37_IST_2020.jpg height=200 width=200></img></a>  </system-out>
  <testcase name="adminElementPresent" time="0.040" classname="com.OSMOSE.testcases.Product"/>
  <system-out>
Click to see Screenshot <a target="_blank" href=Tue_Aug_11_09_54_37_IST_2020.jpg>Screenshot</a> <br> <br> <a target="_blank" href=Tue_Aug_11_09_54_37_IST_2020.jpg><img src=Tue_Aug_11_09_54_37_IST_2020.jpg height=200 width=200></img></a>  </system-out>
  <testcase name="viewDetailsElementPresent" time="0.031" classname="com.OSMOSE.testcases.Product"/>
  <system-out>
Click to see Screenshot <a target="_blank" href=Tue_Aug_11_09_54_38_IST_2020.jpg>Screenshot</a> <br> <br> <a target="_blank" href=Tue_Aug_11_09_54_38_IST_2020.jpg><img src=Tue_Aug_11_09_54_38_IST_2020.jpg height=200 width=200></img></a>  </system-out>
  <testcase name="allSixProductPresent" time="0.041" classname="com.OSMOSE.testcases.Product"/>
  <system-out>
Click to see Screenshot <a target="_blank" href=Tue_Aug_11_09_54_38_IST_2020.jpg>Screenshot</a> <br> <br> <a target="_blank" href=Tue_Aug_11_09_54_38_IST_2020.jpg><img src=Tue_Aug_11_09_54_38_IST_2020.jpg height=200 width=200></img></a>  </system-out>
  <testcase name="sliderItemPresent" time="0.090" classname="com.OSMOSE.testcases.Product"/>
  <system-out>
Click to see Screenshot <a target="_blank" href=Tue_Aug_11_09_54_39_IST_2020.jpg>Screenshot</a> <br> <br> <a target="_blank" href=Tue_Aug_11_09_54_39_IST_2020.jpg><img src=Tue_Aug_11_09_54_39_IST_2020.jpg height=200 width=200></img></a>  </system-out>
  <testcase name="verifyCategoryFilter" time="50.029" classname="com.OSMOSE.testcases.Product"/>
  <system-out>
Click to see Screenshot <a target="_blank" href=Tue_Aug_11_09_55_29_IST_2020.jpg>Screenshot</a> <br> <br> <a target="_blank" href=Tue_Aug_11_09_55_29_IST_2020.jpg><img src=Tue_Aug_11_09_55_29_IST_2020.jpg height=200 width=200></img></a>  </system-out>
  <testcase name="VerifyFPImageClick" time="52.075" classname="com.OSMOSE.testcases.Product"/>
  <system-out>
Click to see Screenshot <a target="_blank" href=Tue_Aug_11_09_56_22_IST_2020.jpg>Screenshot</a> <br> <br> <a target="_blank" href=Tue_Aug_11_09_56_22_IST_2020.jpg><img src=Tue_Aug_11_09_56_22_IST_2020.jpg height=200 width=200></img></a>  </system-out>
  <testcase name="verifyViewDetail" time="8.612" classname="com.OSMOSE.testcases.Product"/>
  <system-out>
Click to see Screenshot <a target="_blank" href=Tue_Aug_11_09_56_31_IST_2020.jpg>Screenshot</a> <br> <br> <a target="_blank" href=Tue_Aug_11_09_56_31_IST_2020.jpg><img src=Tue_Aug_11_09_56_31_IST_2020.jpg height=200 width=200></img></a>  </system-out>
  <testcase name="VerifyProductclick" time="15.063" classname="com.OSMOSE.testcases.Product"/>
  <system-out>
Click to see Screenshot <a target="_blank" href=Tue_Aug_11_09_56_47_IST_2020.jpg>Screenshot</a> <br> <br> <a target="_blank" href=Tue_Aug_11_09_56_47_IST_2020.jpg><img src=Tue_Aug_11_09_56_47_IST_2020.jpg height=200 width=200></img></a>  </system-out>
  <testcase name="AddQuantityandverifyCellNumber" time="19.372" classname="com.OSMOSE.testcases.Product"/>
  <system-out>
Click to see Screenshot <a target="_blank" href=Tue_Aug_11_09_57_07_IST_2020.jpg>Screenshot</a> <br> <br> <a target="_blank" href=Tue_Aug_11_09_57_07_IST_2020.jpg><img src=Tue_Aug_11_09_57_07_IST_2020.jpg height=200 width=200></img></a>  </system-out>
  <testcase name="FeaturedProductPoleRestoration" time="15.167" classname="com.OSMOSE.testcases.Product"/>
  <system-out>
Click to see Screenshot <a target="_blank" href=Tue_Aug_11_09_57_23_IST_2020.jpg>Screenshot</a> <br> <br> <a target="_blank" href=Tue_Aug_11_09_57_23_IST_2020.jpg><img src=Tue_Aug_11_09_57_23_IST_2020.jpg height=200 width=200></img></a>  </system-out>
  <testcase name="verifyTheSearchfirstname" time="14.087" classname="com.OSMOSE.testcases.Product"/>
  <system-out>
Click to see Screenshot <a target="_blank" href=Tue_Aug_11_09_57_37_IST_2020.jpg>Screenshot</a> <br> <br> <a target="_blank" href=Tue_Aug_11_09_57_37_IST_2020.jpg><img src=Tue_Aug_11_09_57_37_IST_2020.jpg height=200 width=200></img></a>  </system-out>
  <testcase name="verifyTheSearchFullname" time="12.727" classname="com.OSMOSE.testcases.Product"/>
  <system-out>
Click to see Screenshot <a target="_blank" href=Tue_Aug_11_09_57_51_IST_2020.jpg>Screenshot</a> <br> <br> <a target="_blank" href=Tue_Aug_11_09_57_51_IST_2020.jpg><img src=Tue_Aug_11_09_57_51_IST_2020.jpg height=200 width=200></img></a>  </system-out>
  <testcase name="verifyTheSearchOneAlphabet" time="22.693" classname="com.OSMOSE.testcases.Product"/>
  <system-out>
Click to see Screenshot <a target="_blank" href=Tue_Aug_11_09_58_14_IST_2020.jpg>Screenshot</a> <br> <br> <a target="_blank" href=Tue_Aug_11_09_58_14_IST_2020.jpg><img src=Tue_Aug_11_09_58_14_IST_2020.jpg height=200 width=200></img></a>  </system-out>
  <testcase name="verifyTheSearchCrossButton" time="14.669" classname="com.OSMOSE.testcases.Product"/>
  <system-out>
Click to see Screenshot <a target="_blank" href=Tue_Aug_11_09_58_29_IST_2020.jpg>Screenshot</a> <br> <br> <a target="_blank" href=Tue_Aug_11_09_58_29_IST_2020.jpg><img src=Tue_Aug_11_09_58_29_IST_2020.jpg height=200 width=200></img></a>  </system-out>
  <testcase name="verifyTheValidationmessage" time="13.720" classname="com.OSMOSE.testcases.Product"/>
  <system-out>
Click to see Screenshot <a target="_blank" href=Tue_Aug_11_09_58_43_IST_2020.jpg>Screenshot</a> <br> <br> <a target="_blank" href=Tue_Aug_11_09_58_43_IST_2020.jpg><img src=Tue_Aug_11_09_58_43_IST_2020.jpg height=200 width=200></img></a>  </system-out>
  <testcase name="ReturnPolicy" time="11.409" classname="com.OSMOSE.testcases.Product"/>
  <system-out>
Click to see Screenshot <a target="_blank" href=Tue_Aug_11_09_58_55_IST_2020.jpg>Screenshot</a> <br> <br> <a target="_blank" href=Tue_Aug_11_09_58_55_IST_2020.jpg><img src=Tue_Aug_11_09_58_55_IST_2020.jpg height=200 width=200></img></a>  </system-out>
  <testcase name="verifyAddShoppingCarttext" time="18.626" classname="com.OSMOSE.testcases.Product"/>
  <system-out>
Click to see Screenshot <a target="_blank" href=Tue_Aug_11_09_59_15_IST_2020.jpg>Screenshot</a> <br> <br> <a target="_blank" href=Tue_Aug_11_09_59_15_IST_2020.jpg><img src=Tue_Aug_11_09_59_15_IST_2020.jpg height=200 width=200></img></a>  </system-out>
  <testcase name="AddShoppingCart" time="6.326" classname="com.OSMOSE.testcases.Product"/>
  <system-out>
Click to see Screenshot <a target="_blank" href=Tue_Aug_11_09_59_22_IST_2020.jpg>Screenshot</a> <br> <br> <a target="_blank" href=Tue_Aug_11_09_59_22_IST_2020.jpg><img src=Tue_Aug_11_09_59_22_IST_2020.jpg height=200 width=200></img></a>  </system-out>
  <testcase name="VerifyCrossicononhoppingCart" time="1.102" classname="com.OSMOSE.testcases.Product"/>
  <system-out>
Click to see Screenshot <a target="_blank" href=Tue_Aug_11_09_59_23_IST_2020.jpg>Screenshot</a> <br> <br> <a target="_blank" href=Tue_Aug_11_09_59_23_IST_2020.jpg><img src=Tue_Aug_11_09_59_23_IST_2020.jpg height=200 width=200></img></a>  </system-out>
  <testcase name="VerifyCrossicononhoppingCart_Differentitem" time="11.227" classname="com.OSMOSE.testcases.Product"/>
  <system-out>
Click to see Screenshot <a target="_blank" href=Tue_Aug_11_09_59_35_IST_2020.jpg>Screenshot</a> <br> <br> <a target="_blank" href=Tue_Aug_11_09_59_35_IST_2020.jpg><img src=Tue_Aug_11_09_59_35_IST_2020.jpg height=200 width=200></img></a>  </system-out>
  <testcase name="VerifyAddShopping_Sameitem" time="9.079" classname="com.OSMOSE.testcases.Product"/>
  <system-out>
Click to see Screenshot <a target="_blank" href=Tue_Aug_11_09_59_44_IST_2020.jpg>Screenshot</a> <br> <br> <a target="_blank" href=Tue_Aug_11_09_59_44_IST_2020.jpg><img src=Tue_Aug_11_09_59_44_IST_2020.jpg height=200 width=200></img></a>  </system-out>
  <testcase name="DeleteQuanityinShoppingCart" time="6.073" classname="com.OSMOSE.testcases.Product"/>
  <system-out>
Click to see Screenshot <a target="_blank" href=Tue_Aug_11_09_59_51_IST_2020.jpg>Screenshot</a> <br> <br> <a target="_blank" href=Tue_Aug_11_09_59_51_IST_2020.jpg><img src=Tue_Aug_11_09_59_51_IST_2020.jpg height=200 width=200></img></a>  </system-out>
  <testcase name="UpdateIncreaseQuanityinShoppingCart" time="13.242" classname="com.OSMOSE.testcases.Product"/>
  <system-out>
Click to see Screenshot <a target="_blank" href=Tue_Aug_11_10_00_05_IST_2020.jpg>Screenshot</a> <br> <br> <a target="_blank" href=Tue_Aug_11_10_00_05_IST_2020.jpg><img src=Tue_Aug_11_10_00_05_IST_2020.jpg height=200 width=200></img></a>  </system-out>
  <testcase name="UpdateDecreaseQuanityinShoppingCart" time="58.508" classname="com.OSMOSE.testcases.Product"/>
  <system-out>
Click to see Screenshot <a target="_blank" href=Tue_Aug_11_10_01_04_IST_2020.jpg>Screenshot</a> <br> <br> <a target="_blank" href=Tue_Aug_11_10_01_04_IST_2020.jpg><img src=Tue_Aug_11_10_01_04_IST_2020.jpg height=200 width=200></img></a>  </system-out>
  <testcase name="CreateQuote" time="8.769" classname="com.OSMOSE.testcases.Product"/>
  <system-out>
Click to see Screenshot <a target="_blank" href=Tue_Aug_11_10_01_14_IST_2020.jpg>Screenshot</a> <br> <br> <a target="_blank" href=Tue_Aug_11_10_01_14_IST_2020.jpg><img src=Tue_Aug_11_10_01_14_IST_2020.jpg height=200 width=200></img></a>  </system-out>
  <testcase name="CreateQuote_Comments" time="9.152" classname="com.OSMOSE.testcases.Product"/>
  <system-out>
Click to see Screenshot <a target="_blank" href=Tue_Aug_11_10_01_23_IST_2020.jpg>Screenshot</a> <br> <br> <a target="_blank" href=Tue_Aug_11_10_01_23_IST_2020.jpg><img src=Tue_Aug_11_10_01_23_IST_2020.jpg height=200 width=200></img></a>  </system-out>
  <testcase name="CreateQuote_ZipCode" time="8.823" classname="com.OSMOSE.testcases.Product"/>
  <system-out>
Click to see Screenshot <a target="_blank" href=Tue_Aug_11_10_01_33_IST_2020.jpg>Screenshot</a> <br> <br> <a target="_blank" href=Tue_Aug_11_10_01_33_IST_2020.jpg><img src=Tue_Aug_11_10_01_33_IST_2020.jpg height=200 width=200></img></a>  </system-out>
  <testcase name="CreateQuote_Attachment" time="12.612" classname="com.OSMOSE.testcases.Product"/>
  <system-out>
Click to see Screenshot <a target="_blank" href=Tue_Aug_11_10_01_46_IST_2020.jpg>Screenshot</a> <br> <br> <a target="_blank" href=Tue_Aug_11_10_01_46_IST_2020.jpg><img src=Tue_Aug_11_10_01_46_IST_2020.jpg height=200 width=200></img></a>  </system-out>
  <testcase name="ClickShoppingCartIcon" time="24.391" classname="com.OSMOSE.testcases.Product"/>
  <system-out>
Click to see Screenshot <a target="_blank" href=Tue_Aug_11_10_02_11_IST_2020.jpg>Screenshot</a> <br> <br> <a target="_blank" href=Tue_Aug_11_10_02_11_IST_2020.jpg><img src=Tue_Aug_11_10_02_11_IST_2020.jpg height=200 width=200></img></a>  </system-out>
  <testcase name="ClickShoppingViewCartbutton" time="18.258" classname="com.OSMOSE.testcases.Product"/>
  <system-out>
Click to see Screenshot <a target="_blank" href=Tue_Aug_11_10_02_29_IST_2020.jpg>Screenshot</a> <br> <br> <a target="_blank" href=Tue_Aug_11_10_02_29_IST_2020.jpg><img src=Tue_Aug_11_10_02_29_IST_2020.jpg height=200 width=200></img></a>  </system-out>
  <testcase name="ClickShoppingSubmitCartbutton" time="10.170" classname="com.OSMOSE.testcases.Product"/>
  <system-out>
Click to see Screenshot <a target="_blank" href=Tue_Aug_11_10_02_40_IST_2020.jpg>Screenshot</a> <br> <br> <a target="_blank" href=Tue_Aug_11_10_02_40_IST_2020.jpg><img src=Tue_Aug_11_10_02_40_IST_2020.jpg height=200 width=200></img></a>  </system-out>
  <testcase name="verifyUpdatedQuantityOnOverlay" time="12.288" classname="com.OSMOSE.testcases.Product"/>
  <system-out>
Click to see Screenshot <a target="_blank" href=Tue_Aug_11_10_02_53_IST_2020.jpg>Screenshot</a> <br> <br> <a target="_blank" href=Tue_Aug_11_10_02_53_IST_2020.jpg><img src=Tue_Aug_11_10_02_53_IST_2020.jpg height=200 width=200></img></a>  </system-out>
  <testcase name="MyQuotes_96421" time="8.010" classname="com.OSMOSE.testcases.Product"/>
  <system-out>
Click to see Screenshot <a target="_blank" href=Tue_Aug_11_10_03_02_IST_2020.jpg>Screenshot</a> <br> <br> <a target="_blank" href=Tue_Aug_11_10_03_02_IST_2020.jpg><img src=Tue_Aug_11_10_03_02_IST_2020.jpg height=200 width=200></img></a>  </system-out>
  <testcase name="verifyStatusFilterAll" time="28.275" classname="com.OSMOSE.testcases.Product"/>
  <system-out>
Click to see Screenshot <a target="_blank" href=Tue_Aug_11_10_03_31_IST_2020.jpg>Screenshot</a> <br> <br> <a target="_blank" href=Tue_Aug_11_10_03_31_IST_2020.jpg><img src=Tue_Aug_11_10_03_31_IST_2020.jpg height=200 width=200></img></a>  </system-out>
  <testcase name="verifyStatusFilterExpired" time="38.481" classname="com.OSMOSE.testcases.Product"/>
  <system-out>
Click to see Screenshot <a target="_blank" href=Tue_Aug_11_10_04_10_IST_2020.jpg>Screenshot</a> <br> <br> <a target="_blank" href=Tue_Aug_11_10_04_10_IST_2020.jpg><img src=Tue_Aug_11_10_04_10_IST_2020.jpg height=200 width=200></img></a>  </system-out>
  <testcase name="verifyStatusFilterOrdered" time="42.822" classname="com.OSMOSE.testcases.Product"/>
  <system-out>
Click to see Screenshot <a target="_blank" href=Tue_Aug_11_10_04_54_IST_2020.jpg>Screenshot</a> <br> <br> <a target="_blank" href=Tue_Aug_11_10_04_54_IST_2020.jpg><img src=Tue_Aug_11_10_04_54_IST_2020.jpg height=200 width=200></img></a>  </system-out>
  <testcase name="verifyStatusFilterQuoted" time="42.388" classname="com.OSMOSE.testcases.Product"/>
  <system-out>
Click to see Screenshot <a target="_blank" href=Tue_Aug_11_10_05_37_IST_2020.jpg>Screenshot</a> <br> <br> <a target="_blank" href=Tue_Aug_11_10_05_37_IST_2020.jpg><img src=Tue_Aug_11_10_05_37_IST_2020.jpg height=200 width=200></img></a>  </system-out>
  <testcase name="verifyStatusFilterQuotePending" time="43.246" classname="com.OSMOSE.testcases.Product"/>
  <system-out>
Click to see Screenshot <a target="_blank" href=Tue_Aug_11_10_06_21_IST_2020.jpg>Screenshot</a> <br> <br> <a target="_blank" href=Tue_Aug_11_10_06_21_IST_2020.jpg><img src=Tue_Aug_11_10_06_21_IST_2020.jpg height=200 width=200></img></a>  </system-out>
  <testcase name="verifyStatusFilterCancelled" time="42.888" classname="com.OSMOSE.testcases.Product"/>
  <system-out>
Click to see Screenshot <a target="_blank" href=Tue_Aug_11_10_07_05_IST_2020.jpg>Screenshot</a> <br> <br> <a target="_blank" href=Tue_Aug_11_10_07_05_IST_2020.jpg><img src=Tue_Aug_11_10_07_05_IST_2020.jpg height=200 width=200></img></a>  </system-out>
  <testcase name="verifyStatusFilterOrderRequested" time="38.298" classname="com.OSMOSE.testcases.Product"/>
  <system-out>
Click to see Screenshot <a target="_blank" href=Tue_Aug_11_10_07_45_IST_2020.jpg>Screenshot</a> <br> <br> <a target="_blank" href=Tue_Aug_11_10_07_45_IST_2020.jpg><img src=Tue_Aug_11_10_07_45_IST_2020.jpg height=200 width=200></img></a>  </system-out>
  <testcase name="SortBydd" time="9.877" classname="com.OSMOSE.testcases.Product"/>
  <system-out>
Click to see Screenshot <a target="_blank" href=Tue_Aug_11_10_07_55_IST_2020.jpg>Screenshot</a> <br> <br> <a target="_blank" href=Tue_Aug_11_10_07_55_IST_2020.jpg><img src=Tue_Aug_11_10_07_55_IST_2020.jpg height=200 width=200></img></a>  </system-out>
  <testcase name="HomepageCarticon" time="16.009" classname="com.OSMOSE.testcases.Product"/>
  <system-out>
Click to see Screenshot <a target="_blank" href=Tue_Aug_11_10_08_12_IST_2020.jpg>Screenshot</a> <br> <br> <a target="_blank" href=Tue_Aug_11_10_08_12_IST_2020.jpg><img src=Tue_Aug_11_10_08_12_IST_2020.jpg height=200 width=200></img></a>  </system-out>
  <testcase name="ClickManageQuotesLink" time="4.247" classname="com.OSMOSE.testcases.Product"/>
  <system-out>
Click to see Screenshot <a target="_blank" href=Tue_Aug_11_10_08_17_IST_2020.jpg>Screenshot</a> <br> <br> <a target="_blank" href=Tue_Aug_11_10_08_17_IST_2020.jpg><img src=Tue_Aug_11_10_08_17_IST_2020.jpg height=200 width=200></img></a>  </system-out>
  <testcase name="VerifyUIonClickQuoteID" time="4.878" classname="com.OSMOSE.testcases.Product"/>
  <system-out>
Click to see Screenshot <a target="_blank" href=Tue_Aug_11_10_08_22_IST_2020.jpg>Screenshot</a> <br> <br> <a target="_blank" href=Tue_Aug_11_10_08_22_IST_2020.jpg><img src=Tue_Aug_11_10_08_22_IST_2020.jpg height=200 width=200></img></a>  </system-out>
  <testcase name="SubmitQuotewithOrderedstatus" time="9.470" classname="com.OSMOSE.testcases.Product"/>
  <system-out>
Click to see Screenshot <a target="_blank" href=Tue_Aug_11_10_08_32_IST_2020.jpg>Screenshot</a> <br> <br> <a target="_blank" href=Tue_Aug_11_10_08_32_IST_2020.jpg><img src=Tue_Aug_11_10_08_32_IST_2020.jpg height=200 width=200></img></a>  </system-out>
  <testcase name="SubmitQuotewithQuotePendingstatus" time="19.612" classname="com.OSMOSE.testcases.Product"/>
  <system-out>
Click to see Screenshot <a target="_blank" href=Tue_Aug_11_10_08_52_IST_2020.jpg>Screenshot</a> <br> <br> <a target="_blank" href=Tue_Aug_11_10_08_52_IST_2020.jpg><img src=Tue_Aug_11_10_08_52_IST_2020.jpg height=200 width=200></img></a>  </system-out>
  <testcase name="SubmitQuotewithMoreThan20mbFile" time="28.719" classname="com.OSMOSE.testcases.Product"/>
  <system-out>
Click to see Screenshot <a target="_blank" href=Tue_Aug_11_10_09_22_IST_2020.jpg>Screenshot</a> <br> <br> <a target="_blank" href=Tue_Aug_11_10_09_22_IST_2020.jpg><img src=Tue_Aug_11_10_09_22_IST_2020.jpg height=200 width=200></img></a>  </system-out>
  <testcase name="SubmitQuotewithInvalidFileType" time="26.234" classname="com.OSMOSE.testcases.Product"/>
  <system-out>
Click to see Screenshot <a target="_blank" href=Tue_Aug_11_10_09_48_IST_2020.jpg>Screenshot</a> <br> <br> <a target="_blank" href=Tue_Aug_11_10_09_48_IST_2020.jpg><img src=Tue_Aug_11_10_09_48_IST_2020.jpg height=200 width=200></img></a>  </system-out>
  <testcase name="SubmitQuotewithQuoteCancelledstatus" time="13.430" classname="com.OSMOSE.testcases.Product"/>
  <system-out>
Click to see Screenshot <a target="_blank" href=Tue_Aug_11_10_10_02_IST_2020.jpg>Screenshot</a> <br> <br> <a target="_blank" href=Tue_Aug_11_10_10_02_IST_2020.jpg><img src=Tue_Aug_11_10_10_02_IST_2020.jpg height=200 width=200></img></a>  </system-out>
  <testcase name="SubmitQuotewithQuotedstatus" time="32.965" classname="com.OSMOSE.testcases.Product"/>
  <system-out>
Click to see Screenshot <a target="_blank" href=Tue_Aug_11_10_10_36_IST_2020.jpg>Screenshot</a> <br> <br> <a target="_blank" href=Tue_Aug_11_10_10_36_IST_2020.jpg><img src=Tue_Aug_11_10_10_36_IST_2020.jpg height=200 width=200></img></a>  </system-out>
  <testcase name="SubmitQuotewithOrderRequestedstatus" time="10.081" classname="com.OSMOSE.testcases.Product"/>
  <system-out>
Click to see Screenshot <a target="_blank" href=Tue_Aug_11_10_10_46_IST_2020.jpg>Screenshot</a> <br> <br> <a target="_blank" href=Tue_Aug_11_10_10_46_IST_2020.jpg><img src=Tue_Aug_11_10_10_46_IST_2020.jpg height=200 width=200></img></a>  </system-out>
  <testcase name="SubmitQuotewithExpiredstatus" time="9.775" classname="com.OSMOSE.testcases.Product"/>
  <system-out>
Click to see Screenshot <a target="_blank" href=Tue_Aug_11_10_10_57_IST_2020.jpg>Screenshot</a> <br> <br> <a target="_blank" href=Tue_Aug_11_10_10_57_IST_2020.jpg><img src=Tue_Aug_11_10_10_57_IST_2020.jpg height=200 width=200></img></a>  </system-out>
  <testcase name="ClickManageProducts" time="2.566" classname="com.OSMOSE.testcases.Product"/>
  <system-out>
Click to see Screenshot <a target="_blank" href=Tue_Aug_11_10_11_00_IST_2020.jpg>Screenshot</a> <br> <br> <a target="_blank" href=Tue_Aug_11_10_11_00_IST_2020.jpg><img src=Tue_Aug_11_10_11_00_IST_2020.jpg height=200 width=200></img></a>  </system-out>
  <testcase name="ClickDownloadProducts" time="7.775" classname="com.OSMOSE.testcases.Product"/>
  <system-out>
Click to see Screenshot <a target="_blank" href=Tue_Aug_11_10_11_08_IST_2020.jpg>Screenshot</a> <br> <br> <a target="_blank" href=Tue_Aug_11_10_11_08_IST_2020.jpg><img src=Tue_Aug_11_10_11_08_IST_2020.jpg height=200 width=200></img></a>  </system-out>
  <testcase name="ClickProductsinReview" time="2.360" classname="com.OSMOSE.testcases.Product"/>
  <system-out>
Click to see Screenshot <a target="_blank" href=Tue_Aug_11_10_11_11_IST_2020.jpg>Screenshot</a> <br> <br> <a target="_blank" href=Tue_Aug_11_10_11_11_IST_2020.jpg><img src=Tue_Aug_11_10_11_11_IST_2020.jpg height=200 width=200></img></a>  </system-out>
  <testcase name="ClickReview" time="8.250" classname="com.OSMOSE.testcases.Product"/>
  <system-out>
Click to see Screenshot <a target="_blank" href=Tue_Aug_11_10_11_20_IST_2020.jpg>Screenshot</a> <br> <br> <a target="_blank" href=Tue_Aug_11_10_11_20_IST_2020.jpg><img src=Tue_Aug_11_10_11_20_IST_2020.jpg height=200 width=200></img></a>  </system-out>
  <testcase name="ClickApprove" time="10.245" classname="com.OSMOSE.testcases.Product"/>
  <system-out>
Click to see Screenshot <a target="_blank" href=Tue_Aug_11_10_11_30_IST_2020.jpg>Screenshot</a> <br> <br> <a target="_blank" href=Tue_Aug_11_10_11_30_IST_2020.jpg><img src=Tue_Aug_11_10_11_30_IST_2020.jpg height=200 width=200></img></a>  </system-out>
  <testcase name="ClickReject" time="9.869" classname="com.OSMOSE.testcases.Product"/>
  <system-out>
Click to see Screenshot <a target="_blank" href=Tue_Aug_11_10_11_41_IST_2020.jpg>Screenshot</a> <br> <br> <a target="_blank" href=Tue_Aug_11_10_11_41_IST_2020.jpg><img src=Tue_Aug_11_10_11_41_IST_2020.jpg height=200 width=200></img></a>  </system-out>
  <testcase name="ClickUploadProducts" time="10.930" classname="com.OSMOSE.testcases.Product"/>
  <system-out>
Click to see Screenshot <a target="_blank" href=Tue_Aug_11_10_11_52_IST_2020.jpg>Screenshot</a> <br> <br> <a target="_blank" href=Tue_Aug_11_10_11_52_IST_2020.jpg><img src=Tue_Aug_11_10_11_52_IST_2020.jpg height=200 width=200></img></a>  </system-out>
  <testcase name="ClickDictionaryLink" time="41.562" classname="com.OSMOSE.testcases.Product"/>
  <system-out>
Click to see Screenshot <a target="_blank" href=Tue_Aug_11_10_12_35_IST_2020.jpg>Screenshot</a> <br> <br> <a target="_blank" href=Tue_Aug_11_10_12_35_IST_2020.jpg><img src=Tue_Aug_11_10_12_35_IST_2020.jpg height=200 width=200></img></a>  </system-out>
  <testcase name="VerifyUIonApprove" time="120.549" classname="com.OSMOSE.testcases.Product"/>
  <system-out>
Click to see Screenshot <a target="_blank" href=Tue_Aug_11_10_14_36_IST_2020.jpg>Screenshot</a> <br> <br> <a target="_blank" href=Tue_Aug_11_10_14_36_IST_2020.jpg><img src=Tue_Aug_11_10_14_36_IST_2020.jpg height=200 width=200></img></a>  </system-out>
  <testcase name="VerifyApprovebtndisabled" time="124.012" classname="com.OSMOSE.testcases.Product"/>
  <system-out>
Click to see Screenshot <a target="_blank" href=Tue_Aug_11_10_16_41_IST_2020.jpg>Screenshot</a> <br> <br> <a target="_blank" href=Tue_Aug_11_10_16_41_IST_2020.jpg><img src=Tue_Aug_11_10_16_41_IST_2020.jpg height=200 width=200></img></a>  </system-out>
  <testcase name="verifyThankyouPopup" time="132.584" classname="com.OSMOSE.testcases.Product"/>
  <system-out>
Click to see Screenshot <a target="_blank" href=Tue_Aug_11_10_18_54_IST_2020.jpg>Screenshot</a> <br> <br> <a target="_blank" href=Tue_Aug_11_10_18_54_IST_2020.jpg><img src=Tue_Aug_11_10_18_54_IST_2020.jpg height=200 width=200></img></a>  </system-out>
  <testcase name="verifyCancelwhileREQuoting" time="61.546" classname="com.OSMOSE.testcases.Product"/>
  <system-out>
Click to see Screenshot <a target="_blank" href=Tue_Aug_11_10_19_56_IST_2020.jpg>Screenshot</a> <br> <br> <a target="_blank" href=Tue_Aug_11_10_19_56_IST_2020.jpg><img src=Tue_Aug_11_10_19_56_IST_2020.jpg height=200 width=200></img></a>  </system-out>
  <testcase name="verifySubmitwhileREQuoting" time="84.344" classname="com.OSMOSE.testcases.Product"/>
  <system-out>
Click to see Screenshot <a target="_blank" href=Tue_Aug_11_10_21_21_IST_2020.jpg>Screenshot</a> <br> <br> <a target="_blank" href=Tue_Aug_11_10_21_21_IST_2020.jpg><img src=Tue_Aug_11_10_21_21_IST_2020.jpg height=200 width=200></img></a>  </system-out>
  <testcase name="verifyAddToCartWhileReQuoting" time="96.424" classname="com.OSMOSE.testcases.Product"/>
  <system-out>
Click to see Screenshot <a target="_blank" href=Tue_Aug_11_10_22_58_IST_2020.jpg>Screenshot</a> <br> <br> <a target="_blank" href=Tue_Aug_11_10_22_58_IST_2020.jpg><img src=Tue_Aug_11_10_22_58_IST_2020.jpg height=200 width=200></img></a>  </system-out>
  <testcase name="verifyExclamationOnMyQuotes" time="21.063" classname="com.OSMOSE.testcases.Product"/>
  <system-out>
Click to see Screenshot <a target="_blank" href=Tue_Aug_11_10_23_20_IST_2020.jpg>Screenshot</a> <br> <br> <a target="_blank" href=Tue_Aug_11_10_23_20_IST_2020.jpg><img src=Tue_Aug_11_10_23_20_IST_2020.jpg height=200 width=200></img></a>  </system-out>
  <testcase name="VerifyShoppingAddbtndisabled" time="41.754" classname="com.OSMOSE.testcases.Product"/>
  <system-out>
Click to see Screenshot <a target="_blank" href=Tue_Aug_11_10_24_02_IST_2020.jpg>Screenshot</a> <br> <br> <a target="_blank" href=Tue_Aug_11_10_24_02_IST_2020.jpg><img src=Tue_Aug_11_10_24_02_IST_2020.jpg height=200 width=200></img></a>  </system-out>
  <testcase name="VerifyShoppingCarrtAddbtnDisabledclearqty" time="6.160" classname="com.OSMOSE.testcases.Product"/>
  <system-out>
Click to see Screenshot <a target="_blank" href=Tue_Aug_11_10_24_09_IST_2020.jpg>Screenshot</a> <br> <br> <a target="_blank" href=Tue_Aug_11_10_24_09_IST_2020.jpg><img src=Tue_Aug_11_10_24_09_IST_2020.jpg height=200 width=200></img></a>  </system-out>
  <testcase name="verifyCartIconCount" time="17.527" classname="com.OSMOSE.testcases.Product"/>
  <system-out>
Click to see Screenshot <a target="_blank" href=Tue_Aug_11_10_24_27_IST_2020.jpg>Screenshot</a> <br> <br> <a target="_blank" href=Tue_Aug_11_10_24_27_IST_2020.jpg><img src=Tue_Aug_11_10_24_27_IST_2020.jpg height=200 width=200></img></a>  </system-out>
  <testcase name="VerifyShoppingCarrtMinMaxqty" time="14.973" classname="com.OSMOSE.testcases.Product"/>
  <system-out>
Click to see Screenshot <a target="_blank" href=Tue_Aug_11_10_24_42_IST_2020.jpg>Screenshot</a> <br> <br> <a target="_blank" href=Tue_Aug_11_10_24_42_IST_2020.jpg><img src=Tue_Aug_11_10_24_42_IST_2020.jpg height=200 width=200></img></a>  </system-out>
  <testcase name="GoBack" time="16.294" classname="com.OSMOSE.testcases.Product"/>
  <system-out>
Click to see Screenshot <a target="_blank" href=Tue_Aug_11_10_24_59_IST_2020.jpg>Screenshot</a> <br> <br> <a target="_blank" href=Tue_Aug_11_10_24_59_IST_2020.jpg><img src=Tue_Aug_11_10_24_59_IST_2020.jpg height=200 width=200></img></a>  </system-out>
  <testcase name="CreateQuote_MultipleAttachment" time="45.146" classname="com.OSMOSE.testcases.Product"/>
  <system-out>
Click to see Screenshot <a target="_blank" href=Tue_Aug_11_10_25_45_IST_2020.jpg>Screenshot</a> <br> <br> <a target="_blank" href=Tue_Aug_11_10_25_45_IST_2020.jpg><img src=Tue_Aug_11_10_25_45_IST_2020.jpg height=200 width=200></img></a>  </system-out>
  <testcase name="CreateQuote_UpdateeAttachment" time="10.818" classname="com.OSMOSE.testcases.Product"/>
  <system-out>
Click to see Screenshot <a target="_blank" href=Tue_Aug_11_10_25_56_IST_2020.jpg>Screenshot</a> <br> <br> <a target="_blank" href=Tue_Aug_11_10_25_56_IST_2020.jpg><img src=Tue_Aug_11_10_25_56_IST_2020.jpg height=200 width=200></img></a>  </system-out>
  <testcase name="SubmitQuotewithoutFile" time="18.756" classname="com.OSMOSE.testcases.Product"/>
  <system-out>
Click to see Screenshot <a target="_blank" href=Tue_Aug_11_10_26_15_IST_2020.jpg>Screenshot</a> <br> <br> <a target="_blank" href=Tue_Aug_11_10_26_15_IST_2020.jpg><img src=Tue_Aug_11_10_26_15_IST_2020.jpg height=200 width=200></img></a>  </system-out>
  <testcase name="VerifyAddingRelatedProductsToShoppingCart" time="17.884" classname="com.OSMOSE.testcases.Product"/>
  <system-out>
Click to see Screenshot <a target="_blank" href=Tue_Aug_11_10_26_34_IST_2020.jpg>Screenshot</a> <br> <br> <a target="_blank" href=Tue_Aug_11_10_26_34_IST_2020.jpg><img src=Tue_Aug_11_10_26_34_IST_2020.jpg height=200 width=200></img></a>  </system-out>
  <testcase name="VerifyTooltipForSizeDropDown" time="7.486" classname="com.OSMOSE.testcases.Product"/>
  <system-out>
Click to see Screenshot <a target="_blank" href=Tue_Aug_11_10_26_42_IST_2020.jpg>Screenshot</a> <br> <br> <a target="_blank" href=Tue_Aug_11_10_26_42_IST_2020.jpg><img src=Tue_Aug_11_10_26_42_IST_2020.jpg height=200 width=200></img></a>  </system-out>
  <testcase name="UpdateChangeProductAddToShoppingCart" time="23.616" classname="com.OSMOSE.testcases.Product"/>
  <system-out>
Click to see Screenshot <a target="_blank" href=Tue_Aug_11_10_27_06_IST_2020.jpg>Screenshot</a> <br> <br> <a target="_blank" href=Tue_Aug_11_10_27_06_IST_2020.jpg><img src=Tue_Aug_11_10_27_06_IST_2020.jpg height=200 width=200></img></a>  </system-out>
  <testcase name="verifyDeleteProductOnOverlay" time="9.077" classname="com.OSMOSE.testcases.Product"/>
  <system-out>
Click to see Screenshot <a target="_blank" href=Tue_Aug_11_10_27_15_IST_2020.jpg>Screenshot</a> <br> <br> <a target="_blank" href=Tue_Aug_11_10_27_15_IST_2020.jpg><img src=Tue_Aug_11_10_27_15_IST_2020.jpg height=200 width=200></img></a>  </system-out>
  <testcase name="MyQuotesComments_Collapse" time="14.970" classname="com.OSMOSE.testcases.Product"/>
  <system-out>
Click to see Screenshot <a target="_blank" href=Tue_Aug_11_10_27_31_IST_2020.jpg>Screenshot</a> <br> <br> <a target="_blank" href=Tue_Aug_11_10_27_31_IST_2020.jpg><img src=Tue_Aug_11_10_27_31_IST_2020.jpg height=200 width=200></img></a>  </system-out>
  <testcase name="verifyTheSearch" classname="com.OSMOSE.testcases.Product">
    <skipped/>
  </testcase> <!-- verifyTheSearch -->
  <system-out/>
  <testcase name="SubmitQuotewithNegativeExpireDays" classname="com.OSMOSE.testcases.Product">
    <skipped/>
  </testcase> <!-- SubmitQuotewithNegativeExpireDays -->
  <system-out/>
  <testcase name="verifyTheProductCart" classname="com.OSMOSE.testcases.Product">
    <skipped/>
  </testcase> <!-- verifyTheProductCart -->
  <system-out/>
</testsuite> <!-- com.OSMOSE.testcases.Product -->
