<?xml version="1.0" encoding="UTF-8"?>
<!-- Generated by org.testng.reporters.JUnitReportReporter -->
<testsuite skipped="5" hostname="5CG6323N27" name="com.OSMOSE.testcases.OULogin" tests="20" failures="0" timestamp="2020-07-09T20:54:16 IST" time="179.646" errors="0">
  <testcase name="loginTest" time="19.099" classname="com.OSMOSE.testcases.OULogin"/>
  <system-out>
Click to see Screenshot <a target="_blank" href=Thu_Jul_09_20_44_53_IST_2020.jpg>Screenshot</a> <br> <br> <a target="_blank" href=Thu_Jul_09_20_44_53_IST_2020.jpg><img src=Thu_Jul_09_20_44_53_IST_2020.jpg height=200 width=200></img></a>  </system-out>
  <testcase name="verifyOUCard" time="2.748" classname="com.OSMOSE.testcases.OULogin"/>
  <system-out>
Click to see Screenshot <a target="_blank" href=Thu_Jul_09_20_44_57_IST_2020.jpg>Screenshot</a> <br> <br> <a target="_blank" href=Thu_Jul_09_20_44_57_IST_2020.jpg><img src=Thu_Jul_09_20_44_57_IST_2020.jpg height=200 width=200></img></a>  </system-out>
  <testcase name="verifyProductCard" time="0.156" classname="com.OSMOSE.testcases.OULogin"/>
  <system-out>
Click to see Screenshot <a target="_blank" href=Thu_Jul_09_20_44_58_IST_2020.jpg>Screenshot</a> <br> <br> <a target="_blank" href=Thu_Jul_09_20_44_58_IST_2020.jpg><img src=Thu_Jul_09_20_44_58_IST_2020.jpg height=200 width=200></img></a>  </system-out>
  <testcase name="verifyHyperlinks" time="0.153" classname="com.OSMOSE.testcases.OULogin"/>
  <system-out>
Click to see Screenshot <a target="_blank" href=Thu_Jul_09_20_44_58_IST_2020.jpg>Screenshot</a> <br> <br> <a target="_blank" href=Thu_Jul_09_20_44_58_IST_2020.jpg><img src=Thu_Jul_09_20_44_58_IST_2020.jpg height=200 width=200></img></a>  </system-out>
  <testcase name="verifyVideoLinks" time="0.100" classname="com.OSMOSE.testcases.OULogin"/>
  <system-out>
Click to see Screenshot <a target="_blank" href=Thu_Jul_09_20_44_59_IST_2020.jpg>Screenshot</a> <br> <br> <a target="_blank" href=Thu_Jul_09_20_44_59_IST_2020.jpg><img src=Thu_Jul_09_20_44_59_IST_2020.jpg height=200 width=200></img></a>  </system-out>
  <testcase name="verifyLiveEventCLick" time="12.435" classname="com.OSMOSE.testcases.OULogin"/>
  <system-out>
Click to see Screenshot <a target="_blank" href=Thu_Jul_09_20_45_12_IST_2020.jpg>Screenshot</a> <br> <br> <a target="_blank" href=Thu_Jul_09_20_45_12_IST_2020.jpg><img src=Thu_Jul_09_20_45_12_IST_2020.jpg height=200 width=200></img></a>  </system-out>
  <testcase name="verifyWebinarsClick" time="42.022" classname="com.OSMOSE.testcases.OULogin"/>
  <system-out>
Click to see Screenshot <a target="_blank" href=Thu_Jul_09_20_45_54_IST_2020.jpg>Screenshot</a> <br> <br> <a target="_blank" href=Thu_Jul_09_20_45_54_IST_2020.jpg><img src=Thu_Jul_09_20_45_54_IST_2020.jpg height=200 width=200></img></a>  </system-out>
  <testcase name="verifyOCalcClick" time="12.411" classname="com.OSMOSE.testcases.OULogin"/>
  <system-out>
Click to see Screenshot <a target="_blank" href=Thu_Jul_09_20_46_08_IST_2020.jpg>Screenshot</a> <br> <br> <a target="_blank" href=Thu_Jul_09_20_46_08_IST_2020.jpg><img src=Thu_Jul_09_20_46_08_IST_2020.jpg height=200 width=200></img></a>  </system-out>
  <testcase name="clickOnOuLink" time="12.432" classname="com.OSMOSE.testcases.OULogin"/>
  <system-out>
Click to see Screenshot <a target="_blank" href=Thu_Jul_09_20_46_21_IST_2020.jpg>Screenshot</a> <br> <br> <a target="_blank" href=Thu_Jul_09_20_46_21_IST_2020.jpg><img src=Thu_Jul_09_20_46_21_IST_2020.jpg height=200 width=200></img></a>  </system-out>
  <testcase name="verifyLiveEventsSTS" time="13.052" classname="com.OSMOSE.testcases.OULogin"/>
  <system-out>
Click to see Screenshot <a target="_blank" href=Thu_Jul_09_20_46_34_IST_2020.jpg>Screenshot</a> <br> <br> <a target="_blank" href=Thu_Jul_09_20_46_34_IST_2020.jpg><img src=Thu_Jul_09_20_46_34_IST_2020.jpg height=200 width=200></img></a>  </system-out>
  <testcase name="verifyLiveEventsJUS" time="12.994" classname="com.OSMOSE.testcases.OULogin"/>
  <system-out>
Click to see Screenshot <a target="_blank" href=Thu_Jul_09_20_46_48_IST_2020.jpg>Screenshot</a> <br> <br> <a target="_blank" href=Thu_Jul_09_20_46_48_IST_2020.jpg><img src=Thu_Jul_09_20_46_48_IST_2020.jpg height=200 width=200></img></a>  </system-out>
  <testcase name="verifyLiveEventsWPTS" time="13.102" classname="com.OSMOSE.testcases.OULogin"/>
  <system-out>
Click to see Screenshot <a target="_blank" href=Thu_Jul_09_20_47_02_IST_2020.jpg>Screenshot</a> <br> <br> <a target="_blank" href=Thu_Jul_09_20_47_02_IST_2020.jpg><img src=Thu_Jul_09_20_47_02_IST_2020.jpg height=200 width=200></img></a>  </system-out>
  <testcase name="verifyDETAILSANDREGISTRATION" time="13.532" classname="com.OSMOSE.testcases.OULogin"/>
  <system-out>
Click to see Screenshot <a target="_blank" href=Thu_Jul_09_20_47_16_IST_2020.jpg>Screenshot</a> <br> <br> <a target="_blank" href=Thu_Jul_09_20_47_16_IST_2020.jpg><img src=Thu_Jul_09_20_47_16_IST_2020.jpg height=200 width=200></img></a>  </system-out>
  <testcase name="verifyClickingTheWebinars" time="12.213" classname="com.OSMOSE.testcases.OULogin"/>
  <system-out>
Click to see Screenshot <a target="_blank" href=Thu_Jul_09_20_47_29_IST_2020.jpg>Screenshot</a> <br> <br> <a target="_blank" href=Thu_Jul_09_20_47_29_IST_2020.jpg><img src=Thu_Jul_09_20_47_29_IST_2020.jpg height=200 width=200></img></a>  </system-out>
  <testcase name="verifyOClacTrainingButton" time="13.197" classname="com.OSMOSE.testcases.OULogin"/>
  <system-out>
Click to see Screenshot <a target="_blank" href=Thu_Jul_09_20_47_42_IST_2020.jpg>Screenshot</a> <br> <br> <a target="_blank" href=Thu_Jul_09_20_47_42_IST_2020.jpg><img src=Thu_Jul_09_20_47_42_IST_2020.jpg height=200 width=200></img></a>  </system-out>
  <testcase name="verifyContactAndStray" classname="com.OSMOSE.testcases.OULogin">
    <skipped/>
  </testcase> <!-- verifyContactAndStray -->
  <system-out/>
  <testcase name="verifySteelStructuresProtected" classname="com.OSMOSE.testcases.OULogin">
    <skipped/>
  </testcase> <!-- verifySteelStructuresProtected -->
  <system-out/>
  <testcase name="steelStructuresProtectedMOREINFOREGISTRATION" classname="com.OSMOSE.testcases.OULogin">
    <skipped/>
  </testcase> <!-- steelStructuresProtectedMOREINFOREGISTRATION -->
  <system-out/>
  <testcase name="verifyUpcomingWebinarsPage" classname="com.OSMOSE.testcases.OULogin">
    <skipped/>
  </testcase> <!-- verifyUpcomingWebinarsPage -->
  <system-out/>
  <testcase name="ContactAndStrayMOREINFOREGISTRATION" classname="com.OSMOSE.testcases.OULogin">
    <skipped/>
  </testcase> <!-- ContactAndStrayMOREINFOREGISTRATION -->
  <system-out/>
</testsuite> <!-- com.OSMOSE.testcases.OULogin -->
