<?xml version="1.0" encoding="UTF-8"?>
<!-- Generated by org.testng.reporters.JUnitReportReporter -->
<testsuite skipped="0" hostname="5CG6323N27" name="com.OSMOSE.testcases.Contact" tests="16" failures="0" timestamp="2020-08-06T16:57:53 IST" time="52.328" errors="0">
  <testcase name="verifyContactUsMenuContents" time="0.271" classname="com.OSMOSE.testcases.Contact"/>
  <system-out>
Click to see Screenshot <a target="_blank" href=Thu_Aug_06_16_56_51_IST_2020.jpg>Screenshot</a> <br> <br> <a target="_blank" href=Thu_Aug_06_16_56_51_IST_2020.jpg><img src=Thu_Aug_06_16_56_51_IST_2020.jpg height=200 width=200></img></a>  </system-out>
  <testcase name="verifyViewContactsHeaderContents" time="0.135" classname="com.OSMOSE.testcases.Contact"/>
  <system-out>
Click to see Screenshot <a target="_blank" href=Thu_Aug_06_16_56_52_IST_2020.jpg>Screenshot</a> <br> <br> <a target="_blank" href=Thu_Aug_06_16_56_52_IST_2020.jpg><img src=Thu_Aug_06_16_56_52_IST_2020.jpg height=200 width=200></img></a>  </system-out>
  <testcase name="verifyViewContactsContactCardContents" time="0.158" classname="com.OSMOSE.testcases.Contact"/>
  <system-out>
Click to see Screenshot <a target="_blank" href=Thu_Aug_06_16_56_52_IST_2020.jpg>Screenshot</a> <br> <br> <a target="_blank" href=Thu_Aug_06_16_56_52_IST_2020.jpg><img src=Thu_Aug_06_16_56_52_IST_2020.jpg height=200 width=200></img></a>  </system-out>
  <testcase name="verifyContactUsHeaderContents" time="0.240" classname="com.OSMOSE.testcases.Contact"/>
  <system-out>
Click to see Screenshot <a target="_blank" href=Thu_Aug_06_16_56_53_IST_2020.jpg>Screenshot</a> <br> <br> <a target="_blank" href=Thu_Aug_06_16_56_53_IST_2020.jpg><img src=Thu_Aug_06_16_56_53_IST_2020.jpg height=200 width=200></img></a>  </system-out>
  <testcase name="verifyClickOnBackButton" time="0.087" classname="com.OSMOSE.testcases.Contact"/>
  <system-out>
Click to see Screenshot <a target="_blank" href=Thu_Aug_06_16_56_53_IST_2020.jpg>Screenshot</a> <br> <br> <a target="_blank" href=Thu_Aug_06_16_56_53_IST_2020.jpg><img src=Thu_Aug_06_16_56_53_IST_2020.jpg height=200 width=200></img></a>  </system-out>
  <testcase name="verifyContactUsClickOnGoogleMap" time="31.352" classname="com.OSMOSE.testcases.Contact"/>
  <system-out>
Click to see Screenshot <a target="_blank" href=Thu_Aug_06_16_57_25_IST_2020.jpg>Screenshot</a> <br> <br> <a target="_blank" href=Thu_Aug_06_16_57_25_IST_2020.jpg><img src=Thu_Aug_06_16_57_25_IST_2020.jpg height=200 width=200></img></a>  </system-out>
  <testcase name="verifyContactUsGeneralInquiriesContents" time="0.051" classname="com.OSMOSE.testcases.Contact"/>
  <system-out>
Click to see Screenshot <a target="_blank" href=Thu_Aug_06_16_57_26_IST_2020.jpg>Screenshot</a> <br> <br> <a target="_blank" href=Thu_Aug_06_16_57_26_IST_2020.jpg><img src=Thu_Aug_06_16_57_26_IST_2020.jpg height=200 width=200></img></a>  </system-out>
  <testcase name="verifyContactUsSalesProductsContents" time="0.075" classname="com.OSMOSE.testcases.Contact"/>
  <system-out>
Click to see Screenshot <a target="_blank" href=Thu_Aug_06_16_57_26_IST_2020.jpg>Screenshot</a> <br> <br> <a target="_blank" href=Thu_Aug_06_16_57_26_IST_2020.jpg><img src=Thu_Aug_06_16_57_26_IST_2020.jpg height=200 width=200></img></a>  </system-out>
  <testcase name="verifyContactUsSalesServicesContents" time="0.087" classname="com.OSMOSE.testcases.Contact"/>
  <system-out>
Click to see Screenshot <a target="_blank" href=Thu_Aug_06_16_57_27_IST_2020.jpg>Screenshot</a> <br> <br> <a target="_blank" href=Thu_Aug_06_16_57_27_IST_2020.jpg><img src=Thu_Aug_06_16_57_27_IST_2020.jpg height=200 width=200></img></a>  </system-out>
  <testcase name="verifyContactUsOCalcProContents" time="0.075" classname="com.OSMOSE.testcases.Contact"/>
  <system-out>
Click to see Screenshot <a target="_blank" href=Thu_Aug_06_16_57_27_IST_2020.jpg>Screenshot</a> <br> <br> <a target="_blank" href=Thu_Aug_06_16_57_27_IST_2020.jpg><img src=Thu_Aug_06_16_57_27_IST_2020.jpg height=200 width=200></img></a>  </system-out>
  <testcase name="verifyContactUsQueryFormContents" time="0.110" classname="com.OSMOSE.testcases.Contact"/>
  <system-out>
Click to see Screenshot <a target="_blank" href=Thu_Aug_06_16_57_28_IST_2020.jpg>Screenshot</a> <br> <br> <a target="_blank" href=Thu_Aug_06_16_57_28_IST_2020.jpg><img src=Thu_Aug_06_16_57_28_IST_2020.jpg height=200 width=200></img></a>  </system-out>
  <testcase name="verifyFormSubmissionWith_RequestForInformation" time="2.613" classname="com.OSMOSE.testcases.Contact"/>
  <system-out>
Click to see Screenshot <a target="_blank" href=Thu_Aug_06_16_57_31_IST_2020.jpg>Screenshot</a> <br> <br> <a target="_blank" href=Thu_Aug_06_16_57_31_IST_2020.jpg><img src=Thu_Aug_06_16_57_31_IST_2020.jpg height=200 width=200></img></a>  </system-out>
  <testcase name="verifyFormSubmissionThankYouPopUp" time="12.115" classname="com.OSMOSE.testcases.Contact"/>
  <system-out>
Click to see Screenshot <a target="_blank" href=Thu_Aug_06_16_57_43_IST_2020.jpg>Screenshot</a> <br> <br> <a target="_blank" href=Thu_Aug_06_16_57_43_IST_2020.jpg><img src=Thu_Aug_06_16_57_43_IST_2020.jpg height=200 width=200></img></a>  </system-out>
  <testcase name="verifyFormSubmissionWith_ProjectSupport" time="2.134" classname="com.OSMOSE.testcases.Contact"/>
  <system-out>
Click to see Screenshot <a target="_blank" href=Thu_Aug_06_16_57_46_IST_2020.jpg>Screenshot</a> <br> <br> <a target="_blank" href=Thu_Aug_06_16_57_46_IST_2020.jpg><img src=Thu_Aug_06_16_57_46_IST_2020.jpg height=200 width=200></img></a>  </system-out>
  <testcase name="verifyFormSubmissionWith_TechnicalSupport" time="1.505" classname="com.OSMOSE.testcases.Contact"/>
  <system-out>
Click to see Screenshot <a target="_blank" href=Thu_Aug_06_16_57_48_IST_2020.jpg>Screenshot</a> <br> <br> <a target="_blank" href=Thu_Aug_06_16_57_48_IST_2020.jpg><img src=Thu_Aug_06_16_57_48_IST_2020.jpg height=200 width=200></img></a>  </system-out>
  <testcase name="verifyFormSubmissionWith_Other" time="1.320" classname="com.OSMOSE.testcases.Contact"/>
  <system-out>
Click to see Screenshot <a target="_blank" href=Thu_Aug_06_16_57_49_IST_2020.jpg>Screenshot</a> <br> <br> <a target="_blank" href=Thu_Aug_06_16_57_49_IST_2020.jpg><img src=Thu_Aug_06_16_57_49_IST_2020.jpg height=200 width=200></img></a>  </system-out>
</testsuite> <!-- com.OSMOSE.testcases.Contact -->
