<?xml version="1.0" encoding="UTF-8"?>
<!-- Generated by org.testng.reporters.JUnitReportReporter -->
<testsuite skipped="4" hostname="5CG6323N27" name="com.OSMOSE.testcases.OsmoseServices" tests="29" failures="0" timestamp="2020-11-10T16:17:10 IST" time="373.640" errors="0">
  <testcase name="verifyMyOsmoseServicesCardClick" time="11.106" classname="com.OSMOSE.testcases.OsmoseServices"/>
  <system-out>
Click to see Screenshot <a target="_blank" href=Tue_Nov_10_16_10_51_IST_2020.jpg>Screenshot</a> <br> <br> <a target="_blank" href=Tue_Nov_10_16_10_51_IST_2020.jpg><img src=Tue_Nov_10_16_10_51_IST_2020.jpg height=200 width=200></img></a>  </system-out>
  <testcase name="verifyWoodInspectionandTreatmentLearnMoreClick" time="12.594" classname="com.OSMOSE.testcases.OsmoseServices"/>
  <system-out>
Click to see Screenshot <a target="_blank" href=Tue_Nov_10_16_11_04_IST_2020.jpg>Screenshot</a> <br> <br> <a target="_blank" href=Tue_Nov_10_16_11_04_IST_2020.jpg><img src=Tue_Nov_10_16_11_04_IST_2020.jpg height=200 width=200></img></a>  </system-out>
  <testcase name="verifyWoodRestorationLearnMoreClick" time="5.245" classname="com.OSMOSE.testcases.OsmoseServices"/>
  <system-out>
Click to see Screenshot <a target="_blank" href=Tue_Nov_10_16_11_09_IST_2020.jpg>Screenshot</a> <br> <br> <a target="_blank" href=Tue_Nov_10_16_11_09_IST_2020.jpg><img src=Tue_Nov_10_16_11_09_IST_2020.jpg height=200 width=200></img></a>  </system-out>
  <testcase name="verifyOcalcProLearnMoreClick" time="5.206" classname="com.OSMOSE.testcases.OsmoseServices"/>
  <system-out>
Click to see Screenshot <a target="_blank" href=Tue_Nov_10_16_11_15_IST_2020.jpg>Screenshot</a> <br> <br> <a target="_blank" href=Tue_Nov_10_16_11_15_IST_2020.jpg><img src=Tue_Nov_10_16_11_15_IST_2020.jpg height=200 width=200></img></a>  </system-out>
  <testcase name="verifySteelandConcreteAssessmentLearnMoreClick" time="5.210" classname="com.OSMOSE.testcases.OsmoseServices"/>
  <system-out>
Click to see Screenshot <a target="_blank" href=Tue_Nov_10_16_11_21_IST_2020.jpg>Screenshot</a> <br> <br> <a target="_blank" href=Tue_Nov_10_16_11_21_IST_2020.jpg><img src=Tue_Nov_10_16_11_21_IST_2020.jpg height=200 width=200></img></a>  </system-out>
  <testcase name="verifySteelandConcreteRestorationLearnMoreClick" time="5.253" classname="com.OSMOSE.testcases.OsmoseServices"/>
  <system-out>
Click to see Screenshot <a target="_blank" href=Tue_Nov_10_16_11_27_IST_2020.jpg>Screenshot</a> <br> <br> <a target="_blank" href=Tue_Nov_10_16_11_27_IST_2020.jpg><img src=Tue_Nov_10_16_11_27_IST_2020.jpg height=200 width=200></img></a>  </system-out>
  <testcase name="verifyOverheadLearnMoreClick" time="5.320" classname="com.OSMOSE.testcases.OsmoseServices"/>
  <system-out>
Click to see Screenshot <a target="_blank" href=Tue_Nov_10_16_11_32_IST_2020.jpg>Screenshot</a> <br> <br> <a target="_blank" href=Tue_Nov_10_16_11_32_IST_2020.jpg><img src=Tue_Nov_10_16_11_32_IST_2020.jpg height=200 width=200></img></a>  </system-out>
  <testcase name="verifyUndergroundLearnMoreClick" time="5.216" classname="com.OSMOSE.testcases.OsmoseServices"/>
  <system-out>
Click to see Screenshot <a target="_blank" href=Tue_Nov_10_16_11_38_IST_2020.jpg>Screenshot</a> <br> <br> <a target="_blank" href=Tue_Nov_10_16_11_38_IST_2020.jpg><img src=Tue_Nov_10_16_11_38_IST_2020.jpg height=200 width=200></img></a>  </system-out>
  <testcase name="verifyJointUseLearnMoreClick" time="5.203" classname="com.OSMOSE.testcases.OsmoseServices"/>
  <system-out>
Click to see Screenshot <a target="_blank" href=Tue_Nov_10_16_11_44_IST_2020.jpg>Screenshot</a> <br> <br> <a target="_blank" href=Tue_Nov_10_16_11_44_IST_2020.jpg><img src=Tue_Nov_10_16_11_44_IST_2020.jpg height=200 width=200></img></a>  </system-out>
  <testcase name="verifyStrayVoltageLearnMoreClick" time="5.238" classname="com.OSMOSE.testcases.OsmoseServices"/>
  <system-out>
Click to see Screenshot <a target="_blank" href=Tue_Nov_10_16_11_50_IST_2020.jpg>Screenshot</a> <br> <br> <a target="_blank" href=Tue_Nov_10_16_11_50_IST_2020.jpg><img src=Tue_Nov_10_16_11_50_IST_2020.jpg height=200 width=200></img></a>  </system-out>
  <testcase name="verifyEngineeringServicesLearnMoreClick" time="5.239" classname="com.OSMOSE.testcases.OsmoseServices"/>
  <system-out>
Click to see Screenshot <a target="_blank" href=Tue_Nov_10_16_11_55_IST_2020.jpg>Screenshot</a> <br> <br> <a target="_blank" href=Tue_Nov_10_16_11_55_IST_2020.jpg><img src=Tue_Nov_10_16_11_55_IST_2020.jpg height=200 width=200></img></a>  </system-out>
  <testcase name="verifyStormServiceLearnMoreClick" time="5.200" classname="com.OSMOSE.testcases.OsmoseServices"/>
  <system-out>
Click to see Screenshot <a target="_blank" href=Tue_Nov_10_16_12_01_IST_2020.jpg>Screenshot</a> <br> <br> <a target="_blank" href=Tue_Nov_10_16_12_01_IST_2020.jpg><img src=Tue_Nov_10_16_12_01_IST_2020.jpg height=200 width=200></img></a>  </system-out>
  <testcase name="VerifyProductclick" time="42.223" classname="com.OSMOSE.testcases.OsmoseServices"/>
  <system-out>
Click to see Screenshot <a target="_blank" href=Tue_Nov_10_16_12_44_IST_2020.jpg>Screenshot</a> <br> <br> <a target="_blank" href=Tue_Nov_10_16_12_44_IST_2020.jpg><img src=Tue_Nov_10_16_12_44_IST_2020.jpg height=200 width=200></img></a>  </system-out>
  <testcase name="VerifyWoodInspectionAndTreatmentclick" time="27.614" classname="com.OSMOSE.testcases.OsmoseServices"/>
  <system-out>
Click to see Screenshot <a target="_blank" href=Tue_Nov_10_16_13_12_IST_2020.jpg>Screenshot</a> <br> <br> <a target="_blank" href=Tue_Nov_10_16_13_12_IST_2020.jpg><img src=Tue_Nov_10_16_13_12_IST_2020.jpg height=200 width=200></img></a>  </system-out>
  <testcase name="verifyClickonWoodTreatmentVideos" time="30.773" classname="com.OSMOSE.testcases.OsmoseServices"/>
  <system-out>
Click to see Screenshot <a target="_blank" href=Tue_Nov_10_16_13_43_IST_2020.jpg>Screenshot</a> <br> <br> <a target="_blank" href=Tue_Nov_10_16_13_43_IST_2020.jpg><img src=Tue_Nov_10_16_13_43_IST_2020.jpg height=200 width=200></img></a>  </system-out>
  <testcase name="verifyClickonWoodTreatmentProjectProfiles" time="20.560" classname="com.OSMOSE.testcases.OsmoseServices"/>
  <system-out>
Click to see Screenshot <a target="_blank" href=Tue_Nov_10_16_14_04_IST_2020.jpg>Screenshot</a> <br> <br> <a target="_blank" href=Tue_Nov_10_16_14_04_IST_2020.jpg><img src=Tue_Nov_10_16_14_04_IST_2020.jpg height=200 width=200></img></a>  </system-out>
  <testcase name="verifyClickonWoodTreatmentMAP" time="20.535" classname="com.OSMOSE.testcases.OsmoseServices"/>
  <system-out>
Click to see Screenshot <a target="_blank" href=Tue_Nov_10_16_14_25_IST_2020.jpg>Screenshot</a> <br> <br> <a target="_blank" href=Tue_Nov_10_16_14_25_IST_2020.jpg><img src=Tue_Nov_10_16_14_25_IST_2020.jpg height=200 width=200></img></a>  </system-out>
  <testcase name="VerifyWoodRestorationclick" time="17.672" classname="com.OSMOSE.testcases.OsmoseServices"/>
  <system-out>
Click to see Screenshot <a target="_blank" href=Tue_Nov_10_16_14_43_IST_2020.jpg>Screenshot</a> <br> <br> <a target="_blank" href=Tue_Nov_10_16_14_43_IST_2020.jpg><img src=Tue_Nov_10_16_14_43_IST_2020.jpg height=200 width=200></img></a>  </system-out>
  <testcase name="verifyClickonWoodRestorationVideos" time="27.554" classname="com.OSMOSE.testcases.OsmoseServices"/>
  <system-out>
Click to see Screenshot <a target="_blank" href=Tue_Nov_10_16_15_11_IST_2020.jpg>Screenshot</a> <br> <br> <a target="_blank" href=Tue_Nov_10_16_15_11_IST_2020.jpg><img src=Tue_Nov_10_16_15_11_IST_2020.jpg height=200 width=200></img></a>  </system-out>
  <testcase name="verifyClickonWoodRestorationProjectProfiles" time="20.548" classname="com.OSMOSE.testcases.OsmoseServices"/>
  <system-out>
Click to see Screenshot <a target="_blank" href=Tue_Nov_10_16_15_32_IST_2020.jpg>Screenshot</a> <br> <br> <a target="_blank" href=Tue_Nov_10_16_15_32_IST_2020.jpg><img src=Tue_Nov_10_16_15_32_IST_2020.jpg height=200 width=200></img></a>  </system-out>
  <testcase name="verifyClickonWoodRestorationMAP" time="20.775" classname="com.OSMOSE.testcases.OsmoseServices"/>
  <system-out>
Click to see Screenshot <a target="_blank" href=Tue_Nov_10_16_15_54_IST_2020.jpg>Screenshot</a> <br> <br> <a target="_blank" href=Tue_Nov_10_16_15_54_IST_2020.jpg><img src=Tue_Nov_10_16_15_54_IST_2020.jpg height=200 width=200></img></a>  </system-out>
  <testcase name="verifyClickonUndergroundVideos" time="20.570" classname="com.OSMOSE.testcases.OsmoseServices"/>
  <system-out>
Click to see Screenshot <a target="_blank" href=Tue_Nov_10_16_16_15_IST_2020.jpg>Screenshot</a> <br> <br> <a target="_blank" href=Tue_Nov_10_16_16_15_IST_2020.jpg><img src=Tue_Nov_10_16_16_15_IST_2020.jpg height=200 width=200></img></a>  </system-out>
  <testcase name="verifyClickonUndergroundProjectProfiles" time="20.497" classname="com.OSMOSE.testcases.OsmoseServices"/>
  <system-out>
Click to see Screenshot <a target="_blank" href=Tue_Nov_10_16_16_36_IST_2020.jpg>Screenshot</a> <br> <br> <a target="_blank" href=Tue_Nov_10_16_16_36_IST_2020.jpg><img src=Tue_Nov_10_16_16_36_IST_2020.jpg height=200 width=200></img></a>  </system-out>
  <testcase name="verifyPopUpUnderground" time="15.730" classname="com.OSMOSE.testcases.OsmoseServices"/>
  <system-out>
Click to see Screenshot <a target="_blank" href=Tue_Nov_10_16_16_52_IST_2020.jpg>Screenshot</a> <br> <br> <a target="_blank" href=Tue_Nov_10_16_16_52_IST_2020.jpg><img src=Tue_Nov_10_16_16_52_IST_2020.jpg height=200 width=200></img></a>  </system-out>
  <testcase name="verifyTakeMeToOsmoseClick" time="12.559" classname="com.OSMOSE.testcases.OsmoseServices"/>
  <system-out>
Click to see Screenshot <a target="_blank" href=Tue_Nov_10_16_17_05_IST_2020.jpg>Screenshot</a> <br> <br> <a target="_blank" href=Tue_Nov_10_16_17_05_IST_2020.jpg><img src=Tue_Nov_10_16_17_05_IST_2020.jpg height=200 width=200></img></a>  </system-out>
  <testcase name="verifyProductsLearnMoreClick" classname="com.OSMOSE.testcases.OsmoseServices">
    <skipped/>
  </testcase> <!-- verifyProductsLearnMoreClick -->
  <system-out/>
  <testcase name="verifyCancelClickOnPopUpUnderground" classname="com.OSMOSE.testcases.OsmoseServices">
    <skipped/>
  </testcase> <!-- verifyCancelClickOnPopUpUnderground -->
  <system-out/>
  <testcase name="VerifyViewMapclick" classname="com.OSMOSE.testcases.OsmoseServices">
    <skipped/>
  </testcase> <!-- VerifyViewMapclick -->
  <system-out/>
  <testcase name="verifyOkClickOnPopUpUnderground" classname="com.OSMOSE.testcases.OsmoseServices">
    <skipped/>
  </testcase> <!-- verifyOkClickOnPopUpUnderground -->
  <system-out/>
</testsuite> <!-- com.OSMOSE.testcases.OsmoseServices -->
