<?xml version="1.0" encoding="UTF-8"?>
<!-- Generated by org.testng.reporters.JUnitReportReporter -->
<testsuite skipped="2" hostname="5CG6323N27" name="com.OSMOSE.testcases.KnowledgeBase" tests="97" failures="0" timestamp="2020-09-22T23:31:47 IST" time="1898.148" errors="0">
  <testcase name="verifyKnowledgeBaseNavigationClick" time="49.614" classname="com.OSMOSE.testcases.KnowledgeBase"/>
  <system-out>
Click to see Screenshot <a target="_blank" href=Tue_Sep_22_23_00_16_IST_2020.jpg>Screenshot</a> <br> <br> <a target="_blank" href=Tue_Sep_22_23_00_16_IST_2020.jpg><img src=Tue_Sep_22_23_00_16_IST_2020.jpg height=200 width=200></img></a>  </system-out>
  <testcase name="verifyLinksPresentOnKb" time="0.141" classname="com.OSMOSE.testcases.KnowledgeBase"/>
  <system-out>
Click to see Screenshot <a target="_blank" href=Tue_Sep_22_23_00_16_IST_2020.jpg>Screenshot</a> <br> <br> <a target="_blank" href=Tue_Sep_22_23_00_16_IST_2020.jpg><img src=Tue_Sep_22_23_00_16_IST_2020.jpg height=200 width=200></img></a>  </system-out>
  <testcase name="verifyPresenceOfSearchBox" time="0.111" classname="com.OSMOSE.testcases.KnowledgeBase"/>
  <system-out>
Click to see Screenshot <a target="_blank" href=Tue_Sep_22_23_00_17_IST_2020.jpg>Screenshot</a> <br> <br> <a target="_blank" href=Tue_Sep_22_23_00_17_IST_2020.jpg><img src=Tue_Sep_22_23_00_17_IST_2020.jpg height=200 width=200></img></a>  </system-out>
  <testcase name="verifyPresenceOfPopularQueriesFilter" time="0.039" classname="com.OSMOSE.testcases.KnowledgeBase"/>
  <system-out>
Click to see Screenshot <a target="_blank" href=Tue_Sep_22_23_00_17_IST_2020.jpg>Screenshot</a> <br> <br> <a target="_blank" href=Tue_Sep_22_23_00_17_IST_2020.jpg><img src=Tue_Sep_22_23_00_17_IST_2020.jpg height=200 width=200></img></a>  </system-out>
  <testcase name="verifyPresenceOfFilterItems" time="4.226" classname="com.OSMOSE.testcases.KnowledgeBase"/>
  <system-out>
Click to see Screenshot <a target="_blank" href=Tue_Sep_22_23_00_22_IST_2020.jpg>Screenshot</a> <br> <br> <a target="_blank" href=Tue_Sep_22_23_00_22_IST_2020.jpg><img src=Tue_Sep_22_23_00_22_IST_2020.jpg height=200 width=200></img></a>  </system-out>
  <testcase name="verifyPresenceSteelAndConcreteAssessmentCard" time="0.041" classname="com.OSMOSE.testcases.KnowledgeBase"/>
  <system-out>
Click to see Screenshot <a target="_blank" href=Tue_Sep_22_23_00_22_IST_2020.jpg>Screenshot</a> <br> <br> <a target="_blank" href=Tue_Sep_22_23_00_22_IST_2020.jpg><img src=Tue_Sep_22_23_00_22_IST_2020.jpg height=200 width=200></img></a>  </system-out>
  <testcase name="verifyPresenceSteelAndConcreteRestorationCard" time="0.035" classname="com.OSMOSE.testcases.KnowledgeBase"/>
  <system-out>
Click to see Screenshot <a target="_blank" href=Tue_Sep_22_23_00_23_IST_2020.jpg>Screenshot</a> <br> <br> <a target="_blank" href=Tue_Sep_22_23_00_23_IST_2020.jpg><img src=Tue_Sep_22_23_00_23_IST_2020.jpg height=200 width=200></img></a>  </system-out>
  <testcase name="verifyPresenceWoodInspectionAndTreatmentCard" time="0.038" classname="com.OSMOSE.testcases.KnowledgeBase"/>
  <system-out>
Click to see Screenshot <a target="_blank" href=Tue_Sep_22_23_00_23_IST_2020.jpg>Screenshot</a> <br> <br> <a target="_blank" href=Tue_Sep_22_23_00_23_IST_2020.jpg><img src=Tue_Sep_22_23_00_23_IST_2020.jpg height=200 width=200></img></a>  </system-out>
  <testcase name="verifyPresenceWoodRestorationCard" time="0.036" classname="com.OSMOSE.testcases.KnowledgeBase"/>
  <system-out>
Click to see Screenshot <a target="_blank" href=Tue_Sep_22_23_00_23_IST_2020.jpg>Screenshot</a> <br> <br> <a target="_blank" href=Tue_Sep_22_23_00_23_IST_2020.jpg><img src=Tue_Sep_22_23_00_23_IST_2020.jpg height=200 width=200></img></a>  </system-out>
  <testcase name="verifyPresenceUndergroundCard" time="0.033" classname="com.OSMOSE.testcases.KnowledgeBase"/>
  <system-out>
Click to see Screenshot <a target="_blank" href=Tue_Sep_22_23_00_24_IST_2020.jpg>Screenshot</a> <br> <br> <a target="_blank" href=Tue_Sep_22_23_00_24_IST_2020.jpg><img src=Tue_Sep_22_23_00_24_IST_2020.jpg height=200 width=200></img></a>  </system-out>
  <testcase name="verifyPresenceOverheadCard" time="0.040" classname="com.OSMOSE.testcases.KnowledgeBase"/>
  <system-out>
Click to see Screenshot <a target="_blank" href=Tue_Sep_22_23_00_24_IST_2020.jpg>Screenshot</a> <br> <br> <a target="_blank" href=Tue_Sep_22_23_00_24_IST_2020.jpg><img src=Tue_Sep_22_23_00_24_IST_2020.jpg height=200 width=200></img></a>  </system-out>
  <testcase name="verifyPresenceJointUseCard" time="0.074" classname="com.OSMOSE.testcases.KnowledgeBase"/>
  <system-out>
Click to see Screenshot <a target="_blank" href=Tue_Sep_22_23_00_25_IST_2020.jpg>Screenshot</a> <br> <br> <a target="_blank" href=Tue_Sep_22_23_00_25_IST_2020.jpg><img src=Tue_Sep_22_23_00_25_IST_2020.jpg height=200 width=200></img></a>  </system-out>
  <testcase name="verifyPresencePoleReplacementCard" time="0.034" classname="com.OSMOSE.testcases.KnowledgeBase"/>
  <system-out>
Click to see Screenshot <a target="_blank" href=Tue_Sep_22_23_00_25_IST_2020.jpg>Screenshot</a> <br> <br> <a target="_blank" href=Tue_Sep_22_23_00_25_IST_2020.jpg><img src=Tue_Sep_22_23_00_25_IST_2020.jpg height=200 width=200></img></a>  </system-out>
  <testcase name="verifyPresenceStormSupportCard" time="0.043" classname="com.OSMOSE.testcases.KnowledgeBase"/>
  <system-out>
Click to see Screenshot <a target="_blank" href=Tue_Sep_22_23_00_26_IST_2020.jpg>Screenshot</a> <br> <br> <a target="_blank" href=Tue_Sep_22_23_00_26_IST_2020.jpg><img src=Tue_Sep_22_23_00_26_IST_2020.jpg height=200 width=200></img></a>  </system-out>
  <testcase name="verifyPresenceProductsCard" time="0.031" classname="com.OSMOSE.testcases.KnowledgeBase"/>
  <system-out>
Click to see Screenshot <a target="_blank" href=Tue_Sep_22_23_00_26_IST_2020.jpg>Screenshot</a> <br> <br> <a target="_blank" href=Tue_Sep_22_23_00_26_IST_2020.jpg><img src=Tue_Sep_22_23_00_26_IST_2020.jpg height=200 width=200></img></a>  </system-out>
  <testcase name="verifyPresenceOCalcProCard" time="0.040" classname="com.OSMOSE.testcases.KnowledgeBase"/>
  <system-out>
Click to see Screenshot <a target="_blank" href=Tue_Sep_22_23_00_27_IST_2020.jpg>Screenshot</a> <br> <br> <a target="_blank" href=Tue_Sep_22_23_00_27_IST_2020.jpg><img src=Tue_Sep_22_23_00_27_IST_2020.jpg height=200 width=200></img></a>  </system-out>
  <testcase name="verifyPresenceProjectOfTheWeekCard" time="0.065" classname="com.OSMOSE.testcases.KnowledgeBase"/>
  <system-out>
Click to see Screenshot <a target="_blank" href=Tue_Sep_22_23_00_27_IST_2020.jpg>Screenshot</a> <br> <br> <a target="_blank" href=Tue_Sep_22_23_00_27_IST_2020.jpg><img src=Tue_Sep_22_23_00_27_IST_2020.jpg height=200 width=200></img></a>  </system-out>
  <testcase name="verifyPresenceWhatswrongwiththisPictureCard" time="0.033" classname="com.OSMOSE.testcases.KnowledgeBase"/>
  <system-out>
Click to see Screenshot <a target="_blank" href=Tue_Sep_22_23_00_27_IST_2020.jpg>Screenshot</a> <br> <br> <a target="_blank" href=Tue_Sep_22_23_00_27_IST_2020.jpg><img src=Tue_Sep_22_23_00_27_IST_2020.jpg height=200 width=200></img></a>  </system-out>
  <testcase name="verifyPresenceFeaturedVideosCard" time="0.042" classname="com.OSMOSE.testcases.KnowledgeBase"/>
  <system-out>
Click to see Screenshot <a target="_blank" href=Tue_Sep_22_23_00_28_IST_2020.jpg>Screenshot</a> <br> <br> <a target="_blank" href=Tue_Sep_22_23_00_28_IST_2020.jpg><img src=Tue_Sep_22_23_00_28_IST_2020.jpg height=200 width=200></img></a>  </system-out>
  <testcase name="verifyPresenceSuggestedContentsCard" time="0.031" classname="com.OSMOSE.testcases.KnowledgeBase"/>
  <system-out>
Click to see Screenshot <a target="_blank" href=Tue_Sep_22_23_00_28_IST_2020.jpg>Screenshot</a> <br> <br> <a target="_blank" href=Tue_Sep_22_23_00_28_IST_2020.jpg><img src=Tue_Sep_22_23_00_28_IST_2020.jpg height=200 width=200></img></a>  </system-out>
  <testcase name="verifyPresenceOfOcalCproButtons" time="3.187" classname="com.OSMOSE.testcases.KnowledgeBase"/>
  <system-out>
Click to see Screenshot <a target="_blank" href=Tue_Sep_22_23_00_32_IST_2020.jpg>Screenshot</a> <br> <br> <a target="_blank" href=Tue_Sep_22_23_00_32_IST_2020.jpg><img src=Tue_Sep_22_23_00_32_IST_2020.jpg height=200 width=200></img></a>  </system-out>
  <testcase name="verifyPresenceOfSliderOnSuggestedContents" time="8.117" classname="com.OSMOSE.testcases.KnowledgeBase"/>
  <system-out>
Click to see Screenshot <a target="_blank" href=Tue_Sep_22_23_00_40_IST_2020.jpg>Screenshot</a> <br> <br> <a target="_blank" href=Tue_Sep_22_23_00_40_IST_2020.jpg><img src=Tue_Sep_22_23_00_40_IST_2020.jpg height=200 width=200></img></a>  </system-out>
  <testcase name="verifyClickOnItemSuggestedContents" time="9.518" classname="com.OSMOSE.testcases.KnowledgeBase"/>
  <system-out>
Click to see Screenshot <a target="_blank" href=Tue_Sep_22_23_00_51_IST_2020.jpg>Screenshot</a> <br> <br> <a target="_blank" href=Tue_Sep_22_23_00_51_IST_2020.jpg><img src=Tue_Sep_22_23_00_51_IST_2020.jpg height=200 width=200></img></a>  </system-out>
  <testcase name="verifyClickOnItemFeaturedVideos" time="5.599" classname="com.OSMOSE.testcases.KnowledgeBase"/>
  <system-out>
Click to see Screenshot <a target="_blank" href=Tue_Sep_22_23_00_57_IST_2020.jpg>Screenshot</a> <br> <br> <a target="_blank" href=Tue_Sep_22_23_00_57_IST_2020.jpg><img src=Tue_Sep_22_23_00_57_IST_2020.jpg height=200 width=200></img></a>  </system-out>
  <testcase name="verifyClickOnViewProjectProjectOfTheWeek" time="7.651" classname="com.OSMOSE.testcases.KnowledgeBase"/>
  <system-out>
Click to see Screenshot <a target="_blank" href=Tue_Sep_22_23_01_05_IST_2020.jpg>Screenshot</a> <br> <br> <a target="_blank" href=Tue_Sep_22_23_01_05_IST_2020.jpg><img src=Tue_Sep_22_23_01_05_IST_2020.jpg height=200 width=200></img></a>  </system-out>
  <testcase name="verifyCardContentsSteelConcreteAssessment" time="0.200" classname="com.OSMOSE.testcases.KnowledgeBase"/>
  <system-out>
Click to see Screenshot <a target="_blank" href=Tue_Sep_22_23_01_06_IST_2020.jpg>Screenshot</a> <br> <br> <a target="_blank" href=Tue_Sep_22_23_01_06_IST_2020.jpg><img src=Tue_Sep_22_23_01_06_IST_2020.jpg height=200 width=200></img></a>  </system-out>
  <testcase name="verifyCardContentsSteelConcreteRestoration" time="0.190" classname="com.OSMOSE.testcases.KnowledgeBase"/>
  <system-out>
Click to see Screenshot <a target="_blank" href=Tue_Sep_22_23_01_07_IST_2020.jpg>Screenshot</a> <br> <br> <a target="_blank" href=Tue_Sep_22_23_01_07_IST_2020.jpg><img src=Tue_Sep_22_23_01_07_IST_2020.jpg height=200 width=200></img></a>  </system-out>
  <testcase name="verifyCardContentsWoodInspectionTreatment" time="0.211" classname="com.OSMOSE.testcases.KnowledgeBase"/>
  <system-out>
Click to see Screenshot <a target="_blank" href=Tue_Sep_22_23_01_07_IST_2020.jpg>Screenshot</a> <br> <br> <a target="_blank" href=Tue_Sep_22_23_01_07_IST_2020.jpg><img src=Tue_Sep_22_23_01_07_IST_2020.jpg height=200 width=200></img></a>  </system-out>
  <testcase name="verifyCardContentsWoodRestoration" time="0.191" classname="com.OSMOSE.testcases.KnowledgeBase"/>
  <system-out>
Click to see Screenshot <a target="_blank" href=Tue_Sep_22_23_01_08_IST_2020.jpg>Screenshot</a> <br> <br> <a target="_blank" href=Tue_Sep_22_23_01_08_IST_2020.jpg><img src=Tue_Sep_22_23_01_08_IST_2020.jpg height=200 width=200></img></a>  </system-out>
  <testcase name="verifyCardContentsJointUse" time="0.187" classname="com.OSMOSE.testcases.KnowledgeBase"/>
  <system-out>
Click to see Screenshot <a target="_blank" href=Tue_Sep_22_23_01_08_IST_2020.jpg>Screenshot</a> <br> <br> <a target="_blank" href=Tue_Sep_22_23_01_08_IST_2020.jpg><img src=Tue_Sep_22_23_01_08_IST_2020.jpg height=200 width=200></img></a>  </system-out>
  <testcase name="verifyCardContentsOverhead" time="0.186" classname="com.OSMOSE.testcases.KnowledgeBase"/>
  <system-out>
Click to see Screenshot <a target="_blank" href=Tue_Sep_22_23_01_09_IST_2020.jpg>Screenshot</a> <br> <br> <a target="_blank" href=Tue_Sep_22_23_01_09_IST_2020.jpg><img src=Tue_Sep_22_23_01_09_IST_2020.jpg height=200 width=200></img></a>  </system-out>
  <testcase name="verifyCardContentsPoleReplacement" time="0.244" classname="com.OSMOSE.testcases.KnowledgeBase"/>
  <system-out>
Click to see Screenshot <a target="_blank" href=Tue_Sep_22_23_01_10_IST_2020.jpg>Screenshot</a> <br> <br> <a target="_blank" href=Tue_Sep_22_23_01_10_IST_2020.jpg><img src=Tue_Sep_22_23_01_10_IST_2020.jpg height=200 width=200></img></a>  </system-out>
  <testcase name="verifyCardContentsProducts" time="0.186" classname="com.OSMOSE.testcases.KnowledgeBase"/>
  <system-out>
Click to see Screenshot <a target="_blank" href=Tue_Sep_22_23_01_10_IST_2020.jpg>Screenshot</a> <br> <br> <a target="_blank" href=Tue_Sep_22_23_01_10_IST_2020.jpg><img src=Tue_Sep_22_23_01_10_IST_2020.jpg height=200 width=200></img></a>  </system-out>
  <testcase name="verifyCardContentsStormSupport" time="0.158" classname="com.OSMOSE.testcases.KnowledgeBase"/>
  <system-out>
Click to see Screenshot <a target="_blank" href=Tue_Sep_22_23_01_11_IST_2020.jpg>Screenshot</a> <br> <br> <a target="_blank" href=Tue_Sep_22_23_01_11_IST_2020.jpg><img src=Tue_Sep_22_23_01_11_IST_2020.jpg height=200 width=200></img></a>  </system-out>
  <testcase name="verifyCardContentsUnderground" time="0.191" classname="com.OSMOSE.testcases.KnowledgeBase"/>
  <system-out>
Click to see Screenshot <a target="_blank" href=Tue_Sep_22_23_01_12_IST_2020.jpg>Screenshot</a> <br> <br> <a target="_blank" href=Tue_Sep_22_23_01_12_IST_2020.jpg><img src=Tue_Sep_22_23_01_12_IST_2020.jpg height=200 width=200></img></a>  </system-out>
  <testcase name="verifyClickOnDailyGaffGallery" time="24.513" classname="com.OSMOSE.testcases.KnowledgeBase"/>
  <system-out>
Click to see Screenshot <a target="_blank" href=Tue_Sep_22_23_01_37_IST_2020.jpg>Screenshot</a> <br> <br> <a target="_blank" href=Tue_Sep_22_23_01_37_IST_2020.jpg><img src=Tue_Sep_22_23_01_37_IST_2020.jpg height=200 width=200></img></a>  </system-out>
  <testcase name="verifyClickOnDailyGaffGalleryImage" time="16.483" classname="com.OSMOSE.testcases.KnowledgeBase"/>
  <system-out>
Click to see Screenshot <a target="_blank" href=Tue_Sep_22_23_01_54_IST_2020.jpg>Screenshot</a> <br> <br> <a target="_blank" href=Tue_Sep_22_23_01_54_IST_2020.jpg><img src=Tue_Sep_22_23_01_54_IST_2020.jpg height=200 width=200></img></a>  </system-out>
  <testcase name="verifyClickOnJointUseCard" time="50.501" classname="com.OSMOSE.testcases.KnowledgeBase"/>
  <system-out>
Click to see Screenshot <a target="_blank" href=Tue_Sep_22_23_02_44_IST_2020.jpg>Screenshot</a> <br> <br> <a target="_blank" href=Tue_Sep_22_23_02_44_IST_2020.jpg><img src=Tue_Sep_22_23_02_44_IST_2020.jpg height=200 width=200></img></a>  </system-out>
  <testcase name="verifyClickOnOverheadCard" time="46.335" classname="com.OSMOSE.testcases.KnowledgeBase"/>
  <system-out>
Click to see Screenshot <a target="_blank" href=Tue_Sep_22_23_03_31_IST_2020.jpg>Screenshot</a> <br> <br> <a target="_blank" href=Tue_Sep_22_23_03_31_IST_2020.jpg><img src=Tue_Sep_22_23_03_31_IST_2020.jpg height=200 width=200></img></a>  </system-out>
  <testcase name="verifyClickOnPoleReplacementCard" time="46.366" classname="com.OSMOSE.testcases.KnowledgeBase"/>
  <system-out>
Click to see Screenshot <a target="_blank" href=Tue_Sep_22_23_04_18_IST_2020.jpg>Screenshot</a> <br> <br> <a target="_blank" href=Tue_Sep_22_23_04_18_IST_2020.jpg><img src=Tue_Sep_22_23_04_18_IST_2020.jpg height=200 width=200></img></a>  </system-out>
  <testcase name="verifyClickOnProductsCard" time="46.383" classname="com.OSMOSE.testcases.KnowledgeBase"/>
  <system-out>
Click to see Screenshot <a target="_blank" href=Tue_Sep_22_23_05_05_IST_2020.jpg>Screenshot</a> <br> <br> <a target="_blank" href=Tue_Sep_22_23_05_05_IST_2020.jpg><img src=Tue_Sep_22_23_05_05_IST_2020.jpg height=200 width=200></img></a>  </system-out>
  <testcase name="verifyClickOnSteelandConcreteAssessmentCard" time="20.094" classname="com.OSMOSE.testcases.KnowledgeBase"/>
  <system-out>
Click to see Screenshot <a target="_blank" href=Tue_Sep_22_23_05_25_IST_2020.jpg>Screenshot</a> <br> <br> <a target="_blank" href=Tue_Sep_22_23_05_25_IST_2020.jpg><img src=Tue_Sep_22_23_05_25_IST_2020.jpg height=200 width=200></img></a>  </system-out>
  <testcase name="verifyClickOnSteelandConcreteRestorationCard" time="20.068" classname="com.OSMOSE.testcases.KnowledgeBase"/>
  <system-out>
Click to see Screenshot <a target="_blank" href=Tue_Sep_22_23_05_46_IST_2020.jpg>Screenshot</a> <br> <br> <a target="_blank" href=Tue_Sep_22_23_05_46_IST_2020.jpg><img src=Tue_Sep_22_23_05_46_IST_2020.jpg height=200 width=200></img></a>  </system-out>
  <testcase name="verifyClickOnStormSupportCard" time="46.332" classname="com.OSMOSE.testcases.KnowledgeBase"/>
  <system-out>
Click to see Screenshot <a target="_blank" href=Tue_Sep_22_23_06_32_IST_2020.jpg>Screenshot</a> <br> <br> <a target="_blank" href=Tue_Sep_22_23_06_32_IST_2020.jpg><img src=Tue_Sep_22_23_06_32_IST_2020.jpg height=200 width=200></img></a>  </system-out>
  <testcase name="verifyClickOnUndergroundCard" time="46.303" classname="com.OSMOSE.testcases.KnowledgeBase"/>
  <system-out>
Click to see Screenshot <a target="_blank" href=Tue_Sep_22_23_07_19_IST_2020.jpg>Screenshot</a> <br> <br> <a target="_blank" href=Tue_Sep_22_23_07_19_IST_2020.jpg><img src=Tue_Sep_22_23_07_19_IST_2020.jpg height=200 width=200></img></a>  </system-out>
  <testcase name="verifyClickOnWoodRestorationCard" time="20.086" classname="com.OSMOSE.testcases.KnowledgeBase"/>
  <system-out>
Click to see Screenshot <a target="_blank" href=Tue_Sep_22_23_07_39_IST_2020.jpg>Screenshot</a> <br> <br> <a target="_blank" href=Tue_Sep_22_23_07_39_IST_2020.jpg><img src=Tue_Sep_22_23_07_39_IST_2020.jpg height=200 width=200></img></a>  </system-out>
  <testcase name="verifyClickOnWoodInspectionCard" time="20.096" classname="com.OSMOSE.testcases.KnowledgeBase"/>
  <system-out>
Click to see Screenshot <a target="_blank" href=Tue_Sep_22_23_08_00_IST_2020.jpg>Screenshot</a> <br> <br> <a target="_blank" href=Tue_Sep_22_23_08_00_IST_2020.jpg><img src=Tue_Sep_22_23_08_00_IST_2020.jpg height=200 width=200></img></a>  </system-out>
  <testcase name="verifyClickonJointUsImages" time="21.696" classname="com.OSMOSE.testcases.KnowledgeBase"/>
  <system-out>
Click to see Screenshot <a target="_blank" href=Tue_Sep_22_23_08_22_IST_2020.jpg>Screenshot</a> <br> <br> <a target="_blank" href=Tue_Sep_22_23_08_22_IST_2020.jpg><img src=Tue_Sep_22_23_08_22_IST_2020.jpg height=200 width=200></img></a>  </system-out>
  <testcase name="verifyClickonJointUsVideos" time="36.546" classname="com.OSMOSE.testcases.KnowledgeBase"/>
  <system-out>
Click to see Screenshot <a target="_blank" href=Tue_Sep_22_23_08_59_IST_2020.jpg>Screenshot</a> <br> <br> <a target="_blank" href=Tue_Sep_22_23_08_59_IST_2020.jpg><img src=Tue_Sep_22_23_08_59_IST_2020.jpg height=200 width=200></img></a>  </system-out>
  <testcase name="verifyClickonJointUsArticles" time="9.044" classname="com.OSMOSE.testcases.KnowledgeBase"/>
  <system-out>
Click to see Screenshot <a target="_blank" href=Tue_Sep_22_23_09_08_IST_2020.jpg>Screenshot</a> <br> <br> <a target="_blank" href=Tue_Sep_22_23_09_08_IST_2020.jpg><img src=Tue_Sep_22_23_09_08_IST_2020.jpg height=200 width=200></img></a>  </system-out>
  <testcase name="verifyClickonOverheadVideos" time="34.555" classname="com.OSMOSE.testcases.KnowledgeBase"/>
  <system-out>
Click to see Screenshot <a target="_blank" href=Tue_Sep_22_23_09_43_IST_2020.jpg>Screenshot</a> <br> <br> <a target="_blank" href=Tue_Sep_22_23_09_43_IST_2020.jpg><img src=Tue_Sep_22_23_09_43_IST_2020.jpg height=200 width=200></img></a>  </system-out>
  <testcase name="verifyClickonOverheadImages" time="26.628" classname="com.OSMOSE.testcases.KnowledgeBase"/>
  <system-out>
Click to see Screenshot <a target="_blank" href=Tue_Sep_22_23_10_10_IST_2020.jpg>Screenshot</a> <br> <br> <a target="_blank" href=Tue_Sep_22_23_10_10_IST_2020.jpg><img src=Tue_Sep_22_23_10_10_IST_2020.jpg height=200 width=200></img></a>  </system-out>
  <testcase name="verifyClickonOverheadProjectProfiles" time="26.697" classname="com.OSMOSE.testcases.KnowledgeBase"/>
  <system-out>
Click to see Screenshot <a target="_blank" href=Tue_Sep_22_23_10_38_IST_2020.jpg>Screenshot</a> <br> <br> <a target="_blank" href=Tue_Sep_22_23_10_38_IST_2020.jpg><img src=Tue_Sep_22_23_10_38_IST_2020.jpg height=200 width=200></img></a>  </system-out>
  <testcase name="verifyClickonPoleReplacementImages" time="26.594" classname="com.OSMOSE.testcases.KnowledgeBase"/>
  <system-out>
Click to see Screenshot <a target="_blank" href=Tue_Sep_22_23_11_05_IST_2020.jpg>Screenshot</a> <br> <br> <a target="_blank" href=Tue_Sep_22_23_11_05_IST_2020.jpg><img src=Tue_Sep_22_23_11_05_IST_2020.jpg height=200 width=200></img></a>  </system-out>
  <testcase name="verifyClickonPoleReplacementVideos" time="36.580" classname="com.OSMOSE.testcases.KnowledgeBase"/>
  <system-out>
Click to see Screenshot <a target="_blank" href=Tue_Sep_22_23_11_42_IST_2020.jpg>Screenshot</a> <br> <br> <a target="_blank" href=Tue_Sep_22_23_11_42_IST_2020.jpg><img src=Tue_Sep_22_23_11_42_IST_2020.jpg height=200 width=200></img></a>  </system-out>
  <testcase name="verifyClickonPoleReplacementBrochure" time="26.631" classname="com.OSMOSE.testcases.KnowledgeBase"/>
  <system-out>
Click to see Screenshot <a target="_blank" href=Tue_Sep_22_23_12_09_IST_2020.jpg>Screenshot</a> <br> <br> <a target="_blank" href=Tue_Sep_22_23_12_09_IST_2020.jpg><img src=Tue_Sep_22_23_12_09_IST_2020.jpg height=200 width=200></img></a>  </system-out>
  <testcase name="verifyClickonProductsImages" time="26.599" classname="com.OSMOSE.testcases.KnowledgeBase"/>
  <system-out>
Click to see Screenshot <a target="_blank" href=Tue_Sep_22_23_12_36_IST_2020.jpg>Screenshot</a> <br> <br> <a target="_blank" href=Tue_Sep_22_23_12_36_IST_2020.jpg><img src=Tue_Sep_22_23_12_36_IST_2020.jpg height=200 width=200></img></a>  </system-out>
  <testcase name="verifyClickonProductsVideos" time="36.531" classname="com.OSMOSE.testcases.KnowledgeBase"/>
  <system-out>
Click to see Screenshot <a target="_blank" href=Tue_Sep_22_23_13_13_IST_2020.jpg>Screenshot</a> <br> <br> <a target="_blank" href=Tue_Sep_22_23_13_13_IST_2020.jpg><img src=Tue_Sep_22_23_13_13_IST_2020.jpg height=200 width=200></img></a>  </system-out>
  <testcase name="verifyClickonProductsProductCatalog" time="26.622" classname="com.OSMOSE.testcases.KnowledgeBase"/>
  <system-out>
Click to see Screenshot <a target="_blank" href=Tue_Sep_22_23_13_40_IST_2020.jpg>Screenshot</a> <br> <br> <a target="_blank" href=Tue_Sep_22_23_13_40_IST_2020.jpg><img src=Tue_Sep_22_23_13_40_IST_2020.jpg height=200 width=200></img></a>  </system-out>
  <testcase name="verifyClickonSteelAndConcreteAssessmentImages" time="26.657" classname="com.OSMOSE.testcases.KnowledgeBase"/>
  <system-out>
Click to see Screenshot <a target="_blank" href=Tue_Sep_22_23_14_07_IST_2020.jpg>Screenshot</a> <br> <br> <a target="_blank" href=Tue_Sep_22_23_14_07_IST_2020.jpg><img src=Tue_Sep_22_23_14_07_IST_2020.jpg height=200 width=200></img></a>  </system-out>
  <testcase name="verifyClickonSteelAndConcreteAssessmentBrochures" time="9.115" classname="com.OSMOSE.testcases.KnowledgeBase"/>
  <system-out>
Click to see Screenshot <a target="_blank" href=Tue_Sep_22_23_14_16_IST_2020.jpg>Screenshot</a> <br> <br> <a target="_blank" href=Tue_Sep_22_23_14_16_IST_2020.jpg><img src=Tue_Sep_22_23_14_16_IST_2020.jpg height=200 width=200></img></a>  </system-out>
  <testcase name="verifyClickonSteelAndConcreteAssessmentStandardsCodes" time="8.094" classname="com.OSMOSE.testcases.KnowledgeBase"/>
  <system-out>
Click to see Screenshot <a target="_blank" href=Tue_Sep_22_23_14_25_IST_2020.jpg>Screenshot</a> <br> <br> <a target="_blank" href=Tue_Sep_22_23_14_25_IST_2020.jpg><img src=Tue_Sep_22_23_14_25_IST_2020.jpg height=200 width=200></img></a>  </system-out>
  <testcase name="verifyClickonSteelAndConcreteRestorationArticles" time="8.927" classname="com.OSMOSE.testcases.KnowledgeBase"/>
  <system-out>
Click to see Screenshot <a target="_blank" href=Tue_Sep_22_23_14_34_IST_2020.jpg>Screenshot</a> <br> <br> <a target="_blank" href=Tue_Sep_22_23_14_34_IST_2020.jpg><img src=Tue_Sep_22_23_14_34_IST_2020.jpg height=200 width=200></img></a>  </system-out>
  <testcase name="verifyClickonSteelAndConcreteRestorationBrochures" time="8.089" classname="com.OSMOSE.testcases.KnowledgeBase"/>
  <system-out>
Click to see Screenshot <a target="_blank" href=Tue_Sep_22_23_14_43_IST_2020.jpg>Screenshot</a> <br> <br> <a target="_blank" href=Tue_Sep_22_23_14_43_IST_2020.jpg><img src=Tue_Sep_22_23_14_43_IST_2020.jpg height=200 width=200></img></a>  </system-out>
  <testcase name="verifyClickonSteelAndConcreteRestorationImages" time="26.613" classname="com.OSMOSE.testcases.KnowledgeBase"/>
  <system-out>
Click to see Screenshot <a target="_blank" href=Tue_Sep_22_23_15_10_IST_2020.jpg>Screenshot</a> <br> <br> <a target="_blank" href=Tue_Sep_22_23_15_10_IST_2020.jpg><img src=Tue_Sep_22_23_15_10_IST_2020.jpg height=200 width=200></img></a>  </system-out>
  <testcase name="verifyClickonStormSupportImages" time="26.608" classname="com.OSMOSE.testcases.KnowledgeBase"/>
  <system-out>
Click to see Screenshot <a target="_blank" href=Tue_Sep_22_23_15_37_IST_2020.jpg>Screenshot</a> <br> <br> <a target="_blank" href=Tue_Sep_22_23_15_37_IST_2020.jpg><img src=Tue_Sep_22_23_15_37_IST_2020.jpg height=200 width=200></img></a>  </system-out>
  <testcase name="verifyClickonStormSupportVideos" time="36.543" classname="com.OSMOSE.testcases.KnowledgeBase"/>
  <system-out>
Click to see Screenshot <a target="_blank" href=Tue_Sep_22_23_16_13_IST_2020.jpg>Screenshot</a> <br> <br> <a target="_blank" href=Tue_Sep_22_23_16_13_IST_2020.jpg><img src=Tue_Sep_22_23_16_13_IST_2020.jpg height=200 width=200></img></a>  </system-out>
  <testcase name="verifyClickonStormSupportProjectProfiles" time="26.621" classname="com.OSMOSE.testcases.KnowledgeBase"/>
  <system-out>
Click to see Screenshot <a target="_blank" href=Tue_Sep_22_23_16_40_IST_2020.jpg>Screenshot</a> <br> <br> <a target="_blank" href=Tue_Sep_22_23_16_40_IST_2020.jpg><img src=Tue_Sep_22_23_16_40_IST_2020.jpg height=200 width=200></img></a>  </system-out>
  <testcase name="verifyClickonUndergroundImages" time="26.650" classname="com.OSMOSE.testcases.KnowledgeBase"/>
  <system-out>
Click to see Screenshot <a target="_blank" href=Tue_Sep_22_23_17_08_IST_2020.jpg>Screenshot</a> <br> <br> <a target="_blank" href=Tue_Sep_22_23_17_08_IST_2020.jpg><img src=Tue_Sep_22_23_17_08_IST_2020.jpg height=200 width=200></img></a>  </system-out>
  <testcase name="verifyClickonUndergroundBrochure" time="26.629" classname="com.OSMOSE.testcases.KnowledgeBase"/>
  <system-out>
Click to see Screenshot <a target="_blank" href=Tue_Sep_22_23_17_35_IST_2020.jpg>Screenshot</a> <br> <br> <a target="_blank" href=Tue_Sep_22_23_17_35_IST_2020.jpg><img src=Tue_Sep_22_23_17_35_IST_2020.jpg height=200 width=200></img></a>  </system-out>
  <testcase name="verifyClickonUndergroundDiagram" time="26.574" classname="com.OSMOSE.testcases.KnowledgeBase"/>
  <system-out>
Click to see Screenshot <a target="_blank" href=Tue_Sep_22_23_18_01_IST_2020.jpg>Screenshot</a> <br> <br> <a target="_blank" href=Tue_Sep_22_23_18_01_IST_2020.jpg><img src=Tue_Sep_22_23_18_01_IST_2020.jpg height=200 width=200></img></a>  </system-out>
  <testcase name="verifyClickonWoodRestorationVideos" time="36.561" classname="com.OSMOSE.testcases.KnowledgeBase"/>
  <system-out>
Click to see Screenshot <a target="_blank" href=Tue_Sep_22_23_18_38_IST_2020.jpg>Screenshot</a> <br> <br> <a target="_blank" href=Tue_Sep_22_23_18_38_IST_2020.jpg><img src=Tue_Sep_22_23_18_38_IST_2020.jpg height=200 width=200></img></a>  </system-out>
  <testcase name="verifyClickonWoodRestorationBrochures" time="9.048" classname="com.OSMOSE.testcases.KnowledgeBase"/>
  <system-out>
Click to see Screenshot <a target="_blank" href=Tue_Sep_22_23_18_48_IST_2020.jpg>Screenshot</a> <br> <br> <a target="_blank" href=Tue_Sep_22_23_18_48_IST_2020.jpg><img src=Tue_Sep_22_23_18_48_IST_2020.jpg height=200 width=200></img></a>  </system-out>
  <testcase name="verifyClickonWoodRestorationArticles" time="8.090" classname="com.OSMOSE.testcases.KnowledgeBase"/>
  <system-out>
Click to see Screenshot <a target="_blank" href=Tue_Sep_22_23_18_56_IST_2020.jpg>Screenshot</a> <br> <br> <a target="_blank" href=Tue_Sep_22_23_18_56_IST_2020.jpg><img src=Tue_Sep_22_23_18_56_IST_2020.jpg height=200 width=200></img></a>  </system-out>
  <testcase name="verifyClickonWoodTreatmentVideos" time="36.730" classname="com.OSMOSE.testcases.KnowledgeBase"/>
  <system-out>
Click to see Screenshot <a target="_blank" href=Tue_Sep_22_23_19_34_IST_2020.jpg>Screenshot</a> <br> <br> <a target="_blank" href=Tue_Sep_22_23_19_34_IST_2020.jpg><img src=Tue_Sep_22_23_19_34_IST_2020.jpg height=200 width=200></img></a>  </system-out>
  <testcase name="verifyClickonWoodTreatmentImages" time="26.726" classname="com.OSMOSE.testcases.KnowledgeBase"/>
  <system-out>
Click to see Screenshot <a target="_blank" href=Tue_Sep_22_23_20_01_IST_2020.jpg>Screenshot</a> <br> <br> <a target="_blank" href=Tue_Sep_22_23_20_01_IST_2020.jpg><img src=Tue_Sep_22_23_20_01_IST_2020.jpg height=200 width=200></img></a>  </system-out>
  <testcase name="verifyClickonWoodTreatmentResearch" time="26.608" classname="com.OSMOSE.testcases.KnowledgeBase"/>
  <system-out>
Click to see Screenshot <a target="_blank" href=Tue_Sep_22_23_20_28_IST_2020.jpg>Screenshot</a> <br> <br> <a target="_blank" href=Tue_Sep_22_23_20_28_IST_2020.jpg><img src=Tue_Sep_22_23_20_28_IST_2020.jpg height=200 width=200></img></a>  </system-out>
  <testcase name="verifyClickonVideosSeeMore" time="39.362" classname="com.OSMOSE.testcases.KnowledgeBase"/>
  <system-out>
Click to see Screenshot <a target="_blank" href=Tue_Sep_22_23_21_08_IST_2020.jpg>Screenshot</a> <br> <br> <a target="_blank" href=Tue_Sep_22_23_21_08_IST_2020.jpg><img src=Tue_Sep_22_23_21_08_IST_2020.jpg height=200 width=200></img></a>  </system-out>
  <testcase name="verifyClickonImagesSeeMore" time="45.338" classname="com.OSMOSE.testcases.KnowledgeBase"/>
  <system-out>
Click to see Screenshot <a target="_blank" href=Tue_Sep_22_23_21_54_IST_2020.jpg>Screenshot</a> <br> <br> <a target="_blank" href=Tue_Sep_22_23_21_54_IST_2020.jpg><img src=Tue_Sep_22_23_21_54_IST_2020.jpg height=200 width=200></img></a>  </system-out>
  <testcase name="verifyClickonDocumentsSeeMore" time="45.367" classname="com.OSMOSE.testcases.KnowledgeBase"/>
  <system-out>
Click to see Screenshot <a target="_blank" href=Tue_Sep_22_23_22_39_IST_2020.jpg>Screenshot</a> <br> <br> <a target="_blank" href=Tue_Sep_22_23_22_39_IST_2020.jpg><img src=Tue_Sep_22_23_22_39_IST_2020.jpg height=200 width=200></img></a>  </system-out>
  <testcase name="verifyClickonJointUseManagementServicesSeeMore" time="48.747" classname="com.OSMOSE.testcases.KnowledgeBase"/>
  <system-out>
Click to see Screenshot <a target="_blank" href=Tue_Sep_22_23_23_29_IST_2020.jpg>Screenshot</a> <br> <br> <a target="_blank" href=Tue_Sep_22_23_23_29_IST_2020.jpg><img src=Tue_Sep_22_23_23_29_IST_2020.jpg height=200 width=200></img></a>  </system-out>
  <testcase name="verifyDynamicDropdown" time="46.313" classname="com.OSMOSE.testcases.KnowledgeBase"/>
  <system-out>
Click to see Screenshot <a target="_blank" href=Tue_Sep_22_23_24_15_IST_2020.jpg>Screenshot</a> <br> <br> <a target="_blank" href=Tue_Sep_22_23_24_15_IST_2020.jpg><img src=Tue_Sep_22_23_24_15_IST_2020.jpg height=200 width=200></img></a>  </system-out>
  <testcase name="verifySearchResultsAreGrouped" time="39.300" classname="com.OSMOSE.testcases.KnowledgeBase"/>
  <system-out>
Click to see Screenshot <a target="_blank" href=Tue_Sep_22_23_24_55_IST_2020.jpg>Screenshot</a> <br> <br> <a target="_blank" href=Tue_Sep_22_23_24_55_IST_2020.jpg><img src=Tue_Sep_22_23_24_55_IST_2020.jpg height=200 width=200></img></a>  </system-out>
  <testcase name="verifySearchResultsAreGroupedAfterfilterUpdation" time="65.435" classname="com.OSMOSE.testcases.KnowledgeBase"/>
  <system-out>
Click to see Screenshot <a target="_blank" href=Tue_Sep_22_23_26_01_IST_2020.jpg>Screenshot</a> <br> <br> <a target="_blank" href=Tue_Sep_22_23_26_01_IST_2020.jpg><img src=Tue_Sep_22_23_26_01_IST_2020.jpg height=200 width=200></img></a>  </system-out>
  <testcase name="verifySearchResultsOnTyping" time="39.412" classname="com.OSMOSE.testcases.KnowledgeBase"/>
  <system-out>
Click to see Screenshot <a target="_blank" href=Tue_Sep_22_23_26_41_IST_2020.jpg>Screenshot</a> <br> <br> <a target="_blank" href=Tue_Sep_22_23_26_41_IST_2020.jpg><img src=Tue_Sep_22_23_26_41_IST_2020.jpg height=200 width=200></img></a>  </system-out>
  <testcase name="verifyClearButtonOnTyping" time="11.177" classname="com.OSMOSE.testcases.KnowledgeBase"/>
  <system-out>
Click to see Screenshot <a target="_blank" href=Tue_Sep_22_23_26_52_IST_2020.jpg>Screenshot</a> <br> <br> <a target="_blank" href=Tue_Sep_22_23_26_52_IST_2020.jpg><img src=Tue_Sep_22_23_26_52_IST_2020.jpg height=200 width=200></img></a>  </system-out>
  <testcase name="verifySearchResultsAreVideos" time="41.301" classname="com.OSMOSE.testcases.KnowledgeBase"/>
  <system-out>
Click to see Screenshot <a target="_blank" href=Tue_Sep_22_23_27_34_IST_2020.jpg>Screenshot</a> <br> <br> <a target="_blank" href=Tue_Sep_22_23_27_34_IST_2020.jpg><img src=Tue_Sep_22_23_27_34_IST_2020.jpg height=200 width=200></img></a>  </system-out>
  <testcase name="verifySearchResultsAreImages" time="41.244" classname="com.OSMOSE.testcases.KnowledgeBase"/>
  <system-out>
Click to see Screenshot <a target="_blank" href=Tue_Sep_22_23_28_15_IST_2020.jpg>Screenshot</a> <br> <br> <a target="_blank" href=Tue_Sep_22_23_28_15_IST_2020.jpg><img src=Tue_Sep_22_23_28_15_IST_2020.jpg height=200 width=200></img></a>  </system-out>
  <testcase name="verifySearchResultsAreDocuments" time="41.255" classname="com.OSMOSE.testcases.KnowledgeBase"/>
  <system-out>
Click to see Screenshot <a target="_blank" href=Tue_Sep_22_23_28_57_IST_2020.jpg>Screenshot</a> <br> <br> <a target="_blank" href=Tue_Sep_22_23_28_57_IST_2020.jpg><img src=Tue_Sep_22_23_28_57_IST_2020.jpg height=200 width=200></img></a>  </system-out>
  <testcase name="verifyNoResultsFoundMessage" time="11.869" classname="com.OSMOSE.testcases.KnowledgeBase"/>
  <system-out>
Click to see Screenshot <a target="_blank" href=Tue_Sep_22_23_29_09_IST_2020.jpg>Screenshot</a> <br> <br> <a target="_blank" href=Tue_Sep_22_23_29_09_IST_2020.jpg><img src=Tue_Sep_22_23_29_09_IST_2020.jpg height=200 width=200></img></a>  </system-out>
  <testcase name="verifyPresenceOfSortBy" time="45.554" classname="com.OSMOSE.testcases.KnowledgeBase"/>
  <system-out>
Click to see Screenshot <a target="_blank" href=Tue_Sep_22_23_29_55_IST_2020.jpg>Screenshot</a> <br> <br> <a target="_blank" href=Tue_Sep_22_23_29_55_IST_2020.jpg><img src=Tue_Sep_22_23_29_55_IST_2020.jpg height=200 width=200></img></a>  </system-out>
  <testcase name="verifySearchTextUpdation" time="45.590" classname="com.OSMOSE.testcases.KnowledgeBase"/>
  <system-out>
Click to see Screenshot <a target="_blank" href=Tue_Sep_22_23_30_41_IST_2020.jpg>Screenshot</a> <br> <br> <a target="_blank" href=Tue_Sep_22_23_30_41_IST_2020.jpg><img src=Tue_Sep_22_23_30_41_IST_2020.jpg height=200 width=200></img></a>  </system-out>
  <testcase name="verifyPopularFiltersJointUsImages" time="18.144" classname="com.OSMOSE.testcases.KnowledgeBase"/>
  <system-out>
Click to see Screenshot <a target="_blank" href=Tue_Sep_22_23_31_00_IST_2020.jpg>Screenshot</a> <br> <br> <a target="_blank" href=Tue_Sep_22_23_31_00_IST_2020.jpg><img src=Tue_Sep_22_23_31_00_IST_2020.jpg height=200 width=200></img></a>  </system-out>
  <testcase name="verifyPopularQueriesReset" time="17.332" classname="com.OSMOSE.testcases.KnowledgeBase"/>
  <system-out>
Click to see Screenshot <a target="_blank" href=Tue_Sep_22_23_31_18_IST_2020.jpg>Screenshot</a> <br> <br> <a target="_blank" href=Tue_Sep_22_23_31_18_IST_2020.jpg><img src=Tue_Sep_22_23_31_18_IST_2020.jpg height=200 width=200></img></a>  </system-out>
  <testcase name="verifyExternalVideo" time="25.479" classname="com.OSMOSE.testcases.KnowledgeBase"/>
  <system-out>
Click to see Screenshot <a target="_blank" href=Tue_Sep_22_23_31_44_IST_2020.jpg>Screenshot</a> <br> <br> <a target="_blank" href=Tue_Sep_22_23_31_44_IST_2020.jpg><img src=Tue_Sep_22_23_31_44_IST_2020.jpg height=200 width=200></img></a>  </system-out>
  <testcase name="verifyPresenceIndustryNewsCard" classname="com.OSMOSE.testcases.KnowledgeBase">
    <skipped/>
  </testcase> <!-- verifyPresenceIndustryNewsCard -->
  <system-out/>
  <testcase name="verifyIndustrySeeMore" classname="com.OSMOSE.testcases.KnowledgeBase">
    <skipped/>
  </testcase> <!-- verifyIndustrySeeMore -->
  <system-out/>
</testsuite> <!-- com.OSMOSE.testcases.KnowledgeBase -->
