<?xml version="1.0" encoding="UTF-8"?>
<!-- Generated by org.testng.reporters.JUnitReportReporter -->
<testsuite skipped="2" hostname="5CG6323N27" name="com.OSMOSE.testcases.KnowledgeBase" tests="97" failures="0" timestamp="2020-09-29T14:31:38 IST" time="1817.970" errors="0">
  <testcase name="verifyKnowledgeBaseNavigationClick" time="49.512" classname="com.OSMOSE.testcases.KnowledgeBase"/>
  <system-out>
Click to see Screenshot <a target="_blank" href=Tue_Sep_29_14_01_25_IST_2020.jpg>Screenshot</a> <br> <br> <a target="_blank" href=Tue_Sep_29_14_01_25_IST_2020.jpg><img src=Tue_Sep_29_14_01_25_IST_2020.jpg height=200 width=200></img></a>  </system-out>
  <testcase name="verifyLinksPresentOnKb" time="0.145" classname="com.OSMOSE.testcases.KnowledgeBase"/>
  <system-out>
Click to see Screenshot <a target="_blank" href=Tue_Sep_29_14_01_26_IST_2020.jpg>Screenshot</a> <br> <br> <a target="_blank" href=Tue_Sep_29_14_01_26_IST_2020.jpg><img src=Tue_Sep_29_14_01_26_IST_2020.jpg height=200 width=200></img></a>  </system-out>
  <testcase name="verifyPresenceOfSearchBox" time="0.092" classname="com.OSMOSE.testcases.KnowledgeBase"/>
  <system-out>
Click to see Screenshot <a target="_blank" href=Tue_Sep_29_14_01_26_IST_2020.jpg>Screenshot</a> <br> <br> <a target="_blank" href=Tue_Sep_29_14_01_26_IST_2020.jpg><img src=Tue_Sep_29_14_01_26_IST_2020.jpg height=200 width=200></img></a>  </system-out>
  <testcase name="verifyPresenceOfPopularQueriesFilter" time="0.075" classname="com.OSMOSE.testcases.KnowledgeBase"/>
  <system-out>
Click to see Screenshot <a target="_blank" href=Tue_Sep_29_14_01_27_IST_2020.jpg>Screenshot</a> <br> <br> <a target="_blank" href=Tue_Sep_29_14_01_27_IST_2020.jpg><img src=Tue_Sep_29_14_01_27_IST_2020.jpg height=200 width=200></img></a>  </system-out>
  <testcase name="verifyPresenceOfFilterItems" time="4.206" classname="com.OSMOSE.testcases.KnowledgeBase"/>
  <system-out>
Click to see Screenshot <a target="_blank" href=Tue_Sep_29_14_01_31_IST_2020.jpg>Screenshot</a> <br> <br> <a target="_blank" href=Tue_Sep_29_14_01_31_IST_2020.jpg><img src=Tue_Sep_29_14_01_31_IST_2020.jpg height=200 width=200></img></a>  </system-out>
  <testcase name="verifyPresenceSteelAndConcreteAssessmentCard" time="0.032" classname="com.OSMOSE.testcases.KnowledgeBase"/>
  <system-out>
Click to see Screenshot <a target="_blank" href=Tue_Sep_29_14_01_32_IST_2020.jpg>Screenshot</a> <br> <br> <a target="_blank" href=Tue_Sep_29_14_01_32_IST_2020.jpg><img src=Tue_Sep_29_14_01_32_IST_2020.jpg height=200 width=200></img></a>  </system-out>
  <testcase name="verifyPresenceSteelAndConcreteRestorationCard" time="0.040" classname="com.OSMOSE.testcases.KnowledgeBase"/>
  <system-out>
Click to see Screenshot <a target="_blank" href=Tue_Sep_29_14_01_32_IST_2020.jpg>Screenshot</a> <br> <br> <a target="_blank" href=Tue_Sep_29_14_01_32_IST_2020.jpg><img src=Tue_Sep_29_14_01_32_IST_2020.jpg height=200 width=200></img></a>  </system-out>
  <testcase name="verifyPresenceWoodInspectionAndTreatmentCard" time="0.041" classname="com.OSMOSE.testcases.KnowledgeBase"/>
  <system-out>
Click to see Screenshot <a target="_blank" href=Tue_Sep_29_14_01_33_IST_2020.jpg>Screenshot</a> <br> <br> <a target="_blank" href=Tue_Sep_29_14_01_33_IST_2020.jpg><img src=Tue_Sep_29_14_01_33_IST_2020.jpg height=200 width=200></img></a>  </system-out>
  <testcase name="verifyPresenceWoodRestorationCard" time="0.030" classname="com.OSMOSE.testcases.KnowledgeBase"/>
  <system-out>
Click to see Screenshot <a target="_blank" href=Tue_Sep_29_14_01_33_IST_2020.jpg>Screenshot</a> <br> <br> <a target="_blank" href=Tue_Sep_29_14_01_33_IST_2020.jpg><img src=Tue_Sep_29_14_01_33_IST_2020.jpg height=200 width=200></img></a>  </system-out>
  <testcase name="verifyPresenceUndergroundCard" time="0.041" classname="com.OSMOSE.testcases.KnowledgeBase"/>
  <system-out>
Click to see Screenshot <a target="_blank" href=Tue_Sep_29_14_01_34_IST_2020.jpg>Screenshot</a> <br> <br> <a target="_blank" href=Tue_Sep_29_14_01_34_IST_2020.jpg><img src=Tue_Sep_29_14_01_34_IST_2020.jpg height=200 width=200></img></a>  </system-out>
  <testcase name="verifyPresenceOverheadCard" time="0.043" classname="com.OSMOSE.testcases.KnowledgeBase"/>
  <system-out>
Click to see Screenshot <a target="_blank" href=Tue_Sep_29_14_01_34_IST_2020.jpg>Screenshot</a> <br> <br> <a target="_blank" href=Tue_Sep_29_14_01_34_IST_2020.jpg><img src=Tue_Sep_29_14_01_34_IST_2020.jpg height=200 width=200></img></a>  </system-out>
  <testcase name="verifyPresenceJointUseCard" time="0.071" classname="com.OSMOSE.testcases.KnowledgeBase"/>
  <system-out>
Click to see Screenshot <a target="_blank" href=Tue_Sep_29_14_01_35_IST_2020.jpg>Screenshot</a> <br> <br> <a target="_blank" href=Tue_Sep_29_14_01_35_IST_2020.jpg><img src=Tue_Sep_29_14_01_35_IST_2020.jpg height=200 width=200></img></a>  </system-out>
  <testcase name="verifyPresencePoleReplacementCard" time="0.045" classname="com.OSMOSE.testcases.KnowledgeBase"/>
  <system-out>
Click to see Screenshot <a target="_blank" href=Tue_Sep_29_14_01_35_IST_2020.jpg>Screenshot</a> <br> <br> <a target="_blank" href=Tue_Sep_29_14_01_35_IST_2020.jpg><img src=Tue_Sep_29_14_01_35_IST_2020.jpg height=200 width=200></img></a>  </system-out>
  <testcase name="verifyPresenceStormSupportCard" time="0.060" classname="com.OSMOSE.testcases.KnowledgeBase"/>
  <system-out>
Click to see Screenshot <a target="_blank" href=Tue_Sep_29_14_01_36_IST_2020.jpg>Screenshot</a> <br> <br> <a target="_blank" href=Tue_Sep_29_14_01_36_IST_2020.jpg><img src=Tue_Sep_29_14_01_36_IST_2020.jpg height=200 width=200></img></a>  </system-out>
  <testcase name="verifyPresenceProductsCard" time="0.070" classname="com.OSMOSE.testcases.KnowledgeBase"/>
  <system-out>
Click to see Screenshot <a target="_blank" href=Tue_Sep_29_14_01_36_IST_2020.jpg>Screenshot</a> <br> <br> <a target="_blank" href=Tue_Sep_29_14_01_36_IST_2020.jpg><img src=Tue_Sep_29_14_01_36_IST_2020.jpg height=200 width=200></img></a>  </system-out>
  <testcase name="verifyPresenceOCalcProCard" time="0.030" classname="com.OSMOSE.testcases.KnowledgeBase"/>
  <system-out>
Click to see Screenshot <a target="_blank" href=Tue_Sep_29_14_01_37_IST_2020.jpg>Screenshot</a> <br> <br> <a target="_blank" href=Tue_Sep_29_14_01_37_IST_2020.jpg><img src=Tue_Sep_29_14_01_37_IST_2020.jpg height=200 width=200></img></a>  </system-out>
  <testcase name="verifyPresenceProjectOfTheWeekCard" time="0.069" classname="com.OSMOSE.testcases.KnowledgeBase"/>
  <system-out>
Click to see Screenshot <a target="_blank" href=Tue_Sep_29_14_01_37_IST_2020.jpg>Screenshot</a> <br> <br> <a target="_blank" href=Tue_Sep_29_14_01_37_IST_2020.jpg><img src=Tue_Sep_29_14_01_37_IST_2020.jpg height=200 width=200></img></a>  </system-out>
  <testcase name="verifyPresenceWhatswrongwiththisPictureCard" time="0.038" classname="com.OSMOSE.testcases.KnowledgeBase"/>
  <system-out>
Click to see Screenshot <a target="_blank" href=Tue_Sep_29_14_01_38_IST_2020.jpg>Screenshot</a> <br> <br> <a target="_blank" href=Tue_Sep_29_14_01_38_IST_2020.jpg><img src=Tue_Sep_29_14_01_38_IST_2020.jpg height=200 width=200></img></a>  </system-out>
  <testcase name="verifyPresenceFeaturedVideosCard" time="0.034" classname="com.OSMOSE.testcases.KnowledgeBase"/>
  <system-out>
Click to see Screenshot <a target="_blank" href=Tue_Sep_29_14_01_38_IST_2020.jpg>Screenshot</a> <br> <br> <a target="_blank" href=Tue_Sep_29_14_01_38_IST_2020.jpg><img src=Tue_Sep_29_14_01_38_IST_2020.jpg height=200 width=200></img></a>  </system-out>
  <testcase name="verifyPresenceSuggestedContentsCard" time="0.047" classname="com.OSMOSE.testcases.KnowledgeBase"/>
  <system-out>
Click to see Screenshot <a target="_blank" href=Tue_Sep_29_14_01_39_IST_2020.jpg>Screenshot</a> <br> <br> <a target="_blank" href=Tue_Sep_29_14_01_39_IST_2020.jpg><img src=Tue_Sep_29_14_01_39_IST_2020.jpg height=200 width=200></img></a>  </system-out>
  <testcase name="verifyPresenceOfOcalCproButtons" time="3.205" classname="com.OSMOSE.testcases.KnowledgeBase"/>
  <system-out>
Click to see Screenshot <a target="_blank" href=Tue_Sep_29_14_01_42_IST_2020.jpg>Screenshot</a> <br> <br> <a target="_blank" href=Tue_Sep_29_14_01_42_IST_2020.jpg><img src=Tue_Sep_29_14_01_42_IST_2020.jpg height=200 width=200></img></a>  </system-out>
  <testcase name="verifyPresenceOfSliderOnSuggestedContents" time="8.142" classname="com.OSMOSE.testcases.KnowledgeBase"/>
  <system-out>
Click to see Screenshot <a target="_blank" href=Tue_Sep_29_14_01_51_IST_2020.jpg>Screenshot</a> <br> <br> <a target="_blank" href=Tue_Sep_29_14_01_51_IST_2020.jpg><img src=Tue_Sep_29_14_01_51_IST_2020.jpg height=200 width=200></img></a>  </system-out>
  <testcase name="verifyClickOnItemSuggestedContents" time="9.239" classname="com.OSMOSE.testcases.KnowledgeBase"/>
  <system-out>
Click to see Screenshot <a target="_blank" href=Tue_Sep_29_14_02_01_IST_2020.jpg>Screenshot</a> <br> <br> <a target="_blank" href=Tue_Sep_29_14_02_01_IST_2020.jpg><img src=Tue_Sep_29_14_02_01_IST_2020.jpg height=200 width=200></img></a>  </system-out>
  <testcase name="verifyClickOnItemFeaturedVideos" time="5.275" classname="com.OSMOSE.testcases.KnowledgeBase"/>
  <system-out>
Click to see Screenshot <a target="_blank" href=Tue_Sep_29_14_02_06_IST_2020.jpg>Screenshot</a> <br> <br> <a target="_blank" href=Tue_Sep_29_14_02_06_IST_2020.jpg><img src=Tue_Sep_29_14_02_06_IST_2020.jpg height=200 width=200></img></a>  </system-out>
  <testcase name="verifyClickOnViewProjectProjectOfTheWeek" time="7.348" classname="com.OSMOSE.testcases.KnowledgeBase"/>
  <system-out>
Click to see Screenshot <a target="_blank" href=Tue_Sep_29_14_02_14_IST_2020.jpg>Screenshot</a> <br> <br> <a target="_blank" href=Tue_Sep_29_14_02_14_IST_2020.jpg><img src=Tue_Sep_29_14_02_14_IST_2020.jpg height=200 width=200></img></a>  </system-out>
  <testcase name="verifyCardContentsSteelConcreteAssessment" time="0.208" classname="com.OSMOSE.testcases.KnowledgeBase"/>
  <system-out>
Click to see Screenshot <a target="_blank" href=Tue_Sep_29_14_02_15_IST_2020.jpg>Screenshot</a> <br> <br> <a target="_blank" href=Tue_Sep_29_14_02_15_IST_2020.jpg><img src=Tue_Sep_29_14_02_15_IST_2020.jpg height=200 width=200></img></a>  </system-out>
  <testcase name="verifyCardContentsSteelConcreteRestoration" time="0.176" classname="com.OSMOSE.testcases.KnowledgeBase"/>
  <system-out>
Click to see Screenshot <a target="_blank" href=Tue_Sep_29_14_02_16_IST_2020.jpg>Screenshot</a> <br> <br> <a target="_blank" href=Tue_Sep_29_14_02_16_IST_2020.jpg><img src=Tue_Sep_29_14_02_16_IST_2020.jpg height=200 width=200></img></a>  </system-out>
  <testcase name="verifyCardContentsWoodInspectionTreatment" time="0.261" classname="com.OSMOSE.testcases.KnowledgeBase"/>
  <system-out>
Click to see Screenshot <a target="_blank" href=Tue_Sep_29_14_02_16_IST_2020.jpg>Screenshot</a> <br> <br> <a target="_blank" href=Tue_Sep_29_14_02_16_IST_2020.jpg><img src=Tue_Sep_29_14_02_16_IST_2020.jpg height=200 width=200></img></a>  </system-out>
  <testcase name="verifyCardContentsWoodRestoration" time="0.195" classname="com.OSMOSE.testcases.KnowledgeBase"/>
  <system-out>
Click to see Screenshot <a target="_blank" href=Tue_Sep_29_14_02_17_IST_2020.jpg>Screenshot</a> <br> <br> <a target="_blank" href=Tue_Sep_29_14_02_17_IST_2020.jpg><img src=Tue_Sep_29_14_02_17_IST_2020.jpg height=200 width=200></img></a>  </system-out>
  <testcase name="verifyCardContentsJointUse" time="0.235" classname="com.OSMOSE.testcases.KnowledgeBase"/>
  <system-out>
Click to see Screenshot <a target="_blank" href=Tue_Sep_29_14_02_18_IST_2020.jpg>Screenshot</a> <br> <br> <a target="_blank" href=Tue_Sep_29_14_02_18_IST_2020.jpg><img src=Tue_Sep_29_14_02_18_IST_2020.jpg height=200 width=200></img></a>  </system-out>
  <testcase name="verifyCardContentsOverhead" time="0.514" classname="com.OSMOSE.testcases.KnowledgeBase"/>
  <system-out>
Click to see Screenshot <a target="_blank" href=Tue_Sep_29_14_02_19_IST_2020.jpg>Screenshot</a> <br> <br> <a target="_blank" href=Tue_Sep_29_14_02_19_IST_2020.jpg><img src=Tue_Sep_29_14_02_19_IST_2020.jpg height=200 width=200></img></a>  </system-out>
  <testcase name="verifyCardContentsPoleReplacement" time="0.192" classname="com.OSMOSE.testcases.KnowledgeBase"/>
  <system-out>
Click to see Screenshot <a target="_blank" href=Tue_Sep_29_14_02_19_IST_2020.jpg>Screenshot</a> <br> <br> <a target="_blank" href=Tue_Sep_29_14_02_19_IST_2020.jpg><img src=Tue_Sep_29_14_02_19_IST_2020.jpg height=200 width=200></img></a>  </system-out>
  <testcase name="verifyCardContentsProducts" time="0.234" classname="com.OSMOSE.testcases.KnowledgeBase"/>
  <system-out>
Click to see Screenshot <a target="_blank" href=Tue_Sep_29_14_02_20_IST_2020.jpg>Screenshot</a> <br> <br> <a target="_blank" href=Tue_Sep_29_14_02_20_IST_2020.jpg><img src=Tue_Sep_29_14_02_20_IST_2020.jpg height=200 width=200></img></a>  </system-out>
  <testcase name="verifyCardContentsStormSupport" time="0.267" classname="com.OSMOSE.testcases.KnowledgeBase"/>
  <system-out>
Click to see Screenshot <a target="_blank" href=Tue_Sep_29_14_02_21_IST_2020.jpg>Screenshot</a> <br> <br> <a target="_blank" href=Tue_Sep_29_14_02_21_IST_2020.jpg><img src=Tue_Sep_29_14_02_21_IST_2020.jpg height=200 width=200></img></a>  </system-out>
  <testcase name="verifyCardContentsUnderground" time="0.241" classname="com.OSMOSE.testcases.KnowledgeBase"/>
  <system-out>
Click to see Screenshot <a target="_blank" href=Tue_Sep_29_14_02_22_IST_2020.jpg>Screenshot</a> <br> <br> <a target="_blank" href=Tue_Sep_29_14_02_22_IST_2020.jpg><img src=Tue_Sep_29_14_02_22_IST_2020.jpg height=200 width=200></img></a>  </system-out>
  <testcase name="verifyClickOnDailyGaffGallery" time="24.344" classname="com.OSMOSE.testcases.KnowledgeBase"/>
  <system-out>
Click to see Screenshot <a target="_blank" href=Tue_Sep_29_14_02_46_IST_2020.jpg>Screenshot</a> <br> <br> <a target="_blank" href=Tue_Sep_29_14_02_46_IST_2020.jpg><img src=Tue_Sep_29_14_02_46_IST_2020.jpg height=200 width=200></img></a>  </system-out>
  <testcase name="verifyClickOnDailyGaffGalleryImage" time="16.430" classname="com.OSMOSE.testcases.KnowledgeBase"/>
  <system-out>
Click to see Screenshot <a target="_blank" href=Tue_Sep_29_14_03_03_IST_2020.jpg>Screenshot</a> <br> <br> <a target="_blank" href=Tue_Sep_29_14_03_03_IST_2020.jpg><img src=Tue_Sep_29_14_03_03_IST_2020.jpg height=200 width=200></img></a>  </system-out>
  <testcase name="verifyClickOnJointUseCard" time="45.504" classname="com.OSMOSE.testcases.KnowledgeBase"/>
  <system-out>
Click to see Screenshot <a target="_blank" href=Tue_Sep_29_14_03_49_IST_2020.jpg>Screenshot</a> <br> <br> <a target="_blank" href=Tue_Sep_29_14_03_49_IST_2020.jpg><img src=Tue_Sep_29_14_03_49_IST_2020.jpg height=200 width=200></img></a>  </system-out>
  <testcase name="verifyClickOnOverheadCard" time="41.325" classname="com.OSMOSE.testcases.KnowledgeBase"/>
  <system-out>
Click to see Screenshot <a target="_blank" href=Tue_Sep_29_14_04_31_IST_2020.jpg>Screenshot</a> <br> <br> <a target="_blank" href=Tue_Sep_29_14_04_31_IST_2020.jpg><img src=Tue_Sep_29_14_04_31_IST_2020.jpg height=200 width=200></img></a>  </system-out>
  <testcase name="verifyClickOnPoleReplacementCard" time="41.353" classname="com.OSMOSE.testcases.KnowledgeBase"/>
  <system-out>
Click to see Screenshot <a target="_blank" href=Tue_Sep_29_14_05_12_IST_2020.jpg>Screenshot</a> <br> <br> <a target="_blank" href=Tue_Sep_29_14_05_12_IST_2020.jpg><img src=Tue_Sep_29_14_05_12_IST_2020.jpg height=200 width=200></img></a>  </system-out>
  <testcase name="verifyClickOnProductsCard" time="41.353" classname="com.OSMOSE.testcases.KnowledgeBase"/>
  <system-out>
Click to see Screenshot <a target="_blank" href=Tue_Sep_29_14_05_54_IST_2020.jpg>Screenshot</a> <br> <br> <a target="_blank" href=Tue_Sep_29_14_05_54_IST_2020.jpg><img src=Tue_Sep_29_14_05_54_IST_2020.jpg height=200 width=200></img></a>  </system-out>
  <testcase name="verifyClickOnSteelandConcreteAssessmentCard" time="20.090" classname="com.OSMOSE.testcases.KnowledgeBase"/>
  <system-out>
Click to see Screenshot <a target="_blank" href=Tue_Sep_29_14_06_15_IST_2020.jpg>Screenshot</a> <br> <br> <a target="_blank" href=Tue_Sep_29_14_06_15_IST_2020.jpg><img src=Tue_Sep_29_14_06_15_IST_2020.jpg height=200 width=200></img></a>  </system-out>
  <testcase name="verifyClickOnSteelandConcreteRestorationCard" time="20.070" classname="com.OSMOSE.testcases.KnowledgeBase"/>
  <system-out>
Click to see Screenshot <a target="_blank" href=Tue_Sep_29_14_06_35_IST_2020.jpg>Screenshot</a> <br> <br> <a target="_blank" href=Tue_Sep_29_14_06_35_IST_2020.jpg><img src=Tue_Sep_29_14_06_35_IST_2020.jpg height=200 width=200></img></a>  </system-out>
  <testcase name="verifyClickOnStormSupportCard" time="41.346" classname="com.OSMOSE.testcases.KnowledgeBase"/>
  <system-out>
Click to see Screenshot <a target="_blank" href=Tue_Sep_29_14_07_17_IST_2020.jpg>Screenshot</a> <br> <br> <a target="_blank" href=Tue_Sep_29_14_07_17_IST_2020.jpg><img src=Tue_Sep_29_14_07_17_IST_2020.jpg height=200 width=200></img></a>  </system-out>
  <testcase name="verifyClickOnUndergroundCard" time="41.423" classname="com.OSMOSE.testcases.KnowledgeBase"/>
  <system-out>
Click to see Screenshot <a target="_blank" href=Tue_Sep_29_14_07_59_IST_2020.jpg>Screenshot</a> <br> <br> <a target="_blank" href=Tue_Sep_29_14_07_59_IST_2020.jpg><img src=Tue_Sep_29_14_07_59_IST_2020.jpg height=200 width=200></img></a>  </system-out>
  <testcase name="verifyClickOnWoodRestorationCard" time="20.086" classname="com.OSMOSE.testcases.KnowledgeBase"/>
  <system-out>
Click to see Screenshot <a target="_blank" href=Tue_Sep_29_14_08_19_IST_2020.jpg>Screenshot</a> <br> <br> <a target="_blank" href=Tue_Sep_29_14_08_19_IST_2020.jpg><img src=Tue_Sep_29_14_08_19_IST_2020.jpg height=200 width=200></img></a>  </system-out>
  <testcase name="verifyClickOnWoodInspectionCard" time="20.098" classname="com.OSMOSE.testcases.KnowledgeBase"/>
  <system-out>
Click to see Screenshot <a target="_blank" href=Tue_Sep_29_14_08_40_IST_2020.jpg>Screenshot</a> <br> <br> <a target="_blank" href=Tue_Sep_29_14_08_40_IST_2020.jpg><img src=Tue_Sep_29_14_08_40_IST_2020.jpg height=200 width=200></img></a>  </system-out>
  <testcase name="verifyClickonJointUsImages" time="21.698" classname="com.OSMOSE.testcases.KnowledgeBase"/>
  <system-out>
Click to see Screenshot <a target="_blank" href=Tue_Sep_29_14_09_02_IST_2020.jpg>Screenshot</a> <br> <br> <a target="_blank" href=Tue_Sep_29_14_09_02_IST_2020.jpg><img src=Tue_Sep_29_14_09_02_IST_2020.jpg height=200 width=200></img></a>  </system-out>
  <testcase name="verifyClickonJointUsVideos" time="36.567" classname="com.OSMOSE.testcases.KnowledgeBase"/>
  <system-out>
Click to see Screenshot <a target="_blank" href=Tue_Sep_29_14_09_39_IST_2020.jpg>Screenshot</a> <br> <br> <a target="_blank" href=Tue_Sep_29_14_09_39_IST_2020.jpg><img src=Tue_Sep_29_14_09_39_IST_2020.jpg height=200 width=200></img></a>  </system-out>
  <testcase name="verifyClickonJointUsArticles" time="9.002" classname="com.OSMOSE.testcases.KnowledgeBase"/>
  <system-out>
Click to see Screenshot <a target="_blank" href=Tue_Sep_29_14_09_48_IST_2020.jpg>Screenshot</a> <br> <br> <a target="_blank" href=Tue_Sep_29_14_09_48_IST_2020.jpg><img src=Tue_Sep_29_14_09_48_IST_2020.jpg height=200 width=200></img></a>  </system-out>
  <testcase name="verifyClickonOverheadVideos" time="34.543" classname="com.OSMOSE.testcases.KnowledgeBase"/>
  <system-out>
Click to see Screenshot <a target="_blank" href=Tue_Sep_29_14_10_23_IST_2020.jpg>Screenshot</a> <br> <br> <a target="_blank" href=Tue_Sep_29_14_10_23_IST_2020.jpg><img src=Tue_Sep_29_14_10_23_IST_2020.jpg height=200 width=200></img></a>  </system-out>
  <testcase name="verifyClickonOverheadImages" time="26.645" classname="com.OSMOSE.testcases.KnowledgeBase"/>
  <system-out>
Click to see Screenshot <a target="_blank" href=Tue_Sep_29_14_10_50_IST_2020.jpg>Screenshot</a> <br> <br> <a target="_blank" href=Tue_Sep_29_14_10_50_IST_2020.jpg><img src=Tue_Sep_29_14_10_50_IST_2020.jpg height=200 width=200></img></a>  </system-out>
  <testcase name="verifyClickonOverheadProjectProfiles" time="26.719" classname="com.OSMOSE.testcases.KnowledgeBase"/>
  <system-out>
Click to see Screenshot <a target="_blank" href=Tue_Sep_29_14_11_17_IST_2020.jpg>Screenshot</a> <br> <br> <a target="_blank" href=Tue_Sep_29_14_11_17_IST_2020.jpg><img src=Tue_Sep_29_14_11_17_IST_2020.jpg height=200 width=200></img></a>  </system-out>
  <testcase name="verifyClickonPoleReplacementImages" time="26.630" classname="com.OSMOSE.testcases.KnowledgeBase"/>
  <system-out>
Click to see Screenshot <a target="_blank" href=Tue_Sep_29_14_11_45_IST_2020.jpg>Screenshot</a> <br> <br> <a target="_blank" href=Tue_Sep_29_14_11_45_IST_2020.jpg><img src=Tue_Sep_29_14_11_45_IST_2020.jpg height=200 width=200></img></a>  </system-out>
  <testcase name="verifyClickonPoleReplacementVideos" time="36.536" classname="com.OSMOSE.testcases.KnowledgeBase"/>
  <system-out>
Click to see Screenshot <a target="_blank" href=Tue_Sep_29_14_12_21_IST_2020.jpg>Screenshot</a> <br> <br> <a target="_blank" href=Tue_Sep_29_14_12_21_IST_2020.jpg><img src=Tue_Sep_29_14_12_21_IST_2020.jpg height=200 width=200></img></a>  </system-out>
  <testcase name="verifyClickonPoleReplacementBrochure" time="26.592" classname="com.OSMOSE.testcases.KnowledgeBase"/>
  <system-out>
Click to see Screenshot <a target="_blank" href=Tue_Sep_29_14_12_48_IST_2020.jpg>Screenshot</a> <br> <br> <a target="_blank" href=Tue_Sep_29_14_12_48_IST_2020.jpg><img src=Tue_Sep_29_14_12_48_IST_2020.jpg height=200 width=200></img></a>  </system-out>
  <testcase name="verifyClickonProductsImages" time="26.653" classname="com.OSMOSE.testcases.KnowledgeBase"/>
  <system-out>
Click to see Screenshot <a target="_blank" href=Tue_Sep_29_14_13_16_IST_2020.jpg>Screenshot</a> <br> <br> <a target="_blank" href=Tue_Sep_29_14_13_16_IST_2020.jpg><img src=Tue_Sep_29_14_13_16_IST_2020.jpg height=200 width=200></img></a>  </system-out>
  <testcase name="verifyClickonProductsVideos" time="36.545" classname="com.OSMOSE.testcases.KnowledgeBase"/>
  <system-out>
Click to see Screenshot <a target="_blank" href=Tue_Sep_29_14_13_53_IST_2020.jpg>Screenshot</a> <br> <br> <a target="_blank" href=Tue_Sep_29_14_13_53_IST_2020.jpg><img src=Tue_Sep_29_14_13_53_IST_2020.jpg height=200 width=200></img></a>  </system-out>
  <testcase name="verifyClickonProductsProductCatalog" time="26.664" classname="com.OSMOSE.testcases.KnowledgeBase"/>
  <system-out>
Click to see Screenshot <a target="_blank" href=Tue_Sep_29_14_14_20_IST_2020.jpg>Screenshot</a> <br> <br> <a target="_blank" href=Tue_Sep_29_14_14_20_IST_2020.jpg><img src=Tue_Sep_29_14_14_20_IST_2020.jpg height=200 width=200></img></a>  </system-out>
  <testcase name="verifyClickonSteelAndConcreteAssessmentImages" time="26.638" classname="com.OSMOSE.testcases.KnowledgeBase"/>
  <system-out>
Click to see Screenshot <a target="_blank" href=Tue_Sep_29_14_14_47_IST_2020.jpg>Screenshot</a> <br> <br> <a target="_blank" href=Tue_Sep_29_14_14_47_IST_2020.jpg><img src=Tue_Sep_29_14_14_47_IST_2020.jpg height=200 width=200></img></a>  </system-out>
  <testcase name="verifyClickonSteelAndConcreteAssessmentBrochures" time="9.075" classname="com.OSMOSE.testcases.KnowledgeBase"/>
  <system-out>
Click to see Screenshot <a target="_blank" href=Tue_Sep_29_14_14_56_IST_2020.jpg>Screenshot</a> <br> <br> <a target="_blank" href=Tue_Sep_29_14_14_56_IST_2020.jpg><img src=Tue_Sep_29_14_14_56_IST_2020.jpg height=200 width=200></img></a>  </system-out>
  <testcase name="verifyClickonSteelAndConcreteAssessmentStandardsCodes" time="8.104" classname="com.OSMOSE.testcases.KnowledgeBase"/>
  <system-out>
Click to see Screenshot <a target="_blank" href=Tue_Sep_29_14_15_05_IST_2020.jpg>Screenshot</a> <br> <br> <a target="_blank" href=Tue_Sep_29_14_15_05_IST_2020.jpg><img src=Tue_Sep_29_14_15_05_IST_2020.jpg height=200 width=200></img></a>  </system-out>
  <testcase name="verifyClickonSteelAndConcreteRestorationArticles" time="8.988" classname="com.OSMOSE.testcases.KnowledgeBase"/>
  <system-out>
Click to see Screenshot <a target="_blank" href=Tue_Sep_29_14_15_14_IST_2020.jpg>Screenshot</a> <br> <br> <a target="_blank" href=Tue_Sep_29_14_15_14_IST_2020.jpg><img src=Tue_Sep_29_14_15_14_IST_2020.jpg height=200 width=200></img></a>  </system-out>
  <testcase name="verifyClickonSteelAndConcreteRestorationBrochures" time="8.105" classname="com.OSMOSE.testcases.KnowledgeBase"/>
  <system-out>
Click to see Screenshot <a target="_blank" href=Tue_Sep_29_14_15_23_IST_2020.jpg>Screenshot</a> <br> <br> <a target="_blank" href=Tue_Sep_29_14_15_23_IST_2020.jpg><img src=Tue_Sep_29_14_15_23_IST_2020.jpg height=200 width=200></img></a>  </system-out>
  <testcase name="verifyClickonSteelAndConcreteRestorationImages" time="27.114" classname="com.OSMOSE.testcases.KnowledgeBase"/>
  <system-out>
Click to see Screenshot <a target="_blank" href=Tue_Sep_29_14_15_50_IST_2020.jpg>Screenshot</a> <br> <br> <a target="_blank" href=Tue_Sep_29_14_15_50_IST_2020.jpg><img src=Tue_Sep_29_14_15_50_IST_2020.jpg height=200 width=200></img></a>  </system-out>
  <testcase name="verifyClickonStormSupportImages" time="26.703" classname="com.OSMOSE.testcases.KnowledgeBase"/>
  <system-out>
Click to see Screenshot <a target="_blank" href=Tue_Sep_29_14_16_17_IST_2020.jpg>Screenshot</a> <br> <br> <a target="_blank" href=Tue_Sep_29_14_16_17_IST_2020.jpg><img src=Tue_Sep_29_14_16_17_IST_2020.jpg height=200 width=200></img></a>  </system-out>
  <testcase name="verifyClickonStormSupportVideos" time="36.511" classname="com.OSMOSE.testcases.KnowledgeBase"/>
  <system-out>
Click to see Screenshot <a target="_blank" href=Tue_Sep_29_14_16_54_IST_2020.jpg>Screenshot</a> <br> <br> <a target="_blank" href=Tue_Sep_29_14_16_54_IST_2020.jpg><img src=Tue_Sep_29_14_16_54_IST_2020.jpg height=200 width=200></img></a>  </system-out>
  <testcase name="verifyClickonStormSupportProjectProfiles" time="26.613" classname="com.OSMOSE.testcases.KnowledgeBase"/>
  <system-out>
Click to see Screenshot <a target="_blank" href=Tue_Sep_29_14_17_21_IST_2020.jpg>Screenshot</a> <br> <br> <a target="_blank" href=Tue_Sep_29_14_17_21_IST_2020.jpg><img src=Tue_Sep_29_14_17_21_IST_2020.jpg height=200 width=200></img></a>  </system-out>
  <testcase name="verifyClickonUndergroundImages" time="26.614" classname="com.OSMOSE.testcases.KnowledgeBase"/>
  <system-out>
Click to see Screenshot <a target="_blank" href=Tue_Sep_29_14_17_48_IST_2020.jpg>Screenshot</a> <br> <br> <a target="_blank" href=Tue_Sep_29_14_17_48_IST_2020.jpg><img src=Tue_Sep_29_14_17_48_IST_2020.jpg height=200 width=200></img></a>  </system-out>
  <testcase name="verifyClickonUndergroundBrochure" time="26.601" classname="com.OSMOSE.testcases.KnowledgeBase"/>
  <system-out>
Click to see Screenshot <a target="_blank" href=Tue_Sep_29_14_18_15_IST_2020.jpg>Screenshot</a> <br> <br> <a target="_blank" href=Tue_Sep_29_14_18_15_IST_2020.jpg><img src=Tue_Sep_29_14_18_15_IST_2020.jpg height=200 width=200></img></a>  </system-out>
  <testcase name="verifyClickonUndergroundDiagram" time="26.627" classname="com.OSMOSE.testcases.KnowledgeBase"/>
  <system-out>
Click to see Screenshot <a target="_blank" href=Tue_Sep_29_14_18_42_IST_2020.jpg>Screenshot</a> <br> <br> <a target="_blank" href=Tue_Sep_29_14_18_42_IST_2020.jpg><img src=Tue_Sep_29_14_18_42_IST_2020.jpg height=200 width=200></img></a>  </system-out>
  <testcase name="verifyClickonWoodRestorationVideos" time="36.548" classname="com.OSMOSE.testcases.KnowledgeBase"/>
  <system-out>
Click to see Screenshot <a target="_blank" href=Tue_Sep_29_14_19_19_IST_2020.jpg>Screenshot</a> <br> <br> <a target="_blank" href=Tue_Sep_29_14_19_19_IST_2020.jpg><img src=Tue_Sep_29_14_19_19_IST_2020.jpg height=200 width=200></img></a>  </system-out>
  <testcase name="verifyClickonWoodRestorationBrochures" time="9.097" classname="com.OSMOSE.testcases.KnowledgeBase"/>
  <system-out>
Click to see Screenshot <a target="_blank" href=Tue_Sep_29_14_19_29_IST_2020.jpg>Screenshot</a> <br> <br> <a target="_blank" href=Tue_Sep_29_14_19_29_IST_2020.jpg><img src=Tue_Sep_29_14_19_29_IST_2020.jpg height=200 width=200></img></a>  </system-out>
  <testcase name="verifyClickonWoodRestorationArticles" time="8.106" classname="com.OSMOSE.testcases.KnowledgeBase"/>
  <system-out>
Click to see Screenshot <a target="_blank" href=Tue_Sep_29_14_19_37_IST_2020.jpg>Screenshot</a> <br> <br> <a target="_blank" href=Tue_Sep_29_14_19_37_IST_2020.jpg><img src=Tue_Sep_29_14_19_37_IST_2020.jpg height=200 width=200></img></a>  </system-out>
  <testcase name="verifyClickonWoodTreatmentVideos" time="36.518" classname="com.OSMOSE.testcases.KnowledgeBase"/>
  <system-out>
Click to see Screenshot <a target="_blank" href=Tue_Sep_29_14_20_14_IST_2020.jpg>Screenshot</a> <br> <br> <a target="_blank" href=Tue_Sep_29_14_20_14_IST_2020.jpg><img src=Tue_Sep_29_14_20_14_IST_2020.jpg height=200 width=200></img></a>  </system-out>
  <testcase name="verifyClickonWoodTreatmentImages" time="26.596" classname="com.OSMOSE.testcases.KnowledgeBase"/>
  <system-out>
Click to see Screenshot <a target="_blank" href=Tue_Sep_29_14_20_41_IST_2020.jpg>Screenshot</a> <br> <br> <a target="_blank" href=Tue_Sep_29_14_20_41_IST_2020.jpg><img src=Tue_Sep_29_14_20_41_IST_2020.jpg height=200 width=200></img></a>  </system-out>
  <testcase name="verifyClickonWoodTreatmentResearch" time="26.594" classname="com.OSMOSE.testcases.KnowledgeBase"/>
  <system-out>
Click to see Screenshot <a target="_blank" href=Tue_Sep_29_14_21_08_IST_2020.jpg>Screenshot</a> <br> <br> <a target="_blank" href=Tue_Sep_29_14_21_08_IST_2020.jpg><img src=Tue_Sep_29_14_21_08_IST_2020.jpg height=200 width=200></img></a>  </system-out>
  <testcase name="verifyClickonVideosSeeMore" time="34.357" classname="com.OSMOSE.testcases.KnowledgeBase"/>
  <system-out>
Click to see Screenshot <a target="_blank" href=Tue_Sep_29_14_21_43_IST_2020.jpg>Screenshot</a> <br> <br> <a target="_blank" href=Tue_Sep_29_14_21_43_IST_2020.jpg><img src=Tue_Sep_29_14_21_43_IST_2020.jpg height=200 width=200></img></a>  </system-out>
  <testcase name="verifyClickonImagesSeeMore" time="40.305" classname="com.OSMOSE.testcases.KnowledgeBase"/>
  <system-out>
Click to see Screenshot <a target="_blank" href=Tue_Sep_29_14_22_24_IST_2020.jpg>Screenshot</a> <br> <br> <a target="_blank" href=Tue_Sep_29_14_22_24_IST_2020.jpg><img src=Tue_Sep_29_14_22_24_IST_2020.jpg height=200 width=200></img></a>  </system-out>
  <testcase name="verifyClickonDocumentsSeeMore" time="40.320" classname="com.OSMOSE.testcases.KnowledgeBase"/>
  <system-out>
Click to see Screenshot <a target="_blank" href=Tue_Sep_29_14_23_05_IST_2020.jpg>Screenshot</a> <br> <br> <a target="_blank" href=Tue_Sep_29_14_23_05_IST_2020.jpg><img src=Tue_Sep_29_14_23_05_IST_2020.jpg height=200 width=200></img></a>  </system-out>
  <testcase name="verifyClickonJointUseManagementServicesSeeMore" time="43.529" classname="com.OSMOSE.testcases.KnowledgeBase"/>
  <system-out>
Click to see Screenshot <a target="_blank" href=Tue_Sep_29_14_23_49_IST_2020.jpg>Screenshot</a> <br> <br> <a target="_blank" href=Tue_Sep_29_14_23_49_IST_2020.jpg><img src=Tue_Sep_29_14_23_49_IST_2020.jpg height=200 width=200></img></a>  </system-out>
  <testcase name="verifyDynamicDropdown" time="58.794" classname="com.OSMOSE.testcases.KnowledgeBase"/>
  <system-out>
Click to see Screenshot <a target="_blank" href=Tue_Sep_29_14_24_48_IST_2020.jpg>Screenshot</a> <br> <br> <a target="_blank" href=Tue_Sep_29_14_24_48_IST_2020.jpg><img src=Tue_Sep_29_14_24_48_IST_2020.jpg height=200 width=200></img></a>  </system-out>
  <testcase name="verifySearchResultsAreGrouped" time="34.288" classname="com.OSMOSE.testcases.KnowledgeBase"/>
  <system-out>
Click to see Screenshot <a target="_blank" href=Tue_Sep_29_14_25_23_IST_2020.jpg>Screenshot</a> <br> <br> <a target="_blank" href=Tue_Sep_29_14_25_23_IST_2020.jpg><img src=Tue_Sep_29_14_25_23_IST_2020.jpg height=200 width=200></img></a>  </system-out>
  <testcase name="verifySearchResultsAreGroupedAfterfilterUpdation" time="55.394" classname="com.OSMOSE.testcases.KnowledgeBase"/>
  <system-out>
Click to see Screenshot <a target="_blank" href=Tue_Sep_29_14_26_18_IST_2020.jpg>Screenshot</a> <br> <br> <a target="_blank" href=Tue_Sep_29_14_26_18_IST_2020.jpg><img src=Tue_Sep_29_14_26_18_IST_2020.jpg height=200 width=200></img></a>  </system-out>
  <testcase name="verifySearchResultsOnTyping" time="34.418" classname="com.OSMOSE.testcases.KnowledgeBase"/>
  <system-out>
Click to see Screenshot <a target="_blank" href=Tue_Sep_29_14_26_53_IST_2020.jpg>Screenshot</a> <br> <br> <a target="_blank" href=Tue_Sep_29_14_26_53_IST_2020.jpg><img src=Tue_Sep_29_14_26_53_IST_2020.jpg height=200 width=200></img></a>  </system-out>
  <testcase name="verifyClearButtonOnTyping" time="11.163" classname="com.OSMOSE.testcases.KnowledgeBase"/>
  <system-out>
Click to see Screenshot <a target="_blank" href=Tue_Sep_29_14_27_05_IST_2020.jpg>Screenshot</a> <br> <br> <a target="_blank" href=Tue_Sep_29_14_27_05_IST_2020.jpg><img src=Tue_Sep_29_14_27_05_IST_2020.jpg height=200 width=200></img></a>  </system-out>
  <testcase name="verifySearchResultsAreVideos" time="36.265" classname="com.OSMOSE.testcases.KnowledgeBase"/>
  <system-out>
Click to see Screenshot <a target="_blank" href=Tue_Sep_29_14_27_41_IST_2020.jpg>Screenshot</a> <br> <br> <a target="_blank" href=Tue_Sep_29_14_27_41_IST_2020.jpg><img src=Tue_Sep_29_14_27_41_IST_2020.jpg height=200 width=200></img></a>  </system-out>
  <testcase name="verifySearchResultsAreImages" time="36.278" classname="com.OSMOSE.testcases.KnowledgeBase"/>
  <system-out>
Click to see Screenshot <a target="_blank" href=Tue_Sep_29_14_28_18_IST_2020.jpg>Screenshot</a> <br> <br> <a target="_blank" href=Tue_Sep_29_14_28_18_IST_2020.jpg><img src=Tue_Sep_29_14_28_18_IST_2020.jpg height=200 width=200></img></a>  </system-out>
  <testcase name="verifySearchResultsAreDocuments" time="36.473" classname="com.OSMOSE.testcases.KnowledgeBase"/>
  <system-out>
Click to see Screenshot <a target="_blank" href=Tue_Sep_29_14_28_55_IST_2020.jpg>Screenshot</a> <br> <br> <a target="_blank" href=Tue_Sep_29_14_28_55_IST_2020.jpg><img src=Tue_Sep_29_14_28_55_IST_2020.jpg height=200 width=200></img></a>  </system-out>
  <testcase name="verifyNoResultsFoundMessage" time="11.903" classname="com.OSMOSE.testcases.KnowledgeBase"/>
  <system-out>
Click to see Screenshot <a target="_blank" href=Tue_Sep_29_14_29_07_IST_2020.jpg>Screenshot</a> <br> <br> <a target="_blank" href=Tue_Sep_29_14_29_07_IST_2020.jpg><img src=Tue_Sep_29_14_29_07_IST_2020.jpg height=200 width=200></img></a>  </system-out>
  <testcase name="verifyPresenceOfSortBy" time="41.111" classname="com.OSMOSE.testcases.KnowledgeBase"/>
  <system-out>
Click to see Screenshot <a target="_blank" href=Tue_Sep_29_14_29_49_IST_2020.jpg>Screenshot</a> <br> <br> <a target="_blank" href=Tue_Sep_29_14_29_49_IST_2020.jpg><img src=Tue_Sep_29_14_29_49_IST_2020.jpg height=200 width=200></img></a>  </system-out>
  <testcase name="verifySearchTextUpdation" time="40.558" classname="com.OSMOSE.testcases.KnowledgeBase"/>
  <system-out>
Click to see Screenshot <a target="_blank" href=Tue_Sep_29_14_30_30_IST_2020.jpg>Screenshot</a> <br> <br> <a target="_blank" href=Tue_Sep_29_14_30_30_IST_2020.jpg><img src=Tue_Sep_29_14_30_30_IST_2020.jpg height=200 width=200></img></a>  </system-out>
  <testcase name="verifyPopularFiltersJointUsImages" time="18.240" classname="com.OSMOSE.testcases.KnowledgeBase"/>
  <system-out>
Click to see Screenshot <a target="_blank" href=Tue_Sep_29_14_30_48_IST_2020.jpg>Screenshot</a> <br> <br> <a target="_blank" href=Tue_Sep_29_14_30_48_IST_2020.jpg><img src=Tue_Sep_29_14_30_48_IST_2020.jpg height=200 width=200></img></a>  </system-out>
  <testcase name="verifyPopularQueriesReset" time="17.320" classname="com.OSMOSE.testcases.KnowledgeBase"/>
  <system-out>
Click to see Screenshot <a target="_blank" href=Tue_Sep_29_14_31_06_IST_2020.jpg>Screenshot</a> <br> <br> <a target="_blank" href=Tue_Sep_29_14_31_06_IST_2020.jpg><img src=Tue_Sep_29_14_31_06_IST_2020.jpg height=200 width=200></img></a>  </system-out>
  <testcase name="verifyExternalVideo" time="27.433" classname="com.OSMOSE.testcases.KnowledgeBase"/>
  <system-out>
Click to see Screenshot <a target="_blank" href=Tue_Sep_29_14_31_34_IST_2020.jpg>Screenshot</a> <br> <br> <a target="_blank" href=Tue_Sep_29_14_31_34_IST_2020.jpg><img src=Tue_Sep_29_14_31_34_IST_2020.jpg height=200 width=200></img></a>  </system-out>
  <testcase name="verifyPresenceIndustryNewsCard" classname="com.OSMOSE.testcases.KnowledgeBase">
    <skipped/>
  </testcase> <!-- verifyPresenceIndustryNewsCard -->
  <system-out/>
  <testcase name="verifyIndustrySeeMore" classname="com.OSMOSE.testcases.KnowledgeBase">
    <skipped/>
  </testcase> <!-- verifyIndustrySeeMore -->
  <system-out/>
</testsuite> <!-- com.OSMOSE.testcases.KnowledgeBase -->
