<?xml version="1.0" encoding="UTF-8"?>
<!-- Generated by org.testng.reporters.JUnitReportReporter -->
<testsuite skipped="2" hostname="5CG6323N27" name="com.OSMOSE.testcases.Product" tests="65" failures="0" timestamp="2020-07-23T17:59:40 IST" time="1147.759" errors="3">
  <testcase name="verifyTheProductLink" time="3.495" classname="com.OSMOSE.testcases.Product"/>
  <system-out>
Click to see Screenshot <a target="_blank" href=Thu_Jul_23_17_38_34_IST_2020.jpg>Screenshot</a> <br> <br> <a target="_blank" href=Thu_Jul_23_17_38_34_IST_2020.jpg><img src=Thu_Jul_23_17_38_34_IST_2020.jpg height=200 width=200></img></a>  </system-out>
  <testcase name="searchElementPresent" time="50.059" classname="com.OSMOSE.testcases.Product"/>
  <system-out>
Click to see Screenshot <a target="_blank" href=Thu_Jul_23_17_39_25_IST_2020.jpg>Screenshot</a> <br> <br> <a target="_blank" href=Thu_Jul_23_17_39_25_IST_2020.jpg><img src=Thu_Jul_23_17_39_25_IST_2020.jpg height=200 width=200></img></a>  </system-out>
  <testcase name="catalogElementPresent" time="0.027" classname="com.OSMOSE.testcases.Product"/>
  <system-out>
Click to see Screenshot <a target="_blank" href=Thu_Jul_23_17_39_25_IST_2020.jpg>Screenshot</a> <br> <br> <a target="_blank" href=Thu_Jul_23_17_39_25_IST_2020.jpg><img src=Thu_Jul_23_17_39_25_IST_2020.jpg height=200 width=200></img></a>  </system-out>
  <testcase name="openMyQuotesElementPresent" time="0.026" classname="com.OSMOSE.testcases.Product"/>
  <system-out>
Click to see Screenshot <a target="_blank" href=Thu_Jul_23_17_39_26_IST_2020.jpg>Screenshot</a> <br> <br> <a target="_blank" href=Thu_Jul_23_17_39_26_IST_2020.jpg><img src=Thu_Jul_23_17_39_26_IST_2020.jpg height=200 width=200></img></a>  </system-out>
  <testcase name="shoppingCartElementPresent" time="0.041" classname="com.OSMOSE.testcases.Product"/>
  <system-out>
Click to see Screenshot <a target="_blank" href=Thu_Jul_23_17_39_26_IST_2020.jpg>Screenshot</a> <br> <br> <a target="_blank" href=Thu_Jul_23_17_39_26_IST_2020.jpg><img src=Thu_Jul_23_17_39_26_IST_2020.jpg height=200 width=200></img></a>  </system-out>
  <testcase name="adminElementPresent" time="0.039" classname="com.OSMOSE.testcases.Product"/>
  <system-out>
Click to see Screenshot <a target="_blank" href=Thu_Jul_23_17_39_27_IST_2020.jpg>Screenshot</a> <br> <br> <a target="_blank" href=Thu_Jul_23_17_39_27_IST_2020.jpg><img src=Thu_Jul_23_17_39_27_IST_2020.jpg height=200 width=200></img></a>  </system-out>
  <testcase name="viewDetailsElementPresent" time="0.028" classname="com.OSMOSE.testcases.Product"/>
  <system-out>
Click to see Screenshot <a target="_blank" href=Thu_Jul_23_17_39_27_IST_2020.jpg>Screenshot</a> <br> <br> <a target="_blank" href=Thu_Jul_23_17_39_27_IST_2020.jpg><img src=Thu_Jul_23_17_39_27_IST_2020.jpg height=200 width=200></img></a>  </system-out>
  <testcase name="allSixProductPresent" time="0.029" classname="com.OSMOSE.testcases.Product"/>
  <system-out>
Click to see Screenshot <a target="_blank" href=Thu_Jul_23_17_39_28_IST_2020.jpg>Screenshot</a> <br> <br> <a target="_blank" href=Thu_Jul_23_17_39_28_IST_2020.jpg><img src=Thu_Jul_23_17_39_28_IST_2020.jpg height=200 width=200></img></a>  </system-out>
  <testcase name="sliderItemPresent" time="0.082" classname="com.OSMOSE.testcases.Product"/>
  <system-out>
Click to see Screenshot <a target="_blank" href=Thu_Jul_23_17_39_28_IST_2020.jpg>Screenshot</a> <br> <br> <a target="_blank" href=Thu_Jul_23_17_39_28_IST_2020.jpg><img src=Thu_Jul_23_17_39_28_IST_2020.jpg height=200 width=200></img></a>  </system-out>
  <testcase name="verifyCategoryFilter" time="50.038" classname="com.OSMOSE.testcases.Product"/>
  <system-out>
Click to see Screenshot <a target="_blank" href=Thu_Jul_23_17_40_18_IST_2020.jpg>Screenshot</a> <br> <br> <a target="_blank" href=Thu_Jul_23_17_40_18_IST_2020.jpg><img src=Thu_Jul_23_17_40_18_IST_2020.jpg height=200 width=200></img></a>  </system-out>
  <testcase name="VerifyFPImageClick" time="51.647" classname="com.OSMOSE.testcases.Product"/>
  <system-out>
Click to see Screenshot <a target="_blank" href=Thu_Jul_23_17_41_11_IST_2020.jpg>Screenshot</a> <br> <br> <a target="_blank" href=Thu_Jul_23_17_41_11_IST_2020.jpg><img src=Thu_Jul_23_17_41_11_IST_2020.jpg height=200 width=200></img></a>  </system-out>
  <testcase name="verifyViewDetail" time="8.950" classname="com.OSMOSE.testcases.Product"/>
  <system-out>
Click to see Screenshot <a target="_blank" href=Thu_Jul_23_17_41_20_IST_2020.jpg>Screenshot</a> <br> <br> <a target="_blank" href=Thu_Jul_23_17_41_20_IST_2020.jpg><img src=Thu_Jul_23_17_41_20_IST_2020.jpg height=200 width=200></img></a>  </system-out>
  <testcase name="VerifyProductclick" time="14.556" classname="com.OSMOSE.testcases.Product"/>
  <system-out>
Click to see Screenshot <a target="_blank" href=Thu_Jul_23_17_41_35_IST_2020.jpg>Screenshot</a> <br> <br> <a target="_blank" href=Thu_Jul_23_17_41_35_IST_2020.jpg><img src=Thu_Jul_23_17_41_35_IST_2020.jpg height=200 width=200></img></a>  </system-out>
  <testcase name="AddQuantityandverifyCellNumber" time="18.071" classname="com.OSMOSE.testcases.Product"/>
  <system-out>
Click to see Screenshot <a target="_blank" href=Thu_Jul_23_17_41_54_IST_2020.jpg>Screenshot</a> <br> <br> <a target="_blank" href=Thu_Jul_23_17_41_54_IST_2020.jpg><img src=Thu_Jul_23_17_41_54_IST_2020.jpg height=200 width=200></img></a>  </system-out>
  <testcase name="FeaturedProductPoleRestoration" time="12.965" classname="com.OSMOSE.testcases.Product"/>
  <system-out>
Click to see Screenshot <a target="_blank" href=Thu_Jul_23_17_42_07_IST_2020.jpg>Screenshot</a> <br> <br> <a target="_blank" href=Thu_Jul_23_17_42_07_IST_2020.jpg><img src=Thu_Jul_23_17_42_07_IST_2020.jpg height=200 width=200></img></a>  </system-out>
  <testcase name="verifyTheSearchfirstname" time="13.759" classname="com.OSMOSE.testcases.Product"/>
  <system-out>
Click to see Screenshot <a target="_blank" href=Thu_Jul_23_17_42_21_IST_2020.jpg>Screenshot</a> <br> <br> <a target="_blank" href=Thu_Jul_23_17_42_21_IST_2020.jpg><img src=Thu_Jul_23_17_42_21_IST_2020.jpg height=200 width=200></img></a>  </system-out>
  <testcase name="verifyTheSearchFullname" time="12.525" classname="com.OSMOSE.testcases.Product"/>
  <system-out>
Click to see Screenshot <a target="_blank" href=Thu_Jul_23_17_42_34_IST_2020.jpg>Screenshot</a> <br> <br> <a target="_blank" href=Thu_Jul_23_17_42_34_IST_2020.jpg><img src=Thu_Jul_23_17_42_34_IST_2020.jpg height=200 width=200></img></a>  </system-out>
  <testcase name="verifyTheSearchOneAlphabet" time="22.373" classname="com.OSMOSE.testcases.Product"/>
  <system-out>
Click to see Screenshot <a target="_blank" href=Thu_Jul_23_17_42_57_IST_2020.jpg>Screenshot</a> <br> <br> <a target="_blank" href=Thu_Jul_23_17_42_57_IST_2020.jpg><img src=Thu_Jul_23_17_42_57_IST_2020.jpg height=200 width=200></img></a>  </system-out>
  <testcase name="verifyTheSearchCrossButton" time="14.398" classname="com.OSMOSE.testcases.Product"/>
  <system-out>
Click to see Screenshot <a target="_blank" href=Thu_Jul_23_17_43_12_IST_2020.jpg>Screenshot</a> <br> <br> <a target="_blank" href=Thu_Jul_23_17_43_12_IST_2020.jpg><img src=Thu_Jul_23_17_43_12_IST_2020.jpg height=200 width=200></img></a>  </system-out>
  <testcase name="verifyTheValidationmessage" time="13.368" classname="com.OSMOSE.testcases.Product"/>
  <system-out>
Click to see Screenshot <a target="_blank" href=Thu_Jul_23_17_43_26_IST_2020.jpg>Screenshot</a> <br> <br> <a target="_blank" href=Thu_Jul_23_17_43_26_IST_2020.jpg><img src=Thu_Jul_23_17_43_26_IST_2020.jpg height=200 width=200></img></a>  </system-out>
  <testcase name="ReturnPolicy" time="10.614" classname="com.OSMOSE.testcases.Product"/>
  <system-out>
Click to see Screenshot <a target="_blank" href=Thu_Jul_23_17_43_37_IST_2020.jpg>Screenshot</a> <br> <br> <a target="_blank" href=Thu_Jul_23_17_43_37_IST_2020.jpg><img src=Thu_Jul_23_17_43_37_IST_2020.jpg height=200 width=200></img></a>  </system-out>
  <testcase name="verifyAddShoppingCarttext" time="18.272" classname="com.OSMOSE.testcases.Product"/>
  <system-out>
Click to see Screenshot <a target="_blank" href=Thu_Jul_23_17_43_55_IST_2020.jpg>Screenshot</a> <br> <br> <a target="_blank" href=Thu_Jul_23_17_43_55_IST_2020.jpg><img src=Thu_Jul_23_17_43_55_IST_2020.jpg height=200 width=200></img></a>  </system-out>
  <testcase name="AddShoppingCart" time="5.178" classname="com.OSMOSE.testcases.Product"/>
  <system-out>
Click to see Screenshot <a target="_blank" href=Thu_Jul_23_17_44_01_IST_2020.jpg>Screenshot</a> <br> <br> <a target="_blank" href=Thu_Jul_23_17_44_01_IST_2020.jpg><img src=Thu_Jul_23_17_44_01_IST_2020.jpg height=200 width=200></img></a>  </system-out>
  <testcase name="VerifyCrossicononhoppingCart" time="1.048" classname="com.OSMOSE.testcases.Product"/>
  <system-out>
Click to see Screenshot <a target="_blank" href=Thu_Jul_23_17_44_02_IST_2020.jpg>Screenshot</a> <br> <br> <a target="_blank" href=Thu_Jul_23_17_44_02_IST_2020.jpg><img src=Thu_Jul_23_17_44_02_IST_2020.jpg height=200 width=200></img></a>  </system-out>
  <testcase name="VerifyCrossicononhoppingCart_Differentitem" time="9.969" classname="com.OSMOSE.testcases.Product"/>
  <system-out>
Click to see Screenshot <a target="_blank" href=Thu_Jul_23_17_44_13_IST_2020.jpg>Screenshot</a> <br> <br> <a target="_blank" href=Thu_Jul_23_17_44_13_IST_2020.jpg><img src=Thu_Jul_23_17_44_13_IST_2020.jpg height=200 width=200></img></a>  </system-out>
  <testcase name="VerifyAddShopping_Sameitem" time="8.557" classname="com.OSMOSE.testcases.Product"/>
  <system-out>
Click to see Screenshot <a target="_blank" href=Thu_Jul_23_17_44_22_IST_2020.jpg>Screenshot</a> <br> <br> <a target="_blank" href=Thu_Jul_23_17_44_22_IST_2020.jpg><img src=Thu_Jul_23_17_44_22_IST_2020.jpg height=200 width=200></img></a>  </system-out>
  <testcase name="DeleteQuanityinShoppingCart" time="5.561" classname="com.OSMOSE.testcases.Product"/>
  <system-out>
Click to see Screenshot <a target="_blank" href=Thu_Jul_23_17_44_28_IST_2020.jpg>Screenshot</a> <br> <br> <a target="_blank" href=Thu_Jul_23_17_44_28_IST_2020.jpg><img src=Thu_Jul_23_17_44_28_IST_2020.jpg height=200 width=200></img></a>  </system-out>
  <testcase name="UpdateIncreaseQuanityinShoppingCart" time="12.319" classname="com.OSMOSE.testcases.Product"/>
  <system-out>
Click to see Screenshot <a target="_blank" href=Thu_Jul_23_17_44_40_IST_2020.jpg>Screenshot</a> <br> <br> <a target="_blank" href=Thu_Jul_23_17_44_40_IST_2020.jpg><img src=Thu_Jul_23_17_44_40_IST_2020.jpg height=200 width=200></img></a>  </system-out>
  <testcase name="UpdateDecreaseQuanityinShoppingCart" time="28.555" classname="com.OSMOSE.testcases.Product"/>
  <system-out>
Click to see Screenshot <a target="_blank" href=Thu_Jul_23_17_45_09_IST_2020.jpg>Screenshot</a> <br> <br> <a target="_blank" href=Thu_Jul_23_17_45_09_IST_2020.jpg><img src=Thu_Jul_23_17_45_09_IST_2020.jpg height=200 width=200></img></a>  </system-out>
  <testcase name="CreateQuote" time="5.646" classname="com.OSMOSE.testcases.Product"/>
  <system-out>
Click to see Screenshot <a target="_blank" href=Thu_Jul_23_17_45_15_IST_2020.jpg>Screenshot</a> <br> <br> <a target="_blank" href=Thu_Jul_23_17_45_15_IST_2020.jpg><img src=Thu_Jul_23_17_45_15_IST_2020.jpg height=200 width=200></img></a>  </system-out>
  <testcase name="CreateQuote_Comments" time="6.431" classname="com.OSMOSE.testcases.Product"/>
  <system-out>
Click to see Screenshot <a target="_blank" href=Thu_Jul_23_17_45_22_IST_2020.jpg>Screenshot</a> <br> <br> <a target="_blank" href=Thu_Jul_23_17_45_22_IST_2020.jpg><img src=Thu_Jul_23_17_45_22_IST_2020.jpg height=200 width=200></img></a>  </system-out>
  <testcase name="CreateQuote_ZipCode" time="5.216" classname="com.OSMOSE.testcases.Product"/>
  <system-out>
Click to see Screenshot <a target="_blank" href=Thu_Jul_23_17_45_28_IST_2020.jpg>Screenshot</a> <br> <br> <a target="_blank" href=Thu_Jul_23_17_45_28_IST_2020.jpg><img src=Thu_Jul_23_17_45_28_IST_2020.jpg height=200 width=200></img></a>  </system-out>
  <testcase name="CreateQuote_Attachment" time="6.953" classname="com.OSMOSE.testcases.Product"/>
  <system-out>
Click to see Screenshot <a target="_blank" href=Thu_Jul_23_17_45_35_IST_2020.jpg>Screenshot</a> <br> <br> <a target="_blank" href=Thu_Jul_23_17_45_35_IST_2020.jpg><img src=Thu_Jul_23_17_45_35_IST_2020.jpg height=200 width=200></img></a>  </system-out>
  <testcase name="ClickShoppingCartIcon" time="5.486" classname="com.OSMOSE.testcases.Product"/>
  <system-out>
Click to see Screenshot <a target="_blank" href=Thu_Jul_23_17_45_41_IST_2020.jpg>Screenshot</a> <br> <br> <a target="_blank" href=Thu_Jul_23_17_45_41_IST_2020.jpg><img src=Thu_Jul_23_17_45_41_IST_2020.jpg height=200 width=200></img></a>  </system-out>
  <testcase name="ClickShoppingViewCartbutton" time="5.561" classname="com.OSMOSE.testcases.Product"/>
  <system-out>
Click to see Screenshot <a target="_blank" href=Thu_Jul_23_17_45_47_IST_2020.jpg>Screenshot</a> <br> <br> <a target="_blank" href=Thu_Jul_23_17_45_47_IST_2020.jpg><img src=Thu_Jul_23_17_45_47_IST_2020.jpg height=200 width=200></img></a>  </system-out>
  <testcase name="ClickShoppingSubmitCartbutton" time="46.476" classname="com.OSMOSE.testcases.Product"/>
  <system-out>
Click to see Screenshot <a target="_blank" href=Thu_Jul_23_17_46_34_IST_2020.jpg>Screenshot</a> <br> <br> <a target="_blank" href=Thu_Jul_23_17_46_34_IST_2020.jpg><img src=Thu_Jul_23_17_46_34_IST_2020.jpg height=200 width=200></img></a>  </system-out>
  <testcase name="verifyUpdatedQuantityOnOverlay" time="8.376" classname="com.OSMOSE.testcases.Product"/>
  <system-out>
Click to see Screenshot <a target="_blank" href=Thu_Jul_23_17_46_42_IST_2020.jpg>Screenshot</a> <br> <br> <a target="_blank" href=Thu_Jul_23_17_46_42_IST_2020.jpg><img src=Thu_Jul_23_17_46_42_IST_2020.jpg height=200 width=200></img></a>  </system-out>
  <testcase name="MyQuotes_96421" time="6.932" classname="com.OSMOSE.testcases.Product"/>
  <system-out>
Click to see Screenshot <a target="_blank" href=Thu_Jul_23_17_46_50_IST_2020.jpg>Screenshot</a> <br> <br> <a target="_blank" href=Thu_Jul_23_17_46_50_IST_2020.jpg><img src=Thu_Jul_23_17_46_50_IST_2020.jpg height=200 width=200></img></a>  </system-out>
  <testcase name="verifyStatusFilterAll" time="27.026" classname="com.OSMOSE.testcases.Product"/>
  <system-out>
Click to see Screenshot <a target="_blank" href=Thu_Jul_23_17_47_17_IST_2020.jpg>Screenshot</a> <br> <br> <a target="_blank" href=Thu_Jul_23_17_47_17_IST_2020.jpg><img src=Thu_Jul_23_17_47_17_IST_2020.jpg height=200 width=200></img></a>  </system-out>
  <testcase name="verifyStatusFilterExpired" time="36.588" classname="com.OSMOSE.testcases.Product"/>
  <system-out>
Click to see Screenshot <a target="_blank" href=Thu_Jul_23_17_47_55_IST_2020.jpg>Screenshot</a> <br> <br> <a target="_blank" href=Thu_Jul_23_17_47_55_IST_2020.jpg><img src=Thu_Jul_23_17_47_55_IST_2020.jpg height=200 width=200></img></a>  </system-out>
  <testcase name="verifyStatusFilterOrdered" time="41.629" classname="com.OSMOSE.testcases.Product"/>
  <system-out>
Click to see Screenshot <a target="_blank" href=Thu_Jul_23_17_48_37_IST_2020.jpg>Screenshot</a> <br> <br> <a target="_blank" href=Thu_Jul_23_17_48_37_IST_2020.jpg><img src=Thu_Jul_23_17_48_37_IST_2020.jpg height=200 width=200></img></a>  </system-out>
  <testcase name="verifyStatusFilterQuoted" time="41.698" classname="com.OSMOSE.testcases.Product"/>
  <system-out>
Click to see Screenshot <a target="_blank" href=Thu_Jul_23_17_49_19_IST_2020.jpg>Screenshot</a> <br> <br> <a target="_blank" href=Thu_Jul_23_17_49_19_IST_2020.jpg><img src=Thu_Jul_23_17_49_19_IST_2020.jpg height=200 width=200></img></a>  </system-out>
  <testcase name="verifyStatusFilterQuotePending" time="41.823" classname="com.OSMOSE.testcases.Product"/>
  <system-out>
Click to see Screenshot <a target="_blank" href=Thu_Jul_23_17_50_01_IST_2020.jpg>Screenshot</a> <br> <br> <a target="_blank" href=Thu_Jul_23_17_50_01_IST_2020.jpg><img src=Thu_Jul_23_17_50_01_IST_2020.jpg height=200 width=200></img></a>  </system-out>
  <testcase name="verifyStatusFilterCancelled" time="41.715" classname="com.OSMOSE.testcases.Product"/>
  <system-out>
Click to see Screenshot <a target="_blank" href=Thu_Jul_23_17_50_44_IST_2020.jpg>Screenshot</a> <br> <br> <a target="_blank" href=Thu_Jul_23_17_50_44_IST_2020.jpg><img src=Thu_Jul_23_17_50_44_IST_2020.jpg height=200 width=200></img></a>  </system-out>
  <testcase name="verifyStatusFilterOrderRequested" time="36.202" classname="com.OSMOSE.testcases.Product"/>
  <system-out>
Click to see Screenshot <a target="_blank" href=Thu_Jul_23_17_51_20_IST_2020.jpg>Screenshot</a> <br> <br> <a target="_blank" href=Thu_Jul_23_17_51_20_IST_2020.jpg><img src=Thu_Jul_23_17_51_20_IST_2020.jpg height=200 width=200></img></a>  </system-out>
  <testcase name="HomepageCarticon" time="15.191" classname="com.OSMOSE.testcases.Product"/>
  <system-out>
Click to see Screenshot <a target="_blank" href=Thu_Jul_23_17_51_36_IST_2020.jpg>Screenshot</a> <br> <br> <a target="_blank" href=Thu_Jul_23_17_51_36_IST_2020.jpg><img src=Thu_Jul_23_17_51_36_IST_2020.jpg height=200 width=200></img></a>  </system-out>
  <testcase name="ClickManageQuotesLink" time="3.956" classname="com.OSMOSE.testcases.Product"/>
  <system-out>
Click to see Screenshot <a target="_blank" href=Thu_Jul_23_17_51_40_IST_2020.jpg>Screenshot</a> <br> <br> <a target="_blank" href=Thu_Jul_23_17_51_40_IST_2020.jpg><img src=Thu_Jul_23_17_51_40_IST_2020.jpg height=200 width=200></img></a>  </system-out>
  <testcase name="VerifyUIonClickQuoteID" time="4.577" classname="com.OSMOSE.testcases.Product"/>
  <system-out>
Click to see Screenshot <a target="_blank" href=Thu_Jul_23_17_51_45_IST_2020.jpg>Screenshot</a> <br> <br> <a target="_blank" href=Thu_Jul_23_17_51_45_IST_2020.jpg><img src=Thu_Jul_23_17_51_45_IST_2020.jpg height=200 width=200></img></a>  </system-out>
  <testcase name="SubmitQuotewithOrderedstatus" time="9.592" classname="com.OSMOSE.testcases.Product"/>
  <system-out>
Click to see Screenshot <a target="_blank" href=Thu_Jul_23_17_51_55_IST_2020.jpg>Screenshot</a> <br> <br> <a target="_blank" href=Thu_Jul_23_17_51_55_IST_2020.jpg><img src=Thu_Jul_23_17_51_55_IST_2020.jpg height=200 width=200></img></a>  </system-out>
  <testcase name="SubmitQuotewithQuotePendingstatus" time="9.388" classname="com.OSMOSE.testcases.Product"/>
  <system-out>
Click to see Screenshot <a target="_blank" href=Thu_Jul_23_17_52_05_IST_2020.jpg>Screenshot</a> <br> <br> <a target="_blank" href=Thu_Jul_23_17_52_05_IST_2020.jpg><img src=Thu_Jul_23_17_52_05_IST_2020.jpg height=200 width=200></img></a>  </system-out>
  <testcase name="SubmitQuotewithQuoteCancelledstatus" time="12.955" classname="com.OSMOSE.testcases.Product"/>
  <system-out>
Click to see Screenshot <a target="_blank" href=Thu_Jul_23_17_52_19_IST_2020.jpg>Screenshot</a> <br> <br> <a target="_blank" href=Thu_Jul_23_17_52_19_IST_2020.jpg><img src=Thu_Jul_23_17_52_19_IST_2020.jpg height=200 width=200></img></a>  </system-out>
  <testcase name="SubmitQuotewithQuotedstatus" time="17.477" classname="com.OSMOSE.testcases.Product"/>
  <system-out>
Click to see Screenshot <a target="_blank" href=Thu_Jul_23_17_52_36_IST_2020.jpg>Screenshot</a> <br> <br> <a target="_blank" href=Thu_Jul_23_17_52_36_IST_2020.jpg><img src=Thu_Jul_23_17_52_36_IST_2020.jpg height=200 width=200></img></a>  </system-out>
  <testcase name="SubmitQuotewithOrderRequestedstatus" time="9.452" classname="com.OSMOSE.testcases.Product"/>
  <system-out>
Click to see Screenshot <a target="_blank" href=Thu_Jul_23_17_52_46_IST_2020.jpg>Screenshot</a> <br> <br> <a target="_blank" href=Thu_Jul_23_17_52_46_IST_2020.jpg><img src=Thu_Jul_23_17_52_46_IST_2020.jpg height=200 width=200></img></a>  </system-out>
  <testcase name="ClickManageProducts" time="2.320" classname="com.OSMOSE.testcases.Product"/>
  <system-out>
Click to see Screenshot <a target="_blank" href=Thu_Jul_23_17_52_49_IST_2020.jpg>Screenshot</a> <br> <br> <a target="_blank" href=Thu_Jul_23_17_52_49_IST_2020.jpg><img src=Thu_Jul_23_17_52_49_IST_2020.jpg height=200 width=200></img></a>  </system-out>
  <testcase name="ClickDownloadProducts" time="7.431" classname="com.OSMOSE.testcases.Product"/>
  <system-out>
Click to see Screenshot <a target="_blank" href=Thu_Jul_23_17_52_57_IST_2020.jpg>Screenshot</a> <br> <br> <a target="_blank" href=Thu_Jul_23_17_52_57_IST_2020.jpg><img src=Thu_Jul_23_17_52_57_IST_2020.jpg height=200 width=200></img></a>  </system-out>
  <testcase name="ClickProductsinReview" time="2.171" classname="com.OSMOSE.testcases.Product"/>
  <system-out>
Click to see Screenshot <a target="_blank" href=Thu_Jul_23_17_52_59_IST_2020.jpg>Screenshot</a> <br> <br> <a target="_blank" href=Thu_Jul_23_17_52_59_IST_2020.jpg><img src=Thu_Jul_23_17_52_59_IST_2020.jpg height=200 width=200></img></a>  </system-out>
  <testcase name="ClickUploadProducts" time="10.614" classname="com.OSMOSE.testcases.Product"/>
  <system-out>
Click to see Screenshot <a target="_blank" href=Thu_Jul_23_17_53_11_IST_2020.jpg>Screenshot</a> <br> <br> <a target="_blank" href=Thu_Jul_23_17_53_11_IST_2020.jpg><img src=Thu_Jul_23_17_53_11_IST_2020.jpg height=200 width=200></img></a>  </system-out>
  <testcase name="VerifyUIonApprove" time="50.340" classname="com.OSMOSE.testcases.Product"/>
  <system-out>
Click to see Screenshot <a target="_blank" href=Thu_Jul_23_17_54_01_IST_2020.jpg>Screenshot</a> <br> <br> <a target="_blank" href=Thu_Jul_23_17_54_01_IST_2020.jpg><img src=Thu_Jul_23_17_54_01_IST_2020.jpg height=200 width=200></img></a>  </system-out>
  <testcase name="verifyThankyouPopup" time="54.976" classname="com.OSMOSE.testcases.Product"/>
  <system-out>
Click to see Screenshot <a target="_blank" href=Thu_Jul_23_17_54_57_IST_2020.jpg>Screenshot</a> <br> <br> <a target="_blank" href=Thu_Jul_23_17_54_57_IST_2020.jpg><img src=Thu_Jul_23_17_54_57_IST_2020.jpg height=200 width=200></img></a>  </system-out>
  <testcase name="VerifyApprovebtndisabled" time="53.574" classname="com.OSMOSE.testcases.Product"/>
  <system-out>
Click to see Screenshot <a target="_blank" href=Thu_Jul_23_17_55_51_IST_2020.jpg>Screenshot</a> <br> <br> <a target="_blank" href=Thu_Jul_23_17_55_51_IST_2020.jpg><img src=Thu_Jul_23_17_55_51_IST_2020.jpg height=200 width=200></img></a>  </system-out>
  <testcase name="verifyCancelwhileREQuoting" time="127.159" classname="com.OSMOSE.testcases.Product">
    <error type="org.openqa.selenium.NoSuchElementException" message="no such element: Unable to locate element: {&quot;method&quot;:&quot;xpath&quot;,&quot;selector&quot;:&quot;//header[@id=&#039;openMyquotes___BV_modal_header_&#039;]/h5/select&quot;}
  (Session info: chrome=83.0.4103.116)
For documentation on this error, please visit: http://seleniumhq.org/exceptions/no_such_element.html
Build info: version: &#039;3.14.0&#039;, revision: &#039;aacccce0&#039;, time: &#039;2018-08-02T20:19:58.91Z&#039;
System info: host: &#039;5CG6323N27&#039;, ip: &#039;192.168.0.7&#039;, os.name: &#039;Windows 10&#039;, os.arch: &#039;amd64&#039;, os.version: &#039;10.0&#039;, java.version: &#039;1.8.0_191&#039;
Driver info: org.openqa.selenium.chrome.ChromeDriver
Capabilities {acceptInsecureCerts: false, browserName: chrome, browserVersion: 83.0.4103.116, chrome: {chromedriverVersion: 83.0.4103.39 (ccbf011cb2d2b..., userDataDir: C:\Windows\Temp\scoped_dir2...}, goog:chromeOptions: {debuggerAddress: localhost:53505}, javascriptEnabled: true, networkConnectionEnabled: false, pageLoadStrategy: none, platform: WINDOWS, platformName: WINDOWS, proxy: Proxy(), setWindowRect: true, strictFileInteractability: false, timeouts: {implicit: 0, pageLoad: 300000, script: 30000}, unhandledPromptBehavior: dismiss and notify, webauthn:virtualAuthenticators: true}
Session ID: 5576238e9e8395b61b887ac8a1a6373b
*** Element info: {Using=xpath, value=//header[@id=&#039;openMyquotes___BV_modal_header_&#039;]/h5/select}">
      <![CDATA[org.openqa.selenium.NoSuchElementException: no such element: Unable to locate element: {"method":"xpath","selector":"//header[@id='openMyquotes___BV_modal_header_']/h5/select"}
  (Session info: chrome=83.0.4103.116)
For documentation on this error, please visit: http://seleniumhq.org/exceptions/no_such_element.html
Build info: version: '3.14.0', revision: 'aacccce0', time: '2018-08-02T20:19:58.91Z'
System info: host: '5CG6323N27', ip: '192.168.0.7', os.name: 'Windows 10', os.arch: 'amd64', os.version: '10.0', java.version: '1.8.0_191'
Driver info: org.openqa.selenium.chrome.ChromeDriver
Capabilities {acceptInsecureCerts: false, browserName: chrome, browserVersion: 83.0.4103.116, chrome: {chromedriverVersion: 83.0.4103.39 (ccbf011cb2d2b..., userDataDir: C:\Windows\Temp\scoped_dir2...}, goog:chromeOptions: {debuggerAddress: localhost:53505}, javascriptEnabled: true, networkConnectionEnabled: false, pageLoadStrategy: none, platform: WINDOWS, platformName: WINDOWS, proxy: Proxy(), setWindowRect: true, strictFileInteractability: false, timeouts: {implicit: 0, pageLoad: 300000, script: 30000}, unhandledPromptBehavior: dismiss and notify, webauthn:virtualAuthenticators: true}
Session ID: 5576238e9e8395b61b887ac8a1a6373b
*** Element info: {Using=xpath, value=//header[@id='openMyquotes___BV_modal_header_']/h5/select}
at sun.reflect.NativeConstructorAccessorImpl.newInstance0(Native Method)
at sun.reflect.NativeConstructorAccessorImpl.newInstance(Unknown Source)
at sun.reflect.DelegatingConstructorAccessorImpl.newInstance(Unknown Source)
at java.lang.reflect.Constructor.newInstance(Unknown Source)
at org.openqa.selenium.remote.http.W3CHttpResponseCodec.createException(W3CHttpResponseCodec.java:187)
at org.openqa.selenium.remote.http.W3CHttpResponseCodec.decode(W3CHttpResponseCodec.java:122)
at org.openqa.selenium.remote.http.W3CHttpResponseCodec.decode(W3CHttpResponseCodec.java:49)
at org.openqa.selenium.remote.HttpCommandExecutor.execute(HttpCommandExecutor.java:158)
at org.openqa.selenium.remote.service.DriverCommandExecutor.execute(DriverCommandExecutor.java:83)
at org.openqa.selenium.remote.RemoteWebDriver.execute(RemoteWebDriver.java:548)
at org.openqa.selenium.remote.RemoteWebDriver.findElement(RemoteWebDriver.java:322)
at org.openqa.selenium.remote.RemoteWebDriver.findElementByXPath(RemoteWebDriver.java:424)
at org.openqa.selenium.By$ByXPath.findElement(By.java:353)
at org.openqa.selenium.remote.RemoteWebDriver.findElement(RemoteWebDriver.java:314)
at com.OSMOSE.testcases.Product.verifyCancelwhileREQuoting(Product.java:872)
at sun.reflect.NativeMethodAccessorImpl.invoke0(Native Method)
at sun.reflect.NativeMethodAccessorImpl.invoke(Unknown Source)
at sun.reflect.DelegatingMethodAccessorImpl.invoke(Unknown Source)
at java.lang.reflect.Method.invoke(Unknown Source)
at org.testng.internal.MethodInvocationHelper.invokeMethod(MethodInvocationHelper.java:134)
at org.testng.internal.TestInvoker.invokeMethod(TestInvoker.java:597)
at org.testng.internal.TestInvoker.invokeTestMethod(TestInvoker.java:173)
at org.testng.internal.MethodRunner.runInSequence(MethodRunner.java:46)
at org.testng.internal.TestInvoker$MethodInvocationAgent.invoke(TestInvoker.java:816)
at org.testng.internal.TestInvoker.invokeTestMethods(TestInvoker.java:146)
at org.testng.internal.TestMethodWorker.invokeTestMethods(TestMethodWorker.java:146)
at org.testng.internal.TestMethodWorker.run(TestMethodWorker.java:128)
at java.util.ArrayList.forEach(Unknown Source)
at org.testng.TestRunner.privateRun(TestRunner.java:766)
at org.testng.TestRunner.run(TestRunner.java:587)
at org.testng.SuiteRunner.runTest(SuiteRunner.java:384)
at org.testng.SuiteRunner.runSequentially(SuiteRunner.java:378)
at org.testng.SuiteRunner.privateRun(SuiteRunner.java:337)
at org.testng.SuiteRunner.run(SuiteRunner.java:286)
at org.testng.SuiteRunnerWorker.runSuite(SuiteRunnerWorker.java:53)
at org.testng.SuiteRunnerWorker.run(SuiteRunnerWorker.java:96)
at org.testng.TestNG.runSuitesSequentially(TestNG.java:1187)
at org.testng.TestNG.runSuitesLocally(TestNG.java:1109)
at org.testng.TestNG.runSuites(TestNG.java:1039)
at org.testng.TestNG.run(TestNG.java:1007)
at org.testng.remote.AbstractRemoteTestNG.run(AbstractRemoteTestNG.java:115)
at org.testng.remote.RemoteTestNG.initAndRun(RemoteTestNG.java:251)
at org.testng.remote.RemoteTestNG.main(RemoteTestNG.java:77)
]]>
    </error>
  </testcase> <!-- verifyCancelwhileREQuoting -->
  <system-out>
Click to see Screenshot <a target="_blank" href=Thu_Jul_23_17_57_58_IST_2020.jpg>Screenshot</a> <br> <br> <a target="_blank" href=Thu_Jul_23_17_57_58_IST_2020.jpg><img src=Thu_Jul_23_17_57_58_IST_2020.jpg height=200 width=200></img></a>  </system-out>
  <testcase name="verifySubmitwhileREQuoting" time="3.158" classname="com.OSMOSE.testcases.Product">
    <error type="org.openqa.selenium.ElementClickInterceptedException" message="element click intercepted: Element &lt;div data-v-555e52b0=&quot;&quot; id=&quot;AdminDropdown&quot; class=&quot;dropdown b-dropdown btnRounded btn-group&quot;&gt;...&lt;/div&gt; is not clickable at point (983, 426). Other element would receive the click: &lt;div data-v-3d3f0f8b=&quot;&quot; class=&quot;col-sm-6 col-md-4&quot;&gt;...&lt;/div&gt;
  (Session info: chrome=83.0.4103.116)
Build info: version: &#039;3.14.0&#039;, revision: &#039;aacccce0&#039;, time: &#039;2018-08-02T20:19:58.91Z&#039;
System info: host: &#039;5CG6323N27&#039;, ip: &#039;192.168.0.7&#039;, os.name: &#039;Windows 10&#039;, os.arch: &#039;amd64&#039;, os.version: &#039;10.0&#039;, java.version: &#039;1.8.0_191&#039;
Driver info: org.openqa.selenium.chrome.ChromeDriver
Capabilities {acceptInsecureCerts: false, browserName: chrome, browserVersion: 83.0.4103.116, chrome: {chromedriverVersion: 83.0.4103.39 (ccbf011cb2d2b..., userDataDir: C:\Windows\Temp\scoped_dir2...}, goog:chromeOptions: {debuggerAddress: localhost:53505}, javascriptEnabled: true, networkConnectionEnabled: false, pageLoadStrategy: none, platform: WINDOWS, platformName: WINDOWS, proxy: Proxy(), setWindowRect: true, strictFileInteractability: false, timeouts: {implicit: 0, pageLoad: 300000, script: 30000}, unhandledPromptBehavior: dismiss and notify, webauthn:virtualAuthenticators: true}
Session ID: 5576238e9e8395b61b887ac8a1a6373b">
      <![CDATA[org.openqa.selenium.ElementClickInterceptedException: element click intercepted: Element <div data-v-555e52b0="" id="AdminDropdown" class="dropdown b-dropdown btnRounded btn-group">...</div> is not clickable at point (983, 426). Other element would receive the click: <div data-v-3d3f0f8b="" class="col-sm-6 col-md-4">...</div>
  (Session info: chrome=83.0.4103.116)
Build info: version: '3.14.0', revision: 'aacccce0', time: '2018-08-02T20:19:58.91Z'
System info: host: '5CG6323N27', ip: '192.168.0.7', os.name: 'Windows 10', os.arch: 'amd64', os.version: '10.0', java.version: '1.8.0_191'
Driver info: org.openqa.selenium.chrome.ChromeDriver
Capabilities {acceptInsecureCerts: false, browserName: chrome, browserVersion: 83.0.4103.116, chrome: {chromedriverVersion: 83.0.4103.39 (ccbf011cb2d2b..., userDataDir: C:\Windows\Temp\scoped_dir2...}, goog:chromeOptions: {debuggerAddress: localhost:53505}, javascriptEnabled: true, networkConnectionEnabled: false, pageLoadStrategy: none, platform: WINDOWS, platformName: WINDOWS, proxy: Proxy(), setWindowRect: true, strictFileInteractability: false, timeouts: {implicit: 0, pageLoad: 300000, script: 30000}, unhandledPromptBehavior: dismiss and notify, webauthn:virtualAuthenticators: true}
Session ID: 5576238e9e8395b61b887ac8a1a6373b
at sun.reflect.NativeConstructorAccessorImpl.newInstance0(Native Method)
at sun.reflect.NativeConstructorAccessorImpl.newInstance(Unknown Source)
at sun.reflect.DelegatingConstructorAccessorImpl.newInstance(Unknown Source)
at java.lang.reflect.Constructor.newInstance(Unknown Source)
at org.openqa.selenium.remote.http.W3CHttpResponseCodec.createException(W3CHttpResponseCodec.java:187)
at org.openqa.selenium.remote.http.W3CHttpResponseCodec.decode(W3CHttpResponseCodec.java:122)
at org.openqa.selenium.remote.http.W3CHttpResponseCodec.decode(W3CHttpResponseCodec.java:49)
at org.openqa.selenium.remote.HttpCommandExecutor.execute(HttpCommandExecutor.java:158)
at org.openqa.selenium.remote.service.DriverCommandExecutor.execute(DriverCommandExecutor.java:83)
at org.openqa.selenium.remote.RemoteWebDriver.execute(RemoteWebDriver.java:548)
at org.openqa.selenium.remote.RemoteWebElement.execute(RemoteWebElement.java:276)
at org.openqa.selenium.remote.RemoteWebElement.click(RemoteWebElement.java:83)
at com.OSMOSE.base.Page.click(Page.java:180)
at com.OSMOSE.pages.OU.ProductPage.ClickSubmitQuotewithQuotedPendingstatus(ProductPage.java:429)
at com.OSMOSE.testcases.Product.verifySubmitwhileREQuoting(Product.java:883)
at sun.reflect.NativeMethodAccessorImpl.invoke0(Native Method)
at sun.reflect.NativeMethodAccessorImpl.invoke(Unknown Source)
at sun.reflect.DelegatingMethodAccessorImpl.invoke(Unknown Source)
at java.lang.reflect.Method.invoke(Unknown Source)
at org.testng.internal.MethodInvocationHelper.invokeMethod(MethodInvocationHelper.java:134)
at org.testng.internal.TestInvoker.invokeMethod(TestInvoker.java:597)
at org.testng.internal.TestInvoker.invokeTestMethod(TestInvoker.java:173)
at org.testng.internal.MethodRunner.runInSequence(MethodRunner.java:46)
at org.testng.internal.TestInvoker$MethodInvocationAgent.invoke(TestInvoker.java:816)
at org.testng.internal.TestInvoker.invokeTestMethods(TestInvoker.java:146)
at org.testng.internal.TestMethodWorker.invokeTestMethods(TestMethodWorker.java:146)
at org.testng.internal.TestMethodWorker.run(TestMethodWorker.java:128)
at java.util.ArrayList.forEach(Unknown Source)
at org.testng.TestRunner.privateRun(TestRunner.java:766)
at org.testng.TestRunner.run(TestRunner.java:587)
at org.testng.SuiteRunner.runTest(SuiteRunner.java:384)
at org.testng.SuiteRunner.runSequentially(SuiteRunner.java:378)
at org.testng.SuiteRunner.privateRun(SuiteRunner.java:337)
at org.testng.SuiteRunner.run(SuiteRunner.java:286)
at org.testng.SuiteRunnerWorker.runSuite(SuiteRunnerWorker.java:53)
at org.testng.SuiteRunnerWorker.run(SuiteRunnerWorker.java:96)
at org.testng.TestNG.runSuitesSequentially(TestNG.java:1187)
at org.testng.TestNG.runSuitesLocally(TestNG.java:1109)
at org.testng.TestNG.runSuites(TestNG.java:1039)
at org.testng.TestNG.run(TestNG.java:1007)
at org.testng.remote.AbstractRemoteTestNG.run(AbstractRemoteTestNG.java:115)
at org.testng.remote.RemoteTestNG.initAndRun(RemoteTestNG.java:251)
at org.testng.remote.RemoteTestNG.main(RemoteTestNG.java:77)
]]>
    </error>
  </testcase> <!-- verifySubmitwhileREQuoting -->
  <system-out>
Click to see Screenshot <a target="_blank" href=Thu_Jul_23_17_58_02_IST_2020.jpg>Screenshot</a> <br> <br> <a target="_blank" href=Thu_Jul_23_17_58_02_IST_2020.jpg><img src=Thu_Jul_23_17_58_02_IST_2020.jpg height=200 width=200></img></a>  </system-out>
  <testcase name="verifyAddToCartWhileReQuoting" time="3.121" classname="com.OSMOSE.testcases.Product">
    <error type="org.openqa.selenium.ElementClickInterceptedException" message="element click intercepted: Element &lt;div data-v-555e52b0=&quot;&quot; id=&quot;AdminDropdown&quot; class=&quot;dropdown b-dropdown btnRounded btn-group&quot;&gt;...&lt;/div&gt; is not clickable at point (983, 426). Other element would receive the click: &lt;div data-v-3d3f0f8b=&quot;&quot; class=&quot;col-sm-6 col-md-4&quot;&gt;...&lt;/div&gt;
  (Session info: chrome=83.0.4103.116)
Build info: version: &#039;3.14.0&#039;, revision: &#039;aacccce0&#039;, time: &#039;2018-08-02T20:19:58.91Z&#039;
System info: host: &#039;5CG6323N27&#039;, ip: &#039;192.168.0.7&#039;, os.name: &#039;Windows 10&#039;, os.arch: &#039;amd64&#039;, os.version: &#039;10.0&#039;, java.version: &#039;1.8.0_191&#039;
Driver info: org.openqa.selenium.chrome.ChromeDriver
Capabilities {acceptInsecureCerts: false, browserName: chrome, browserVersion: 83.0.4103.116, chrome: {chromedriverVersion: 83.0.4103.39 (ccbf011cb2d2b..., userDataDir: C:\Windows\Temp\scoped_dir2...}, goog:chromeOptions: {debuggerAddress: localhost:53505}, javascriptEnabled: true, networkConnectionEnabled: false, pageLoadStrategy: none, platform: WINDOWS, platformName: WINDOWS, proxy: Proxy(), setWindowRect: true, strictFileInteractability: false, timeouts: {implicit: 0, pageLoad: 300000, script: 30000}, unhandledPromptBehavior: dismiss and notify, webauthn:virtualAuthenticators: true}
Session ID: 5576238e9e8395b61b887ac8a1a6373b">
      <![CDATA[org.openqa.selenium.ElementClickInterceptedException: element click intercepted: Element <div data-v-555e52b0="" id="AdminDropdown" class="dropdown b-dropdown btnRounded btn-group">...</div> is not clickable at point (983, 426). Other element would receive the click: <div data-v-3d3f0f8b="" class="col-sm-6 col-md-4">...</div>
  (Session info: chrome=83.0.4103.116)
Build info: version: '3.14.0', revision: 'aacccce0', time: '2018-08-02T20:19:58.91Z'
System info: host: '5CG6323N27', ip: '192.168.0.7', os.name: 'Windows 10', os.arch: 'amd64', os.version: '10.0', java.version: '1.8.0_191'
Driver info: org.openqa.selenium.chrome.ChromeDriver
Capabilities {acceptInsecureCerts: false, browserName: chrome, browserVersion: 83.0.4103.116, chrome: {chromedriverVersion: 83.0.4103.39 (ccbf011cb2d2b..., userDataDir: C:\Windows\Temp\scoped_dir2...}, goog:chromeOptions: {debuggerAddress: localhost:53505}, javascriptEnabled: true, networkConnectionEnabled: false, pageLoadStrategy: none, platform: WINDOWS, platformName: WINDOWS, proxy: Proxy(), setWindowRect: true, strictFileInteractability: false, timeouts: {implicit: 0, pageLoad: 300000, script: 30000}, unhandledPromptBehavior: dismiss and notify, webauthn:virtualAuthenticators: true}
Session ID: 5576238e9e8395b61b887ac8a1a6373b
at sun.reflect.NativeConstructorAccessorImpl.newInstance0(Native Method)
at sun.reflect.NativeConstructorAccessorImpl.newInstance(Unknown Source)
at sun.reflect.DelegatingConstructorAccessorImpl.newInstance(Unknown Source)
at java.lang.reflect.Constructor.newInstance(Unknown Source)
at org.openqa.selenium.remote.http.W3CHttpResponseCodec.createException(W3CHttpResponseCodec.java:187)
at org.openqa.selenium.remote.http.W3CHttpResponseCodec.decode(W3CHttpResponseCodec.java:122)
at org.openqa.selenium.remote.http.W3CHttpResponseCodec.decode(W3CHttpResponseCodec.java:49)
at org.openqa.selenium.remote.HttpCommandExecutor.execute(HttpCommandExecutor.java:158)
at org.openqa.selenium.remote.service.DriverCommandExecutor.execute(DriverCommandExecutor.java:83)
at org.openqa.selenium.remote.RemoteWebDriver.execute(RemoteWebDriver.java:548)
at org.openqa.selenium.remote.RemoteWebElement.execute(RemoteWebElement.java:276)
at org.openqa.selenium.remote.RemoteWebElement.click(RemoteWebElement.java:83)
at com.OSMOSE.base.Page.click(Page.java:180)
at com.OSMOSE.pages.OU.ProductPage.ClickSubmitQuotewithQuotedPendingstatus(ProductPage.java:429)
at com.OSMOSE.testcases.Product.verifyAddToCartWhileReQuoting(Product.java:911)
at sun.reflect.NativeMethodAccessorImpl.invoke0(Native Method)
at sun.reflect.NativeMethodAccessorImpl.invoke(Unknown Source)
at sun.reflect.DelegatingMethodAccessorImpl.invoke(Unknown Source)
at java.lang.reflect.Method.invoke(Unknown Source)
at org.testng.internal.MethodInvocationHelper.invokeMethod(MethodInvocationHelper.java:134)
at org.testng.internal.TestInvoker.invokeMethod(TestInvoker.java:597)
at org.testng.internal.TestInvoker.invokeTestMethod(TestInvoker.java:173)
at org.testng.internal.MethodRunner.runInSequence(MethodRunner.java:46)
at org.testng.internal.TestInvoker$MethodInvocationAgent.invoke(TestInvoker.java:816)
at org.testng.internal.TestInvoker.invokeTestMethods(TestInvoker.java:146)
at org.testng.internal.TestMethodWorker.invokeTestMethods(TestMethodWorker.java:146)
at org.testng.internal.TestMethodWorker.run(TestMethodWorker.java:128)
at java.util.ArrayList.forEach(Unknown Source)
at org.testng.TestRunner.privateRun(TestRunner.java:766)
at org.testng.TestRunner.run(TestRunner.java:587)
at org.testng.SuiteRunner.runTest(SuiteRunner.java:384)
at org.testng.SuiteRunner.runSequentially(SuiteRunner.java:378)
at org.testng.SuiteRunner.privateRun(SuiteRunner.java:337)
at org.testng.SuiteRunner.run(SuiteRunner.java:286)
at org.testng.SuiteRunnerWorker.runSuite(SuiteRunnerWorker.java:53)
at org.testng.SuiteRunnerWorker.run(SuiteRunnerWorker.java:96)
at org.testng.TestNG.runSuitesSequentially(TestNG.java:1187)
at org.testng.TestNG.runSuitesLocally(TestNG.java:1109)
at org.testng.TestNG.runSuites(TestNG.java:1039)
at org.testng.TestNG.run(TestNG.java:1007)
at org.testng.remote.AbstractRemoteTestNG.run(AbstractRemoteTestNG.java:115)
at org.testng.remote.RemoteTestNG.initAndRun(RemoteTestNG.java:251)
at org.testng.remote.RemoteTestNG.main(RemoteTestNG.java:77)
]]>
    </error>
  </testcase> <!-- verifyAddToCartWhileReQuoting -->
  <system-out>
Click to see Screenshot <a target="_blank" href=Thu_Jul_23_17_58_05_IST_2020.jpg>Screenshot</a> <br> <br> <a target="_blank" href=Thu_Jul_23_17_58_05_IST_2020.jpg><img src=Thu_Jul_23_17_58_05_IST_2020.jpg height=200 width=200></img></a>  </system-out>
  <testcase name="verifyTheSearch" classname="com.OSMOSE.testcases.Product">
    <skipped/>
  </testcase> <!-- verifyTheSearch -->
  <system-out/>
  <testcase name="verifyTheProductCart" classname="com.OSMOSE.testcases.Product">
    <skipped/>
  </testcase> <!-- verifyTheProductCart -->
  <system-out/>
</testsuite> <!-- com.OSMOSE.testcases.Product -->
