<?xml version="1.0" encoding="UTF-8"?>
<!-- Generated by org.testng.reporters.JUnitReportReporter -->
<testsuite skipped="0" hostname="5CG6332Q2D" name="com.OSMOSE.testcases.JointUse_ts_allroles" tests="14" failures="0" timestamp="2020-12-02T18:46:06 IST" time="66.400" errors="0">
  <testcase name="jointUseloginTestAllRoles" time="18.559" classname="com.OSMOSE.testcases.JointUse_ts_allroles"/>
  <system-out>
Click to see Screenshot <a target="_blank" href=Wed_Dec_02_18_45_07_IST_2020.jpg>Screenshot</a> <br> <br> <a target="_blank" href=Wed_Dec_02_18_45_07_IST_2020.jpg><img src=Wed_Dec_02_18_45_07_IST_2020.jpg height=200 width=200></img></a>  </system-out>
  <testcase name="verifyJointUseNavigationClick" time="29.025" classname="com.OSMOSE.testcases.JointUse_ts_allroles"/>
  <system-out>
Click to see Screenshot <a target="_blank" href=Wed_Dec_02_18_45_38_IST_2020.jpg>Screenshot</a> <br> <br> <a target="_blank" href=Wed_Dec_02_18_45_38_IST_2020.jpg><img src=Wed_Dec_02_18_45_38_IST_2020.jpg height=200 width=200></img></a>  </system-out>
  <testcase name="verifyHorizontalCollapseFunctionality" time="5.348" classname="com.OSMOSE.testcases.JointUse_ts_allroles"/>
  <system-out>
Click to see Screenshot <a target="_blank" href=Wed_Dec_02_18_45_43_IST_2020.jpg>Screenshot</a> <br> <br> <a target="_blank" href=Wed_Dec_02_18_45_43_IST_2020.jpg><img src=Wed_Dec_02_18_45_43_IST_2020.jpg height=200 width=200></img></a>  </system-out>
  <testcase name="verifyVerticalCollapseFunctionality" time="0.150" classname="com.OSMOSE.testcases.JointUse_ts_allroles"/>
  <system-out>
Click to see Screenshot <a target="_blank" href=Wed_Dec_02_18_45_44_IST_2020.jpg>Screenshot</a> <br> <br> <a target="_blank" href=Wed_Dec_02_18_45_44_IST_2020.jpg><img src=Wed_Dec_02_18_45_44_IST_2020.jpg height=200 width=200></img></a>  </system-out>
  <testcase name="verifyAddWidgets" time="0.063" classname="com.OSMOSE.testcases.JointUse_ts_allroles"/>
  <system-out>
Click to see Screenshot <a target="_blank" href=Wed_Dec_02_18_45_44_IST_2020.jpg>Screenshot</a> <br> <br> <a target="_blank" href=Wed_Dec_02_18_45_44_IST_2020.jpg><img src=Wed_Dec_02_18_45_44_IST_2020.jpg height=200 width=200></img></a>  </system-out>
  <testcase name="verifyEditLayout" time="0.058" classname="com.OSMOSE.testcases.JointUse_ts_allroles"/>
  <system-out>
Click to see Screenshot <a target="_blank" href=Wed_Dec_02_18_45_45_IST_2020.jpg>Screenshot</a> <br> <br> <a target="_blank" href=Wed_Dec_02_18_45_45_IST_2020.jpg><img src=Wed_Dec_02_18_45_45_IST_2020.jpg height=200 width=200></img></a>  </system-out>
  <testcase name="verifyNewApplication" time="0.566" classname="com.OSMOSE.testcases.JointUse_ts_allroles"/>
  <system-out>
Click to see Screenshot <a target="_blank" href=Wed_Dec_02_18_45_46_IST_2020.jpg>Screenshot</a> <br> <br> <a target="_blank" href=Wed_Dec_02_18_45_46_IST_2020.jpg><img src=Wed_Dec_02_18_45_46_IST_2020.jpg height=200 width=200></img></a>  </system-out>
  <testcase name="verifyExportOptions" time="0.193" classname="com.OSMOSE.testcases.JointUse_ts_allroles"/>
  <system-out>
Click to see Screenshot <a target="_blank" href=Wed_Dec_02_18_45_46_IST_2020.jpg>Screenshot</a> <br> <br> <a target="_blank" href=Wed_Dec_02_18_45_46_IST_2020.jpg><img src=Wed_Dec_02_18_45_46_IST_2020.jpg height=200 width=200></img></a>  </system-out>
  <testcase name="verifySearchBox" time="0.060" classname="com.OSMOSE.testcases.JointUse_ts_allroles"/>
  <system-out>
Click to see Screenshot <a target="_blank" href=Wed_Dec_02_18_45_47_IST_2020.jpg>Screenshot</a> <br> <br> <a target="_blank" href=Wed_Dec_02_18_45_47_IST_2020.jpg><img src=Wed_Dec_02_18_45_47_IST_2020.jpg height=200 width=200></img></a>  </system-out>
  <testcase name="verifyRefreshBtn" time="0.046" classname="com.OSMOSE.testcases.JointUse_ts_allroles"/>
  <system-out>
Click to see Screenshot <a target="_blank" href=Wed_Dec_02_18_45_47_IST_2020.jpg>Screenshot</a> <br> <br> <a target="_blank" href=Wed_Dec_02_18_45_47_IST_2020.jpg><img src=Wed_Dec_02_18_45_47_IST_2020.jpg height=200 width=200></img></a>  </system-out>
  <testcase name="verifyRowsCount" time="0.097" classname="com.OSMOSE.testcases.JointUse_ts_allroles"/>
  <system-out>
Click to see Screenshot <a target="_blank" href=Wed_Dec_02_18_45_48_IST_2020.jpg>Screenshot</a> <br> <br> <a target="_blank" href=Wed_Dec_02_18_45_48_IST_2020.jpg><img src=Wed_Dec_02_18_45_48_IST_2020.jpg height=200 width=200></img></a>  </system-out>
  <testcase name="verifyColumns" time="2.372" classname="com.OSMOSE.testcases.JointUse_ts_allroles"/>
  <system-out>
Click to see Screenshot <a target="_blank" href=Wed_Dec_02_18_45_51_IST_2020.jpg>Screenshot</a> <br> <br> <a target="_blank" href=Wed_Dec_02_18_45_51_IST_2020.jpg><img src=Wed_Dec_02_18_45_51_IST_2020.jpg height=200 width=200></img></a>  </system-out>
  <testcase name="verifySelectallClick" time="9.313" classname="com.OSMOSE.testcases.JointUse_ts_allroles"/>
  <system-out>
Click to see Screenshot <a target="_blank" href=Wed_Dec_02_18_46_00_IST_2020.jpg>Screenshot</a> <br> <br> <a target="_blank" href=Wed_Dec_02_18_46_00_IST_2020.jpg><img src=Wed_Dec_02_18_46_00_IST_2020.jpg height=200 width=200></img></a>  </system-out>
  <testcase name="verifyAddWidgetBtnfunctionality" time="0.550" classname="com.OSMOSE.testcases.JointUse_ts_allroles"/>
  <system-out>
Click to see Screenshot <a target="_blank" href=Wed_Dec_02_18_46_01_IST_2020.jpg>Screenshot</a> <br> <br> <a target="_blank" href=Wed_Dec_02_18_46_01_IST_2020.jpg><img src=Wed_Dec_02_18_46_01_IST_2020.jpg height=200 width=200></img></a>  </system-out>
</testsuite> <!-- com.OSMOSE.testcases.JointUse_ts_allroles -->
