<?xml version="1.0" encoding="UTF-8"?>
<!-- Generated by org.testng.reporters.JUnitReportReporter -->
<testsuite skipped="1" hostname="5CG6323N27" name="com.OSMOSE.testcases.OsmoseServices" tests="26" failures="0" timestamp="2020-09-08T20:29:41 IST" time="340.004" errors="0">
  <testcase name="verifyMyOsmoseServicesCardClick" time="7.767" classname="com.OSMOSE.testcases.OsmoseServices"/>
  <system-out>
Click to see Screenshot <a target="_blank" href=Tue_Sep_08_20_23_54_IST_2020.jpg>Screenshot</a> <br> <br> <a target="_blank" href=Tue_Sep_08_20_23_54_IST_2020.jpg><img src=Tue_Sep_08_20_23_54_IST_2020.jpg height=200 width=200></img></a>  </system-out>
  <testcase name="verifyWoodInspectionandTreatmentLearnMoreClick" time="10.248" classname="com.OSMOSE.testcases.OsmoseServices"/>
  <system-out>
Click to see Screenshot <a target="_blank" href=Tue_Sep_08_20_24_05_IST_2020.jpg>Screenshot</a> <br> <br> <a target="_blank" href=Tue_Sep_08_20_24_05_IST_2020.jpg><img src=Tue_Sep_08_20_24_05_IST_2020.jpg height=200 width=200></img></a>  </system-out>
  <testcase name="verifyWoodRestorationLearnMoreClick" time="5.310" classname="com.OSMOSE.testcases.OsmoseServices"/>
  <system-out>
Click to see Screenshot <a target="_blank" href=Tue_Sep_08_20_24_11_IST_2020.jpg>Screenshot</a> <br> <br> <a target="_blank" href=Tue_Sep_08_20_24_11_IST_2020.jpg><img src=Tue_Sep_08_20_24_11_IST_2020.jpg height=200 width=200></img></a>  </system-out>
  <testcase name="verifyOcalcProLearnMoreClick" time="5.230" classname="com.OSMOSE.testcases.OsmoseServices"/>
  <system-out>
Click to see Screenshot <a target="_blank" href=Tue_Sep_08_20_24_17_IST_2020.jpg>Screenshot</a> <br> <br> <a target="_blank" href=Tue_Sep_08_20_24_17_IST_2020.jpg><img src=Tue_Sep_08_20_24_17_IST_2020.jpg height=200 width=200></img></a>  </system-out>
  <testcase name="verifySteelandConcreteAssessmentLearnMoreClick" time="5.222" classname="com.OSMOSE.testcases.OsmoseServices"/>
  <system-out>
Click to see Screenshot <a target="_blank" href=Tue_Sep_08_20_24_22_IST_2020.jpg>Screenshot</a> <br> <br> <a target="_blank" href=Tue_Sep_08_20_24_22_IST_2020.jpg><img src=Tue_Sep_08_20_24_22_IST_2020.jpg height=200 width=200></img></a>  </system-out>
  <testcase name="verifySteelandConcreteRestorationLearnMoreClick" time="5.254" classname="com.OSMOSE.testcases.OsmoseServices"/>
  <system-out>
Click to see Screenshot <a target="_blank" href=Tue_Sep_08_20_24_28_IST_2020.jpg>Screenshot</a> <br> <br> <a target="_blank" href=Tue_Sep_08_20_24_28_IST_2020.jpg><img src=Tue_Sep_08_20_24_28_IST_2020.jpg height=200 width=200></img></a>  </system-out>
  <testcase name="verifyOverheadLearnMoreClick" time="5.269" classname="com.OSMOSE.testcases.OsmoseServices"/>
  <system-out>
Click to see Screenshot <a target="_blank" href=Tue_Sep_08_20_24_34_IST_2020.jpg>Screenshot</a> <br> <br> <a target="_blank" href=Tue_Sep_08_20_24_34_IST_2020.jpg><img src=Tue_Sep_08_20_24_34_IST_2020.jpg height=200 width=200></img></a>  </system-out>
  <testcase name="verifyUndergroundLearnMoreClick" time="5.247" classname="com.OSMOSE.testcases.OsmoseServices"/>
  <system-out>
Click to see Screenshot <a target="_blank" href=Tue_Sep_08_20_24_40_IST_2020.jpg>Screenshot</a> <br> <br> <a target="_blank" href=Tue_Sep_08_20_24_40_IST_2020.jpg><img src=Tue_Sep_08_20_24_40_IST_2020.jpg height=200 width=200></img></a>  </system-out>
  <testcase name="verifyJointUseLearnMoreClick" time="5.211" classname="com.OSMOSE.testcases.OsmoseServices"/>
  <system-out>
Click to see Screenshot <a target="_blank" href=Tue_Sep_08_20_24_45_IST_2020.jpg>Screenshot</a> <br> <br> <a target="_blank" href=Tue_Sep_08_20_24_45_IST_2020.jpg><img src=Tue_Sep_08_20_24_45_IST_2020.jpg height=200 width=200></img></a>  </system-out>
  <testcase name="verifyStrayVoltageLearnMoreClick" time="5.224" classname="com.OSMOSE.testcases.OsmoseServices"/>
  <system-out>
Click to see Screenshot <a target="_blank" href=Tue_Sep_08_20_24_51_IST_2020.jpg>Screenshot</a> <br> <br> <a target="_blank" href=Tue_Sep_08_20_24_51_IST_2020.jpg><img src=Tue_Sep_08_20_24_51_IST_2020.jpg height=200 width=200></img></a>  </system-out>
  <testcase name="verifyTechnicalServicesLearnMoreClick" time="5.267" classname="com.OSMOSE.testcases.OsmoseServices"/>
  <system-out>
Click to see Screenshot <a target="_blank" href=Tue_Sep_08_20_24_57_IST_2020.jpg>Screenshot</a> <br> <br> <a target="_blank" href=Tue_Sep_08_20_24_57_IST_2020.jpg><img src=Tue_Sep_08_20_24_57_IST_2020.jpg height=200 width=200></img></a>  </system-out>
  <testcase name="verifyMapViewLearnMoreClick" time="5.280" classname="com.OSMOSE.testcases.OsmoseServices"/>
  <system-out>
Click to see Screenshot <a target="_blank" href=Tue_Sep_08_20_25_03_IST_2020.jpg>Screenshot</a> <br> <br> <a target="_blank" href=Tue_Sep_08_20_25_03_IST_2020.jpg><img src=Tue_Sep_08_20_25_03_IST_2020.jpg height=200 width=200></img></a>  </system-out>
  <testcase name="VerifyProductclick" time="42.537" classname="com.OSMOSE.testcases.OsmoseServices"/>
  <system-out>
Click to see Screenshot <a target="_blank" href=Tue_Sep_08_20_25_46_IST_2020.jpg>Screenshot</a> <br> <br> <a target="_blank" href=Tue_Sep_08_20_25_46_IST_2020.jpg><img src=Tue_Sep_08_20_25_46_IST_2020.jpg height=200 width=200></img></a>  </system-out>
  <testcase name="VerifyViewMapclick" time="18.125" classname="com.OSMOSE.testcases.OsmoseServices"/>
  <system-out>
Click to see Screenshot <a target="_blank" href=Tue_Sep_08_20_26_05_IST_2020.jpg>Screenshot</a> <br> <br> <a target="_blank" href=Tue_Sep_08_20_26_05_IST_2020.jpg><img src=Tue_Sep_08_20_26_05_IST_2020.jpg height=200 width=200></img></a>  </system-out>
  <testcase name="VerifyWoodInspectionAndTreatmentclick" time="7.836" classname="com.OSMOSE.testcases.OsmoseServices"/>
  <system-out>
Click to see Screenshot <a target="_blank" href=Tue_Sep_08_20_26_13_IST_2020.jpg>Screenshot</a> <br> <br> <a target="_blank" href=Tue_Sep_08_20_26_13_IST_2020.jpg><img src=Tue_Sep_08_20_26_13_IST_2020.jpg height=200 width=200></img></a>  </system-out>
  <testcase name="verifyClickonWoodTreatmentVideos" time="39.682" classname="com.OSMOSE.testcases.OsmoseServices"/>
  <system-out>
Click to see Screenshot <a target="_blank" href=Tue_Sep_08_20_26_53_IST_2020.jpg>Screenshot</a> <br> <br> <a target="_blank" href=Tue_Sep_08_20_26_53_IST_2020.jpg><img src=Tue_Sep_08_20_26_53_IST_2020.jpg height=200 width=200></img></a>  </system-out>
  <testcase name="verifyClickonWoodTreatmentProjectProfiles" time="20.795" classname="com.OSMOSE.testcases.OsmoseServices"/>
  <system-out>
Click to see Screenshot <a target="_blank" href=Tue_Sep_08_20_27_14_IST_2020.jpg>Screenshot</a> <br> <br> <a target="_blank" href=Tue_Sep_08_20_27_14_IST_2020.jpg><img src=Tue_Sep_08_20_27_14_IST_2020.jpg height=200 width=200></img></a>  </system-out>
  <testcase name="VerifyWoodRestorationclick" time="7.753" classname="com.OSMOSE.testcases.OsmoseServices"/>
  <system-out>
Click to see Screenshot <a target="_blank" href=Tue_Sep_08_20_27_22_IST_2020.jpg>Screenshot</a> <br> <br> <a target="_blank" href=Tue_Sep_08_20_27_22_IST_2020.jpg><img src=Tue_Sep_08_20_27_22_IST_2020.jpg height=200 width=200></img></a>  </system-out>
  <testcase name="verifyClickonWoodRestorationVideos" time="37.783" classname="com.OSMOSE.testcases.OsmoseServices"/>
  <system-out>
Click to see Screenshot <a target="_blank" href=Tue_Sep_08_20_28_01_IST_2020.jpg>Screenshot</a> <br> <br> <a target="_blank" href=Tue_Sep_08_20_28_01_IST_2020.jpg><img src=Tue_Sep_08_20_28_01_IST_2020.jpg height=200 width=200></img></a>  </system-out>
  <testcase name="verifyClickonWoodRestorationProjectProfiles" time="29.706" classname="com.OSMOSE.testcases.OsmoseServices"/>
  <system-out>
Click to see Screenshot <a target="_blank" href=Tue_Sep_08_20_28_31_IST_2020.jpg>Screenshot</a> <br> <br> <a target="_blank" href=Tue_Sep_08_20_28_31_IST_2020.jpg><img src=Tue_Sep_08_20_28_31_IST_2020.jpg height=200 width=200></img></a>  </system-out>
  <testcase name="verifyClickonUndergroundVideos" time="20.658" classname="com.OSMOSE.testcases.OsmoseServices"/>
  <system-out>
Click to see Screenshot <a target="_blank" href=Tue_Sep_08_20_28_52_IST_2020.jpg>Screenshot</a> <br> <br> <a target="_blank" href=Tue_Sep_08_20_28_52_IST_2020.jpg><img src=Tue_Sep_08_20_28_52_IST_2020.jpg height=200 width=200></img></a>  </system-out>
  <testcase name="verifyClickonUndergroundProjectProfiles" time="20.652" classname="com.OSMOSE.testcases.OsmoseServices"/>
  <system-out>
Click to see Screenshot <a target="_blank" href=Tue_Sep_08_20_29_13_IST_2020.jpg>Screenshot</a> <br> <br> <a target="_blank" href=Tue_Sep_08_20_29_13_IST_2020.jpg><img src=Tue_Sep_08_20_29_13_IST_2020.jpg height=200 width=200></img></a>  </system-out>
  <testcase name="verifyPopUpUnderground" time="15.481" classname="com.OSMOSE.testcases.OsmoseServices"/>
  <system-out>
Click to see Screenshot <a target="_blank" href=Tue_Sep_08_20_29_28_IST_2020.jpg>Screenshot</a> <br> <br> <a target="_blank" href=Tue_Sep_08_20_29_28_IST_2020.jpg><img src=Tue_Sep_08_20_29_28_IST_2020.jpg height=200 width=200></img></a>  </system-out>
  <testcase name="verifyCancelClickOnPopUpUnderground" time="3.124" classname="com.OSMOSE.testcases.OsmoseServices"/>
  <system-out>
Click to see Screenshot <a target="_blank" href=Tue_Sep_08_20_29_32_IST_2020.jpg>Screenshot</a> <br> <br> <a target="_blank" href=Tue_Sep_08_20_29_32_IST_2020.jpg><img src=Tue_Sep_08_20_29_32_IST_2020.jpg height=200 width=200></img></a>  </system-out>
  <testcase name="verifyOkClickOnPopUpUnderground" time="5.343" classname="com.OSMOSE.testcases.OsmoseServices"/>
  <system-out>
Click to see Screenshot <a target="_blank" href=Tue_Sep_08_20_29_38_IST_2020.jpg>Screenshot</a> <br> <br> <a target="_blank" href=Tue_Sep_08_20_29_38_IST_2020.jpg><img src=Tue_Sep_08_20_29_38_IST_2020.jpg height=200 width=200></img></a>  </system-out>
  <testcase name="verifyProductsLearnMoreClick" classname="com.OSMOSE.testcases.OsmoseServices">
    <skipped/>
  </testcase> <!-- verifyProductsLearnMoreClick -->
  <system-out/>
</testsuite> <!-- com.OSMOSE.testcases.OsmoseServices -->
