<?xml version="1.0" encoding="UTF-8"?>
<!-- Generated by org.testng.reporters.JUnitReportReporter -->
<testsuite skipped="27" hostname="5CG6323N27" name="com.OSMOSE.testcases.oCalcPro" tests="85" failures="0" timestamp="2020-11-10T22:31:08 IST" time="679.039" errors="0">
  <testcase name="verifyoCalcProNavigationClick" time="18.577" classname="com.OSMOSE.testcases.oCalcPro"/>
  <system-out>
Click to see Screenshot <a target="_blank" href=Tue_Nov_10_22_19_36_IST_2020.jpg>Screenshot</a> <br> <br> <a target="_blank" href=Tue_Nov_10_22_19_36_IST_2020.jpg><img src=Tue_Nov_10_22_19_36_IST_2020.jpg height=200 width=200></img></a>  </system-out>
  <testcase name="verifyPresenceOfLicenseMgmtCard" time="0.061" classname="com.OSMOSE.testcases.oCalcPro"/>
  <system-out>
Click to see Screenshot <a target="_blank" href=Tue_Nov_10_22_19_37_IST_2020.jpg>Screenshot</a> <br> <br> <a target="_blank" href=Tue_Nov_10_22_19_37_IST_2020.jpg><img src=Tue_Nov_10_22_19_37_IST_2020.jpg height=200 width=200></img></a>  </system-out>
  <testcase name="verifyPresenceOfProductsCardLicensedUser" time="0.038" classname="com.OSMOSE.testcases.oCalcPro"/>
  <system-out>
Click to see Screenshot <a target="_blank" href=Tue_Nov_10_22_19_37_IST_2020.jpg>Screenshot</a> <br> <br> <a target="_blank" href=Tue_Nov_10_22_19_37_IST_2020.jpg><img src=Tue_Nov_10_22_19_37_IST_2020.jpg height=200 width=200></img></a>  </system-out>
  <testcase name="verifyPresenceOfKnowledgeBaseCardLicensedUser" time="0.054" classname="com.OSMOSE.testcases.oCalcPro"/>
  <system-out>
Click to see Screenshot <a target="_blank" href=Tue_Nov_10_22_19_38_IST_2020.jpg>Screenshot</a> <br> <br> <a target="_blank" href=Tue_Nov_10_22_19_38_IST_2020.jpg><img src=Tue_Nov_10_22_19_38_IST_2020.jpg height=200 width=200></img></a>  </system-out>
  <testcase name="verifyPresenceOfAnnouncementsCardLicensedUser" time="0.068" classname="com.OSMOSE.testcases.oCalcPro"/>
  <system-out>
Click to see Screenshot <a target="_blank" href=Tue_Nov_10_22_19_38_IST_2020.jpg>Screenshot</a> <br> <br> <a target="_blank" href=Tue_Nov_10_22_19_38_IST_2020.jpg><img src=Tue_Nov_10_22_19_38_IST_2020.jpg height=200 width=200></img></a>  </system-out>
  <testcase name="verifyPresenceOfTrainingOptionsCardLicensedUser" time="0.033" classname="com.OSMOSE.testcases.oCalcPro"/>
  <system-out>
Click to see Screenshot <a target="_blank" href=Tue_Nov_10_22_19_39_IST_2020.jpg>Screenshot</a> <br> <br> <a target="_blank" href=Tue_Nov_10_22_19_39_IST_2020.jpg><img src=Tue_Nov_10_22_19_39_IST_2020.jpg height=200 width=200></img></a>  </system-out>
  <testcase name="verifyPresenceOfTutorialLiveDemoCardLicensedUser" time="0.041" classname="com.OSMOSE.testcases.oCalcPro"/>
  <system-out>
Click to see Screenshot <a target="_blank" href=Tue_Nov_10_22_19_39_IST_2020.jpg>Screenshot</a> <br> <br> <a target="_blank" href=Tue_Nov_10_22_19_39_IST_2020.jpg><img src=Tue_Nov_10_22_19_39_IST_2020.jpg height=200 width=200></img></a>  </system-out>
  <testcase name="verifyContentsOfTrainingOptionsLicensedUser" time="0.138" classname="com.OSMOSE.testcases.oCalcPro"/>
  <system-out>
Click to see Screenshot <a target="_blank" href=Tue_Nov_10_22_19_40_IST_2020.jpg>Screenshot</a> <br> <br> <a target="_blank" href=Tue_Nov_10_22_19_40_IST_2020.jpg><img src=Tue_Nov_10_22_19_40_IST_2020.jpg height=200 width=200></img></a>  </system-out>
  <testcase name="verifyContentsOfProductsCardLicensedUser" time="0.178" classname="com.OSMOSE.testcases.oCalcPro"/>
  <system-out>
Click to see Screenshot <a target="_blank" href=Tue_Nov_10_22_19_41_IST_2020.jpg>Screenshot</a> <br> <br> <a target="_blank" href=Tue_Nov_10_22_19_41_IST_2020.jpg><img src=Tue_Nov_10_22_19_41_IST_2020.jpg height=200 width=200></img></a>  </system-out>
  <testcase name="verifyContentsOfKBCardLicensedUser" time="0.127" classname="com.OSMOSE.testcases.oCalcPro"/>
  <system-out>
Click to see Screenshot <a target="_blank" href=Tue_Nov_10_22_19_41_IST_2020.jpg>Screenshot</a> <br> <br> <a target="_blank" href=Tue_Nov_10_22_19_41_IST_2020.jpg><img src=Tue_Nov_10_22_19_41_IST_2020.jpg height=200 width=200></img></a>  </system-out>
  <testcase name="verifyContentsOfAnnouncementsLicensedUser" time="0.683" classname="com.OSMOSE.testcases.oCalcPro"/>
  <system-out>
Click to see Screenshot <a target="_blank" href=Tue_Nov_10_22_19_42_IST_2020.jpg>Screenshot</a> <br> <br> <a target="_blank" href=Tue_Nov_10_22_19_42_IST_2020.jpg><img src=Tue_Nov_10_22_19_42_IST_2020.jpg height=200 width=200></img></a>  </system-out>
  <testcase name="verifyContentsOfLicenseMgmtLicensedUser" time="0.224" classname="com.OSMOSE.testcases.oCalcPro"/>
  <system-out>
Click to see Screenshot <a target="_blank" href=Tue_Nov_10_22_19_43_IST_2020.jpg>Screenshot</a> <br> <br> <a target="_blank" href=Tue_Nov_10_22_19_43_IST_2020.jpg><img src=Tue_Nov_10_22_19_43_IST_2020.jpg height=200 width=200></img></a>  </system-out>
  <testcase name="verifyContentsOfTutorialLiveDemoLicensedUser" time="0.310" classname="com.OSMOSE.testcases.oCalcPro"/>
  <system-out>
Click to see Screenshot <a target="_blank" href=Tue_Nov_10_22_19_44_IST_2020.jpg>Screenshot</a> <br> <br> <a target="_blank" href=Tue_Nov_10_22_19_44_IST_2020.jpg><img src=Tue_Nov_10_22_19_44_IST_2020.jpg height=200 width=200></img></a>  </system-out>
  <testcase name="verifyProductsClickLicensedUser" time="3.903" classname="com.OSMOSE.testcases.oCalcPro"/>
  <system-out>
Click to see Screenshot <a target="_blank" href=Tue_Nov_10_22_19_48_IST_2020.jpg>Screenshot</a> <br> <br> <a target="_blank" href=Tue_Nov_10_22_19_48_IST_2020.jpg><img src=Tue_Nov_10_22_19_48_IST_2020.jpg height=200 width=200></img></a>  </system-out>
  <testcase name="verifyRequestLicenseQuoteClickLicensedUser" time="10.093" classname="com.OSMOSE.testcases.oCalcPro"/>
  <system-out>
Click to see Screenshot <a target="_blank" href=Tue_Nov_10_22_19_59_IST_2020.jpg>Screenshot</a> <br> <br> <a target="_blank" href=Tue_Nov_10_22_19_59_IST_2020.jpg><img src=Tue_Nov_10_22_19_59_IST_2020.jpg height=200 width=200></img></a>  </system-out>
  <testcase name="verifyRequestCVTQuoteClickLicensedUser" time="9.341" classname="com.OSMOSE.testcases.oCalcPro"/>
  <system-out>
Click to see Screenshot <a target="_blank" href=Tue_Nov_10_22_20_09_IST_2020.jpg>Screenshot</a> <br> <br> <a target="_blank" href=Tue_Nov_10_22_20_09_IST_2020.jpg><img src=Tue_Nov_10_22_20_09_IST_2020.jpg height=200 width=200></img></a>  </system-out>
  <testcase name="verifyRequestTrainingQuoteClickLicensedUser" time="9.526" classname="com.OSMOSE.testcases.oCalcPro"/>
  <system-out>
Click to see Screenshot <a target="_blank" href=Tue_Nov_10_22_20_19_IST_2020.jpg>Screenshot</a> <br> <br> <a target="_blank" href=Tue_Nov_10_22_20_19_IST_2020.jpg><img src=Tue_Nov_10_22_20_19_IST_2020.jpg height=200 width=200></img></a>  </system-out>
  <testcase name="verify30daysbtnClickLicensedUser" time="5.605" classname="com.OSMOSE.testcases.oCalcPro"/>
  <system-out>
Click to see Screenshot <a target="_blank" href=Tue_Nov_10_22_20_25_IST_2020.jpg>Screenshot</a> <br> <br> <a target="_blank" href=Tue_Nov_10_22_20_25_IST_2020.jpg><img src=Tue_Nov_10_22_20_25_IST_2020.jpg height=200 width=200></img></a>  </system-out>
  <testcase name="verifyRequstDemoClickLicensedUser" time="4.558" classname="com.OSMOSE.testcases.oCalcPro"/>
  <system-out>
Click to see Screenshot <a target="_blank" href=Tue_Nov_10_22_20_30_IST_2020.jpg>Screenshot</a> <br> <br> <a target="_blank" href=Tue_Nov_10_22_20_30_IST_2020.jpg><img src=Tue_Nov_10_22_20_30_IST_2020.jpg height=200 width=200></img></a>  </system-out>
  <testcase name="verifyocalcSupportClickLicensedUser" time="2.294" classname="com.OSMOSE.testcases.oCalcPro"/>
  <system-out>
Click to see Screenshot <a target="_blank" href=Tue_Nov_10_22_20_33_IST_2020.jpg>Screenshot</a> <br> <br> <a target="_blank" href=Tue_Nov_10_22_20_33_IST_2020.jpg><img src=Tue_Nov_10_22_20_33_IST_2020.jpg height=200 width=200></img></a>  </system-out>
  <testcase name="verifyDifferentProductsQuoteCreate" time="14.611" classname="com.OSMOSE.testcases.oCalcPro"/>
  <system-out>
Click to see Screenshot <a target="_blank" href=Tue_Nov_10_22_20_48_IST_2020.jpg>Screenshot</a> <br> <br> <a target="_blank" href=Tue_Nov_10_22_20_48_IST_2020.jpg><img src=Tue_Nov_10_22_20_48_IST_2020.jpg height=200 width=200></img></a>  </system-out>
  <testcase name="verifyPresenceOfCreditCardOptions" time="74.793" classname="com.OSMOSE.testcases.oCalcPro"/>
  <system-out>
Click to see Screenshot <a target="_blank" href=Tue_Nov_10_22_22_03_IST_2020.jpg>Screenshot</a> <br> <br> <a target="_blank" href=Tue_Nov_10_22_22_03_IST_2020.jpg><img src=Tue_Nov_10_22_22_03_IST_2020.jpg height=200 width=200></img></a>  </system-out>
  <testcase name="verifyClickOnPaywithCCBtn" time="27.521" classname="com.OSMOSE.testcases.oCalcPro"/>
  <system-out>
Click to see Screenshot <a target="_blank" href=Tue_Nov_10_22_22_31_IST_2020.jpg>Screenshot</a> <br> <br> <a target="_blank" href=Tue_Nov_10_22_22_31_IST_2020.jpg><img src=Tue_Nov_10_22_22_31_IST_2020.jpg height=200 width=200></img></a>  </system-out>
  <testcase name="verifyClickMakePaymentBtn" time="7.468" classname="com.OSMOSE.testcases.oCalcPro"/>
  <system-out>
Click to see Screenshot <a target="_blank" href=Tue_Nov_10_22_22_39_IST_2020.jpg>Screenshot</a> <br> <br> <a target="_blank" href=Tue_Nov_10_22_22_39_IST_2020.jpg><img src=Tue_Nov_10_22_22_39_IST_2020.jpg height=200 width=200></img></a>  </system-out>
  <testcase name="verifyClickIhaveCopiedMyReceiptChkBox" time="4.162" classname="com.OSMOSE.testcases.oCalcPro"/>
  <system-out>
Click to see Screenshot <a target="_blank" href=Tue_Nov_10_22_22_43_IST_2020.jpg>Screenshot</a> <br> <br> <a target="_blank" href=Tue_Nov_10_22_22_43_IST_2020.jpg><img src=Tue_Nov_10_22_22_43_IST_2020.jpg height=200 width=200></img></a>  </system-out>
  <testcase name="verifyCCDetailsForNonOCalcProduct" time="115.697" classname="com.OSMOSE.testcases.oCalcPro"/>
  <system-out>
Click to see Screenshot <a target="_blank" href=Tue_Nov_10_22_24_40_IST_2020.jpg>Screenshot</a> <br> <br> <a target="_blank" href=Tue_Nov_10_22_24_40_IST_2020.jpg><img src=Tue_Nov_10_22_24_40_IST_2020.jpg height=200 width=200></img></a>  </system-out>
  <testcase name="verifyPresenceOfCCReceipt" time="116.857" classname="com.OSMOSE.testcases.oCalcPro"/>
  <system-out>
Click to see Screenshot <a target="_blank" href=Tue_Nov_10_22_26_37_IST_2020.jpg>Screenshot</a> <br> <br> <a target="_blank" href=Tue_Nov_10_22_26_37_IST_2020.jpg><img src=Tue_Nov_10_22_26_37_IST_2020.jpg height=200 width=200></img></a>  </system-out>
  <testcase name="verifyCurrentPublicClassesClickLicensedUser" time="17.775" classname="com.OSMOSE.testcases.oCalcPro"/>
  <system-out>
Click to see Screenshot <a target="_blank" href=Tue_Nov_10_22_26_55_IST_2020.jpg>Screenshot</a> <br> <br> <a target="_blank" href=Tue_Nov_10_22_26_55_IST_2020.jpg><img src=Tue_Nov_10_22_26_55_IST_2020.jpg height=200 width=200></img></a>  </system-out>
  <testcase name="verifyRequestQuoteForPrivateTrainingClassesClickLicensedUser" time="11.528" classname="com.OSMOSE.testcases.oCalcPro"/>
  <system-out>
Click to see Screenshot <a target="_blank" href=Tue_Nov_10_22_27_07_IST_2020.jpg>Screenshot</a> <br> <br> <a target="_blank" href=Tue_Nov_10_22_27_07_IST_2020.jpg><img src=Tue_Nov_10_22_27_07_IST_2020.jpg height=200 width=200></img></a>  </system-out>
  <testcase name="verifyClickOnAnAnnouncementLicensedUser" time="1.730" classname="com.OSMOSE.testcases.oCalcPro"/>
  <system-out>
Click to see Screenshot <a target="_blank" href=Tue_Nov_10_22_27_10_IST_2020.jpg>Screenshot</a> <br> <br> <a target="_blank" href=Tue_Nov_10_22_27_10_IST_2020.jpg><img src=Tue_Nov_10_22_27_10_IST_2020.jpg height=200 width=200></img></a>  </system-out>
  <testcase name="verifyContentsOfFAQLicensedUser" time="6.420" classname="com.OSMOSE.testcases.oCalcPro"/>
  <system-out>
Click to see Screenshot <a target="_blank" href=Tue_Nov_10_22_27_16_IST_2020.jpg>Screenshot</a> <br> <br> <a target="_blank" href=Tue_Nov_10_22_27_16_IST_2020.jpg><img src=Tue_Nov_10_22_27_16_IST_2020.jpg height=200 width=200></img></a>  </system-out>
  <testcase name="verifySubmitIssueClickLicensedUser" time="0.398" classname="com.OSMOSE.testcases.oCalcPro"/>
  <system-out>
Click to see Screenshot <a target="_blank" href=Tue_Nov_10_22_27_36_IST_2020.jpg>Screenshot</a> <br> <br> <a target="_blank" href=Tue_Nov_10_22_27_36_IST_2020.jpg><img src=Tue_Nov_10_22_27_36_IST_2020.jpg height=200 width=200></img></a>  </system-out>
  <testcase name="verifyFAQClickLicensedUser" time="18.353" classname="com.OSMOSE.testcases.oCalcPro"/>
  <system-out>
Click to see Screenshot <a target="_blank" href=Tue_Nov_10_22_27_35_IST_2020.jpg>Screenshot</a> <br> <br> <a target="_blank" href=Tue_Nov_10_22_27_35_IST_2020.jpg><img src=Tue_Nov_10_22_27_35_IST_2020.jpg height=200 width=200></img></a>  </system-out>
  <testcase name="verifyKBClickLicensedUser" time="26.890" classname="com.OSMOSE.testcases.oCalcPro"/>
  <system-out>
Click to see Screenshot <a target="_blank" href=Tue_Nov_10_22_28_03_IST_2020.jpg>Screenshot</a> <br> <br> <a target="_blank" href=Tue_Nov_10_22_28_03_IST_2020.jpg><img src=Tue_Nov_10_22_28_03_IST_2020.jpg height=200 width=200></img></a>  </system-out>
  <testcase name="verifyKBTrainingVideosClickLicensedUser" time="15.943" classname="com.OSMOSE.testcases.oCalcPro"/>
  <system-out>
Click to see Screenshot <a target="_blank" href=Tue_Nov_10_22_28_20_IST_2020.jpg>Screenshot</a> <br> <br> <a target="_blank" href=Tue_Nov_10_22_28_20_IST_2020.jpg><img src=Tue_Nov_10_22_28_20_IST_2020.jpg height=200 width=200></img></a>  </system-out>
  <testcase name="verifyKBWikiPageClickLicensedUser" time="29.056" classname="com.OSMOSE.testcases.oCalcPro"/>
  <system-out>
Click to see Screenshot <a target="_blank" href=Tue_Nov_10_22_28_50_IST_2020.jpg>Screenshot</a> <br> <br> <a target="_blank" href=Tue_Nov_10_22_28_50_IST_2020.jpg><img src=Tue_Nov_10_22_28_50_IST_2020.jpg height=200 width=200></img></a>  </system-out>
  <testcase name="verifySearchResultsAreGroupedLicensedUser" time="19.404" classname="com.OSMOSE.testcases.oCalcPro"/>
  <system-out>
Click to see Screenshot <a target="_blank" href=Tue_Nov_10_22_29_10_IST_2020.jpg>Screenshot</a> <br> <br> <a target="_blank" href=Tue_Nov_10_22_29_10_IST_2020.jpg><img src=Tue_Nov_10_22_29_10_IST_2020.jpg height=200 width=200></img></a>  </system-out>
  <testcase name="verifyTrainingVideosAreGroupedLicensedUser" time="15.721" classname="com.OSMOSE.testcases.oCalcPro"/>
  <system-out>
Click to see Screenshot <a target="_blank" href=Tue_Nov_10_22_29_26_IST_2020.jpg>Screenshot</a> <br> <br> <a target="_blank" href=Tue_Nov_10_22_29_26_IST_2020.jpg><img src=Tue_Nov_10_22_29_26_IST_2020.jpg height=200 width=200></img></a>  </system-out>
  <testcase name="verifyContentsLicenseManagementPopUp" time="5.088" classname="com.OSMOSE.testcases.oCalcPro"/>
  <system-out>
Click to see Screenshot <a target="_blank" href=Tue_Nov_10_22_29_31_IST_2020.jpg>Screenshot</a> <br> <br> <a target="_blank" href=Tue_Nov_10_22_29_31_IST_2020.jpg><img src=Tue_Nov_10_22_29_31_IST_2020.jpg height=200 width=200></img></a>  </system-out>
  <testcase name="verifyPresenceOfSkipTourNextPreviousExitTour" time="4.193" classname="com.OSMOSE.testcases.oCalcPro"/>
  <system-out>
Click to see Screenshot <a target="_blank" href=Tue_Nov_10_22_29_36_IST_2020.jpg>Screenshot</a> <br> <br> <a target="_blank" href=Tue_Nov_10_22_29_36_IST_2020.jpg><img src=Tue_Nov_10_22_29_36_IST_2020.jpg height=200 width=200></img></a>  </system-out>
  <testcase name="verifyClickOnNextPreviousbtns" time="2.158" classname="com.OSMOSE.testcases.oCalcPro"/>
  <system-out>
Click to see Screenshot <a target="_blank" href=Tue_Nov_10_22_29_39_IST_2020.jpg>Screenshot</a> <br> <br> <a target="_blank" href=Tue_Nov_10_22_29_39_IST_2020.jpg><img src=Tue_Nov_10_22_29_39_IST_2020.jpg height=200 width=200></img></a>  </system-out>
  <testcase name="verifyClickOnSkipTourExitTourbtns" time="4.294" classname="com.OSMOSE.testcases.oCalcPro"/>
  <system-out>
Click to see Screenshot <a target="_blank" href=Tue_Nov_10_22_29_43_IST_2020.jpg>Screenshot</a> <br> <br> <a target="_blank" href=Tue_Nov_10_22_29_43_IST_2020.jpg><img src=Tue_Nov_10_22_29_43_IST_2020.jpg height=200 width=200></img></a>  </system-out>
  <testcase name="verifyOnlyRenewBtnIsEnabledOnMultipleRecordSelection" time="6.373" classname="com.OSMOSE.testcases.oCalcPro"/>
  <system-out>
Click to see Screenshot <a target="_blank" href=Tue_Nov_10_22_29_50_IST_2020.jpg>Screenshot</a> <br> <br> <a target="_blank" href=Tue_Nov_10_22_29_50_IST_2020.jpg><img src=Tue_Nov_10_22_29_50_IST_2020.jpg height=200 width=200></img></a>  </system-out>
  <testcase name="verifyFilterContactName" time="3.577" classname="com.OSMOSE.testcases.oCalcPro"/>
  <system-out>
Click to see Screenshot <a target="_blank" href=Tue_Nov_10_22_29_54_IST_2020.jpg>Screenshot</a> <br> <br> <a target="_blank" href=Tue_Nov_10_22_29_54_IST_2020.jpg><img src=Tue_Nov_10_22_29_54_IST_2020.jpg height=200 width=200></img></a>  </system-out>
  <testcase name="verifyFilterLicenseKey" time="1.551" classname="com.OSMOSE.testcases.oCalcPro"/>
  <system-out>
Click to see Screenshot <a target="_blank" href=Tue_Nov_10_22_29_56_IST_2020.jpg>Screenshot</a> <br> <br> <a target="_blank" href=Tue_Nov_10_22_29_56_IST_2020.jpg><img src=Tue_Nov_10_22_29_56_IST_2020.jpg height=200 width=200></img></a>  </system-out>
  <testcase name="verifyFilterStatus" time="2.654" classname="com.OSMOSE.testcases.oCalcPro"/>
  <system-out>
Click to see Screenshot <a target="_blank" href=Tue_Nov_10_22_29_59_IST_2020.jpg>Screenshot</a> <br> <br> <a target="_blank" href=Tue_Nov_10_22_29_59_IST_2020.jpg><img src=Tue_Nov_10_22_29_59_IST_2020.jpg height=200 width=200></img></a>  </system-out>
  <testcase name="verifyFilterExpToken" time="1.662" classname="com.OSMOSE.testcases.oCalcPro"/>
  <system-out>
Click to see Screenshot <a target="_blank" href=Tue_Nov_10_22_30_01_IST_2020.jpg>Screenshot</a> <br> <br> <a target="_blank" href=Tue_Nov_10_22_30_01_IST_2020.jpg><img src=Tue_Nov_10_22_30_01_IST_2020.jpg height=200 width=200></img></a>  </system-out>
  <testcase name="verifyFilterLicenseType" time="2.802" classname="com.OSMOSE.testcases.oCalcPro"/>
  <system-out>
Click to see Screenshot <a target="_blank" href=Tue_Nov_10_22_30_04_IST_2020.jpg>Screenshot</a> <br> <br> <a target="_blank" href=Tue_Nov_10_22_30_04_IST_2020.jpg><img src=Tue_Nov_10_22_30_04_IST_2020.jpg height=200 width=200></img></a>  </system-out>
  <testcase name="verifyFilterLicenseTypeSite" time="2.769" classname="com.OSMOSE.testcases.oCalcPro"/>
  <system-out>
Click to see Screenshot <a target="_blank" href=Tue_Nov_10_22_30_07_IST_2020.jpg>Screenshot</a> <br> <br> <a target="_blank" href=Tue_Nov_10_22_30_07_IST_2020.jpg><img src=Tue_Nov_10_22_30_07_IST_2020.jpg height=200 width=200></img></a>  </system-out>
  <testcase name="verifyFilterPurchaseDate" time="2.764" classname="com.OSMOSE.testcases.oCalcPro"/>
  <system-out>
Click to see Screenshot <a target="_blank" href=Tue_Nov_10_22_30_10_IST_2020.jpg>Screenshot</a> <br> <br> <a target="_blank" href=Tue_Nov_10_22_30_10_IST_2020.jpg><img src=Tue_Nov_10_22_30_10_IST_2020.jpg height=200 width=200></img></a>  </system-out>
  <testcase name="verifyFilterExpirationDate" time="2.830" classname="com.OSMOSE.testcases.oCalcPro"/>
  <system-out>
Click to see Screenshot <a target="_blank" href=Tue_Nov_10_22_30_14_IST_2020.jpg>Screenshot</a> <br> <br> <a target="_blank" href=Tue_Nov_10_22_30_14_IST_2020.jpg><img src=Tue_Nov_10_22_30_14_IST_2020.jpg height=200 width=200></img></a>  </system-out>
  <testcase name="verifyTransferBtn" time="13.653" classname="com.OSMOSE.testcases.oCalcPro"/>
  <system-out>
Click to see Screenshot <a target="_blank" href=Tue_Nov_10_22_30_28_IST_2020.jpg>Screenshot</a> <br> <br> <a target="_blank" href=Tue_Nov_10_22_30_28_IST_2020.jpg><img src=Tue_Nov_10_22_30_28_IST_2020.jpg height=200 width=200></img></a>  </system-out>
  <testcase name="verifyTransferErrorMsg" time="0.169" classname="com.OSMOSE.testcases.oCalcPro"/>
  <system-out>
Click to see Screenshot <a target="_blank" href=Tue_Nov_10_22_30_28_IST_2020.jpg>Screenshot</a> <br> <br> <a target="_blank" href=Tue_Nov_10_22_30_28_IST_2020.jpg><img src=Tue_Nov_10_22_30_28_IST_2020.jpg height=200 width=200></img></a>  </system-out>
  <testcase name="verifyClickTransferLicenseBtn" time="3.855" classname="com.OSMOSE.testcases.oCalcPro"/>
  <system-out>
Click to see Screenshot <a target="_blank" href=Tue_Nov_10_22_30_33_IST_2020.jpg>Screenshot</a> <br> <br> <a target="_blank" href=Tue_Nov_10_22_30_33_IST_2020.jpg><img src=Tue_Nov_10_22_30_33_IST_2020.jpg height=200 width=200></img></a>  </system-out>
  <testcase name="verifyClickResend" time="4.683" classname="com.OSMOSE.testcases.oCalcPro"/>
  <system-out>
Click to see Screenshot <a target="_blank" href=Tue_Nov_10_22_30_38_IST_2020.jpg>Screenshot</a> <br> <br> <a target="_blank" href=Tue_Nov_10_22_30_38_IST_2020.jpg><img src=Tue_Nov_10_22_30_38_IST_2020.jpg height=200 width=200></img></a>  </system-out>
  <testcase name="verifyUpdateContactBtn" time="12.982" classname="com.OSMOSE.testcases.oCalcPro"/>
  <system-out>
Click to see Screenshot <a target="_blank" href=Tue_Nov_10_22_30_51_IST_2020.jpg>Screenshot</a> <br> <br> <a target="_blank" href=Tue_Nov_10_22_30_51_IST_2020.jpg><img src=Tue_Nov_10_22_30_51_IST_2020.jpg height=200 width=200></img></a>  </system-out>
  <testcase name="verifyClickUpdateContactBtn" time="2.218" classname="com.OSMOSE.testcases.oCalcPro"/>
  <system-out>
Click to see Screenshot <a target="_blank" href=Tue_Nov_10_22_30_54_IST_2020.jpg>Screenshot</a> <br> <br> <a target="_blank" href=Tue_Nov_10_22_30_54_IST_2020.jpg><img src=Tue_Nov_10_22_30_54_IST_2020.jpg height=200 width=200></img></a>  </system-out>
  <testcase name="verifyClickRenewBtn" time="8.585" classname="com.OSMOSE.testcases.oCalcPro"/>
  <system-out>
Click to see Screenshot <a target="_blank" href=Tue_Nov_10_22_31_03_IST_2020.jpg>Screenshot</a> <br> <br> <a target="_blank" href=Tue_Nov_10_22_31_03_IST_2020.jpg><img src=Tue_Nov_10_22_31_03_IST_2020.jpg height=200 width=200></img></a>  </system-out>
  <testcase name="verifyContentsOfProductsCard" classname="com.OSMOSE.testcases.oCalcPro">
    <skipped/>
  </testcase> <!-- verifyContentsOfProductsCard -->
  <system-out/>
  <testcase name="verifyocalcSupportClickonGetStartedWithOcalcProcard" classname="com.OSMOSE.testcases.oCalcPro">
    <skipped/>
  </testcase> <!-- verifyocalcSupportClickonGetStartedWithOcalcProcard -->
  <system-out/>
  <testcase name="verifyKBTrainingVideosClick" classname="com.OSMOSE.testcases.oCalcPro">
    <skipped/>
  </testcase> <!-- verifyKBTrainingVideosClick -->
  <system-out/>
  <testcase name="verifyRequestCVTQuoteClick" classname="com.OSMOSE.testcases.oCalcPro">
    <skipped/>
  </testcase> <!-- verifyRequestCVTQuoteClick -->
  <system-out/>
  <testcase name="verifyContentsOfGetStartedWithOcalcPro" classname="com.OSMOSE.testcases.oCalcPro">
    <skipped/>
  </testcase> <!-- verifyContentsOfGetStartedWithOcalcPro -->
  <system-out/>
  <testcase name="verifyRequestTrainingQuoteClick" classname="com.OSMOSE.testcases.oCalcPro">
    <skipped/>
  </testcase> <!-- verifyRequestTrainingQuoteClick -->
  <system-out/>
  <testcase name="verifyTrainingVideosAreGrouped" classname="com.OSMOSE.testcases.oCalcPro">
    <skipped/>
  </testcase> <!-- verifyTrainingVideosAreGrouped -->
  <system-out/>
  <testcase name="verifyClickOnAnAnnouncement" classname="com.OSMOSE.testcases.oCalcPro">
    <skipped/>
  </testcase> <!-- verifyClickOnAnAnnouncement -->
  <system-out/>
  <testcase name="verifySearchResultsAreGrouped" classname="com.OSMOSE.testcases.oCalcPro">
    <skipped/>
  </testcase> <!-- verifySearchResultsAreGrouped -->
  <system-out/>
  <testcase name="verifyLearnMoreClickonGetStartedWithOcalcProcard" classname="com.OSMOSE.testcases.oCalcPro">
    <skipped/>
  </testcase> <!-- verifyLearnMoreClickonGetStartedWithOcalcProcard -->
  <system-out/>
  <testcase name="verifyKBWikiPageClick" classname="com.OSMOSE.testcases.oCalcPro">
    <skipped/>
  </testcase> <!-- verifyKBWikiPageClick -->
  <system-out/>
  <testcase name="verifyCurrentPublicClassesClick" classname="com.OSMOSE.testcases.oCalcPro">
    <skipped/>
  </testcase> <!-- verifyCurrentPublicClassesClick -->
  <system-out/>
  <testcase name="verify30daysbtnClickonGetStartedWithOcalcProcard" classname="com.OSMOSE.testcases.oCalcPro">
    <skipped/>
  </testcase> <!-- verify30daysbtnClickonGetStartedWithOcalcProcard -->
  <system-out/>
  <testcase name="verifyPresenceOfGetStartedWithOcalcPro" classname="com.OSMOSE.testcases.oCalcPro">
    <skipped/>
  </testcase> <!-- verifyPresenceOfGetStartedWithOcalcPro -->
  <system-out/>
  <testcase name="verifyPresenceOfAnnouncementsCard" classname="com.OSMOSE.testcases.oCalcPro">
    <skipped/>
  </testcase> <!-- verifyPresenceOfAnnouncementsCard -->
  <system-out/>
  <testcase name="verifyRequestLicenseQuoteClick" classname="com.OSMOSE.testcases.oCalcPro">
    <skipped/>
  </testcase> <!-- verifyRequestLicenseQuoteClick -->
  <system-out/>
  <testcase name="verifyContentsOfTrainingOptions" classname="com.OSMOSE.testcases.oCalcPro">
    <skipped/>
  </testcase> <!-- verifyContentsOfTrainingOptions -->
  <system-out/>
  <testcase name="verifyContentsOfAnnouncements" classname="com.OSMOSE.testcases.oCalcPro">
    <skipped/>
  </testcase> <!-- verifyContentsOfAnnouncements -->
  <system-out/>
  <testcase name="verifyPresenceOfTrainingOptionsCard" classname="com.OSMOSE.testcases.oCalcPro">
    <skipped/>
  </testcase> <!-- verifyPresenceOfTrainingOptionsCard -->
  <system-out/>
  <testcase name="verifyContentsOfKBCard" classname="com.OSMOSE.testcases.oCalcPro">
    <skipped/>
  </testcase> <!-- verifyContentsOfKBCard -->
  <system-out/>
  <testcase name="verifyPresenceOfLicenseManagementPerspective" classname="com.OSMOSE.testcases.oCalcPro">
    <skipped/>
  </testcase> <!-- verifyPresenceOfLicenseManagementPerspective -->
  <system-out/>
  <testcase name="verifyPresenceOfKnowledgeBaseCard" classname="com.OSMOSE.testcases.oCalcPro">
    <skipped/>
  </testcase> <!-- verifyPresenceOfKnowledgeBaseCard -->
  <system-out/>
  <testcase name="verifyPresenceOfProductsCard" classname="com.OSMOSE.testcases.oCalcPro">
    <skipped/>
  </testcase> <!-- verifyPresenceOfProductsCard -->
  <system-out/>
  <testcase name="verifyRequstDemoClickonGetStartedWithOcalcProcard" classname="com.OSMOSE.testcases.oCalcPro">
    <skipped/>
  </testcase> <!-- verifyRequstDemoClickonGetStartedWithOcalcProcard -->
  <system-out/>
  <testcase name="verifyProductsClick" classname="com.OSMOSE.testcases.oCalcPro">
    <skipped/>
  </testcase> <!-- verifyProductsClick -->
  <system-out/>
  <testcase name="verifyKBClick" classname="com.OSMOSE.testcases.oCalcPro">
    <skipped/>
  </testcase> <!-- verifyKBClick -->
  <system-out/>
  <testcase name="verifyRequestQuoteForPrivateTrainingClassesClick" classname="com.OSMOSE.testcases.oCalcPro">
    <skipped/>
  </testcase> <!-- verifyRequestQuoteForPrivateTrainingClassesClick -->
  <system-out/>
</testsuite> <!-- com.OSMOSE.testcases.oCalcPro -->
