<?xml version="1.0" encoding="UTF-8"?>
<!-- Generated by org.testng.reporters.JUnitReportReporter -->
<testsuite skipped="6" hostname="5CG6323N27" name="com.OSMOSE.testcases.Contact" tests="26" failures="0" timestamp="2020-09-21T14:39:36 IST" time="162.030" errors="0">
  <testcase name="verifyContactUsMenuContents" time="0.142" classname="com.OSMOSE.testcases.Contact"/>
  <system-out>
Click to see Screenshot <a target="_blank" href=Mon_Sep_21_14_36_41_IST_2020.jpg>Screenshot</a> <br> <br> <a target="_blank" href=Mon_Sep_21_14_36_41_IST_2020.jpg><img src=Mon_Sep_21_14_36_41_IST_2020.jpg height=200 width=200></img></a>  </system-out>
  <testcase name="verifyPresenceOfProjectGroup" time="3.142" classname="com.OSMOSE.testcases.Contact"/>
  <system-out>
Click to see Screenshot <a target="_blank" href=Mon_Sep_21_14_36_45_IST_2020.jpg>Screenshot</a> <br> <br> <a target="_blank" href=Mon_Sep_21_14_36_45_IST_2020.jpg><img src=Mon_Sep_21_14_36_45_IST_2020.jpg height=200 width=200></img></a>  </system-out>
  <testcase name="verifyCityOfColumbiaContactCardContents" time="9.429" classname="com.OSMOSE.testcases.Contact"/>
  <system-out>
Click to see Screenshot <a target="_blank" href=Mon_Sep_21_14_36_55_IST_2020.jpg>Screenshot</a> <br> <br> <a target="_blank" href=Mon_Sep_21_14_36_55_IST_2020.jpg><img src=Mon_Sep_21_14_36_55_IST_2020.jpg height=200 width=200></img></a>  </system-out>
  <testcase name="verifyGeorgiaPowerCompanyContactCardContents" time="18.715" classname="com.OSMOSE.testcases.Contact"/>
  <system-out>
Click to see Screenshot <a target="_blank" href=Mon_Sep_21_14_37_14_IST_2020.jpg>Screenshot</a> <br> <br> <a target="_blank" href=Mon_Sep_21_14_37_14_IST_2020.jpg><img src=Mon_Sep_21_14_37_14_IST_2020.jpg height=200 width=200></img></a>  </system-out>
  <testcase name="verifyGrandElectricContactCardContents" time="12.508" classname="com.OSMOSE.testcases.Contact"/>
  <system-out>
Click to see Screenshot <a target="_blank" href=Mon_Sep_21_14_37_27_IST_2020.jpg>Screenshot</a> <br> <br> <a target="_blank" href=Mon_Sep_21_14_37_27_IST_2020.jpg><img src=Mon_Sep_21_14_37_27_IST_2020.jpg height=200 width=200></img></a>  </system-out>
  <testcase name="verifyIdahoPowerInspectionContactCardContents" time="12.648" classname="com.OSMOSE.testcases.Contact"/>
  <system-out>
Click to see Screenshot <a target="_blank" href=Mon_Sep_21_14_37_40_IST_2020.jpg>Screenshot</a> <br> <br> <a target="_blank" href=Mon_Sep_21_14_37_40_IST_2020.jpg><img src=Mon_Sep_21_14_37_40_IST_2020.jpg height=200 width=200></img></a>  </system-out>
  <testcase name="verifyIdahoPowerRestorationContactCardContents" time="11.470" classname="com.OSMOSE.testcases.Contact"/>
  <system-out>
Click to see Screenshot <a target="_blank" href=Mon_Sep_21_14_37_52_IST_2020.jpg>Screenshot</a> <br> <br> <a target="_blank" href=Mon_Sep_21_14_37_52_IST_2020.jpg><img src=Mon_Sep_21_14_37_52_IST_2020.jpg height=200 width=200></img></a>  </system-out>
  <testcase name="verifyOncurDistributionContactCardContents" time="12.578" classname="com.OSMOSE.testcases.Contact"/>
  <system-out>
Click to see Screenshot <a target="_blank" href=Mon_Sep_21_14_38_06_IST_2020.jpg>Screenshot</a> <br> <br> <a target="_blank" href=Mon_Sep_21_14_38_06_IST_2020.jpg><img src=Mon_Sep_21_14_38_06_IST_2020.jpg height=200 width=200></img></a>  </system-out>
  <testcase name="verifyPacificGasAndElectricCoContactCardContents" time="12.591" classname="com.OSMOSE.testcases.Contact"/>
  <system-out>
Click to see Screenshot <a target="_blank" href=Mon_Sep_21_14_38_19_IST_2020.jpg>Screenshot</a> <br> <br> <a target="_blank" href=Mon_Sep_21_14_38_19_IST_2020.jpg><img src=Mon_Sep_21_14_38_19_IST_2020.jpg height=200 width=200></img></a>  </system-out>
  <testcase name="verifyPedernalesElecCoopContactCardContents" time="12.624" classname="com.OSMOSE.testcases.Contact"/>
  <system-out>
Click to see Screenshot <a target="_blank" href=Mon_Sep_21_14_38_32_IST_2020.jpg>Screenshot</a> <br> <br> <a target="_blank" href=Mon_Sep_21_14_38_32_IST_2020.jpg><img src=Mon_Sep_21_14_38_32_IST_2020.jpg height=200 width=200></img></a>  </system-out>
  <testcase name="verifyPugetSoundEnergyInspectionContactCardContents" time="12.566" classname="com.OSMOSE.testcases.Contact"/>
  <system-out>
Click to see Screenshot <a target="_blank" href=Mon_Sep_21_14_38_45_IST_2020.jpg>Screenshot</a> <br> <br> <a target="_blank" href=Mon_Sep_21_14_38_45_IST_2020.jpg><img src=Mon_Sep_21_14_38_45_IST_2020.jpg height=200 width=200></img></a>  </system-out>
  <testcase name="verifyPugetSoundEnergyRestorationContactCardContents" time="11.573" classname="com.OSMOSE.testcases.Contact"/>
  <system-out>
Click to see Screenshot <a target="_blank" href=Mon_Sep_21_14_38_57_IST_2020.jpg>Screenshot</a> <br> <br> <a target="_blank" href=Mon_Sep_21_14_38_57_IST_2020.jpg><img src=Mon_Sep_21_14_38_57_IST_2020.jpg height=200 width=200></img></a>  </system-out>
  <testcase name="verifyContactUsHeaderContents" time="0.288" classname="com.OSMOSE.testcases.Contact"/>
  <system-out>
Click to see Screenshot <a target="_blank" href=Mon_Sep_21_14_38_58_IST_2020.jpg>Screenshot</a> <br> <br> <a target="_blank" href=Mon_Sep_21_14_38_58_IST_2020.jpg><img src=Mon_Sep_21_14_38_58_IST_2020.jpg height=200 width=200></img></a>  </system-out>
  <testcase name="verifyContactUsClickOnGoogleMap" time="31.209" classname="com.OSMOSE.testcases.Contact"/>
  <system-out>
Click to see Screenshot <a target="_blank" href=Mon_Sep_21_14_39_30_IST_2020.jpg>Screenshot</a> <br> <br> <a target="_blank" href=Mon_Sep_21_14_39_30_IST_2020.jpg><img src=Mon_Sep_21_14_39_30_IST_2020.jpg height=200 width=200></img></a>  </system-out>
  <testcase name="verifyContactUsGeneralInquiriesContents" time="0.076" classname="com.OSMOSE.testcases.Contact"/>
  <system-out>
Click to see Screenshot <a target="_blank" href=Mon_Sep_21_14_39_30_IST_2020.jpg>Screenshot</a> <br> <br> <a target="_blank" href=Mon_Sep_21_14_39_30_IST_2020.jpg><img src=Mon_Sep_21_14_39_30_IST_2020.jpg height=200 width=200></img></a>  </system-out>
  <testcase name="verifyContactUsSalesProductsContents" time="0.085" classname="com.OSMOSE.testcases.Contact"/>
  <system-out>
Click to see Screenshot <a target="_blank" href=Mon_Sep_21_14_39_31_IST_2020.jpg>Screenshot</a> <br> <br> <a target="_blank" href=Mon_Sep_21_14_39_31_IST_2020.jpg><img src=Mon_Sep_21_14_39_31_IST_2020.jpg height=200 width=200></img></a>  </system-out>
  <testcase name="verifyContactUsSalesServicesContents" time="0.078" classname="com.OSMOSE.testcases.Contact"/>
  <system-out>
Click to see Screenshot <a target="_blank" href=Mon_Sep_21_14_39_31_IST_2020.jpg>Screenshot</a> <br> <br> <a target="_blank" href=Mon_Sep_21_14_39_31_IST_2020.jpg><img src=Mon_Sep_21_14_39_31_IST_2020.jpg height=200 width=200></img></a>  </system-out>
  <testcase name="verifyContactUsOCalcProContents" time="0.074" classname="com.OSMOSE.testcases.Contact"/>
  <system-out>
Click to see Screenshot <a target="_blank" href=Mon_Sep_21_14_39_32_IST_2020.jpg>Screenshot</a> <br> <br> <a target="_blank" href=Mon_Sep_21_14_39_32_IST_2020.jpg><img src=Mon_Sep_21_14_39_32_IST_2020.jpg height=200 width=200></img></a>  </system-out>
  <testcase name="verifyContactUsQueryFormContents" time="0.104" classname="com.OSMOSE.testcases.Contact"/>
  <system-out>
Click to see Screenshot <a target="_blank" href=Mon_Sep_21_14_39_32_IST_2020.jpg>Screenshot</a> <br> <br> <a target="_blank" href=Mon_Sep_21_14_39_32_IST_2020.jpg><img src=Mon_Sep_21_14_39_32_IST_2020.jpg height=200 width=200></img></a>  </system-out>
  <testcase name="verifyFormSubmissionErrorMessage" time="0.130" classname="com.OSMOSE.testcases.Contact"/>
  <system-out>
Click to see Screenshot <a target="_blank" href=Mon_Sep_21_14_39_33_IST_2020.jpg>Screenshot</a> <br> <br> <a target="_blank" href=Mon_Sep_21_14_39_33_IST_2020.jpg><img src=Mon_Sep_21_14_39_33_IST_2020.jpg height=200 width=200></img></a>  </system-out>
  <testcase name="verifyFormSubmissionWith_Other" classname="com.OSMOSE.testcases.Contact">
    <skipped/>
  </testcase> <!-- verifyFormSubmissionWith_Other -->
  <system-out/>
  <testcase name="verifyFormSubmissionWith_TechnicalSupport" classname="com.OSMOSE.testcases.Contact">
    <skipped/>
  </testcase> <!-- verifyFormSubmissionWith_TechnicalSupport -->
  <system-out/>
  <testcase name="verifyFormSubmissionThankYouPopUp" classname="com.OSMOSE.testcases.Contact">
    <skipped/>
  </testcase> <!-- verifyFormSubmissionThankYouPopUp -->
  <system-out/>
  <testcase name="verifyFormSubmissionWith_RequestForInformation" classname="com.OSMOSE.testcases.Contact">
    <skipped/>
  </testcase> <!-- verifyFormSubmissionWith_RequestForInformation -->
  <system-out/>
  <testcase name="verifyFormSubmissionWith_ProjectSupport" classname="com.OSMOSE.testcases.Contact">
    <skipped/>
  </testcase> <!-- verifyFormSubmissionWith_ProjectSupport -->
  <system-out/>
  <testcase name="verifyClickOnBackButton" classname="com.OSMOSE.testcases.Contact">
    <skipped/>
  </testcase> <!-- verifyClickOnBackButton -->
  <system-out/>
</testsuite> <!-- com.OSMOSE.testcases.Contact -->
