<?xml version="1.0" encoding="UTF-8"?>
<!-- Generated by org.testng.reporters.JUnitReportReporter -->
<testsuite skipped="3" hostname="5CG6323N27" name="com.OSMOSE.testcases.Product" tests="88" failures="0" timestamp="2020-11-13T17:33:45 IST" time="1600.916" errors="3">
  <testcase name="verifyTheProductLink" time="10.363" classname="com.OSMOSE.testcases.Product"/>
  <system-out>
Click to see Screenshot <a target="_blank" href=Fri_Nov_13_17_06_37_IST_2020.jpg>Screenshot</a> <br> <br> <a target="_blank" href=Fri_Nov_13_17_06_37_IST_2020.jpg><img src=Fri_Nov_13_17_06_37_IST_2020.jpg height=200 width=200></img></a>  </system-out>
  <testcase name="searchElementPresent" time="50.045" classname="com.OSMOSE.testcases.Product"/>
  <system-out>
Click to see Screenshot <a target="_blank" href=Fri_Nov_13_17_07_27_IST_2020.jpg>Screenshot</a> <br> <br> <a target="_blank" href=Fri_Nov_13_17_07_27_IST_2020.jpg><img src=Fri_Nov_13_17_07_27_IST_2020.jpg height=200 width=200></img></a>  </system-out>
  <testcase name="catalogElementPresent" time="0.028" classname="com.OSMOSE.testcases.Product"/>
  <system-out>
Click to see Screenshot <a target="_blank" href=Fri_Nov_13_17_07_27_IST_2020.jpg>Screenshot</a> <br> <br> <a target="_blank" href=Fri_Nov_13_17_07_27_IST_2020.jpg><img src=Fri_Nov_13_17_07_27_IST_2020.jpg height=200 width=200></img></a>  </system-out>
  <testcase name="openMyQuotesElementPresent" time="0.025" classname="com.OSMOSE.testcases.Product"/>
  <system-out>
Click to see Screenshot <a target="_blank" href=Fri_Nov_13_17_07_28_IST_2020.jpg>Screenshot</a> <br> <br> <a target="_blank" href=Fri_Nov_13_17_07_28_IST_2020.jpg><img src=Fri_Nov_13_17_07_28_IST_2020.jpg height=200 width=200></img></a>  </system-out>
  <testcase name="shoppingCartElementPresent" time="0.068" classname="com.OSMOSE.testcases.Product"/>
  <system-out>
Click to see Screenshot <a target="_blank" href=Fri_Nov_13_17_07_28_IST_2020.jpg>Screenshot</a> <br> <br> <a target="_blank" href=Fri_Nov_13_17_07_28_IST_2020.jpg><img src=Fri_Nov_13_17_07_28_IST_2020.jpg height=200 width=200></img></a>  </system-out>
  <testcase name="adminElementPresent" time="0.043" classname="com.OSMOSE.testcases.Product"/>
  <system-out>
Click to see Screenshot <a target="_blank" href=Fri_Nov_13_17_07_29_IST_2020.jpg>Screenshot</a> <br> <br> <a target="_blank" href=Fri_Nov_13_17_07_29_IST_2020.jpg><img src=Fri_Nov_13_17_07_29_IST_2020.jpg height=200 width=200></img></a>  </system-out>
  <testcase name="viewDetailsElementPresent" time="0.026" classname="com.OSMOSE.testcases.Product"/>
  <system-out>
Click to see Screenshot <a target="_blank" href=Fri_Nov_13_17_07_29_IST_2020.jpg>Screenshot</a> <br> <br> <a target="_blank" href=Fri_Nov_13_17_07_29_IST_2020.jpg><img src=Fri_Nov_13_17_07_29_IST_2020.jpg height=200 width=200></img></a>  </system-out>
  <testcase name="allSixProductPresent" time="0.026" classname="com.OSMOSE.testcases.Product"/>
  <system-out>
Click to see Screenshot <a target="_blank" href=Fri_Nov_13_17_07_30_IST_2020.jpg>Screenshot</a> <br> <br> <a target="_blank" href=Fri_Nov_13_17_07_30_IST_2020.jpg><img src=Fri_Nov_13_17_07_30_IST_2020.jpg height=200 width=200></img></a>  </system-out>
  <testcase name="sliderItemPresent" time="0.107" classname="com.OSMOSE.testcases.Product"/>
  <system-out>
Click to see Screenshot <a target="_blank" href=Fri_Nov_13_17_07_30_IST_2020.jpg>Screenshot</a> <br> <br> <a target="_blank" href=Fri_Nov_13_17_07_30_IST_2020.jpg><img src=Fri_Nov_13_17_07_30_IST_2020.jpg height=200 width=200></img></a>  </system-out>
  <testcase name="verifyCategoryFilter" time="50.046" classname="com.OSMOSE.testcases.Product"/>
  <system-out>
Click to see Screenshot <a target="_blank" href=Fri_Nov_13_17_08_21_IST_2020.jpg>Screenshot</a> <br> <br> <a target="_blank" href=Fri_Nov_13_17_08_21_IST_2020.jpg><img src=Fri_Nov_13_17_08_21_IST_2020.jpg height=200 width=200></img></a>  </system-out>
  <testcase name="VerifyFPImageClick" time="51.537" classname="com.OSMOSE.testcases.Product"/>
  <system-out>
Click to see Screenshot <a target="_blank" href=Fri_Nov_13_17_09_13_IST_2020.jpg>Screenshot</a> <br> <br> <a target="_blank" href=Fri_Nov_13_17_09_13_IST_2020.jpg><img src=Fri_Nov_13_17_09_13_IST_2020.jpg height=200 width=200></img></a>  </system-out>
  <testcase name="verifyViewDetail" time="12.374" classname="com.OSMOSE.testcases.Product"/>
  <system-out>
Click to see Screenshot <a target="_blank" href=Fri_Nov_13_17_09_26_IST_2020.jpg>Screenshot</a> <br> <br> <a target="_blank" href=Fri_Nov_13_17_09_26_IST_2020.jpg><img src=Fri_Nov_13_17_09_26_IST_2020.jpg height=200 width=200></img></a>  </system-out>
  <testcase name="VerifyProductclick" time="14.549" classname="com.OSMOSE.testcases.Product"/>
  <system-out>
Click to see Screenshot <a target="_blank" href=Fri_Nov_13_17_09_41_IST_2020.jpg>Screenshot</a> <br> <br> <a target="_blank" href=Fri_Nov_13_17_09_41_IST_2020.jpg><img src=Fri_Nov_13_17_09_41_IST_2020.jpg height=200 width=200></img></a>  </system-out>
  <testcase name="AddQuantityandverifyCellNumber" time="17.397" classname="com.OSMOSE.testcases.Product"/>
  <system-out>
Click to see Screenshot <a target="_blank" href=Fri_Nov_13_17_09_59_IST_2020.jpg>Screenshot</a> <br> <br> <a target="_blank" href=Fri_Nov_13_17_09_59_IST_2020.jpg><img src=Fri_Nov_13_17_09_59_IST_2020.jpg height=200 width=200></img></a>  </system-out>
  <testcase name="FeaturedProductPoleRestoration" time="23.231" classname="com.OSMOSE.testcases.Product"/>
  <system-out>
Click to see Screenshot <a target="_blank" href=Fri_Nov_13_17_10_22_IST_2020.jpg>Screenshot</a> <br> <br> <a target="_blank" href=Fri_Nov_13_17_10_22_IST_2020.jpg><img src=Fri_Nov_13_17_10_22_IST_2020.jpg height=200 width=200></img></a>  </system-out>
  <testcase name="verifyTheSearchfirstname" time="13.505" classname="com.OSMOSE.testcases.Product"/>
  <system-out>
Click to see Screenshot <a target="_blank" href=Fri_Nov_13_17_10_36_IST_2020.jpg>Screenshot</a> <br> <br> <a target="_blank" href=Fri_Nov_13_17_10_36_IST_2020.jpg><img src=Fri_Nov_13_17_10_36_IST_2020.jpg height=200 width=200></img></a>  </system-out>
  <testcase name="verifyTheSearchFullname" time="12.377" classname="com.OSMOSE.testcases.Product"/>
  <system-out>
Click to see Screenshot <a target="_blank" href=Fri_Nov_13_17_10_49_IST_2020.jpg>Screenshot</a> <br> <br> <a target="_blank" href=Fri_Nov_13_17_10_49_IST_2020.jpg><img src=Fri_Nov_13_17_10_49_IST_2020.jpg height=200 width=200></img></a>  </system-out>
  <testcase name="verifyTheSearchOneAlphabet" time="22.287" classname="com.OSMOSE.testcases.Product"/>
  <system-out>
Click to see Screenshot <a target="_blank" href=Fri_Nov_13_17_11_12_IST_2020.jpg>Screenshot</a> <br> <br> <a target="_blank" href=Fri_Nov_13_17_11_12_IST_2020.jpg><img src=Fri_Nov_13_17_11_12_IST_2020.jpg height=200 width=200></img></a>  </system-out>
  <testcase name="verifyTheSearchCrossButton" time="14.326" classname="com.OSMOSE.testcases.Product"/>
  <system-out>
Click to see Screenshot <a target="_blank" href=Fri_Nov_13_17_11_27_IST_2020.jpg>Screenshot</a> <br> <br> <a target="_blank" href=Fri_Nov_13_17_11_27_IST_2020.jpg><img src=Fri_Nov_13_17_11_27_IST_2020.jpg height=200 width=200></img></a>  </system-out>
  <testcase name="verifyTheValidationmessage" time="13.305" classname="com.OSMOSE.testcases.Product"/>
  <system-out>
Click to see Screenshot <a target="_blank" href=Fri_Nov_13_17_11_40_IST_2020.jpg>Screenshot</a> <br> <br> <a target="_blank" href=Fri_Nov_13_17_11_40_IST_2020.jpg><img src=Fri_Nov_13_17_11_40_IST_2020.jpg height=200 width=200></img></a>  </system-out>
  <testcase name="ReturnPolicy" time="10.264" classname="com.OSMOSE.testcases.Product"/>
  <system-out>
Click to see Screenshot <a target="_blank" href=Fri_Nov_13_17_11_51_IST_2020.jpg>Screenshot</a> <br> <br> <a target="_blank" href=Fri_Nov_13_17_11_51_IST_2020.jpg><img src=Fri_Nov_13_17_11_51_IST_2020.jpg height=200 width=200></img></a>  </system-out>
  <testcase name="verifyAddShoppingCarttext" time="18.437" classname="com.OSMOSE.testcases.Product"/>
  <system-out>
Click to see Screenshot <a target="_blank" href=Fri_Nov_13_17_12_10_IST_2020.jpg>Screenshot</a> <br> <br> <a target="_blank" href=Fri_Nov_13_17_12_10_IST_2020.jpg><img src=Fri_Nov_13_17_12_10_IST_2020.jpg height=200 width=200></img></a>  </system-out>
  <testcase name="AddShoppingCart" time="4.842" classname="com.OSMOSE.testcases.Product"/>
  <system-out>
Click to see Screenshot <a target="_blank" href=Fri_Nov_13_17_12_15_IST_2020.jpg>Screenshot</a> <br> <br> <a target="_blank" href=Fri_Nov_13_17_12_15_IST_2020.jpg><img src=Fri_Nov_13_17_12_15_IST_2020.jpg height=200 width=200></img></a>  </system-out>
  <testcase name="VerifyCrossicononhoppingCart" time="1.035" classname="com.OSMOSE.testcases.Product"/>
  <system-out>
Click to see Screenshot <a target="_blank" href=Fri_Nov_13_17_12_16_IST_2020.jpg>Screenshot</a> <br> <br> <a target="_blank" href=Fri_Nov_13_17_12_16_IST_2020.jpg><img src=Fri_Nov_13_17_12_16_IST_2020.jpg height=200 width=200></img></a>  </system-out>
  <testcase name="VerifyCrossicononhoppingCart_Differentitem" time="8.994" classname="com.OSMOSE.testcases.Product"/>
  <system-out>
Click to see Screenshot <a target="_blank" href=Fri_Nov_13_17_12_26_IST_2020.jpg>Screenshot</a> <br> <br> <a target="_blank" href=Fri_Nov_13_17_12_26_IST_2020.jpg><img src=Fri_Nov_13_17_12_26_IST_2020.jpg height=200 width=200></img></a>  </system-out>
  <testcase name="VerifyAddShopping_Sameitem" time="8.061" classname="com.OSMOSE.testcases.Product"/>
  <system-out>
Click to see Screenshot <a target="_blank" href=Fri_Nov_13_17_12_34_IST_2020.jpg>Screenshot</a> <br> <br> <a target="_blank" href=Fri_Nov_13_17_12_34_IST_2020.jpg><img src=Fri_Nov_13_17_12_34_IST_2020.jpg height=200 width=200></img></a>  </system-out>
  <testcase name="DeleteQuanityinShoppingCart" time="4.977" classname="com.OSMOSE.testcases.Product"/>
  <system-out>
Click to see Screenshot <a target="_blank" href=Fri_Nov_13_17_12_39_IST_2020.jpg>Screenshot</a> <br> <br> <a target="_blank" href=Fri_Nov_13_17_12_39_IST_2020.jpg><img src=Fri_Nov_13_17_12_39_IST_2020.jpg height=200 width=200></img></a>  </system-out>
  <testcase name="UpdateIncreaseQuanityinShoppingCart" time="12.054" classname="com.OSMOSE.testcases.Product"/>
  <system-out>
Click to see Screenshot <a target="_blank" href=Fri_Nov_13_17_12_52_IST_2020.jpg>Screenshot</a> <br> <br> <a target="_blank" href=Fri_Nov_13_17_12_52_IST_2020.jpg><img src=Fri_Nov_13_17_12_52_IST_2020.jpg height=200 width=200></img></a>  </system-out>
  <testcase name="UpdateDecreaseQuanityinShoppingCart" time="28.253" classname="com.OSMOSE.testcases.Product"/>
  <system-out>
Click to see Screenshot <a target="_blank" href=Fri_Nov_13_17_13_20_IST_2020.jpg>Screenshot</a> <br> <br> <a target="_blank" href=Fri_Nov_13_17_13_20_IST_2020.jpg><img src=Fri_Nov_13_17_13_20_IST_2020.jpg height=200 width=200></img></a>  </system-out>
  <testcase name="CreateQuote" time="8.924" classname="com.OSMOSE.testcases.Product"/>
  <system-out>
Click to see Screenshot <a target="_blank" href=Fri_Nov_13_17_13_30_IST_2020.jpg>Screenshot</a> <br> <br> <a target="_blank" href=Fri_Nov_13_17_13_30_IST_2020.jpg><img src=Fri_Nov_13_17_13_30_IST_2020.jpg height=200 width=200></img></a>  </system-out>
  <testcase name="CreateQuote_Comments" time="8.065" classname="com.OSMOSE.testcases.Product"/>
  <system-out>
Click to see Screenshot <a target="_blank" href=Fri_Nov_13_17_13_38_IST_2020.jpg>Screenshot</a> <br> <br> <a target="_blank" href=Fri_Nov_13_17_13_38_IST_2020.jpg><img src=Fri_Nov_13_17_13_38_IST_2020.jpg height=200 width=200></img></a>  </system-out>
  <testcase name="CreateQuote_ZipCode" time="8.036" classname="com.OSMOSE.testcases.Product"/>
  <system-out>
Click to see Screenshot <a target="_blank" href=Fri_Nov_13_17_13_46_IST_2020.jpg>Screenshot</a> <br> <br> <a target="_blank" href=Fri_Nov_13_17_13_46_IST_2020.jpg><img src=Fri_Nov_13_17_13_46_IST_2020.jpg height=200 width=200></img></a>  </system-out>
  <testcase name="CreateQuote_Attachment" time="10.735" classname="com.OSMOSE.testcases.Product"/>
  <system-out>
Click to see Screenshot <a target="_blank" href=Fri_Nov_13_17_13_58_IST_2020.jpg>Screenshot</a> <br> <br> <a target="_blank" href=Fri_Nov_13_17_13_58_IST_2020.jpg><img src=Fri_Nov_13_17_13_58_IST_2020.jpg height=200 width=200></img></a>  </system-out>
  <testcase name="ClickShoppingCartIcon" time="10.915" classname="com.OSMOSE.testcases.Product"/>
  <system-out>
Click to see Screenshot <a target="_blank" href=Fri_Nov_13_17_14_09_IST_2020.jpg>Screenshot</a> <br> <br> <a target="_blank" href=Fri_Nov_13_17_14_09_IST_2020.jpg><img src=Fri_Nov_13_17_14_09_IST_2020.jpg height=200 width=200></img></a>  </system-out>
  <testcase name="ClickShoppingViewCartbutton" time="8.940" classname="com.OSMOSE.testcases.Product"/>
  <system-out>
Click to see Screenshot <a target="_blank" href=Fri_Nov_13_17_14_18_IST_2020.jpg>Screenshot</a> <br> <br> <a target="_blank" href=Fri_Nov_13_17_14_18_IST_2020.jpg><img src=Fri_Nov_13_17_14_18_IST_2020.jpg height=200 width=200></img></a>  </system-out>
  <testcase name="ClickShoppingSubmitCartbutton" time="9.045" classname="com.OSMOSE.testcases.Product"/>
  <system-out>
Click to see Screenshot <a target="_blank" href=Fri_Nov_13_17_14_28_IST_2020.jpg>Screenshot</a> <br> <br> <a target="_blank" href=Fri_Nov_13_17_14_28_IST_2020.jpg><img src=Fri_Nov_13_17_14_28_IST_2020.jpg height=200 width=200></img></a>  </system-out>
  <testcase name="verifyUpdatedQuantityOnOverlay" time="12.197" classname="com.OSMOSE.testcases.Product"/>
  <system-out>
Click to see Screenshot <a target="_blank" href=Fri_Nov_13_17_14_40_IST_2020.jpg>Screenshot</a> <br> <br> <a target="_blank" href=Fri_Nov_13_17_14_40_IST_2020.jpg><img src=Fri_Nov_13_17_14_40_IST_2020.jpg height=200 width=200></img></a>  </system-out>
  <testcase name="MyQuotes_96421" time="6.429" classname="com.OSMOSE.testcases.Product"/>
  <system-out>
Click to see Screenshot <a target="_blank" href=Fri_Nov_13_17_14_47_IST_2020.jpg>Screenshot</a> <br> <br> <a target="_blank" href=Fri_Nov_13_17_14_47_IST_2020.jpg><img src=Fri_Nov_13_17_14_47_IST_2020.jpg height=200 width=200></img></a>  </system-out>
  <testcase name="verifyStatusFilterAll" time="11.987" classname="com.OSMOSE.testcases.Product"/>
  <system-out>
Click to see Screenshot <a target="_blank" href=Fri_Nov_13_17_14_59_IST_2020.jpg>Screenshot</a> <br> <br> <a target="_blank" href=Fri_Nov_13_17_14_59_IST_2020.jpg><img src=Fri_Nov_13_17_14_59_IST_2020.jpg height=200 width=200></img></a>  </system-out>
  <testcase name="verifyStatusFilterExpired" time="13.753" classname="com.OSMOSE.testcases.Product"/>
  <system-out>
Click to see Screenshot <a target="_blank" href=Fri_Nov_13_17_15_14_IST_2020.jpg>Screenshot</a> <br> <br> <a target="_blank" href=Fri_Nov_13_17_15_14_IST_2020.jpg><img src=Fri_Nov_13_17_15_14_IST_2020.jpg height=200 width=200></img></a>  </system-out>
  <testcase name="verifyStatusFilterOrdered" time="15.732" classname="com.OSMOSE.testcases.Product"/>
  <system-out>
Click to see Screenshot <a target="_blank" href=Fri_Nov_13_17_15_30_IST_2020.jpg>Screenshot</a> <br> <br> <a target="_blank" href=Fri_Nov_13_17_15_30_IST_2020.jpg><img src=Fri_Nov_13_17_15_30_IST_2020.jpg height=200 width=200></img></a>  </system-out>
  <testcase name="verifyStatusFilterQuoted" time="15.688" classname="com.OSMOSE.testcases.Product"/>
  <system-out>
Click to see Screenshot <a target="_blank" href=Fri_Nov_13_17_15_46_IST_2020.jpg>Screenshot</a> <br> <br> <a target="_blank" href=Fri_Nov_13_17_15_46_IST_2020.jpg><img src=Fri_Nov_13_17_15_46_IST_2020.jpg height=200 width=200></img></a>  </system-out>
  <testcase name="verifyStatusFilterQuotePending" time="15.910" classname="com.OSMOSE.testcases.Product"/>
  <system-out>
Click to see Screenshot <a target="_blank" href=Fri_Nov_13_17_16_02_IST_2020.jpg>Screenshot</a> <br> <br> <a target="_blank" href=Fri_Nov_13_17_16_02_IST_2020.jpg><img src=Fri_Nov_13_17_16_02_IST_2020.jpg height=200 width=200></img></a>  </system-out>
  <testcase name="verifyStatusFilterCancelled" time="15.640" classname="com.OSMOSE.testcases.Product"/>
  <system-out>
Click to see Screenshot <a target="_blank" href=Fri_Nov_13_17_16_18_IST_2020.jpg>Screenshot</a> <br> <br> <a target="_blank" href=Fri_Nov_13_17_16_18_IST_2020.jpg><img src=Fri_Nov_13_17_16_18_IST_2020.jpg height=200 width=200></img></a>  </system-out>
  <testcase name="verifyStatusFilterOrderRequested" time="13.658" classname="com.OSMOSE.testcases.Product"/>
  <system-out>
Click to see Screenshot <a target="_blank" href=Fri_Nov_13_17_16_32_IST_2020.jpg>Screenshot</a> <br> <br> <a target="_blank" href=Fri_Nov_13_17_16_32_IST_2020.jpg><img src=Fri_Nov_13_17_16_32_IST_2020.jpg height=200 width=200></img></a>  </system-out>
  <testcase name="SortBydd" time="9.221" classname="com.OSMOSE.testcases.Product"/>
  <system-out>
Click to see Screenshot <a target="_blank" href=Fri_Nov_13_17_16_42_IST_2020.jpg>Screenshot</a> <br> <br> <a target="_blank" href=Fri_Nov_13_17_16_42_IST_2020.jpg><img src=Fri_Nov_13_17_16_42_IST_2020.jpg height=200 width=200></img></a>  </system-out>
  <testcase name="HomepageCarticon" time="14.187" classname="com.OSMOSE.testcases.Product"/>
  <system-out>
Click to see Screenshot <a target="_blank" href=Fri_Nov_13_17_16_57_IST_2020.jpg>Screenshot</a> <br> <br> <a target="_blank" href=Fri_Nov_13_17_16_57_IST_2020.jpg><img src=Fri_Nov_13_17_16_57_IST_2020.jpg height=200 width=200></img></a>  </system-out>
  <testcase name="ClickManageQuotesLink" time="3.364" classname="com.OSMOSE.testcases.Product"/>
  <system-out>
Click to see Screenshot <a target="_blank" href=Fri_Nov_13_17_17_01_IST_2020.jpg>Screenshot</a> <br> <br> <a target="_blank" href=Fri_Nov_13_17_17_01_IST_2020.jpg><img src=Fri_Nov_13_17_17_01_IST_2020.jpg height=200 width=200></img></a>  </system-out>
  <testcase name="VerifyUIonClickQuoteID" time="4.478" classname="com.OSMOSE.testcases.Product"/>
  <system-out>
Click to see Screenshot <a target="_blank" href=Fri_Nov_13_17_17_05_IST_2020.jpg>Screenshot</a> <br> <br> <a target="_blank" href=Fri_Nov_13_17_17_05_IST_2020.jpg><img src=Fri_Nov_13_17_17_05_IST_2020.jpg height=200 width=200></img></a>  </system-out>
  <testcase name="SubmitQuotewithOrderedstatus" time="9.358" classname="com.OSMOSE.testcases.Product"/>
  <system-out>
Click to see Screenshot <a target="_blank" href=Fri_Nov_13_17_17_15_IST_2020.jpg>Screenshot</a> <br> <br> <a target="_blank" href=Fri_Nov_13_17_17_15_IST_2020.jpg><img src=Fri_Nov_13_17_17_15_IST_2020.jpg height=200 width=200></img></a>  </system-out>
  <testcase name="SubmitQuotewithQuotePendingstatus" time="18.708" classname="com.OSMOSE.testcases.Product"/>
  <system-out>
Click to see Screenshot <a target="_blank" href=Fri_Nov_13_17_17_34_IST_2020.jpg>Screenshot</a> <br> <br> <a target="_blank" href=Fri_Nov_13_17_17_34_IST_2020.jpg><img src=Fri_Nov_13_17_17_34_IST_2020.jpg height=200 width=200></img></a>  </system-out>
  <testcase name="SubmitQuotewithMoreThan20mbFile" time="29.241" classname="com.OSMOSE.testcases.Product"/>
  <system-out>
Click to see Screenshot <a target="_blank" href=Fri_Nov_13_17_18_04_IST_2020.jpg>Screenshot</a> <br> <br> <a target="_blank" href=Fri_Nov_13_17_18_04_IST_2020.jpg><img src=Fri_Nov_13_17_18_04_IST_2020.jpg height=200 width=200></img></a>  </system-out>
  <testcase name="SubmitQuotewithInvalidFileType" time="26.603" classname="com.OSMOSE.testcases.Product"/>
  <system-out>
Click to see Screenshot <a target="_blank" href=Fri_Nov_13_17_18_31_IST_2020.jpg>Screenshot</a> <br> <br> <a target="_blank" href=Fri_Nov_13_17_18_31_IST_2020.jpg><img src=Fri_Nov_13_17_18_31_IST_2020.jpg height=200 width=200></img></a>  </system-out>
  <testcase name="SubmitQuotewithQuoteCancelledstatus" time="12.537" classname="com.OSMOSE.testcases.Product"/>
  <system-out>
Click to see Screenshot <a target="_blank" href=Fri_Nov_13_17_18_44_IST_2020.jpg>Screenshot</a> <br> <br> <a target="_blank" href=Fri_Nov_13_17_18_44_IST_2020.jpg><img src=Fri_Nov_13_17_18_44_IST_2020.jpg height=200 width=200></img></a>  </system-out>
  <testcase name="SubmitQuotewithQuotedstatus" time="32.015" classname="com.OSMOSE.testcases.Product"/>
  <system-out>
Click to see Screenshot <a target="_blank" href=Fri_Nov_13_17_19_16_IST_2020.jpg>Screenshot</a> <br> <br> <a target="_blank" href=Fri_Nov_13_17_19_16_IST_2020.jpg><img src=Fri_Nov_13_17_19_16_IST_2020.jpg height=200 width=200></img></a>  </system-out>
  <testcase name="SubmitQuotewithOrderRequestedstatus" time="9.323" classname="com.OSMOSE.testcases.Product"/>
  <system-out>
Click to see Screenshot <a target="_blank" href=Fri_Nov_13_17_19_26_IST_2020.jpg>Screenshot</a> <br> <br> <a target="_blank" href=Fri_Nov_13_17_19_26_IST_2020.jpg><img src=Fri_Nov_13_17_19_26_IST_2020.jpg height=200 width=200></img></a>  </system-out>
  <testcase name="SubmitQuotewithExpiredstatus" time="9.216" classname="com.OSMOSE.testcases.Product"/>
  <system-out>
Click to see Screenshot <a target="_blank" href=Fri_Nov_13_17_19_35_IST_2020.jpg>Screenshot</a> <br> <br> <a target="_blank" href=Fri_Nov_13_17_19_35_IST_2020.jpg><img src=Fri_Nov_13_17_19_35_IST_2020.jpg height=200 width=200></img></a>  </system-out>
  <testcase name="ClickManageProducts" time="2.265" classname="com.OSMOSE.testcases.Product"/>
  <system-out>
Click to see Screenshot <a target="_blank" href=Fri_Nov_13_17_19_38_IST_2020.jpg>Screenshot</a> <br> <br> <a target="_blank" href=Fri_Nov_13_17_19_38_IST_2020.jpg><img src=Fri_Nov_13_17_19_38_IST_2020.jpg height=200 width=200></img></a>  </system-out>
  <testcase name="ClickDownloadProducts" time="7.191" classname="com.OSMOSE.testcases.Product"/>
  <system-out>
Click to see Screenshot <a target="_blank" href=Fri_Nov_13_17_19_45_IST_2020.jpg>Screenshot</a> <br> <br> <a target="_blank" href=Fri_Nov_13_17_19_45_IST_2020.jpg><img src=Fri_Nov_13_17_19_45_IST_2020.jpg height=200 width=200></img></a>  </system-out>
  <testcase name="ClickProductsinReview" time="2.145" classname="com.OSMOSE.testcases.Product"/>
  <system-out>
Click to see Screenshot <a target="_blank" href=Fri_Nov_13_17_19_48_IST_2020.jpg>Screenshot</a> <br> <br> <a target="_blank" href=Fri_Nov_13_17_19_48_IST_2020.jpg><img src=Fri_Nov_13_17_19_48_IST_2020.jpg height=200 width=200></img></a>  </system-out>
  <testcase name="ClickReview" time="7.781" classname="com.OSMOSE.testcases.Product"/>
  <system-out>
Click to see Screenshot <a target="_blank" href=Fri_Nov_13_17_19_56_IST_2020.jpg>Screenshot</a> <br> <br> <a target="_blank" href=Fri_Nov_13_17_19_56_IST_2020.jpg><img src=Fri_Nov_13_17_19_56_IST_2020.jpg height=200 width=200></img></a>  </system-out>
  <testcase name="ClickApprove" time="9.192" classname="com.OSMOSE.testcases.Product"/>
  <system-out>
Click to see Screenshot <a target="_blank" href=Fri_Nov_13_17_20_06_IST_2020.jpg>Screenshot</a> <br> <br> <a target="_blank" href=Fri_Nov_13_17_20_06_IST_2020.jpg><img src=Fri_Nov_13_17_20_06_IST_2020.jpg height=200 width=200></img></a>  </system-out>
  <testcase name="ClickReject" time="9.403" classname="com.OSMOSE.testcases.Product"/>
  <system-out>
Click to see Screenshot <a target="_blank" href=Fri_Nov_13_17_20_15_IST_2020.jpg>Screenshot</a> <br> <br> <a target="_blank" href=Fri_Nov_13_17_20_15_IST_2020.jpg><img src=Fri_Nov_13_17_20_15_IST_2020.jpg height=200 width=200></img></a>  </system-out>
  <testcase name="ClickUploadProducts" time="8.305" classname="com.OSMOSE.testcases.Product"/>
  <system-out>
Click to see Screenshot <a target="_blank" href=Fri_Nov_13_17_20_24_IST_2020.jpg>Screenshot</a> <br> <br> <a target="_blank" href=Fri_Nov_13_17_20_24_IST_2020.jpg><img src=Fri_Nov_13_17_20_24_IST_2020.jpg height=200 width=200></img></a>  </system-out>
  <testcase name="ClickDictionaryLink" time="35.934" classname="com.OSMOSE.testcases.Product"/>
  <system-out>
Click to see Screenshot <a target="_blank" href=Fri_Nov_13_17_21_01_IST_2020.jpg>Screenshot</a> <br> <br> <a target="_blank" href=Fri_Nov_13_17_21_01_IST_2020.jpg><img src=Fri_Nov_13_17_21_01_IST_2020.jpg height=200 width=200></img></a>  </system-out>
  <testcase name="VerifyUIonApprove" time="113.377" classname="com.OSMOSE.testcases.Product"/>
  <system-out>
Click to see Screenshot <a target="_blank" href=Fri_Nov_13_17_22_54_IST_2020.jpg>Screenshot</a> <br> <br> <a target="_blank" href=Fri_Nov_13_17_22_54_IST_2020.jpg><img src=Fri_Nov_13_17_22_54_IST_2020.jpg height=200 width=200></img></a>  </system-out>
  <testcase name="VerifyApprovebtndisabled" time="118.225" classname="com.OSMOSE.testcases.Product"/>
  <system-out>
Click to see Screenshot <a target="_blank" href=Fri_Nov_13_17_24_53_IST_2020.jpg>Screenshot</a> <br> <br> <a target="_blank" href=Fri_Nov_13_17_24_53_IST_2020.jpg><img src=Fri_Nov_13_17_24_53_IST_2020.jpg height=200 width=200></img></a>  </system-out>
  <testcase name="verifyThankyouPopup" time="124.115" classname="com.OSMOSE.testcases.Product"/>
  <system-out>
Click to see Screenshot <a target="_blank" href=Fri_Nov_13_17_26_58_IST_2020.jpg>Screenshot</a> <br> <br> <a target="_blank" href=Fri_Nov_13_17_26_58_IST_2020.jpg><img src=Fri_Nov_13_17_26_58_IST_2020.jpg height=200 width=200></img></a>  </system-out>
  <testcase name="verifyCancelwhileREQuoting" time="39.087" classname="com.OSMOSE.testcases.Product"/>
  <system-out>
Click to see Screenshot <a target="_blank" href=Fri_Nov_13_17_27_37_IST_2020.jpg>Screenshot</a> <br> <br> <a target="_blank" href=Fri_Nov_13_17_27_37_IST_2020.jpg><img src=Fri_Nov_13_17_27_37_IST_2020.jpg height=200 width=200></img></a>  </system-out>
  <testcase name="verifySubmitwhileREQuoting" time="58.521" classname="com.OSMOSE.testcases.Product"/>
  <system-out>
Click to see Screenshot <a target="_blank" href=Fri_Nov_13_17_28_36_IST_2020.jpg>Screenshot</a> <br> <br> <a target="_blank" href=Fri_Nov_13_17_28_36_IST_2020.jpg><img src=Fri_Nov_13_17_28_36_IST_2020.jpg height=200 width=200></img></a>  </system-out>
  <testcase name="verifyAddToCartWhileReQuoting" time="71.125" classname="com.OSMOSE.testcases.Product"/>
  <system-out>
Click to see Screenshot <a target="_blank" href=Fri_Nov_13_17_29_48_IST_2020.jpg>Screenshot</a> <br> <br> <a target="_blank" href=Fri_Nov_13_17_29_48_IST_2020.jpg><img src=Fri_Nov_13_17_29_48_IST_2020.jpg height=200 width=200></img></a>  </system-out>
  <testcase name="verifyExclamationOnMyQuotes" time="20.205" classname="com.OSMOSE.testcases.Product"/>
  <system-out>
Click to see Screenshot <a target="_blank" href=Fri_Nov_13_17_30_08_IST_2020.jpg>Screenshot</a> <br> <br> <a target="_blank" href=Fri_Nov_13_17_30_08_IST_2020.jpg><img src=Fri_Nov_13_17_30_08_IST_2020.jpg height=200 width=200></img></a>  </system-out>
  <testcase name="VerifyShoppingAddbtndisabled" time="4.736" classname="com.OSMOSE.testcases.Product"/>
  <system-out>
Click to see Screenshot <a target="_blank" href=Fri_Nov_13_17_30_13_IST_2020.jpg>Screenshot</a> <br> <br> <a target="_blank" href=Fri_Nov_13_17_30_13_IST_2020.jpg><img src=Fri_Nov_13_17_30_13_IST_2020.jpg height=200 width=200></img></a>  </system-out>
  <testcase name="VerifyShoppingCarrtAddbtnDisabledclearqty" time="5.068" classname="com.OSMOSE.testcases.Product"/>
  <system-out>
Click to see Screenshot <a target="_blank" href=Fri_Nov_13_17_30_19_IST_2020.jpg>Screenshot</a> <br> <br> <a target="_blank" href=Fri_Nov_13_17_30_19_IST_2020.jpg><img src=Fri_Nov_13_17_30_19_IST_2020.jpg height=200 width=200></img></a>  </system-out>
  <testcase name="verifyCartIconCount" time="15.864" classname="com.OSMOSE.testcases.Product"/>
  <system-out>
Click to see Screenshot <a target="_blank" href=Fri_Nov_13_17_30_35_IST_2020.jpg>Screenshot</a> <br> <br> <a target="_blank" href=Fri_Nov_13_17_30_35_IST_2020.jpg><img src=Fri_Nov_13_17_30_35_IST_2020.jpg height=200 width=200></img></a>  </system-out>
  <testcase name="VerifyShoppingCarrtMinMaxqty" time="13.025" classname="com.OSMOSE.testcases.Product"/>
  <system-out>
Click to see Screenshot <a target="_blank" href=Fri_Nov_13_17_30_48_IST_2020.jpg>Screenshot</a> <br> <br> <a target="_blank" href=Fri_Nov_13_17_30_48_IST_2020.jpg><img src=Fri_Nov_13_17_30_48_IST_2020.jpg height=200 width=200></img></a>  </system-out>
  <testcase name="GoBack" time="13.653" classname="com.OSMOSE.testcases.Product"/>
  <system-out>
Click to see Screenshot <a target="_blank" href=Fri_Nov_13_17_31_02_IST_2020.jpg>Screenshot</a> <br> <br> <a target="_blank" href=Fri_Nov_13_17_31_02_IST_2020.jpg><img src=Fri_Nov_13_17_31_02_IST_2020.jpg height=200 width=200></img></a>  </system-out>
  <testcase name="CreateQuote_MultipleAttachment" time="38.352" classname="com.OSMOSE.testcases.Product"/>
  <system-out>
Click to see Screenshot <a target="_blank" href=Fri_Nov_13_17_31_41_IST_2020.jpg>Screenshot</a> <br> <br> <a target="_blank" href=Fri_Nov_13_17_31_41_IST_2020.jpg><img src=Fri_Nov_13_17_31_41_IST_2020.jpg height=200 width=200></img></a>  </system-out>
  <testcase name="CreateQuote_UpdateeAttachment" time="10.003" classname="com.OSMOSE.testcases.Product"/>
  <system-out>
Click to see Screenshot <a target="_blank" href=Fri_Nov_13_17_31_51_IST_2020.jpg>Screenshot</a> <br> <br> <a target="_blank" href=Fri_Nov_13_17_31_51_IST_2020.jpg><img src=Fri_Nov_13_17_31_51_IST_2020.jpg height=200 width=200></img></a>  </system-out>
  <testcase name="SubmitQuotewithoutFile" time="18.454" classname="com.OSMOSE.testcases.Product"/>
  <system-out>
Click to see Screenshot <a target="_blank" href=Fri_Nov_13_17_32_10_IST_2020.jpg>Screenshot</a> <br> <br> <a target="_blank" href=Fri_Nov_13_17_32_10_IST_2020.jpg><img src=Fri_Nov_13_17_32_10_IST_2020.jpg height=200 width=200></img></a>  </system-out>
  <testcase name="VerifyAddingRelatedProductsToShoppingCart" time="53.128" classname="com.OSMOSE.testcases.Product">
    <error type="org.openqa.selenium.NoSuchElementException" message="no such element: Unable to locate element: {&quot;method&quot;:&quot;xpath&quot;,&quot;selector&quot;:&quot;(//div[@class=&quot;mbMob crsPointer&quot;]//img)[4]&quot;}
  (Session info: chrome=86.0.4240.75)
For documentation on this error, please visit: http://seleniumhq.org/exceptions/no_such_element.html
Build info: version: &#039;3.14.0&#039;, revision: &#039;aacccce0&#039;, time: &#039;2018-08-02T20:19:58.91Z&#039;
System info: host: &#039;5CG6323N27&#039;, ip: &#039;192.168.0.11&#039;, os.name: &#039;Windows 10&#039;, os.arch: &#039;amd64&#039;, os.version: &#039;10.0&#039;, java.version: &#039;1.8.0_191&#039;
Driver info: org.openqa.selenium.chrome.ChromeDriver
Capabilities {acceptInsecureCerts: false, browserName: chrome, browserVersion: 86.0.4240.75, chrome: {chromedriverVersion: 85.0.4183.87 (cd6713ebf92fa..., userDataDir: C:\Windows\Temp\scoped_dir1...}, goog:chromeOptions: {debuggerAddress: localhost:61527}, javascriptEnabled: true, networkConnectionEnabled: false, pageLoadStrategy: none, platform: WINDOWS, platformName: WINDOWS, proxy: Proxy(), setWindowRect: true, strictFileInteractability: false, timeouts: {implicit: 0, pageLoad: 300000, script: 30000}, unhandledPromptBehavior: dismiss and notify, webauthn:virtualAuthenticators: true}
Session ID: 558f08fa90269a8c35938da9f2c64faa
*** Element info: {Using=xpath, value=(//div[@class=&quot;mbMob crsPointer&quot;]//img)[4]}">
      <![CDATA[org.openqa.selenium.NoSuchElementException: no such element: Unable to locate element: {"method":"xpath","selector":"(//div[@class="mbMob crsPointer"]//img)[4]"}
  (Session info: chrome=86.0.4240.75)
For documentation on this error, please visit: http://seleniumhq.org/exceptions/no_such_element.html
Build info: version: '3.14.0', revision: 'aacccce0', time: '2018-08-02T20:19:58.91Z'
System info: host: '5CG6323N27', ip: '192.168.0.11', os.name: 'Windows 10', os.arch: 'amd64', os.version: '10.0', java.version: '1.8.0_191'
Driver info: org.openqa.selenium.chrome.ChromeDriver
Capabilities {acceptInsecureCerts: false, browserName: chrome, browserVersion: 86.0.4240.75, chrome: {chromedriverVersion: 85.0.4183.87 (cd6713ebf92fa..., userDataDir: C:\Windows\Temp\scoped_dir1...}, goog:chromeOptions: {debuggerAddress: localhost:61527}, javascriptEnabled: true, networkConnectionEnabled: false, pageLoadStrategy: none, platform: WINDOWS, platformName: WINDOWS, proxy: Proxy(), setWindowRect: true, strictFileInteractability: false, timeouts: {implicit: 0, pageLoad: 300000, script: 30000}, unhandledPromptBehavior: dismiss and notify, webauthn:virtualAuthenticators: true}
Session ID: 558f08fa90269a8c35938da9f2c64faa
*** Element info: {Using=xpath, value=(//div[@class="mbMob crsPointer"]//img)[4]}
at sun.reflect.NativeConstructorAccessorImpl.newInstance0(Native Method)
at sun.reflect.NativeConstructorAccessorImpl.newInstance(Unknown Source)
at sun.reflect.DelegatingConstructorAccessorImpl.newInstance(Unknown Source)
at java.lang.reflect.Constructor.newInstance(Unknown Source)
at org.openqa.selenium.remote.http.W3CHttpResponseCodec.createException(W3CHttpResponseCodec.java:187)
at org.openqa.selenium.remote.http.W3CHttpResponseCodec.decode(W3CHttpResponseCodec.java:122)
at org.openqa.selenium.remote.http.W3CHttpResponseCodec.decode(W3CHttpResponseCodec.java:49)
at org.openqa.selenium.remote.HttpCommandExecutor.execute(HttpCommandExecutor.java:158)
at org.openqa.selenium.remote.service.DriverCommandExecutor.execute(DriverCommandExecutor.java:83)
at org.openqa.selenium.remote.RemoteWebDriver.execute(RemoteWebDriver.java:548)
at org.openqa.selenium.remote.RemoteWebDriver.findElement(RemoteWebDriver.java:322)
at org.openqa.selenium.remote.RemoteWebDriver.findElementByXPath(RemoteWebDriver.java:424)
at org.openqa.selenium.By$ByXPath.findElement(By.java:353)
at org.openqa.selenium.remote.RemoteWebDriver.findElement(RemoteWebDriver.java:314)
at com.OSMOSE.base.Page.click(Page.java:182)
at com.OSMOSE.pages.OU.ProductPage.AddingRelatedProducts(ProductPage.java:1093)
at com.OSMOSE.testcases.Product.VerifyAddingRelatedProductsToShoppingCart(Product.java:1244)
at sun.reflect.NativeMethodAccessorImpl.invoke0(Native Method)
at sun.reflect.NativeMethodAccessorImpl.invoke(Unknown Source)
at sun.reflect.DelegatingMethodAccessorImpl.invoke(Unknown Source)
at java.lang.reflect.Method.invoke(Unknown Source)
at org.testng.internal.MethodInvocationHelper.invokeMethod(MethodInvocationHelper.java:134)
at org.testng.internal.TestInvoker.invokeMethod(TestInvoker.java:597)
at org.testng.internal.TestInvoker.invokeTestMethod(TestInvoker.java:173)
at org.testng.internal.MethodRunner.runInSequence(MethodRunner.java:46)
at org.testng.internal.TestInvoker$MethodInvocationAgent.invoke(TestInvoker.java:816)
at org.testng.internal.TestInvoker.invokeTestMethods(TestInvoker.java:146)
at org.testng.internal.TestMethodWorker.invokeTestMethods(TestMethodWorker.java:146)
at org.testng.internal.TestMethodWorker.run(TestMethodWorker.java:128)
at java.util.ArrayList.forEach(Unknown Source)
at org.testng.TestRunner.privateRun(TestRunner.java:766)
at org.testng.TestRunner.run(TestRunner.java:587)
at org.testng.SuiteRunner.runTest(SuiteRunner.java:384)
at org.testng.SuiteRunner.runSequentially(SuiteRunner.java:378)
at org.testng.SuiteRunner.privateRun(SuiteRunner.java:337)
at org.testng.SuiteRunner.run(SuiteRunner.java:286)
at org.testng.SuiteRunnerWorker.runSuite(SuiteRunnerWorker.java:53)
at org.testng.SuiteRunnerWorker.run(SuiteRunnerWorker.java:96)
at org.testng.TestNG.runSuitesSequentially(TestNG.java:1187)
at org.testng.TestNG.runSuitesLocally(TestNG.java:1109)
at org.testng.TestNG.runSuites(TestNG.java:1039)
at org.testng.TestNG.run(TestNG.java:1007)
at org.testng.remote.AbstractRemoteTestNG.run(AbstractRemoteTestNG.java:115)
at org.testng.remote.RemoteTestNG.initAndRun(RemoteTestNG.java:251)
at org.testng.remote.RemoteTestNG.main(RemoteTestNG.java:77)
]]>
    </error>
  </testcase> <!-- VerifyAddingRelatedProductsToShoppingCart -->
  <system-out>
Click to see Screenshot <a target="_blank" href=Fri_Nov_13_17_33_04_IST_2020.jpg>Screenshot</a> <br> <br> <a target="_blank" href=Fri_Nov_13_17_33_04_IST_2020.jpg><img src=Fri_Nov_13_17_33_04_IST_2020.jpg height=200 width=200></img></a>  </system-out>
  <testcase name="VerifyTooltipForSizeDropDown" time="1.073" classname="com.OSMOSE.testcases.Product">
    <error type="org.openqa.selenium.ElementClickInterceptedException" message="element click intercepted: Element &lt;label data-v-14dfae46=&quot;&quot; for=&quot;4&quot; class=&quot;custom-control-label&quot; style=&quot;width: 152.082px;&quot;&gt;...&lt;/label&gt; is not clickable at point (926, 269). Other element would receive the click: &lt;select data-v-76bb5794=&quot;&quot; id=&quot;selectSize&quot; class=&quot;w-100 mb-2 custom-select&quot; title=&quot;Select Size&quot;&gt;...&lt;/select&gt;
  (Session info: chrome=86.0.4240.75)
Build info: version: &#039;3.14.0&#039;, revision: &#039;aacccce0&#039;, time: &#039;2018-08-02T20:19:58.91Z&#039;
System info: host: &#039;5CG6323N27&#039;, ip: &#039;192.168.0.11&#039;, os.name: &#039;Windows 10&#039;, os.arch: &#039;amd64&#039;, os.version: &#039;10.0&#039;, java.version: &#039;1.8.0_191&#039;
Driver info: org.openqa.selenium.chrome.ChromeDriver
Capabilities {acceptInsecureCerts: false, browserName: chrome, browserVersion: 86.0.4240.75, chrome: {chromedriverVersion: 85.0.4183.87 (cd6713ebf92fa..., userDataDir: C:\Windows\Temp\scoped_dir1...}, goog:chromeOptions: {debuggerAddress: localhost:61527}, javascriptEnabled: true, networkConnectionEnabled: false, pageLoadStrategy: none, platform: WINDOWS, platformName: WINDOWS, proxy: Proxy(), setWindowRect: true, strictFileInteractability: false, timeouts: {implicit: 0, pageLoad: 300000, script: 30000}, unhandledPromptBehavior: dismiss and notify, webauthn:virtualAuthenticators: true}
Session ID: 558f08fa90269a8c35938da9f2c64faa">
      <![CDATA[org.openqa.selenium.ElementClickInterceptedException: element click intercepted: Element <label data-v-14dfae46="" for="4" class="custom-control-label" style="width: 152.082px;">...</label> is not clickable at point (926, 269). Other element would receive the click: <select data-v-76bb5794="" id="selectSize" class="w-100 mb-2 custom-select" title="Select Size">...</select>
  (Session info: chrome=86.0.4240.75)
Build info: version: '3.14.0', revision: 'aacccce0', time: '2018-08-02T20:19:58.91Z'
System info: host: '5CG6323N27', ip: '192.168.0.11', os.name: 'Windows 10', os.arch: 'amd64', os.version: '10.0', java.version: '1.8.0_191'
Driver info: org.openqa.selenium.chrome.ChromeDriver
Capabilities {acceptInsecureCerts: false, browserName: chrome, browserVersion: 86.0.4240.75, chrome: {chromedriverVersion: 85.0.4183.87 (cd6713ebf92fa..., userDataDir: C:\Windows\Temp\scoped_dir1...}, goog:chromeOptions: {debuggerAddress: localhost:61527}, javascriptEnabled: true, networkConnectionEnabled: false, pageLoadStrategy: none, platform: WINDOWS, platformName: WINDOWS, proxy: Proxy(), setWindowRect: true, strictFileInteractability: false, timeouts: {implicit: 0, pageLoad: 300000, script: 30000}, unhandledPromptBehavior: dismiss and notify, webauthn:virtualAuthenticators: true}
Session ID: 558f08fa90269a8c35938da9f2c64faa
at sun.reflect.NativeConstructorAccessorImpl.newInstance0(Native Method)
at sun.reflect.NativeConstructorAccessorImpl.newInstance(Unknown Source)
at sun.reflect.DelegatingConstructorAccessorImpl.newInstance(Unknown Source)
at java.lang.reflect.Constructor.newInstance(Unknown Source)
at org.openqa.selenium.remote.http.W3CHttpResponseCodec.createException(W3CHttpResponseCodec.java:187)
at org.openqa.selenium.remote.http.W3CHttpResponseCodec.decode(W3CHttpResponseCodec.java:122)
at org.openqa.selenium.remote.http.W3CHttpResponseCodec.decode(W3CHttpResponseCodec.java:49)
at org.openqa.selenium.remote.HttpCommandExecutor.execute(HttpCommandExecutor.java:158)
at org.openqa.selenium.remote.service.DriverCommandExecutor.execute(DriverCommandExecutor.java:83)
at org.openqa.selenium.remote.RemoteWebDriver.execute(RemoteWebDriver.java:548)
at org.openqa.selenium.remote.RemoteWebElement.execute(RemoteWebElement.java:276)
at org.openqa.selenium.remote.RemoteWebElement.click(RemoteWebElement.java:83)
at com.OSMOSE.base.Page.click(Page.java:182)
at com.OSMOSE.pages.OU.ProductPage.ToolTipForSize(ProductPage.java:1110)
at com.OSMOSE.testcases.Product.VerifyTooltipForSizeDropDown(Product.java:1257)
at sun.reflect.NativeMethodAccessorImpl.invoke0(Native Method)
at sun.reflect.NativeMethodAccessorImpl.invoke(Unknown Source)
at sun.reflect.DelegatingMethodAccessorImpl.invoke(Unknown Source)
at java.lang.reflect.Method.invoke(Unknown Source)
at org.testng.internal.MethodInvocationHelper.invokeMethod(MethodInvocationHelper.java:134)
at org.testng.internal.TestInvoker.invokeMethod(TestInvoker.java:597)
at org.testng.internal.TestInvoker.invokeTestMethod(TestInvoker.java:173)
at org.testng.internal.MethodRunner.runInSequence(MethodRunner.java:46)
at org.testng.internal.TestInvoker$MethodInvocationAgent.invoke(TestInvoker.java:816)
at org.testng.internal.TestInvoker.invokeTestMethods(TestInvoker.java:146)
at org.testng.internal.TestMethodWorker.invokeTestMethods(TestMethodWorker.java:146)
at org.testng.internal.TestMethodWorker.run(TestMethodWorker.java:128)
at java.util.ArrayList.forEach(Unknown Source)
at org.testng.TestRunner.privateRun(TestRunner.java:766)
at org.testng.TestRunner.run(TestRunner.java:587)
at org.testng.SuiteRunner.runTest(SuiteRunner.java:384)
at org.testng.SuiteRunner.runSequentially(SuiteRunner.java:378)
at org.testng.SuiteRunner.privateRun(SuiteRunner.java:337)
at org.testng.SuiteRunner.run(SuiteRunner.java:286)
at org.testng.SuiteRunnerWorker.runSuite(SuiteRunnerWorker.java:53)
at org.testng.SuiteRunnerWorker.run(SuiteRunnerWorker.java:96)
at org.testng.TestNG.runSuitesSequentially(TestNG.java:1187)
at org.testng.TestNG.runSuitesLocally(TestNG.java:1109)
at org.testng.TestNG.runSuites(TestNG.java:1039)
at org.testng.TestNG.run(TestNG.java:1007)
at org.testng.remote.AbstractRemoteTestNG.run(AbstractRemoteTestNG.java:115)
at org.testng.remote.RemoteTestNG.initAndRun(RemoteTestNG.java:251)
at org.testng.remote.RemoteTestNG.main(RemoteTestNG.java:77)
]]>
    </error>
  </testcase> <!-- VerifyTooltipForSizeDropDown -->
  <system-out>
Click to see Screenshot <a target="_blank" href=Fri_Nov_13_17_33_06_IST_2020.jpg>Screenshot</a> <br> <br> <a target="_blank" href=Fri_Nov_13_17_33_06_IST_2020.jpg><img src=Fri_Nov_13_17_33_06_IST_2020.jpg height=200 width=200></img></a>  </system-out>
  <testcase name="UpdateChangeProductAddToShoppingCart" time="9.936" classname="com.OSMOSE.testcases.Product">
    <error type="org.openqa.selenium.ElementClickInterceptedException" message="element click intercepted: Element &lt;label data-v-14dfae46=&quot;&quot; for=&quot;4&quot; class=&quot;custom-control-label&quot; style=&quot;width: 152.082px;&quot;&gt;...&lt;/label&gt; is not clickable at point (926, 20). Other element would receive the click: &lt;a id=&quot;contactUsLink__BV_toggle_&quot; role=&quot;button&quot; aria-haspopup=&quot;true&quot; aria-expanded=&quot;false&quot; href=&quot;#contactUsLink&quot; target=&quot;_self&quot; class=&quot;nav-link dropdown-toggle&quot;&gt;...&lt;/a&gt;
  (Session info: chrome=86.0.4240.75)
Build info: version: &#039;3.14.0&#039;, revision: &#039;aacccce0&#039;, time: &#039;2018-08-02T20:19:58.91Z&#039;
System info: host: &#039;5CG6323N27&#039;, ip: &#039;192.168.0.11&#039;, os.name: &#039;Windows 10&#039;, os.arch: &#039;amd64&#039;, os.version: &#039;10.0&#039;, java.version: &#039;1.8.0_191&#039;
Driver info: org.openqa.selenium.chrome.ChromeDriver
Capabilities {acceptInsecureCerts: false, browserName: chrome, browserVersion: 86.0.4240.75, chrome: {chromedriverVersion: 85.0.4183.87 (cd6713ebf92fa..., userDataDir: C:\Windows\Temp\scoped_dir1...}, goog:chromeOptions: {debuggerAddress: localhost:61527}, javascriptEnabled: true, networkConnectionEnabled: false, pageLoadStrategy: none, platform: WINDOWS, platformName: WINDOWS, proxy: Proxy(), setWindowRect: true, strictFileInteractability: false, timeouts: {implicit: 0, pageLoad: 300000, script: 30000}, unhandledPromptBehavior: dismiss and notify, webauthn:virtualAuthenticators: true}
Session ID: 558f08fa90269a8c35938da9f2c64faa">
      <![CDATA[org.openqa.selenium.ElementClickInterceptedException: element click intercepted: Element <label data-v-14dfae46="" for="4" class="custom-control-label" style="width: 152.082px;">...</label> is not clickable at point (926, 20). Other element would receive the click: <a id="contactUsLink__BV_toggle_" role="button" aria-haspopup="true" aria-expanded="false" href="#contactUsLink" target="_self" class="nav-link dropdown-toggle">...</a>
  (Session info: chrome=86.0.4240.75)
Build info: version: '3.14.0', revision: 'aacccce0', time: '2018-08-02T20:19:58.91Z'
System info: host: '5CG6323N27', ip: '192.168.0.11', os.name: 'Windows 10', os.arch: 'amd64', os.version: '10.0', java.version: '1.8.0_191'
Driver info: org.openqa.selenium.chrome.ChromeDriver
Capabilities {acceptInsecureCerts: false, browserName: chrome, browserVersion: 86.0.4240.75, chrome: {chromedriverVersion: 85.0.4183.87 (cd6713ebf92fa..., userDataDir: C:\Windows\Temp\scoped_dir1...}, goog:chromeOptions: {debuggerAddress: localhost:61527}, javascriptEnabled: true, networkConnectionEnabled: false, pageLoadStrategy: none, platform: WINDOWS, platformName: WINDOWS, proxy: Proxy(), setWindowRect: true, strictFileInteractability: false, timeouts: {implicit: 0, pageLoad: 300000, script: 30000}, unhandledPromptBehavior: dismiss and notify, webauthn:virtualAuthenticators: true}
Session ID: 558f08fa90269a8c35938da9f2c64faa
at sun.reflect.NativeConstructorAccessorImpl.newInstance0(Native Method)
at sun.reflect.NativeConstructorAccessorImpl.newInstance(Unknown Source)
at sun.reflect.DelegatingConstructorAccessorImpl.newInstance(Unknown Source)
at java.lang.reflect.Constructor.newInstance(Unknown Source)
at org.openqa.selenium.remote.http.W3CHttpResponseCodec.createException(W3CHttpResponseCodec.java:187)
at org.openqa.selenium.remote.http.W3CHttpResponseCodec.decode(W3CHttpResponseCodec.java:122)
at org.openqa.selenium.remote.http.W3CHttpResponseCodec.decode(W3CHttpResponseCodec.java:49)
at org.openqa.selenium.remote.HttpCommandExecutor.execute(HttpCommandExecutor.java:158)
at org.openqa.selenium.remote.service.DriverCommandExecutor.execute(DriverCommandExecutor.java:83)
at org.openqa.selenium.remote.RemoteWebDriver.execute(RemoteWebDriver.java:548)
at org.openqa.selenium.remote.RemoteWebElement.execute(RemoteWebElement.java:276)
at org.openqa.selenium.remote.RemoteWebElement.click(RemoteWebElement.java:83)
at com.OSMOSE.base.Page.click(Page.java:182)
at com.OSMOSE.pages.OU.ProductPage.CreateQuoteByUpdateFileAddToShoppingCart(ProductPage.java:1011)
at com.OSMOSE.testcases.Product.UpdateChangeProductAddToShoppingCart(Product.java:1270)
at sun.reflect.NativeMethodAccessorImpl.invoke0(Native Method)
at sun.reflect.NativeMethodAccessorImpl.invoke(Unknown Source)
at sun.reflect.DelegatingMethodAccessorImpl.invoke(Unknown Source)
at java.lang.reflect.Method.invoke(Unknown Source)
at org.testng.internal.MethodInvocationHelper.invokeMethod(MethodInvocationHelper.java:134)
at org.testng.internal.TestInvoker.invokeMethod(TestInvoker.java:597)
at org.testng.internal.TestInvoker.invokeTestMethod(TestInvoker.java:173)
at org.testng.internal.MethodRunner.runInSequence(MethodRunner.java:46)
at org.testng.internal.TestInvoker$MethodInvocationAgent.invoke(TestInvoker.java:816)
at org.testng.internal.TestInvoker.invokeTestMethods(TestInvoker.java:146)
at org.testng.internal.TestMethodWorker.invokeTestMethods(TestMethodWorker.java:146)
at org.testng.internal.TestMethodWorker.run(TestMethodWorker.java:128)
at java.util.ArrayList.forEach(Unknown Source)
at org.testng.TestRunner.privateRun(TestRunner.java:766)
at org.testng.TestRunner.run(TestRunner.java:587)
at org.testng.SuiteRunner.runTest(SuiteRunner.java:384)
at org.testng.SuiteRunner.runSequentially(SuiteRunner.java:378)
at org.testng.SuiteRunner.privateRun(SuiteRunner.java:337)
at org.testng.SuiteRunner.run(SuiteRunner.java:286)
at org.testng.SuiteRunnerWorker.runSuite(SuiteRunnerWorker.java:53)
at org.testng.SuiteRunnerWorker.run(SuiteRunnerWorker.java:96)
at org.testng.TestNG.runSuitesSequentially(TestNG.java:1187)
at org.testng.TestNG.runSuitesLocally(TestNG.java:1109)
at org.testng.TestNG.runSuites(TestNG.java:1039)
at org.testng.TestNG.run(TestNG.java:1007)
at org.testng.remote.AbstractRemoteTestNG.run(AbstractRemoteTestNG.java:115)
at org.testng.remote.RemoteTestNG.initAndRun(RemoteTestNG.java:251)
at org.testng.remote.RemoteTestNG.main(RemoteTestNG.java:77)
]]>
    </error>
  </testcase> <!-- UpdateChangeProductAddToShoppingCart -->
  <system-out>
Click to see Screenshot <a target="_blank" href=Fri_Nov_13_17_33_16_IST_2020.jpg>Screenshot</a> <br> <br> <a target="_blank" href=Fri_Nov_13_17_33_16_IST_2020.jpg><img src=Fri_Nov_13_17_33_16_IST_2020.jpg height=200 width=200></img></a>  </system-out>
  <testcase name="verifyDeleteProductOnOverlay" time="10.768" classname="com.OSMOSE.testcases.Product"/>
  <system-out>
Click to see Screenshot <a target="_blank" href=Fri_Nov_13_17_33_27_IST_2020.jpg>Screenshot</a> <br> <br> <a target="_blank" href=Fri_Nov_13_17_33_27_IST_2020.jpg><img src=Fri_Nov_13_17_33_27_IST_2020.jpg height=200 width=200></img></a>  </system-out>
  <testcase name="MyQuotesComments_Collapse" time="13.498" classname="com.OSMOSE.testcases.Product"/>
  <system-out>
Click to see Screenshot <a target="_blank" href=Fri_Nov_13_17_33_41_IST_2020.jpg>Screenshot</a> <br> <br> <a target="_blank" href=Fri_Nov_13_17_33_41_IST_2020.jpg><img src=Fri_Nov_13_17_33_41_IST_2020.jpg height=200 width=200></img></a>  </system-out>
  <testcase name="verifyTheSearch" classname="com.OSMOSE.testcases.Product">
    <skipped/>
  </testcase> <!-- verifyTheSearch -->
  <system-out/>
  <testcase name="SubmitQuotewithNegativeExpireDays" classname="com.OSMOSE.testcases.Product">
    <skipped/>
  </testcase> <!-- SubmitQuotewithNegativeExpireDays -->
  <system-out/>
  <testcase name="verifyTheProductCart" classname="com.OSMOSE.testcases.Product">
    <skipped/>
  </testcase> <!-- verifyTheProductCart -->
  <system-out/>
</testsuite> <!-- com.OSMOSE.testcases.Product -->
