<?xml version="1.0" encoding="UTF-8"?>
<!-- Generated by org.testng.reporters.JUnitReportReporter -->
<testsuite skipped="3" hostname="5CG6323N27" name="com.OSMOSE.testcases.Product" tests="88" failures="0" timestamp="2020-08-28T11:54:07 IST" time="1829.190" errors="0">
  <testcase name="verifyTheProductLink" time="3.586" classname="com.OSMOSE.testcases.Product"/>
  <system-out>
Click to see Screenshot <a target="_blank" href=Fri_Aug_28_11_22_39_IST_2020.jpg>Screenshot</a> <br> <br> <a target="_blank" href=Fri_Aug_28_11_22_39_IST_2020.jpg><img src=Fri_Aug_28_11_22_39_IST_2020.jpg height=200 width=200></img></a>  </system-out>
  <testcase name="searchElementPresent" time="50.282" classname="com.OSMOSE.testcases.Product"/>
  <system-out>
Click to see Screenshot <a target="_blank" href=Fri_Aug_28_11_23_30_IST_2020.jpg>Screenshot</a> <br> <br> <a target="_blank" href=Fri_Aug_28_11_23_30_IST_2020.jpg><img src=Fri_Aug_28_11_23_30_IST_2020.jpg height=200 width=200></img></a>  </system-out>
  <testcase name="catalogElementPresent" time="0.055" classname="com.OSMOSE.testcases.Product"/>
  <system-out>
Click to see Screenshot <a target="_blank" href=Fri_Aug_28_11_23_31_IST_2020.jpg>Screenshot</a> <br> <br> <a target="_blank" href=Fri_Aug_28_11_23_31_IST_2020.jpg><img src=Fri_Aug_28_11_23_31_IST_2020.jpg height=200 width=200></img></a>  </system-out>
  <testcase name="openMyQuotesElementPresent" time="0.033" classname="com.OSMOSE.testcases.Product"/>
  <system-out>
Click to see Screenshot <a target="_blank" href=Fri_Aug_28_11_23_31_IST_2020.jpg>Screenshot</a> <br> <br> <a target="_blank" href=Fri_Aug_28_11_23_31_IST_2020.jpg><img src=Fri_Aug_28_11_23_31_IST_2020.jpg height=200 width=200></img></a>  </system-out>
  <testcase name="shoppingCartElementPresent" time="0.063" classname="com.OSMOSE.testcases.Product"/>
  <system-out>
Click to see Screenshot <a target="_blank" href=Fri_Aug_28_11_23_32_IST_2020.jpg>Screenshot</a> <br> <br> <a target="_blank" href=Fri_Aug_28_11_23_32_IST_2020.jpg><img src=Fri_Aug_28_11_23_32_IST_2020.jpg height=200 width=200></img></a>  </system-out>
  <testcase name="adminElementPresent" time="0.048" classname="com.OSMOSE.testcases.Product"/>
  <system-out>
Click to see Screenshot <a target="_blank" href=Fri_Aug_28_11_23_32_IST_2020.jpg>Screenshot</a> <br> <br> <a target="_blank" href=Fri_Aug_28_11_23_32_IST_2020.jpg><img src=Fri_Aug_28_11_23_32_IST_2020.jpg height=200 width=200></img></a>  </system-out>
  <testcase name="viewDetailsElementPresent" time="0.037" classname="com.OSMOSE.testcases.Product"/>
  <system-out>
Click to see Screenshot <a target="_blank" href=Fri_Aug_28_11_23_33_IST_2020.jpg>Screenshot</a> <br> <br> <a target="_blank" href=Fri_Aug_28_11_23_33_IST_2020.jpg><img src=Fri_Aug_28_11_23_33_IST_2020.jpg height=200 width=200></img></a>  </system-out>
  <testcase name="allSixProductPresent" time="0.036" classname="com.OSMOSE.testcases.Product"/>
  <system-out>
Click to see Screenshot <a target="_blank" href=Fri_Aug_28_11_23_33_IST_2020.jpg>Screenshot</a> <br> <br> <a target="_blank" href=Fri_Aug_28_11_23_33_IST_2020.jpg><img src=Fri_Aug_28_11_23_33_IST_2020.jpg height=200 width=200></img></a>  </system-out>
  <testcase name="sliderItemPresent" time="0.099" classname="com.OSMOSE.testcases.Product"/>
  <system-out>
Click to see Screenshot <a target="_blank" href=Fri_Aug_28_11_23_34_IST_2020.jpg>Screenshot</a> <br> <br> <a target="_blank" href=Fri_Aug_28_11_23_34_IST_2020.jpg><img src=Fri_Aug_28_11_23_34_IST_2020.jpg height=200 width=200></img></a>  </system-out>
  <testcase name="verifyCategoryFilter" time="50.047" classname="com.OSMOSE.testcases.Product"/>
  <system-out>
Click to see Screenshot <a target="_blank" href=Fri_Aug_28_11_24_25_IST_2020.jpg>Screenshot</a> <br> <br> <a target="_blank" href=Fri_Aug_28_11_24_25_IST_2020.jpg><img src=Fri_Aug_28_11_24_25_IST_2020.jpg height=200 width=200></img></a>  </system-out>
  <testcase name="VerifyFPImageClick" time="52.084" classname="com.OSMOSE.testcases.Product"/>
  <system-out>
Click to see Screenshot <a target="_blank" href=Fri_Aug_28_11_25_17_IST_2020.jpg>Screenshot</a> <br> <br> <a target="_blank" href=Fri_Aug_28_11_25_17_IST_2020.jpg><img src=Fri_Aug_28_11_25_17_IST_2020.jpg height=200 width=200></img></a>  </system-out>
  <testcase name="verifyViewDetail" time="8.571" classname="com.OSMOSE.testcases.Product"/>
  <system-out>
Click to see Screenshot <a target="_blank" href=Fri_Aug_28_11_25_27_IST_2020.jpg>Screenshot</a> <br> <br> <a target="_blank" href=Fri_Aug_28_11_25_27_IST_2020.jpg><img src=Fri_Aug_28_11_25_27_IST_2020.jpg height=200 width=200></img></a>  </system-out>
  <testcase name="VerifyProductclick" time="15.929" classname="com.OSMOSE.testcases.Product"/>
  <system-out>
Click to see Screenshot <a target="_blank" href=Fri_Aug_28_11_25_43_IST_2020.jpg>Screenshot</a> <br> <br> <a target="_blank" href=Fri_Aug_28_11_25_43_IST_2020.jpg><img src=Fri_Aug_28_11_25_43_IST_2020.jpg height=200 width=200></img></a>  </system-out>
  <testcase name="AddQuantityandverifyCellNumber" time="18.641" classname="com.OSMOSE.testcases.Product"/>
  <system-out>
Click to see Screenshot <a target="_blank" href=Fri_Aug_28_11_26_03_IST_2020.jpg>Screenshot</a> <br> <br> <a target="_blank" href=Fri_Aug_28_11_26_03_IST_2020.jpg><img src=Fri_Aug_28_11_26_03_IST_2020.jpg height=200 width=200></img></a>  </system-out>
  <testcase name="FeaturedProductPoleRestoration" time="14.736" classname="com.OSMOSE.testcases.Product"/>
  <system-out>
Click to see Screenshot <a target="_blank" href=Fri_Aug_28_11_26_18_IST_2020.jpg>Screenshot</a> <br> <br> <a target="_blank" href=Fri_Aug_28_11_26_18_IST_2020.jpg><img src=Fri_Aug_28_11_26_18_IST_2020.jpg height=200 width=200></img></a>  </system-out>
  <testcase name="verifyTheSearchfirstname" time="14.601" classname="com.OSMOSE.testcases.Product"/>
  <system-out>
Click to see Screenshot <a target="_blank" href=Fri_Aug_28_11_26_33_IST_2020.jpg>Screenshot</a> <br> <br> <a target="_blank" href=Fri_Aug_28_11_26_33_IST_2020.jpg><img src=Fri_Aug_28_11_26_33_IST_2020.jpg height=200 width=200></img></a>  </system-out>
  <testcase name="verifyTheSearchFullname" time="13.000" classname="com.OSMOSE.testcases.Product"/>
  <system-out>
Click to see Screenshot <a target="_blank" href=Fri_Aug_28_11_26_47_IST_2020.jpg>Screenshot</a> <br> <br> <a target="_blank" href=Fri_Aug_28_11_26_47_IST_2020.jpg><img src=Fri_Aug_28_11_26_47_IST_2020.jpg height=200 width=200></img></a>  </system-out>
  <testcase name="verifyTheSearchOneAlphabet" time="22.346" classname="com.OSMOSE.testcases.Product"/>
  <system-out>
Click to see Screenshot <a target="_blank" href=Fri_Aug_28_11_27_10_IST_2020.jpg>Screenshot</a> <br> <br> <a target="_blank" href=Fri_Aug_28_11_27_10_IST_2020.jpg><img src=Fri_Aug_28_11_27_10_IST_2020.jpg height=200 width=200></img></a>  </system-out>
  <testcase name="verifyTheSearchCrossButton" time="14.812" classname="com.OSMOSE.testcases.Product"/>
  <system-out>
Click to see Screenshot <a target="_blank" href=Fri_Aug_28_11_27_25_IST_2020.jpg>Screenshot</a> <br> <br> <a target="_blank" href=Fri_Aug_28_11_27_25_IST_2020.jpg><img src=Fri_Aug_28_11_27_25_IST_2020.jpg height=200 width=200></img></a>  </system-out>
  <testcase name="verifyTheValidationmessage" time="13.467" classname="com.OSMOSE.testcases.Product"/>
  <system-out>
Click to see Screenshot <a target="_blank" href=Fri_Aug_28_11_27_39_IST_2020.jpg>Screenshot</a> <br> <br> <a target="_blank" href=Fri_Aug_28_11_27_39_IST_2020.jpg><img src=Fri_Aug_28_11_27_39_IST_2020.jpg height=200 width=200></img></a>  </system-out>
  <testcase name="ReturnPolicy" time="11.393" classname="com.OSMOSE.testcases.Product"/>
  <system-out>
Click to see Screenshot <a target="_blank" href=Fri_Aug_28_11_27_51_IST_2020.jpg>Screenshot</a> <br> <br> <a target="_blank" href=Fri_Aug_28_11_27_51_IST_2020.jpg><img src=Fri_Aug_28_11_27_51_IST_2020.jpg height=200 width=200></img></a>  </system-out>
  <testcase name="verifyAddShoppingCarttext" time="18.937" classname="com.OSMOSE.testcases.Product"/>
  <system-out>
Click to see Screenshot <a target="_blank" href=Fri_Aug_28_11_28_11_IST_2020.jpg>Screenshot</a> <br> <br> <a target="_blank" href=Fri_Aug_28_11_28_11_IST_2020.jpg><img src=Fri_Aug_28_11_28_11_IST_2020.jpg height=200 width=200></img></a>  </system-out>
  <testcase name="AddShoppingCart" time="6.425" classname="com.OSMOSE.testcases.Product"/>
  <system-out>
Click to see Screenshot <a target="_blank" href=Fri_Aug_28_11_28_18_IST_2020.jpg>Screenshot</a> <br> <br> <a target="_blank" href=Fri_Aug_28_11_28_18_IST_2020.jpg><img src=Fri_Aug_28_11_28_18_IST_2020.jpg height=200 width=200></img></a>  </system-out>
  <testcase name="VerifyCrossicononhoppingCart" time="1.319" classname="com.OSMOSE.testcases.Product"/>
  <system-out>
Click to see Screenshot <a target="_blank" href=Fri_Aug_28_11_28_19_IST_2020.jpg>Screenshot</a> <br> <br> <a target="_blank" href=Fri_Aug_28_11_28_19_IST_2020.jpg><img src=Fri_Aug_28_11_28_19_IST_2020.jpg height=200 width=200></img></a>  </system-out>
  <testcase name="VerifyCrossicononhoppingCart_Differentitem" time="10.842" classname="com.OSMOSE.testcases.Product"/>
  <system-out>
Click to see Screenshot <a target="_blank" href=Fri_Aug_28_11_28_31_IST_2020.jpg>Screenshot</a> <br> <br> <a target="_blank" href=Fri_Aug_28_11_28_31_IST_2020.jpg><img src=Fri_Aug_28_11_28_31_IST_2020.jpg height=200 width=200></img></a>  </system-out>
  <testcase name="VerifyAddShopping_Sameitem" time="9.825" classname="com.OSMOSE.testcases.Product"/>
  <system-out>
Click to see Screenshot <a target="_blank" href=Fri_Aug_28_11_28_41_IST_2020.jpg>Screenshot</a> <br> <br> <a target="_blank" href=Fri_Aug_28_11_28_41_IST_2020.jpg><img src=Fri_Aug_28_11_28_41_IST_2020.jpg height=200 width=200></img></a>  </system-out>
  <testcase name="DeleteQuanityinShoppingCart" time="6.232" classname="com.OSMOSE.testcases.Product"/>
  <system-out>
Click to see Screenshot <a target="_blank" href=Fri_Aug_28_11_28_47_IST_2020.jpg>Screenshot</a> <br> <br> <a target="_blank" href=Fri_Aug_28_11_28_47_IST_2020.jpg><img src=Fri_Aug_28_11_28_47_IST_2020.jpg height=200 width=200></img></a>  </system-out>
  <testcase name="UpdateIncreaseQuanityinShoppingCart" time="13.619" classname="com.OSMOSE.testcases.Product"/>
  <system-out>
Click to see Screenshot <a target="_blank" href=Fri_Aug_28_11_29_01_IST_2020.jpg>Screenshot</a> <br> <br> <a target="_blank" href=Fri_Aug_28_11_29_01_IST_2020.jpg><img src=Fri_Aug_28_11_29_01_IST_2020.jpg height=200 width=200></img></a>  </system-out>
  <testcase name="UpdateDecreaseQuanityinShoppingCart" time="29.058" classname="com.OSMOSE.testcases.Product"/>
  <system-out>
Click to see Screenshot <a target="_blank" href=Fri_Aug_28_11_29_31_IST_2020.jpg>Screenshot</a> <br> <br> <a target="_blank" href=Fri_Aug_28_11_29_31_IST_2020.jpg><img src=Fri_Aug_28_11_29_31_IST_2020.jpg height=200 width=200></img></a>  </system-out>
  <testcase name="CreateQuote" time="12.173" classname="com.OSMOSE.testcases.Product"/>
  <system-out>
Click to see Screenshot <a target="_blank" href=Fri_Aug_28_11_29_44_IST_2020.jpg>Screenshot</a> <br> <br> <a target="_blank" href=Fri_Aug_28_11_29_44_IST_2020.jpg><img src=Fri_Aug_28_11_29_44_IST_2020.jpg height=200 width=200></img></a>  </system-out>
  <testcase name="CreateQuote_Comments" time="10.460" classname="com.OSMOSE.testcases.Product"/>
  <system-out>
Click to see Screenshot <a target="_blank" href=Fri_Aug_28_11_29_55_IST_2020.jpg>Screenshot</a> <br> <br> <a target="_blank" href=Fri_Aug_28_11_29_55_IST_2020.jpg><img src=Fri_Aug_28_11_29_55_IST_2020.jpg height=200 width=200></img></a>  </system-out>
  <testcase name="CreateQuote_ZipCode" time="10.179" classname="com.OSMOSE.testcases.Product"/>
  <system-out>
Click to see Screenshot <a target="_blank" href=Fri_Aug_28_11_30_05_IST_2020.jpg>Screenshot</a> <br> <br> <a target="_blank" href=Fri_Aug_28_11_30_05_IST_2020.jpg><img src=Fri_Aug_28_11_30_05_IST_2020.jpg height=200 width=200></img></a>  </system-out>
  <testcase name="CreateQuote_Attachment" time="11.241" classname="com.OSMOSE.testcases.Product"/>
  <system-out>
Click to see Screenshot <a target="_blank" href=Fri_Aug_28_11_30_17_IST_2020.jpg>Screenshot</a> <br> <br> <a target="_blank" href=Fri_Aug_28_11_30_17_IST_2020.jpg><img src=Fri_Aug_28_11_30_17_IST_2020.jpg height=200 width=200></img></a>  </system-out>
  <testcase name="ClickShoppingCartIcon" time="11.222" classname="com.OSMOSE.testcases.Product"/>
  <system-out>
Click to see Screenshot <a target="_blank" href=Fri_Aug_28_11_30_29_IST_2020.jpg>Screenshot</a> <br> <br> <a target="_blank" href=Fri_Aug_28_11_30_29_IST_2020.jpg><img src=Fri_Aug_28_11_30_29_IST_2020.jpg height=200 width=200></img></a>  </system-out>
  <testcase name="ClickShoppingViewCartbutton" time="8.852" classname="com.OSMOSE.testcases.Product"/>
  <system-out>
Click to see Screenshot <a target="_blank" href=Fri_Aug_28_11_30_38_IST_2020.jpg>Screenshot</a> <br> <br> <a target="_blank" href=Fri_Aug_28_11_30_38_IST_2020.jpg><img src=Fri_Aug_28_11_30_38_IST_2020.jpg height=200 width=200></img></a>  </system-out>
  <testcase name="ClickShoppingSubmitCartbutton" time="10.077" classname="com.OSMOSE.testcases.Product"/>
  <system-out>
Click to see Screenshot <a target="_blank" href=Fri_Aug_28_11_30_48_IST_2020.jpg>Screenshot</a> <br> <br> <a target="_blank" href=Fri_Aug_28_11_30_48_IST_2020.jpg><img src=Fri_Aug_28_11_30_48_IST_2020.jpg height=200 width=200></img></a>  </system-out>
  <testcase name="verifyUpdatedQuantityOnOverlay" time="12.124" classname="com.OSMOSE.testcases.Product"/>
  <system-out>
Click to see Screenshot <a target="_blank" href=Fri_Aug_28_11_31_01_IST_2020.jpg>Screenshot</a> <br> <br> <a target="_blank" href=Fri_Aug_28_11_31_01_IST_2020.jpg><img src=Fri_Aug_28_11_31_01_IST_2020.jpg height=200 width=200></img></a>  </system-out>
  <testcase name="MyQuotes_96421" time="7.647" classname="com.OSMOSE.testcases.Product"/>
  <system-out>
Click to see Screenshot <a target="_blank" href=Fri_Aug_28_11_31_10_IST_2020.jpg>Screenshot</a> <br> <br> <a target="_blank" href=Fri_Aug_28_11_31_10_IST_2020.jpg><img src=Fri_Aug_28_11_31_10_IST_2020.jpg height=200 width=200></img></a>  </system-out>
  <testcase name="verifyStatusFilterAll" time="27.477" classname="com.OSMOSE.testcases.Product"/>
  <system-out>
Click to see Screenshot <a target="_blank" href=Fri_Aug_28_11_31_38_IST_2020.jpg>Screenshot</a> <br> <br> <a target="_blank" href=Fri_Aug_28_11_31_38_IST_2020.jpg><img src=Fri_Aug_28_11_31_38_IST_2020.jpg height=200 width=200></img></a>  </system-out>
  <testcase name="verifyStatusFilterExpired" time="32.564" classname="com.OSMOSE.testcases.Product"/>
  <system-out>
Click to see Screenshot <a target="_blank" href=Fri_Aug_28_11_32_12_IST_2020.jpg>Screenshot</a> <br> <br> <a target="_blank" href=Fri_Aug_28_11_32_12_IST_2020.jpg><img src=Fri_Aug_28_11_32_12_IST_2020.jpg height=200 width=200></img></a>  </system-out>
  <testcase name="verifyStatusFilterOrdered" time="41.890" classname="com.OSMOSE.testcases.Product"/>
  <system-out>
Click to see Screenshot <a target="_blank" href=Fri_Aug_28_11_32_55_IST_2020.jpg>Screenshot</a> <br> <br> <a target="_blank" href=Fri_Aug_28_11_32_55_IST_2020.jpg><img src=Fri_Aug_28_11_32_55_IST_2020.jpg height=200 width=200></img></a>  </system-out>
  <testcase name="verifyStatusFilterQuoted" time="43.729" classname="com.OSMOSE.testcases.Product"/>
  <system-out>
Click to see Screenshot <a target="_blank" href=Fri_Aug_28_11_33_40_IST_2020.jpg>Screenshot</a> <br> <br> <a target="_blank" href=Fri_Aug_28_11_33_40_IST_2020.jpg><img src=Fri_Aug_28_11_33_40_IST_2020.jpg height=200 width=200></img></a>  </system-out>
  <testcase name="verifyStatusFilterQuotePending" time="42.198" classname="com.OSMOSE.testcases.Product"/>
  <system-out>
Click to see Screenshot <a target="_blank" href=Fri_Aug_28_11_34_23_IST_2020.jpg>Screenshot</a> <br> <br> <a target="_blank" href=Fri_Aug_28_11_34_23_IST_2020.jpg><img src=Fri_Aug_28_11_34_23_IST_2020.jpg height=200 width=200></img></a>  </system-out>
  <testcase name="verifyStatusFilterCancelled" time="42.195" classname="com.OSMOSE.testcases.Product"/>
  <system-out>
Click to see Screenshot <a target="_blank" href=Fri_Aug_28_11_35_06_IST_2020.jpg>Screenshot</a> <br> <br> <a target="_blank" href=Fri_Aug_28_11_35_06_IST_2020.jpg><img src=Fri_Aug_28_11_35_06_IST_2020.jpg height=200 width=200></img></a>  </system-out>
  <testcase name="verifyStatusFilterOrderRequested" time="37.201" classname="com.OSMOSE.testcases.Product"/>
  <system-out>
Click to see Screenshot <a target="_blank" href=Fri_Aug_28_11_35_44_IST_2020.jpg>Screenshot</a> <br> <br> <a target="_blank" href=Fri_Aug_28_11_35_44_IST_2020.jpg><img src=Fri_Aug_28_11_35_44_IST_2020.jpg height=200 width=200></img></a>  </system-out>
  <testcase name="SortBydd" time="9.700" classname="com.OSMOSE.testcases.Product"/>
  <system-out>
Click to see Screenshot <a target="_blank" href=Fri_Aug_28_11_35_54_IST_2020.jpg>Screenshot</a> <br> <br> <a target="_blank" href=Fri_Aug_28_11_35_54_IST_2020.jpg><img src=Fri_Aug_28_11_35_54_IST_2020.jpg height=200 width=200></img></a>  </system-out>
  <testcase name="HomepageCarticon" time="17.081" classname="com.OSMOSE.testcases.Product"/>
  <system-out>
Click to see Screenshot <a target="_blank" href=Fri_Aug_28_11_36_12_IST_2020.jpg>Screenshot</a> <br> <br> <a target="_blank" href=Fri_Aug_28_11_36_12_IST_2020.jpg><img src=Fri_Aug_28_11_36_12_IST_2020.jpg height=200 width=200></img></a>  </system-out>
  <testcase name="ClickManageQuotesLink" time="4.796" classname="com.OSMOSE.testcases.Product"/>
  <system-out>
Click to see Screenshot <a target="_blank" href=Fri_Aug_28_11_36_17_IST_2020.jpg>Screenshot</a> <br> <br> <a target="_blank" href=Fri_Aug_28_11_36_17_IST_2020.jpg><img src=Fri_Aug_28_11_36_17_IST_2020.jpg height=200 width=200></img></a>  </system-out>
  <testcase name="VerifyUIonClickQuoteID" time="5.648" classname="com.OSMOSE.testcases.Product"/>
  <system-out>
Click to see Screenshot <a target="_blank" href=Fri_Aug_28_11_36_24_IST_2020.jpg>Screenshot</a> <br> <br> <a target="_blank" href=Fri_Aug_28_11_36_24_IST_2020.jpg><img src=Fri_Aug_28_11_36_24_IST_2020.jpg height=200 width=200></img></a>  </system-out>
  <testcase name="SubmitQuotewithOrderedstatus" time="10.379" classname="com.OSMOSE.testcases.Product"/>
  <system-out>
Click to see Screenshot <a target="_blank" href=Fri_Aug_28_11_36_35_IST_2020.jpg>Screenshot</a> <br> <br> <a target="_blank" href=Fri_Aug_28_11_36_35_IST_2020.jpg><img src=Fri_Aug_28_11_36_35_IST_2020.jpg height=200 width=200></img></a>  </system-out>
  <testcase name="SubmitQuotewithQuotePendingstatus" time="19.170" classname="com.OSMOSE.testcases.Product"/>
  <system-out>
Click to see Screenshot <a target="_blank" href=Fri_Aug_28_11_36_54_IST_2020.jpg>Screenshot</a> <br> <br> <a target="_blank" href=Fri_Aug_28_11_36_54_IST_2020.jpg><img src=Fri_Aug_28_11_36_54_IST_2020.jpg height=200 width=200></img></a>  </system-out>
  <testcase name="SubmitQuotewithMoreThan20mbFile" time="30.180" classname="com.OSMOSE.testcases.Product"/>
  <system-out>
Click to see Screenshot <a target="_blank" href=Fri_Aug_28_11_37_25_IST_2020.jpg>Screenshot</a> <br> <br> <a target="_blank" href=Fri_Aug_28_11_37_25_IST_2020.jpg><img src=Fri_Aug_28_11_37_25_IST_2020.jpg height=200 width=200></img></a>  </system-out>
  <testcase name="SubmitQuotewithInvalidFileType" time="27.772" classname="com.OSMOSE.testcases.Product"/>
  <system-out>
Click to see Screenshot <a target="_blank" href=Fri_Aug_28_11_37_53_IST_2020.jpg>Screenshot</a> <br> <br> <a target="_blank" href=Fri_Aug_28_11_37_53_IST_2020.jpg><img src=Fri_Aug_28_11_37_53_IST_2020.jpg height=200 width=200></img></a>  </system-out>
  <testcase name="SubmitQuotewithQuoteCancelledstatus" time="14.625" classname="com.OSMOSE.testcases.Product"/>
  <system-out>
Click to see Screenshot <a target="_blank" href=Fri_Aug_28_11_38_08_IST_2020.jpg>Screenshot</a> <br> <br> <a target="_blank" href=Fri_Aug_28_11_38_08_IST_2020.jpg><img src=Fri_Aug_28_11_38_08_IST_2020.jpg height=200 width=200></img></a>  </system-out>
  <testcase name="SubmitQuotewithQuotedstatus" time="33.319" classname="com.OSMOSE.testcases.Product"/>
  <system-out>
Click to see Screenshot <a target="_blank" href=Fri_Aug_28_11_38_43_IST_2020.jpg>Screenshot</a> <br> <br> <a target="_blank" href=Fri_Aug_28_11_38_43_IST_2020.jpg><img src=Fri_Aug_28_11_38_43_IST_2020.jpg height=200 width=200></img></a>  </system-out>
  <testcase name="SubmitQuotewithOrderRequestedstatus" time="12.130" classname="com.OSMOSE.testcases.Product"/>
  <system-out>
Click to see Screenshot <a target="_blank" href=Fri_Aug_28_11_38_56_IST_2020.jpg>Screenshot</a> <br> <br> <a target="_blank" href=Fri_Aug_28_11_38_56_IST_2020.jpg><img src=Fri_Aug_28_11_38_56_IST_2020.jpg height=200 width=200></img></a>  </system-out>
  <testcase name="SubmitQuotewithExpiredstatus" time="10.277" classname="com.OSMOSE.testcases.Product"/>
  <system-out>
Click to see Screenshot <a target="_blank" href=Fri_Aug_28_11_39_07_IST_2020.jpg>Screenshot</a> <br> <br> <a target="_blank" href=Fri_Aug_28_11_39_07_IST_2020.jpg><img src=Fri_Aug_28_11_39_07_IST_2020.jpg height=200 width=200></img></a>  </system-out>
  <testcase name="ClickManageProducts" time="2.730" classname="com.OSMOSE.testcases.Product"/>
  <system-out>
Click to see Screenshot <a target="_blank" href=Fri_Aug_28_11_39_10_IST_2020.jpg>Screenshot</a> <br> <br> <a target="_blank" href=Fri_Aug_28_11_39_10_IST_2020.jpg><img src=Fri_Aug_28_11_39_10_IST_2020.jpg height=200 width=200></img></a>  </system-out>
  <testcase name="ClickDownloadProducts" time="7.408" classname="com.OSMOSE.testcases.Product"/>
  <system-out>
Click to see Screenshot <a target="_blank" href=Fri_Aug_28_11_39_18_IST_2020.jpg>Screenshot</a> <br> <br> <a target="_blank" href=Fri_Aug_28_11_39_18_IST_2020.jpg><img src=Fri_Aug_28_11_39_18_IST_2020.jpg height=200 width=200></img></a>  </system-out>
  <testcase name="ClickProductsinReview" time="2.585" classname="com.OSMOSE.testcases.Product"/>
  <system-out>
Click to see Screenshot <a target="_blank" href=Fri_Aug_28_11_39_21_IST_2020.jpg>Screenshot</a> <br> <br> <a target="_blank" href=Fri_Aug_28_11_39_21_IST_2020.jpg><img src=Fri_Aug_28_11_39_21_IST_2020.jpg height=200 width=200></img></a>  </system-out>
  <testcase name="ClickReview" time="8.337" classname="com.OSMOSE.testcases.Product"/>
  <system-out>
Click to see Screenshot <a target="_blank" href=Fri_Aug_28_11_39_29_IST_2020.jpg>Screenshot</a> <br> <br> <a target="_blank" href=Fri_Aug_28_11_39_29_IST_2020.jpg><img src=Fri_Aug_28_11_39_29_IST_2020.jpg height=200 width=200></img></a>  </system-out>
  <testcase name="ClickApprove" time="9.374" classname="com.OSMOSE.testcases.Product"/>
  <system-out>
Click to see Screenshot <a target="_blank" href=Fri_Aug_28_11_39_39_IST_2020.jpg>Screenshot</a> <br> <br> <a target="_blank" href=Fri_Aug_28_11_39_39_IST_2020.jpg><img src=Fri_Aug_28_11_39_39_IST_2020.jpg height=200 width=200></img></a>  </system-out>
  <testcase name="ClickReject" time="9.967" classname="com.OSMOSE.testcases.Product"/>
  <system-out>
Click to see Screenshot <a target="_blank" href=Fri_Aug_28_11_39_50_IST_2020.jpg>Screenshot</a> <br> <br> <a target="_blank" href=Fri_Aug_28_11_39_50_IST_2020.jpg><img src=Fri_Aug_28_11_39_50_IST_2020.jpg height=200 width=200></img></a>  </system-out>
  <testcase name="ClickUploadProducts" time="10.567" classname="com.OSMOSE.testcases.Product"/>
  <system-out>
Click to see Screenshot <a target="_blank" href=Fri_Aug_28_11_40_01_IST_2020.jpg>Screenshot</a> <br> <br> <a target="_blank" href=Fri_Aug_28_11_40_01_IST_2020.jpg><img src=Fri_Aug_28_11_40_01_IST_2020.jpg height=200 width=200></img></a>  </system-out>
  <testcase name="ClickDictionaryLink" time="41.361" classname="com.OSMOSE.testcases.Product"/>
  <system-out>
Click to see Screenshot <a target="_blank" href=Fri_Aug_28_11_40_44_IST_2020.jpg>Screenshot</a> <br> <br> <a target="_blank" href=Fri_Aug_28_11_40_44_IST_2020.jpg><img src=Fri_Aug_28_11_40_44_IST_2020.jpg height=200 width=200></img></a>  </system-out>
  <testcase name="VerifyUIonApprove" time="117.168" classname="com.OSMOSE.testcases.Product"/>
  <system-out>
Click to see Screenshot <a target="_blank" href=Fri_Aug_28_11_42_41_IST_2020.jpg>Screenshot</a> <br> <br> <a target="_blank" href=Fri_Aug_28_11_42_41_IST_2020.jpg><img src=Fri_Aug_28_11_42_41_IST_2020.jpg height=200 width=200></img></a>  </system-out>
  <testcase name="VerifyApprovebtndisabled" time="123.397" classname="com.OSMOSE.testcases.Product"/>
  <system-out>
Click to see Screenshot <a target="_blank" href=Fri_Aug_28_11_44_45_IST_2020.jpg>Screenshot</a> <br> <br> <a target="_blank" href=Fri_Aug_28_11_44_45_IST_2020.jpg><img src=Fri_Aug_28_11_44_45_IST_2020.jpg height=200 width=200></img></a>  </system-out>
  <testcase name="verifyThankyouPopup" time="130.487" classname="com.OSMOSE.testcases.Product"/>
  <system-out>
Click to see Screenshot <a target="_blank" href=Fri_Aug_28_11_46_58_IST_2020.jpg>Screenshot</a> <br> <br> <a target="_blank" href=Fri_Aug_28_11_46_58_IST_2020.jpg><img src=Fri_Aug_28_11_46_58_IST_2020.jpg height=200 width=200></img></a>  </system-out>
  <testcase name="verifyCancelwhileREQuoting" time="42.808" classname="com.OSMOSE.testcases.Product"/>
  <system-out>
Click to see Screenshot <a target="_blank" href=Fri_Aug_28_11_47_41_IST_2020.jpg>Screenshot</a> <br> <br> <a target="_blank" href=Fri_Aug_28_11_47_41_IST_2020.jpg><img src=Fri_Aug_28_11_47_41_IST_2020.jpg height=200 width=200></img></a>  </system-out>
  <testcase name="verifySubmitwhileREQuoting" time="61.638" classname="com.OSMOSE.testcases.Product"/>
  <system-out>
Click to see Screenshot <a target="_blank" href=Fri_Aug_28_11_48_44_IST_2020.jpg>Screenshot</a> <br> <br> <a target="_blank" href=Fri_Aug_28_11_48_44_IST_2020.jpg><img src=Fri_Aug_28_11_48_44_IST_2020.jpg height=200 width=200></img></a>  </system-out>
  <testcase name="verifyAddToCartWhileReQuoting" time="78.033" classname="com.OSMOSE.testcases.Product"/>
  <system-out>
Click to see Screenshot <a target="_blank" href=Fri_Aug_28_11_50_02_IST_2020.jpg>Screenshot</a> <br> <br> <a target="_blank" href=Fri_Aug_28_11_50_02_IST_2020.jpg><img src=Fri_Aug_28_11_50_02_IST_2020.jpg height=200 width=200></img></a>  </system-out>
  <testcase name="verifyExclamationOnMyQuotes" time="21.179" classname="com.OSMOSE.testcases.Product"/>
  <system-out>
Click to see Screenshot <a target="_blank" href=Fri_Aug_28_11_50_24_IST_2020.jpg>Screenshot</a> <br> <br> <a target="_blank" href=Fri_Aug_28_11_50_24_IST_2020.jpg><img src=Fri_Aug_28_11_50_24_IST_2020.jpg height=200 width=200></img></a>  </system-out>
  <testcase name="VerifyShoppingAddbtndisabled" time="5.153" classname="com.OSMOSE.testcases.Product"/>
  <system-out>
Click to see Screenshot <a target="_blank" href=Fri_Aug_28_11_50_30_IST_2020.jpg>Screenshot</a> <br> <br> <a target="_blank" href=Fri_Aug_28_11_50_30_IST_2020.jpg><img src=Fri_Aug_28_11_50_30_IST_2020.jpg height=200 width=200></img></a>  </system-out>
  <testcase name="VerifyShoppingCarrtAddbtnDisabledclearqty" time="6.449" classname="com.OSMOSE.testcases.Product"/>
  <system-out>
Click to see Screenshot <a target="_blank" href=Fri_Aug_28_11_50_36_IST_2020.jpg>Screenshot</a> <br> <br> <a target="_blank" href=Fri_Aug_28_11_50_36_IST_2020.jpg><img src=Fri_Aug_28_11_50_36_IST_2020.jpg height=200 width=200></img></a>  </system-out>
  <testcase name="verifyCartIconCount" time="19.413" classname="com.OSMOSE.testcases.Product"/>
  <system-out>
Click to see Screenshot <a target="_blank" href=Fri_Aug_28_11_50_56_IST_2020.jpg>Screenshot</a> <br> <br> <a target="_blank" href=Fri_Aug_28_11_50_56_IST_2020.jpg><img src=Fri_Aug_28_11_50_56_IST_2020.jpg height=200 width=200></img></a>  </system-out>
  <testcase name="VerifyShoppingCarrtMinMaxqty" time="15.055" classname="com.OSMOSE.testcases.Product"/>
  <system-out>
Click to see Screenshot <a target="_blank" href=Fri_Aug_28_11_51_12_IST_2020.jpg>Screenshot</a> <br> <br> <a target="_blank" href=Fri_Aug_28_11_51_12_IST_2020.jpg><img src=Fri_Aug_28_11_51_12_IST_2020.jpg height=200 width=200></img></a>  </system-out>
  <testcase name="GoBack" time="14.415" classname="com.OSMOSE.testcases.Product"/>
  <system-out>
Click to see Screenshot <a target="_blank" href=Fri_Aug_28_11_51_27_IST_2020.jpg>Screenshot</a> <br> <br> <a target="_blank" href=Fri_Aug_28_11_51_27_IST_2020.jpg><img src=Fri_Aug_28_11_51_27_IST_2020.jpg height=200 width=200></img></a>  </system-out>
  <testcase name="CreateQuote_MultipleAttachment" time="38.270" classname="com.OSMOSE.testcases.Product"/>
  <system-out>
Click to see Screenshot <a target="_blank" href=Fri_Aug_28_11_52_06_IST_2020.jpg>Screenshot</a> <br> <br> <a target="_blank" href=Fri_Aug_28_11_52_06_IST_2020.jpg><img src=Fri_Aug_28_11_52_06_IST_2020.jpg height=200 width=200></img></a>  </system-out>
  <testcase name="CreateQuote_UpdateeAttachment" time="12.487" classname="com.OSMOSE.testcases.Product"/>
  <system-out>
Click to see Screenshot <a target="_blank" href=Fri_Aug_28_11_52_19_IST_2020.jpg>Screenshot</a> <br> <br> <a target="_blank" href=Fri_Aug_28_11_52_19_IST_2020.jpg><img src=Fri_Aug_28_11_52_19_IST_2020.jpg height=200 width=200></img></a>  </system-out>
  <testcase name="SubmitQuotewithoutFile" time="19.242" classname="com.OSMOSE.testcases.Product"/>
  <system-out>
Click to see Screenshot <a target="_blank" href=Fri_Aug_28_11_52_39_IST_2020.jpg>Screenshot</a> <br> <br> <a target="_blank" href=Fri_Aug_28_11_52_39_IST_2020.jpg><img src=Fri_Aug_28_11_52_39_IST_2020.jpg height=200 width=200></img></a>  </system-out>
  <testcase name="VerifyAddingRelatedProductsToShoppingCart" time="18.602" classname="com.OSMOSE.testcases.Product"/>
  <system-out>
Click to see Screenshot <a target="_blank" href=Fri_Aug_28_11_52_58_IST_2020.jpg>Screenshot</a> <br> <br> <a target="_blank" href=Fri_Aug_28_11_52_58_IST_2020.jpg><img src=Fri_Aug_28_11_52_58_IST_2020.jpg height=200 width=200></img></a>  </system-out>
  <testcase name="VerifyTooltipForSizeDropDown" time="11.155" classname="com.OSMOSE.testcases.Product"/>
  <system-out>
Click to see Screenshot <a target="_blank" href=Fri_Aug_28_11_53_10_IST_2020.jpg>Screenshot</a> <br> <br> <a target="_blank" href=Fri_Aug_28_11_53_10_IST_2020.jpg><img src=Fri_Aug_28_11_53_10_IST_2020.jpg height=200 width=200></img></a>  </system-out>
  <testcase name="UpdateChangeProductAddToShoppingCart" time="20.615" classname="com.OSMOSE.testcases.Product"/>
  <system-out>
Click to see Screenshot <a target="_blank" href=Fri_Aug_28_11_53_31_IST_2020.jpg>Screenshot</a> <br> <br> <a target="_blank" href=Fri_Aug_28_11_53_31_IST_2020.jpg><img src=Fri_Aug_28_11_53_31_IST_2020.jpg height=200 width=200></img></a>  </system-out>
  <testcase name="verifyDeleteProductOnOverlay" time="9.290" classname="com.OSMOSE.testcases.Product"/>
  <system-out>
Click to see Screenshot <a target="_blank" href=Fri_Aug_28_11_53_41_IST_2020.jpg>Screenshot</a> <br> <br> <a target="_blank" href=Fri_Aug_28_11_53_41_IST_2020.jpg><img src=Fri_Aug_28_11_53_41_IST_2020.jpg height=200 width=200></img></a>  </system-out>
  <testcase name="MyQuotesComments_Collapse" time="15.576" classname="com.OSMOSE.testcases.Product"/>
  <system-out>
Click to see Screenshot <a target="_blank" href=Fri_Aug_28_11_53_57_IST_2020.jpg>Screenshot</a> <br> <br> <a target="_blank" href=Fri_Aug_28_11_53_57_IST_2020.jpg><img src=Fri_Aug_28_11_53_57_IST_2020.jpg height=200 width=200></img></a>  </system-out>
  <testcase name="verifyTheSearch" classname="com.OSMOSE.testcases.Product">
    <skipped/>
  </testcase> <!-- verifyTheSearch -->
  <system-out/>
  <testcase name="SubmitQuotewithNegativeExpireDays" classname="com.OSMOSE.testcases.Product">
    <skipped/>
  </testcase> <!-- SubmitQuotewithNegativeExpireDays -->
  <system-out/>
  <testcase name="verifyTheProductCart" classname="com.OSMOSE.testcases.Product">
    <skipped/>
  </testcase> <!-- verifyTheProductCart -->
  <system-out/>
</testsuite> <!-- com.OSMOSE.testcases.Product -->
