<?xml version="1.0" encoding="UTF-8"?>
<!-- Generated by org.testng.reporters.JUnitReportReporter -->
<testsuite skipped="6" hostname="5CG6323N27" name="com.OSMOSE.testcases.Contact" tests="26" failures="0" timestamp="2020-11-25T12:47:38 IST" time="152.177" errors="1">
  <testcase name="verifyContactUsMenuContents" time="0.305" classname="com.OSMOSE.testcases.Contact"/>
  <system-out>
Click to see Screenshot <a target="_blank" href=Wed_Nov_25_12_44_54_IST_2020.jpg>Screenshot</a> <br> <br> <a target="_blank" href=Wed_Nov_25_12_44_54_IST_2020.jpg><img src=Wed_Nov_25_12_44_54_IST_2020.jpg height=200 width=200></img></a>  </system-out>
  <testcase name="verifyPresenceOfProjectGroup" time="3.148" classname="com.OSMOSE.testcases.Contact"/>
  <system-out>
Click to see Screenshot <a target="_blank" href=Wed_Nov_25_12_44_58_IST_2020.jpg>Screenshot</a> <br> <br> <a target="_blank" href=Wed_Nov_25_12_44_58_IST_2020.jpg><img src=Wed_Nov_25_12_44_58_IST_2020.jpg height=200 width=200></img></a>  </system-out>
  <testcase name="verifyCityOfColumbiaContactCardContents" time="9.716" classname="com.OSMOSE.testcases.Contact"/>
  <system-out>
Click to see Screenshot <a target="_blank" href=Wed_Nov_25_12_45_08_IST_2020.jpg>Screenshot</a> <br> <br> <a target="_blank" href=Wed_Nov_25_12_45_08_IST_2020.jpg><img src=Wed_Nov_25_12_45_08_IST_2020.jpg height=200 width=200></img></a>  </system-out>
  <testcase name="verifyGeorgiaPowerCompanyContactCardContents" time="6.580" classname="com.OSMOSE.testcases.Contact">
    <error type="org.openqa.selenium.ElementClickInterceptedException" message="element click intercepted: Element &lt;span class=&quot;cnText&quot;&gt;...&lt;/span&gt; is not clickable at point (1024, 20). Other element would receive the click: &lt;div data-v-a80ba6a0=&quot;&quot; class=&quot;Oloader&quot; style=&quot;&quot;&gt;...&lt;/div&gt;
  (Session info: chrome=86.0.4240.198)
Build info: version: &#039;3.14.0&#039;, revision: &#039;aacccce0&#039;, time: &#039;2018-08-02T20:19:58.91Z&#039;
System info: host: &#039;5CG6323N27&#039;, ip: &#039;192.168.0.12&#039;, os.name: &#039;Windows 10&#039;, os.arch: &#039;amd64&#039;, os.version: &#039;10.0&#039;, java.version: &#039;1.8.0_191&#039;
Driver info: org.openqa.selenium.chrome.ChromeDriver
Capabilities {acceptInsecureCerts: false, browserName: chrome, browserVersion: 86.0.4240.198, chrome: {chromedriverVersion: 85.0.4183.87 (cd6713ebf92fa..., userDataDir: C:\Windows\Temp\scoped_dir1...}, goog:chromeOptions: {debuggerAddress: localhost:58781}, javascriptEnabled: true, networkConnectionEnabled: false, pageLoadStrategy: none, platform: WINDOWS, platformName: WINDOWS, proxy: Proxy(), setWindowRect: true, strictFileInteractability: false, timeouts: {implicit: 0, pageLoad: 300000, script: 30000}, unhandledPromptBehavior: dismiss and notify, webauthn:virtualAuthenticators: true}
Session ID: 62d90346302a2fb27a3f88418779fc5e">
      <![CDATA[org.openqa.selenium.ElementClickInterceptedException: element click intercepted: Element <span class="cnText">...</span> is not clickable at point (1024, 20). Other element would receive the click: <div data-v-a80ba6a0="" class="Oloader" style="">...</div>
  (Session info: chrome=86.0.4240.198)
Build info: version: '3.14.0', revision: 'aacccce0', time: '2018-08-02T20:19:58.91Z'
System info: host: '5CG6323N27', ip: '192.168.0.12', os.name: 'Windows 10', os.arch: 'amd64', os.version: '10.0', java.version: '1.8.0_191'
Driver info: org.openqa.selenium.chrome.ChromeDriver
Capabilities {acceptInsecureCerts: false, browserName: chrome, browserVersion: 86.0.4240.198, chrome: {chromedriverVersion: 85.0.4183.87 (cd6713ebf92fa..., userDataDir: C:\Windows\Temp\scoped_dir1...}, goog:chromeOptions: {debuggerAddress: localhost:58781}, javascriptEnabled: true, networkConnectionEnabled: false, pageLoadStrategy: none, platform: WINDOWS, platformName: WINDOWS, proxy: Proxy(), setWindowRect: true, strictFileInteractability: false, timeouts: {implicit: 0, pageLoad: 300000, script: 30000}, unhandledPromptBehavior: dismiss and notify, webauthn:virtualAuthenticators: true}
Session ID: 62d90346302a2fb27a3f88418779fc5e
at sun.reflect.NativeConstructorAccessorImpl.newInstance0(Native Method)
at sun.reflect.NativeConstructorAccessorImpl.newInstance(Unknown Source)
at sun.reflect.DelegatingConstructorAccessorImpl.newInstance(Unknown Source)
at java.lang.reflect.Constructor.newInstance(Unknown Source)
at org.openqa.selenium.remote.http.W3CHttpResponseCodec.createException(W3CHttpResponseCodec.java:187)
at org.openqa.selenium.remote.http.W3CHttpResponseCodec.decode(W3CHttpResponseCodec.java:122)
at org.openqa.selenium.remote.http.W3CHttpResponseCodec.decode(W3CHttpResponseCodec.java:49)
at org.openqa.selenium.remote.HttpCommandExecutor.execute(HttpCommandExecutor.java:158)
at org.openqa.selenium.remote.service.DriverCommandExecutor.execute(DriverCommandExecutor.java:83)
at org.openqa.selenium.remote.RemoteWebDriver.execute(RemoteWebDriver.java:548)
at org.openqa.selenium.remote.RemoteWebElement.execute(RemoteWebElement.java:276)
at org.openqa.selenium.remote.RemoteWebElement.click(RemoteWebElement.java:83)
at com.OSMOSE.base.Page.click(Page.java:183)
at com.OSMOSE.pages.OU.ContactPage.clickContactUsMainMenudd(ContactPage.java:10)
at com.OSMOSE.testcases.Contact.verifyGeorgiaPowerCompanyContactCardContents(Contact.java:52)
at sun.reflect.NativeMethodAccessorImpl.invoke0(Native Method)
at sun.reflect.NativeMethodAccessorImpl.invoke(Unknown Source)
at sun.reflect.DelegatingMethodAccessorImpl.invoke(Unknown Source)
at java.lang.reflect.Method.invoke(Unknown Source)
at org.testng.internal.MethodInvocationHelper.invokeMethod(MethodInvocationHelper.java:134)
at org.testng.internal.TestInvoker.invokeMethod(TestInvoker.java:597)
at org.testng.internal.TestInvoker.invokeTestMethod(TestInvoker.java:173)
at org.testng.internal.MethodRunner.runInSequence(MethodRunner.java:46)
at org.testng.internal.TestInvoker$MethodInvocationAgent.invoke(TestInvoker.java:816)
at org.testng.internal.TestInvoker.invokeTestMethods(TestInvoker.java:146)
at org.testng.internal.TestMethodWorker.invokeTestMethods(TestMethodWorker.java:146)
at org.testng.internal.TestMethodWorker.run(TestMethodWorker.java:128)
at java.util.ArrayList.forEach(Unknown Source)
at org.testng.TestRunner.privateRun(TestRunner.java:766)
at org.testng.TestRunner.run(TestRunner.java:587)
at org.testng.SuiteRunner.runTest(SuiteRunner.java:384)
at org.testng.SuiteRunner.runSequentially(SuiteRunner.java:378)
at org.testng.SuiteRunner.privateRun(SuiteRunner.java:337)
at org.testng.SuiteRunner.run(SuiteRunner.java:286)
at org.testng.SuiteRunnerWorker.runSuite(SuiteRunnerWorker.java:53)
at org.testng.SuiteRunnerWorker.run(SuiteRunnerWorker.java:96)
at org.testng.TestNG.runSuitesSequentially(TestNG.java:1187)
at org.testng.TestNG.runSuitesLocally(TestNG.java:1109)
at org.testng.TestNG.runSuites(TestNG.java:1039)
at org.testng.TestNG.run(TestNG.java:1007)
at org.testng.remote.AbstractRemoteTestNG.run(AbstractRemoteTestNG.java:115)
at org.testng.remote.RemoteTestNG.initAndRun(RemoteTestNG.java:251)
at org.testng.remote.RemoteTestNG.main(RemoteTestNG.java:77)
]]>
    </error>
  </testcase> <!-- verifyGeorgiaPowerCompanyContactCardContents -->
  <system-out>
Click to see Screenshot <a target="_blank" href=Wed_Nov_25_12_45_15_IST_2020.jpg>Screenshot</a> <br> <br> <a target="_blank" href=Wed_Nov_25_12_45_15_IST_2020.jpg><img src=Wed_Nov_25_12_45_15_IST_2020.jpg height=200 width=200></img></a>  </system-out>
  <testcase name="verifyGrandElectricContactCardContents" time="13.550" classname="com.OSMOSE.testcases.Contact"/>
  <system-out>
Click to see Screenshot <a target="_blank" href=Wed_Nov_25_12_45_29_IST_2020.jpg>Screenshot</a> <br> <br> <a target="_blank" href=Wed_Nov_25_12_45_29_IST_2020.jpg><img src=Wed_Nov_25_12_45_29_IST_2020.jpg height=200 width=200></img></a>  </system-out>
  <testcase name="verifyIdahoPowerInspectionContactCardContents" time="12.488" classname="com.OSMOSE.testcases.Contact"/>
  <system-out>
Click to see Screenshot <a target="_blank" href=Wed_Nov_25_12_45_42_IST_2020.jpg>Screenshot</a> <br> <br> <a target="_blank" href=Wed_Nov_25_12_45_42_IST_2020.jpg><img src=Wed_Nov_25_12_45_42_IST_2020.jpg height=200 width=200></img></a>  </system-out>
  <testcase name="verifyIdahoPowerRestorationContactCardContents" time="11.338" classname="com.OSMOSE.testcases.Contact"/>
  <system-out>
Click to see Screenshot <a target="_blank" href=Wed_Nov_25_12_45_54_IST_2020.jpg>Screenshot</a> <br> <br> <a target="_blank" href=Wed_Nov_25_12_45_54_IST_2020.jpg><img src=Wed_Nov_25_12_45_54_IST_2020.jpg height=200 width=200></img></a>  </system-out>
  <testcase name="verifyOncurDistributionContactCardContents" time="12.414" classname="com.OSMOSE.testcases.Contact"/>
  <system-out>
Click to see Screenshot <a target="_blank" href=Wed_Nov_25_12_46_07_IST_2020.jpg>Screenshot</a> <br> <br> <a target="_blank" href=Wed_Nov_25_12_46_07_IST_2020.jpg><img src=Wed_Nov_25_12_46_07_IST_2020.jpg height=200 width=200></img></a>  </system-out>
  <testcase name="verifyPacificGasAndElectricCoContactCardContents" time="12.392" classname="com.OSMOSE.testcases.Contact"/>
  <system-out>
Click to see Screenshot <a target="_blank" href=Wed_Nov_25_12_46_20_IST_2020.jpg>Screenshot</a> <br> <br> <a target="_blank" href=Wed_Nov_25_12_46_20_IST_2020.jpg><img src=Wed_Nov_25_12_46_20_IST_2020.jpg height=200 width=200></img></a>  </system-out>
  <testcase name="verifyPedernalesElecCoopContactCardContents" time="12.417" classname="com.OSMOSE.testcases.Contact"/>
  <system-out>
Click to see Screenshot <a target="_blank" href=Wed_Nov_25_12_46_33_IST_2020.jpg>Screenshot</a> <br> <br> <a target="_blank" href=Wed_Nov_25_12_46_33_IST_2020.jpg><img src=Wed_Nov_25_12_46_33_IST_2020.jpg height=200 width=200></img></a>  </system-out>
  <testcase name="verifyPugetSoundEnergyInspectionContactCardContents" time="12.429" classname="com.OSMOSE.testcases.Contact"/>
  <system-out>
Click to see Screenshot <a target="_blank" href=Wed_Nov_25_12_46_46_IST_2020.jpg>Screenshot</a> <br> <br> <a target="_blank" href=Wed_Nov_25_12_46_46_IST_2020.jpg><img src=Wed_Nov_25_12_46_46_IST_2020.jpg height=200 width=200></img></a>  </system-out>
  <testcase name="verifyPugetSoundEnergyRestorationContactCardContents" time="11.337" classname="com.OSMOSE.testcases.Contact"/>
  <system-out>
Click to see Screenshot <a target="_blank" href=Wed_Nov_25_12_46_58_IST_2020.jpg>Screenshot</a> <br> <br> <a target="_blank" href=Wed_Nov_25_12_46_58_IST_2020.jpg><img src=Wed_Nov_25_12_46_58_IST_2020.jpg height=200 width=200></img></a>  </system-out>
  <testcase name="verifyContactUsHeaderContents" time="2.290" classname="com.OSMOSE.testcases.Contact"/>
  <system-out>
Click to see Screenshot <a target="_blank" href=Wed_Nov_25_12_47_00_IST_2020.jpg>Screenshot</a> <br> <br> <a target="_blank" href=Wed_Nov_25_12_47_00_IST_2020.jpg><img src=Wed_Nov_25_12_47_00_IST_2020.jpg height=200 width=200></img></a>  </system-out>
  <testcase name="verifyContactUsClickOnGoogleMap" time="31.061" classname="com.OSMOSE.testcases.Contact"/>
  <system-out>
Click to see Screenshot <a target="_blank" href=Wed_Nov_25_12_47_32_IST_2020.jpg>Screenshot</a> <br> <br> <a target="_blank" href=Wed_Nov_25_12_47_32_IST_2020.jpg><img src=Wed_Nov_25_12_47_32_IST_2020.jpg height=200 width=200></img></a>  </system-out>
  <testcase name="verifyContactUsGeneralInquiriesContents" time="0.048" classname="com.OSMOSE.testcases.Contact"/>
  <system-out>
Click to see Screenshot <a target="_blank" href=Wed_Nov_25_12_47_32_IST_2020.jpg>Screenshot</a> <br> <br> <a target="_blank" href=Wed_Nov_25_12_47_32_IST_2020.jpg><img src=Wed_Nov_25_12_47_32_IST_2020.jpg height=200 width=200></img></a>  </system-out>
  <testcase name="verifyContactUsSalesProductsContents" time="0.089" classname="com.OSMOSE.testcases.Contact"/>
  <system-out>
Click to see Screenshot <a target="_blank" href=Wed_Nov_25_12_47_33_IST_2020.jpg>Screenshot</a> <br> <br> <a target="_blank" href=Wed_Nov_25_12_47_33_IST_2020.jpg><img src=Wed_Nov_25_12_47_33_IST_2020.jpg height=200 width=200></img></a>  </system-out>
  <testcase name="verifyContactUsSalesServicesContents" time="0.104" classname="com.OSMOSE.testcases.Contact"/>
  <system-out>
Click to see Screenshot <a target="_blank" href=Wed_Nov_25_12_47_33_IST_2020.jpg>Screenshot</a> <br> <br> <a target="_blank" href=Wed_Nov_25_12_47_33_IST_2020.jpg><img src=Wed_Nov_25_12_47_33_IST_2020.jpg height=200 width=200></img></a>  </system-out>
  <testcase name="verifyContactUsOCalcProContents" time="0.077" classname="com.OSMOSE.testcases.Contact"/>
  <system-out>
Click to see Screenshot <a target="_blank" href=Wed_Nov_25_12_47_34_IST_2020.jpg>Screenshot</a> <br> <br> <a target="_blank" href=Wed_Nov_25_12_47_34_IST_2020.jpg><img src=Wed_Nov_25_12_47_34_IST_2020.jpg height=200 width=200></img></a>  </system-out>
  <testcase name="verifyContactUsQueryFormContents" time="0.295" classname="com.OSMOSE.testcases.Contact"/>
  <system-out>
Click to see Screenshot <a target="_blank" href=Wed_Nov_25_12_47_35_IST_2020.jpg>Screenshot</a> <br> <br> <a target="_blank" href=Wed_Nov_25_12_47_35_IST_2020.jpg><img src=Wed_Nov_25_12_47_35_IST_2020.jpg height=200 width=200></img></a>  </system-out>
  <testcase name="verifyFormSubmissionErrorMessage" time="0.099" classname="com.OSMOSE.testcases.Contact"/>
  <system-out>
Click to see Screenshot <a target="_blank" href=Wed_Nov_25_12_47_35_IST_2020.jpg>Screenshot</a> <br> <br> <a target="_blank" href=Wed_Nov_25_12_47_35_IST_2020.jpg><img src=Wed_Nov_25_12_47_35_IST_2020.jpg height=200 width=200></img></a>  </system-out>
  <testcase name="verifyFormSubmissionWith_Other" classname="com.OSMOSE.testcases.Contact">
    <skipped/>
  </testcase> <!-- verifyFormSubmissionWith_Other -->
  <system-out/>
  <testcase name="verifyFormSubmissionWith_TechnicalSupport" classname="com.OSMOSE.testcases.Contact">
    <skipped/>
  </testcase> <!-- verifyFormSubmissionWith_TechnicalSupport -->
  <system-out/>
  <testcase name="verifyFormSubmissionWith_RequestForInformation" classname="com.OSMOSE.testcases.Contact">
    <skipped/>
  </testcase> <!-- verifyFormSubmissionWith_RequestForInformation -->
  <system-out/>
  <testcase name="verifyFormSubmissionThankYouPopUp" classname="com.OSMOSE.testcases.Contact">
    <skipped/>
  </testcase> <!-- verifyFormSubmissionThankYouPopUp -->
  <system-out/>
  <testcase name="verifyFormSubmissionWith_ProjectSupport" classname="com.OSMOSE.testcases.Contact">
    <skipped/>
  </testcase> <!-- verifyFormSubmissionWith_ProjectSupport -->
  <system-out/>
  <testcase name="verifyClickOnBackButton" classname="com.OSMOSE.testcases.Contact">
    <skipped/>
  </testcase> <!-- verifyClickOnBackButton -->
  <system-out/>
</testsuite> <!-- com.OSMOSE.testcases.Contact -->
