<?xml version="1.0" encoding="UTF-8"?>
<!-- Generated by org.testng.reporters.JUnitReportReporter -->
<testsuite skipped="5" hostname="5CG6323N27" name="com.OSMOSE.testcases.OULogin" tests="23" failures="0" timestamp="2020-09-08T20:29:41 IST" time="163.340" errors="0">
  <testcase name="loginTest" time="16.845" classname="com.OSMOSE.testcases.OULogin"/>
  <system-out>
Click to see Screenshot <a target="_blank" href=Tue_Sep_08_20_21_11_IST_2020.jpg>Screenshot</a> <br> <br> <a target="_blank" href=Tue_Sep_08_20_21_11_IST_2020.jpg><img src=Tue_Sep_08_20_21_11_IST_2020.jpg height=200 width=200></img></a>  </system-out>
  <testcase name="verifyOUCard" time="3.500" classname="com.OSMOSE.testcases.OULogin"/>
  <system-out>
Click to see Screenshot <a target="_blank" href=Tue_Sep_08_20_21_15_IST_2020.jpg>Screenshot</a> <br> <br> <a target="_blank" href=Tue_Sep_08_20_21_15_IST_2020.jpg><img src=Tue_Sep_08_20_21_15_IST_2020.jpg height=200 width=200></img></a>  </system-out>
  <testcase name="verifyKnowledgeBaseCard" time="0.372" classname="com.OSMOSE.testcases.OULogin"/>
  <system-out>
Click to see Screenshot <a target="_blank" href=Tue_Sep_08_20_21_16_IST_2020.jpg>Screenshot</a> <br> <br> <a target="_blank" href=Tue_Sep_08_20_21_16_IST_2020.jpg><img src=Tue_Sep_08_20_21_16_IST_2020.jpg height=200 width=200></img></a>  </system-out>
  <testcase name="verifyProductCard" time="0.121" classname="com.OSMOSE.testcases.OULogin"/>
  <system-out>
Click to see Screenshot <a target="_blank" href=Tue_Sep_08_20_21_17_IST_2020.jpg>Screenshot</a> <br> <br> <a target="_blank" href=Tue_Sep_08_20_21_17_IST_2020.jpg><img src=Tue_Sep_08_20_21_17_IST_2020.jpg height=200 width=200></img></a>  </system-out>
  <testcase name="verifyContactUs" time="0.032" classname="com.OSMOSE.testcases.OULogin"/>
  <system-out>
Click to see Screenshot <a target="_blank" href=Tue_Sep_08_20_21_17_IST_2020.jpg>Screenshot</a> <br> <br> <a target="_blank" href=Tue_Sep_08_20_21_17_IST_2020.jpg><img src=Tue_Sep_08_20_21_17_IST_2020.jpg height=200 width=200></img></a>  </system-out>
  <testcase name="verifyHyperlinks" time="0.116" classname="com.OSMOSE.testcases.OULogin"/>
  <system-out>
Click to see Screenshot <a target="_blank" href=Tue_Sep_08_20_21_18_IST_2020.jpg>Screenshot</a> <br> <br> <a target="_blank" href=Tue_Sep_08_20_21_18_IST_2020.jpg><img src=Tue_Sep_08_20_21_18_IST_2020.jpg height=200 width=200></img></a>  </system-out>
  <testcase name="verifyVideoLinks" time="0.065" classname="com.OSMOSE.testcases.OULogin"/>
  <system-out>
Click to see Screenshot <a target="_blank" href=Tue_Sep_08_20_21_18_IST_2020.jpg>Screenshot</a> <br> <br> <a target="_blank" href=Tue_Sep_08_20_21_18_IST_2020.jpg><img src=Tue_Sep_08_20_21_18_IST_2020.jpg height=200 width=200></img></a>  </system-out>
  <testcase name="verifyOsmoseUniversityNavigationClick" time="15.261" classname="com.OSMOSE.testcases.OULogin"/>
  <system-out>
Click to see Screenshot <a target="_blank" href=Tue_Sep_08_20_21_34_IST_2020.jpg>Screenshot</a> <br> <br> <a target="_blank" href=Tue_Sep_08_20_21_34_IST_2020.jpg><img src=Tue_Sep_08_20_21_34_IST_2020.jpg height=200 width=200></img></a>  </system-out>
  <testcase name="verifyLiveEventCLick" time="12.236" classname="com.OSMOSE.testcases.OULogin"/>
  <system-out>
Click to see Screenshot <a target="_blank" href=Tue_Sep_08_20_21_47_IST_2020.jpg>Screenshot</a> <br> <br> <a target="_blank" href=Tue_Sep_08_20_21_47_IST_2020.jpg><img src=Tue_Sep_08_20_21_47_IST_2020.jpg height=200 width=200></img></a>  </system-out>
  <testcase name="verifyWebinarsClick" time="12.254" classname="com.OSMOSE.testcases.OULogin"/>
  <system-out>
Click to see Screenshot <a target="_blank" href=Tue_Sep_08_20_22_00_IST_2020.jpg>Screenshot</a> <br> <br> <a target="_blank" href=Tue_Sep_08_20_22_00_IST_2020.jpg><img src=Tue_Sep_08_20_22_00_IST_2020.jpg height=200 width=200></img></a>  </system-out>
  <testcase name="verifyOCalcClick" time="12.251" classname="com.OSMOSE.testcases.OULogin"/>
  <system-out>
Click to see Screenshot <a target="_blank" href=Tue_Sep_08_20_22_13_IST_2020.jpg>Screenshot</a> <br> <br> <a target="_blank" href=Tue_Sep_08_20_22_13_IST_2020.jpg><img src=Tue_Sep_08_20_22_13_IST_2020.jpg height=200 width=200></img></a>  </system-out>
  <testcase name="clickOnOuLink" time="12.197" classname="com.OSMOSE.testcases.OULogin"/>
  <system-out>
Click to see Screenshot <a target="_blank" href=Tue_Sep_08_20_22_25_IST_2020.jpg>Screenshot</a> <br> <br> <a target="_blank" href=Tue_Sep_08_20_22_25_IST_2020.jpg><img src=Tue_Sep_08_20_22_25_IST_2020.jpg height=200 width=200></img></a>  </system-out>
  <testcase name="verifyLiveEventsSTS" time="13.299" classname="com.OSMOSE.testcases.OULogin"/>
  <system-out>
Click to see Screenshot <a target="_blank" href=Tue_Sep_08_20_22_39_IST_2020.jpg>Screenshot</a> <br> <br> <a target="_blank" href=Tue_Sep_08_20_22_39_IST_2020.jpg><img src=Tue_Sep_08_20_22_39_IST_2020.jpg height=200 width=200></img></a>  </system-out>
  <testcase name="verifyLiveEventsJUS" time="13.002" classname="com.OSMOSE.testcases.OULogin"/>
  <system-out>
Click to see Screenshot <a target="_blank" href=Tue_Sep_08_20_22_53_IST_2020.jpg>Screenshot</a> <br> <br> <a target="_blank" href=Tue_Sep_08_20_22_53_IST_2020.jpg><img src=Tue_Sep_08_20_22_53_IST_2020.jpg height=200 width=200></img></a>  </system-out>
  <testcase name="verifyLiveEventsWPTS" time="12.980" classname="com.OSMOSE.testcases.OULogin"/>
  <system-out>
Click to see Screenshot <a target="_blank" href=Tue_Sep_08_20_23_06_IST_2020.jpg>Screenshot</a> <br> <br> <a target="_blank" href=Tue_Sep_08_20_23_06_IST_2020.jpg><img src=Tue_Sep_08_20_23_06_IST_2020.jpg height=200 width=200></img></a>  </system-out>
  <testcase name="verifyDETAILSANDREGISTRATION" time="13.290" classname="com.OSMOSE.testcases.OULogin"/>
  <system-out>
Click to see Screenshot <a target="_blank" href=Tue_Sep_08_20_23_20_IST_2020.jpg>Screenshot</a> <br> <br> <a target="_blank" href=Tue_Sep_08_20_23_20_IST_2020.jpg><img src=Tue_Sep_08_20_23_20_IST_2020.jpg height=200 width=200></img></a>  </system-out>
  <testcase name="verifyClickingTheWebinars" time="12.193" classname="com.OSMOSE.testcases.OULogin"/>
  <system-out>
Click to see Screenshot <a target="_blank" href=Tue_Sep_08_20_23_32_IST_2020.jpg>Screenshot</a> <br> <br> <a target="_blank" href=Tue_Sep_08_20_23_32_IST_2020.jpg><img src=Tue_Sep_08_20_23_32_IST_2020.jpg height=200 width=200></img></a>  </system-out>
  <testcase name="verifyOClacTrainingButton" time="13.326" classname="com.OSMOSE.testcases.OULogin"/>
  <system-out>
Click to see Screenshot <a target="_blank" href=Tue_Sep_08_20_23_46_IST_2020.jpg>Screenshot</a> <br> <br> <a target="_blank" href=Tue_Sep_08_20_23_46_IST_2020.jpg><img src=Tue_Sep_08_20_23_46_IST_2020.jpg height=200 width=200></img></a>  </system-out>
  <testcase name="verifyContactAndStray" classname="com.OSMOSE.testcases.OULogin">
    <skipped/>
  </testcase> <!-- verifyContactAndStray -->
  <system-out/>
  <testcase name="verifySteelStructuresProtected" classname="com.OSMOSE.testcases.OULogin">
    <skipped/>
  </testcase> <!-- verifySteelStructuresProtected -->
  <system-out/>
  <testcase name="steelStructuresProtectedMOREINFOREGISTRATION" classname="com.OSMOSE.testcases.OULogin">
    <skipped/>
  </testcase> <!-- steelStructuresProtectedMOREINFOREGISTRATION -->
  <system-out/>
  <testcase name="verifyUpcomingWebinarsPage" classname="com.OSMOSE.testcases.OULogin">
    <skipped/>
  </testcase> <!-- verifyUpcomingWebinarsPage -->
  <system-out/>
  <testcase name="ContactAndStrayMOREINFOREGISTRATION" classname="com.OSMOSE.testcases.OULogin">
    <skipped/>
  </testcase> <!-- ContactAndStrayMOREINFOREGISTRATION -->
  <system-out/>
</testsuite> <!-- com.OSMOSE.testcases.OULogin -->
