<?xml version="1.0" encoding="UTF-8"?>
<!-- Generated by org.testng.reporters.JUnitReportReporter -->
<testsuite skipped="0" hostname="5CG6323N27" name="com.OSMOSE.testcases.JointUse_ts_DataProcessor" tests="15" failures="0" timestamp="2021-01-13T16:19:40 IST" time="54.759" errors="0">
  <testcase name="jointUseloginDataProcessor" time="20.741" classname="com.OSMOSE.testcases.JointUse_ts_DataProcessor"/>
  <system-out>
Click to see Screenshot <a target="_blank" href=Wed_Jan_13_16_18_56_IST_2021.jpg>Screenshot</a> <br> <br> <a target="_blank" href=Wed_Jan_13_16_18_56_IST_2021.jpg><img src=Wed_Jan_13_16_18_56_IST_2021.jpg height=200 width=200></img></a>  </system-out>
  <testcase name="verifyJointUseNavigationClick" time="21.788" classname="com.OSMOSE.testcases.JointUse_ts_DataProcessor"/>
  <system-out>
Click to see Screenshot <a target="_blank" href=Wed_Jan_13_16_19_19_IST_2021.jpg>Screenshot</a> <br> <br> <a target="_blank" href=Wed_Jan_13_16_19_19_IST_2021.jpg><img src=Wed_Jan_13_16_19_19_IST_2021.jpg height=200 width=200></img></a>  </system-out>
  <testcase name="verifyHorizontalCollapseFunctionality" time="5.218" classname="com.OSMOSE.testcases.JointUse_ts_DataProcessor"/>
  <system-out>
Click to see Screenshot <a target="_blank" href=Wed_Jan_13_16_19_25_IST_2021.jpg>Screenshot</a> <br> <br> <a target="_blank" href=Wed_Jan_13_16_19_25_IST_2021.jpg><img src=Wed_Jan_13_16_19_25_IST_2021.jpg height=200 width=200></img></a>  </system-out>
  <testcase name="verifyVerticalCollapseFunctionality" time="0.172" classname="com.OSMOSE.testcases.JointUse_ts_DataProcessor"/>
  <system-out>
Click to see Screenshot <a target="_blank" href=Wed_Jan_13_16_19_25_IST_2021.jpg>Screenshot</a> <br> <br> <a target="_blank" href=Wed_Jan_13_16_19_25_IST_2021.jpg><img src=Wed_Jan_13_16_19_25_IST_2021.jpg height=200 width=200></img></a>  </system-out>
  <testcase name="verifyAddWidgets" time="0.059" classname="com.OSMOSE.testcases.JointUse_ts_DataProcessor"/>
  <system-out>
Click to see Screenshot <a target="_blank" href=Wed_Jan_13_16_19_26_IST_2021.jpg>Screenshot</a> <br> <br> <a target="_blank" href=Wed_Jan_13_16_19_26_IST_2021.jpg><img src=Wed_Jan_13_16_19_26_IST_2021.jpg height=200 width=200></img></a>  </system-out>
  <testcase name="verifyEditLayout" time="0.110" classname="com.OSMOSE.testcases.JointUse_ts_DataProcessor"/>
  <system-out>
Click to see Screenshot <a target="_blank" href=Wed_Jan_13_16_19_26_IST_2021.jpg>Screenshot</a> <br> <br> <a target="_blank" href=Wed_Jan_13_16_19_26_IST_2021.jpg><img src=Wed_Jan_13_16_19_26_IST_2021.jpg height=200 width=200></img></a>  </system-out>
  <testcase name="verifyNewApplication" time="0.733" classname="com.OSMOSE.testcases.JointUse_ts_DataProcessor"/>
  <system-out>
Click to see Screenshot <a target="_blank" href=Wed_Jan_13_16_19_27_IST_2021.jpg>Screenshot</a> <br> <br> <a target="_blank" href=Wed_Jan_13_16_19_27_IST_2021.jpg><img src=Wed_Jan_13_16_19_27_IST_2021.jpg height=200 width=200></img></a>  </system-out>
  <testcase name="verifyExportOptions" time="0.141" classname="com.OSMOSE.testcases.JointUse_ts_DataProcessor"/>
  <system-out>
Click to see Screenshot <a target="_blank" href=Wed_Jan_13_16_19_28_IST_2021.jpg>Screenshot</a> <br> <br> <a target="_blank" href=Wed_Jan_13_16_19_28_IST_2021.jpg><img src=Wed_Jan_13_16_19_28_IST_2021.jpg height=200 width=200></img></a>  </system-out>
  <testcase name="verifySearchBox" time="0.068" classname="com.OSMOSE.testcases.JointUse_ts_DataProcessor"/>
  <system-out>
Click to see Screenshot <a target="_blank" href=Wed_Jan_13_16_19_28_IST_2021.jpg>Screenshot</a> <br> <br> <a target="_blank" href=Wed_Jan_13_16_19_28_IST_2021.jpg><img src=Wed_Jan_13_16_19_28_IST_2021.jpg height=200 width=200></img></a>  </system-out>
  <testcase name="verifyRefreshBtn" time="0.032" classname="com.OSMOSE.testcases.JointUse_ts_DataProcessor"/>
  <system-out>
Click to see Screenshot <a target="_blank" href=Wed_Jan_13_16_19_29_IST_2021.jpg>Screenshot</a> <br> <br> <a target="_blank" href=Wed_Jan_13_16_19_29_IST_2021.jpg><img src=Wed_Jan_13_16_19_29_IST_2021.jpg height=200 width=200></img></a>  </system-out>
  <testcase name="verifyRowsCount" time="0.099" classname="com.OSMOSE.testcases.JointUse_ts_DataProcessor"/>
  <system-out>
Click to see Screenshot <a target="_blank" href=Wed_Jan_13_16_19_29_IST_2021.jpg>Screenshot</a> <br> <br> <a target="_blank" href=Wed_Jan_13_16_19_29_IST_2021.jpg><img src=Wed_Jan_13_16_19_29_IST_2021.jpg height=200 width=200></img></a>  </system-out>
  <testcase name="verifyColumns" time="2.230" classname="com.OSMOSE.testcases.JointUse_ts_DataProcessor"/>
  <system-out>
Click to see Screenshot <a target="_blank" href=Wed_Jan_13_16_19_32_IST_2021.jpg>Screenshot</a> <br> <br> <a target="_blank" href=Wed_Jan_13_16_19_32_IST_2021.jpg><img src=Wed_Jan_13_16_19_32_IST_2021.jpg height=200 width=200></img></a>  </system-out>
  <testcase name="verifySelectAllFunctionality" time="2.228" classname="com.OSMOSE.testcases.JointUse_ts_DataProcessor"/>
  <system-out>
Click to see Screenshot <a target="_blank" href=Wed_Jan_13_16_19_34_IST_2021.jpg>Screenshot</a> <br> <br> <a target="_blank" href=Wed_Jan_13_16_19_34_IST_2021.jpg><img src=Wed_Jan_13_16_19_34_IST_2021.jpg height=200 width=200></img></a>  </system-out>
  <testcase name="verifyAddWidgetClick" time="0.491" classname="com.OSMOSE.testcases.JointUse_ts_DataProcessor"/>
  <system-out>
Click to see Screenshot <a target="_blank" href=Wed_Jan_13_16_19_35_IST_2021.jpg>Screenshot</a> <br> <br> <a target="_blank" href=Wed_Jan_13_16_19_35_IST_2021.jpg><img src=Wed_Jan_13_16_19_35_IST_2021.jpg height=200 width=200></img></a>  </system-out>
  <testcase name="verifyEditWidgetClick" time="0.649" classname="com.OSMOSE.testcases.JointUse_ts_DataProcessor"/>
  <system-out>
Click to see Screenshot <a target="_blank" href=Wed_Jan_13_16_19_36_IST_2021.jpg>Screenshot</a> <br> <br> <a target="_blank" href=Wed_Jan_13_16_19_36_IST_2021.jpg><img src=Wed_Jan_13_16_19_36_IST_2021.jpg height=200 width=200></img></a>  </system-out>
</testsuite> <!-- com.OSMOSE.testcases.JointUse_ts_DataProcessor -->
