<?xml version="1.0" encoding="UTF-8"?>
<!-- Generated by org.testng.reporters.JUnitReportReporter -->
<testsuite skipped="5" hostname="5CG6323N27" name="com.OSMOSE.testcases.OULogin" tests="29" failures="0" timestamp="2020-09-29T13:22:39 IST" time="289.307" errors="0">
  <testcase name="verifyOUCard" time="3.670" classname="com.OSMOSE.testcases.OULogin"/>
  <system-out>
Click to see Screenshot <a target="_blank" href=Tue_Sep_29_13_17_38_IST_2020.jpg>Screenshot</a> <br> <br> <a target="_blank" href=Tue_Sep_29_13_17_38_IST_2020.jpg><img src=Tue_Sep_29_13_17_38_IST_2020.jpg height=200 width=200></img></a>  </system-out>
  <testcase name="verifyKnowledgeBaseCard" time="0.044" classname="com.OSMOSE.testcases.OULogin"/>
  <system-out>
Click to see Screenshot <a target="_blank" href=Tue_Sep_29_13_17_39_IST_2020.jpg>Screenshot</a> <br> <br> <a target="_blank" href=Tue_Sep_29_13_17_39_IST_2020.jpg><img src=Tue_Sep_29_13_17_39_IST_2020.jpg height=200 width=200></img></a>  </system-out>
  <testcase name="verifyProductCard" time="0.039" classname="com.OSMOSE.testcases.OULogin"/>
  <system-out>
Click to see Screenshot <a target="_blank" href=Tue_Sep_29_13_17_39_IST_2020.jpg>Screenshot</a> <br> <br> <a target="_blank" href=Tue_Sep_29_13_17_39_IST_2020.jpg><img src=Tue_Sep_29_13_17_39_IST_2020.jpg height=200 width=200></img></a>  </system-out>
  <testcase name="verifyContactUs" time="0.027" classname="com.OSMOSE.testcases.OULogin"/>
  <system-out>
Click to see Screenshot <a target="_blank" href=Tue_Sep_29_13_17_40_IST_2020.jpg>Screenshot</a> <br> <br> <a target="_blank" href=Tue_Sep_29_13_17_40_IST_2020.jpg><img src=Tue_Sep_29_13_17_40_IST_2020.jpg height=200 width=200></img></a>  </system-out>
  <testcase name="verifyHyperlinks" time="0.078" classname="com.OSMOSE.testcases.OULogin"/>
  <system-out>
Click to see Screenshot <a target="_blank" href=Tue_Sep_29_13_17_40_IST_2020.jpg>Screenshot</a> <br> <br> <a target="_blank" href=Tue_Sep_29_13_17_40_IST_2020.jpg><img src=Tue_Sep_29_13_17_40_IST_2020.jpg height=200 width=200></img></a>  </system-out>
  <testcase name="verifyVideoLinks" time="0.066" classname="com.OSMOSE.testcases.OULogin"/>
  <system-out>
Click to see Screenshot <a target="_blank" href=Tue_Sep_29_13_17_41_IST_2020.jpg>Screenshot</a> <br> <br> <a target="_blank" href=Tue_Sep_29_13_17_41_IST_2020.jpg><img src=Tue_Sep_29_13_17_41_IST_2020.jpg height=200 width=200></img></a>  </system-out>
  <testcase name="verifyOsmoseUniversityNavigationClick" time="13.267" classname="com.OSMOSE.testcases.OULogin"/>
  <system-out>
Click to see Screenshot <a target="_blank" href=Tue_Sep_29_13_17_55_IST_2020.jpg>Screenshot</a> <br> <br> <a target="_blank" href=Tue_Sep_29_13_17_55_IST_2020.jpg><img src=Tue_Sep_29_13_17_55_IST_2020.jpg height=200 width=200></img></a>  </system-out>
  <testcase name="verifyLiveEventCLick" time="12.257" classname="com.OSMOSE.testcases.OULogin"/>
  <system-out>
Click to see Screenshot <a target="_blank" href=Tue_Sep_29_13_18_08_IST_2020.jpg>Screenshot</a> <br> <br> <a target="_blank" href=Tue_Sep_29_13_18_08_IST_2020.jpg><img src=Tue_Sep_29_13_18_08_IST_2020.jpg height=200 width=200></img></a>  </system-out>
  <testcase name="verifyWebinarsClick" time="13.261" classname="com.OSMOSE.testcases.OULogin"/>
  <system-out>
Click to see Screenshot <a target="_blank" href=Tue_Sep_29_13_18_21_IST_2020.jpg>Screenshot</a> <br> <br> <a target="_blank" href=Tue_Sep_29_13_18_21_IST_2020.jpg><img src=Tue_Sep_29_13_18_21_IST_2020.jpg height=200 width=200></img></a>  </system-out>
  <testcase name="verifyOCalcClick" time="12.219" classname="com.OSMOSE.testcases.OULogin"/>
  <system-out>
Click to see Screenshot <a target="_blank" href=Tue_Sep_29_13_18_34_IST_2020.jpg>Screenshot</a> <br> <br> <a target="_blank" href=Tue_Sep_29_13_18_34_IST_2020.jpg><img src=Tue_Sep_29_13_18_34_IST_2020.jpg height=200 width=200></img></a>  </system-out>
  <testcase name="clickOnOuLink" time="12.174" classname="com.OSMOSE.testcases.OULogin"/>
  <system-out>
Click to see Screenshot <a target="_blank" href=Tue_Sep_29_13_18_47_IST_2020.jpg>Screenshot</a> <br> <br> <a target="_blank" href=Tue_Sep_29_13_18_47_IST_2020.jpg><img src=Tue_Sep_29_13_18_47_IST_2020.jpg height=200 width=200></img></a>  </system-out>
  <testcase name="verifyLiveEventsSTS" time="13.228" classname="com.OSMOSE.testcases.OULogin"/>
  <system-out>
Click to see Screenshot <a target="_blank" href=Tue_Sep_29_13_19_01_IST_2020.jpg>Screenshot</a> <br> <br> <a target="_blank" href=Tue_Sep_29_13_19_01_IST_2020.jpg><img src=Tue_Sep_29_13_19_01_IST_2020.jpg height=200 width=200></img></a>  </system-out>
  <testcase name="verifyLiveEventsJUS" time="13.214" classname="com.OSMOSE.testcases.OULogin"/>
  <system-out>
Click to see Screenshot <a target="_blank" href=Tue_Sep_29_13_19_14_IST_2020.jpg>Screenshot</a> <br> <br> <a target="_blank" href=Tue_Sep_29_13_19_14_IST_2020.jpg><img src=Tue_Sep_29_13_19_14_IST_2020.jpg height=200 width=200></img></a>  </system-out>
  <testcase name="verifyLiveEventsWPTS" time="13.641" classname="com.OSMOSE.testcases.OULogin"/>
  <system-out>
Click to see Screenshot <a target="_blank" href=Tue_Sep_29_13_19_28_IST_2020.jpg>Screenshot</a> <br> <br> <a target="_blank" href=Tue_Sep_29_13_19_28_IST_2020.jpg><img src=Tue_Sep_29_13_19_28_IST_2020.jpg height=200 width=200></img></a>  </system-out>
  <testcase name="verifyDETAILSANDREGISTRATION" time="13.242" classname="com.OSMOSE.testcases.OULogin"/>
  <system-out>
Click to see Screenshot <a target="_blank" href=Tue_Sep_29_13_19_42_IST_2020.jpg>Screenshot</a> <br> <br> <a target="_blank" href=Tue_Sep_29_13_19_42_IST_2020.jpg><img src=Tue_Sep_29_13_19_42_IST_2020.jpg height=200 width=200></img></a>  </system-out>
  <testcase name="verifyClickingTheWebinars" time="12.252" classname="com.OSMOSE.testcases.OULogin"/>
  <system-out>
Click to see Screenshot <a target="_blank" href=Tue_Sep_29_13_19_55_IST_2020.jpg>Screenshot</a> <br> <br> <a target="_blank" href=Tue_Sep_29_13_19_55_IST_2020.jpg><img src=Tue_Sep_29_13_19_55_IST_2020.jpg height=200 width=200></img></a>  </system-out>
  <testcase name="verifyOClacTrainingButton" time="13.169" classname="com.OSMOSE.testcases.OULogin"/>
  <system-out>
Click to see Screenshot <a target="_blank" href=Tue_Sep_29_13_20_08_IST_2020.jpg>Screenshot</a> <br> <br> <a target="_blank" href=Tue_Sep_29_13_20_08_IST_2020.jpg><img src=Tue_Sep_29_13_20_08_IST_2020.jpg height=200 width=200></img></a>  </system-out>
  <testcase name="verifySearchWebinarsHistorical" time="18.999" classname="com.OSMOSE.testcases.OULogin"/>
  <system-out>
Click to see Screenshot <a target="_blank" href=Tue_Sep_29_13_20_28_IST_2020.jpg>Screenshot</a> <br> <br> <a target="_blank" href=Tue_Sep_29_13_20_28_IST_2020.jpg><img src=Tue_Sep_29_13_20_28_IST_2020.jpg height=200 width=200></img></a>  </system-out>
  <testcase name="verifyInvalidSearchHistorical" time="13.392" classname="com.OSMOSE.testcases.OULogin"/>
  <system-out>
Click to see Screenshot <a target="_blank" href=Tue_Sep_29_13_20_42_IST_2020.jpg>Screenshot</a> <br> <br> <a target="_blank" href=Tue_Sep_29_13_20_42_IST_2020.jpg><img src=Tue_Sep_29_13_20_42_IST_2020.jpg height=200 width=200></img></a>  </system-out>
  <testcase name="verifySortWebinarsHistorical" time="18.463" classname="com.OSMOSE.testcases.OULogin"/>
  <system-out>
Click to see Screenshot <a target="_blank" href=Tue_Sep_29_13_21_01_IST_2020.jpg>Screenshot</a> <br> <br> <a target="_blank" href=Tue_Sep_29_13_21_01_IST_2020.jpg><img src=Tue_Sep_29_13_21_01_IST_2020.jpg height=200 width=200></img></a>  </system-out>
  <testcase name="verifyClearSearchHistorical" time="18.830" classname="com.OSMOSE.testcases.OULogin"/>
  <system-out>
Click to see Screenshot <a target="_blank" href=Tue_Sep_29_13_21_20_IST_2020.jpg>Screenshot</a> <br> <br> <a target="_blank" href=Tue_Sep_29_13_21_20_IST_2020.jpg><img src=Tue_Sep_29_13_21_20_IST_2020.jpg height=200 width=200></img></a>  </system-out>
  <testcase name="verifyVideoGalleryHistorical" time="26.497" classname="com.OSMOSE.testcases.OULogin"/>
  <system-out>
Click to see Screenshot <a target="_blank" href=Tue_Sep_29_13_21_47_IST_2020.jpg>Screenshot</a> <br> <br> <a target="_blank" href=Tue_Sep_29_13_21_47_IST_2020.jpg><img src=Tue_Sep_29_13_21_47_IST_2020.jpg height=200 width=200></img></a>  </system-out>
  <testcase name="verifyPopularQueriesSearchResults" time="24.510" classname="com.OSMOSE.testcases.OULogin"/>
  <system-out>
Click to see Screenshot <a target="_blank" href=Tue_Sep_29_13_22_12_IST_2020.jpg>Screenshot</a> <br> <br> <a target="_blank" href=Tue_Sep_29_13_22_12_IST_2020.jpg><img src=Tue_Sep_29_13_22_12_IST_2020.jpg height=200 width=200></img></a>  </system-out>
  <testcase name="verifyPopularQueriesReset" time="22.768" classname="com.OSMOSE.testcases.OULogin"/>
  <system-out>
Click to see Screenshot <a target="_blank" href=Tue_Sep_29_13_22_35_IST_2020.jpg>Screenshot</a> <br> <br> <a target="_blank" href=Tue_Sep_29_13_22_35_IST_2020.jpg><img src=Tue_Sep_29_13_22_35_IST_2020.jpg height=200 width=200></img></a>  </system-out>
  <testcase name="verifyContactAndStray" classname="com.OSMOSE.testcases.OULogin">
    <skipped/>
  </testcase> <!-- verifyContactAndStray -->
  <system-out/>
  <testcase name="verifySteelStructuresProtected" classname="com.OSMOSE.testcases.OULogin">
    <skipped/>
  </testcase> <!-- verifySteelStructuresProtected -->
  <system-out/>
  <testcase name="steelStructuresProtectedMOREINFOREGISTRATION" classname="com.OSMOSE.testcases.OULogin">
    <skipped/>
  </testcase> <!-- steelStructuresProtectedMOREINFOREGISTRATION -->
  <system-out/>
  <testcase name="verifyUpcomingWebinarsPage" classname="com.OSMOSE.testcases.OULogin">
    <skipped/>
  </testcase> <!-- verifyUpcomingWebinarsPage -->
  <system-out/>
  <testcase name="ContactAndStrayMOREINFOREGISTRATION" classname="com.OSMOSE.testcases.OULogin">
    <skipped/>
  </testcase> <!-- ContactAndStrayMOREINFOREGISTRATION -->
  <system-out/>
</testsuite> <!-- com.OSMOSE.testcases.OULogin -->
