<?xml version="1.0" encoding="UTF-8"?>
<!-- Generated by org.testng.reporters.JUnitReportReporter -->
<testsuite skipped="6" hostname="5CG6323N27" name="com.OSMOSE.testcases.Contact" tests="26" failures="0" timestamp="2020-09-29T13:35:02 IST" time="161.988" errors="0">
  <testcase name="verifyContactUsMenuContents" time="0.657" classname="com.OSMOSE.testcases.Contact"/>
  <system-out>
Click to see Screenshot <a target="_blank" href=Tue_Sep_29_13_32_09_IST_2020.jpg>Screenshot</a> <br> <br> <a target="_blank" href=Tue_Sep_29_13_32_09_IST_2020.jpg><img src=Tue_Sep_29_13_32_09_IST_2020.jpg height=200 width=200></img></a>  </system-out>
  <testcase name="verifyPresenceOfProjectGroup" time="1.334" classname="com.OSMOSE.testcases.Contact"/>
  <system-out>
Click to see Screenshot <a target="_blank" href=Tue_Sep_29_13_32_11_IST_2020.jpg>Screenshot</a> <br> <br> <a target="_blank" href=Tue_Sep_29_13_32_11_IST_2020.jpg><img src=Tue_Sep_29_13_32_11_IST_2020.jpg height=200 width=200></img></a>  </system-out>
  <testcase name="verifyCityOfColumbiaContactCardContents" time="9.463" classname="com.OSMOSE.testcases.Contact"/>
  <system-out>
Click to see Screenshot <a target="_blank" href=Tue_Sep_29_13_32_21_IST_2020.jpg>Screenshot</a> <br> <br> <a target="_blank" href=Tue_Sep_29_13_32_21_IST_2020.jpg><img src=Tue_Sep_29_13_32_21_IST_2020.jpg height=200 width=200></img></a>  </system-out>
  <testcase name="verifyGeorgiaPowerCompanyContactCardContents" time="19.240" classname="com.OSMOSE.testcases.Contact"/>
  <system-out>
Click to see Screenshot <a target="_blank" href=Tue_Sep_29_13_32_40_IST_2020.jpg>Screenshot</a> <br> <br> <a target="_blank" href=Tue_Sep_29_13_32_40_IST_2020.jpg><img src=Tue_Sep_29_13_32_40_IST_2020.jpg height=200 width=200></img></a>  </system-out>
  <testcase name="verifyGrandElectricContactCardContents" time="12.383" classname="com.OSMOSE.testcases.Contact"/>
  <system-out>
Click to see Screenshot <a target="_blank" href=Tue_Sep_29_13_32_53_IST_2020.jpg>Screenshot</a> <br> <br> <a target="_blank" href=Tue_Sep_29_13_32_53_IST_2020.jpg><img src=Tue_Sep_29_13_32_53_IST_2020.jpg height=200 width=200></img></a>  </system-out>
  <testcase name="verifyIdahoPowerInspectionContactCardContents" time="12.482" classname="com.OSMOSE.testcases.Contact"/>
  <system-out>
Click to see Screenshot <a target="_blank" href=Tue_Sep_29_13_33_06_IST_2020.jpg>Screenshot</a> <br> <br> <a target="_blank" href=Tue_Sep_29_13_33_06_IST_2020.jpg><img src=Tue_Sep_29_13_33_06_IST_2020.jpg height=200 width=200></img></a>  </system-out>
  <testcase name="verifyIdahoPowerRestorationContactCardContents" time="11.366" classname="com.OSMOSE.testcases.Contact"/>
  <system-out>
Click to see Screenshot <a target="_blank" href=Tue_Sep_29_13_33_18_IST_2020.jpg>Screenshot</a> <br> <br> <a target="_blank" href=Tue_Sep_29_13_33_18_IST_2020.jpg><img src=Tue_Sep_29_13_33_18_IST_2020.jpg height=200 width=200></img></a>  </system-out>
  <testcase name="verifyOncurDistributionContactCardContents" time="12.447" classname="com.OSMOSE.testcases.Contact"/>
  <system-out>
Click to see Screenshot <a target="_blank" href=Tue_Sep_29_13_33_31_IST_2020.jpg>Screenshot</a> <br> <br> <a target="_blank" href=Tue_Sep_29_13_33_31_IST_2020.jpg><img src=Tue_Sep_29_13_33_31_IST_2020.jpg height=200 width=200></img></a>  </system-out>
  <testcase name="verifyPacificGasAndElectricCoContactCardContents" time="12.419" classname="com.OSMOSE.testcases.Contact"/>
  <system-out>
Click to see Screenshot <a target="_blank" href=Tue_Sep_29_13_33_44_IST_2020.jpg>Screenshot</a> <br> <br> <a target="_blank" href=Tue_Sep_29_13_33_44_IST_2020.jpg><img src=Tue_Sep_29_13_33_44_IST_2020.jpg height=200 width=200></img></a>  </system-out>
  <testcase name="verifyPedernalesElecCoopContactCardContents" time="12.408" classname="com.OSMOSE.testcases.Contact"/>
  <system-out>
Click to see Screenshot <a target="_blank" href=Tue_Sep_29_13_33_57_IST_2020.jpg>Screenshot</a> <br> <br> <a target="_blank" href=Tue_Sep_29_13_33_57_IST_2020.jpg><img src=Tue_Sep_29_13_33_57_IST_2020.jpg height=200 width=200></img></a>  </system-out>
  <testcase name="verifyPugetSoundEnergyInspectionContactCardContents" time="12.394" classname="com.OSMOSE.testcases.Contact"/>
  <system-out>
Click to see Screenshot <a target="_blank" href=Tue_Sep_29_13_34_10_IST_2020.jpg>Screenshot</a> <br> <br> <a target="_blank" href=Tue_Sep_29_13_34_10_IST_2020.jpg><img src=Tue_Sep_29_13_34_10_IST_2020.jpg height=200 width=200></img></a>  </system-out>
  <testcase name="verifyPugetSoundEnergyRestorationContactCardContents" time="11.396" classname="com.OSMOSE.testcases.Contact"/>
  <system-out>
Click to see Screenshot <a target="_blank" href=Tue_Sep_29_13_34_21_IST_2020.jpg>Screenshot</a> <br> <br> <a target="_blank" href=Tue_Sep_29_13_34_21_IST_2020.jpg><img src=Tue_Sep_29_13_34_21_IST_2020.jpg height=200 width=200></img></a>  </system-out>
  <testcase name="verifyContactUsHeaderContents" time="2.282" classname="com.OSMOSE.testcases.Contact"/>
  <system-out>
Click to see Screenshot <a target="_blank" href=Tue_Sep_29_13_34_24_IST_2020.jpg>Screenshot</a> <br> <br> <a target="_blank" href=Tue_Sep_29_13_34_24_IST_2020.jpg><img src=Tue_Sep_29_13_34_24_IST_2020.jpg height=200 width=200></img></a>  </system-out>
  <testcase name="verifyContactUsClickOnGoogleMap" time="31.050" classname="com.OSMOSE.testcases.Contact"/>
  <system-out>
Click to see Screenshot <a target="_blank" href=Tue_Sep_29_13_34_56_IST_2020.jpg>Screenshot</a> <br> <br> <a target="_blank" href=Tue_Sep_29_13_34_56_IST_2020.jpg><img src=Tue_Sep_29_13_34_56_IST_2020.jpg height=200 width=200></img></a>  </system-out>
  <testcase name="verifyContactUsGeneralInquiriesContents" time="0.074" classname="com.OSMOSE.testcases.Contact"/>
  <system-out>
Click to see Screenshot <a target="_blank" href=Tue_Sep_29_13_34_56_IST_2020.jpg>Screenshot</a> <br> <br> <a target="_blank" href=Tue_Sep_29_13_34_56_IST_2020.jpg><img src=Tue_Sep_29_13_34_56_IST_2020.jpg height=200 width=200></img></a>  </system-out>
  <testcase name="verifyContactUsSalesProductsContents" time="0.076" classname="com.OSMOSE.testcases.Contact"/>
  <system-out>
Click to see Screenshot <a target="_blank" href=Tue_Sep_29_13_34_57_IST_2020.jpg>Screenshot</a> <br> <br> <a target="_blank" href=Tue_Sep_29_13_34_57_IST_2020.jpg><img src=Tue_Sep_29_13_34_57_IST_2020.jpg height=200 width=200></img></a>  </system-out>
  <testcase name="verifyContactUsSalesServicesContents" time="0.092" classname="com.OSMOSE.testcases.Contact"/>
  <system-out>
Click to see Screenshot <a target="_blank" href=Tue_Sep_29_13_34_57_IST_2020.jpg>Screenshot</a> <br> <br> <a target="_blank" href=Tue_Sep_29_13_34_57_IST_2020.jpg><img src=Tue_Sep_29_13_34_57_IST_2020.jpg height=200 width=200></img></a>  </system-out>
  <testcase name="verifyContactUsOCalcProContents" time="0.098" classname="com.OSMOSE.testcases.Contact"/>
  <system-out>
Click to see Screenshot <a target="_blank" href=Tue_Sep_29_13_34_58_IST_2020.jpg>Screenshot</a> <br> <br> <a target="_blank" href=Tue_Sep_29_13_34_58_IST_2020.jpg><img src=Tue_Sep_29_13_34_58_IST_2020.jpg height=200 width=200></img></a>  </system-out>
  <testcase name="verifyContactUsQueryFormContents" time="0.195" classname="com.OSMOSE.testcases.Contact"/>
  <system-out>
Click to see Screenshot <a target="_blank" href=Tue_Sep_29_13_34_58_IST_2020.jpg>Screenshot</a> <br> <br> <a target="_blank" href=Tue_Sep_29_13_34_58_IST_2020.jpg><img src=Tue_Sep_29_13_34_58_IST_2020.jpg height=200 width=200></img></a>  </system-out>
  <testcase name="verifyFormSubmissionErrorMessage" time="0.132" classname="com.OSMOSE.testcases.Contact"/>
  <system-out>
Click to see Screenshot <a target="_blank" href=Tue_Sep_29_13_34_59_IST_2020.jpg>Screenshot</a> <br> <br> <a target="_blank" href=Tue_Sep_29_13_34_59_IST_2020.jpg><img src=Tue_Sep_29_13_34_59_IST_2020.jpg height=200 width=200></img></a>  </system-out>
  <testcase name="verifyFormSubmissionWith_Other" classname="com.OSMOSE.testcases.Contact">
    <skipped/>
  </testcase> <!-- verifyFormSubmissionWith_Other -->
  <system-out/>
  <testcase name="verifyFormSubmissionWith_TechnicalSupport" classname="com.OSMOSE.testcases.Contact">
    <skipped/>
  </testcase> <!-- verifyFormSubmissionWith_TechnicalSupport -->
  <system-out/>
  <testcase name="verifyFormSubmissionWith_RequestForInformation" classname="com.OSMOSE.testcases.Contact">
    <skipped/>
  </testcase> <!-- verifyFormSubmissionWith_RequestForInformation -->
  <system-out/>
  <testcase name="verifyFormSubmissionThankYouPopUp" classname="com.OSMOSE.testcases.Contact">
    <skipped/>
  </testcase> <!-- verifyFormSubmissionThankYouPopUp -->
  <system-out/>
  <testcase name="verifyFormSubmissionWith_ProjectSupport" classname="com.OSMOSE.testcases.Contact">
    <skipped/>
  </testcase> <!-- verifyFormSubmissionWith_ProjectSupport -->
  <system-out/>
  <testcase name="verifyClickOnBackButton" classname="com.OSMOSE.testcases.Contact">
    <skipped/>
  </testcase> <!-- verifyClickOnBackButton -->
  <system-out/>
</testsuite> <!-- com.OSMOSE.testcases.Contact -->
