<?xml version="1.0" encoding="UTF-8"?>
<!-- Generated by org.testng.reporters.JUnitReportReporter -->
<testsuite skipped="67" hostname="5CG6323N27" name="com.OSMOSE.testcases.Product" tests="88" failures="0" timestamp="2020-12-12T01:29:45 IST" time="267.181" errors="0">
  <testcase name="verifyTheProductLink" time="6.793" classname="com.OSMOSE.testcases.Product"/>
  <system-out>
Click to see Screenshot <a target="_blank" href=Sat_Dec_12_01_25_08_IST_2020.jpg>Screenshot</a> <br> <br> <a target="_blank" href=Sat_Dec_12_01_25_08_IST_2020.jpg><img src=Sat_Dec_12_01_25_08_IST_2020.jpg height=200 width=200></img></a>  </system-out>
  <testcase name="searchElementPresent" time="50.080" classname="com.OSMOSE.testcases.Product"/>
  <system-out>
Click to see Screenshot <a target="_blank" href=Sat_Dec_12_01_25_59_IST_2020.jpg>Screenshot</a> <br> <br> <a target="_blank" href=Sat_Dec_12_01_25_59_IST_2020.jpg><img src=Sat_Dec_12_01_25_59_IST_2020.jpg height=200 width=200></img></a>  </system-out>
  <testcase name="catalogElementPresent" time="0.041" classname="com.OSMOSE.testcases.Product"/>
  <system-out>
Click to see Screenshot <a target="_blank" href=Sat_Dec_12_01_25_59_IST_2020.jpg>Screenshot</a> <br> <br> <a target="_blank" href=Sat_Dec_12_01_25_59_IST_2020.jpg><img src=Sat_Dec_12_01_25_59_IST_2020.jpg height=200 width=200></img></a>  </system-out>
  <testcase name="openMyQuotesElementPresent" time="0.038" classname="com.OSMOSE.testcases.Product"/>
  <system-out>
Click to see Screenshot <a target="_blank" href=Sat_Dec_12_01_26_00_IST_2020.jpg>Screenshot</a> <br> <br> <a target="_blank" href=Sat_Dec_12_01_26_00_IST_2020.jpg><img src=Sat_Dec_12_01_26_00_IST_2020.jpg height=200 width=200></img></a>  </system-out>
  <testcase name="shoppingCartElementPresent" time="0.075" classname="com.OSMOSE.testcases.Product"/>
  <system-out>
Click to see Screenshot <a target="_blank" href=Sat_Dec_12_01_26_00_IST_2020.jpg>Screenshot</a> <br> <br> <a target="_blank" href=Sat_Dec_12_01_26_00_IST_2020.jpg><img src=Sat_Dec_12_01_26_00_IST_2020.jpg height=200 width=200></img></a>  </system-out>
  <testcase name="adminElementPresent" time="0.049" classname="com.OSMOSE.testcases.Product"/>
  <system-out>
Click to see Screenshot <a target="_blank" href=Sat_Dec_12_01_26_01_IST_2020.jpg>Screenshot</a> <br> <br> <a target="_blank" href=Sat_Dec_12_01_26_01_IST_2020.jpg><img src=Sat_Dec_12_01_26_01_IST_2020.jpg height=200 width=200></img></a>  </system-out>
  <testcase name="viewDetailsElementPresent" time="0.029" classname="com.OSMOSE.testcases.Product"/>
  <system-out>
Click to see Screenshot <a target="_blank" href=Sat_Dec_12_01_26_01_IST_2020.jpg>Screenshot</a> <br> <br> <a target="_blank" href=Sat_Dec_12_01_26_01_IST_2020.jpg><img src=Sat_Dec_12_01_26_01_IST_2020.jpg height=200 width=200></img></a>  </system-out>
  <testcase name="allSixProductPresent" time="0.034" classname="com.OSMOSE.testcases.Product"/>
  <system-out>
Click to see Screenshot <a target="_blank" href=Sat_Dec_12_01_26_02_IST_2020.jpg>Screenshot</a> <br> <br> <a target="_blank" href=Sat_Dec_12_01_26_02_IST_2020.jpg><img src=Sat_Dec_12_01_26_02_IST_2020.jpg height=200 width=200></img></a>  </system-out>
  <testcase name="sliderItemPresent" time="0.100" classname="com.OSMOSE.testcases.Product"/>
  <system-out>
Click to see Screenshot <a target="_blank" href=Sat_Dec_12_01_26_02_IST_2020.jpg>Screenshot</a> <br> <br> <a target="_blank" href=Sat_Dec_12_01_26_02_IST_2020.jpg><img src=Sat_Dec_12_01_26_02_IST_2020.jpg height=200 width=200></img></a>  </system-out>
  <testcase name="verifyCategoryFilter" time="50.042" classname="com.OSMOSE.testcases.Product"/>
  <system-out>
Click to see Screenshot <a target="_blank" href=Sat_Dec_12_01_26_53_IST_2020.jpg>Screenshot</a> <br> <br> <a target="_blank" href=Sat_Dec_12_01_26_53_IST_2020.jpg><img src=Sat_Dec_12_01_26_53_IST_2020.jpg height=200 width=200></img></a>  </system-out>
  <testcase name="VerifyFPImageClick" time="52.094" classname="com.OSMOSE.testcases.Product"/>
  <system-out>
Click to see Screenshot <a target="_blank" href=Sat_Dec_12_01_27_46_IST_2020.jpg>Screenshot</a> <br> <br> <a target="_blank" href=Sat_Dec_12_01_27_46_IST_2020.jpg><img src=Sat_Dec_12_01_27_46_IST_2020.jpg height=200 width=200></img></a>  </system-out>
  <testcase name="verifyViewDetail" time="12.703" classname="com.OSMOSE.testcases.Product"/>
  <system-out>
Click to see Screenshot <a target="_blank" href=Sat_Dec_12_01_27_59_IST_2020.jpg>Screenshot</a> <br> <br> <a target="_blank" href=Sat_Dec_12_01_27_59_IST_2020.jpg><img src=Sat_Dec_12_01_27_59_IST_2020.jpg height=200 width=200></img></a>  </system-out>
  <testcase name="VerifyProductclick" time="15.702" classname="com.OSMOSE.testcases.Product"/>
  <system-out>
Click to see Screenshot <a target="_blank" href=Sat_Dec_12_01_28_16_IST_2020.jpg>Screenshot</a> <br> <br> <a target="_blank" href=Sat_Dec_12_01_28_16_IST_2020.jpg><img src=Sat_Dec_12_01_28_16_IST_2020.jpg height=200 width=200></img></a>  </system-out>
  <testcase name="AddQuantityandverifyCellNumber" time="17.801" classname="com.OSMOSE.testcases.Product"/>
  <system-out>
Click to see Screenshot <a target="_blank" href=Sat_Dec_12_01_28_35_IST_2020.jpg>Screenshot</a> <br> <br> <a target="_blank" href=Sat_Dec_12_01_28_35_IST_2020.jpg><img src=Sat_Dec_12_01_28_35_IST_2020.jpg height=200 width=200></img></a>  </system-out>
  <testcase name="FeaturedProductPoleRestoration" time="26.177" classname="com.OSMOSE.testcases.Product"/>
  <system-out>
Click to see Screenshot <a target="_blank" href=Sat_Dec_12_01_29_02_IST_2020.jpg>Screenshot</a> <br> <br> <a target="_blank" href=Sat_Dec_12_01_29_02_IST_2020.jpg><img src=Sat_Dec_12_01_29_02_IST_2020.jpg height=200 width=200></img></a>  </system-out>
  <testcase name="verifyTheSearchfirstname" time="4.172" classname="com.OSMOSE.testcases.Product"/>
  <system-out>
Click to see Screenshot <a target="_blank" href=Sat_Dec_12_01_29_06_IST_2020.jpg>Screenshot</a> <br> <br> <a target="_blank" href=Sat_Dec_12_01_29_06_IST_2020.jpg><img src=Sat_Dec_12_01_29_06_IST_2020.jpg height=200 width=200></img></a>  </system-out>
  <testcase name="verifyTheSearchFullname" time="1.734" classname="com.OSMOSE.testcases.Product"/>
  <system-out>
Click to see Screenshot <a target="_blank" href=Sat_Dec_12_01_29_09_IST_2020.jpg>Screenshot</a> <br> <br> <a target="_blank" href=Sat_Dec_12_01_29_09_IST_2020.jpg><img src=Sat_Dec_12_01_29_09_IST_2020.jpg height=200 width=200></img></a>  </system-out>
  <testcase name="verifyTheSearchOneAlphabet" time="11.728" classname="com.OSMOSE.testcases.Product"/>
  <system-out>
Click to see Screenshot <a target="_blank" href=Sat_Dec_12_01_29_21_IST_2020.jpg>Screenshot</a> <br> <br> <a target="_blank" href=Sat_Dec_12_01_29_21_IST_2020.jpg><img src=Sat_Dec_12_01_29_21_IST_2020.jpg height=200 width=200></img></a>  </system-out>
  <testcase name="verifyTheSearchCrossButton" time="3.795" classname="com.OSMOSE.testcases.Product"/>
  <system-out>
Click to see Screenshot <a target="_blank" href=Sat_Dec_12_01_29_25_IST_2020.jpg>Screenshot</a> <br> <br> <a target="_blank" href=Sat_Dec_12_01_29_25_IST_2020.jpg><img src=Sat_Dec_12_01_29_25_IST_2020.jpg height=200 width=200></img></a>  </system-out>
  <testcase name="verifyTheValidationmessage" time="2.673" classname="com.OSMOSE.testcases.Product"/>
  <system-out>
Click to see Screenshot <a target="_blank" href=Sat_Dec_12_01_29_28_IST_2020.jpg>Screenshot</a> <br> <br> <a target="_blank" href=Sat_Dec_12_01_29_28_IST_2020.jpg><img src=Sat_Dec_12_01_29_28_IST_2020.jpg height=200 width=200></img></a>  </system-out>
  <testcase name="ReturnPolicy" time="11.321" classname="com.OSMOSE.testcases.Product"/>
  <system-out>
Click to see Screenshot <a target="_blank" href=Sat_Dec_12_01_29_40_IST_2020.jpg>Screenshot</a> <br> <br> <a target="_blank" href=Sat_Dec_12_01_29_40_IST_2020.jpg><img src=Sat_Dec_12_01_29_40_IST_2020.jpg height=200 width=200></img></a>  </system-out>
  <testcase name="ClickReject" classname="com.OSMOSE.testcases.Product">
    <skipped/>
  </testcase> <!-- ClickReject -->
  <system-out/>
  <testcase name="SubmitQuotewithQuotePendingstatus" classname="com.OSMOSE.testcases.Product">
    <skipped/>
  </testcase> <!-- SubmitQuotewithQuotePendingstatus -->
  <system-out/>
  <testcase name="SubmitQuotewithoutFile" classname="com.OSMOSE.testcases.Product">
    <skipped/>
  </testcase> <!-- SubmitQuotewithoutFile -->
  <system-out/>
  <testcase name="DeleteQuanityinShoppingCart" classname="com.OSMOSE.testcases.Product">
    <skipped/>
  </testcase> <!-- DeleteQuanityinShoppingCart -->
  <system-out/>
  <testcase name="verifyCartIconCount" classname="com.OSMOSE.testcases.Product">
    <skipped/>
  </testcase> <!-- verifyCartIconCount -->
  <system-out/>
  <testcase name="VerifyShoppingAddbtndisabled" classname="com.OSMOSE.testcases.Product">
    <skipped/>
  </testcase> <!-- VerifyShoppingAddbtndisabled -->
  <system-out/>
  <testcase name="verifyTheSearch" classname="com.OSMOSE.testcases.Product">
    <skipped/>
  </testcase> <!-- verifyTheSearch -->
  <system-out/>
  <testcase name="MyQuotesComments_Collapse" classname="com.OSMOSE.testcases.Product">
    <skipped/>
  </testcase> <!-- MyQuotesComments_Collapse -->
  <system-out/>
  <testcase name="SubmitQuotewithOrderedstatus" classname="com.OSMOSE.testcases.Product">
    <skipped/>
  </testcase> <!-- SubmitQuotewithOrderedstatus -->
  <system-out/>
  <testcase name="UpdateIncreaseQuanityinShoppingCart" classname="com.OSMOSE.testcases.Product">
    <skipped/>
  </testcase> <!-- UpdateIncreaseQuanityinShoppingCart -->
  <system-out/>
  <testcase name="SubmitQuotewithNegativeExpireDays" classname="com.OSMOSE.testcases.Product">
    <skipped/>
  </testcase> <!-- SubmitQuotewithNegativeExpireDays -->
  <system-out/>
  <testcase name="SubmitQuotewithQuotedstatus" classname="com.OSMOSE.testcases.Product">
    <skipped/>
  </testcase> <!-- SubmitQuotewithQuotedstatus -->
  <system-out/>
  <testcase name="ClickManageQuotesLink" classname="com.OSMOSE.testcases.Product">
    <skipped/>
  </testcase> <!-- ClickManageQuotesLink -->
  <system-out/>
  <testcase name="verifyCancelwhileREQuoting" classname="com.OSMOSE.testcases.Product">
    <skipped/>
  </testcase> <!-- verifyCancelwhileREQuoting -->
  <system-out/>
  <testcase name="CreateQuote_ZipCode" classname="com.OSMOSE.testcases.Product">
    <skipped/>
  </testcase> <!-- CreateQuote_ZipCode -->
  <system-out/>
  <testcase name="UpdateChangeProductAddToShoppingCart" classname="com.OSMOSE.testcases.Product">
    <skipped/>
  </testcase> <!-- UpdateChangeProductAddToShoppingCart -->
  <system-out/>
  <testcase name="CreateQuote_Comments" classname="com.OSMOSE.testcases.Product">
    <skipped/>
  </testcase> <!-- CreateQuote_Comments -->
  <system-out/>
  <testcase name="verifyStatusFilterExpired" classname="com.OSMOSE.testcases.Product">
    <skipped/>
  </testcase> <!-- verifyStatusFilterExpired -->
  <system-out/>
  <testcase name="ClickApprove" classname="com.OSMOSE.testcases.Product">
    <skipped/>
  </testcase> <!-- ClickApprove -->
  <system-out/>
  <testcase name="CreateQuote_MultipleAttachment" classname="com.OSMOSE.testcases.Product">
    <skipped/>
  </testcase> <!-- CreateQuote_MultipleAttachment -->
  <system-out/>
  <testcase name="verifyDeleteProductOnOverlay" classname="com.OSMOSE.testcases.Product">
    <skipped/>
  </testcase> <!-- verifyDeleteProductOnOverlay -->
  <system-out/>
  <testcase name="SubmitQuotewithOrderRequestedstatus" classname="com.OSMOSE.testcases.Product">
    <skipped/>
  </testcase> <!-- SubmitQuotewithOrderRequestedstatus -->
  <system-out/>
  <testcase name="GoBack" classname="com.OSMOSE.testcases.Product">
    <skipped/>
  </testcase> <!-- GoBack -->
  <system-out/>
  <testcase name="verifyAddShoppingCarttext" classname="com.OSMOSE.testcases.Product">
    <skipped/>
  </testcase> <!-- verifyAddShoppingCarttext -->
  <system-out/>
  <testcase name="verifyExclamationOnMyQuotes" classname="com.OSMOSE.testcases.Product">
    <skipped/>
  </testcase> <!-- verifyExclamationOnMyQuotes -->
  <system-out/>
  <testcase name="SubmitQuotewithExpiredstatus" classname="com.OSMOSE.testcases.Product">
    <skipped/>
  </testcase> <!-- SubmitQuotewithExpiredstatus -->
  <system-out/>
  <testcase name="CreateQuote" classname="com.OSMOSE.testcases.Product">
    <skipped/>
  </testcase> <!-- CreateQuote -->
  <system-out/>
  <testcase name="verifyThankyouPopup" classname="com.OSMOSE.testcases.Product">
    <skipped/>
  </testcase> <!-- verifyThankyouPopup -->
  <system-out/>
  <testcase name="SubmitQuotewithMoreThan20mbFile" classname="com.OSMOSE.testcases.Product">
    <skipped/>
  </testcase> <!-- SubmitQuotewithMoreThan20mbFile -->
  <system-out/>
  <testcase name="CreateQuote_Attachment" classname="com.OSMOSE.testcases.Product">
    <skipped/>
  </testcase> <!-- CreateQuote_Attachment -->
  <system-out/>
  <testcase name="VerifyAddingRelatedProductsToShoppingCart" classname="com.OSMOSE.testcases.Product">
    <skipped/>
  </testcase> <!-- VerifyAddingRelatedProductsToShoppingCart -->
  <system-out/>
  <testcase name="VerifyUIonClickQuoteID" classname="com.OSMOSE.testcases.Product">
    <skipped/>
  </testcase> <!-- VerifyUIonClickQuoteID -->
  <system-out/>
  <testcase name="ClickDownloadProducts" classname="com.OSMOSE.testcases.Product">
    <skipped/>
  </testcase> <!-- ClickDownloadProducts -->
  <system-out/>
  <testcase name="verifyAddToCartWhileReQuoting" classname="com.OSMOSE.testcases.Product">
    <skipped/>
  </testcase> <!-- verifyAddToCartWhileReQuoting -->
  <system-out/>
  <testcase name="AddShoppingCart" classname="com.OSMOSE.testcases.Product">
    <skipped/>
  </testcase> <!-- AddShoppingCart -->
  <system-out/>
  <testcase name="ClickReview" classname="com.OSMOSE.testcases.Product">
    <skipped/>
  </testcase> <!-- ClickReview -->
  <system-out/>
  <testcase name="MyQuotes_96421" classname="com.OSMOSE.testcases.Product">
    <skipped/>
  </testcase> <!-- MyQuotes_96421 -->
  <system-out/>
  <testcase name="verifySubmitwhileREQuoting" classname="com.OSMOSE.testcases.Product">
    <skipped/>
  </testcase> <!-- verifySubmitwhileREQuoting -->
  <system-out/>
  <testcase name="verifyUpdatedQuantityOnOverlay" classname="com.OSMOSE.testcases.Product">
    <skipped/>
  </testcase> <!-- verifyUpdatedQuantityOnOverlay -->
  <system-out/>
  <testcase name="verifyTheProductCart" classname="com.OSMOSE.testcases.Product">
    <skipped/>
  </testcase> <!-- verifyTheProductCart -->
  <system-out/>
  <testcase name="VerifyShoppingCarrtMinMaxqty" classname="com.OSMOSE.testcases.Product">
    <skipped/>
  </testcase> <!-- VerifyShoppingCarrtMinMaxqty -->
  <system-out/>
  <testcase name="VerifyTooltipForSizeDropDown" classname="com.OSMOSE.testcases.Product">
    <skipped/>
  </testcase> <!-- VerifyTooltipForSizeDropDown -->
  <system-out/>
  <testcase name="verifyStatusFilterQuotePending" classname="com.OSMOSE.testcases.Product">
    <skipped/>
  </testcase> <!-- verifyStatusFilterQuotePending -->
  <system-out/>
  <testcase name="VerifyUIonApprove" classname="com.OSMOSE.testcases.Product">
    <skipped/>
  </testcase> <!-- VerifyUIonApprove -->
  <system-out/>
  <testcase name="SubmitQuotewithQuoteCancelledstatus" classname="com.OSMOSE.testcases.Product">
    <skipped/>
  </testcase> <!-- SubmitQuotewithQuoteCancelledstatus -->
  <system-out/>
  <testcase name="ClickShoppingCartIcon" classname="com.OSMOSE.testcases.Product">
    <skipped/>
  </testcase> <!-- ClickShoppingCartIcon -->
  <system-out/>
  <testcase name="SortBydd" classname="com.OSMOSE.testcases.Product">
    <skipped/>
  </testcase> <!-- SortBydd -->
  <system-out/>
  <testcase name="verifyStatusFilterAll" classname="com.OSMOSE.testcases.Product">
    <skipped/>
  </testcase> <!-- verifyStatusFilterAll -->
  <system-out/>
  <testcase name="ClickUploadProducts" classname="com.OSMOSE.testcases.Product">
    <skipped/>
  </testcase> <!-- ClickUploadProducts -->
  <system-out/>
  <testcase name="VerifyAddShopping_Sameitem" classname="com.OSMOSE.testcases.Product">
    <skipped/>
  </testcase> <!-- VerifyAddShopping_Sameitem -->
  <system-out/>
  <testcase name="UpdateDecreaseQuanityinShoppingCart" classname="com.OSMOSE.testcases.Product">
    <skipped/>
  </testcase> <!-- UpdateDecreaseQuanityinShoppingCart -->
  <system-out/>
  <testcase name="verifyStatusFilterCancelled" classname="com.OSMOSE.testcases.Product">
    <skipped/>
  </testcase> <!-- verifyStatusFilterCancelled -->
  <system-out/>
  <testcase name="VerifyCrossicononhoppingCart_Differentitem" classname="com.OSMOSE.testcases.Product">
    <skipped/>
  </testcase> <!-- VerifyCrossicononhoppingCart_Differentitem -->
  <system-out/>
  <testcase name="VerifyCrossicononhoppingCart" classname="com.OSMOSE.testcases.Product">
    <skipped/>
  </testcase> <!-- VerifyCrossicononhoppingCart -->
  <system-out/>
  <testcase name="ClickShoppingViewCartbutton" classname="com.OSMOSE.testcases.Product">
    <skipped/>
  </testcase> <!-- ClickShoppingViewCartbutton -->
  <system-out/>
  <testcase name="ClickShoppingSubmitCartbutton" classname="com.OSMOSE.testcases.Product">
    <skipped/>
  </testcase> <!-- ClickShoppingSubmitCartbutton -->
  <system-out/>
  <testcase name="ClickManageProducts" classname="com.OSMOSE.testcases.Product">
    <skipped/>
  </testcase> <!-- ClickManageProducts -->
  <system-out/>
  <testcase name="ClickProductsinReview" classname="com.OSMOSE.testcases.Product">
    <skipped/>
  </testcase> <!-- ClickProductsinReview -->
  <system-out/>
  <testcase name="verifyStatusFilterOrderRequested" classname="com.OSMOSE.testcases.Product">
    <skipped/>
  </testcase> <!-- verifyStatusFilterOrderRequested -->
  <system-out/>
  <testcase name="SubmitQuotewithInvalidFileType" classname="com.OSMOSE.testcases.Product">
    <skipped/>
  </testcase> <!-- SubmitQuotewithInvalidFileType -->
  <system-out/>
  <testcase name="VerifyApprovebtndisabled" classname="com.OSMOSE.testcases.Product">
    <skipped/>
  </testcase> <!-- VerifyApprovebtndisabled -->
  <system-out/>
  <testcase name="VerifyShoppingCarrtAddbtnDisabledclearqty" classname="com.OSMOSE.testcases.Product">
    <skipped/>
  </testcase> <!-- VerifyShoppingCarrtAddbtnDisabledclearqty -->
  <system-out/>
  <testcase name="CreateQuote_UpdateeAttachment" classname="com.OSMOSE.testcases.Product">
    <skipped/>
  </testcase> <!-- CreateQuote_UpdateeAttachment -->
  <system-out/>
  <testcase name="verifyStatusFilterQuoted" classname="com.OSMOSE.testcases.Product">
    <skipped/>
  </testcase> <!-- verifyStatusFilterQuoted -->
  <system-out/>
  <testcase name="HomepageCarticon" classname="com.OSMOSE.testcases.Product">
    <skipped/>
  </testcase> <!-- HomepageCarticon -->
  <system-out/>
  <testcase name="verifyStatusFilterOrdered" classname="com.OSMOSE.testcases.Product">
    <skipped/>
  </testcase> <!-- verifyStatusFilterOrdered -->
  <system-out/>
  <testcase name="ClickDictionaryLink" classname="com.OSMOSE.testcases.Product">
    <skipped/>
  </testcase> <!-- ClickDictionaryLink -->
  <system-out/>
</testsuite> <!-- com.OSMOSE.testcases.Product -->
