<?xml version="1.0" encoding="UTF-8"?>
<!-- Generated by org.testng.reporters.JUnitReportReporter -->
<testsuite skipped="0" hostname="5CG6323N27" name="com.OSMOSE.testcases.JointUse_ts_ProjectManager" tests="19" failures="0" timestamp="2021-01-13T16:14:29 IST" time="177.429" errors="0">
  <testcase name="jointUseloginTestProjectManager" time="22.088" classname="com.OSMOSE.testcases.JointUse_ts_ProjectManager"/>
  <system-out>
Click to see Screenshot <a target="_blank" href=Wed_Jan_13_16_11_43_IST_2021.jpg>Screenshot</a> <br> <br> <a target="_blank" href=Wed_Jan_13_16_11_43_IST_2021.jpg><img src=Wed_Jan_13_16_11_43_IST_2021.jpg height=200 width=200></img></a>  </system-out>
  <testcase name="verifyJointUseNavigationClick" time="27.996" classname="com.OSMOSE.testcases.JointUse_ts_ProjectManager"/>
  <system-out>
Click to see Screenshot <a target="_blank" href=Wed_Jan_13_16_12_12_IST_2021.jpg>Screenshot</a> <br> <br> <a target="_blank" href=Wed_Jan_13_16_12_12_IST_2021.jpg><img src=Wed_Jan_13_16_12_12_IST_2021.jpg height=200 width=200></img></a>  </system-out>
  <testcase name="verifyHorizontalCollapseFunctionality" time="5.214" classname="com.OSMOSE.testcases.JointUse_ts_ProjectManager"/>
  <system-out>
Click to see Screenshot <a target="_blank" href=Wed_Jan_13_16_12_17_IST_2021.jpg>Screenshot</a> <br> <br> <a target="_blank" href=Wed_Jan_13_16_12_17_IST_2021.jpg><img src=Wed_Jan_13_16_12_17_IST_2021.jpg height=200 width=200></img></a>  </system-out>
  <testcase name="verifyVerticalCollapseFunctionality" time="0.151" classname="com.OSMOSE.testcases.JointUse_ts_ProjectManager"/>
  <system-out>
Click to see Screenshot <a target="_blank" href=Wed_Jan_13_16_12_18_IST_2021.jpg>Screenshot</a> <br> <br> <a target="_blank" href=Wed_Jan_13_16_12_18_IST_2021.jpg><img src=Wed_Jan_13_16_12_18_IST_2021.jpg height=200 width=200></img></a>  </system-out>
  <testcase name="verifyAddWidgets" time="0.055" classname="com.OSMOSE.testcases.JointUse_ts_ProjectManager"/>
  <system-out>
Click to see Screenshot <a target="_blank" href=Wed_Jan_13_16_12_18_IST_2021.jpg>Screenshot</a> <br> <br> <a target="_blank" href=Wed_Jan_13_16_12_18_IST_2021.jpg><img src=Wed_Jan_13_16_12_18_IST_2021.jpg height=200 width=200></img></a>  </system-out>
  <testcase name="verifyEditLayout" time="0.068" classname="com.OSMOSE.testcases.JointUse_ts_ProjectManager"/>
  <system-out>
Click to see Screenshot <a target="_blank" href=Wed_Jan_13_16_12_19_IST_2021.jpg>Screenshot</a> <br> <br> <a target="_blank" href=Wed_Jan_13_16_12_19_IST_2021.jpg><img src=Wed_Jan_13_16_12_19_IST_2021.jpg height=200 width=200></img></a>  </system-out>
  <testcase name="verifyNewApplication" time="50.099" classname="com.OSMOSE.testcases.JointUse_ts_ProjectManager"/>
  <system-out>
Click to see Screenshot <a target="_blank" href=Wed_Jan_13_16_13_09_IST_2021.jpg>Screenshot</a> <br> <br> <a target="_blank" href=Wed_Jan_13_16_13_09_IST_2021.jpg><img src=Wed_Jan_13_16_13_09_IST_2021.jpg height=200 width=200></img></a>  </system-out>
  <testcase name="verifyExportOptions" time="0.182" classname="com.OSMOSE.testcases.JointUse_ts_ProjectManager"/>
  <system-out>
Click to see Screenshot <a target="_blank" href=Wed_Jan_13_16_13_10_IST_2021.jpg>Screenshot</a> <br> <br> <a target="_blank" href=Wed_Jan_13_16_13_10_IST_2021.jpg><img src=Wed_Jan_13_16_13_10_IST_2021.jpg height=200 width=200></img></a>  </system-out>
  <testcase name="verifySearchBox" time="0.052" classname="com.OSMOSE.testcases.JointUse_ts_ProjectManager"/>
  <system-out>
Click to see Screenshot <a target="_blank" href=Wed_Jan_13_16_13_10_IST_2021.jpg>Screenshot</a> <br> <br> <a target="_blank" href=Wed_Jan_13_16_13_10_IST_2021.jpg><img src=Wed_Jan_13_16_13_10_IST_2021.jpg height=200 width=200></img></a>  </system-out>
  <testcase name="verifyRefreshBtn" time="0.039" classname="com.OSMOSE.testcases.JointUse_ts_ProjectManager"/>
  <system-out>
Click to see Screenshot <a target="_blank" href=Wed_Jan_13_16_13_11_IST_2021.jpg>Screenshot</a> <br> <br> <a target="_blank" href=Wed_Jan_13_16_13_11_IST_2021.jpg><img src=Wed_Jan_13_16_13_11_IST_2021.jpg height=200 width=200></img></a>  </system-out>
  <testcase name="verifyRowsCount" time="0.080" classname="com.OSMOSE.testcases.JointUse_ts_ProjectManager"/>
  <system-out>
Click to see Screenshot <a target="_blank" href=Wed_Jan_13_16_13_11_IST_2021.jpg>Screenshot</a> <br> <br> <a target="_blank" href=Wed_Jan_13_16_13_11_IST_2021.jpg><img src=Wed_Jan_13_16_13_11_IST_2021.jpg height=200 width=200></img></a>  </system-out>
  <testcase name="verifyColumns" time="2.168" classname="com.OSMOSE.testcases.JointUse_ts_ProjectManager"/>
  <system-out>
Click to see Screenshot <a target="_blank" href=Wed_Jan_13_16_13_14_IST_2021.jpg>Screenshot</a> <br> <br> <a target="_blank" href=Wed_Jan_13_16_13_14_IST_2021.jpg><img src=Wed_Jan_13_16_13_14_IST_2021.jpg height=200 width=200></img></a>  </system-out>
  <testcase name="verifySelectAllFunctionality" time="2.219" classname="com.OSMOSE.testcases.JointUse_ts_ProjectManager"/>
  <system-out>
Click to see Screenshot <a target="_blank" href=Wed_Jan_13_16_13_16_IST_2021.jpg>Screenshot</a> <br> <br> <a target="_blank" href=Wed_Jan_13_16_13_16_IST_2021.jpg><img src=Wed_Jan_13_16_13_16_IST_2021.jpg height=200 width=200></img></a>  </system-out>
  <testcase name="verifyAddWidgetClick" time="0.497" classname="com.OSMOSE.testcases.JointUse_ts_ProjectManager"/>
  <system-out>
Click to see Screenshot <a target="_blank" href=Wed_Jan_13_16_13_17_IST_2021.jpg>Screenshot</a> <br> <br> <a target="_blank" href=Wed_Jan_13_16_13_17_IST_2021.jpg><img src=Wed_Jan_13_16_13_17_IST_2021.jpg height=200 width=200></img></a>  </system-out>
  <testcase name="verifyEditWidgetClick" time="0.278" classname="com.OSMOSE.testcases.JointUse_ts_ProjectManager"/>
  <system-out>
Click to see Screenshot <a target="_blank" href=Wed_Jan_13_16_13_18_IST_2021.jpg>Screenshot</a> <br> <br> <a target="_blank" href=Wed_Jan_13_16_13_18_IST_2021.jpg><img src=Wed_Jan_13_16_13_18_IST_2021.jpg height=200 width=200></img></a>  </system-out>
  <testcase name="verifyAcceptApplication" time="26.041" classname="com.OSMOSE.testcases.JointUse_ts_ProjectManager"/>
  <system-out>
Click to see Screenshot <a target="_blank" href=Wed_Jan_13_16_13_44_IST_2021.jpg>Screenshot</a> <br> <br> <a target="_blank" href=Wed_Jan_13_16_13_44_IST_2021.jpg><img src=Wed_Jan_13_16_13_44_IST_2021.jpg height=200 width=200></img></a>  </system-out>
  <testcase name="verifyApplicationOnHold" time="13.567" classname="com.OSMOSE.testcases.JointUse_ts_ProjectManager"/>
  <system-out>
Click to see Screenshot <a target="_blank" href=Wed_Jan_13_16_13_58_IST_2021.jpg>Screenshot</a> <br> <br> <a target="_blank" href=Wed_Jan_13_16_13_58_IST_2021.jpg><img src=Wed_Jan_13_16_13_58_IST_2021.jpg height=200 width=200></img></a>  </system-out>
  <testcase name="verifyApplicationRemoveHold" time="13.434" classname="com.OSMOSE.testcases.JointUse_ts_ProjectManager"/>
  <system-out>
Click to see Screenshot <a target="_blank" href=Wed_Jan_13_16_14_12_IST_2021.jpg>Screenshot</a> <br> <br> <a target="_blank" href=Wed_Jan_13_16_14_12_IST_2021.jpg><img src=Wed_Jan_13_16_14_12_IST_2021.jpg height=200 width=200></img></a>  </system-out>
  <testcase name="verifyApplicationInProgress" time="13.201" classname="com.OSMOSE.testcases.JointUse_ts_ProjectManager"/>
  <system-out>
Click to see Screenshot <a target="_blank" href=Wed_Jan_13_16_14_25_IST_2021.jpg>Screenshot</a> <br> <br> <a target="_blank" href=Wed_Jan_13_16_14_25_IST_2021.jpg><img src=Wed_Jan_13_16_14_25_IST_2021.jpg height=200 width=200></img></a>  </system-out>
</testsuite> <!-- com.OSMOSE.testcases.JointUse_ts_ProjectManager -->
