<?xml version="1.0" encoding="UTF-8"?>
<!-- Generated by org.testng.reporters.JUnitReportReporter -->
<testsuite skipped="0" hostname="5CG6332Q2D" name="com.OSMOSE.testcases.LoginTest" tests="1" failures="0" timestamp="2020-11-12T16:04:49 IST" time="17.056" errors="0">
  <testcase name="loginTest" time="17.056" classname="com.OSMOSE.testcases.LoginTest"/>
  <system-out>
Click to see Screenshot <a target="_blank" href=Thu_Nov_12_16_04_44_IST_2020.jpg>Screenshot</a> <br> <br> <a target="_blank" href=Thu_Nov_12_16_04_44_IST_2020.jpg><img src=Thu_Nov_12_16_04_44_IST_2020.jpg height=200 width=200></img></a>  </system-out>
</testsuite> <!-- com.OSMOSE.testcases.LoginTest -->
