<?xml version="1.0" encoding="UTF-8"?>
<!-- Generated by org.testng.reporters.JUnitReportReporter -->
<testsuite skipped="0" hostname="5CG6323N27" name="com.OSMOSE.testcases.Contact" tests="17" failures="2" timestamp="2020-08-19T16:30:45 IST" time="55.055" errors="0">
  <testcase name="verifyContactUsMenuContents" time="0.242" classname="com.OSMOSE.testcases.Contact"/>
  <system-out>
Click to see Screenshot <a target="_blank" href=Wed_Aug_19_16_26_42_IST_2020.jpg>Screenshot</a> <br> <br> <a target="_blank" href=Wed_Aug_19_16_26_42_IST_2020.jpg><img src=Wed_Aug_19_16_26_42_IST_2020.jpg height=200 width=200></img></a>  </system-out>
  <testcase name="verifyViewContactsHeaderContents" time="0.191" classname="com.OSMOSE.testcases.Contact">
    <failure type="java.lang.AssertionError" message="expected [Products Contacts] but found [Pedernales EC Dev Contacts]">
      <![CDATA[java.lang.AssertionError: expected [Products Contacts] but found [Pedernales EC Dev Contacts]
at org.testng.Assert.fail(Assert.java:97)
at org.testng.Assert.assertEqualsImpl(Assert.java:136)
at org.testng.Assert.assertEquals(Assert.java:118)
at org.testng.Assert.assertEquals(Assert.java:575)
at org.testng.Assert.assertEquals(Assert.java:585)
at com.OSMOSE.testcases.Contact.verifyViewContactsHeaderContents(Contact.java:27)
at sun.reflect.NativeMethodAccessorImpl.invoke0(Native Method)
at sun.reflect.NativeMethodAccessorImpl.invoke(Unknown Source)
at sun.reflect.DelegatingMethodAccessorImpl.invoke(Unknown Source)
at java.lang.reflect.Method.invoke(Unknown Source)
at org.testng.internal.MethodInvocationHelper.invokeMethod(MethodInvocationHelper.java:134)
at org.testng.internal.TestInvoker.invokeMethod(TestInvoker.java:597)
at org.testng.internal.TestInvoker.invokeTestMethod(TestInvoker.java:173)
at org.testng.internal.MethodRunner.runInSequence(MethodRunner.java:46)
at org.testng.internal.TestInvoker$MethodInvocationAgent.invoke(TestInvoker.java:816)
at org.testng.internal.TestInvoker.invokeTestMethods(TestInvoker.java:146)
at org.testng.internal.TestMethodWorker.invokeTestMethods(TestMethodWorker.java:146)
at org.testng.internal.TestMethodWorker.run(TestMethodWorker.java:128)
at java.util.ArrayList.forEach(Unknown Source)
at org.testng.TestRunner.privateRun(TestRunner.java:766)
at org.testng.TestRunner.run(TestRunner.java:587)
at org.testng.SuiteRunner.runTest(SuiteRunner.java:384)
at org.testng.SuiteRunner.runSequentially(SuiteRunner.java:378)
at org.testng.SuiteRunner.privateRun(SuiteRunner.java:337)
at org.testng.SuiteRunner.run(SuiteRunner.java:286)
at org.testng.SuiteRunnerWorker.runSuite(SuiteRunnerWorker.java:53)
at org.testng.SuiteRunnerWorker.run(SuiteRunnerWorker.java:96)
at org.testng.TestNG.runSuitesSequentially(TestNG.java:1187)
at org.testng.TestNG.runSuitesLocally(TestNG.java:1109)
at org.testng.TestNG.runSuites(TestNG.java:1039)
at org.testng.TestNG.run(TestNG.java:1007)
at org.testng.remote.AbstractRemoteTestNG.run(AbstractRemoteTestNG.java:115)
at org.testng.remote.RemoteTestNG.initAndRun(RemoteTestNG.java:251)
at org.testng.remote.RemoteTestNG.main(RemoteTestNG.java:77)
]]>
    </failure>
  </testcase> <!-- verifyViewContactsHeaderContents -->
  <system-out>
Click to see Screenshot <a target="_blank" href=Wed_Aug_19_16_26_43_IST_2020.jpg>Screenshot</a> <br> <br> <a target="_blank" href=Wed_Aug_19_16_26_43_IST_2020.jpg><img src=Wed_Aug_19_16_26_43_IST_2020.jpg height=200 width=200></img></a>  </system-out>
  <testcase name="verifyViewContactsContactCardContents" time="2.211" classname="com.OSMOSE.testcases.Contact">
    <failure type="java.lang.AssertionError" message="expected [Simth, John (Simth)] but found [Spaulding,Kevin L]">
      <![CDATA[java.lang.AssertionError: expected [Simth, John (Simth)] but found [Spaulding,Kevin L]
at org.testng.Assert.fail(Assert.java:97)
at org.testng.Assert.assertEqualsImpl(Assert.java:136)
at org.testng.Assert.assertEquals(Assert.java:118)
at org.testng.Assert.assertEquals(Assert.java:575)
at org.testng.Assert.assertEquals(Assert.java:585)
at com.OSMOSE.testcases.Contact.verifyViewContactsContactCardContents(Contact.java:35)
at sun.reflect.NativeMethodAccessorImpl.invoke0(Native Method)
at sun.reflect.NativeMethodAccessorImpl.invoke(Unknown Source)
at sun.reflect.DelegatingMethodAccessorImpl.invoke(Unknown Source)
at java.lang.reflect.Method.invoke(Unknown Source)
at org.testng.internal.MethodInvocationHelper.invokeMethod(MethodInvocationHelper.java:134)
at org.testng.internal.TestInvoker.invokeMethod(TestInvoker.java:597)
at org.testng.internal.TestInvoker.invokeTestMethod(TestInvoker.java:173)
at org.testng.internal.MethodRunner.runInSequence(MethodRunner.java:46)
at org.testng.internal.TestInvoker$MethodInvocationAgent.invoke(TestInvoker.java:816)
at org.testng.internal.TestInvoker.invokeTestMethods(TestInvoker.java:146)
at org.testng.internal.TestMethodWorker.invokeTestMethods(TestMethodWorker.java:146)
at org.testng.internal.TestMethodWorker.run(TestMethodWorker.java:128)
at java.util.ArrayList.forEach(Unknown Source)
at org.testng.TestRunner.privateRun(TestRunner.java:766)
at org.testng.TestRunner.run(TestRunner.java:587)
at org.testng.SuiteRunner.runTest(SuiteRunner.java:384)
at org.testng.SuiteRunner.runSequentially(SuiteRunner.java:378)
at org.testng.SuiteRunner.privateRun(SuiteRunner.java:337)
at org.testng.SuiteRunner.run(SuiteRunner.java:286)
at org.testng.SuiteRunnerWorker.runSuite(SuiteRunnerWorker.java:53)
at org.testng.SuiteRunnerWorker.run(SuiteRunnerWorker.java:96)
at org.testng.TestNG.runSuitesSequentially(TestNG.java:1187)
at org.testng.TestNG.runSuitesLocally(TestNG.java:1109)
at org.testng.TestNG.runSuites(TestNG.java:1039)
at org.testng.TestNG.run(TestNG.java:1007)
at org.testng.remote.AbstractRemoteTestNG.run(AbstractRemoteTestNG.java:115)
at org.testng.remote.RemoteTestNG.initAndRun(RemoteTestNG.java:251)
at org.testng.remote.RemoteTestNG.main(RemoteTestNG.java:77)
]]>
    </failure>
  </testcase> <!-- verifyViewContactsContactCardContents -->
  <system-out>
Click to see Screenshot <a target="_blank" href=Wed_Aug_19_16_26_46_IST_2020.jpg>Screenshot</a> <br> <br> <a target="_blank" href=Wed_Aug_19_16_26_46_IST_2020.jpg><img src=Wed_Aug_19_16_26_46_IST_2020.jpg height=200 width=200></img></a>  </system-out>
  <testcase name="verifyContactUsHeaderContents" time="0.382" classname="com.OSMOSE.testcases.Contact"/>
  <system-out>
Click to see Screenshot <a target="_blank" href=Wed_Aug_19_16_26_47_IST_2020.jpg>Screenshot</a> <br> <br> <a target="_blank" href=Wed_Aug_19_16_26_47_IST_2020.jpg><img src=Wed_Aug_19_16_26_47_IST_2020.jpg height=200 width=200></img></a>  </system-out>
  <testcase name="verifyClickOnBackButton" time="0.238" classname="com.OSMOSE.testcases.Contact"/>
  <system-out>
Click to see Screenshot <a target="_blank" href=Wed_Aug_19_16_26_48_IST_2020.jpg>Screenshot</a> <br> <br> <a target="_blank" href=Wed_Aug_19_16_26_48_IST_2020.jpg><img src=Wed_Aug_19_16_26_48_IST_2020.jpg height=200 width=200></img></a>  </system-out>
  <testcase name="verifyContactUsClickOnGoogleMap" time="31.513" classname="com.OSMOSE.testcases.Contact"/>
  <system-out>
Click to see Screenshot <a target="_blank" href=Wed_Aug_19_16_27_20_IST_2020.jpg>Screenshot</a> <br> <br> <a target="_blank" href=Wed_Aug_19_16_27_20_IST_2020.jpg><img src=Wed_Aug_19_16_27_20_IST_2020.jpg height=200 width=200></img></a>  </system-out>
  <testcase name="verifyContactUsGeneralInquiriesContents" time="0.054" classname="com.OSMOSE.testcases.Contact"/>
  <system-out>
Click to see Screenshot <a target="_blank" href=Wed_Aug_19_16_27_20_IST_2020.jpg>Screenshot</a> <br> <br> <a target="_blank" href=Wed_Aug_19_16_27_20_IST_2020.jpg><img src=Wed_Aug_19_16_27_20_IST_2020.jpg height=200 width=200></img></a>  </system-out>
  <testcase name="verifyContactUsSalesProductsContents" time="0.072" classname="com.OSMOSE.testcases.Contact"/>
  <system-out>
Click to see Screenshot <a target="_blank" href=Wed_Aug_19_16_27_21_IST_2020.jpg>Screenshot</a> <br> <br> <a target="_blank" href=Wed_Aug_19_16_27_21_IST_2020.jpg><img src=Wed_Aug_19_16_27_21_IST_2020.jpg height=200 width=200></img></a>  </system-out>
  <testcase name="verifyContactUsSalesServicesContents" time="0.075" classname="com.OSMOSE.testcases.Contact"/>
  <system-out>
Click to see Screenshot <a target="_blank" href=Wed_Aug_19_16_27_21_IST_2020.jpg>Screenshot</a> <br> <br> <a target="_blank" href=Wed_Aug_19_16_27_21_IST_2020.jpg><img src=Wed_Aug_19_16_27_21_IST_2020.jpg height=200 width=200></img></a>  </system-out>
  <testcase name="verifyContactUsOCalcProContents" time="0.076" classname="com.OSMOSE.testcases.Contact"/>
  <system-out>
Click to see Screenshot <a target="_blank" href=Wed_Aug_19_16_27_22_IST_2020.jpg>Screenshot</a> <br> <br> <a target="_blank" href=Wed_Aug_19_16_27_22_IST_2020.jpg><img src=Wed_Aug_19_16_27_22_IST_2020.jpg height=200 width=200></img></a>  </system-out>
  <testcase name="verifyContactUsQueryFormContents" time="0.112" classname="com.OSMOSE.testcases.Contact"/>
  <system-out>
Click to see Screenshot <a target="_blank" href=Wed_Aug_19_16_27_22_IST_2020.jpg>Screenshot</a> <br> <br> <a target="_blank" href=Wed_Aug_19_16_27_22_IST_2020.jpg><img src=Wed_Aug_19_16_27_22_IST_2020.jpg height=200 width=200></img></a>  </system-out>
  <testcase name="verifyFormSubmissionWith_RequestForInformation" time="2.465" classname="com.OSMOSE.testcases.Contact"/>
  <system-out>
Click to see Screenshot <a target="_blank" href=Wed_Aug_19_16_27_25_IST_2020.jpg>Screenshot</a> <br> <br> <a target="_blank" href=Wed_Aug_19_16_27_25_IST_2020.jpg><img src=Wed_Aug_19_16_27_25_IST_2020.jpg height=200 width=200></img></a>  </system-out>
  <testcase name="verifyFormSubmissionThankYouPopUp" time="12.160" classname="com.OSMOSE.testcases.Contact"/>
  <system-out>
Click to see Screenshot <a target="_blank" href=Wed_Aug_19_16_27_38_IST_2020.jpg>Screenshot</a> <br> <br> <a target="_blank" href=Wed_Aug_19_16_27_38_IST_2020.jpg><img src=Wed_Aug_19_16_27_38_IST_2020.jpg height=200 width=200></img></a>  </system-out>
  <testcase name="verifyFormSubmissionWith_ProjectSupport" time="1.869" classname="com.OSMOSE.testcases.Contact"/>
  <system-out>
Click to see Screenshot <a target="_blank" href=Wed_Aug_19_16_27_40_IST_2020.jpg>Screenshot</a> <br> <br> <a target="_blank" href=Wed_Aug_19_16_27_40_IST_2020.jpg><img src=Wed_Aug_19_16_27_40_IST_2020.jpg height=200 width=200></img></a>  </system-out>
  <testcase name="verifyFormSubmissionWith_TechnicalSupport" time="1.774" classname="com.OSMOSE.testcases.Contact"/>
  <system-out>
Click to see Screenshot <a target="_blank" href=Wed_Aug_19_16_27_42_IST_2020.jpg>Screenshot</a> <br> <br> <a target="_blank" href=Wed_Aug_19_16_27_42_IST_2020.jpg><img src=Wed_Aug_19_16_27_42_IST_2020.jpg height=200 width=200></img></a>  </system-out>
  <testcase name="verifyFormSubmissionWith_Other" time="1.547" classname="com.OSMOSE.testcases.Contact"/>
  <system-out>
Click to see Screenshot <a target="_blank" href=Wed_Aug_19_16_27_44_IST_2020.jpg>Screenshot</a> <br> <br> <a target="_blank" href=Wed_Aug_19_16_27_44_IST_2020.jpg><img src=Wed_Aug_19_16_27_44_IST_2020.jpg height=200 width=200></img></a>  </system-out>
  <testcase name="verifyFormSubmissionErrorMessage" time="0.074" classname="com.OSMOSE.testcases.Contact"/>
  <system-out>
Click to see Screenshot <a target="_blank" href=Wed_Aug_19_16_27_45_IST_2020.jpg>Screenshot</a> <br> <br> <a target="_blank" href=Wed_Aug_19_16_27_45_IST_2020.jpg><img src=Wed_Aug_19_16_27_45_IST_2020.jpg height=200 width=200></img></a>  </system-out>
</testsuite> <!-- com.OSMOSE.testcases.Contact -->
