<?xml version="1.0" encoding="UTF-8"?>
<!-- Generated by org.testng.reporters.JUnitReportReporter -->
<testsuite skipped="5" hostname="5CG6323N27" name="com.OSMOSE.testcases.OULogin" tests="23" failures="0" timestamp="2020-08-07T12:44:11 IST" time="165.372" errors="0">
  <testcase name="loginTest" time="21.123" classname="com.OSMOSE.testcases.OULogin"/>
  <system-out>
Click to see Screenshot <a target="_blank" href=Fri_Aug_07_12_25_03_IST_2020.jpg>Screenshot</a> <br> <br> <a target="_blank" href=Fri_Aug_07_12_25_03_IST_2020.jpg><img src=Fri_Aug_07_12_25_03_IST_2020.jpg height=200 width=200></img></a>  </system-out>
  <testcase name="verifyOUCard" time="2.869" classname="com.OSMOSE.testcases.OULogin"/>
  <system-out>
Click to see Screenshot <a target="_blank" href=Fri_Aug_07_12_25_08_IST_2020.jpg>Screenshot</a> <br> <br> <a target="_blank" href=Fri_Aug_07_12_25_08_IST_2020.jpg><img src=Fri_Aug_07_12_25_08_IST_2020.jpg height=200 width=200></img></a>  </system-out>
  <testcase name="verifyKnowledgeBaseCard" time="0.084" classname="com.OSMOSE.testcases.OULogin"/>
  <system-out>
Click to see Screenshot <a target="_blank" href=Fri_Aug_07_12_25_09_IST_2020.jpg>Screenshot</a> <br> <br> <a target="_blank" href=Fri_Aug_07_12_25_09_IST_2020.jpg><img src=Fri_Aug_07_12_25_09_IST_2020.jpg height=200 width=200></img></a>  </system-out>
  <testcase name="verifyProductCard" time="0.089" classname="com.OSMOSE.testcases.OULogin"/>
  <system-out>
Click to see Screenshot <a target="_blank" href=Fri_Aug_07_12_25_10_IST_2020.jpg>Screenshot</a> <br> <br> <a target="_blank" href=Fri_Aug_07_12_25_10_IST_2020.jpg><img src=Fri_Aug_07_12_25_10_IST_2020.jpg height=200 width=200></img></a>  </system-out>
  <testcase name="verifyContactUs" time="0.035" classname="com.OSMOSE.testcases.OULogin"/>
  <system-out>
Click to see Screenshot <a target="_blank" href=Fri_Aug_07_12_25_11_IST_2020.jpg>Screenshot</a> <br> <br> <a target="_blank" href=Fri_Aug_07_12_25_11_IST_2020.jpg><img src=Fri_Aug_07_12_25_11_IST_2020.jpg height=200 width=200></img></a>  </system-out>
  <testcase name="verifyHyperlinks" time="0.159" classname="com.OSMOSE.testcases.OULogin"/>
  <system-out>
Click to see Screenshot <a target="_blank" href=Fri_Aug_07_12_25_12_IST_2020.jpg>Screenshot</a> <br> <br> <a target="_blank" href=Fri_Aug_07_12_25_12_IST_2020.jpg><img src=Fri_Aug_07_12_25_12_IST_2020.jpg height=200 width=200></img></a>  </system-out>
  <testcase name="verifyVideoLinks" time="0.121" classname="com.OSMOSE.testcases.OULogin"/>
  <system-out>
Click to see Screenshot <a target="_blank" href=Fri_Aug_07_12_25_13_IST_2020.jpg>Screenshot</a> <br> <br> <a target="_blank" href=Fri_Aug_07_12_25_13_IST_2020.jpg><img src=Fri_Aug_07_12_25_13_IST_2020.jpg height=200 width=200></img></a>  </system-out>
  <testcase name="verifyOsmoseUniversityNavigationClick" time="12.616" classname="com.OSMOSE.testcases.OULogin"/>
  <system-out>
Click to see Screenshot <a target="_blank" href=Fri_Aug_07_12_25_26_IST_2020.jpg>Screenshot</a> <br> <br> <a target="_blank" href=Fri_Aug_07_12_25_26_IST_2020.jpg><img src=Fri_Aug_07_12_25_26_IST_2020.jpg height=200 width=200></img></a>  </system-out>
  <testcase name="verifyLiveEventCLick" time="12.394" classname="com.OSMOSE.testcases.OULogin"/>
  <system-out>
Click to see Screenshot <a target="_blank" href=Fri_Aug_07_12_25_39_IST_2020.jpg>Screenshot</a> <br> <br> <a target="_blank" href=Fri_Aug_07_12_25_39_IST_2020.jpg><img src=Fri_Aug_07_12_25_39_IST_2020.jpg height=200 width=200></img></a>  </system-out>
  <testcase name="verifyWebinarsClick" time="12.338" classname="com.OSMOSE.testcases.OULogin"/>
  <system-out>
Click to see Screenshot <a target="_blank" href=Fri_Aug_07_12_25_53_IST_2020.jpg>Screenshot</a> <br> <br> <a target="_blank" href=Fri_Aug_07_12_25_53_IST_2020.jpg><img src=Fri_Aug_07_12_25_53_IST_2020.jpg height=200 width=200></img></a>  </system-out>
  <testcase name="verifyOCalcClick" time="12.302" classname="com.OSMOSE.testcases.OULogin"/>
  <system-out>
Click to see Screenshot <a target="_blank" href=Fri_Aug_07_12_26_06_IST_2020.jpg>Screenshot</a> <br> <br> <a target="_blank" href=Fri_Aug_07_12_26_06_IST_2020.jpg><img src=Fri_Aug_07_12_26_06_IST_2020.jpg height=200 width=200></img></a>  </system-out>
  <testcase name="clickOnOuLink" time="12.207" classname="com.OSMOSE.testcases.OULogin"/>
  <system-out>
Click to see Screenshot <a target="_blank" href=Fri_Aug_07_12_26_20_IST_2020.jpg>Screenshot</a> <br> <br> <a target="_blank" href=Fri_Aug_07_12_26_20_IST_2020.jpg><img src=Fri_Aug_07_12_26_20_IST_2020.jpg height=200 width=200></img></a>  </system-out>
  <testcase name="verifyLiveEventsSTS" time="13.399" classname="com.OSMOSE.testcases.OULogin"/>
  <system-out>
Click to see Screenshot <a target="_blank" href=Fri_Aug_07_12_26_34_IST_2020.jpg>Screenshot</a> <br> <br> <a target="_blank" href=Fri_Aug_07_12_26_34_IST_2020.jpg><img src=Fri_Aug_07_12_26_34_IST_2020.jpg height=200 width=200></img></a>  </system-out>
  <testcase name="verifyLiveEventsJUS" time="13.063" classname="com.OSMOSE.testcases.OULogin"/>
  <system-out>
Click to see Screenshot <a target="_blank" href=Fri_Aug_07_12_26_48_IST_2020.jpg>Screenshot</a> <br> <br> <a target="_blank" href=Fri_Aug_07_12_26_48_IST_2020.jpg><img src=Fri_Aug_07_12_26_48_IST_2020.jpg height=200 width=200></img></a>  </system-out>
  <testcase name="verifyLiveEventsWPTS" time="12.988" classname="com.OSMOSE.testcases.OULogin"/>
  <system-out>
Click to see Screenshot <a target="_blank" href=Fri_Aug_07_12_27_02_IST_2020.jpg>Screenshot</a> <br> <br> <a target="_blank" href=Fri_Aug_07_12_27_02_IST_2020.jpg><img src=Fri_Aug_07_12_27_02_IST_2020.jpg height=200 width=200></img></a>  </system-out>
  <testcase name="verifyDETAILSANDREGISTRATION" time="13.860" classname="com.OSMOSE.testcases.OULogin"/>
  <system-out>
Click to see Screenshot <a target="_blank" href=Fri_Aug_07_12_27_16_IST_2020.jpg>Screenshot</a> <br> <br> <a target="_blank" href=Fri_Aug_07_12_27_16_IST_2020.jpg><img src=Fri_Aug_07_12_27_16_IST_2020.jpg height=200 width=200></img></a>  </system-out>
  <testcase name="verifyClickingTheWebinars" time="12.261" classname="com.OSMOSE.testcases.OULogin"/>
  <system-out>
Click to see Screenshot <a target="_blank" href=Fri_Aug_07_12_27_29_IST_2020.jpg>Screenshot</a> <br> <br> <a target="_blank" href=Fri_Aug_07_12_27_29_IST_2020.jpg><img src=Fri_Aug_07_12_27_29_IST_2020.jpg height=200 width=200></img></a>  </system-out>
  <testcase name="verifyOClacTrainingButton" time="13.464" classname="com.OSMOSE.testcases.OULogin"/>
  <system-out>
Click to see Screenshot <a target="_blank" href=Fri_Aug_07_12_27_43_IST_2020.jpg>Screenshot</a> <br> <br> <a target="_blank" href=Fri_Aug_07_12_27_43_IST_2020.jpg><img src=Fri_Aug_07_12_27_43_IST_2020.jpg height=200 width=200></img></a>  </system-out>
  <testcase name="verifyContactAndStray" classname="com.OSMOSE.testcases.OULogin">
    <skipped/>
  </testcase> <!-- verifyContactAndStray -->
  <system-out/>
  <testcase name="verifySteelStructuresProtected" classname="com.OSMOSE.testcases.OULogin">
    <skipped/>
  </testcase> <!-- verifySteelStructuresProtected -->
  <system-out/>
  <testcase name="steelStructuresProtectedMOREINFOREGISTRATION" classname="com.OSMOSE.testcases.OULogin">
    <skipped/>
  </testcase> <!-- steelStructuresProtectedMOREINFOREGISTRATION -->
  <system-out/>
  <testcase name="verifyUpcomingWebinarsPage" classname="com.OSMOSE.testcases.OULogin">
    <skipped/>
  </testcase> <!-- verifyUpcomingWebinarsPage -->
  <system-out/>
  <testcase name="ContactAndStrayMOREINFOREGISTRATION" classname="com.OSMOSE.testcases.OULogin">
    <skipped/>
  </testcase> <!-- ContactAndStrayMOREINFOREGISTRATION -->
  <system-out/>
</testsuite> <!-- com.OSMOSE.testcases.OULogin -->
