<?xml version="1.0" encoding="UTF-8"?>
<!-- Generated by org.testng.reporters.JUnitReportReporter -->
<testsuite skipped="5" hostname="5CG6323N27" name="com.OSMOSE.testcases.OULogin" tests="29" failures="0" timestamp="2020-12-11T23:30:58 IST" time="297.293" errors="0">
  <testcase name="verifyOUCard" time="5.585" classname="com.OSMOSE.testcases.OULogin"/>
  <system-out>
Click to see Screenshot <a target="_blank" href=Fri_Dec_11_23_25_46_IST_2020.jpg>Screenshot</a> <br> <br> <a target="_blank" href=Fri_Dec_11_23_25_46_IST_2020.jpg><img src=Fri_Dec_11_23_25_46_IST_2020.jpg height=200 width=200></img></a>  </system-out>
  <testcase name="verifyKnowledgeBaseCard" time="0.073" classname="com.OSMOSE.testcases.OULogin"/>
  <system-out>
Click to see Screenshot <a target="_blank" href=Fri_Dec_11_23_25_47_IST_2020.jpg>Screenshot</a> <br> <br> <a target="_blank" href=Fri_Dec_11_23_25_47_IST_2020.jpg><img src=Fri_Dec_11_23_25_47_IST_2020.jpg height=200 width=200></img></a>  </system-out>
  <testcase name="verifyProductCard" time="0.037" classname="com.OSMOSE.testcases.OULogin"/>
  <system-out>
Click to see Screenshot <a target="_blank" href=Fri_Dec_11_23_25_48_IST_2020.jpg>Screenshot</a> <br> <br> <a target="_blank" href=Fri_Dec_11_23_25_48_IST_2020.jpg><img src=Fri_Dec_11_23_25_48_IST_2020.jpg height=200 width=200></img></a>  </system-out>
  <testcase name="verifyContactUs" time="0.039" classname="com.OSMOSE.testcases.OULogin"/>
  <system-out>
Click to see Screenshot <a target="_blank" href=Fri_Dec_11_23_25_49_IST_2020.jpg>Screenshot</a> <br> <br> <a target="_blank" href=Fri_Dec_11_23_25_49_IST_2020.jpg><img src=Fri_Dec_11_23_25_49_IST_2020.jpg height=200 width=200></img></a>  </system-out>
  <testcase name="verifyHyperlinks" time="0.113" classname="com.OSMOSE.testcases.OULogin"/>
  <system-out>
Click to see Screenshot <a target="_blank" href=Fri_Dec_11_23_25_49_IST_2020.jpg>Screenshot</a> <br> <br> <a target="_blank" href=Fri_Dec_11_23_25_49_IST_2020.jpg><img src=Fri_Dec_11_23_25_49_IST_2020.jpg height=200 width=200></img></a>  </system-out>
  <testcase name="verifyVideoLinks" time="0.076" classname="com.OSMOSE.testcases.OULogin"/>
  <system-out>
Click to see Screenshot <a target="_blank" href=Fri_Dec_11_23_25_50_IST_2020.jpg>Screenshot</a> <br> <br> <a target="_blank" href=Fri_Dec_11_23_25_50_IST_2020.jpg><img src=Fri_Dec_11_23_25_50_IST_2020.jpg height=200 width=200></img></a>  </system-out>
  <testcase name="verifyOsmoseUniversityNavigationClick" time="14.440" classname="com.OSMOSE.testcases.OULogin"/>
  <system-out>
Click to see Screenshot <a target="_blank" href=Fri_Dec_11_23_26_05_IST_2020.jpg>Screenshot</a> <br> <br> <a target="_blank" href=Fri_Dec_11_23_26_05_IST_2020.jpg><img src=Fri_Dec_11_23_26_05_IST_2020.jpg height=200 width=200></img></a>  </system-out>
  <testcase name="verifyLiveEventCLick" time="12.438" classname="com.OSMOSE.testcases.OULogin"/>
  <system-out>
Click to see Screenshot <a target="_blank" href=Fri_Dec_11_23_26_18_IST_2020.jpg>Screenshot</a> <br> <br> <a target="_blank" href=Fri_Dec_11_23_26_18_IST_2020.jpg><img src=Fri_Dec_11_23_26_18_IST_2020.jpg height=200 width=200></img></a>  </system-out>
  <testcase name="verifyWebinarsClick" time="13.527" classname="com.OSMOSE.testcases.OULogin"/>
  <system-out>
Click to see Screenshot <a target="_blank" href=Fri_Dec_11_23_26_33_IST_2020.jpg>Screenshot</a> <br> <br> <a target="_blank" href=Fri_Dec_11_23_26_33_IST_2020.jpg><img src=Fri_Dec_11_23_26_33_IST_2020.jpg height=200 width=200></img></a>  </system-out>
  <testcase name="verifyOCalcClick" time="12.257" classname="com.OSMOSE.testcases.OULogin"/>
  <system-out>
Click to see Screenshot <a target="_blank" href=Fri_Dec_11_23_26_46_IST_2020.jpg>Screenshot</a> <br> <br> <a target="_blank" href=Fri_Dec_11_23_26_46_IST_2020.jpg><img src=Fri_Dec_11_23_26_46_IST_2020.jpg height=200 width=200></img></a>  </system-out>
  <testcase name="clickOnOuLink" time="12.362" classname="com.OSMOSE.testcases.OULogin"/>
  <system-out>
Click to see Screenshot <a target="_blank" href=Fri_Dec_11_23_26_59_IST_2020.jpg>Screenshot</a> <br> <br> <a target="_blank" href=Fri_Dec_11_23_26_59_IST_2020.jpg><img src=Fri_Dec_11_23_26_59_IST_2020.jpg height=200 width=200></img></a>  </system-out>
  <testcase name="verifyLiveEventsSTS" time="13.484" classname="com.OSMOSE.testcases.OULogin"/>
  <system-out>
Click to see Screenshot <a target="_blank" href=Fri_Dec_11_23_27_13_IST_2020.jpg>Screenshot</a> <br> <br> <a target="_blank" href=Fri_Dec_11_23_27_13_IST_2020.jpg><img src=Fri_Dec_11_23_27_13_IST_2020.jpg height=200 width=200></img></a>  </system-out>
  <testcase name="verifyLiveEventsJUS" time="12.507" classname="com.OSMOSE.testcases.OULogin"/>
  <system-out>
Click to see Screenshot <a target="_blank" href=Fri_Dec_11_23_27_26_IST_2020.jpg>Screenshot</a> <br> <br> <a target="_blank" href=Fri_Dec_11_23_27_26_IST_2020.jpg><img src=Fri_Dec_11_23_27_26_IST_2020.jpg height=200 width=200></img></a>  </system-out>
  <testcase name="verifyLiveEventsWPTS" time="13.725" classname="com.OSMOSE.testcases.OULogin"/>
  <system-out>
Click to see Screenshot <a target="_blank" href=Fri_Dec_11_23_27_41_IST_2020.jpg>Screenshot</a> <br> <br> <a target="_blank" href=Fri_Dec_11_23_27_41_IST_2020.jpg><img src=Fri_Dec_11_23_27_41_IST_2020.jpg height=200 width=200></img></a>  </system-out>
  <testcase name="verifyDETAILSANDREGISTRATION" time="13.790" classname="com.OSMOSE.testcases.OULogin"/>
  <system-out>
Click to see Screenshot <a target="_blank" href=Fri_Dec_11_23_27_55_IST_2020.jpg>Screenshot</a> <br> <br> <a target="_blank" href=Fri_Dec_11_23_27_55_IST_2020.jpg><img src=Fri_Dec_11_23_27_55_IST_2020.jpg height=200 width=200></img></a>  </system-out>
  <testcase name="verifyClickingTheWebinars" time="12.447" classname="com.OSMOSE.testcases.OULogin"/>
  <system-out>
Click to see Screenshot <a target="_blank" href=Fri_Dec_11_23_28_08_IST_2020.jpg>Screenshot</a> <br> <br> <a target="_blank" href=Fri_Dec_11_23_28_08_IST_2020.jpg><img src=Fri_Dec_11_23_28_08_IST_2020.jpg height=200 width=200></img></a>  </system-out>
  <testcase name="verifyOClacTrainingButton" time="12.779" classname="com.OSMOSE.testcases.OULogin"/>
  <system-out>
Click to see Screenshot <a target="_blank" href=Fri_Dec_11_23_28_22_IST_2020.jpg>Screenshot</a> <br> <br> <a target="_blank" href=Fri_Dec_11_23_28_22_IST_2020.jpg><img src=Fri_Dec_11_23_28_22_IST_2020.jpg height=200 width=200></img></a>  </system-out>
  <testcase name="verifySearchWebinarsHistorical" time="19.535" classname="com.OSMOSE.testcases.OULogin"/>
  <system-out>
Click to see Screenshot <a target="_blank" href=Fri_Dec_11_23_28_42_IST_2020.jpg>Screenshot</a> <br> <br> <a target="_blank" href=Fri_Dec_11_23_28_42_IST_2020.jpg><img src=Fri_Dec_11_23_28_42_IST_2020.jpg height=200 width=200></img></a>  </system-out>
  <testcase name="verifyInvalidSearchHistorical" time="13.929" classname="com.OSMOSE.testcases.OULogin"/>
  <system-out>
Click to see Screenshot <a target="_blank" href=Fri_Dec_11_23_28_56_IST_2020.jpg>Screenshot</a> <br> <br> <a target="_blank" href=Fri_Dec_11_23_28_56_IST_2020.jpg><img src=Fri_Dec_11_23_28_56_IST_2020.jpg height=200 width=200></img></a>  </system-out>
  <testcase name="verifySortWebinarsHistorical" time="19.081" classname="com.OSMOSE.testcases.OULogin"/>
  <system-out>
Click to see Screenshot <a target="_blank" href=Fri_Dec_11_23_29_16_IST_2020.jpg>Screenshot</a> <br> <br> <a target="_blank" href=Fri_Dec_11_23_29_16_IST_2020.jpg><img src=Fri_Dec_11_23_29_16_IST_2020.jpg height=200 width=200></img></a>  </system-out>
  <testcase name="verifyClearSearchHistorical" time="19.217" classname="com.OSMOSE.testcases.OULogin"/>
  <system-out>
Click to see Screenshot <a target="_blank" href=Fri_Dec_11_23_29_36_IST_2020.jpg>Screenshot</a> <br> <br> <a target="_blank" href=Fri_Dec_11_23_29_36_IST_2020.jpg><img src=Fri_Dec_11_23_29_36_IST_2020.jpg height=200 width=200></img></a>  </system-out>
  <testcase name="verifyVideoGalleryHistorical" time="26.992" classname="com.OSMOSE.testcases.OULogin"/>
  <system-out>
Click to see Screenshot <a target="_blank" href=Fri_Dec_11_23_30_03_IST_2020.jpg>Screenshot</a> <br> <br> <a target="_blank" href=Fri_Dec_11_23_30_03_IST_2020.jpg><img src=Fri_Dec_11_23_30_03_IST_2020.jpg height=200 width=200></img></a>  </system-out>
  <testcase name="verifyPopularQueriesSearchResults" time="25.169" classname="com.OSMOSE.testcases.OULogin"/>
  <system-out>
Click to see Screenshot <a target="_blank" href=Fri_Dec_11_23_30_29_IST_2020.jpg>Screenshot</a> <br> <br> <a target="_blank" href=Fri_Dec_11_23_30_29_IST_2020.jpg><img src=Fri_Dec_11_23_30_29_IST_2020.jpg height=200 width=200></img></a>  </system-out>
  <testcase name="verifyPopularQueriesReset" time="23.691" classname="com.OSMOSE.testcases.OULogin"/>
  <system-out>
Click to see Screenshot <a target="_blank" href=Fri_Dec_11_23_30_53_IST_2020.jpg>Screenshot</a> <br> <br> <a target="_blank" href=Fri_Dec_11_23_30_53_IST_2020.jpg><img src=Fri_Dec_11_23_30_53_IST_2020.jpg height=200 width=200></img></a>  </system-out>
  <testcase name="verifyContactAndStray" classname="com.OSMOSE.testcases.OULogin">
    <skipped/>
  </testcase> <!-- verifyContactAndStray -->
  <system-out/>
  <testcase name="verifySteelStructuresProtected" classname="com.OSMOSE.testcases.OULogin">
    <skipped/>
  </testcase> <!-- verifySteelStructuresProtected -->
  <system-out/>
  <testcase name="steelStructuresProtectedMOREINFOREGISTRATION" classname="com.OSMOSE.testcases.OULogin">
    <skipped/>
  </testcase> <!-- steelStructuresProtectedMOREINFOREGISTRATION -->
  <system-out/>
  <testcase name="verifyUpcomingWebinarsPage" classname="com.OSMOSE.testcases.OULogin">
    <skipped/>
  </testcase> <!-- verifyUpcomingWebinarsPage -->
  <system-out/>
  <testcase name="ContactAndStrayMOREINFOREGISTRATION" classname="com.OSMOSE.testcases.OULogin">
    <skipped/>
  </testcase> <!-- ContactAndStrayMOREINFOREGISTRATION -->
  <system-out/>
</testsuite> <!-- com.OSMOSE.testcases.OULogin -->
