<?xml version="1.0" encoding="UTF-8"?>
<!-- Generated by org.testng.reporters.JUnitReportReporter -->
<testsuite skipped="6" hostname="5CG6323N27" name="com.OSMOSE.testcases.Contact" tests="26" failures="0" timestamp="2020-09-07T19:42:30 IST" time="130.220" errors="0">
  <testcase name="verifyContactUsMenuContents" time="0.281" classname="com.OSMOSE.testcases.Contact"/>
  <system-out>
Click to see Screenshot <a target="_blank" href=Mon_Sep_07_19_40_07_IST_2020.jpg>Screenshot</a> <br> <br> <a target="_blank" href=Mon_Sep_07_19_40_07_IST_2020.jpg><img src=Mon_Sep_07_19_40_07_IST_2020.jpg height=200 width=200></img></a>  </system-out>
  <testcase name="verifyPresenceOfProjectGroup" time="0.042" classname="com.OSMOSE.testcases.Contact"/>
  <system-out>
Click to see Screenshot <a target="_blank" href=Mon_Sep_07_19_40_07_IST_2020.jpg>Screenshot</a> <br> <br> <a target="_blank" href=Mon_Sep_07_19_40_07_IST_2020.jpg><img src=Mon_Sep_07_19_40_07_IST_2020.jpg height=200 width=200></img></a>  </system-out>
  <testcase name="verifyCityOfColumbiaContactCardContents" time="9.715" classname="com.OSMOSE.testcases.Contact"/>
  <system-out>
Click to see Screenshot <a target="_blank" href=Mon_Sep_07_19_40_18_IST_2020.jpg>Screenshot</a> <br> <br> <a target="_blank" href=Mon_Sep_07_19_40_18_IST_2020.jpg><img src=Mon_Sep_07_19_40_18_IST_2020.jpg height=200 width=200></img></a>  </system-out>
  <testcase name="verifyGeorgiaPowerCompanyContactCardContents" time="9.810" classname="com.OSMOSE.testcases.Contact"/>
  <system-out>
Click to see Screenshot <a target="_blank" href=Mon_Sep_07_19_40_28_IST_2020.jpg>Screenshot</a> <br> <br> <a target="_blank" href=Mon_Sep_07_19_40_28_IST_2020.jpg><img src=Mon_Sep_07_19_40_28_IST_2020.jpg height=200 width=200></img></a>  </system-out>
  <testcase name="verifyGrandElectricContactCardContents" time="9.661" classname="com.OSMOSE.testcases.Contact"/>
  <system-out>
Click to see Screenshot <a target="_blank" href=Mon_Sep_07_19_40_38_IST_2020.jpg>Screenshot</a> <br> <br> <a target="_blank" href=Mon_Sep_07_19_40_38_IST_2020.jpg><img src=Mon_Sep_07_19_40_38_IST_2020.jpg height=200 width=200></img></a>  </system-out>
  <testcase name="verifyIdahoPowerInspectionContactCardContents" time="9.851" classname="com.OSMOSE.testcases.Contact"/>
  <system-out>
Click to see Screenshot <a target="_blank" href=Mon_Sep_07_19_40_49_IST_2020.jpg>Screenshot</a> <br> <br> <a target="_blank" href=Mon_Sep_07_19_40_49_IST_2020.jpg><img src=Mon_Sep_07_19_40_49_IST_2020.jpg height=200 width=200></img></a>  </system-out>
  <testcase name="verifyIdahoPowerRestorationContactCardContents" time="9.821" classname="com.OSMOSE.testcases.Contact"/>
  <system-out>
Click to see Screenshot <a target="_blank" href=Mon_Sep_07_19_40_59_IST_2020.jpg>Screenshot</a> <br> <br> <a target="_blank" href=Mon_Sep_07_19_40_59_IST_2020.jpg><img src=Mon_Sep_07_19_40_59_IST_2020.jpg height=200 width=200></img></a>  </system-out>
  <testcase name="verifyOncurDistributionContactCardContents" time="9.750" classname="com.OSMOSE.testcases.Contact"/>
  <system-out>
Click to see Screenshot <a target="_blank" href=Mon_Sep_07_19_41_09_IST_2020.jpg>Screenshot</a> <br> <br> <a target="_blank" href=Mon_Sep_07_19_41_09_IST_2020.jpg><img src=Mon_Sep_07_19_41_09_IST_2020.jpg height=200 width=200></img></a>  </system-out>
  <testcase name="verifyPacificGasAndElectricCoContactCardContents" time="9.670" classname="com.OSMOSE.testcases.Contact"/>
  <system-out>
Click to see Screenshot <a target="_blank" href=Mon_Sep_07_19_41_20_IST_2020.jpg>Screenshot</a> <br> <br> <a target="_blank" href=Mon_Sep_07_19_41_20_IST_2020.jpg><img src=Mon_Sep_07_19_41_20_IST_2020.jpg height=200 width=200></img></a>  </system-out>
  <testcase name="verifyPedernalesElecCoopContactCardContents" time="9.887" classname="com.OSMOSE.testcases.Contact"/>
  <system-out>
Click to see Screenshot <a target="_blank" href=Mon_Sep_07_19_41_30_IST_2020.jpg>Screenshot</a> <br> <br> <a target="_blank" href=Mon_Sep_07_19_41_30_IST_2020.jpg><img src=Mon_Sep_07_19_41_30_IST_2020.jpg height=200 width=200></img></a>  </system-out>
  <testcase name="verifyPugetSoundEnergyInspectionContactCardContents" time="9.807" classname="com.OSMOSE.testcases.Contact"/>
  <system-out>
Click to see Screenshot <a target="_blank" href=Mon_Sep_07_19_41_41_IST_2020.jpg>Screenshot</a> <br> <br> <a target="_blank" href=Mon_Sep_07_19_41_41_IST_2020.jpg><img src=Mon_Sep_07_19_41_41_IST_2020.jpg height=200 width=200></img></a>  </system-out>
  <testcase name="verifyPugetSoundEnergyRestorationContactCardContents" time="9.841" classname="com.OSMOSE.testcases.Contact"/>
  <system-out>
Click to see Screenshot <a target="_blank" href=Mon_Sep_07_19_41_51_IST_2020.jpg>Screenshot</a> <br> <br> <a target="_blank" href=Mon_Sep_07_19_41_51_IST_2020.jpg><img src=Mon_Sep_07_19_41_51_IST_2020.jpg height=200 width=200></img></a>  </system-out>
  <testcase name="verifyContactUsHeaderContents" time="0.275" classname="com.OSMOSE.testcases.Contact"/>
  <system-out>
Click to see Screenshot <a target="_blank" href=Mon_Sep_07_19_41_52_IST_2020.jpg>Screenshot</a> <br> <br> <a target="_blank" href=Mon_Sep_07_19_41_52_IST_2020.jpg><img src=Mon_Sep_07_19_41_52_IST_2020.jpg height=200 width=200></img></a>  </system-out>
  <testcase name="verifyContactUsClickOnGoogleMap" time="31.297" classname="com.OSMOSE.testcases.Contact"/>
  <system-out>
Click to see Screenshot <a target="_blank" href=Mon_Sep_07_19_42_23_IST_2020.jpg>Screenshot</a> <br> <br> <a target="_blank" href=Mon_Sep_07_19_42_23_IST_2020.jpg><img src=Mon_Sep_07_19_42_23_IST_2020.jpg height=200 width=200></img></a>  </system-out>
  <testcase name="verifyContactUsGeneralInquiriesContents" time="0.051" classname="com.OSMOSE.testcases.Contact"/>
  <system-out>
Click to see Screenshot <a target="_blank" href=Mon_Sep_07_19_42_24_IST_2020.jpg>Screenshot</a> <br> <br> <a target="_blank" href=Mon_Sep_07_19_42_24_IST_2020.jpg><img src=Mon_Sep_07_19_42_24_IST_2020.jpg height=200 width=200></img></a>  </system-out>
  <testcase name="verifyContactUsSalesProductsContents" time="0.074" classname="com.OSMOSE.testcases.Contact"/>
  <system-out>
Click to see Screenshot <a target="_blank" href=Mon_Sep_07_19_42_24_IST_2020.jpg>Screenshot</a> <br> <br> <a target="_blank" href=Mon_Sep_07_19_42_24_IST_2020.jpg><img src=Mon_Sep_07_19_42_24_IST_2020.jpg height=200 width=200></img></a>  </system-out>
  <testcase name="verifyContactUsSalesServicesContents" time="0.072" classname="com.OSMOSE.testcases.Contact"/>
  <system-out>
Click to see Screenshot <a target="_blank" href=Mon_Sep_07_19_42_25_IST_2020.jpg>Screenshot</a> <br> <br> <a target="_blank" href=Mon_Sep_07_19_42_25_IST_2020.jpg><img src=Mon_Sep_07_19_42_25_IST_2020.jpg height=200 width=200></img></a>  </system-out>
  <testcase name="verifyContactUsOCalcProContents" time="0.090" classname="com.OSMOSE.testcases.Contact"/>
  <system-out>
Click to see Screenshot <a target="_blank" href=Mon_Sep_07_19_42_25_IST_2020.jpg>Screenshot</a> <br> <br> <a target="_blank" href=Mon_Sep_07_19_42_25_IST_2020.jpg><img src=Mon_Sep_07_19_42_25_IST_2020.jpg height=200 width=200></img></a>  </system-out>
  <testcase name="verifyContactUsQueryFormContents" time="0.110" classname="com.OSMOSE.testcases.Contact"/>
  <system-out>
Click to see Screenshot <a target="_blank" href=Mon_Sep_07_19_42_26_IST_2020.jpg>Screenshot</a> <br> <br> <a target="_blank" href=Mon_Sep_07_19_42_26_IST_2020.jpg><img src=Mon_Sep_07_19_42_26_IST_2020.jpg height=200 width=200></img></a>  </system-out>
  <testcase name="verifyFormSubmissionErrorMessage" time="0.115" classname="com.OSMOSE.testcases.Contact"/>
  <system-out>
Click to see Screenshot <a target="_blank" href=Mon_Sep_07_19_42_27_IST_2020.jpg>Screenshot</a> <br> <br> <a target="_blank" href=Mon_Sep_07_19_42_27_IST_2020.jpg><img src=Mon_Sep_07_19_42_27_IST_2020.jpg height=200 width=200></img></a>  </system-out>
  <testcase name="verifyFormSubmissionWith_Other" classname="com.OSMOSE.testcases.Contact">
    <skipped/>
  </testcase> <!-- verifyFormSubmissionWith_Other -->
  <system-out/>
  <testcase name="verifyFormSubmissionWith_TechnicalSupport" classname="com.OSMOSE.testcases.Contact">
    <skipped/>
  </testcase> <!-- verifyFormSubmissionWith_TechnicalSupport -->
  <system-out/>
  <testcase name="verifyFormSubmissionWith_RequestForInformation" classname="com.OSMOSE.testcases.Contact">
    <skipped/>
  </testcase> <!-- verifyFormSubmissionWith_RequestForInformation -->
  <system-out/>
  <testcase name="verifyFormSubmissionThankYouPopUp" classname="com.OSMOSE.testcases.Contact">
    <skipped/>
  </testcase> <!-- verifyFormSubmissionThankYouPopUp -->
  <system-out/>
  <testcase name="verifyFormSubmissionWith_ProjectSupport" classname="com.OSMOSE.testcases.Contact">
    <skipped/>
  </testcase> <!-- verifyFormSubmissionWith_ProjectSupport -->
  <system-out/>
  <testcase name="verifyClickOnBackButton" classname="com.OSMOSE.testcases.Contact">
    <skipped/>
  </testcase> <!-- verifyClickOnBackButton -->
  <system-out/>
</testsuite> <!-- com.OSMOSE.testcases.Contact -->
