<?xml version="1.0" encoding="UTF-8"?>
<!-- Generated by org.testng.reporters.JUnitReportReporter -->
<testsuite skipped="0" hostname="5CG6323N27" name="com.OSMOSE.testcases.oCalcPro_Nor" tests="29" failures="0" timestamp="2020-11-17T20:18:54 IST" time="286.674" errors="0">
  <testcase name="loginTest" time="25.940" classname="com.OSMOSE.testcases.oCalcPro_Nor"/>
  <system-out>
Click to see Screenshot <a target="_blank" href=Tue_Nov_17_20_14_13_IST_2020.jpg>Screenshot</a> <br> <br> <a target="_blank" href=Tue_Nov_17_20_14_13_IST_2020.jpg><img src=Tue_Nov_17_20_14_13_IST_2020.jpg height=200 width=200></img></a>  </system-out>
  <testcase name="verifyoCalcProNavigationClick" time="15.639" classname="com.OSMOSE.testcases.oCalcPro_Nor"/>
  <system-out>
Click to see Screenshot <a target="_blank" href=Tue_Nov_17_20_14_30_IST_2020.jpg>Screenshot</a> <br> <br> <a target="_blank" href=Tue_Nov_17_20_14_30_IST_2020.jpg><img src=Tue_Nov_17_20_14_30_IST_2020.jpg height=200 width=200></img></a>  </system-out>
  <testcase name="verifyPresenceOfGetStartedWithOcalcPro" time="0.084" classname="com.OSMOSE.testcases.oCalcPro_Nor"/>
  <system-out>
Click to see Screenshot <a target="_blank" href=Tue_Nov_17_20_14_30_IST_2020.jpg>Screenshot</a> <br> <br> <a target="_blank" href=Tue_Nov_17_20_14_30_IST_2020.jpg><img src=Tue_Nov_17_20_14_30_IST_2020.jpg height=200 width=200></img></a>  </system-out>
  <testcase name="verifyPresenceOfProductsCard" time="0.052" classname="com.OSMOSE.testcases.oCalcPro_Nor"/>
  <system-out>
Click to see Screenshot <a target="_blank" href=Tue_Nov_17_20_14_31_IST_2020.jpg>Screenshot</a> <br> <br> <a target="_blank" href=Tue_Nov_17_20_14_31_IST_2020.jpg><img src=Tue_Nov_17_20_14_31_IST_2020.jpg height=200 width=200></img></a>  </system-out>
  <testcase name="verifyPresenceOfKnowledgeBaseCard" time="0.051" classname="com.OSMOSE.testcases.oCalcPro_Nor"/>
  <system-out>
Click to see Screenshot <a target="_blank" href=Tue_Nov_17_20_14_31_IST_2020.jpg>Screenshot</a> <br> <br> <a target="_blank" href=Tue_Nov_17_20_14_31_IST_2020.jpg><img src=Tue_Nov_17_20_14_31_IST_2020.jpg height=200 width=200></img></a>  </system-out>
  <testcase name="verifyPresenceOfAnnouncementsCard" time="0.064" classname="com.OSMOSE.testcases.oCalcPro_Nor"/>
  <system-out>
Click to see Screenshot <a target="_blank" href=Tue_Nov_17_20_14_32_IST_2020.jpg>Screenshot</a> <br> <br> <a target="_blank" href=Tue_Nov_17_20_14_32_IST_2020.jpg><img src=Tue_Nov_17_20_14_32_IST_2020.jpg height=200 width=200></img></a>  </system-out>
  <testcase name="verifyPresenceOfTrainingOptionsCard" time="0.051" classname="com.OSMOSE.testcases.oCalcPro_Nor"/>
  <system-out>
Click to see Screenshot <a target="_blank" href=Tue_Nov_17_20_14_33_IST_2020.jpg>Screenshot</a> <br> <br> <a target="_blank" href=Tue_Nov_17_20_14_33_IST_2020.jpg><img src=Tue_Nov_17_20_14_33_IST_2020.jpg height=200 width=200></img></a>  </system-out>
  <testcase name="verifyContentsOfGetStartedWithOcalcPro" time="0.241" classname="com.OSMOSE.testcases.oCalcPro_Nor"/>
  <system-out>
Click to see Screenshot <a target="_blank" href=Tue_Nov_17_20_14_33_IST_2020.jpg>Screenshot</a> <br> <br> <a target="_blank" href=Tue_Nov_17_20_14_33_IST_2020.jpg><img src=Tue_Nov_17_20_14_33_IST_2020.jpg height=200 width=200></img></a>  </system-out>
  <testcase name="verifyContentsOfProductsCard" time="0.271" classname="com.OSMOSE.testcases.oCalcPro_Nor"/>
  <system-out>
Click to see Screenshot <a target="_blank" href=Tue_Nov_17_20_14_34_IST_2020.jpg>Screenshot</a> <br> <br> <a target="_blank" href=Tue_Nov_17_20_14_34_IST_2020.jpg><img src=Tue_Nov_17_20_14_34_IST_2020.jpg height=200 width=200></img></a>  </system-out>
  <testcase name="verifyContentsOfKBCard" time="0.121" classname="com.OSMOSE.testcases.oCalcPro_Nor"/>
  <system-out>
Click to see Screenshot <a target="_blank" href=Tue_Nov_17_20_14_35_IST_2020.jpg>Screenshot</a> <br> <br> <a target="_blank" href=Tue_Nov_17_20_14_35_IST_2020.jpg><img src=Tue_Nov_17_20_14_35_IST_2020.jpg height=200 width=200></img></a>  </system-out>
  <testcase name="verifyContentsOfAnnouncements" time="0.650" classname="com.OSMOSE.testcases.oCalcPro_Nor"/>
  <system-out>
Click to see Screenshot <a target="_blank" href=Tue_Nov_17_20_14_36_IST_2020.jpg>Screenshot</a> <br> <br> <a target="_blank" href=Tue_Nov_17_20_14_36_IST_2020.jpg><img src=Tue_Nov_17_20_14_36_IST_2020.jpg height=200 width=200></img></a>  </system-out>
  <testcase name="verifyContentsOfTrainingOptions" time="0.140" classname="com.OSMOSE.testcases.oCalcPro_Nor"/>
  <system-out>
Click to see Screenshot <a target="_blank" href=Tue_Nov_17_20_14_37_IST_2020.jpg>Screenshot</a> <br> <br> <a target="_blank" href=Tue_Nov_17_20_14_37_IST_2020.jpg><img src=Tue_Nov_17_20_14_37_IST_2020.jpg height=200 width=200></img></a>  </system-out>
  <testcase name="verifyLearnMoreClickonGetStartedWithOcalcProcard" time="14.145" classname="com.OSMOSE.testcases.oCalcPro_Nor"/>
  <system-out>
Click to see Screenshot <a target="_blank" href=Tue_Nov_17_20_14_51_IST_2020.jpg>Screenshot</a> <br> <br> <a target="_blank" href=Tue_Nov_17_20_14_51_IST_2020.jpg><img src=Tue_Nov_17_20_14_51_IST_2020.jpg height=200 width=200></img></a>  </system-out>
  <testcase name="verify30daysbtnClickonGetStartedWithOcalcProcard" time="4.574" classname="com.OSMOSE.testcases.oCalcPro_Nor"/>
  <system-out>
Click to see Screenshot <a target="_blank" href=Tue_Nov_17_20_14_57_IST_2020.jpg>Screenshot</a> <br> <br> <a target="_blank" href=Tue_Nov_17_20_14_57_IST_2020.jpg><img src=Tue_Nov_17_20_14_57_IST_2020.jpg height=200 width=200></img></a>  </system-out>
  <testcase name="verifyRequstDemoClickonGetStartedWithOcalcProcard" time="3.912" classname="com.OSMOSE.testcases.oCalcPro_Nor"/>
  <system-out>
Click to see Screenshot <a target="_blank" href=Tue_Nov_17_20_15_01_IST_2020.jpg>Screenshot</a> <br> <br> <a target="_blank" href=Tue_Nov_17_20_15_01_IST_2020.jpg><img src=Tue_Nov_17_20_15_01_IST_2020.jpg height=200 width=200></img></a>  </system-out>
  <testcase name="verifyocalcSupportClickonGetStartedWithOcalcProcard" time="3.545" classname="com.OSMOSE.testcases.oCalcPro_Nor"/>
  <system-out>
Click to see Screenshot <a target="_blank" href=Tue_Nov_17_20_15_05_IST_2020.jpg>Screenshot</a> <br> <br> <a target="_blank" href=Tue_Nov_17_20_15_05_IST_2020.jpg><img src=Tue_Nov_17_20_15_05_IST_2020.jpg height=200 width=200></img></a>  </system-out>
  <testcase name="verifyProductsClick" time="6.040" classname="com.OSMOSE.testcases.oCalcPro_Nor"/>
  <system-out>
Click to see Screenshot <a target="_blank" href=Tue_Nov_17_20_15_12_IST_2020.jpg>Screenshot</a> <br> <br> <a target="_blank" href=Tue_Nov_17_20_15_12_IST_2020.jpg><img src=Tue_Nov_17_20_15_12_IST_2020.jpg height=200 width=200></img></a>  </system-out>
  <testcase name="verifyRequestLicenseQuoteClick" time="11.122" classname="com.OSMOSE.testcases.oCalcPro_Nor"/>
  <system-out>
Click to see Screenshot <a target="_blank" href=Tue_Nov_17_20_15_23_IST_2020.jpg>Screenshot</a> <br> <br> <a target="_blank" href=Tue_Nov_17_20_15_23_IST_2020.jpg><img src=Tue_Nov_17_20_15_23_IST_2020.jpg height=200 width=200></img></a>  </system-out>
  <testcase name="verifyRequestCVTQuoteClick" time="10.065" classname="com.OSMOSE.testcases.oCalcPro_Nor"/>
  <system-out>
Click to see Screenshot <a target="_blank" href=Tue_Nov_17_20_15_34_IST_2020.jpg>Screenshot</a> <br> <br> <a target="_blank" href=Tue_Nov_17_20_15_34_IST_2020.jpg><img src=Tue_Nov_17_20_15_34_IST_2020.jpg height=200 width=200></img></a>  </system-out>
  <testcase name="verifyRequestTrainingQuoteClick" time="9.284" classname="com.OSMOSE.testcases.oCalcPro_Nor"/>
  <system-out>
Click to see Screenshot <a target="_blank" href=Tue_Nov_17_20_15_44_IST_2020.jpg>Screenshot</a> <br> <br> <a target="_blank" href=Tue_Nov_17_20_15_44_IST_2020.jpg><img src=Tue_Nov_17_20_15_44_IST_2020.jpg height=200 width=200></img></a>  </system-out>
  <testcase name="verifyCurrentPublicClassesClick" time="18.196" classname="com.OSMOSE.testcases.oCalcPro_Nor"/>
  <system-out>
Click to see Screenshot <a target="_blank" href=Tue_Nov_17_20_16_03_IST_2020.jpg>Screenshot</a> <br> <br> <a target="_blank" href=Tue_Nov_17_20_16_03_IST_2020.jpg><img src=Tue_Nov_17_20_16_03_IST_2020.jpg height=200 width=200></img></a>  </system-out>
  <testcase name="verifyRequestQuoteForPrivateTrainingClassesClick" time="12.579" classname="com.OSMOSE.testcases.oCalcPro_Nor"/>
  <system-out>
Click to see Screenshot <a target="_blank" href=Tue_Nov_17_20_16_16_IST_2020.jpg>Screenshot</a> <br> <br> <a target="_blank" href=Tue_Nov_17_20_16_16_IST_2020.jpg><img src=Tue_Nov_17_20_16_16_IST_2020.jpg height=200 width=200></img></a>  </system-out>
  <testcase name="verifyClickOnAnAnnouncement" time="3.895" classname="com.OSMOSE.testcases.oCalcPro_Nor"/>
  <system-out>
Click to see Screenshot <a target="_blank" href=Tue_Nov_17_20_16_20_IST_2020.jpg>Screenshot</a> <br> <br> <a target="_blank" href=Tue_Nov_17_20_16_20_IST_2020.jpg><img src=Tue_Nov_17_20_16_20_IST_2020.jpg height=200 width=200></img></a>  </system-out>
  <testcase name="verifyKBClick" time="26.861" classname="com.OSMOSE.testcases.oCalcPro_Nor"/>
  <system-out>
Click to see Screenshot <a target="_blank" href=Tue_Nov_17_20_16_47_IST_2020.jpg>Screenshot</a> <br> <br> <a target="_blank" href=Tue_Nov_17_20_16_47_IST_2020.jpg><img src=Tue_Nov_17_20_16_47_IST_2020.jpg height=200 width=200></img></a>  </system-out>
  <testcase name="verifyKBTrainingVideosClick" time="12.232" classname="com.OSMOSE.testcases.oCalcPro_Nor"/>
  <system-out>
Click to see Screenshot <a target="_blank" href=Tue_Nov_17_20_17_00_IST_2020.jpg>Screenshot</a> <br> <br> <a target="_blank" href=Tue_Nov_17_20_17_00_IST_2020.jpg><img src=Tue_Nov_17_20_17_00_IST_2020.jpg height=200 width=200></img></a>  </system-out>
  <testcase name="verifyKBWikiPageClick" time="24.969" classname="com.OSMOSE.testcases.oCalcPro_Nor"/>
  <system-out>
Click to see Screenshot <a target="_blank" href=Tue_Nov_17_20_17_26_IST_2020.jpg>Screenshot</a> <br> <br> <a target="_blank" href=Tue_Nov_17_20_17_26_IST_2020.jpg><img src=Tue_Nov_17_20_17_26_IST_2020.jpg height=200 width=200></img></a>  </system-out>
  <testcase name="verifySearchResultsAreGrouped" time="15.909" classname="com.OSMOSE.testcases.oCalcPro_Nor"/>
  <system-out>
Click to see Screenshot <a target="_blank" href=Tue_Nov_17_20_17_42_IST_2020.jpg>Screenshot</a> <br> <br> <a target="_blank" href=Tue_Nov_17_20_17_42_IST_2020.jpg><img src=Tue_Nov_17_20_17_42_IST_2020.jpg height=200 width=200></img></a>  </system-out>
  <testcase name="verifyTrainingVideosAreGrouped" time="15.858" classname="com.OSMOSE.testcases.oCalcPro_Nor"/>
  <system-out>
Click to see Screenshot <a target="_blank" href=Tue_Nov_17_20_17_59_IST_2020.jpg>Screenshot</a> <br> <br> <a target="_blank" href=Tue_Nov_17_20_17_59_IST_2020.jpg><img src=Tue_Nov_17_20_17_59_IST_2020.jpg height=200 width=200></img></a>  </system-out>
  <testcase name="verifyPresenceOfLicenseManagementPerspective" time="50.184" classname="com.OSMOSE.testcases.oCalcPro_Nor"/>
  <system-out>
Click to see Screenshot <a target="_blank" href=Tue_Nov_17_20_18_49_IST_2020.jpg>Screenshot</a> <br> <br> <a target="_blank" href=Tue_Nov_17_20_18_49_IST_2020.jpg><img src=Tue_Nov_17_20_18_49_IST_2020.jpg height=200 width=200></img></a>  </system-out>
</testsuite> <!-- com.OSMOSE.testcases.oCalcPro_Nor -->
