<?xml version="1.0" encoding="UTF-8"?>
<!-- Generated by org.testng.reporters.JUnitReportReporter -->
<testsuite skipped="0" hostname="5CG6323N27" name="com.OSMOSE.testcases.oCalcPro" tests="58" failures="0" timestamp="2020-11-17T21:42:29 IST" time="666.350" errors="1">
  <testcase name="verifyoCalcProNavigationClick" time="16.881" classname="com.OSMOSE.testcases.oCalcPro"/>
  <system-out>
Click to see Screenshot <a target="_blank" href=Tue_Nov_17_21_31_12_IST_2020.jpg>Screenshot</a> <br> <br> <a target="_blank" href=Tue_Nov_17_21_31_12_IST_2020.jpg><img src=Tue_Nov_17_21_31_12_IST_2020.jpg height=200 width=200></img></a>  </system-out>
  <testcase name="verifyPresenceOfLicenseMgmtCard" time="0.047" classname="com.OSMOSE.testcases.oCalcPro"/>
  <system-out>
Click to see Screenshot <a target="_blank" href=Tue_Nov_17_21_31_12_IST_2020.jpg>Screenshot</a> <br> <br> <a target="_blank" href=Tue_Nov_17_21_31_12_IST_2020.jpg><img src=Tue_Nov_17_21_31_12_IST_2020.jpg height=200 width=200></img></a>  </system-out>
  <testcase name="verifyPresenceOfProductsCardLicensedUser" time="0.034" classname="com.OSMOSE.testcases.oCalcPro"/>
  <system-out>
Click to see Screenshot <a target="_blank" href=Tue_Nov_17_21_31_13_IST_2020.jpg>Screenshot</a> <br> <br> <a target="_blank" href=Tue_Nov_17_21_31_13_IST_2020.jpg><img src=Tue_Nov_17_21_31_13_IST_2020.jpg height=200 width=200></img></a>  </system-out>
  <testcase name="verifyPresenceOfKnowledgeBaseCardLicensedUser" time="0.043" classname="com.OSMOSE.testcases.oCalcPro"/>
  <system-out>
Click to see Screenshot <a target="_blank" href=Tue_Nov_17_21_31_13_IST_2020.jpg>Screenshot</a> <br> <br> <a target="_blank" href=Tue_Nov_17_21_31_13_IST_2020.jpg><img src=Tue_Nov_17_21_31_13_IST_2020.jpg height=200 width=200></img></a>  </system-out>
  <testcase name="verifyPresenceOfAnnouncementsCardLicensedUser" time="0.054" classname="com.OSMOSE.testcases.oCalcPro"/>
  <system-out>
Click to see Screenshot <a target="_blank" href=Tue_Nov_17_21_31_14_IST_2020.jpg>Screenshot</a> <br> <br> <a target="_blank" href=Tue_Nov_17_21_31_14_IST_2020.jpg><img src=Tue_Nov_17_21_31_14_IST_2020.jpg height=200 width=200></img></a>  </system-out>
  <testcase name="verifyPresenceOfTrainingOptionsCardLicensedUser" time="0.037" classname="com.OSMOSE.testcases.oCalcPro"/>
  <system-out>
Click to see Screenshot <a target="_blank" href=Tue_Nov_17_21_31_14_IST_2020.jpg>Screenshot</a> <br> <br> <a target="_blank" href=Tue_Nov_17_21_31_14_IST_2020.jpg><img src=Tue_Nov_17_21_31_14_IST_2020.jpg height=200 width=200></img></a>  </system-out>
  <testcase name="verifyPresenceOfTutorialLiveDemoCardLicensedUser" time="0.050" classname="com.OSMOSE.testcases.oCalcPro"/>
  <system-out>
Click to see Screenshot <a target="_blank" href=Tue_Nov_17_21_31_15_IST_2020.jpg>Screenshot</a> <br> <br> <a target="_blank" href=Tue_Nov_17_21_31_15_IST_2020.jpg><img src=Tue_Nov_17_21_31_15_IST_2020.jpg height=200 width=200></img></a>  </system-out>
  <testcase name="verifyContentsOfTrainingOptionsLicensedUser" time="0.124" classname="com.OSMOSE.testcases.oCalcPro"/>
  <system-out>
Click to see Screenshot <a target="_blank" href=Tue_Nov_17_21_31_15_IST_2020.jpg>Screenshot</a> <br> <br> <a target="_blank" href=Tue_Nov_17_21_31_15_IST_2020.jpg><img src=Tue_Nov_17_21_31_15_IST_2020.jpg height=200 width=200></img></a>  </system-out>
  <testcase name="verifyContentsOfProductsCardLicensedUser" time="0.221" classname="com.OSMOSE.testcases.oCalcPro"/>
  <system-out>
Click to see Screenshot <a target="_blank" href=Tue_Nov_17_21_31_16_IST_2020.jpg>Screenshot</a> <br> <br> <a target="_blank" href=Tue_Nov_17_21_31_16_IST_2020.jpg><img src=Tue_Nov_17_21_31_16_IST_2020.jpg height=200 width=200></img></a>  </system-out>
  <testcase name="verifyContentsOfKBCardLicensedUser" time="0.098" classname="com.OSMOSE.testcases.oCalcPro"/>
  <system-out>
Click to see Screenshot <a target="_blank" href=Tue_Nov_17_21_31_16_IST_2020.jpg>Screenshot</a> <br> <br> <a target="_blank" href=Tue_Nov_17_21_31_16_IST_2020.jpg><img src=Tue_Nov_17_21_31_16_IST_2020.jpg height=200 width=200></img></a>  </system-out>
  <testcase name="verifyContentsOfAnnouncementsLicensedUser" time="0.472" classname="com.OSMOSE.testcases.oCalcPro"/>
  <system-out>
Click to see Screenshot <a target="_blank" href=Tue_Nov_17_21_31_17_IST_2020.jpg>Screenshot</a> <br> <br> <a target="_blank" href=Tue_Nov_17_21_31_17_IST_2020.jpg><img src=Tue_Nov_17_21_31_17_IST_2020.jpg height=200 width=200></img></a>  </system-out>
  <testcase name="verifyContentsOfLicenseMgmtLicensedUser" time="0.223" classname="com.OSMOSE.testcases.oCalcPro"/>
  <system-out>
Click to see Screenshot <a target="_blank" href=Tue_Nov_17_21_31_18_IST_2020.jpg>Screenshot</a> <br> <br> <a target="_blank" href=Tue_Nov_17_21_31_18_IST_2020.jpg><img src=Tue_Nov_17_21_31_18_IST_2020.jpg height=200 width=200></img></a>  </system-out>
  <testcase name="verifyContentsOfTutorialLiveDemoLicensedUser" time="0.285" classname="com.OSMOSE.testcases.oCalcPro"/>
  <system-out>
Click to see Screenshot <a target="_blank" href=Tue_Nov_17_21_31_18_IST_2020.jpg>Screenshot</a> <br> <br> <a target="_blank" href=Tue_Nov_17_21_31_18_IST_2020.jpg><img src=Tue_Nov_17_21_31_18_IST_2020.jpg height=200 width=200></img></a>  </system-out>
  <testcase name="verifyProductsClickLicensedUser" time="2.191" classname="com.OSMOSE.testcases.oCalcPro"/>
  <system-out>
Click to see Screenshot <a target="_blank" href=Tue_Nov_17_21_31_21_IST_2020.jpg>Screenshot</a> <br> <br> <a target="_blank" href=Tue_Nov_17_21_31_21_IST_2020.jpg><img src=Tue_Nov_17_21_31_21_IST_2020.jpg height=200 width=200></img></a>  </system-out>
  <testcase name="verifyRequestLicenseQuoteClickLicensedUser" time="8.919" classname="com.OSMOSE.testcases.oCalcPro"/>
  <system-out>
Click to see Screenshot <a target="_blank" href=Tue_Nov_17_21_31_31_IST_2020.jpg>Screenshot</a> <br> <br> <a target="_blank" href=Tue_Nov_17_21_31_31_IST_2020.jpg><img src=Tue_Nov_17_21_31_31_IST_2020.jpg height=200 width=200></img></a>  </system-out>
  <testcase name="verifyRequestCVTQuoteClickLicensedUser" time="9.325" classname="com.OSMOSE.testcases.oCalcPro"/>
  <system-out>
Click to see Screenshot <a target="_blank" href=Tue_Nov_17_21_31_40_IST_2020.jpg>Screenshot</a> <br> <br> <a target="_blank" href=Tue_Nov_17_21_31_40_IST_2020.jpg><img src=Tue_Nov_17_21_31_40_IST_2020.jpg height=200 width=200></img></a>  </system-out>
  <testcase name="verifyRequestTrainingQuoteClickLicensedUser" time="8.202" classname="com.OSMOSE.testcases.oCalcPro"/>
  <system-out>
Click to see Screenshot <a target="_blank" href=Tue_Nov_17_21_31_49_IST_2020.jpg>Screenshot</a> <br> <br> <a target="_blank" href=Tue_Nov_17_21_31_49_IST_2020.jpg><img src=Tue_Nov_17_21_31_49_IST_2020.jpg height=200 width=200></img></a>  </system-out>
  <testcase name="verify30daysbtnClickLicensedUser" time="5.896" classname="com.OSMOSE.testcases.oCalcPro"/>
  <system-out>
Click to see Screenshot <a target="_blank" href=Tue_Nov_17_21_31_55_IST_2020.jpg>Screenshot</a> <br> <br> <a target="_blank" href=Tue_Nov_17_21_31_55_IST_2020.jpg><img src=Tue_Nov_17_21_31_55_IST_2020.jpg height=200 width=200></img></a>  </system-out>
  <testcase name="verifyRequstDemoClickLicensedUser" time="4.524" classname="com.OSMOSE.testcases.oCalcPro"/>
  <system-out>
Click to see Screenshot <a target="_blank" href=Tue_Nov_17_21_32_00_IST_2020.jpg>Screenshot</a> <br> <br> <a target="_blank" href=Tue_Nov_17_21_32_00_IST_2020.jpg><img src=Tue_Nov_17_21_32_00_IST_2020.jpg height=200 width=200></img></a>  </system-out>
  <testcase name="verifyocalcSupportClickLicensedUser" time="2.259" classname="com.OSMOSE.testcases.oCalcPro"/>
  <system-out>
Click to see Screenshot <a target="_blank" href=Tue_Nov_17_21_32_03_IST_2020.jpg>Screenshot</a> <br> <br> <a target="_blank" href=Tue_Nov_17_21_32_03_IST_2020.jpg><img src=Tue_Nov_17_21_32_03_IST_2020.jpg height=200 width=200></img></a>  </system-out>
  <testcase name="verifyDifferentProductsQuoteCreate" time="14.666" classname="com.OSMOSE.testcases.oCalcPro"/>
  <system-out>
Click to see Screenshot <a target="_blank" href=Tue_Nov_17_21_32_18_IST_2020.jpg>Screenshot</a> <br> <br> <a target="_blank" href=Tue_Nov_17_21_32_18_IST_2020.jpg><img src=Tue_Nov_17_21_32_18_IST_2020.jpg height=200 width=200></img></a>  </system-out>
  <testcase name="verifyPresenceOfCreditCardOptions" time="75.347" classname="com.OSMOSE.testcases.oCalcPro"/>
  <system-out>
Click to see Screenshot <a target="_blank" href=Tue_Nov_17_21_33_34_IST_2020.jpg>Screenshot</a> <br> <br> <a target="_blank" href=Tue_Nov_17_21_33_34_IST_2020.jpg><img src=Tue_Nov_17_21_33_34_IST_2020.jpg height=200 width=200></img></a>  </system-out>
  <testcase name="verifyClickOnPaywithCCBtn" time="27.447" classname="com.OSMOSE.testcases.oCalcPro"/>
  <system-out>
Click to see Screenshot <a target="_blank" href=Tue_Nov_17_21_34_02_IST_2020.jpg>Screenshot</a> <br> <br> <a target="_blank" href=Tue_Nov_17_21_34_02_IST_2020.jpg><img src=Tue_Nov_17_21_34_02_IST_2020.jpg height=200 width=200></img></a>  </system-out>
  <testcase name="verifyClickMakePaymentBtn" time="7.449" classname="com.OSMOSE.testcases.oCalcPro"/>
  <system-out>
Click to see Screenshot <a target="_blank" href=Tue_Nov_17_21_34_10_IST_2020.jpg>Screenshot</a> <br> <br> <a target="_blank" href=Tue_Nov_17_21_34_10_IST_2020.jpg><img src=Tue_Nov_17_21_34_10_IST_2020.jpg height=200 width=200></img></a>  </system-out>
  <testcase name="verifyClickIhaveCopiedMyReceiptChkBox" time="3.561" classname="com.OSMOSE.testcases.oCalcPro"/>
  <system-out>
Click to see Screenshot <a target="_blank" href=Tue_Nov_17_21_34_14_IST_2020.jpg>Screenshot</a> <br> <br> <a target="_blank" href=Tue_Nov_17_21_34_14_IST_2020.jpg><img src=Tue_Nov_17_21_34_14_IST_2020.jpg height=200 width=200></img></a>  </system-out>
  <testcase name="verifyCCDetailsForNonOCalcProduct" time="116.851" classname="com.OSMOSE.testcases.oCalcPro"/>
  <system-out>
Click to see Screenshot <a target="_blank" href=Tue_Nov_17_21_36_11_IST_2020.jpg>Screenshot</a> <br> <br> <a target="_blank" href=Tue_Nov_17_21_36_11_IST_2020.jpg><img src=Tue_Nov_17_21_36_11_IST_2020.jpg height=200 width=200></img></a>  </system-out>
  <testcase name="verifyPresenceOfCCReceipt" time="116.304" classname="com.OSMOSE.testcases.oCalcPro"/>
  <system-out>
Click to see Screenshot <a target="_blank" href=Tue_Nov_17_21_38_08_IST_2020.jpg>Screenshot</a> <br> <br> <a target="_blank" href=Tue_Nov_17_21_38_08_IST_2020.jpg><img src=Tue_Nov_17_21_38_08_IST_2020.jpg height=200 width=200></img></a>  </system-out>
  <testcase name="verifyCurrentPublicClassesClickLicensedUser" time="17.508" classname="com.OSMOSE.testcases.oCalcPro"/>
  <system-out>
Click to see Screenshot <a target="_blank" href=Tue_Nov_17_21_38_26_IST_2020.jpg>Screenshot</a> <br> <br> <a target="_blank" href=Tue_Nov_17_21_38_26_IST_2020.jpg><img src=Tue_Nov_17_21_38_26_IST_2020.jpg height=200 width=200></img></a>  </system-out>
  <testcase name="verifyRequestQuoteForPrivateTrainingClassesClickLicensedUser" time="11.334" classname="com.OSMOSE.testcases.oCalcPro"/>
  <system-out>
Click to see Screenshot <a target="_blank" href=Tue_Nov_17_21_38_38_IST_2020.jpg>Screenshot</a> <br> <br> <a target="_blank" href=Tue_Nov_17_21_38_38_IST_2020.jpg><img src=Tue_Nov_17_21_38_38_IST_2020.jpg height=200 width=200></img></a>  </system-out>
  <testcase name="verifyClickOnAnAnnouncementLicensedUser" time="1.098" classname="com.OSMOSE.testcases.oCalcPro">
    <error type="org.openqa.selenium.ElementClickInterceptedException" message="element click intercepted: Element &lt;a data-v-7c7cce93=&quot;&quot; id=&quot;OCalProSeminar&quot; href=&quot;javascript:void(0);&quot;&gt;...&lt;/a&gt; is not clickable at point (290, 433). Other element would receive the click: &lt;div data-v-7c7cce93=&quot;&quot; class=&quot;Oloader&quot;&gt;...&lt;/div&gt;
  (Session info: chrome=86.0.4240.75)
Build info: version: &#039;3.14.0&#039;, revision: &#039;aacccce0&#039;, time: &#039;2018-08-02T20:19:58.91Z&#039;
System info: host: &#039;5CG6323N27&#039;, ip: &#039;192.168.0.12&#039;, os.name: &#039;Windows 10&#039;, os.arch: &#039;amd64&#039;, os.version: &#039;10.0&#039;, java.version: &#039;1.8.0_191&#039;
Driver info: org.openqa.selenium.chrome.ChromeDriver
Capabilities {acceptInsecureCerts: false, browserName: chrome, browserVersion: 86.0.4240.75, chrome: {chromedriverVersion: 85.0.4183.87 (cd6713ebf92fa..., userDataDir: C:\Windows\Temp\scoped_dir1...}, goog:chromeOptions: {debuggerAddress: localhost:60141}, javascriptEnabled: true, networkConnectionEnabled: false, pageLoadStrategy: none, platform: WINDOWS, platformName: WINDOWS, proxy: Proxy(), setWindowRect: true, strictFileInteractability: false, timeouts: {implicit: 0, pageLoad: 300000, script: 30000}, unhandledPromptBehavior: dismiss and notify, webauthn:virtualAuthenticators: true}
Session ID: 7c47cf17605c0041376f57870d31efef">
      <![CDATA[org.openqa.selenium.ElementClickInterceptedException: element click intercepted: Element <a data-v-7c7cce93="" id="OCalProSeminar" href="javascript:void(0);">...</a> is not clickable at point (290, 433). Other element would receive the click: <div data-v-7c7cce93="" class="Oloader">...</div>
  (Session info: chrome=86.0.4240.75)
Build info: version: '3.14.0', revision: 'aacccce0', time: '2018-08-02T20:19:58.91Z'
System info: host: '5CG6323N27', ip: '192.168.0.12', os.name: 'Windows 10', os.arch: 'amd64', os.version: '10.0', java.version: '1.8.0_191'
Driver info: org.openqa.selenium.chrome.ChromeDriver
Capabilities {acceptInsecureCerts: false, browserName: chrome, browserVersion: 86.0.4240.75, chrome: {chromedriverVersion: 85.0.4183.87 (cd6713ebf92fa..., userDataDir: C:\Windows\Temp\scoped_dir1...}, goog:chromeOptions: {debuggerAddress: localhost:60141}, javascriptEnabled: true, networkConnectionEnabled: false, pageLoadStrategy: none, platform: WINDOWS, platformName: WINDOWS, proxy: Proxy(), setWindowRect: true, strictFileInteractability: false, timeouts: {implicit: 0, pageLoad: 300000, script: 30000}, unhandledPromptBehavior: dismiss and notify, webauthn:virtualAuthenticators: true}
Session ID: 7c47cf17605c0041376f57870d31efef
at sun.reflect.NativeConstructorAccessorImpl.newInstance0(Native Method)
at sun.reflect.NativeConstructorAccessorImpl.newInstance(Unknown Source)
at sun.reflect.DelegatingConstructorAccessorImpl.newInstance(Unknown Source)
at java.lang.reflect.Constructor.newInstance(Unknown Source)
at org.openqa.selenium.remote.http.W3CHttpResponseCodec.createException(W3CHttpResponseCodec.java:187)
at org.openqa.selenium.remote.http.W3CHttpResponseCodec.decode(W3CHttpResponseCodec.java:122)
at org.openqa.selenium.remote.http.W3CHttpResponseCodec.decode(W3CHttpResponseCodec.java:49)
at org.openqa.selenium.remote.HttpCommandExecutor.execute(HttpCommandExecutor.java:158)
at org.openqa.selenium.remote.service.DriverCommandExecutor.execute(DriverCommandExecutor.java:83)
at org.openqa.selenium.remote.RemoteWebDriver.execute(RemoteWebDriver.java:548)
at org.openqa.selenium.remote.RemoteWebElement.execute(RemoteWebElement.java:276)
at org.openqa.selenium.remote.RemoteWebElement.click(RemoteWebElement.java:83)
at com.OSMOSE.base.Page.click(Page.java:183)
at com.OSMOSE.testcases.oCalcPro.verifyClickOnAnAnnouncementLicensedUser(oCalcPro.java:728)
at sun.reflect.NativeMethodAccessorImpl.invoke0(Native Method)
at sun.reflect.NativeMethodAccessorImpl.invoke(Unknown Source)
at sun.reflect.DelegatingMethodAccessorImpl.invoke(Unknown Source)
at java.lang.reflect.Method.invoke(Unknown Source)
at org.testng.internal.MethodInvocationHelper.invokeMethod(MethodInvocationHelper.java:134)
at org.testng.internal.TestInvoker.invokeMethod(TestInvoker.java:597)
at org.testng.internal.TestInvoker.invokeTestMethod(TestInvoker.java:173)
at org.testng.internal.MethodRunner.runInSequence(MethodRunner.java:46)
at org.testng.internal.TestInvoker$MethodInvocationAgent.invoke(TestInvoker.java:816)
at org.testng.internal.TestInvoker.invokeTestMethods(TestInvoker.java:146)
at org.testng.internal.TestMethodWorker.invokeTestMethods(TestMethodWorker.java:146)
at org.testng.internal.TestMethodWorker.run(TestMethodWorker.java:128)
at java.util.ArrayList.forEach(Unknown Source)
at org.testng.TestRunner.privateRun(TestRunner.java:766)
at org.testng.TestRunner.run(TestRunner.java:587)
at org.testng.SuiteRunner.runTest(SuiteRunner.java:384)
at org.testng.SuiteRunner.runSequentially(SuiteRunner.java:378)
at org.testng.SuiteRunner.privateRun(SuiteRunner.java:337)
at org.testng.SuiteRunner.run(SuiteRunner.java:286)
at org.testng.SuiteRunnerWorker.runSuite(SuiteRunnerWorker.java:53)
at org.testng.SuiteRunnerWorker.run(SuiteRunnerWorker.java:96)
at org.testng.TestNG.runSuitesSequentially(TestNG.java:1187)
at org.testng.TestNG.runSuitesLocally(TestNG.java:1109)
at org.testng.TestNG.runSuites(TestNG.java:1039)
at org.testng.TestNG.run(TestNG.java:1007)
at org.testng.remote.AbstractRemoteTestNG.run(AbstractRemoteTestNG.java:115)
at org.testng.remote.RemoteTestNG.initAndRun(RemoteTestNG.java:251)
at org.testng.remote.RemoteTestNG.main(RemoteTestNG.java:77)
]]>
    </error>
  </testcase> <!-- verifyClickOnAnAnnouncementLicensedUser -->
  <system-out>
Click to see Screenshot <a target="_blank" href=Tue_Nov_17_21_38_39_IST_2020.jpg>Screenshot</a> <br> <br> <a target="_blank" href=Tue_Nov_17_21_38_39_IST_2020.jpg><img src=Tue_Nov_17_21_38_39_IST_2020.jpg height=200 width=200></img></a>  </system-out>
  <testcase name="verifyContentsOfFAQLicensedUser" time="6.646" classname="com.OSMOSE.testcases.oCalcPro"/>
  <system-out>
Click to see Screenshot <a target="_blank" href=Tue_Nov_17_21_38_46_IST_2020.jpg>Screenshot</a> <br> <br> <a target="_blank" href=Tue_Nov_17_21_38_46_IST_2020.jpg><img src=Tue_Nov_17_21_38_46_IST_2020.jpg height=200 width=200></img></a>  </system-out>
  <testcase name="verifyFAQClickLicensedUser" time="18.067" classname="com.OSMOSE.testcases.oCalcPro"/>
  <system-out>
Click to see Screenshot <a target="_blank" href=Tue_Nov_17_21_39_04_IST_2020.jpg>Screenshot</a> <br> <br> <a target="_blank" href=Tue_Nov_17_21_39_04_IST_2020.jpg><img src=Tue_Nov_17_21_39_04_IST_2020.jpg height=200 width=200></img></a>  </system-out>
  <testcase name="verifySubmitIssueClickLicensedUser" time="0.360" classname="com.OSMOSE.testcases.oCalcPro"/>
  <system-out>
Click to see Screenshot <a target="_blank" href=Tue_Nov_17_21_39_05_IST_2020.jpg>Screenshot</a> <br> <br> <a target="_blank" href=Tue_Nov_17_21_39_05_IST_2020.jpg><img src=Tue_Nov_17_21_39_05_IST_2020.jpg height=200 width=200></img></a>  </system-out>
  <testcase name="verifyKBClickLicensedUser" time="24.452" classname="com.OSMOSE.testcases.oCalcPro"/>
  <system-out>
Click to see Screenshot <a target="_blank" href=Tue_Nov_17_21_39_30_IST_2020.jpg>Screenshot</a> <br> <br> <a target="_blank" href=Tue_Nov_17_21_39_30_IST_2020.jpg><img src=Tue_Nov_17_21_39_30_IST_2020.jpg height=200 width=200></img></a>  </system-out>
  <testcase name="verifyKBTrainingVideosClickLicensedUser" time="15.626" classname="com.OSMOSE.testcases.oCalcPro"/>
  <system-out>
Click to see Screenshot <a target="_blank" href=Tue_Nov_17_21_39_46_IST_2020.jpg>Screenshot</a> <br> <br> <a target="_blank" href=Tue_Nov_17_21_39_46_IST_2020.jpg><img src=Tue_Nov_17_21_39_46_IST_2020.jpg height=200 width=200></img></a>  </system-out>
  <testcase name="verifyKBWikiPageClickLicensedUser" time="28.813" classname="com.OSMOSE.testcases.oCalcPro"/>
  <system-out>
Click to see Screenshot <a target="_blank" href=Tue_Nov_17_21_40_16_IST_2020.jpg>Screenshot</a> <br> <br> <a target="_blank" href=Tue_Nov_17_21_40_16_IST_2020.jpg><img src=Tue_Nov_17_21_40_16_IST_2020.jpg height=200 width=200></img></a>  </system-out>
  <testcase name="verifySearchResultsAreGroupedLicensedUser" time="19.754" classname="com.OSMOSE.testcases.oCalcPro"/>
  <system-out>
Click to see Screenshot <a target="_blank" href=Tue_Nov_17_21_40_36_IST_2020.jpg>Screenshot</a> <br> <br> <a target="_blank" href=Tue_Nov_17_21_40_36_IST_2020.jpg><img src=Tue_Nov_17_21_40_36_IST_2020.jpg height=200 width=200></img></a>  </system-out>
  <testcase name="verifyTrainingVideosAreGroupedLicensedUser" time="15.532" classname="com.OSMOSE.testcases.oCalcPro"/>
  <system-out>
Click to see Screenshot <a target="_blank" href=Tue_Nov_17_21_40_52_IST_2020.jpg>Screenshot</a> <br> <br> <a target="_blank" href=Tue_Nov_17_21_40_52_IST_2020.jpg><img src=Tue_Nov_17_21_40_52_IST_2020.jpg height=200 width=200></img></a>  </system-out>
  <testcase name="verifyContentsLicenseManagementPopUp" time="5.352" classname="com.OSMOSE.testcases.oCalcPro"/>
  <system-out>
Click to see Screenshot <a target="_blank" href=Tue_Nov_17_21_40_58_IST_2020.jpg>Screenshot</a> <br> <br> <a target="_blank" href=Tue_Nov_17_21_40_58_IST_2020.jpg><img src=Tue_Nov_17_21_40_58_IST_2020.jpg height=200 width=200></img></a>  </system-out>
  <testcase name="verifyPresenceOfSkipTourNextPreviousExitTour" time="4.153" classname="com.OSMOSE.testcases.oCalcPro"/>
  <system-out>
Click to see Screenshot <a target="_blank" href=Tue_Nov_17_21_41_02_IST_2020.jpg>Screenshot</a> <br> <br> <a target="_blank" href=Tue_Nov_17_21_41_02_IST_2020.jpg><img src=Tue_Nov_17_21_41_02_IST_2020.jpg height=200 width=200></img></a>  </system-out>
  <testcase name="verifyClickOnNextPreviousbtns" time="2.165" classname="com.OSMOSE.testcases.oCalcPro"/>
  <system-out>
Click to see Screenshot <a target="_blank" href=Tue_Nov_17_21_41_05_IST_2020.jpg>Screenshot</a> <br> <br> <a target="_blank" href=Tue_Nov_17_21_41_05_IST_2020.jpg><img src=Tue_Nov_17_21_41_05_IST_2020.jpg height=200 width=200></img></a>  </system-out>
  <testcase name="verifyClickOnSkipTourExitTourbtns" time="4.374" classname="com.OSMOSE.testcases.oCalcPro"/>
  <system-out>
Click to see Screenshot <a target="_blank" href=Tue_Nov_17_21_41_09_IST_2020.jpg>Screenshot</a> <br> <br> <a target="_blank" href=Tue_Nov_17_21_41_09_IST_2020.jpg><img src=Tue_Nov_17_21_41_09_IST_2020.jpg height=200 width=200></img></a>  </system-out>
  <testcase name="verifyOnlyRenewBtnIsEnabledOnMultipleRecordSelection" time="6.507" classname="com.OSMOSE.testcases.oCalcPro"/>
  <system-out>
Click to see Screenshot <a target="_blank" href=Tue_Nov_17_21_41_16_IST_2020.jpg>Screenshot</a> <br> <br> <a target="_blank" href=Tue_Nov_17_21_41_16_IST_2020.jpg><img src=Tue_Nov_17_21_41_16_IST_2020.jpg height=200 width=200></img></a>  </system-out>
  <testcase name="verifyFilterContactName" time="3.519" classname="com.OSMOSE.testcases.oCalcPro"/>
  <system-out>
Click to see Screenshot <a target="_blank" href=Tue_Nov_17_21_41_20_IST_2020.jpg>Screenshot</a> <br> <br> <a target="_blank" href=Tue_Nov_17_21_41_20_IST_2020.jpg><img src=Tue_Nov_17_21_41_20_IST_2020.jpg height=200 width=200></img></a>  </system-out>
  <testcase name="verifyFilterLicenseKey" time="1.559" classname="com.OSMOSE.testcases.oCalcPro"/>
  <system-out>
Click to see Screenshot <a target="_blank" href=Tue_Nov_17_21_41_22_IST_2020.jpg>Screenshot</a> <br> <br> <a target="_blank" href=Tue_Nov_17_21_41_22_IST_2020.jpg><img src=Tue_Nov_17_21_41_22_IST_2020.jpg height=200 width=200></img></a>  </system-out>
  <testcase name="verifyFilterStatus" time="2.644" classname="com.OSMOSE.testcases.oCalcPro"/>
  <system-out>
Click to see Screenshot <a target="_blank" href=Tue_Nov_17_21_41_25_IST_2020.jpg>Screenshot</a> <br> <br> <a target="_blank" href=Tue_Nov_17_21_41_25_IST_2020.jpg><img src=Tue_Nov_17_21_41_25_IST_2020.jpg height=200 width=200></img></a>  </system-out>
  <testcase name="verifyFilterExpToken" time="1.538" classname="com.OSMOSE.testcases.oCalcPro"/>
  <system-out>
Click to see Screenshot <a target="_blank" href=Tue_Nov_17_21_41_27_IST_2020.jpg>Screenshot</a> <br> <br> <a target="_blank" href=Tue_Nov_17_21_41_27_IST_2020.jpg><img src=Tue_Nov_17_21_41_27_IST_2020.jpg height=200 width=200></img></a>  </system-out>
  <testcase name="verifyFilterLicenseType" time="2.679" classname="com.OSMOSE.testcases.oCalcPro"/>
  <system-out>
Click to see Screenshot <a target="_blank" href=Tue_Nov_17_21_41_30_IST_2020.jpg>Screenshot</a> <br> <br> <a target="_blank" href=Tue_Nov_17_21_41_30_IST_2020.jpg><img src=Tue_Nov_17_21_41_30_IST_2020.jpg height=200 width=200></img></a>  </system-out>
  <testcase name="verifyFilterLicenseTypeSite" time="2.831" classname="com.OSMOSE.testcases.oCalcPro"/>
  <system-out>
Click to see Screenshot <a target="_blank" href=Tue_Nov_17_21_41_33_IST_2020.jpg>Screenshot</a> <br> <br> <a target="_blank" href=Tue_Nov_17_21_41_33_IST_2020.jpg><img src=Tue_Nov_17_21_41_33_IST_2020.jpg height=200 width=200></img></a>  </system-out>
  <testcase name="verifyFilterPurchaseDate" time="2.802" classname="com.OSMOSE.testcases.oCalcPro"/>
  <system-out>
Click to see Screenshot <a target="_blank" href=Tue_Nov_17_21_41_37_IST_2020.jpg>Screenshot</a> <br> <br> <a target="_blank" href=Tue_Nov_17_21_41_37_IST_2020.jpg><img src=Tue_Nov_17_21_41_37_IST_2020.jpg height=200 width=200></img></a>  </system-out>
  <testcase name="verifyFilterExpirationDate" time="2.789" classname="com.OSMOSE.testcases.oCalcPro"/>
  <system-out>
Click to see Screenshot <a target="_blank" href=Tue_Nov_17_21_41_40_IST_2020.jpg>Screenshot</a> <br> <br> <a target="_blank" href=Tue_Nov_17_21_41_40_IST_2020.jpg><img src=Tue_Nov_17_21_41_40_IST_2020.jpg height=200 width=200></img></a>  </system-out>
  <testcase name="verifyTransferBtn" time="13.552" classname="com.OSMOSE.testcases.oCalcPro"/>
  <system-out>
Click to see Screenshot <a target="_blank" href=Tue_Nov_17_21_41_54_IST_2020.jpg>Screenshot</a> <br> <br> <a target="_blank" href=Tue_Nov_17_21_41_54_IST_2020.jpg><img src=Tue_Nov_17_21_41_54_IST_2020.jpg height=200 width=200></img></a>  </system-out>
  <testcase name="verifyTransferErrorMsg" time="0.185" classname="com.OSMOSE.testcases.oCalcPro"/>
  <system-out>
Click to see Screenshot <a target="_blank" href=Tue_Nov_17_21_41_54_IST_2020.jpg>Screenshot</a> <br> <br> <a target="_blank" href=Tue_Nov_17_21_41_54_IST_2020.jpg><img src=Tue_Nov_17_21_41_54_IST_2020.jpg height=200 width=200></img></a>  </system-out>
  <testcase name="verifyClickTransferLicenseBtn" time="2.660" classname="com.OSMOSE.testcases.oCalcPro"/>
  <system-out>
Click to see Screenshot <a target="_blank" href=Tue_Nov_17_21_41_57_IST_2020.jpg>Screenshot</a> <br> <br> <a target="_blank" href=Tue_Nov_17_21_41_57_IST_2020.jpg><img src=Tue_Nov_17_21_41_57_IST_2020.jpg height=200 width=200></img></a>  </system-out>
  <testcase name="verifyClickResend" time="4.368" classname="com.OSMOSE.testcases.oCalcPro"/>
  <system-out>
Click to see Screenshot <a target="_blank" href=Tue_Nov_17_21_42_02_IST_2020.jpg>Screenshot</a> <br> <br> <a target="_blank" href=Tue_Nov_17_21_42_02_IST_2020.jpg><img src=Tue_Nov_17_21_42_02_IST_2020.jpg height=200 width=200></img></a>  </system-out>
  <testcase name="verifyUpdateContactBtn" time="12.461" classname="com.OSMOSE.testcases.oCalcPro"/>
  <system-out>
Click to see Screenshot <a target="_blank" href=Tue_Nov_17_21_42_15_IST_2020.jpg>Screenshot</a> <br> <br> <a target="_blank" href=Tue_Nov_17_21_42_15_IST_2020.jpg><img src=Tue_Nov_17_21_42_15_IST_2020.jpg height=200 width=200></img></a>  </system-out>
  <testcase name="verifyClickUpdateContactBtn" time="2.213" classname="com.OSMOSE.testcases.oCalcPro"/>
  <system-out>
Click to see Screenshot <a target="_blank" href=Tue_Nov_17_21_42_18_IST_2020.jpg>Screenshot</a> <br> <br> <a target="_blank" href=Tue_Nov_17_21_42_18_IST_2020.jpg><img src=Tue_Nov_17_21_42_18_IST_2020.jpg height=200 width=200></img></a>  </system-out>
  <testcase name="verifyClickRenewBtn" time="7.299" classname="com.OSMOSE.testcases.oCalcPro"/>
  <system-out>
Click to see Screenshot <a target="_blank" href=Tue_Nov_17_21_42_25_IST_2020.jpg>Screenshot</a> <br> <br> <a target="_blank" href=Tue_Nov_17_21_42_25_IST_2020.jpg><img src=Tue_Nov_17_21_42_25_IST_2020.jpg height=200 width=200></img></a>  </system-out>
</testsuite> <!-- com.OSMOSE.testcases.oCalcPro -->
