<?xml version="1.0" encoding="UTF-8"?>
<!-- Generated by org.testng.reporters.JUnitReportReporter -->
<testsuite skipped="5" hostname="5CG6323N27" name="com.OSMOSE.testcases.OULogin" tests="21" failures="0" timestamp="2020-07-27T15:59:02 IST" time="147.511" errors="0">
  <testcase name="loginTest" time="17.121" classname="com.OSMOSE.testcases.OULogin"/>
  <system-out>
Click to see Screenshot <a target="_blank" href=Mon_Jul_27_15_50_43_IST_2020.jpg>Screenshot</a> <br> <br> <a target="_blank" href=Mon_Jul_27_15_50_43_IST_2020.jpg><img src=Mon_Jul_27_15_50_43_IST_2020.jpg height=200 width=200></img></a>  </system-out>
  <testcase name="verifyOUCard" time="2.644" classname="com.OSMOSE.testcases.OULogin"/>
  <system-out>
Click to see Screenshot <a target="_blank" href=Mon_Jul_27_15_50_46_IST_2020.jpg>Screenshot</a> <br> <br> <a target="_blank" href=Mon_Jul_27_15_50_46_IST_2020.jpg><img src=Mon_Jul_27_15_50_46_IST_2020.jpg height=200 width=200></img></a>  </system-out>
  <testcase name="verifyProductCard" time="0.392" classname="com.OSMOSE.testcases.OULogin"/>
  <system-out>
Click to see Screenshot <a target="_blank" href=Mon_Jul_27_15_50_47_IST_2020.jpg>Screenshot</a> <br> <br> <a target="_blank" href=Mon_Jul_27_15_50_47_IST_2020.jpg><img src=Mon_Jul_27_15_50_47_IST_2020.jpg height=200 width=200></img></a>  </system-out>
  <testcase name="verifyContactUs" time="0.031" classname="com.OSMOSE.testcases.OULogin"/>
  <system-out>
Click to see Screenshot <a target="_blank" href=Mon_Jul_27_15_50_47_IST_2020.jpg>Screenshot</a> <br> <br> <a target="_blank" href=Mon_Jul_27_15_50_47_IST_2020.jpg><img src=Mon_Jul_27_15_50_47_IST_2020.jpg height=200 width=200></img></a>  </system-out>
  <testcase name="verifyHyperlinks" time="0.083" classname="com.OSMOSE.testcases.OULogin"/>
  <system-out>
Click to see Screenshot <a target="_blank" href=Mon_Jul_27_15_50_48_IST_2020.jpg>Screenshot</a> <br> <br> <a target="_blank" href=Mon_Jul_27_15_50_48_IST_2020.jpg><img src=Mon_Jul_27_15_50_48_IST_2020.jpg height=200 width=200></img></a>  </system-out>
  <testcase name="verifyVideoLinks" time="0.081" classname="com.OSMOSE.testcases.OULogin"/>
  <system-out>
Click to see Screenshot <a target="_blank" href=Mon_Jul_27_15_50_48_IST_2020.jpg>Screenshot</a> <br> <br> <a target="_blank" href=Mon_Jul_27_15_50_48_IST_2020.jpg><img src=Mon_Jul_27_15_50_48_IST_2020.jpg height=200 width=200></img></a>  </system-out>
  <testcase name="verifyLiveEventCLick" time="12.310" classname="com.OSMOSE.testcases.OULogin"/>
  <system-out>
Click to see Screenshot <a target="_blank" href=Mon_Jul_27_15_51_01_IST_2020.jpg>Screenshot</a> <br> <br> <a target="_blank" href=Mon_Jul_27_15_51_01_IST_2020.jpg><img src=Mon_Jul_27_15_51_01_IST_2020.jpg height=200 width=200></img></a>  </system-out>
  <testcase name="verifyWebinarsClick" time="12.239" classname="com.OSMOSE.testcases.OULogin"/>
  <system-out>
Click to see Screenshot <a target="_blank" href=Mon_Jul_27_15_51_14_IST_2020.jpg>Screenshot</a> <br> <br> <a target="_blank" href=Mon_Jul_27_15_51_14_IST_2020.jpg><img src=Mon_Jul_27_15_51_14_IST_2020.jpg height=200 width=200></img></a>  </system-out>
  <testcase name="verifyOCalcClick" time="12.255" classname="com.OSMOSE.testcases.OULogin"/>
  <system-out>
Click to see Screenshot <a target="_blank" href=Mon_Jul_27_15_51_27_IST_2020.jpg>Screenshot</a> <br> <br> <a target="_blank" href=Mon_Jul_27_15_51_27_IST_2020.jpg><img src=Mon_Jul_27_15_51_27_IST_2020.jpg height=200 width=200></img></a>  </system-out>
  <testcase name="clickOnOuLink" time="12.251" classname="com.OSMOSE.testcases.OULogin"/>
  <system-out>
Click to see Screenshot <a target="_blank" href=Mon_Jul_27_15_51_40_IST_2020.jpg>Screenshot</a> <br> <br> <a target="_blank" href=Mon_Jul_27_15_51_40_IST_2020.jpg><img src=Mon_Jul_27_15_51_40_IST_2020.jpg height=200 width=200></img></a>  </system-out>
  <testcase name="verifyLiveEventsSTS" time="12.988" classname="com.OSMOSE.testcases.OULogin"/>
  <system-out>
Click to see Screenshot <a target="_blank" href=Mon_Jul_27_15_51_53_IST_2020.jpg>Screenshot</a> <br> <br> <a target="_blank" href=Mon_Jul_27_15_51_53_IST_2020.jpg><img src=Mon_Jul_27_15_51_53_IST_2020.jpg height=200 width=200></img></a>  </system-out>
  <testcase name="verifyLiveEventsJUS" time="13.329" classname="com.OSMOSE.testcases.OULogin"/>
  <system-out>
Click to see Screenshot <a target="_blank" href=Mon_Jul_27_15_52_07_IST_2020.jpg>Screenshot</a> <br> <br> <a target="_blank" href=Mon_Jul_27_15_52_07_IST_2020.jpg><img src=Mon_Jul_27_15_52_07_IST_2020.jpg height=200 width=200></img></a>  </system-out>
  <testcase name="verifyLiveEventsWPTS" time="13.069" classname="com.OSMOSE.testcases.OULogin"/>
  <system-out>
Click to see Screenshot <a target="_blank" href=Mon_Jul_27_15_52_21_IST_2020.jpg>Screenshot</a> <br> <br> <a target="_blank" href=Mon_Jul_27_15_52_21_IST_2020.jpg><img src=Mon_Jul_27_15_52_21_IST_2020.jpg height=200 width=200></img></a>  </system-out>
  <testcase name="verifyDETAILSANDREGISTRATION" time="13.401" classname="com.OSMOSE.testcases.OULogin"/>
  <system-out>
Click to see Screenshot <a target="_blank" href=Mon_Jul_27_15_52_35_IST_2020.jpg>Screenshot</a> <br> <br> <a target="_blank" href=Mon_Jul_27_15_52_35_IST_2020.jpg><img src=Mon_Jul_27_15_52_35_IST_2020.jpg height=200 width=200></img></a>  </system-out>
  <testcase name="verifyClickingTheWebinars" time="12.307" classname="com.OSMOSE.testcases.OULogin"/>
  <system-out>
Click to see Screenshot <a target="_blank" href=Mon_Jul_27_15_52_47_IST_2020.jpg>Screenshot</a> <br> <br> <a target="_blank" href=Mon_Jul_27_15_52_47_IST_2020.jpg><img src=Mon_Jul_27_15_52_47_IST_2020.jpg height=200 width=200></img></a>  </system-out>
  <testcase name="verifyOClacTrainingButton" time="13.010" classname="com.OSMOSE.testcases.OULogin"/>
  <system-out>
Click to see Screenshot <a target="_blank" href=Mon_Jul_27_15_53_01_IST_2020.jpg>Screenshot</a> <br> <br> <a target="_blank" href=Mon_Jul_27_15_53_01_IST_2020.jpg><img src=Mon_Jul_27_15_53_01_IST_2020.jpg height=200 width=200></img></a>  </system-out>
  <testcase name="verifyContactAndStray" classname="com.OSMOSE.testcases.OULogin">
    <skipped/>
  </testcase> <!-- verifyContactAndStray -->
  <system-out/>
  <testcase name="verifySteelStructuresProtected" classname="com.OSMOSE.testcases.OULogin">
    <skipped/>
  </testcase> <!-- verifySteelStructuresProtected -->
  <system-out/>
  <testcase name="steelStructuresProtectedMOREINFOREGISTRATION" classname="com.OSMOSE.testcases.OULogin">
    <skipped/>
  </testcase> <!-- steelStructuresProtectedMOREINFOREGISTRATION -->
  <system-out/>
  <testcase name="verifyUpcomingWebinarsPage" classname="com.OSMOSE.testcases.OULogin">
    <skipped/>
  </testcase> <!-- verifyUpcomingWebinarsPage -->
  <system-out/>
  <testcase name="ContactAndStrayMOREINFOREGISTRATION" classname="com.OSMOSE.testcases.OULogin">
    <skipped/>
  </testcase> <!-- ContactAndStrayMOREINFOREGISTRATION -->
  <system-out/>
</testsuite> <!-- com.OSMOSE.testcases.OULogin -->
