<?xml version="1.0" encoding="UTF-8"?>
<!-- Generated by org.testng.reporters.JUnitReportReporter -->
<testsuite skipped="0" hostname="5CG6323N27" name="com.OSMOSE.testcases.JointUse_ts_allroles" tests="15" failures="0" timestamp="2021-01-11T14:57:10 IST" time="76.794" errors="0">
  <testcase name="jointUseloginTestAllRoles" time="26.144" classname="com.OSMOSE.testcases.JointUse_ts_allroles"/>
  <system-out>
Click to see Screenshot <a target="_blank" href=Mon_Jan_11_14_56_10_IST_2021.jpg>Screenshot</a> <br> <br> <a target="_blank" href=Mon_Jan_11_14_56_10_IST_2021.jpg><img src=Mon_Jan_11_14_56_10_IST_2021.jpg height=200 width=200></img></a>  </system-out>
  <testcase name="verifyJointUseNavigationClick" time="38.611" classname="com.OSMOSE.testcases.JointUse_ts_allroles"/>
  <system-out>
Click to see Screenshot <a target="_blank" href=Mon_Jan_11_14_56_50_IST_2021.jpg>Screenshot</a> <br> <br> <a target="_blank" href=Mon_Jan_11_14_56_50_IST_2021.jpg><img src=Mon_Jan_11_14_56_50_IST_2021.jpg height=200 width=200></img></a>  </system-out>
  <testcase name="verifyHorizontalCollapseFunctionality" time="5.298" classname="com.OSMOSE.testcases.JointUse_ts_allroles"/>
  <system-out>
Click to see Screenshot <a target="_blank" href=Mon_Jan_11_14_56_56_IST_2021.jpg>Screenshot</a> <br> <br> <a target="_blank" href=Mon_Jan_11_14_56_56_IST_2021.jpg><img src=Mon_Jan_11_14_56_56_IST_2021.jpg height=200 width=200></img></a>  </system-out>
  <testcase name="verifyVerticalCollapseFunctionality" time="0.153" classname="com.OSMOSE.testcases.JointUse_ts_allroles"/>
  <system-out>
Click to see Screenshot <a target="_blank" href=Mon_Jan_11_14_56_57_IST_2021.jpg>Screenshot</a> <br> <br> <a target="_blank" href=Mon_Jan_11_14_56_57_IST_2021.jpg><img src=Mon_Jan_11_14_56_57_IST_2021.jpg height=200 width=200></img></a>  </system-out>
  <testcase name="verifyAddWidgets" time="0.055" classname="com.OSMOSE.testcases.JointUse_ts_allroles"/>
  <system-out>
Click to see Screenshot <a target="_blank" href=Mon_Jan_11_14_56_57_IST_2021.jpg>Screenshot</a> <br> <br> <a target="_blank" href=Mon_Jan_11_14_56_57_IST_2021.jpg><img src=Mon_Jan_11_14_56_57_IST_2021.jpg height=200 width=200></img></a>  </system-out>
  <testcase name="verifyEditLayout" time="0.068" classname="com.OSMOSE.testcases.JointUse_ts_allroles"/>
  <system-out>
Click to see Screenshot <a target="_blank" href=Mon_Jan_11_14_56_57_IST_2021.jpg>Screenshot</a> <br> <br> <a target="_blank" href=Mon_Jan_11_14_56_57_IST_2021.jpg><img src=Mon_Jan_11_14_56_57_IST_2021.jpg height=200 width=200></img></a>  </system-out>
  <testcase name="verifyNewApplication" time="0.773" classname="com.OSMOSE.testcases.JointUse_ts_allroles"/>
  <system-out>
Click to see Screenshot <a target="_blank" href=Mon_Jan_11_14_56_58_IST_2021.jpg>Screenshot</a> <br> <br> <a target="_blank" href=Mon_Jan_11_14_56_58_IST_2021.jpg><img src=Mon_Jan_11_14_56_58_IST_2021.jpg height=200 width=200></img></a>  </system-out>
  <testcase name="verifyExportOptions" time="0.171" classname="com.OSMOSE.testcases.JointUse_ts_allroles"/>
  <system-out>
Click to see Screenshot <a target="_blank" href=Mon_Jan_11_14_56_59_IST_2021.jpg>Screenshot</a> <br> <br> <a target="_blank" href=Mon_Jan_11_14_56_59_IST_2021.jpg><img src=Mon_Jan_11_14_56_59_IST_2021.jpg height=200 width=200></img></a>  </system-out>
  <testcase name="verifySearchBox" time="0.054" classname="com.OSMOSE.testcases.JointUse_ts_allroles"/>
  <system-out>
Click to see Screenshot <a target="_blank" href=Mon_Jan_11_14_56_59_IST_2021.jpg>Screenshot</a> <br> <br> <a target="_blank" href=Mon_Jan_11_14_56_59_IST_2021.jpg><img src=Mon_Jan_11_14_56_59_IST_2021.jpg height=200 width=200></img></a>  </system-out>
  <testcase name="verifyRefreshBtn" time="0.034" classname="com.OSMOSE.testcases.JointUse_ts_allroles"/>
  <system-out>
Click to see Screenshot <a target="_blank" href=Mon_Jan_11_14_57_00_IST_2021.jpg>Screenshot</a> <br> <br> <a target="_blank" href=Mon_Jan_11_14_57_00_IST_2021.jpg><img src=Mon_Jan_11_14_57_00_IST_2021.jpg height=200 width=200></img></a>  </system-out>
  <testcase name="verifyRowsCount" time="0.097" classname="com.OSMOSE.testcases.JointUse_ts_allroles"/>
  <system-out>
Click to see Screenshot <a target="_blank" href=Mon_Jan_11_14_57_00_IST_2021.jpg>Screenshot</a> <br> <br> <a target="_blank" href=Mon_Jan_11_14_57_00_IST_2021.jpg><img src=Mon_Jan_11_14_57_00_IST_2021.jpg height=200 width=200></img></a>  </system-out>
  <testcase name="verifyColumns" time="2.166" classname="com.OSMOSE.testcases.JointUse_ts_allroles"/>
  <system-out>
Click to see Screenshot <a target="_blank" href=Mon_Jan_11_14_57_03_IST_2021.jpg>Screenshot</a> <br> <br> <a target="_blank" href=Mon_Jan_11_14_57_03_IST_2021.jpg><img src=Mon_Jan_11_14_57_03_IST_2021.jpg height=200 width=200></img></a>  </system-out>
  <testcase name="verifySelectAllFunctionality" time="2.255" classname="com.OSMOSE.testcases.JointUse_ts_allroles"/>
  <system-out>
Click to see Screenshot <a target="_blank" href=Mon_Jan_11_14_57_05_IST_2021.jpg>Screenshot</a> <br> <br> <a target="_blank" href=Mon_Jan_11_14_57_05_IST_2021.jpg><img src=Mon_Jan_11_14_57_05_IST_2021.jpg height=200 width=200></img></a>  </system-out>
  <testcase name="verifyAddWidgetClick" time="0.452" classname="com.OSMOSE.testcases.JointUse_ts_allroles"/>
  <system-out>
Click to see Screenshot <a target="_blank" href=Mon_Jan_11_14_57_06_IST_2021.jpg>Screenshot</a> <br> <br> <a target="_blank" href=Mon_Jan_11_14_57_06_IST_2021.jpg><img src=Mon_Jan_11_14_57_06_IST_2021.jpg height=200 width=200></img></a>  </system-out>
  <testcase name="verifyEditWidgetClick" time="0.463" classname="com.OSMOSE.testcases.JointUse_ts_allroles"/>
  <system-out>
Click to see Screenshot <a target="_blank" href=Mon_Jan_11_14_57_07_IST_2021.jpg>Screenshot</a> <br> <br> <a target="_blank" href=Mon_Jan_11_14_57_07_IST_2021.jpg><img src=Mon_Jan_11_14_57_07_IST_2021.jpg height=200 width=200></img></a>  </system-out>
</testsuite> <!-- com.OSMOSE.testcases.JointUse_ts_allroles -->
