<?xml version="1.0" encoding="UTF-8"?>
<!-- Generated by org.testng.reporters.JUnitReportReporter -->
<testsuite skipped="5" hostname="5CG6323N27" name="com.OSMOSE.testcases.OsmoseServices" tests="29" failures="0" timestamp="2020-11-25T14:02:59 IST" time="333.665" errors="0">
  <testcase name="verifyMyOsmoseServicesCardClick" time="9.182" classname="com.OSMOSE.testcases.OsmoseServices"/>
  <system-out>
Click to see Screenshot <a target="_blank" href=Wed_Nov_25_13_57_18_IST_2020.jpg>Screenshot</a> <br> <br> <a target="_blank" href=Wed_Nov_25_13_57_18_IST_2020.jpg><img src=Wed_Nov_25_13_57_18_IST_2020.jpg height=200 width=200></img></a>  </system-out>
  <testcase name="verifyWoodInspectionandTreatmentLearnMoreClick" time="17.238" classname="com.OSMOSE.testcases.OsmoseServices"/>
  <system-out>
Click to see Screenshot <a target="_blank" href=Wed_Nov_25_13_57_36_IST_2020.jpg>Screenshot</a> <br> <br> <a target="_blank" href=Wed_Nov_25_13_57_36_IST_2020.jpg><img src=Wed_Nov_25_13_57_36_IST_2020.jpg height=200 width=200></img></a>  </system-out>
  <testcase name="verifyWoodRestorationLearnMoreClick" time="5.269" classname="com.OSMOSE.testcases.OsmoseServices"/>
  <system-out>
Click to see Screenshot <a target="_blank" href=Wed_Nov_25_13_57_41_IST_2020.jpg>Screenshot</a> <br> <br> <a target="_blank" href=Wed_Nov_25_13_57_41_IST_2020.jpg><img src=Wed_Nov_25_13_57_41_IST_2020.jpg height=200 width=200></img></a>  </system-out>
  <testcase name="verifyOcalcProLearnMoreClick" time="5.222" classname="com.OSMOSE.testcases.OsmoseServices"/>
  <system-out>
Click to see Screenshot <a target="_blank" href=Wed_Nov_25_13_57_47_IST_2020.jpg>Screenshot</a> <br> <br> <a target="_blank" href=Wed_Nov_25_13_57_47_IST_2020.jpg><img src=Wed_Nov_25_13_57_47_IST_2020.jpg height=200 width=200></img></a>  </system-out>
  <testcase name="verifySteelandConcreteAssessmentLearnMoreClick" time="5.232" classname="com.OSMOSE.testcases.OsmoseServices"/>
  <system-out>
Click to see Screenshot <a target="_blank" href=Wed_Nov_25_13_57_53_IST_2020.jpg>Screenshot</a> <br> <br> <a target="_blank" href=Wed_Nov_25_13_57_53_IST_2020.jpg><img src=Wed_Nov_25_13_57_53_IST_2020.jpg height=200 width=200></img></a>  </system-out>
  <testcase name="verifySteelandConcreteRestorationLearnMoreClick" time="5.210" classname="com.OSMOSE.testcases.OsmoseServices"/>
  <system-out>
Click to see Screenshot <a target="_blank" href=Wed_Nov_25_13_57_59_IST_2020.jpg>Screenshot</a> <br> <br> <a target="_blank" href=Wed_Nov_25_13_57_59_IST_2020.jpg><img src=Wed_Nov_25_13_57_59_IST_2020.jpg height=200 width=200></img></a>  </system-out>
  <testcase name="verifyOverheadLearnMoreClick" time="5.213" classname="com.OSMOSE.testcases.OsmoseServices"/>
  <system-out>
Click to see Screenshot <a target="_blank" href=Wed_Nov_25_13_58_04_IST_2020.jpg>Screenshot</a> <br> <br> <a target="_blank" href=Wed_Nov_25_13_58_04_IST_2020.jpg><img src=Wed_Nov_25_13_58_04_IST_2020.jpg height=200 width=200></img></a>  </system-out>
  <testcase name="verifyUndergroundLearnMoreClick" time="5.199" classname="com.OSMOSE.testcases.OsmoseServices"/>
  <system-out>
Click to see Screenshot <a target="_blank" href=Wed_Nov_25_13_58_10_IST_2020.jpg>Screenshot</a> <br> <br> <a target="_blank" href=Wed_Nov_25_13_58_10_IST_2020.jpg><img src=Wed_Nov_25_13_58_10_IST_2020.jpg height=200 width=200></img></a>  </system-out>
  <testcase name="verifyJointUseLearnMoreClick" time="5.190" classname="com.OSMOSE.testcases.OsmoseServices"/>
  <system-out>
Click to see Screenshot <a target="_blank" href=Wed_Nov_25_13_58_16_IST_2020.jpg>Screenshot</a> <br> <br> <a target="_blank" href=Wed_Nov_25_13_58_16_IST_2020.jpg><img src=Wed_Nov_25_13_58_16_IST_2020.jpg height=200 width=200></img></a>  </system-out>
  <testcase name="verifyStrayVoltageLearnMoreClick" time="5.233" classname="com.OSMOSE.testcases.OsmoseServices"/>
  <system-out>
Click to see Screenshot <a target="_blank" href=Wed_Nov_25_13_58_21_IST_2020.jpg>Screenshot</a> <br> <br> <a target="_blank" href=Wed_Nov_25_13_58_21_IST_2020.jpg><img src=Wed_Nov_25_13_58_21_IST_2020.jpg height=200 width=200></img></a>  </system-out>
  <testcase name="verifyEngineeringServicesLearnMoreClick" time="5.222" classname="com.OSMOSE.testcases.OsmoseServices"/>
  <system-out>
Click to see Screenshot <a target="_blank" href=Wed_Nov_25_13_58_27_IST_2020.jpg>Screenshot</a> <br> <br> <a target="_blank" href=Wed_Nov_25_13_58_27_IST_2020.jpg><img src=Wed_Nov_25_13_58_27_IST_2020.jpg height=200 width=200></img></a>  </system-out>
  <testcase name="verifyStormServiceLearnMoreClick" time="5.202" classname="com.OSMOSE.testcases.OsmoseServices"/>
  <system-out>
Click to see Screenshot <a target="_blank" href=Wed_Nov_25_13_58_33_IST_2020.jpg>Screenshot</a> <br> <br> <a target="_blank" href=Wed_Nov_25_13_58_33_IST_2020.jpg><img src=Wed_Nov_25_13_58_33_IST_2020.jpg height=200 width=200></img></a>  </system-out>
  <testcase name="VerifyWoodInspectionAndTreatmentclick" time="27.557" classname="com.OSMOSE.testcases.OsmoseServices"/>
  <system-out>
Click to see Screenshot <a target="_blank" href=Wed_Nov_25_13_59_01_IST_2020.jpg>Screenshot</a> <br> <br> <a target="_blank" href=Wed_Nov_25_13_59_01_IST_2020.jpg><img src=Wed_Nov_25_13_59_01_IST_2020.jpg height=200 width=200></img></a>  </system-out>
  <testcase name="verifyClickonWoodTreatmentVideos" time="29.399" classname="com.OSMOSE.testcases.OsmoseServices"/>
  <system-out>
Click to see Screenshot <a target="_blank" href=Wed_Nov_25_13_59_31_IST_2020.jpg>Screenshot</a> <br> <br> <a target="_blank" href=Wed_Nov_25_13_59_31_IST_2020.jpg><img src=Wed_Nov_25_13_59_31_IST_2020.jpg height=200 width=200></img></a>  </system-out>
  <testcase name="verifyClickonWoodTreatmentProjectProfiles" time="20.531" classname="com.OSMOSE.testcases.OsmoseServices"/>
  <system-out>
Click to see Screenshot <a target="_blank" href=Wed_Nov_25_13_59_52_IST_2020.jpg>Screenshot</a> <br> <br> <a target="_blank" href=Wed_Nov_25_13_59_52_IST_2020.jpg><img src=Wed_Nov_25_13_59_52_IST_2020.jpg height=200 width=200></img></a>  </system-out>
  <testcase name="verifyClickonWoodTreatmentMAP" time="21.194" classname="com.OSMOSE.testcases.OsmoseServices"/>
  <system-out>
Click to see Screenshot <a target="_blank" href=Wed_Nov_25_14_00_14_IST_2020.jpg>Screenshot</a> <br> <br> <a target="_blank" href=Wed_Nov_25_14_00_14_IST_2020.jpg><img src=Wed_Nov_25_14_00_14_IST_2020.jpg height=200 width=200></img></a>  </system-out>
  <testcase name="VerifyWoodRestorationclick" time="17.619" classname="com.OSMOSE.testcases.OsmoseServices"/>
  <system-out>
Click to see Screenshot <a target="_blank" href=Wed_Nov_25_14_00_32_IST_2020.jpg>Screenshot</a> <br> <br> <a target="_blank" href=Wed_Nov_25_14_00_32_IST_2020.jpg><img src=Wed_Nov_25_14_00_32_IST_2020.jpg height=200 width=200></img></a>  </system-out>
  <testcase name="verifyClickonWoodRestorationVideos" time="27.645" classname="com.OSMOSE.testcases.OsmoseServices"/>
  <system-out>
Click to see Screenshot <a target="_blank" href=Wed_Nov_25_14_01_01_IST_2020.jpg>Screenshot</a> <br> <br> <a target="_blank" href=Wed_Nov_25_14_01_01_IST_2020.jpg><img src=Wed_Nov_25_14_01_01_IST_2020.jpg height=200 width=200></img></a>  </system-out>
  <testcase name="verifyClickonWoodRestorationProjectProfiles" time="20.669" classname="com.OSMOSE.testcases.OsmoseServices"/>
  <system-out>
Click to see Screenshot <a target="_blank" href=Wed_Nov_25_14_01_22_IST_2020.jpg>Screenshot</a> <br> <br> <a target="_blank" href=Wed_Nov_25_14_01_22_IST_2020.jpg><img src=Wed_Nov_25_14_01_22_IST_2020.jpg height=200 width=200></img></a>  </system-out>
  <testcase name="verifyClickonWoodRestorationMAP" time="20.930" classname="com.OSMOSE.testcases.OsmoseServices"/>
  <system-out>
Click to see Screenshot <a target="_blank" href=Wed_Nov_25_14_01_44_IST_2020.jpg>Screenshot</a> <br> <br> <a target="_blank" href=Wed_Nov_25_14_01_44_IST_2020.jpg><img src=Wed_Nov_25_14_01_44_IST_2020.jpg height=200 width=200></img></a>  </system-out>
  <testcase name="verifyClickonUndergroundVideos" time="20.531" classname="com.OSMOSE.testcases.OsmoseServices"/>
  <system-out>
Click to see Screenshot <a target="_blank" href=Wed_Nov_25_14_02_05_IST_2020.jpg>Screenshot</a> <br> <br> <a target="_blank" href=Wed_Nov_25_14_02_05_IST_2020.jpg><img src=Wed_Nov_25_14_02_05_IST_2020.jpg height=200 width=200></img></a>  </system-out>
  <testcase name="verifyClickonUndergroundProjectProfiles" time="20.621" classname="com.OSMOSE.testcases.OsmoseServices"/>
  <system-out>
Click to see Screenshot <a target="_blank" href=Wed_Nov_25_14_02_26_IST_2020.jpg>Screenshot</a> <br> <br> <a target="_blank" href=Wed_Nov_25_14_02_26_IST_2020.jpg><img src=Wed_Nov_25_14_02_26_IST_2020.jpg height=200 width=200></img></a>  </system-out>
  <testcase name="verifyPopUpUnderground" time="15.734" classname="com.OSMOSE.testcases.OsmoseServices"/>
  <system-out>
Click to see Screenshot <a target="_blank" href=Wed_Nov_25_14_02_42_IST_2020.jpg>Screenshot</a> <br> <br> <a target="_blank" href=Wed_Nov_25_14_02_42_IST_2020.jpg><img src=Wed_Nov_25_14_02_42_IST_2020.jpg height=200 width=200></img></a>  </system-out>
  <testcase name="verifyTakeMeToOsmoseClick" time="12.623" classname="com.OSMOSE.testcases.OsmoseServices"/>
  <system-out>
Click to see Screenshot <a target="_blank" href=Wed_Nov_25_14_02_55_IST_2020.jpg>Screenshot</a> <br> <br> <a target="_blank" href=Wed_Nov_25_14_02_55_IST_2020.jpg><img src=Wed_Nov_25_14_02_55_IST_2020.jpg height=200 width=200></img></a>  </system-out>
  <testcase name="verifyProductsLearnMoreClick" classname="com.OSMOSE.testcases.OsmoseServices">
    <skipped/>
  </testcase> <!-- verifyProductsLearnMoreClick -->
  <system-out/>
  <testcase name="VerifyProductclick" classname="com.OSMOSE.testcases.OsmoseServices">
    <skipped/>
  </testcase> <!-- VerifyProductclick -->
  <system-out/>
  <testcase name="verifyCancelClickOnPopUpUnderground" classname="com.OSMOSE.testcases.OsmoseServices">
    <skipped/>
  </testcase> <!-- verifyCancelClickOnPopUpUnderground -->
  <system-out/>
  <testcase name="VerifyViewMapclick" classname="com.OSMOSE.testcases.OsmoseServices">
    <skipped/>
  </testcase> <!-- VerifyViewMapclick -->
  <system-out/>
  <testcase name="verifyOkClickOnPopUpUnderground" classname="com.OSMOSE.testcases.OsmoseServices">
    <skipped/>
  </testcase> <!-- verifyOkClickOnPopUpUnderground -->
  <system-out/>
</testsuite> <!-- com.OSMOSE.testcases.OsmoseServices -->
