<?xml version="1.0" encoding="UTF-8"?>
<!-- Generated by org.testng.reporters.JUnitReportReporter -->
<testsuite skipped="0" hostname="5CG6323N27" name="com.OSMOSE.testcases.KnowledgeBase" tests="88" failures="0" timestamp="2020-09-01T18:01:48 IST" time="2741.116" errors="0">
  <testcase name="verifyKnowledgeBaseNavigationClick" time="49.549" classname="com.OSMOSE.testcases.KnowledgeBase"/>
  <system-out>
Click to see Screenshot <a target="_blank" href=Tue_Sep_01_17_16_17_IST_2020.jpg>Screenshot</a> <br> <br> <a target="_blank" href=Tue_Sep_01_17_16_17_IST_2020.jpg><img src=Tue_Sep_01_17_16_17_IST_2020.jpg height=200 width=200></img></a>  </system-out>
  <testcase name="verifyLinksPresentOnKb" time="0.113" classname="com.OSMOSE.testcases.KnowledgeBase"/>
  <system-out>
Click to see Screenshot <a target="_blank" href=Tue_Sep_01_17_16_17_IST_2020.jpg>Screenshot</a> <br> <br> <a target="_blank" href=Tue_Sep_01_17_16_17_IST_2020.jpg><img src=Tue_Sep_01_17_16_17_IST_2020.jpg height=200 width=200></img></a>  </system-out>
  <testcase name="verifyPresenceOfSearchBox" time="0.087" classname="com.OSMOSE.testcases.KnowledgeBase"/>
  <system-out>
Click to see Screenshot <a target="_blank" href=Tue_Sep_01_17_16_18_IST_2020.jpg>Screenshot</a> <br> <br> <a target="_blank" href=Tue_Sep_01_17_16_18_IST_2020.jpg><img src=Tue_Sep_01_17_16_18_IST_2020.jpg height=200 width=200></img></a>  </system-out>
  <testcase name="verifyPresenceOfPopularQueriesFilter" time="0.043" classname="com.OSMOSE.testcases.KnowledgeBase"/>
  <system-out>
Click to see Screenshot <a target="_blank" href=Tue_Sep_01_17_16_18_IST_2020.jpg>Screenshot</a> <br> <br> <a target="_blank" href=Tue_Sep_01_17_16_18_IST_2020.jpg><img src=Tue_Sep_01_17_16_18_IST_2020.jpg height=200 width=200></img></a>  </system-out>
  <testcase name="verifyPresenceOfFilterItems" time="2.226" classname="com.OSMOSE.testcases.KnowledgeBase"/>
  <system-out>
Click to see Screenshot <a target="_blank" href=Tue_Sep_01_17_16_21_IST_2020.jpg>Screenshot</a> <br> <br> <a target="_blank" href=Tue_Sep_01_17_16_21_IST_2020.jpg><img src=Tue_Sep_01_17_16_21_IST_2020.jpg height=200 width=200></img></a>  </system-out>
  <testcase name="verifyPresenceSteelAndConcreteAssessmentCard" time="0.038" classname="com.OSMOSE.testcases.KnowledgeBase"/>
  <system-out>
Click to see Screenshot <a target="_blank" href=Tue_Sep_01_17_16_21_IST_2020.jpg>Screenshot</a> <br> <br> <a target="_blank" href=Tue_Sep_01_17_16_21_IST_2020.jpg><img src=Tue_Sep_01_17_16_21_IST_2020.jpg height=200 width=200></img></a>  </system-out>
  <testcase name="verifyPresenceSteelAndConcreteRestorationCard" time="0.033" classname="com.OSMOSE.testcases.KnowledgeBase"/>
  <system-out>
Click to see Screenshot <a target="_blank" href=Tue_Sep_01_17_16_21_IST_2020.jpg>Screenshot</a> <br> <br> <a target="_blank" href=Tue_Sep_01_17_16_21_IST_2020.jpg><img src=Tue_Sep_01_17_16_21_IST_2020.jpg height=200 width=200></img></a>  </system-out>
  <testcase name="verifyPresenceWoodInspectionAndTreatmentCard" time="0.036" classname="com.OSMOSE.testcases.KnowledgeBase"/>
  <system-out>
Click to see Screenshot <a target="_blank" href=Tue_Sep_01_17_16_22_IST_2020.jpg>Screenshot</a> <br> <br> <a target="_blank" href=Tue_Sep_01_17_16_22_IST_2020.jpg><img src=Tue_Sep_01_17_16_22_IST_2020.jpg height=200 width=200></img></a>  </system-out>
  <testcase name="verifyPresenceWoodRestorationCard" time="0.034" classname="com.OSMOSE.testcases.KnowledgeBase"/>
  <system-out>
Click to see Screenshot <a target="_blank" href=Tue_Sep_01_17_16_22_IST_2020.jpg>Screenshot</a> <br> <br> <a target="_blank" href=Tue_Sep_01_17_16_22_IST_2020.jpg><img src=Tue_Sep_01_17_16_22_IST_2020.jpg height=200 width=200></img></a>  </system-out>
  <testcase name="verifyPresenceIndustryNewsCard" time="0.076" classname="com.OSMOSE.testcases.KnowledgeBase"/>
  <system-out>
Click to see Screenshot <a target="_blank" href=Tue_Sep_01_17_16_23_IST_2020.jpg>Screenshot</a> <br> <br> <a target="_blank" href=Tue_Sep_01_17_16_23_IST_2020.jpg><img src=Tue_Sep_01_17_16_23_IST_2020.jpg height=200 width=200></img></a>  </system-out>
  <testcase name="verifyPresenceOCalcProCard" time="0.042" classname="com.OSMOSE.testcases.KnowledgeBase"/>
  <system-out>
Click to see Screenshot <a target="_blank" href=Tue_Sep_01_17_16_23_IST_2020.jpg>Screenshot</a> <br> <br> <a target="_blank" href=Tue_Sep_01_17_16_23_IST_2020.jpg><img src=Tue_Sep_01_17_16_23_IST_2020.jpg height=200 width=200></img></a>  </system-out>
  <testcase name="verifyPresenceProjectOfTheWeekCard" time="0.066" classname="com.OSMOSE.testcases.KnowledgeBase"/>
  <system-out>
Click to see Screenshot <a target="_blank" href=Tue_Sep_01_17_16_24_IST_2020.jpg>Screenshot</a> <br> <br> <a target="_blank" href=Tue_Sep_01_17_16_24_IST_2020.jpg><img src=Tue_Sep_01_17_16_24_IST_2020.jpg height=200 width=200></img></a>  </system-out>
  <testcase name="verifyPresenceFeaturedVideosCard" time="0.035" classname="com.OSMOSE.testcases.KnowledgeBase"/>
  <system-out>
Click to see Screenshot <a target="_blank" href=Tue_Sep_01_17_16_24_IST_2020.jpg>Screenshot</a> <br> <br> <a target="_blank" href=Tue_Sep_01_17_16_24_IST_2020.jpg><img src=Tue_Sep_01_17_16_24_IST_2020.jpg height=200 width=200></img></a>  </system-out>
  <testcase name="verifyPresenceWhatswrongwiththisPictureCard" time="0.038" classname="com.OSMOSE.testcases.KnowledgeBase"/>
  <system-out>
Click to see Screenshot <a target="_blank" href=Tue_Sep_01_17_16_24_IST_2020.jpg>Screenshot</a> <br> <br> <a target="_blank" href=Tue_Sep_01_17_16_24_IST_2020.jpg><img src=Tue_Sep_01_17_16_24_IST_2020.jpg height=200 width=200></img></a>  </system-out>
  <testcase name="verifyPresenceSuggestedContentsCard" time="0.033" classname="com.OSMOSE.testcases.KnowledgeBase"/>
  <system-out>
Click to see Screenshot <a target="_blank" href=Tue_Sep_01_17_16_25_IST_2020.jpg>Screenshot</a> <br> <br> <a target="_blank" href=Tue_Sep_01_17_16_25_IST_2020.jpg><img src=Tue_Sep_01_17_16_25_IST_2020.jpg height=200 width=200></img></a>  </system-out>
  <testcase name="verifyPresenceOfOcalCproButtons" time="3.198" classname="com.OSMOSE.testcases.KnowledgeBase"/>
  <system-out>
Click to see Screenshot <a target="_blank" href=Tue_Sep_01_17_16_28_IST_2020.jpg>Screenshot</a> <br> <br> <a target="_blank" href=Tue_Sep_01_17_16_28_IST_2020.jpg><img src=Tue_Sep_01_17_16_28_IST_2020.jpg height=200 width=200></img></a>  </system-out>
  <testcase name="verifyPresenceOfSliderOnSuggestedContents" time="8.138" classname="com.OSMOSE.testcases.KnowledgeBase"/>
  <system-out>
Click to see Screenshot <a target="_blank" href=Tue_Sep_01_17_16_37_IST_2020.jpg>Screenshot</a> <br> <br> <a target="_blank" href=Tue_Sep_01_17_16_37_IST_2020.jpg><img src=Tue_Sep_01_17_16_37_IST_2020.jpg height=200 width=200></img></a>  </system-out>
  <testcase name="verifyClickOnItemSuggestedContents" time="9.380" classname="com.OSMOSE.testcases.KnowledgeBase"/>
  <system-out>
Click to see Screenshot <a target="_blank" href=Tue_Sep_01_17_16_47_IST_2020.jpg>Screenshot</a> <br> <br> <a target="_blank" href=Tue_Sep_01_17_16_47_IST_2020.jpg><img src=Tue_Sep_01_17_16_47_IST_2020.jpg height=200 width=200></img></a>  </system-out>
  <testcase name="verifyClickOnItemFeaturedVideos" time="5.191" classname="com.OSMOSE.testcases.KnowledgeBase"/>
  <system-out>
Click to see Screenshot <a target="_blank" href=Tue_Sep_01_17_16_53_IST_2020.jpg>Screenshot</a> <br> <br> <a target="_blank" href=Tue_Sep_01_17_16_53_IST_2020.jpg><img src=Tue_Sep_01_17_16_53_IST_2020.jpg height=200 width=200></img></a>  </system-out>
  <testcase name="verifyClickOnViewProjectProjectOfTheWeek" time="5.168" classname="com.OSMOSE.testcases.KnowledgeBase"/>
  <system-out>
Click to see Screenshot <a target="_blank" href=Tue_Sep_01_17_16_58_IST_2020.jpg>Screenshot</a> <br> <br> <a target="_blank" href=Tue_Sep_01_17_16_58_IST_2020.jpg><img src=Tue_Sep_01_17_16_58_IST_2020.jpg height=200 width=200></img></a>  </system-out>
  <testcase name="verifyCardContentsSteelConcreteAssessment" time="0.236" classname="com.OSMOSE.testcases.KnowledgeBase"/>
  <system-out>
Click to see Screenshot <a target="_blank" href=Tue_Sep_01_17_16_59_IST_2020.jpg>Screenshot</a> <br> <br> <a target="_blank" href=Tue_Sep_01_17_16_59_IST_2020.jpg><img src=Tue_Sep_01_17_16_59_IST_2020.jpg height=200 width=200></img></a>  </system-out>
  <testcase name="verifyCardContentsSteelConcreteRestoration" time="0.207" classname="com.OSMOSE.testcases.KnowledgeBase"/>
  <system-out>
Click to see Screenshot <a target="_blank" href=Tue_Sep_01_17_17_00_IST_2020.jpg>Screenshot</a> <br> <br> <a target="_blank" href=Tue_Sep_01_17_17_00_IST_2020.jpg><img src=Tue_Sep_01_17_17_00_IST_2020.jpg height=200 width=200></img></a>  </system-out>
  <testcase name="verifyCardContentsWoodInspectionTreatment" time="0.207" classname="com.OSMOSE.testcases.KnowledgeBase"/>
  <system-out>
Click to see Screenshot <a target="_blank" href=Tue_Sep_01_17_17_00_IST_2020.jpg>Screenshot</a> <br> <br> <a target="_blank" href=Tue_Sep_01_17_17_00_IST_2020.jpg><img src=Tue_Sep_01_17_17_00_IST_2020.jpg height=200 width=200></img></a>  </system-out>
  <testcase name="verifyCardContentsWoodRestoration" time="0.233" classname="com.OSMOSE.testcases.KnowledgeBase"/>
  <system-out>
Click to see Screenshot <a target="_blank" href=Tue_Sep_01_17_17_01_IST_2020.jpg>Screenshot</a> <br> <br> <a target="_blank" href=Tue_Sep_01_17_17_01_IST_2020.jpg><img src=Tue_Sep_01_17_17_01_IST_2020.jpg height=200 width=200></img></a>  </system-out>
  <testcase name="verifyCardContentsJointUse" time="0.200" classname="com.OSMOSE.testcases.KnowledgeBase"/>
  <system-out>
Click to see Screenshot <a target="_blank" href=Tue_Sep_01_17_17_02_IST_2020.jpg>Screenshot</a> <br> <br> <a target="_blank" href=Tue_Sep_01_17_17_02_IST_2020.jpg><img src=Tue_Sep_01_17_17_02_IST_2020.jpg height=200 width=200></img></a>  </system-out>
  <testcase name="verifyCardContentsOverhead" time="0.205" classname="com.OSMOSE.testcases.KnowledgeBase"/>
  <system-out>
Click to see Screenshot <a target="_blank" href=Tue_Sep_01_17_17_02_IST_2020.jpg>Screenshot</a> <br> <br> <a target="_blank" href=Tue_Sep_01_17_17_02_IST_2020.jpg><img src=Tue_Sep_01_17_17_02_IST_2020.jpg height=200 width=200></img></a>  </system-out>
  <testcase name="verifyCardContentsPoleReplacement" time="0.210" classname="com.OSMOSE.testcases.KnowledgeBase"/>
  <system-out>
Click to see Screenshot <a target="_blank" href=Tue_Sep_01_17_17_03_IST_2020.jpg>Screenshot</a> <br> <br> <a target="_blank" href=Tue_Sep_01_17_17_03_IST_2020.jpg><img src=Tue_Sep_01_17_17_03_IST_2020.jpg height=200 width=200></img></a>  </system-out>
  <testcase name="verifyCardContentsProducts" time="0.199" classname="com.OSMOSE.testcases.KnowledgeBase"/>
  <system-out>
Click to see Screenshot <a target="_blank" href=Tue_Sep_01_17_17_04_IST_2020.jpg>Screenshot</a> <br> <br> <a target="_blank" href=Tue_Sep_01_17_17_04_IST_2020.jpg><img src=Tue_Sep_01_17_17_04_IST_2020.jpg height=200 width=200></img></a>  </system-out>
  <testcase name="verifyCardContentsStormSupport" time="0.221" classname="com.OSMOSE.testcases.KnowledgeBase"/>
  <system-out>
Click to see Screenshot <a target="_blank" href=Tue_Sep_01_17_17_04_IST_2020.jpg>Screenshot</a> <br> <br> <a target="_blank" href=Tue_Sep_01_17_17_04_IST_2020.jpg><img src=Tue_Sep_01_17_17_04_IST_2020.jpg height=200 width=200></img></a>  </system-out>
  <testcase name="verifyCardContentsUnderground" time="0.201" classname="com.OSMOSE.testcases.KnowledgeBase"/>
  <system-out>
Click to see Screenshot <a target="_blank" href=Tue_Sep_01_17_17_05_IST_2020.jpg>Screenshot</a> <br> <br> <a target="_blank" href=Tue_Sep_01_17_17_05_IST_2020.jpg><img src=Tue_Sep_01_17_17_05_IST_2020.jpg height=200 width=200></img></a>  </system-out>
  <testcase name="verifyIndustrySeeMore" time="28.323" classname="com.OSMOSE.testcases.KnowledgeBase"/>
  <system-out>
Click to see Screenshot <a target="_blank" href=Tue_Sep_01_17_17_34_IST_2020.jpg>Screenshot</a> <br> <br> <a target="_blank" href=Tue_Sep_01_17_17_34_IST_2020.jpg><img src=Tue_Sep_01_17_17_34_IST_2020.jpg height=200 width=200></img></a>  </system-out>
  <testcase name="verifyClickOnDailyGaffGallery" time="18.310" classname="com.OSMOSE.testcases.KnowledgeBase"/>
  <system-out>
Click to see Screenshot <a target="_blank" href=Tue_Sep_01_17_17_53_IST_2020.jpg>Screenshot</a> <br> <br> <a target="_blank" href=Tue_Sep_01_17_17_53_IST_2020.jpg><img src=Tue_Sep_01_17_17_53_IST_2020.jpg height=200 width=200></img></a>  </system-out>
  <testcase name="verifyClickOnDailyGaffGalleryImage" time="12.467" classname="com.OSMOSE.testcases.KnowledgeBase"/>
  <system-out>
Click to see Screenshot <a target="_blank" href=Tue_Sep_01_17_18_06_IST_2020.jpg>Screenshot</a> <br> <br> <a target="_blank" href=Tue_Sep_01_17_18_06_IST_2020.jpg><img src=Tue_Sep_01_17_18_06_IST_2020.jpg height=200 width=200></img></a>  </system-out>
  <testcase name="verifyClickOnJointUseCard" time="59.428" classname="com.OSMOSE.testcases.KnowledgeBase"/>
  <system-out>
Click to see Screenshot <a target="_blank" href=Tue_Sep_01_17_19_05_IST_2020.jpg>Screenshot</a> <br> <br> <a target="_blank" href=Tue_Sep_01_17_19_05_IST_2020.jpg><img src=Tue_Sep_01_17_19_05_IST_2020.jpg height=200 width=200></img></a>  </system-out>
  <testcase name="verifyClickOnOverheadCard" time="71.455" classname="com.OSMOSE.testcases.KnowledgeBase"/>
  <system-out>
Click to see Screenshot <a target="_blank" href=Tue_Sep_01_17_20_17_IST_2020.jpg>Screenshot</a> <br> <br> <a target="_blank" href=Tue_Sep_01_17_20_17_IST_2020.jpg><img src=Tue_Sep_01_17_20_17_IST_2020.jpg height=200 width=200></img></a>  </system-out>
  <testcase name="verifyClickOnPoleReplacementCard" time="71.243" classname="com.OSMOSE.testcases.KnowledgeBase"/>
  <system-out>
Click to see Screenshot <a target="_blank" href=Tue_Sep_01_17_21_29_IST_2020.jpg>Screenshot</a> <br> <br> <a target="_blank" href=Tue_Sep_01_17_21_29_IST_2020.jpg><img src=Tue_Sep_01_17_21_29_IST_2020.jpg height=200 width=200></img></a>  </system-out>
  <testcase name="verifyClickOnProductsCard" time="71.356" classname="com.OSMOSE.testcases.KnowledgeBase"/>
  <system-out>
Click to see Screenshot <a target="_blank" href=Tue_Sep_01_17_22_41_IST_2020.jpg>Screenshot</a> <br> <br> <a target="_blank" href=Tue_Sep_01_17_22_41_IST_2020.jpg><img src=Tue_Sep_01_17_22_41_IST_2020.jpg height=200 width=200></img></a>  </system-out>
  <testcase name="verifyClickOnSteelandConcreteAssessmentCard" time="71.268" classname="com.OSMOSE.testcases.KnowledgeBase"/>
  <system-out>
Click to see Screenshot <a target="_blank" href=Tue_Sep_01_17_23_52_IST_2020.jpg>Screenshot</a> <br> <br> <a target="_blank" href=Tue_Sep_01_17_23_52_IST_2020.jpg><img src=Tue_Sep_01_17_23_52_IST_2020.jpg height=200 width=200></img></a>  </system-out>
  <testcase name="verifyClickOnSteelandConcreteRestorationCard" time="71.236" classname="com.OSMOSE.testcases.KnowledgeBase"/>
  <system-out>
Click to see Screenshot <a target="_blank" href=Tue_Sep_01_17_25_04_IST_2020.jpg>Screenshot</a> <br> <br> <a target="_blank" href=Tue_Sep_01_17_25_04_IST_2020.jpg><img src=Tue_Sep_01_17_25_04_IST_2020.jpg height=200 width=200></img></a>  </system-out>
  <testcase name="verifyClickOnStormSupportCard" time="71.290" classname="com.OSMOSE.testcases.KnowledgeBase"/>
  <system-out>
Click to see Screenshot <a target="_blank" href=Tue_Sep_01_17_26_15_IST_2020.jpg>Screenshot</a> <br> <br> <a target="_blank" href=Tue_Sep_01_17_26_15_IST_2020.jpg><img src=Tue_Sep_01_17_26_15_IST_2020.jpg height=200 width=200></img></a>  </system-out>
  <testcase name="verifyClickOnUndergroundCard" time="71.339" classname="com.OSMOSE.testcases.KnowledgeBase"/>
  <system-out>
Click to see Screenshot <a target="_blank" href=Tue_Sep_01_17_27_27_IST_2020.jpg>Screenshot</a> <br> <br> <a target="_blank" href=Tue_Sep_01_17_27_27_IST_2020.jpg><img src=Tue_Sep_01_17_27_27_IST_2020.jpg height=200 width=200></img></a>  </system-out>
  <testcase name="verifyClickOnWoodRestorationCard" time="71.247" classname="com.OSMOSE.testcases.KnowledgeBase"/>
  <system-out>
Click to see Screenshot <a target="_blank" href=Tue_Sep_01_17_28_39_IST_2020.jpg>Screenshot</a> <br> <br> <a target="_blank" href=Tue_Sep_01_17_28_39_IST_2020.jpg><img src=Tue_Sep_01_17_28_39_IST_2020.jpg height=200 width=200></img></a>  </system-out>
  <testcase name="verifyClickOnWoodInspectionCard" time="71.402" classname="com.OSMOSE.testcases.KnowledgeBase"/>
  <system-out>
Click to see Screenshot <a target="_blank" href=Tue_Sep_01_17_29_51_IST_2020.jpg>Screenshot</a> <br> <br> <a target="_blank" href=Tue_Sep_01_17_29_51_IST_2020.jpg><img src=Tue_Sep_01_17_29_51_IST_2020.jpg height=200 width=200></img></a>  </system-out>
  <testcase name="verifyClickonJointUsImages" time="21.715" classname="com.OSMOSE.testcases.KnowledgeBase"/>
  <system-out>
Click to see Screenshot <a target="_blank" href=Tue_Sep_01_17_30_13_IST_2020.jpg>Screenshot</a> <br> <br> <a target="_blank" href=Tue_Sep_01_17_30_13_IST_2020.jpg><img src=Tue_Sep_01_17_30_13_IST_2020.jpg height=200 width=200></img></a>  </system-out>
  <testcase name="verifyClickonJointUsVideos" time="31.521" classname="com.OSMOSE.testcases.KnowledgeBase"/>
  <system-out>
Click to see Screenshot <a target="_blank" href=Tue_Sep_01_17_30_45_IST_2020.jpg>Screenshot</a> <br> <br> <a target="_blank" href=Tue_Sep_01_17_30_45_IST_2020.jpg><img src=Tue_Sep_01_17_30_45_IST_2020.jpg height=200 width=200></img></a>  </system-out>
  <testcase name="verifyClickonJointUsArticles" time="3.104" classname="com.OSMOSE.testcases.KnowledgeBase"/>
  <system-out>
Click to see Screenshot <a target="_blank" href=Tue_Sep_01_17_30_48_IST_2020.jpg>Screenshot</a> <br> <br> <a target="_blank" href=Tue_Sep_01_17_30_48_IST_2020.jpg><img src=Tue_Sep_01_17_30_48_IST_2020.jpg height=200 width=200></img></a>  </system-out>
  <testcase name="verifyClickonOverheadVideos" time="31.462" classname="com.OSMOSE.testcases.KnowledgeBase"/>
  <system-out>
Click to see Screenshot <a target="_blank" href=Tue_Sep_01_17_31_20_IST_2020.jpg>Screenshot</a> <br> <br> <a target="_blank" href=Tue_Sep_01_17_31_20_IST_2020.jpg><img src=Tue_Sep_01_17_31_20_IST_2020.jpg height=200 width=200></img></a>  </system-out>
  <testcase name="verifyClickonOverheadImages" time="21.595" classname="com.OSMOSE.testcases.KnowledgeBase"/>
  <system-out>
Click to see Screenshot <a target="_blank" href=Tue_Sep_01_17_31_42_IST_2020.jpg>Screenshot</a> <br> <br> <a target="_blank" href=Tue_Sep_01_17_31_42_IST_2020.jpg><img src=Tue_Sep_01_17_31_42_IST_2020.jpg height=200 width=200></img></a>  </system-out>
  <testcase name="verifyClickonOverheadProjectProfiles" time="21.712" classname="com.OSMOSE.testcases.KnowledgeBase"/>
  <system-out>
Click to see Screenshot <a target="_blank" href=Tue_Sep_01_17_32_04_IST_2020.jpg>Screenshot</a> <br> <br> <a target="_blank" href=Tue_Sep_01_17_32_04_IST_2020.jpg><img src=Tue_Sep_01_17_32_04_IST_2020.jpg height=200 width=200></img></a>  </system-out>
  <testcase name="verifyClickonPoleReplacementImages" time="21.591" classname="com.OSMOSE.testcases.KnowledgeBase"/>
  <system-out>
Click to see Screenshot <a target="_blank" href=Tue_Sep_01_17_32_26_IST_2020.jpg>Screenshot</a> <br> <br> <a target="_blank" href=Tue_Sep_01_17_32_26_IST_2020.jpg><img src=Tue_Sep_01_17_32_26_IST_2020.jpg height=200 width=200></img></a>  </system-out>
  <testcase name="verifyClickonPoleReplacementVideos" time="32.326" classname="com.OSMOSE.testcases.KnowledgeBase"/>
  <system-out>
Click to see Screenshot <a target="_blank" href=Tue_Sep_01_17_32_59_IST_2020.jpg>Screenshot</a> <br> <br> <a target="_blank" href=Tue_Sep_01_17_32_59_IST_2020.jpg><img src=Tue_Sep_01_17_32_59_IST_2020.jpg height=200 width=200></img></a>  </system-out>
  <testcase name="verifyClickonPoleReplacementBrochure" time="21.544" classname="com.OSMOSE.testcases.KnowledgeBase"/>
  <system-out>
Click to see Screenshot <a target="_blank" href=Tue_Sep_01_17_33_21_IST_2020.jpg>Screenshot</a> <br> <br> <a target="_blank" href=Tue_Sep_01_17_33_21_IST_2020.jpg><img src=Tue_Sep_01_17_33_21_IST_2020.jpg height=200 width=200></img></a>  </system-out>
  <testcase name="verifyClickonProductsImages" time="21.518" classname="com.OSMOSE.testcases.KnowledgeBase"/>
  <system-out>
Click to see Screenshot <a target="_blank" href=Tue_Sep_01_17_33_43_IST_2020.jpg>Screenshot</a> <br> <br> <a target="_blank" href=Tue_Sep_01_17_33_43_IST_2020.jpg><img src=Tue_Sep_01_17_33_43_IST_2020.jpg height=200 width=200></img></a>  </system-out>
  <testcase name="verifyClickonProductsVideos" time="31.475" classname="com.OSMOSE.testcases.KnowledgeBase"/>
  <system-out>
Click to see Screenshot <a target="_blank" href=Tue_Sep_01_17_34_15_IST_2020.jpg>Screenshot</a> <br> <br> <a target="_blank" href=Tue_Sep_01_17_34_15_IST_2020.jpg><img src=Tue_Sep_01_17_34_15_IST_2020.jpg height=200 width=200></img></a>  </system-out>
  <testcase name="verifyClickonProductsProductCatalog" time="21.601" classname="com.OSMOSE.testcases.KnowledgeBase"/>
  <system-out>
Click to see Screenshot <a target="_blank" href=Tue_Sep_01_17_34_37_IST_2020.jpg>Screenshot</a> <br> <br> <a target="_blank" href=Tue_Sep_01_17_34_37_IST_2020.jpg><img src=Tue_Sep_01_17_34_37_IST_2020.jpg height=200 width=200></img></a>  </system-out>
  <testcase name="verifyClickonSteelAndConcreteAssessmentImages" time="21.532" classname="com.OSMOSE.testcases.KnowledgeBase"/>
  <system-out>
Click to see Screenshot <a target="_blank" href=Tue_Sep_01_17_34_59_IST_2020.jpg>Screenshot</a> <br> <br> <a target="_blank" href=Tue_Sep_01_17_34_59_IST_2020.jpg><img src=Tue_Sep_01_17_34_59_IST_2020.jpg height=200 width=200></img></a>  </system-out>
  <testcase name="verifyClickonSteelAndConcreteAssessmentBrochures" time="3.071" classname="com.OSMOSE.testcases.KnowledgeBase"/>
  <system-out>
Click to see Screenshot <a target="_blank" href=Tue_Sep_01_17_35_02_IST_2020.jpg>Screenshot</a> <br> <br> <a target="_blank" href=Tue_Sep_01_17_35_02_IST_2020.jpg><img src=Tue_Sep_01_17_35_02_IST_2020.jpg height=200 width=200></img></a>  </system-out>
  <testcase name="verifyClickonSteelAndConcreteAssessmentStandardsCodes" time="3.075" classname="com.OSMOSE.testcases.KnowledgeBase"/>
  <system-out>
Click to see Screenshot <a target="_blank" href=Tue_Sep_01_17_35_06_IST_2020.jpg>Screenshot</a> <br> <br> <a target="_blank" href=Tue_Sep_01_17_35_06_IST_2020.jpg><img src=Tue_Sep_01_17_35_06_IST_2020.jpg height=200 width=200></img></a>  </system-out>
  <testcase name="verifyClickonSteelAndConcreteRestorationArticles" time="3.068" classname="com.OSMOSE.testcases.KnowledgeBase"/>
  <system-out>
Click to see Screenshot <a target="_blank" href=Tue_Sep_01_17_35_09_IST_2020.jpg>Screenshot</a> <br> <br> <a target="_blank" href=Tue_Sep_01_17_35_09_IST_2020.jpg><img src=Tue_Sep_01_17_35_09_IST_2020.jpg height=200 width=200></img></a>  </system-out>
  <testcase name="verifyClickonSteelAndConcreteRestorationBrochures" time="3.070" classname="com.OSMOSE.testcases.KnowledgeBase"/>
  <system-out>
Click to see Screenshot <a target="_blank" href=Tue_Sep_01_17_35_13_IST_2020.jpg>Screenshot</a> <br> <br> <a target="_blank" href=Tue_Sep_01_17_35_13_IST_2020.jpg><img src=Tue_Sep_01_17_35_13_IST_2020.jpg height=200 width=200></img></a>  </system-out>
  <testcase name="verifyClickonSteelAndConcreteRestorationImages" time="21.693" classname="com.OSMOSE.testcases.KnowledgeBase"/>
  <system-out>
Click to see Screenshot <a target="_blank" href=Tue_Sep_01_17_35_35_IST_2020.jpg>Screenshot</a> <br> <br> <a target="_blank" href=Tue_Sep_01_17_35_35_IST_2020.jpg><img src=Tue_Sep_01_17_35_35_IST_2020.jpg height=200 width=200></img></a>  </system-out>
  <testcase name="verifyClickonStormSupportImages" time="21.553" classname="com.OSMOSE.testcases.KnowledgeBase"/>
  <system-out>
Click to see Screenshot <a target="_blank" href=Tue_Sep_01_17_35_57_IST_2020.jpg>Screenshot</a> <br> <br> <a target="_blank" href=Tue_Sep_01_17_35_57_IST_2020.jpg><img src=Tue_Sep_01_17_35_57_IST_2020.jpg height=200 width=200></img></a>  </system-out>
  <testcase name="verifyClickonStormSupportVideos" time="31.463" classname="com.OSMOSE.testcases.KnowledgeBase"/>
  <system-out>
Click to see Screenshot <a target="_blank" href=Tue_Sep_01_17_36_29_IST_2020.jpg>Screenshot</a> <br> <br> <a target="_blank" href=Tue_Sep_01_17_36_29_IST_2020.jpg><img src=Tue_Sep_01_17_36_29_IST_2020.jpg height=200 width=200></img></a>  </system-out>
  <testcase name="verifyClickonStormSupportProjectProfiles" time="22.306" classname="com.OSMOSE.testcases.KnowledgeBase"/>
  <system-out>
Click to see Screenshot <a target="_blank" href=Tue_Sep_01_17_36_52_IST_2020.jpg>Screenshot</a> <br> <br> <a target="_blank" href=Tue_Sep_01_17_36_52_IST_2020.jpg><img src=Tue_Sep_01_17_36_52_IST_2020.jpg height=200 width=200></img></a>  </system-out>
  <testcase name="verifyClickonUndergroundImages" time="45.797" classname="com.OSMOSE.testcases.KnowledgeBase"/>
  <system-out>
Click to see Screenshot <a target="_blank" href=Tue_Sep_01_17_37_38_IST_2020.jpg>Screenshot</a> <br> <br> <a target="_blank" href=Tue_Sep_01_17_37_38_IST_2020.jpg><img src=Tue_Sep_01_17_37_38_IST_2020.jpg height=200 width=200></img></a>  </system-out>
  <testcase name="verifyClickonUndergroundBrochure" time="21.568" classname="com.OSMOSE.testcases.KnowledgeBase"/>
  <system-out>
Click to see Screenshot <a target="_blank" href=Tue_Sep_01_17_38_00_IST_2020.jpg>Screenshot</a> <br> <br> <a target="_blank" href=Tue_Sep_01_17_38_00_IST_2020.jpg><img src=Tue_Sep_01_17_38_00_IST_2020.jpg height=200 width=200></img></a>  </system-out>
  <testcase name="verifyClickonUndergroundDiagram" time="21.599" classname="com.OSMOSE.testcases.KnowledgeBase"/>
  <system-out>
Click to see Screenshot <a target="_blank" href=Tue_Sep_01_17_38_22_IST_2020.jpg>Screenshot</a> <br> <br> <a target="_blank" href=Tue_Sep_01_17_38_22_IST_2020.jpg><img src=Tue_Sep_01_17_38_22_IST_2020.jpg height=200 width=200></img></a>  </system-out>
  <testcase name="verifyClickonWoodRestorationVideos" time="31.473" classname="com.OSMOSE.testcases.KnowledgeBase"/>
  <system-out>
Click to see Screenshot <a target="_blank" href=Tue_Sep_01_17_38_53_IST_2020.jpg>Screenshot</a> <br> <br> <a target="_blank" href=Tue_Sep_01_17_38_53_IST_2020.jpg><img src=Tue_Sep_01_17_38_53_IST_2020.jpg height=200 width=200></img></a>  </system-out>
  <testcase name="verifyClickonWoodRestorationBrochures" time="3.081" classname="com.OSMOSE.testcases.KnowledgeBase"/>
  <system-out>
Click to see Screenshot <a target="_blank" href=Tue_Sep_01_17_38_57_IST_2020.jpg>Screenshot</a> <br> <br> <a target="_blank" href=Tue_Sep_01_17_38_57_IST_2020.jpg><img src=Tue_Sep_01_17_38_57_IST_2020.jpg height=200 width=200></img></a>  </system-out>
  <testcase name="verifyClickonWoodRestorationArticles" time="3.083" classname="com.OSMOSE.testcases.KnowledgeBase"/>
  <system-out>
Click to see Screenshot <a target="_blank" href=Tue_Sep_01_17_39_01_IST_2020.jpg>Screenshot</a> <br> <br> <a target="_blank" href=Tue_Sep_01_17_39_01_IST_2020.jpg><img src=Tue_Sep_01_17_39_01_IST_2020.jpg height=200 width=200></img></a>  </system-out>
  <testcase name="verifyClickonWoodTreatmentVideos" time="31.454" classname="com.OSMOSE.testcases.KnowledgeBase"/>
  <system-out>
Click to see Screenshot <a target="_blank" href=Tue_Sep_01_17_39_32_IST_2020.jpg>Screenshot</a> <br> <br> <a target="_blank" href=Tue_Sep_01_17_39_32_IST_2020.jpg><img src=Tue_Sep_01_17_39_32_IST_2020.jpg height=200 width=200></img></a>  </system-out>
  <testcase name="verifyClickonWoodTreatmentImages" time="21.598" classname="com.OSMOSE.testcases.KnowledgeBase"/>
  <system-out>
Click to see Screenshot <a target="_blank" href=Tue_Sep_01_17_39_54_IST_2020.jpg>Screenshot</a> <br> <br> <a target="_blank" href=Tue_Sep_01_17_39_54_IST_2020.jpg><img src=Tue_Sep_01_17_39_54_IST_2020.jpg height=200 width=200></img></a>  </system-out>
  <testcase name="verifyClickonWoodTreatmentResearch" time="21.540" classname="com.OSMOSE.testcases.KnowledgeBase"/>
  <system-out>
Click to see Screenshot <a target="_blank" href=Tue_Sep_01_17_40_16_IST_2020.jpg>Screenshot</a> <br> <br> <a target="_blank" href=Tue_Sep_01_17_40_16_IST_2020.jpg><img src=Tue_Sep_01_17_40_16_IST_2020.jpg height=200 width=200></img></a>  </system-out>
  <testcase name="verifyClickonVideosSeeMore" time="59.386" classname="com.OSMOSE.testcases.KnowledgeBase"/>
  <system-out>
Click to see Screenshot <a target="_blank" href=Tue_Sep_01_17_41_16_IST_2020.jpg>Screenshot</a> <br> <br> <a target="_blank" href=Tue_Sep_01_17_41_16_IST_2020.jpg><img src=Tue_Sep_01_17_41_16_IST_2020.jpg height=200 width=200></img></a>  </system-out>
  <testcase name="verifyClickonImagesSeeMore" time="65.613" classname="com.OSMOSE.testcases.KnowledgeBase"/>
  <system-out>
Click to see Screenshot <a target="_blank" href=Tue_Sep_01_17_42_22_IST_2020.jpg>Screenshot</a> <br> <br> <a target="_blank" href=Tue_Sep_01_17_42_22_IST_2020.jpg><img src=Tue_Sep_01_17_42_22_IST_2020.jpg height=200 width=200></img></a>  </system-out>
  <testcase name="verifyClickonDocumentsSeeMore" time="65.386" classname="com.OSMOSE.testcases.KnowledgeBase"/>
  <system-out>
Click to see Screenshot <a target="_blank" href=Tue_Sep_01_17_43_28_IST_2020.jpg>Screenshot</a> <br> <br> <a target="_blank" href=Tue_Sep_01_17_43_28_IST_2020.jpg><img src=Tue_Sep_01_17_43_28_IST_2020.jpg height=200 width=200></img></a>  </system-out>
  <testcase name="verifyClickonJointUseManagementServicesSeeMore" time="65.494" classname="com.OSMOSE.testcases.KnowledgeBase"/>
  <system-out>
Click to see Screenshot <a target="_blank" href=Tue_Sep_01_17_44_34_IST_2020.jpg>Screenshot</a> <br> <br> <a target="_blank" href=Tue_Sep_01_17_44_34_IST_2020.jpg><img src=Tue_Sep_01_17_44_34_IST_2020.jpg height=200 width=200></img></a>  </system-out>
  <testcase name="verifyDynamicDropdown" time="16.493" classname="com.OSMOSE.testcases.KnowledgeBase"/>
  <system-out>
Click to see Screenshot <a target="_blank" href=Tue_Sep_01_17_44_51_IST_2020.jpg>Screenshot</a> <br> <br> <a target="_blank" href=Tue_Sep_01_17_44_51_IST_2020.jpg><img src=Tue_Sep_01_17_44_51_IST_2020.jpg height=200 width=200></img></a>  </system-out>
  <testcase name="verifySearchResultsAreGrouped" time="59.601" classname="com.OSMOSE.testcases.KnowledgeBase"/>
  <system-out>
Click to see Screenshot <a target="_blank" href=Tue_Sep_01_17_45_51_IST_2020.jpg>Screenshot</a> <br> <br> <a target="_blank" href=Tue_Sep_01_17_45_51_IST_2020.jpg><img src=Tue_Sep_01_17_45_51_IST_2020.jpg height=200 width=200></img></a>  </system-out>
  <testcase name="verifySearchResultsAreGroupedAfterfilterUpdation" time="229.746" classname="com.OSMOSE.testcases.KnowledgeBase"/>
  <system-out>
Click to see Screenshot <a target="_blank" href=Tue_Sep_01_17_49_41_IST_2020.jpg>Screenshot</a> <br> <br> <a target="_blank" href=Tue_Sep_01_17_49_41_IST_2020.jpg><img src=Tue_Sep_01_17_49_41_IST_2020.jpg height=200 width=200></img></a>  </system-out>
  <testcase name="verifySearchResultsOnTyping" time="59.566" classname="com.OSMOSE.testcases.KnowledgeBase"/>
  <system-out>
Click to see Screenshot <a target="_blank" href=Tue_Sep_01_17_50_41_IST_2020.jpg>Screenshot</a> <br> <br> <a target="_blank" href=Tue_Sep_01_17_50_41_IST_2020.jpg><img src=Tue_Sep_01_17_50_41_IST_2020.jpg height=200 width=200></img></a>  </system-out>
  <testcase name="verifyClearButtonOnTyping" time="6.233" classname="com.OSMOSE.testcases.KnowledgeBase"/>
  <system-out>
Click to see Screenshot <a target="_blank" href=Tue_Sep_01_17_50_48_IST_2020.jpg>Screenshot</a> <br> <br> <a target="_blank" href=Tue_Sep_01_17_50_48_IST_2020.jpg><img src=Tue_Sep_01_17_50_48_IST_2020.jpg height=200 width=200></img></a>  </system-out>
  <testcase name="verifySearchResultsAreVideos" time="91.304" classname="com.OSMOSE.testcases.KnowledgeBase"/>
  <system-out>
Click to see Screenshot <a target="_blank" href=Tue_Sep_01_17_52_20_IST_2020.jpg>Screenshot</a> <br> <br> <a target="_blank" href=Tue_Sep_01_17_52_20_IST_2020.jpg><img src=Tue_Sep_01_17_52_20_IST_2020.jpg height=200 width=200></img></a>  </system-out>
  <testcase name="verifySearchResultsAreImages" time="91.286" classname="com.OSMOSE.testcases.KnowledgeBase"/>
  <system-out>
Click to see Screenshot <a target="_blank" href=Tue_Sep_01_17_53_51_IST_2020.jpg>Screenshot</a> <br> <br> <a target="_blank" href=Tue_Sep_01_17_53_51_IST_2020.jpg><img src=Tue_Sep_01_17_53_51_IST_2020.jpg height=200 width=200></img></a>  </system-out>
  <testcase name="verifySearchResultsAreDocuments" time="151.366" classname="com.OSMOSE.testcases.KnowledgeBase"/>
  <system-out>
Click to see Screenshot <a target="_blank" href=Tue_Sep_01_17_56_23_IST_2020.jpg>Screenshot</a> <br> <br> <a target="_blank" href=Tue_Sep_01_17_56_23_IST_2020.jpg><img src=Tue_Sep_01_17_56_23_IST_2020.jpg height=200 width=200></img></a>  </system-out>
  <testcase name="verifyNoResultsFoundMessage" time="6.961" classname="com.OSMOSE.testcases.KnowledgeBase"/>
  <system-out>
Click to see Screenshot <a target="_blank" href=Tue_Sep_01_17_56_30_IST_2020.jpg>Screenshot</a> <br> <br> <a target="_blank" href=Tue_Sep_01_17_56_30_IST_2020.jpg><img src=Tue_Sep_01_17_56_30_IST_2020.jpg height=200 width=200></img></a>  </system-out>
  <testcase name="verifyPresenceOfSortBy" time="157.698" classname="com.OSMOSE.testcases.KnowledgeBase"/>
  <system-out>
Click to see Screenshot <a target="_blank" href=Tue_Sep_01_17_59_08_IST_2020.jpg>Screenshot</a> <br> <br> <a target="_blank" href=Tue_Sep_01_17_59_08_IST_2020.jpg><img src=Tue_Sep_01_17_59_08_IST_2020.jpg height=200 width=200></img></a>  </system-out>
  <testcase name="verifySearchTextUpdation" time="155.788" classname="com.OSMOSE.testcases.KnowledgeBase"/>
  <system-out>
Click to see Screenshot <a target="_blank" href=Tue_Sep_01_18_01_45_IST_2020.jpg>Screenshot</a> <br> <br> <a target="_blank" href=Tue_Sep_01_18_01_45_IST_2020.jpg><img src=Tue_Sep_01_18_01_45_IST_2020.jpg height=200 width=200></img></a>  </system-out>
</testsuite> <!-- com.OSMOSE.testcases.KnowledgeBase -->
