<?xml version="1.0" encoding="UTF-8"?>
<!-- Generated by org.testng.reporters.JUnitReportReporter -->
<testsuite skipped="0" hostname="5CG6323N27" name="com.OSMOSE.testcases.Contact" tests="16" failures="0" timestamp="2020-07-27T15:59:02 IST" time="54.303" errors="0">
  <testcase name="verifyContactUsMenuContents" time="0.300" classname="com.OSMOSE.testcases.Contact"/>
  <system-out>
Click to see Screenshot <a target="_blank" href=Mon_Jul_27_15_57_58_IST_2020.jpg>Screenshot</a> <br> <br> <a target="_blank" href=Mon_Jul_27_15_57_58_IST_2020.jpg><img src=Mon_Jul_27_15_57_58_IST_2020.jpg height=200 width=200></img></a>  </system-out>
  <testcase name="verifyViewContactsHeaderContents" time="0.175" classname="com.OSMOSE.testcases.Contact"/>
  <system-out>
Click to see Screenshot <a target="_blank" href=Mon_Jul_27_15_57_59_IST_2020.jpg>Screenshot</a> <br> <br> <a target="_blank" href=Mon_Jul_27_15_57_59_IST_2020.jpg><img src=Mon_Jul_27_15_57_59_IST_2020.jpg height=200 width=200></img></a>  </system-out>
  <testcase name="verifyViewContactsContactCardContents" time="0.160" classname="com.OSMOSE.testcases.Contact"/>
  <system-out>
Click to see Screenshot <a target="_blank" href=Mon_Jul_27_15_57_59_IST_2020.jpg>Screenshot</a> <br> <br> <a target="_blank" href=Mon_Jul_27_15_57_59_IST_2020.jpg><img src=Mon_Jul_27_15_57_59_IST_2020.jpg height=200 width=200></img></a>  </system-out>
  <testcase name="verifyContactUsHeaderContents" time="0.326" classname="com.OSMOSE.testcases.Contact"/>
  <system-out>
Click to see Screenshot <a target="_blank" href=Mon_Jul_27_15_58_00_IST_2020.jpg>Screenshot</a> <br> <br> <a target="_blank" href=Mon_Jul_27_15_58_00_IST_2020.jpg><img src=Mon_Jul_27_15_58_00_IST_2020.jpg height=200 width=200></img></a>  </system-out>
  <testcase name="verifyClickOnBackButton" time="0.202" classname="com.OSMOSE.testcases.Contact"/>
  <system-out>
Click to see Screenshot <a target="_blank" href=Mon_Jul_27_15_58_01_IST_2020.jpg>Screenshot</a> <br> <br> <a target="_blank" href=Mon_Jul_27_15_58_01_IST_2020.jpg><img src=Mon_Jul_27_15_58_01_IST_2020.jpg height=200 width=200></img></a>  </system-out>
  <testcase name="verifyContactUsClickOnGoogleMap" time="31.289" classname="com.OSMOSE.testcases.Contact"/>
  <system-out>
Click to see Screenshot <a target="_blank" href=Mon_Jul_27_15_58_33_IST_2020.jpg>Screenshot</a> <br> <br> <a target="_blank" href=Mon_Jul_27_15_58_33_IST_2020.jpg><img src=Mon_Jul_27_15_58_33_IST_2020.jpg height=200 width=200></img></a>  </system-out>
  <testcase name="verifyContactUsGeneralInquiriesContents" time="0.049" classname="com.OSMOSE.testcases.Contact"/>
  <system-out>
Click to see Screenshot <a target="_blank" href=Mon_Jul_27_15_58_33_IST_2020.jpg>Screenshot</a> <br> <br> <a target="_blank" href=Mon_Jul_27_15_58_33_IST_2020.jpg><img src=Mon_Jul_27_15_58_33_IST_2020.jpg height=200 width=200></img></a>  </system-out>
  <testcase name="verifyContactUsSalesProductsContents" time="0.072" classname="com.OSMOSE.testcases.Contact"/>
  <system-out>
Click to see Screenshot <a target="_blank" href=Mon_Jul_27_15_58_34_IST_2020.jpg>Screenshot</a> <br> <br> <a target="_blank" href=Mon_Jul_27_15_58_34_IST_2020.jpg><img src=Mon_Jul_27_15_58_34_IST_2020.jpg height=200 width=200></img></a>  </system-out>
  <testcase name="verifyContactUsSalesServicesContents" time="0.084" classname="com.OSMOSE.testcases.Contact"/>
  <system-out>
Click to see Screenshot <a target="_blank" href=Mon_Jul_27_15_58_34_IST_2020.jpg>Screenshot</a> <br> <br> <a target="_blank" href=Mon_Jul_27_15_58_34_IST_2020.jpg><img src=Mon_Jul_27_15_58_34_IST_2020.jpg height=200 width=200></img></a>  </system-out>
  <testcase name="verifyContactUsOCalcProContents" time="0.075" classname="com.OSMOSE.testcases.Contact"/>
  <system-out>
Click to see Screenshot <a target="_blank" href=Mon_Jul_27_15_58_35_IST_2020.jpg>Screenshot</a> <br> <br> <a target="_blank" href=Mon_Jul_27_15_58_35_IST_2020.jpg><img src=Mon_Jul_27_15_58_35_IST_2020.jpg height=200 width=200></img></a>  </system-out>
  <testcase name="verifyContactUsQueryFormContents" time="0.107" classname="com.OSMOSE.testcases.Contact"/>
  <system-out>
Click to see Screenshot <a target="_blank" href=Mon_Jul_27_15_58_35_IST_2020.jpg>Screenshot</a> <br> <br> <a target="_blank" href=Mon_Jul_27_15_58_35_IST_2020.jpg><img src=Mon_Jul_27_15_58_35_IST_2020.jpg height=200 width=200></img></a>  </system-out>
  <testcase name="verifyFormSubmissionWith_RequestForInformation" time="3.158" classname="com.OSMOSE.testcases.Contact"/>
  <system-out>
Click to see Screenshot <a target="_blank" href=Mon_Jul_27_15_58_39_IST_2020.jpg>Screenshot</a> <br> <br> <a target="_blank" href=Mon_Jul_27_15_58_39_IST_2020.jpg><img src=Mon_Jul_27_15_58_39_IST_2020.jpg height=200 width=200></img></a>  </system-out>
  <testcase name="verifyFormSubmissionThankYouPopUp" time="12.011" classname="com.OSMOSE.testcases.Contact"/>
  <system-out>
Click to see Screenshot <a target="_blank" href=Mon_Jul_27_15_58_51_IST_2020.jpg>Screenshot</a> <br> <br> <a target="_blank" href=Mon_Jul_27_15_58_51_IST_2020.jpg><img src=Mon_Jul_27_15_58_51_IST_2020.jpg height=200 width=200></img></a>  </system-out>
  <testcase name="verifyFormSubmissionWith_ProjectSupport" time="1.640" classname="com.OSMOSE.testcases.Contact"/>
  <system-out>
Click to see Screenshot <a target="_blank" href=Mon_Jul_27_15_58_53_IST_2020.jpg>Screenshot</a> <br> <br> <a target="_blank" href=Mon_Jul_27_15_58_53_IST_2020.jpg><img src=Mon_Jul_27_15_58_53_IST_2020.jpg height=200 width=200></img></a>  </system-out>
  <testcase name="verifyFormSubmissionWith_TechnicalSupport" time="2.653" classname="com.OSMOSE.testcases.Contact"/>
  <system-out>
Click to see Screenshot <a target="_blank" href=Mon_Jul_27_15_58_56_IST_2020.jpg>Screenshot</a> <br> <br> <a target="_blank" href=Mon_Jul_27_15_58_56_IST_2020.jpg><img src=Mon_Jul_27_15_58_56_IST_2020.jpg height=200 width=200></img></a>  </system-out>
  <testcase name="verifyFormSubmissionWith_Other" time="2.002" classname="com.OSMOSE.testcases.Contact"/>
  <system-out>
Click to see Screenshot <a target="_blank" href=Mon_Jul_27_15_58_59_IST_2020.jpg>Screenshot</a> <br> <br> <a target="_blank" href=Mon_Jul_27_15_58_59_IST_2020.jpg><img src=Mon_Jul_27_15_58_59_IST_2020.jpg height=200 width=200></img></a>  </system-out>
</testsuite> <!-- com.OSMOSE.testcases.Contact -->
