<?xml version="1.0" encoding="UTF-8"?>
<!-- Generated by org.testng.reporters.JUnitReportReporter -->
<testsuite skipped="0" hostname="5CG6323N27" name="com.OSMOSE.testcases.oCalcPro_Nor" tests="29" failures="0" timestamp="2020-12-12T00:27:30 IST" time="299.025" errors="0">
  <testcase name="ocalcloginTestNormal" time="18.505" classname="com.OSMOSE.testcases.oCalcPro_Nor"/>
  <system-out>
Click to see Screenshot <a target="_blank" href=Sat_Dec_12_00_22_28_IST_2020.jpg>Screenshot</a> <br> <br> <a target="_blank" href=Sat_Dec_12_00_22_28_IST_2020.jpg><img src=Sat_Dec_12_00_22_28_IST_2020.jpg height=200 width=200></img></a>  </system-out>
  <testcase name="verifyoCalcProNavigationClick" time="16.425" classname="com.OSMOSE.testcases.oCalcPro_Nor"/>
  <system-out>
Click to see Screenshot <a target="_blank" href=Sat_Dec_12_00_22_45_IST_2020.jpg>Screenshot</a> <br> <br> <a target="_blank" href=Sat_Dec_12_00_22_45_IST_2020.jpg><img src=Sat_Dec_12_00_22_45_IST_2020.jpg height=200 width=200></img></a>  </system-out>
  <testcase name="verifyPresenceOfGetStartedWithOcalcPro" time="0.081" classname="com.OSMOSE.testcases.oCalcPro_Nor"/>
  <system-out>
Click to see Screenshot <a target="_blank" href=Sat_Dec_12_00_22_46_IST_2020.jpg>Screenshot</a> <br> <br> <a target="_blank" href=Sat_Dec_12_00_22_46_IST_2020.jpg><img src=Sat_Dec_12_00_22_46_IST_2020.jpg height=200 width=200></img></a>  </system-out>
  <testcase name="verifyPresenceOfProductsCard" time="0.061" classname="com.OSMOSE.testcases.oCalcPro_Nor"/>
  <system-out>
Click to see Screenshot <a target="_blank" href=Sat_Dec_12_00_22_47_IST_2020.jpg>Screenshot</a> <br> <br> <a target="_blank" href=Sat_Dec_12_00_22_47_IST_2020.jpg><img src=Sat_Dec_12_00_22_47_IST_2020.jpg height=200 width=200></img></a>  </system-out>
  <testcase name="verifyPresenceOfKnowledgeBaseCard" time="0.049" classname="com.OSMOSE.testcases.oCalcPro_Nor"/>
  <system-out>
Click to see Screenshot <a target="_blank" href=Sat_Dec_12_00_22_47_IST_2020.jpg>Screenshot</a> <br> <br> <a target="_blank" href=Sat_Dec_12_00_22_47_IST_2020.jpg><img src=Sat_Dec_12_00_22_47_IST_2020.jpg height=200 width=200></img></a>  </system-out>
  <testcase name="verifyPresenceOfAnnouncementsCard" time="0.068" classname="com.OSMOSE.testcases.oCalcPro_Nor"/>
  <system-out>
Click to see Screenshot <a target="_blank" href=Sat_Dec_12_00_22_48_IST_2020.jpg>Screenshot</a> <br> <br> <a target="_blank" href=Sat_Dec_12_00_22_48_IST_2020.jpg><img src=Sat_Dec_12_00_22_48_IST_2020.jpg height=200 width=200></img></a>  </system-out>
  <testcase name="verifyPresenceOfTrainingOptionsCard" time="0.067" classname="com.OSMOSE.testcases.oCalcPro_Nor"/>
  <system-out>
Click to see Screenshot <a target="_blank" href=Sat_Dec_12_00_22_48_IST_2020.jpg>Screenshot</a> <br> <br> <a target="_blank" href=Sat_Dec_12_00_22_48_IST_2020.jpg><img src=Sat_Dec_12_00_22_48_IST_2020.jpg height=200 width=200></img></a>  </system-out>
  <testcase name="verifyContentsOfGetStartedWithOcalcPro" time="0.348" classname="com.OSMOSE.testcases.oCalcPro_Nor"/>
  <system-out>
Click to see Screenshot <a target="_blank" href=Sat_Dec_12_00_22_49_IST_2020.jpg>Screenshot</a> <br> <br> <a target="_blank" href=Sat_Dec_12_00_22_49_IST_2020.jpg><img src=Sat_Dec_12_00_22_49_IST_2020.jpg height=200 width=200></img></a>  </system-out>
  <testcase name="verifyContentsOfProductsCard" time="0.216" classname="com.OSMOSE.testcases.oCalcPro_Nor"/>
  <system-out>
Click to see Screenshot <a target="_blank" href=Sat_Dec_12_00_22_50_IST_2020.jpg>Screenshot</a> <br> <br> <a target="_blank" href=Sat_Dec_12_00_22_50_IST_2020.jpg><img src=Sat_Dec_12_00_22_50_IST_2020.jpg height=200 width=200></img></a>  </system-out>
  <testcase name="verifyContentsOfKBCard" time="0.242" classname="com.OSMOSE.testcases.oCalcPro_Nor"/>
  <system-out>
Click to see Screenshot <a target="_blank" href=Sat_Dec_12_00_22_51_IST_2020.jpg>Screenshot</a> <br> <br> <a target="_blank" href=Sat_Dec_12_00_22_51_IST_2020.jpg><img src=Sat_Dec_12_00_22_51_IST_2020.jpg height=200 width=200></img></a>  </system-out>
  <testcase name="verifyContentsOfAnnouncements" time="0.795" classname="com.OSMOSE.testcases.oCalcPro_Nor"/>
  <system-out>
Click to see Screenshot <a target="_blank" href=Sat_Dec_12_00_22_52_IST_2020.jpg>Screenshot</a> <br> <br> <a target="_blank" href=Sat_Dec_12_00_22_52_IST_2020.jpg><img src=Sat_Dec_12_00_22_52_IST_2020.jpg height=200 width=200></img></a>  </system-out>
  <testcase name="verifyContentsOfTrainingOptions" time="0.162" classname="com.OSMOSE.testcases.oCalcPro_Nor"/>
  <system-out>
Click to see Screenshot <a target="_blank" href=Sat_Dec_12_00_22_53_IST_2020.jpg>Screenshot</a> <br> <br> <a target="_blank" href=Sat_Dec_12_00_22_53_IST_2020.jpg><img src=Sat_Dec_12_00_22_53_IST_2020.jpg height=200 width=200></img></a>  </system-out>
  <testcase name="verifyLearnMoreClickonGetStartedWithOcalcProcard" time="14.439" classname="com.OSMOSE.testcases.oCalcPro_Nor"/>
  <system-out>
Click to see Screenshot <a target="_blank" href=Sat_Dec_12_00_23_08_IST_2020.jpg>Screenshot</a> <br> <br> <a target="_blank" href=Sat_Dec_12_00_23_08_IST_2020.jpg><img src=Sat_Dec_12_00_23_08_IST_2020.jpg height=200 width=200></img></a>  </system-out>
  <testcase name="verify30daysbtnClickonGetStartedWithOcalcProcard" time="4.072" classname="com.OSMOSE.testcases.oCalcPro_Nor"/>
  <system-out>
Click to see Screenshot <a target="_blank" href=Sat_Dec_12_00_23_13_IST_2020.jpg>Screenshot</a> <br> <br> <a target="_blank" href=Sat_Dec_12_00_23_13_IST_2020.jpg><img src=Sat_Dec_12_00_23_13_IST_2020.jpg height=200 width=200></img></a>  </system-out>
  <testcase name="verifyRequstDemoClickonGetStartedWithOcalcProcard" time="4.187" classname="com.OSMOSE.testcases.oCalcPro_Nor"/>
  <system-out>
Click to see Screenshot <a target="_blank" href=Sat_Dec_12_00_23_18_IST_2020.jpg>Screenshot</a> <br> <br> <a target="_blank" href=Sat_Dec_12_00_23_18_IST_2020.jpg><img src=Sat_Dec_12_00_23_18_IST_2020.jpg height=200 width=200></img></a>  </system-out>
  <testcase name="verifyocalcSupportClickonGetStartedWithOcalcProcard" time="3.657" classname="com.OSMOSE.testcases.oCalcPro_Nor"/>
  <system-out>
Click to see Screenshot <a target="_blank" href=Sat_Dec_12_00_23_22_IST_2020.jpg>Screenshot</a> <br> <br> <a target="_blank" href=Sat_Dec_12_00_23_22_IST_2020.jpg><img src=Sat_Dec_12_00_23_22_IST_2020.jpg height=200 width=200></img></a>  </system-out>
  <testcase name="verifyProductsClick" time="7.564" classname="com.OSMOSE.testcases.oCalcPro_Nor"/>
  <system-out>
Click to see Screenshot <a target="_blank" href=Sat_Dec_12_00_23_30_IST_2020.jpg>Screenshot</a> <br> <br> <a target="_blank" href=Sat_Dec_12_00_23_30_IST_2020.jpg><img src=Sat_Dec_12_00_23_30_IST_2020.jpg height=200 width=200></img></a>  </system-out>
  <testcase name="verifyRequestLicenseQuoteClick" time="10.495" classname="com.OSMOSE.testcases.oCalcPro_Nor"/>
  <system-out>
Click to see Screenshot <a target="_blank" href=Sat_Dec_12_00_23_41_IST_2020.jpg>Screenshot</a> <br> <br> <a target="_blank" href=Sat_Dec_12_00_23_41_IST_2020.jpg><img src=Sat_Dec_12_00_23_41_IST_2020.jpg height=200 width=200></img></a>  </system-out>
  <testcase name="verifyRequestCVTQuoteClick" time="10.831" classname="com.OSMOSE.testcases.oCalcPro_Nor"/>
  <system-out>
Click to see Screenshot <a target="_blank" href=Sat_Dec_12_00_23_52_IST_2020.jpg>Screenshot</a> <br> <br> <a target="_blank" href=Sat_Dec_12_00_23_52_IST_2020.jpg><img src=Sat_Dec_12_00_23_52_IST_2020.jpg height=200 width=200></img></a>  </system-out>
  <testcase name="verifyRequestTrainingQuoteClick" time="9.387" classname="com.OSMOSE.testcases.oCalcPro_Nor"/>
  <system-out>
Click to see Screenshot <a target="_blank" href=Sat_Dec_12_00_24_03_IST_2020.jpg>Screenshot</a> <br> <br> <a target="_blank" href=Sat_Dec_12_00_24_03_IST_2020.jpg><img src=Sat_Dec_12_00_24_03_IST_2020.jpg height=200 width=200></img></a>  </system-out>
  <testcase name="verifyCurrentPublicClassesClick" time="10.863" classname="com.OSMOSE.testcases.oCalcPro_Nor"/>
  <system-out>
Click to see Screenshot <a target="_blank" href=Sat_Dec_12_00_24_14_IST_2020.jpg>Screenshot</a> <br> <br> <a target="_blank" href=Sat_Dec_12_00_24_14_IST_2020.jpg><img src=Sat_Dec_12_00_24_14_IST_2020.jpg height=200 width=200></img></a>  </system-out>
  <testcase name="verifyRequestQuoteForPrivateTrainingClassesClick" time="11.827" classname="com.OSMOSE.testcases.oCalcPro_Nor"/>
  <system-out>
Click to see Screenshot <a target="_blank" href=Sat_Dec_12_00_24_26_IST_2020.jpg>Screenshot</a> <br> <br> <a target="_blank" href=Sat_Dec_12_00_24_26_IST_2020.jpg><img src=Sat_Dec_12_00_24_26_IST_2020.jpg height=200 width=200></img></a>  </system-out>
  <testcase name="verifyClickOnAnAnnouncement" time="4.134" classname="com.OSMOSE.testcases.oCalcPro_Nor"/>
  <system-out>
Click to see Screenshot <a target="_blank" href=Sat_Dec_12_00_24_31_IST_2020.jpg>Screenshot</a> <br> <br> <a target="_blank" href=Sat_Dec_12_00_24_31_IST_2020.jpg><img src=Sat_Dec_12_00_24_31_IST_2020.jpg height=200 width=200></img></a>  </system-out>
  <testcase name="verifyKBClick" time="7.022" classname="com.OSMOSE.testcases.oCalcPro_Nor"/>
  <system-out>
Click to see Screenshot <a target="_blank" href=Sat_Dec_12_00_24_39_IST_2020.jpg>Screenshot</a> <br> <br> <a target="_blank" href=Sat_Dec_12_00_24_39_IST_2020.jpg><img src=Sat_Dec_12_00_24_39_IST_2020.jpg height=200 width=200></img></a>  </system-out>
  <testcase name="verifyKBTrainingVideosClick" time="12.448" classname="com.OSMOSE.testcases.oCalcPro_Nor"/>
  <system-out>
Click to see Screenshot <a target="_blank" href=Sat_Dec_12_00_24_51_IST_2020.jpg>Screenshot</a> <br> <br> <a target="_blank" href=Sat_Dec_12_00_24_51_IST_2020.jpg><img src=Sat_Dec_12_00_24_51_IST_2020.jpg height=200 width=200></img></a>  </system-out>
  <testcase name="verifyKBWikiPageClick" time="74.586" classname="com.OSMOSE.testcases.oCalcPro_Nor"/>
  <system-out>
Click to see Screenshot <a target="_blank" href=Sat_Dec_12_00_26_07_IST_2020.jpg>Screenshot</a> <br> <br> <a target="_blank" href=Sat_Dec_12_00_26_07_IST_2020.jpg><img src=Sat_Dec_12_00_26_07_IST_2020.jpg height=200 width=200></img></a>  </system-out>
  <testcase name="verifySearchResultsAreGrouped" time="13.637" classname="com.OSMOSE.testcases.oCalcPro_Nor"/>
  <system-out>
Click to see Screenshot <a target="_blank" href=Sat_Dec_12_00_26_21_IST_2020.jpg>Screenshot</a> <br> <br> <a target="_blank" href=Sat_Dec_12_00_26_21_IST_2020.jpg><img src=Sat_Dec_12_00_26_21_IST_2020.jpg height=200 width=200></img></a>  </system-out>
  <testcase name="verifyTrainingVideosAreGrouped" time="12.812" classname="com.OSMOSE.testcases.oCalcPro_Nor"/>
  <system-out>
Click to see Screenshot <a target="_blank" href=Sat_Dec_12_00_26_35_IST_2020.jpg>Screenshot</a> <br> <br> <a target="_blank" href=Sat_Dec_12_00_26_35_IST_2020.jpg><img src=Sat_Dec_12_00_26_35_IST_2020.jpg height=200 width=200></img></a>  </system-out>
  <testcase name="verifyPresenceOfLicenseManagementPerspective" time="50.045" classname="com.OSMOSE.testcases.oCalcPro_Nor"/>
  <system-out>
Click to see Screenshot <a target="_blank" href=Sat_Dec_12_00_27_25_IST_2020.jpg>Screenshot</a> <br> <br> <a target="_blank" href=Sat_Dec_12_00_27_25_IST_2020.jpg><img src=Sat_Dec_12_00_27_25_IST_2020.jpg height=200 width=200></img></a>  </system-out>
</testsuite> <!-- com.OSMOSE.testcases.oCalcPro_Nor -->
