<?xml version="1.0" encoding="UTF-8"?>
<!-- Generated by org.testng.reporters.JUnitReportReporter -->
<testsuite skipped="0" hostname="5CG6323N27" name="com.OSMOSE.testcases.oCalcPro_Admin" tests="4" failures="0" timestamp="2020-12-11T23:41:12 IST" time="88.240" errors="0">
  <testcase name="ocalcloginTestAdmin" time="19.176" classname="com.OSMOSE.testcases.oCalcPro_Admin"/>
  <system-out>
Click to see Screenshot <a target="_blank" href=Fri_Dec_11_23_39_55_IST_2020.jpg>Screenshot</a> <br> <br> <a target="_blank" href=Fri_Dec_11_23_39_55_IST_2020.jpg><img src=Fri_Dec_11_23_39_55_IST_2020.jpg height=200 width=200></img></a>  </system-out>
  <testcase name="verifyoCalcProNavigationClick" time="15.651" classname="com.OSMOSE.testcases.oCalcPro_Admin"/>
  <system-out>
Click to see Screenshot <a target="_blank" href=Fri_Dec_11_23_40_12_IST_2020.jpg>Screenshot</a> <br> <br> <a target="_blank" href=Fri_Dec_11_23_40_12_IST_2020.jpg><img src=Fri_Dec_11_23_40_12_IST_2020.jpg height=200 width=200></img></a>  </system-out>
  <testcase name="verifyPresenceOfLicenseManagementAdmin" time="3.147" classname="com.OSMOSE.testcases.oCalcPro_Admin"/>
  <system-out>
Click to see Screenshot <a target="_blank" href=Fri_Dec_11_23_40_16_IST_2020.jpg>Screenshot</a> <br> <br> <a target="_blank" href=Fri_Dec_11_23_40_16_IST_2020.jpg><img src=Fri_Dec_11_23_40_16_IST_2020.jpg height=200 width=200></img></a>  </system-out>
  <testcase name="verifyLicenseManagementClickAdmin" time="50.266" classname="com.OSMOSE.testcases.oCalcPro_Admin"/>
  <system-out>
Click to see Screenshot <a target="_blank" href=Fri_Dec_11_23_41_07_IST_2020.jpg>Screenshot</a> <br> <br> <a target="_blank" href=Fri_Dec_11_23_41_07_IST_2020.jpg><img src=Fri_Dec_11_23_41_07_IST_2020.jpg height=200 width=200></img></a>  </system-out>
</testsuite> <!-- com.OSMOSE.testcases.oCalcPro_Admin -->
