<?xml version="1.0" encoding="UTF-8"?>
<!-- Generated by org.testng.reporters.JUnitReportReporter -->
<testsuite skipped="54" hostname="5CG6323N27" name="com.OSMOSE.testcases.Product" tests="56" failures="0" timestamp="2020-07-06T20:40:27 IST" time="24.656" errors="0">
  <testcase name="verifyTheProductLink" time="14.370" classname="com.OSMOSE.testcases.Product"/>
  <system-out>
Click to see Screenshot <a target="_blank" href=Mon_Jul_06_20_40_13_IST_2020.jpg>Screenshot</a> <br> <br> <a target="_blank" href=Mon_Jul_06_20_40_13_IST_2020.jpg><img src=Mon_Jul_06_20_40_13_IST_2020.jpg height=200 width=200></img></a>  </system-out>
  <testcase name="verifySubmitwhileREQuoting" time="10.286" classname="com.OSMOSE.testcases.Product"/>
  <system-out>
Click to see Screenshot <a target="_blank" href=Mon_Jul_06_20_40_23_IST_2020.jpg>Screenshot</a> <br> <br> <a target="_blank" href=Mon_Jul_06_20_40_23_IST_2020.jpg><img src=Mon_Jul_06_20_40_23_IST_2020.jpg height=200 width=200></img></a>  </system-out>
  <testcase name="SubmitQuotewithQuotePendingstatus" classname="com.OSMOSE.testcases.Product">
    <skipped/>
  </testcase> <!-- SubmitQuotewithQuotePendingstatus -->
  <system-out/>
  <testcase name="DeleteQuanityinShoppingCart" classname="com.OSMOSE.testcases.Product">
    <skipped/>
  </testcase> <!-- DeleteQuanityinShoppingCart -->
  <system-out/>
  <testcase name="openMyQuotesElementPresent" classname="com.OSMOSE.testcases.Product">
    <skipped/>
  </testcase> <!-- openMyQuotesElementPresent -->
  <system-out/>
  <testcase name="catalogElementPresent" classname="com.OSMOSE.testcases.Product">
    <skipped/>
  </testcase> <!-- catalogElementPresent -->
  <system-out/>
  <testcase name="verifyTheSearchOneAlphabet" classname="com.OSMOSE.testcases.Product">
    <skipped/>
  </testcase> <!-- verifyTheSearchOneAlphabet -->
  <system-out/>
  <testcase name="viewDetailsElementPresent" classname="com.OSMOSE.testcases.Product">
    <skipped/>
  </testcase> <!-- viewDetailsElementPresent -->
  <system-out/>
  <testcase name="verifyTheSearch" classname="com.OSMOSE.testcases.Product">
    <skipped/>
  </testcase> <!-- verifyTheSearch -->
  <system-out/>
  <testcase name="SubmitQuotewithOrderedstatus" classname="com.OSMOSE.testcases.Product">
    <skipped/>
  </testcase> <!-- SubmitQuotewithOrderedstatus -->
  <system-out/>
  <testcase name="UpdateIncreaseQuanityinShoppingCart" classname="com.OSMOSE.testcases.Product">
    <skipped/>
  </testcase> <!-- UpdateIncreaseQuanityinShoppingCart -->
  <system-out/>
  <testcase name="verifyTheSearchCrossButton" classname="com.OSMOSE.testcases.Product">
    <skipped/>
  </testcase> <!-- verifyTheSearchCrossButton -->
  <system-out/>
  <testcase name="SubmitQuotewithQuotedstatus" classname="com.OSMOSE.testcases.Product">
    <skipped/>
  </testcase> <!-- SubmitQuotewithQuotedstatus -->
  <system-out/>
  <testcase name="ClickManageQuotesLink" classname="com.OSMOSE.testcases.Product">
    <skipped/>
  </testcase> <!-- ClickManageQuotesLink -->
  <system-out/>
  <testcase name="verifyCancelwhileREQuoting" classname="com.OSMOSE.testcases.Product">
    <skipped/>
  </testcase> <!-- verifyCancelwhileREQuoting -->
  <system-out/>
  <testcase name="FeaturedProductPoleRestoration" classname="com.OSMOSE.testcases.Product">
    <skipped/>
  </testcase> <!-- FeaturedProductPoleRestoration -->
  <system-out/>
  <testcase name="CreateQuote_ZipCode" classname="com.OSMOSE.testcases.Product">
    <skipped/>
  </testcase> <!-- CreateQuote_ZipCode -->
  <system-out/>
  <testcase name="sliderItemPresent" classname="com.OSMOSE.testcases.Product">
    <skipped/>
  </testcase> <!-- sliderItemPresent -->
  <system-out/>
  <testcase name="CreateQuote_Comments" classname="com.OSMOSE.testcases.Product">
    <skipped/>
  </testcase> <!-- CreateQuote_Comments -->
  <system-out/>
  <testcase name="VerifyFPImageClick" classname="com.OSMOSE.testcases.Product">
    <skipped/>
  </testcase> <!-- VerifyFPImageClick -->
  <system-out/>
  <testcase name="AddQuantityandverifyCellNumber" classname="com.OSMOSE.testcases.Product">
    <skipped/>
  </testcase> <!-- AddQuantityandverifyCellNumber -->
  <system-out/>
  <testcase name="adminElementPresent" classname="com.OSMOSE.testcases.Product">
    <skipped/>
  </testcase> <!-- adminElementPresent -->
  <system-out/>
  <testcase name="shoppingCartElementPresent" classname="com.OSMOSE.testcases.Product">
    <skipped/>
  </testcase> <!-- shoppingCartElementPresent -->
  <system-out/>
  <testcase name="SubmitQuotewithOrderRequestedstatus" classname="com.OSMOSE.testcases.Product">
    <skipped/>
  </testcase> <!-- SubmitQuotewithOrderRequestedstatus -->
  <system-out/>
  <testcase name="verifyAddShoppingCarttext" classname="com.OSMOSE.testcases.Product">
    <skipped/>
  </testcase> <!-- verifyAddShoppingCarttext -->
  <system-out/>
  <testcase name="searchElementPresent" classname="com.OSMOSE.testcases.Product">
    <skipped/>
  </testcase> <!-- searchElementPresent -->
  <system-out/>
  <testcase name="CreateQuote" classname="com.OSMOSE.testcases.Product">
    <skipped/>
  </testcase> <!-- CreateQuote -->
  <system-out/>
  <testcase name="allSixProductPresent" classname="com.OSMOSE.testcases.Product">
    <skipped/>
  </testcase> <!-- allSixProductPresent -->
  <system-out/>
  <testcase name="verifyThankyouPopup" classname="com.OSMOSE.testcases.Product">
    <skipped/>
  </testcase> <!-- verifyThankyouPopup -->
  <system-out/>
  <testcase name="CreateQuote_Attachment" classname="com.OSMOSE.testcases.Product">
    <skipped/>
  </testcase> <!-- CreateQuote_Attachment -->
  <system-out/>
  <testcase name="VerifyUIonClickQuoteID" classname="com.OSMOSE.testcases.Product">
    <skipped/>
  </testcase> <!-- VerifyUIonClickQuoteID -->
  <system-out/>
  <testcase name="verifyTheValidationmessage" classname="com.OSMOSE.testcases.Product">
    <skipped/>
  </testcase> <!-- verifyTheValidationmessage -->
  <system-out/>
  <testcase name="ClickDownloadProducts" classname="com.OSMOSE.testcases.Product">
    <skipped/>
  </testcase> <!-- ClickDownloadProducts -->
  <system-out/>
  <testcase name="VerifyProductclick" classname="com.OSMOSE.testcases.Product">
    <skipped/>
  </testcase> <!-- VerifyProductclick -->
  <system-out/>
  <testcase name="AddShoppingCart" classname="com.OSMOSE.testcases.Product">
    <skipped/>
  </testcase> <!-- AddShoppingCart -->
  <system-out/>
  <testcase name="verifyTheSearchFullname" classname="com.OSMOSE.testcases.Product">
    <skipped/>
  </testcase> <!-- verifyTheSearchFullname -->
  <system-out/>
  <testcase name="MyQuotes_96421" classname="com.OSMOSE.testcases.Product">
    <skipped/>
  </testcase> <!-- MyQuotes_96421 -->
  <system-out/>
  <testcase name="verifyUpdatedQuantityOnOverlay" classname="com.OSMOSE.testcases.Product">
    <skipped/>
  </testcase> <!-- verifyUpdatedQuantityOnOverlay -->
  <system-out/>
  <testcase name="verifyTheProductCart" classname="com.OSMOSE.testcases.Product">
    <skipped/>
  </testcase> <!-- verifyTheProductCart -->
  <system-out/>
  <testcase name="verifyTheSearchfirstname" classname="com.OSMOSE.testcases.Product">
    <skipped/>
  </testcase> <!-- verifyTheSearchfirstname -->
  <system-out/>
  <testcase name="ReturnPolicy" classname="com.OSMOSE.testcases.Product">
    <skipped/>
  </testcase> <!-- ReturnPolicy -->
  <system-out/>
  <testcase name="SubmitQuotewithQuoteCancelledstatus" classname="com.OSMOSE.testcases.Product">
    <skipped/>
  </testcase> <!-- SubmitQuotewithQuoteCancelledstatus -->
  <system-out/>
  <testcase name="VerifyUIonApprove" classname="com.OSMOSE.testcases.Product">
    <skipped/>
  </testcase> <!-- VerifyUIonApprove -->
  <system-out/>
  <testcase name="ClickShoppingCartIcon" classname="com.OSMOSE.testcases.Product">
    <skipped/>
  </testcase> <!-- ClickShoppingCartIcon -->
  <system-out/>
  <testcase name="ClickUploadProducts" classname="com.OSMOSE.testcases.Product">
    <skipped/>
  </testcase> <!-- ClickUploadProducts -->
  <system-out/>
  <testcase name="VerifyAddShopping_Sameitem" classname="com.OSMOSE.testcases.Product">
    <skipped/>
  </testcase> <!-- VerifyAddShopping_Sameitem -->
  <system-out/>
  <testcase name="UpdateDecreaseQuanityinShoppingCart" classname="com.OSMOSE.testcases.Product">
    <skipped/>
  </testcase> <!-- UpdateDecreaseQuanityinShoppingCart -->
  <system-out/>
  <testcase name="verifyCategoryFilter" classname="com.OSMOSE.testcases.Product">
    <skipped/>
  </testcase> <!-- verifyCategoryFilter -->
  <system-out/>
  <testcase name="VerifyCrossicononhoppingCart_Differentitem" classname="com.OSMOSE.testcases.Product">
    <skipped/>
  </testcase> <!-- VerifyCrossicononhoppingCart_Differentitem -->
  <system-out/>
  <testcase name="VerifyCrossicononhoppingCart" classname="com.OSMOSE.testcases.Product">
    <skipped/>
  </testcase> <!-- VerifyCrossicononhoppingCart -->
  <system-out/>
  <testcase name="ClickShoppingViewCartbutton" classname="com.OSMOSE.testcases.Product">
    <skipped/>
  </testcase> <!-- ClickShoppingViewCartbutton -->
  <system-out/>
  <testcase name="ClickShoppingSubmitCartbutton" classname="com.OSMOSE.testcases.Product">
    <skipped/>
  </testcase> <!-- ClickShoppingSubmitCartbutton -->
  <system-out/>
  <testcase name="ClickManageProducts" classname="com.OSMOSE.testcases.Product">
    <skipped/>
  </testcase> <!-- ClickManageProducts -->
  <system-out/>
  <testcase name="ClickProductsinReview" classname="com.OSMOSE.testcases.Product">
    <skipped/>
  </testcase> <!-- ClickProductsinReview -->
  <system-out/>
  <testcase name="HomepageCarticon" classname="com.OSMOSE.testcases.Product">
    <skipped/>
  </testcase> <!-- HomepageCarticon -->
  <system-out/>
  <testcase name="verifyViewDetail" classname="com.OSMOSE.testcases.Product">
    <skipped/>
  </testcase> <!-- verifyViewDetail -->
  <system-out/>
</testsuite> <!-- com.OSMOSE.testcases.Product -->
