<?xml version="1.0" encoding="UTF-8"?>
<!-- Generated by org.testng.reporters.JUnitReportReporter -->
<testsuite skipped="5" hostname="5CG6323N27" name="com.OSMOSE.testcases.OULogin" tests="29" failures="0" timestamp="2020-09-21T21:29:44 IST" time="290.979" errors="0">
  <testcase name="verifyOUCard" time="3.353" classname="com.OSMOSE.testcases.OULogin"/>
  <system-out>
Click to see Screenshot <a target="_blank" href=Mon_Sep_21_21_24_42_IST_2020.jpg>Screenshot</a> <br> <br> <a target="_blank" href=Mon_Sep_21_21_24_42_IST_2020.jpg><img src=Mon_Sep_21_21_24_42_IST_2020.jpg height=200 width=200></img></a>  </system-out>
  <testcase name="verifyKnowledgeBaseCard" time="0.083" classname="com.OSMOSE.testcases.OULogin"/>
  <system-out>
Click to see Screenshot <a target="_blank" href=Mon_Sep_21_21_24_42_IST_2020.jpg>Screenshot</a> <br> <br> <a target="_blank" href=Mon_Sep_21_21_24_42_IST_2020.jpg><img src=Mon_Sep_21_21_24_42_IST_2020.jpg height=200 width=200></img></a>  </system-out>
  <testcase name="verifyProductCard" time="0.038" classname="com.OSMOSE.testcases.OULogin"/>
  <system-out>
Click to see Screenshot <a target="_blank" href=Mon_Sep_21_21_24_43_IST_2020.jpg>Screenshot</a> <br> <br> <a target="_blank" href=Mon_Sep_21_21_24_43_IST_2020.jpg><img src=Mon_Sep_21_21_24_43_IST_2020.jpg height=200 width=200></img></a>  </system-out>
  <testcase name="verifyContactUs" time="0.049" classname="com.OSMOSE.testcases.OULogin"/>
  <system-out>
Click to see Screenshot <a target="_blank" href=Mon_Sep_21_21_24_43_IST_2020.jpg>Screenshot</a> <br> <br> <a target="_blank" href=Mon_Sep_21_21_24_43_IST_2020.jpg><img src=Mon_Sep_21_21_24_43_IST_2020.jpg height=200 width=200></img></a>  </system-out>
  <testcase name="verifyHyperlinks" time="0.165" classname="com.OSMOSE.testcases.OULogin"/>
  <system-out>
Click to see Screenshot <a target="_blank" href=Mon_Sep_21_21_24_44_IST_2020.jpg>Screenshot</a> <br> <br> <a target="_blank" href=Mon_Sep_21_21_24_44_IST_2020.jpg><img src=Mon_Sep_21_21_24_44_IST_2020.jpg height=200 width=200></img></a>  </system-out>
  <testcase name="verifyVideoLinks" time="0.141" classname="com.OSMOSE.testcases.OULogin"/>
  <system-out>
Click to see Screenshot <a target="_blank" href=Mon_Sep_21_21_24_45_IST_2020.jpg>Screenshot</a> <br> <br> <a target="_blank" href=Mon_Sep_21_21_24_45_IST_2020.jpg><img src=Mon_Sep_21_21_24_45_IST_2020.jpg height=200 width=200></img></a>  </system-out>
  <testcase name="verifyOsmoseUniversityNavigationClick" time="15.412" classname="com.OSMOSE.testcases.OULogin"/>
  <system-out>
Click to see Screenshot <a target="_blank" href=Mon_Sep_21_21_25_01_IST_2020.jpg>Screenshot</a> <br> <br> <a target="_blank" href=Mon_Sep_21_21_25_01_IST_2020.jpg><img src=Mon_Sep_21_21_25_01_IST_2020.jpg height=200 width=200></img></a>  </system-out>
  <testcase name="verifyLiveEventCLick" time="12.284" classname="com.OSMOSE.testcases.OULogin"/>
  <system-out>
Click to see Screenshot <a target="_blank" href=Mon_Sep_21_21_25_14_IST_2020.jpg>Screenshot</a> <br> <br> <a target="_blank" href=Mon_Sep_21_21_25_14_IST_2020.jpg><img src=Mon_Sep_21_21_25_14_IST_2020.jpg height=200 width=200></img></a>  </system-out>
  <testcase name="verifyWebinarsClick" time="12.257" classname="com.OSMOSE.testcases.OULogin"/>
  <system-out>
Click to see Screenshot <a target="_blank" href=Mon_Sep_21_21_25_26_IST_2020.jpg>Screenshot</a> <br> <br> <a target="_blank" href=Mon_Sep_21_21_25_26_IST_2020.jpg><img src=Mon_Sep_21_21_25_26_IST_2020.jpg height=200 width=200></img></a>  </system-out>
  <testcase name="verifyOCalcClick" time="12.198" classname="com.OSMOSE.testcases.OULogin"/>
  <system-out>
Click to see Screenshot <a target="_blank" href=Mon_Sep_21_21_25_39_IST_2020.jpg>Screenshot</a> <br> <br> <a target="_blank" href=Mon_Sep_21_21_25_39_IST_2020.jpg><img src=Mon_Sep_21_21_25_39_IST_2020.jpg height=200 width=200></img></a>  </system-out>
  <testcase name="clickOnOuLink" time="12.224" classname="com.OSMOSE.testcases.OULogin"/>
  <system-out>
Click to see Screenshot <a target="_blank" href=Mon_Sep_21_21_25_52_IST_2020.jpg>Screenshot</a> <br> <br> <a target="_blank" href=Mon_Sep_21_21_25_52_IST_2020.jpg><img src=Mon_Sep_21_21_25_52_IST_2020.jpg height=200 width=200></img></a>  </system-out>
  <testcase name="verifyLiveEventsSTS" time="13.570" classname="com.OSMOSE.testcases.OULogin"/>
  <system-out>
Click to see Screenshot <a target="_blank" href=Mon_Sep_21_21_26_06_IST_2020.jpg>Screenshot</a> <br> <br> <a target="_blank" href=Mon_Sep_21_21_26_06_IST_2020.jpg><img src=Mon_Sep_21_21_26_06_IST_2020.jpg height=200 width=200></img></a>  </system-out>
  <testcase name="verifyLiveEventsJUS" time="12.897" classname="com.OSMOSE.testcases.OULogin"/>
  <system-out>
Click to see Screenshot <a target="_blank" href=Mon_Sep_21_21_26_19_IST_2020.jpg>Screenshot</a> <br> <br> <a target="_blank" href=Mon_Sep_21_21_26_19_IST_2020.jpg><img src=Mon_Sep_21_21_26_19_IST_2020.jpg height=200 width=200></img></a>  </system-out>
  <testcase name="verifyLiveEventsWPTS" time="12.984" classname="com.OSMOSE.testcases.OULogin"/>
  <system-out>
Click to see Screenshot <a target="_blank" href=Mon_Sep_21_21_26_33_IST_2020.jpg>Screenshot</a> <br> <br> <a target="_blank" href=Mon_Sep_21_21_26_33_IST_2020.jpg><img src=Mon_Sep_21_21_26_33_IST_2020.jpg height=200 width=200></img></a>  </system-out>
  <testcase name="verifyDETAILSANDREGISTRATION" time="13.292" classname="com.OSMOSE.testcases.OULogin"/>
  <system-out>
Click to see Screenshot <a target="_blank" href=Mon_Sep_21_21_26_47_IST_2020.jpg>Screenshot</a> <br> <br> <a target="_blank" href=Mon_Sep_21_21_26_47_IST_2020.jpg><img src=Mon_Sep_21_21_26_47_IST_2020.jpg height=200 width=200></img></a>  </system-out>
  <testcase name="verifyClickingTheWebinars" time="12.346" classname="com.OSMOSE.testcases.OULogin"/>
  <system-out>
Click to see Screenshot <a target="_blank" href=Mon_Sep_21_21_26_59_IST_2020.jpg>Screenshot</a> <br> <br> <a target="_blank" href=Mon_Sep_21_21_26_59_IST_2020.jpg><img src=Mon_Sep_21_21_26_59_IST_2020.jpg height=200 width=200></img></a>  </system-out>
  <testcase name="verifyOClacTrainingButton" time="13.823" classname="com.OSMOSE.testcases.OULogin"/>
  <system-out>
Click to see Screenshot <a target="_blank" href=Mon_Sep_21_21_27_14_IST_2020.jpg>Screenshot</a> <br> <br> <a target="_blank" href=Mon_Sep_21_21_27_14_IST_2020.jpg><img src=Mon_Sep_21_21_27_14_IST_2020.jpg height=200 width=200></img></a>  </system-out>
  <testcase name="verifySearchWebinarsHistorical" time="18.812" classname="com.OSMOSE.testcases.OULogin"/>
  <system-out>
Click to see Screenshot <a target="_blank" href=Mon_Sep_21_21_27_33_IST_2020.jpg>Screenshot</a> <br> <br> <a target="_blank" href=Mon_Sep_21_21_27_33_IST_2020.jpg><img src=Mon_Sep_21_21_27_33_IST_2020.jpg height=200 width=200></img></a>  </system-out>
  <testcase name="verifyInvalidSearchHistorical" time="13.606" classname="com.OSMOSE.testcases.OULogin"/>
  <system-out>
Click to see Screenshot <a target="_blank" href=Mon_Sep_21_21_27_47_IST_2020.jpg>Screenshot</a> <br> <br> <a target="_blank" href=Mon_Sep_21_21_27_47_IST_2020.jpg><img src=Mon_Sep_21_21_27_47_IST_2020.jpg height=200 width=200></img></a>  </system-out>
  <testcase name="verifySortWebinarsHistorical" time="18.573" classname="com.OSMOSE.testcases.OULogin"/>
  <system-out>
Click to see Screenshot <a target="_blank" href=Mon_Sep_21_21_28_06_IST_2020.jpg>Screenshot</a> <br> <br> <a target="_blank" href=Mon_Sep_21_21_28_06_IST_2020.jpg><img src=Mon_Sep_21_21_28_06_IST_2020.jpg height=200 width=200></img></a>  </system-out>
  <testcase name="verifyClearSearchHistorical" time="18.712" classname="com.OSMOSE.testcases.OULogin"/>
  <system-out>
Click to see Screenshot <a target="_blank" href=Mon_Sep_21_21_28_25_IST_2020.jpg>Screenshot</a> <br> <br> <a target="_blank" href=Mon_Sep_21_21_28_25_IST_2020.jpg><img src=Mon_Sep_21_21_28_25_IST_2020.jpg height=200 width=200></img></a>  </system-out>
  <testcase name="verifyVideoGalleryHistorical" time="26.666" classname="com.OSMOSE.testcases.OULogin"/>
  <system-out>
Click to see Screenshot <a target="_blank" href=Mon_Sep_21_21_28_52_IST_2020.jpg>Screenshot</a> <br> <br> <a target="_blank" href=Mon_Sep_21_21_28_52_IST_2020.jpg><img src=Mon_Sep_21_21_28_52_IST_2020.jpg height=200 width=200></img></a>  </system-out>
  <testcase name="verifyPopularQueriesSearchResults" time="24.649" classname="com.OSMOSE.testcases.OULogin"/>
  <system-out>
Click to see Screenshot <a target="_blank" href=Mon_Sep_21_21_29_17_IST_2020.jpg>Screenshot</a> <br> <br> <a target="_blank" href=Mon_Sep_21_21_29_17_IST_2020.jpg><img src=Mon_Sep_21_21_29_17_IST_2020.jpg height=200 width=200></img></a>  </system-out>
  <testcase name="verifyPopularQueriesReset" time="22.845" classname="com.OSMOSE.testcases.OULogin"/>
  <system-out>
Click to see Screenshot <a target="_blank" href=Mon_Sep_21_21_29_41_IST_2020.jpg>Screenshot</a> <br> <br> <a target="_blank" href=Mon_Sep_21_21_29_41_IST_2020.jpg><img src=Mon_Sep_21_21_29_41_IST_2020.jpg height=200 width=200></img></a>  </system-out>
  <testcase name="verifyContactAndStray" classname="com.OSMOSE.testcases.OULogin">
    <skipped/>
  </testcase> <!-- verifyContactAndStray -->
  <system-out/>
  <testcase name="verifySteelStructuresProtected" classname="com.OSMOSE.testcases.OULogin">
    <skipped/>
  </testcase> <!-- verifySteelStructuresProtected -->
  <system-out/>
  <testcase name="steelStructuresProtectedMOREINFOREGISTRATION" classname="com.OSMOSE.testcases.OULogin">
    <skipped/>
  </testcase> <!-- steelStructuresProtectedMOREINFOREGISTRATION -->
  <system-out/>
  <testcase name="verifyUpcomingWebinarsPage" classname="com.OSMOSE.testcases.OULogin">
    <skipped/>
  </testcase> <!-- verifyUpcomingWebinarsPage -->
  <system-out/>
  <testcase name="ContactAndStrayMOREINFOREGISTRATION" classname="com.OSMOSE.testcases.OULogin">
    <skipped/>
  </testcase> <!-- ContactAndStrayMOREINFOREGISTRATION -->
  <system-out/>
</testsuite> <!-- com.OSMOSE.testcases.OULogin -->
