<?xml version="1.0" encoding="UTF-8"?>
<!-- Generated by org.testng.reporters.JUnitReportReporter -->
<testsuite skipped="28" hostname="5CG6323N27" name="com.OSMOSE.testcases.Product" tests="57" failures="0" timestamp="2020-07-09T20:54:16 IST" time="374.693" errors="0">
  <testcase name="verifyTheProductLink" time="3.725" classname="com.OSMOSE.testcases.Product"/>
  <system-out>
Click to see Screenshot <a target="_blank" href=Thu_Jul_09_20_47_47_IST_2020.jpg>Screenshot</a> <br> <br> <a target="_blank" href=Thu_Jul_09_20_47_47_IST_2020.jpg><img src=Thu_Jul_09_20_47_47_IST_2020.jpg height=200 width=200></img></a>  </system-out>
  <testcase name="searchElementPresent" time="50.155" classname="com.OSMOSE.testcases.Product"/>
  <system-out>
Click to see Screenshot <a target="_blank" href=Thu_Jul_09_20_48_37_IST_2020.jpg>Screenshot</a> <br> <br> <a target="_blank" href=Thu_Jul_09_20_48_37_IST_2020.jpg><img src=Thu_Jul_09_20_48_37_IST_2020.jpg height=200 width=200></img></a>  </system-out>
  <testcase name="catalogElementPresent" time="0.030" classname="com.OSMOSE.testcases.Product"/>
  <system-out>
Click to see Screenshot <a target="_blank" href=Thu_Jul_09_20_48_38_IST_2020.jpg>Screenshot</a> <br> <br> <a target="_blank" href=Thu_Jul_09_20_48_38_IST_2020.jpg><img src=Thu_Jul_09_20_48_38_IST_2020.jpg height=200 width=200></img></a>  </system-out>
  <testcase name="openMyQuotesElementPresent" time="0.030" classname="com.OSMOSE.testcases.Product"/>
  <system-out>
Click to see Screenshot <a target="_blank" href=Thu_Jul_09_20_48_38_IST_2020.jpg>Screenshot</a> <br> <br> <a target="_blank" href=Thu_Jul_09_20_48_38_IST_2020.jpg><img src=Thu_Jul_09_20_48_38_IST_2020.jpg height=200 width=200></img></a>  </system-out>
  <testcase name="shoppingCartElementPresent" time="0.057" classname="com.OSMOSE.testcases.Product"/>
  <system-out>
Click to see Screenshot <a target="_blank" href=Thu_Jul_09_20_48_39_IST_2020.jpg>Screenshot</a> <br> <br> <a target="_blank" href=Thu_Jul_09_20_48_39_IST_2020.jpg><img src=Thu_Jul_09_20_48_39_IST_2020.jpg height=200 width=200></img></a>  </system-out>
  <testcase name="adminElementPresent" time="0.072" classname="com.OSMOSE.testcases.Product"/>
  <system-out>
Click to see Screenshot <a target="_blank" href=Thu_Jul_09_20_48_40_IST_2020.jpg>Screenshot</a> <br> <br> <a target="_blank" href=Thu_Jul_09_20_48_40_IST_2020.jpg><img src=Thu_Jul_09_20_48_40_IST_2020.jpg height=200 width=200></img></a>  </system-out>
  <testcase name="viewDetailsElementPresent" time="0.071" classname="com.OSMOSE.testcases.Product"/>
  <system-out>
Click to see Screenshot <a target="_blank" href=Thu_Jul_09_20_48_40_IST_2020.jpg>Screenshot</a> <br> <br> <a target="_blank" href=Thu_Jul_09_20_48_40_IST_2020.jpg><img src=Thu_Jul_09_20_48_40_IST_2020.jpg height=200 width=200></img></a>  </system-out>
  <testcase name="allSixProductPresent" time="0.030" classname="com.OSMOSE.testcases.Product"/>
  <system-out>
Click to see Screenshot <a target="_blank" href=Thu_Jul_09_20_48_41_IST_2020.jpg>Screenshot</a> <br> <br> <a target="_blank" href=Thu_Jul_09_20_48_41_IST_2020.jpg><img src=Thu_Jul_09_20_48_41_IST_2020.jpg height=200 width=200></img></a>  </system-out>
  <testcase name="sliderItemPresent" time="0.094" classname="com.OSMOSE.testcases.Product"/>
  <system-out>
Click to see Screenshot <a target="_blank" href=Thu_Jul_09_20_48_41_IST_2020.jpg>Screenshot</a> <br> <br> <a target="_blank" href=Thu_Jul_09_20_48_41_IST_2020.jpg><img src=Thu_Jul_09_20_48_41_IST_2020.jpg height=200 width=200></img></a>  </system-out>
  <testcase name="verifyCategoryFilter" time="50.018" classname="com.OSMOSE.testcases.Product"/>
  <system-out>
Click to see Screenshot <a target="_blank" href=Thu_Jul_09_20_49_32_IST_2020.jpg>Screenshot</a> <br> <br> <a target="_blank" href=Thu_Jul_09_20_49_32_IST_2020.jpg><img src=Thu_Jul_09_20_49_32_IST_2020.jpg height=200 width=200></img></a>  </system-out>
  <testcase name="VerifyFPImageClick" time="52.019" classname="com.OSMOSE.testcases.Product"/>
  <system-out>
Click to see Screenshot <a target="_blank" href=Thu_Jul_09_20_50_24_IST_2020.jpg>Screenshot</a> <br> <br> <a target="_blank" href=Thu_Jul_09_20_50_24_IST_2020.jpg><img src=Thu_Jul_09_20_50_24_IST_2020.jpg height=200 width=200></img></a>  </system-out>
  <testcase name="verifyViewDetail" time="4.360" classname="com.OSMOSE.testcases.Product"/>
  <system-out>
Click to see Screenshot <a target="_blank" href=Thu_Jul_09_20_50_29_IST_2020.jpg>Screenshot</a> <br> <br> <a target="_blank" href=Thu_Jul_09_20_50_29_IST_2020.jpg><img src=Thu_Jul_09_20_50_29_IST_2020.jpg height=200 width=200></img></a>  </system-out>
  <testcase name="VerifyProductclick" time="15.466" classname="com.OSMOSE.testcases.Product"/>
  <system-out>
Click to see Screenshot <a target="_blank" href=Thu_Jul_09_20_50_46_IST_2020.jpg>Screenshot</a> <br> <br> <a target="_blank" href=Thu_Jul_09_20_50_46_IST_2020.jpg><img src=Thu_Jul_09_20_50_46_IST_2020.jpg height=200 width=200></img></a>  </system-out>
  <testcase name="AddQuantityandverifyCellNumber" time="15.292" classname="com.OSMOSE.testcases.Product"/>
  <system-out>
Click to see Screenshot <a target="_blank" href=Thu_Jul_09_20_51_02_IST_2020.jpg>Screenshot</a> <br> <br> <a target="_blank" href=Thu_Jul_09_20_51_02_IST_2020.jpg><img src=Thu_Jul_09_20_51_02_IST_2020.jpg height=200 width=200></img></a>  </system-out>
  <testcase name="FeaturedProductPoleRestoration" time="15.398" classname="com.OSMOSE.testcases.Product"/>
  <system-out>
Click to see Screenshot <a target="_blank" href=Thu_Jul_09_20_51_18_IST_2020.jpg>Screenshot</a> <br> <br> <a target="_blank" href=Thu_Jul_09_20_51_18_IST_2020.jpg><img src=Thu_Jul_09_20_51_18_IST_2020.jpg height=200 width=200></img></a>  </system-out>
  <testcase name="verifyTheSearchfirstname" time="15.780" classname="com.OSMOSE.testcases.Product"/>
  <system-out>
Click to see Screenshot <a target="_blank" href=Thu_Jul_09_20_51_34_IST_2020.jpg>Screenshot</a> <br> <br> <a target="_blank" href=Thu_Jul_09_20_51_34_IST_2020.jpg><img src=Thu_Jul_09_20_51_34_IST_2020.jpg height=200 width=200></img></a>  </system-out>
  <testcase name="verifyTheSearchFullname" time="12.580" classname="com.OSMOSE.testcases.Product"/>
  <system-out>
Click to see Screenshot <a target="_blank" href=Thu_Jul_09_20_51_47_IST_2020.jpg>Screenshot</a> <br> <br> <a target="_blank" href=Thu_Jul_09_20_51_47_IST_2020.jpg><img src=Thu_Jul_09_20_51_47_IST_2020.jpg height=200 width=200></img></a>  </system-out>
  <testcase name="verifyTheSearchOneAlphabet" time="22.450" classname="com.OSMOSE.testcases.Product"/>
  <system-out>
Click to see Screenshot <a target="_blank" href=Thu_Jul_09_20_52_10_IST_2020.jpg>Screenshot</a> <br> <br> <a target="_blank" href=Thu_Jul_09_20_52_10_IST_2020.jpg><img src=Thu_Jul_09_20_52_10_IST_2020.jpg height=200 width=200></img></a>  </system-out>
  <testcase name="verifyTheSearchCrossButton" time="14.441" classname="com.OSMOSE.testcases.Product"/>
  <system-out>
Click to see Screenshot <a target="_blank" href=Thu_Jul_09_20_52_25_IST_2020.jpg>Screenshot</a> <br> <br> <a target="_blank" href=Thu_Jul_09_20_52_25_IST_2020.jpg><img src=Thu_Jul_09_20_52_25_IST_2020.jpg height=200 width=200></img></a>  </system-out>
  <testcase name="verifyTheValidationmessage" time="13.707" classname="com.OSMOSE.testcases.Product"/>
  <system-out>
Click to see Screenshot <a target="_blank" href=Thu_Jul_09_20_52_39_IST_2020.jpg>Screenshot</a> <br> <br> <a target="_blank" href=Thu_Jul_09_20_52_39_IST_2020.jpg><img src=Thu_Jul_09_20_52_39_IST_2020.jpg height=200 width=200></img></a>  </system-out>
  <testcase name="ReturnPolicy" time="9.294" classname="com.OSMOSE.testcases.Product"/>
  <system-out>
Click to see Screenshot <a target="_blank" href=Thu_Jul_09_20_52_49_IST_2020.jpg>Screenshot</a> <br> <br> <a target="_blank" href=Thu_Jul_09_20_52_49_IST_2020.jpg><img src=Thu_Jul_09_20_52_49_IST_2020.jpg height=200 width=200></img></a>  </system-out>
  <testcase name="verifyAddShoppingCarttext" time="19.738" classname="com.OSMOSE.testcases.Product"/>
  <system-out>
Click to see Screenshot <a target="_blank" href=Thu_Jul_09_20_53_09_IST_2020.jpg>Screenshot</a> <br> <br> <a target="_blank" href=Thu_Jul_09_20_53_09_IST_2020.jpg><img src=Thu_Jul_09_20_53_09_IST_2020.jpg height=200 width=200></img></a>  </system-out>
  <testcase name="AddShoppingCart" time="5.442" classname="com.OSMOSE.testcases.Product"/>
  <system-out>
Click to see Screenshot <a target="_blank" href=Thu_Jul_09_20_53_15_IST_2020.jpg>Screenshot</a> <br> <br> <a target="_blank" href=Thu_Jul_09_20_53_15_IST_2020.jpg><img src=Thu_Jul_09_20_53_15_IST_2020.jpg height=200 width=200></img></a>  </system-out>
  <testcase name="VerifyCrossicononhoppingCart" time="1.049" classname="com.OSMOSE.testcases.Product"/>
  <system-out>
Click to see Screenshot <a target="_blank" href=Thu_Jul_09_20_53_17_IST_2020.jpg>Screenshot</a> <br> <br> <a target="_blank" href=Thu_Jul_09_20_53_17_IST_2020.jpg><img src=Thu_Jul_09_20_53_17_IST_2020.jpg height=200 width=200></img></a>  </system-out>
  <testcase name="VerifyCrossicononhoppingCart_Differentitem" time="10.550" classname="com.OSMOSE.testcases.Product"/>
  <system-out>
Click to see Screenshot <a target="_blank" href=Thu_Jul_09_20_53_28_IST_2020.jpg>Screenshot</a> <br> <br> <a target="_blank" href=Thu_Jul_09_20_53_28_IST_2020.jpg><img src=Thu_Jul_09_20_53_28_IST_2020.jpg height=200 width=200></img></a>  </system-out>
  <testcase name="VerifyAddShopping_Sameitem" time="10.068" classname="com.OSMOSE.testcases.Product"/>
  <system-out>
Click to see Screenshot <a target="_blank" href=Thu_Jul_09_20_53_38_IST_2020.jpg>Screenshot</a> <br> <br> <a target="_blank" href=Thu_Jul_09_20_53_38_IST_2020.jpg><img src=Thu_Jul_09_20_53_38_IST_2020.jpg height=200 width=200></img></a>  </system-out>
  <testcase name="DeleteQuanityinShoppingCart" time="5.756" classname="com.OSMOSE.testcases.Product"/>
  <system-out>
Click to see Screenshot <a target="_blank" href=Thu_Jul_09_20_53_44_IST_2020.jpg>Screenshot</a> <br> <br> <a target="_blank" href=Thu_Jul_09_20_53_44_IST_2020.jpg><img src=Thu_Jul_09_20_53_44_IST_2020.jpg height=200 width=200></img></a>  </system-out>
  <testcase name="UpdateIncreaseQuanityinShoppingCart" time="5.925" classname="com.OSMOSE.testcases.Product"/>
  <system-out>
Click to see Screenshot <a target="_blank" href=Thu_Jul_09_20_53_51_IST_2020.jpg>Screenshot</a> <br> <br> <a target="_blank" href=Thu_Jul_09_20_53_51_IST_2020.jpg><img src=Thu_Jul_09_20_53_51_IST_2020.jpg height=200 width=200></img></a>  </system-out>
  <testcase name="UpdateDecreaseQuanityinShoppingCart" time="21.096" classname="com.OSMOSE.testcases.Product"/>
  <system-out>
Click to see Screenshot <a target="_blank" href=Thu_Jul_09_20_54_12_IST_2020.jpg>Screenshot</a> <br> <br> <a target="_blank" href=Thu_Jul_09_20_54_12_IST_2020.jpg><img src=Thu_Jul_09_20_54_12_IST_2020.jpg height=200 width=200></img></a>  </system-out>
  <testcase name="VerifyUIonClickQuoteID" classname="com.OSMOSE.testcases.Product">
    <skipped/>
  </testcase> <!-- VerifyUIonClickQuoteID -->
  <system-out/>
  <testcase name="SubmitQuotewithQuotePendingstatus" classname="com.OSMOSE.testcases.Product">
    <skipped/>
  </testcase> <!-- SubmitQuotewithQuotePendingstatus -->
  <system-out/>
  <testcase name="ClickDownloadProducts" classname="com.OSMOSE.testcases.Product">
    <skipped/>
  </testcase> <!-- ClickDownloadProducts -->
  <system-out/>
  <testcase name="MyQuotes_96421" classname="com.OSMOSE.testcases.Product">
    <skipped/>
  </testcase> <!-- MyQuotes_96421 -->
  <system-out/>
  <testcase name="verifySubmitwhileREQuoting" classname="com.OSMOSE.testcases.Product">
    <skipped/>
  </testcase> <!-- verifySubmitwhileREQuoting -->
  <system-out/>
  <testcase name="verifyUpdatedQuantityOnOverlay" classname="com.OSMOSE.testcases.Product">
    <skipped/>
  </testcase> <!-- verifyUpdatedQuantityOnOverlay -->
  <system-out/>
  <testcase name="verifyTheProductCart" classname="com.OSMOSE.testcases.Product">
    <skipped/>
  </testcase> <!-- verifyTheProductCart -->
  <system-out/>
  <testcase name="verifyTheSearch" classname="com.OSMOSE.testcases.Product">
    <skipped/>
  </testcase> <!-- verifyTheSearch -->
  <system-out/>
  <testcase name="VerifyUIonApprove" classname="com.OSMOSE.testcases.Product">
    <skipped/>
  </testcase> <!-- VerifyUIonApprove -->
  <system-out/>
  <testcase name="SubmitQuotewithQuoteCancelledstatus" classname="com.OSMOSE.testcases.Product">
    <skipped/>
  </testcase> <!-- SubmitQuotewithQuoteCancelledstatus -->
  <system-out/>
  <testcase name="ClickShoppingCartIcon" classname="com.OSMOSE.testcases.Product">
    <skipped/>
  </testcase> <!-- ClickShoppingCartIcon -->
  <system-out/>
  <testcase name="SubmitQuotewithOrderedstatus" classname="com.OSMOSE.testcases.Product">
    <skipped/>
  </testcase> <!-- SubmitQuotewithOrderedstatus -->
  <system-out/>
  <testcase name="ClickUploadProducts" classname="com.OSMOSE.testcases.Product">
    <skipped/>
  </testcase> <!-- ClickUploadProducts -->
  <system-out/>
  <testcase name="SubmitQuotewithQuotedstatus" classname="com.OSMOSE.testcases.Product">
    <skipped/>
  </testcase> <!-- SubmitQuotewithQuotedstatus -->
  <system-out/>
  <testcase name="ClickManageQuotesLink" classname="com.OSMOSE.testcases.Product">
    <skipped/>
  </testcase> <!-- ClickManageQuotesLink -->
  <system-out/>
  <testcase name="verifyCancelwhileREQuoting" classname="com.OSMOSE.testcases.Product">
    <skipped/>
  </testcase> <!-- verifyCancelwhileREQuoting -->
  <system-out/>
  <testcase name="CreateQuote_ZipCode" classname="com.OSMOSE.testcases.Product">
    <skipped/>
  </testcase> <!-- CreateQuote_ZipCode -->
  <system-out/>
  <testcase name="ClickShoppingViewCartbutton" classname="com.OSMOSE.testcases.Product">
    <skipped/>
  </testcase> <!-- ClickShoppingViewCartbutton -->
  <system-out/>
  <testcase name="ClickShoppingSubmitCartbutton" classname="com.OSMOSE.testcases.Product">
    <skipped/>
  </testcase> <!-- ClickShoppingSubmitCartbutton -->
  <system-out/>
  <testcase name="ClickManageProducts" classname="com.OSMOSE.testcases.Product">
    <skipped/>
  </testcase> <!-- ClickManageProducts -->
  <system-out/>
  <testcase name="CreateQuote_Comments" classname="com.OSMOSE.testcases.Product">
    <skipped/>
  </testcase> <!-- CreateQuote_Comments -->
  <system-out/>
  <testcase name="ClickProductsinReview" classname="com.OSMOSE.testcases.Product">
    <skipped/>
  </testcase> <!-- ClickProductsinReview -->
  <system-out/>
  <testcase name="VerifyApprovebtndisabled" classname="com.OSMOSE.testcases.Product">
    <skipped/>
  </testcase> <!-- VerifyApprovebtndisabled -->
  <system-out/>
  <testcase name="SubmitQuotewithOrderRequestedstatus" classname="com.OSMOSE.testcases.Product">
    <skipped/>
  </testcase> <!-- SubmitQuotewithOrderRequestedstatus -->
  <system-out/>
  <testcase name="CreateQuote" classname="com.OSMOSE.testcases.Product">
    <skipped/>
  </testcase> <!-- CreateQuote -->
  <system-out/>
  <testcase name="HomepageCarticon" classname="com.OSMOSE.testcases.Product">
    <skipped/>
  </testcase> <!-- HomepageCarticon -->
  <system-out/>
  <testcase name="verifyThankyouPopup" classname="com.OSMOSE.testcases.Product">
    <skipped/>
  </testcase> <!-- verifyThankyouPopup -->
  <system-out/>
  <testcase name="CreateQuote_Attachment" classname="com.OSMOSE.testcases.Product">
    <skipped/>
  </testcase> <!-- CreateQuote_Attachment -->
  <system-out/>
</testsuite> <!-- com.OSMOSE.testcases.Product -->
