<?xml version="1.0" encoding="UTF-8"?>
<!-- Generated by org.testng.reporters.JUnitReportReporter -->
<testsuite skipped="5" hostname="5CG6323N27" name="com.OSMOSE.testcases.OULogin" tests="23" failures="0" timestamp="2020-08-20T14:39:00 IST" time="163.226" errors="0">
  <testcase name="loginTest" time="18.447" classname="com.OSMOSE.testcases.OULogin"/>
  <system-out>
Click to see Screenshot <a target="_blank" href=Thu_Aug_20_14_07_12_IST_2020.jpg>Screenshot</a> <br> <br> <a target="_blank" href=Thu_Aug_20_14_07_12_IST_2020.jpg><img src=Thu_Aug_20_14_07_12_IST_2020.jpg height=200 width=200></img></a>  </system-out>
  <testcase name="verifyOUCard" time="2.746" classname="com.OSMOSE.testcases.OULogin"/>
  <system-out>
Click to see Screenshot <a target="_blank" href=Thu_Aug_20_14_07_16_IST_2020.jpg>Screenshot</a> <br> <br> <a target="_blank" href=Thu_Aug_20_14_07_16_IST_2020.jpg><img src=Thu_Aug_20_14_07_16_IST_2020.jpg height=200 width=200></img></a>  </system-out>
  <testcase name="verifyKnowledgeBaseCard" time="0.102" classname="com.OSMOSE.testcases.OULogin"/>
  <system-out>
Click to see Screenshot <a target="_blank" href=Thu_Aug_20_14_07_17_IST_2020.jpg>Screenshot</a> <br> <br> <a target="_blank" href=Thu_Aug_20_14_07_17_IST_2020.jpg><img src=Thu_Aug_20_14_07_17_IST_2020.jpg height=200 width=200></img></a>  </system-out>
  <testcase name="verifyProductCard" time="0.042" classname="com.OSMOSE.testcases.OULogin"/>
  <system-out>
Click to see Screenshot <a target="_blank" href=Thu_Aug_20_14_07_17_IST_2020.jpg>Screenshot</a> <br> <br> <a target="_blank" href=Thu_Aug_20_14_07_17_IST_2020.jpg><img src=Thu_Aug_20_14_07_17_IST_2020.jpg height=200 width=200></img></a>  </system-out>
  <testcase name="verifyContactUs" time="0.028" classname="com.OSMOSE.testcases.OULogin"/>
  <system-out>
Click to see Screenshot <a target="_blank" href=Thu_Aug_20_14_07_18_IST_2020.jpg>Screenshot</a> <br> <br> <a target="_blank" href=Thu_Aug_20_14_07_18_IST_2020.jpg><img src=Thu_Aug_20_14_07_18_IST_2020.jpg height=200 width=200></img></a>  </system-out>
  <testcase name="verifyHyperlinks" time="0.111" classname="com.OSMOSE.testcases.OULogin"/>
  <system-out>
Click to see Screenshot <a target="_blank" href=Thu_Aug_20_14_07_18_IST_2020.jpg>Screenshot</a> <br> <br> <a target="_blank" href=Thu_Aug_20_14_07_18_IST_2020.jpg><img src=Thu_Aug_20_14_07_18_IST_2020.jpg height=200 width=200></img></a>  </system-out>
  <testcase name="verifyVideoLinks" time="0.067" classname="com.OSMOSE.testcases.OULogin"/>
  <system-out>
Click to see Screenshot <a target="_blank" href=Thu_Aug_20_14_07_19_IST_2020.jpg>Screenshot</a> <br> <br> <a target="_blank" href=Thu_Aug_20_14_07_19_IST_2020.jpg><img src=Thu_Aug_20_14_07_19_IST_2020.jpg height=200 width=200></img></a>  </system-out>
  <testcase name="verifyOsmoseUniversityNavigationClick" time="15.247" classname="com.OSMOSE.testcases.OULogin"/>
  <system-out>
Click to see Screenshot <a target="_blank" href=Thu_Aug_20_14_07_35_IST_2020.jpg>Screenshot</a> <br> <br> <a target="_blank" href=Thu_Aug_20_14_07_35_IST_2020.jpg><img src=Thu_Aug_20_14_07_35_IST_2020.jpg height=200 width=200></img></a>  </system-out>
  <testcase name="verifyLiveEventCLick" time="12.237" classname="com.OSMOSE.testcases.OULogin"/>
  <system-out>
Click to see Screenshot <a target="_blank" href=Thu_Aug_20_14_07_48_IST_2020.jpg>Screenshot</a> <br> <br> <a target="_blank" href=Thu_Aug_20_14_07_48_IST_2020.jpg><img src=Thu_Aug_20_14_07_48_IST_2020.jpg height=200 width=200></img></a>  </system-out>
  <testcase name="verifyWebinarsClick" time="12.210" classname="com.OSMOSE.testcases.OULogin"/>
  <system-out>
Click to see Screenshot <a target="_blank" href=Thu_Aug_20_14_08_00_IST_2020.jpg>Screenshot</a> <br> <br> <a target="_blank" href=Thu_Aug_20_14_08_00_IST_2020.jpg><img src=Thu_Aug_20_14_08_00_IST_2020.jpg height=200 width=200></img></a>  </system-out>
  <testcase name="verifyOCalcClick" time="12.219" classname="com.OSMOSE.testcases.OULogin"/>
  <system-out>
Click to see Screenshot <a target="_blank" href=Thu_Aug_20_14_08_13_IST_2020.jpg>Screenshot</a> <br> <br> <a target="_blank" href=Thu_Aug_20_14_08_13_IST_2020.jpg><img src=Thu_Aug_20_14_08_13_IST_2020.jpg height=200 width=200></img></a>  </system-out>
  <testcase name="clickOnOuLink" time="12.216" classname="com.OSMOSE.testcases.OULogin"/>
  <system-out>
Click to see Screenshot <a target="_blank" href=Thu_Aug_20_14_08_26_IST_2020.jpg>Screenshot</a> <br> <br> <a target="_blank" href=Thu_Aug_20_14_08_26_IST_2020.jpg><img src=Thu_Aug_20_14_08_26_IST_2020.jpg height=200 width=200></img></a>  </system-out>
  <testcase name="verifyLiveEventsSTS" time="13.140" classname="com.OSMOSE.testcases.OULogin"/>
  <system-out>
Click to see Screenshot <a target="_blank" href=Thu_Aug_20_14_08_39_IST_2020.jpg>Screenshot</a> <br> <br> <a target="_blank" href=Thu_Aug_20_14_08_39_IST_2020.jpg><img src=Thu_Aug_20_14_08_39_IST_2020.jpg height=200 width=200></img></a>  </system-out>
  <testcase name="verifyLiveEventsJUS" time="12.930" classname="com.OSMOSE.testcases.OULogin"/>
  <system-out>
Click to see Screenshot <a target="_blank" href=Thu_Aug_20_14_08_53_IST_2020.jpg>Screenshot</a> <br> <br> <a target="_blank" href=Thu_Aug_20_14_08_53_IST_2020.jpg><img src=Thu_Aug_20_14_08_53_IST_2020.jpg height=200 width=200></img></a>  </system-out>
  <testcase name="verifyLiveEventsWPTS" time="12.886" classname="com.OSMOSE.testcases.OULogin"/>
  <system-out>
Click to see Screenshot <a target="_blank" href=Thu_Aug_20_14_09_06_IST_2020.jpg>Screenshot</a> <br> <br> <a target="_blank" href=Thu_Aug_20_14_09_06_IST_2020.jpg><img src=Thu_Aug_20_14_09_06_IST_2020.jpg height=200 width=200></img></a>  </system-out>
  <testcase name="verifyDETAILSANDREGISTRATION" time="13.257" classname="com.OSMOSE.testcases.OULogin"/>
  <system-out>
Click to see Screenshot <a target="_blank" href=Thu_Aug_20_14_09_20_IST_2020.jpg>Screenshot</a> <br> <br> <a target="_blank" href=Thu_Aug_20_14_09_20_IST_2020.jpg><img src=Thu_Aug_20_14_09_20_IST_2020.jpg height=200 width=200></img></a>  </system-out>
  <testcase name="verifyClickingTheWebinars" time="12.195" classname="com.OSMOSE.testcases.OULogin"/>
  <system-out>
Click to see Screenshot <a target="_blank" href=Thu_Aug_20_14_09_33_IST_2020.jpg>Screenshot</a> <br> <br> <a target="_blank" href=Thu_Aug_20_14_09_33_IST_2020.jpg><img src=Thu_Aug_20_14_09_33_IST_2020.jpg height=200 width=200></img></a>  </system-out>
  <testcase name="verifyOClacTrainingButton" time="13.146" classname="com.OSMOSE.testcases.OULogin"/>
  <system-out>
Click to see Screenshot <a target="_blank" href=Thu_Aug_20_14_09_46_IST_2020.jpg>Screenshot</a> <br> <br> <a target="_blank" href=Thu_Aug_20_14_09_46_IST_2020.jpg><img src=Thu_Aug_20_14_09_46_IST_2020.jpg height=200 width=200></img></a>  </system-out>
  <testcase name="verifyContactAndStray" classname="com.OSMOSE.testcases.OULogin">
    <skipped/>
  </testcase> <!-- verifyContactAndStray -->
  <system-out/>
  <testcase name="verifySteelStructuresProtected" classname="com.OSMOSE.testcases.OULogin">
    <skipped/>
  </testcase> <!-- verifySteelStructuresProtected -->
  <system-out/>
  <testcase name="steelStructuresProtectedMOREINFOREGISTRATION" classname="com.OSMOSE.testcases.OULogin">
    <skipped/>
  </testcase> <!-- steelStructuresProtectedMOREINFOREGISTRATION -->
  <system-out/>
  <testcase name="verifyUpcomingWebinarsPage" classname="com.OSMOSE.testcases.OULogin">
    <skipped/>
  </testcase> <!-- verifyUpcomingWebinarsPage -->
  <system-out/>
  <testcase name="ContactAndStrayMOREINFOREGISTRATION" classname="com.OSMOSE.testcases.OULogin">
    <skipped/>
  </testcase> <!-- ContactAndStrayMOREINFOREGISTRATION -->
  <system-out/>
</testsuite> <!-- com.OSMOSE.testcases.OULogin -->
