<?xml version="1.0" encoding="UTF-8"?>
<!-- Generated by org.testng.reporters.JUnitReportReporter -->
<testsuite skipped="3" hostname="5CG6323N27" name="com.OSMOSE.testcases.Product" tests="88" failures="0" timestamp="2020-08-27T14:47:08 IST" time="1715.146" errors="0">
  <testcase name="verifyTheProductLink" time="3.489" classname="com.OSMOSE.testcases.Product"/>
  <system-out>
Click to see Screenshot <a target="_blank" href=Thu_Aug_27_14_18_00_IST_2020.jpg>Screenshot</a> <br> <br> <a target="_blank" href=Thu_Aug_27_14_18_00_IST_2020.jpg><img src=Thu_Aug_27_14_18_00_IST_2020.jpg height=200 width=200></img></a>  </system-out>
  <testcase name="searchElementPresent" time="50.062" classname="com.OSMOSE.testcases.Product"/>
  <system-out>
Click to see Screenshot <a target="_blank" href=Thu_Aug_27_14_18_50_IST_2020.jpg>Screenshot</a> <br> <br> <a target="_blank" href=Thu_Aug_27_14_18_50_IST_2020.jpg><img src=Thu_Aug_27_14_18_50_IST_2020.jpg height=200 width=200></img></a>  </system-out>
  <testcase name="catalogElementPresent" time="0.032" classname="com.OSMOSE.testcases.Product"/>
  <system-out>
Click to see Screenshot <a target="_blank" href=Thu_Aug_27_14_18_51_IST_2020.jpg>Screenshot</a> <br> <br> <a target="_blank" href=Thu_Aug_27_14_18_51_IST_2020.jpg><img src=Thu_Aug_27_14_18_51_IST_2020.jpg height=200 width=200></img></a>  </system-out>
  <testcase name="openMyQuotesElementPresent" time="0.029" classname="com.OSMOSE.testcases.Product"/>
  <system-out>
Click to see Screenshot <a target="_blank" href=Thu_Aug_27_14_18_51_IST_2020.jpg>Screenshot</a> <br> <br> <a target="_blank" href=Thu_Aug_27_14_18_51_IST_2020.jpg><img src=Thu_Aug_27_14_18_51_IST_2020.jpg height=200 width=200></img></a>  </system-out>
  <testcase name="shoppingCartElementPresent" time="0.039" classname="com.OSMOSE.testcases.Product"/>
  <system-out>
Click to see Screenshot <a target="_blank" href=Thu_Aug_27_14_18_52_IST_2020.jpg>Screenshot</a> <br> <br> <a target="_blank" href=Thu_Aug_27_14_18_52_IST_2020.jpg><img src=Thu_Aug_27_14_18_52_IST_2020.jpg height=200 width=200></img></a>  </system-out>
  <testcase name="adminElementPresent" time="0.071" classname="com.OSMOSE.testcases.Product"/>
  <system-out>
Click to see Screenshot <a target="_blank" href=Thu_Aug_27_14_18_52_IST_2020.jpg>Screenshot</a> <br> <br> <a target="_blank" href=Thu_Aug_27_14_18_52_IST_2020.jpg><img src=Thu_Aug_27_14_18_52_IST_2020.jpg height=200 width=200></img></a>  </system-out>
  <testcase name="viewDetailsElementPresent" time="0.029" classname="com.OSMOSE.testcases.Product"/>
  <system-out>
Click to see Screenshot <a target="_blank" href=Thu_Aug_27_14_18_53_IST_2020.jpg>Screenshot</a> <br> <br> <a target="_blank" href=Thu_Aug_27_14_18_53_IST_2020.jpg><img src=Thu_Aug_27_14_18_53_IST_2020.jpg height=200 width=200></img></a>  </system-out>
  <testcase name="allSixProductPresent" time="0.025" classname="com.OSMOSE.testcases.Product"/>
  <system-out>
Click to see Screenshot <a target="_blank" href=Thu_Aug_27_14_18_53_IST_2020.jpg>Screenshot</a> <br> <br> <a target="_blank" href=Thu_Aug_27_14_18_53_IST_2020.jpg><img src=Thu_Aug_27_14_18_53_IST_2020.jpg height=200 width=200></img></a>  </system-out>
  <testcase name="sliderItemPresent" time="0.091" classname="com.OSMOSE.testcases.Product"/>
  <system-out>
Click to see Screenshot <a target="_blank" href=Thu_Aug_27_14_18_53_IST_2020.jpg>Screenshot</a> <br> <br> <a target="_blank" href=Thu_Aug_27_14_18_53_IST_2020.jpg><img src=Thu_Aug_27_14_18_53_IST_2020.jpg height=200 width=200></img></a>  </system-out>
  <testcase name="verifyCategoryFilter" time="50.027" classname="com.OSMOSE.testcases.Product"/>
  <system-out>
Click to see Screenshot <a target="_blank" href=Thu_Aug_27_14_19_44_IST_2020.jpg>Screenshot</a> <br> <br> <a target="_blank" href=Thu_Aug_27_14_19_44_IST_2020.jpg><img src=Thu_Aug_27_14_19_44_IST_2020.jpg height=200 width=200></img></a>  </system-out>
  <testcase name="VerifyFPImageClick" time="51.537" classname="com.OSMOSE.testcases.Product"/>
  <system-out>
Click to see Screenshot <a target="_blank" href=Thu_Aug_27_14_20_36_IST_2020.jpg>Screenshot</a> <br> <br> <a target="_blank" href=Thu_Aug_27_14_20_36_IST_2020.jpg><img src=Thu_Aug_27_14_20_36_IST_2020.jpg height=200 width=200></img></a>  </system-out>
  <testcase name="verifyViewDetail" time="8.399" classname="com.OSMOSE.testcases.Product"/>
  <system-out>
Click to see Screenshot <a target="_blank" href=Thu_Aug_27_14_20_45_IST_2020.jpg>Screenshot</a> <br> <br> <a target="_blank" href=Thu_Aug_27_14_20_45_IST_2020.jpg><img src=Thu_Aug_27_14_20_45_IST_2020.jpg height=200 width=200></img></a>  </system-out>
  <testcase name="VerifyProductclick" time="14.953" classname="com.OSMOSE.testcases.Product"/>
  <system-out>
Click to see Screenshot <a target="_blank" href=Thu_Aug_27_14_21_00_IST_2020.jpg>Screenshot</a> <br> <br> <a target="_blank" href=Thu_Aug_27_14_21_00_IST_2020.jpg><img src=Thu_Aug_27_14_21_00_IST_2020.jpg height=200 width=200></img></a>  </system-out>
  <testcase name="AddQuantityandverifyCellNumber" time="17.886" classname="com.OSMOSE.testcases.Product"/>
  <system-out>
Click to see Screenshot <a target="_blank" href=Thu_Aug_27_14_21_19_IST_2020.jpg>Screenshot</a> <br> <br> <a target="_blank" href=Thu_Aug_27_14_21_19_IST_2020.jpg><img src=Thu_Aug_27_14_21_19_IST_2020.jpg height=200 width=200></img></a>  </system-out>
  <testcase name="FeaturedProductPoleRestoration" time="12.331" classname="com.OSMOSE.testcases.Product"/>
  <system-out>
Click to see Screenshot <a target="_blank" href=Thu_Aug_27_14_21_31_IST_2020.jpg>Screenshot</a> <br> <br> <a target="_blank" href=Thu_Aug_27_14_21_31_IST_2020.jpg><img src=Thu_Aug_27_14_21_31_IST_2020.jpg height=200 width=200></img></a>  </system-out>
  <testcase name="verifyTheSearchfirstname" time="13.647" classname="com.OSMOSE.testcases.Product"/>
  <system-out>
Click to see Screenshot <a target="_blank" href=Thu_Aug_27_14_21_45_IST_2020.jpg>Screenshot</a> <br> <br> <a target="_blank" href=Thu_Aug_27_14_21_45_IST_2020.jpg><img src=Thu_Aug_27_14_21_45_IST_2020.jpg height=200 width=200></img></a>  </system-out>
  <testcase name="verifyTheSearchFullname" time="12.473" classname="com.OSMOSE.testcases.Product"/>
  <system-out>
Click to see Screenshot <a target="_blank" href=Thu_Aug_27_14_21_58_IST_2020.jpg>Screenshot</a> <br> <br> <a target="_blank" href=Thu_Aug_27_14_21_58_IST_2020.jpg><img src=Thu_Aug_27_14_21_58_IST_2020.jpg height=200 width=200></img></a>  </system-out>
  <testcase name="verifyTheSearchOneAlphabet" time="22.275" classname="com.OSMOSE.testcases.Product"/>
  <system-out>
Click to see Screenshot <a target="_blank" href=Thu_Aug_27_14_22_21_IST_2020.jpg>Screenshot</a> <br> <br> <a target="_blank" href=Thu_Aug_27_14_22_21_IST_2020.jpg><img src=Thu_Aug_27_14_22_21_IST_2020.jpg height=200 width=200></img></a>  </system-out>
  <testcase name="verifyTheSearchCrossButton" time="14.318" classname="com.OSMOSE.testcases.Product"/>
  <system-out>
Click to see Screenshot <a target="_blank" href=Thu_Aug_27_14_22_36_IST_2020.jpg>Screenshot</a> <br> <br> <a target="_blank" href=Thu_Aug_27_14_22_36_IST_2020.jpg><img src=Thu_Aug_27_14_22_36_IST_2020.jpg height=200 width=200></img></a>  </system-out>
  <testcase name="verifyTheValidationmessage" time="13.361" classname="com.OSMOSE.testcases.Product"/>
  <system-out>
Click to see Screenshot <a target="_blank" href=Thu_Aug_27_14_22_50_IST_2020.jpg>Screenshot</a> <br> <br> <a target="_blank" href=Thu_Aug_27_14_22_50_IST_2020.jpg><img src=Thu_Aug_27_14_22_50_IST_2020.jpg height=200 width=200></img></a>  </system-out>
  <testcase name="ReturnPolicy" time="10.232" classname="com.OSMOSE.testcases.Product"/>
  <system-out>
Click to see Screenshot <a target="_blank" href=Thu_Aug_27_14_23_00_IST_2020.jpg>Screenshot</a> <br> <br> <a target="_blank" href=Thu_Aug_27_14_23_00_IST_2020.jpg><img src=Thu_Aug_27_14_23_00_IST_2020.jpg height=200 width=200></img></a>  </system-out>
  <testcase name="verifyAddShoppingCarttext" time="18.287" classname="com.OSMOSE.testcases.Product"/>
  <system-out>
Click to see Screenshot <a target="_blank" href=Thu_Aug_27_14_23_19_IST_2020.jpg>Screenshot</a> <br> <br> <a target="_blank" href=Thu_Aug_27_14_23_19_IST_2020.jpg><img src=Thu_Aug_27_14_23_19_IST_2020.jpg height=200 width=200></img></a>  </system-out>
  <testcase name="AddShoppingCart" time="5.245" classname="com.OSMOSE.testcases.Product"/>
  <system-out>
Click to see Screenshot <a target="_blank" href=Thu_Aug_27_14_23_24_IST_2020.jpg>Screenshot</a> <br> <br> <a target="_blank" href=Thu_Aug_27_14_23_24_IST_2020.jpg><img src=Thu_Aug_27_14_23_24_IST_2020.jpg height=200 width=200></img></a>  </system-out>
  <testcase name="VerifyCrossicononhoppingCart" time="1.033" classname="com.OSMOSE.testcases.Product"/>
  <system-out>
Click to see Screenshot <a target="_blank" href=Thu_Aug_27_14_23_26_IST_2020.jpg>Screenshot</a> <br> <br> <a target="_blank" href=Thu_Aug_27_14_23_26_IST_2020.jpg><img src=Thu_Aug_27_14_23_26_IST_2020.jpg height=200 width=200></img></a>  </system-out>
  <testcase name="VerifyCrossicononhoppingCart_Differentitem" time="9.163" classname="com.OSMOSE.testcases.Product"/>
  <system-out>
Click to see Screenshot <a target="_blank" href=Thu_Aug_27_14_23_35_IST_2020.jpg>Screenshot</a> <br> <br> <a target="_blank" href=Thu_Aug_27_14_23_35_IST_2020.jpg><img src=Thu_Aug_27_14_23_35_IST_2020.jpg height=200 width=200></img></a>  </system-out>
  <testcase name="VerifyAddShopping_Sameitem" time="8.634" classname="com.OSMOSE.testcases.Product"/>
  <system-out>
Click to see Screenshot <a target="_blank" href=Thu_Aug_27_14_23_44_IST_2020.jpg>Screenshot</a> <br> <br> <a target="_blank" href=Thu_Aug_27_14_23_44_IST_2020.jpg><img src=Thu_Aug_27_14_23_44_IST_2020.jpg height=200 width=200></img></a>  </system-out>
  <testcase name="DeleteQuanityinShoppingCart" time="5.140" classname="com.OSMOSE.testcases.Product"/>
  <system-out>
Click to see Screenshot <a target="_blank" href=Thu_Aug_27_14_23_50_IST_2020.jpg>Screenshot</a> <br> <br> <a target="_blank" href=Thu_Aug_27_14_23_50_IST_2020.jpg><img src=Thu_Aug_27_14_23_50_IST_2020.jpg height=200 width=200></img></a>  </system-out>
  <testcase name="UpdateIncreaseQuanityinShoppingCart" time="12.169" classname="com.OSMOSE.testcases.Product"/>
  <system-out>
Click to see Screenshot <a target="_blank" href=Thu_Aug_27_14_24_02_IST_2020.jpg>Screenshot</a> <br> <br> <a target="_blank" href=Thu_Aug_27_14_24_02_IST_2020.jpg><img src=Thu_Aug_27_14_24_02_IST_2020.jpg height=200 width=200></img></a>  </system-out>
  <testcase name="UpdateDecreaseQuanityinShoppingCart" time="28.243" classname="com.OSMOSE.testcases.Product"/>
  <system-out>
Click to see Screenshot <a target="_blank" href=Thu_Aug_27_14_24_31_IST_2020.jpg>Screenshot</a> <br> <br> <a target="_blank" href=Thu_Aug_27_14_24_31_IST_2020.jpg><img src=Thu_Aug_27_14_24_31_IST_2020.jpg height=200 width=200></img></a>  </system-out>
  <testcase name="CreateQuote" time="8.460" classname="com.OSMOSE.testcases.Product"/>
  <system-out>
Click to see Screenshot <a target="_blank" href=Thu_Aug_27_14_24_40_IST_2020.jpg>Screenshot</a> <br> <br> <a target="_blank" href=Thu_Aug_27_14_24_40_IST_2020.jpg><img src=Thu_Aug_27_14_24_40_IST_2020.jpg height=200 width=200></img></a>  </system-out>
  <testcase name="CreateQuote_Comments" time="8.520" classname="com.OSMOSE.testcases.Product"/>
  <system-out>
Click to see Screenshot <a target="_blank" href=Thu_Aug_27_14_24_49_IST_2020.jpg>Screenshot</a> <br> <br> <a target="_blank" href=Thu_Aug_27_14_24_49_IST_2020.jpg><img src=Thu_Aug_27_14_24_49_IST_2020.jpg height=200 width=200></img></a>  </system-out>
  <testcase name="CreateQuote_ZipCode" time="8.230" classname="com.OSMOSE.testcases.Product"/>
  <system-out>
Click to see Screenshot <a target="_blank" href=Thu_Aug_27_14_24_57_IST_2020.jpg>Screenshot</a> <br> <br> <a target="_blank" href=Thu_Aug_27_14_24_57_IST_2020.jpg><img src=Thu_Aug_27_14_24_57_IST_2020.jpg height=200 width=200></img></a>  </system-out>
  <testcase name="CreateQuote_Attachment" time="9.538" classname="com.OSMOSE.testcases.Product"/>
  <system-out>
Click to see Screenshot <a target="_blank" href=Thu_Aug_27_14_25_07_IST_2020.jpg>Screenshot</a> <br> <br> <a target="_blank" href=Thu_Aug_27_14_25_07_IST_2020.jpg><img src=Thu_Aug_27_14_25_07_IST_2020.jpg height=200 width=200></img></a>  </system-out>
  <testcase name="ClickShoppingCartIcon" time="10.223" classname="com.OSMOSE.testcases.Product"/>
  <system-out>
Click to see Screenshot <a target="_blank" href=Thu_Aug_27_14_25_18_IST_2020.jpg>Screenshot</a> <br> <br> <a target="_blank" href=Thu_Aug_27_14_25_18_IST_2020.jpg><img src=Thu_Aug_27_14_25_18_IST_2020.jpg height=200 width=200></img></a>  </system-out>
  <testcase name="ClickShoppingViewCartbutton" time="8.196" classname="com.OSMOSE.testcases.Product"/>
  <system-out>
Click to see Screenshot <a target="_blank" href=Thu_Aug_27_14_25_26_IST_2020.jpg>Screenshot</a> <br> <br> <a target="_blank" href=Thu_Aug_27_14_25_26_IST_2020.jpg><img src=Thu_Aug_27_14_25_26_IST_2020.jpg height=200 width=200></img></a>  </system-out>
  <testcase name="ClickShoppingSubmitCartbutton" time="8.362" classname="com.OSMOSE.testcases.Product"/>
  <system-out>
Click to see Screenshot <a target="_blank" href=Thu_Aug_27_14_25_35_IST_2020.jpg>Screenshot</a> <br> <br> <a target="_blank" href=Thu_Aug_27_14_25_35_IST_2020.jpg><img src=Thu_Aug_27_14_25_35_IST_2020.jpg height=200 width=200></img></a>  </system-out>
  <testcase name="verifyUpdatedQuantityOnOverlay" time="10.734" classname="com.OSMOSE.testcases.Product"/>
  <system-out>
Click to see Screenshot <a target="_blank" href=Thu_Aug_27_14_25_46_IST_2020.jpg>Screenshot</a> <br> <br> <a target="_blank" href=Thu_Aug_27_14_25_46_IST_2020.jpg><img src=Thu_Aug_27_14_25_46_IST_2020.jpg height=200 width=200></img></a>  </system-out>
  <testcase name="MyQuotes_96421" time="6.729" classname="com.OSMOSE.testcases.Product"/>
  <system-out>
Click to see Screenshot <a target="_blank" href=Thu_Aug_27_14_25_53_IST_2020.jpg>Screenshot</a> <br> <br> <a target="_blank" href=Thu_Aug_27_14_25_53_IST_2020.jpg><img src=Thu_Aug_27_14_25_53_IST_2020.jpg height=200 width=200></img></a>  </system-out>
  <testcase name="verifyStatusFilterAll" time="26.077" classname="com.OSMOSE.testcases.Product"/>
  <system-out>
Click to see Screenshot <a target="_blank" href=Thu_Aug_27_14_26_20_IST_2020.jpg>Screenshot</a> <br> <br> <a target="_blank" href=Thu_Aug_27_14_26_20_IST_2020.jpg><img src=Thu_Aug_27_14_26_20_IST_2020.jpg height=200 width=200></img></a>  </system-out>
  <testcase name="verifyStatusFilterExpired" time="31.100" classname="com.OSMOSE.testcases.Product"/>
  <system-out>
Click to see Screenshot <a target="_blank" href=Thu_Aug_27_14_26_51_IST_2020.jpg>Screenshot</a> <br> <br> <a target="_blank" href=Thu_Aug_27_14_26_51_IST_2020.jpg><img src=Thu_Aug_27_14_26_51_IST_2020.jpg height=200 width=200></img></a>  </system-out>
  <testcase name="verifyStatusFilterOrdered" time="41.036" classname="com.OSMOSE.testcases.Product"/>
  <system-out>
Click to see Screenshot <a target="_blank" href=Thu_Aug_27_14_27_33_IST_2020.jpg>Screenshot</a> <br> <br> <a target="_blank" href=Thu_Aug_27_14_27_33_IST_2020.jpg><img src=Thu_Aug_27_14_27_33_IST_2020.jpg height=200 width=200></img></a>  </system-out>
  <testcase name="verifyStatusFilterQuoted" time="41.052" classname="com.OSMOSE.testcases.Product"/>
  <system-out>
Click to see Screenshot <a target="_blank" href=Thu_Aug_27_14_28_14_IST_2020.jpg>Screenshot</a> <br> <br> <a target="_blank" href=Thu_Aug_27_14_28_14_IST_2020.jpg><img src=Thu_Aug_27_14_28_14_IST_2020.jpg height=200 width=200></img></a>  </system-out>
  <testcase name="verifyStatusFilterQuotePending" time="41.122" classname="com.OSMOSE.testcases.Product"/>
  <system-out>
Click to see Screenshot <a target="_blank" href=Thu_Aug_27_14_28_56_IST_2020.jpg>Screenshot</a> <br> <br> <a target="_blank" href=Thu_Aug_27_14_28_56_IST_2020.jpg><img src=Thu_Aug_27_14_28_56_IST_2020.jpg height=200 width=200></img></a>  </system-out>
  <testcase name="verifyStatusFilterCancelled" time="41.109" classname="com.OSMOSE.testcases.Product"/>
  <system-out>
Click to see Screenshot <a target="_blank" href=Thu_Aug_27_14_29_38_IST_2020.jpg>Screenshot</a> <br> <br> <a target="_blank" href=Thu_Aug_27_14_29_38_IST_2020.jpg><img src=Thu_Aug_27_14_29_38_IST_2020.jpg height=200 width=200></img></a>  </system-out>
  <testcase name="verifyStatusFilterOrderRequested" time="36.074" classname="com.OSMOSE.testcases.Product"/>
  <system-out>
Click to see Screenshot <a target="_blank" href=Thu_Aug_27_14_30_14_IST_2020.jpg>Screenshot</a> <br> <br> <a target="_blank" href=Thu_Aug_27_14_30_14_IST_2020.jpg><img src=Thu_Aug_27_14_30_14_IST_2020.jpg height=200 width=200></img></a>  </system-out>
  <testcase name="SortBydd" time="9.295" classname="com.OSMOSE.testcases.Product"/>
  <system-out>
Click to see Screenshot <a target="_blank" href=Thu_Aug_27_14_30_24_IST_2020.jpg>Screenshot</a> <br> <br> <a target="_blank" href=Thu_Aug_27_14_30_24_IST_2020.jpg><img src=Thu_Aug_27_14_30_24_IST_2020.jpg height=200 width=200></img></a>  </system-out>
  <testcase name="HomepageCarticon" time="14.661" classname="com.OSMOSE.testcases.Product"/>
  <system-out>
Click to see Screenshot <a target="_blank" href=Thu_Aug_27_14_30_39_IST_2020.jpg>Screenshot</a> <br> <br> <a target="_blank" href=Thu_Aug_27_14_30_39_IST_2020.jpg><img src=Thu_Aug_27_14_30_39_IST_2020.jpg height=200 width=200></img></a>  </system-out>
  <testcase name="ClickManageQuotesLink" time="3.367" classname="com.OSMOSE.testcases.Product"/>
  <system-out>
Click to see Screenshot <a target="_blank" href=Thu_Aug_27_14_30_43_IST_2020.jpg>Screenshot</a> <br> <br> <a target="_blank" href=Thu_Aug_27_14_30_43_IST_2020.jpg><img src=Thu_Aug_27_14_30_43_IST_2020.jpg height=200 width=200></img></a>  </system-out>
  <testcase name="VerifyUIonClickQuoteID" time="4.551" classname="com.OSMOSE.testcases.Product"/>
  <system-out>
Click to see Screenshot <a target="_blank" href=Thu_Aug_27_14_30_48_IST_2020.jpg>Screenshot</a> <br> <br> <a target="_blank" href=Thu_Aug_27_14_30_48_IST_2020.jpg><img src=Thu_Aug_27_14_30_48_IST_2020.jpg height=200 width=200></img></a>  </system-out>
  <testcase name="SubmitQuotewithOrderedstatus" time="9.339" classname="com.OSMOSE.testcases.Product"/>
  <system-out>
Click to see Screenshot <a target="_blank" href=Thu_Aug_27_14_30_57_IST_2020.jpg>Screenshot</a> <br> <br> <a target="_blank" href=Thu_Aug_27_14_30_57_IST_2020.jpg><img src=Thu_Aug_27_14_30_57_IST_2020.jpg height=200 width=200></img></a>  </system-out>
  <testcase name="SubmitQuotewithQuotePendingstatus" time="18.715" classname="com.OSMOSE.testcases.Product"/>
  <system-out>
Click to see Screenshot <a target="_blank" href=Thu_Aug_27_14_31_16_IST_2020.jpg>Screenshot</a> <br> <br> <a target="_blank" href=Thu_Aug_27_14_31_16_IST_2020.jpg><img src=Thu_Aug_27_14_31_16_IST_2020.jpg height=200 width=200></img></a>  </system-out>
  <testcase name="SubmitQuotewithMoreThan20mbFile" time="27.444" classname="com.OSMOSE.testcases.Product"/>
  <system-out>
Click to see Screenshot <a target="_blank" href=Thu_Aug_27_14_31_44_IST_2020.jpg>Screenshot</a> <br> <br> <a target="_blank" href=Thu_Aug_27_14_31_44_IST_2020.jpg><img src=Thu_Aug_27_14_31_44_IST_2020.jpg height=200 width=200></img></a>  </system-out>
  <testcase name="SubmitQuotewithInvalidFileType" time="25.430" classname="com.OSMOSE.testcases.Product"/>
  <system-out>
Click to see Screenshot <a target="_blank" href=Thu_Aug_27_14_32_10_IST_2020.jpg>Screenshot</a> <br> <br> <a target="_blank" href=Thu_Aug_27_14_32_10_IST_2020.jpg><img src=Thu_Aug_27_14_32_10_IST_2020.jpg height=200 width=200></img></a>  </system-out>
  <testcase name="SubmitQuotewithQuoteCancelledstatus" time="12.725" classname="com.OSMOSE.testcases.Product"/>
  <system-out>
Click to see Screenshot <a target="_blank" href=Thu_Aug_27_14_32_23_IST_2020.jpg>Screenshot</a> <br> <br> <a target="_blank" href=Thu_Aug_27_14_32_23_IST_2020.jpg><img src=Thu_Aug_27_14_32_23_IST_2020.jpg height=200 width=200></img></a>  </system-out>
  <testcase name="SubmitQuotewithQuotedstatus" time="32.132" classname="com.OSMOSE.testcases.Product"/>
  <system-out>
Click to see Screenshot <a target="_blank" href=Thu_Aug_27_14_32_56_IST_2020.jpg>Screenshot</a> <br> <br> <a target="_blank" href=Thu_Aug_27_14_32_56_IST_2020.jpg><img src=Thu_Aug_27_14_32_56_IST_2020.jpg height=200 width=200></img></a>  </system-out>
  <testcase name="SubmitQuotewithOrderRequestedstatus" time="9.407" classname="com.OSMOSE.testcases.Product"/>
  <system-out>
Click to see Screenshot <a target="_blank" href=Thu_Aug_27_14_33_05_IST_2020.jpg>Screenshot</a> <br> <br> <a target="_blank" href=Thu_Aug_27_14_33_05_IST_2020.jpg><img src=Thu_Aug_27_14_33_05_IST_2020.jpg height=200 width=200></img></a>  </system-out>
  <testcase name="SubmitQuotewithExpiredstatus" time="9.258" classname="com.OSMOSE.testcases.Product"/>
  <system-out>
Click to see Screenshot <a target="_blank" href=Thu_Aug_27_14_33_15_IST_2020.jpg>Screenshot</a> <br> <br> <a target="_blank" href=Thu_Aug_27_14_33_15_IST_2020.jpg><img src=Thu_Aug_27_14_33_15_IST_2020.jpg height=200 width=200></img></a>  </system-out>
  <testcase name="ClickManageProducts" time="2.288" classname="com.OSMOSE.testcases.Product"/>
  <system-out>
Click to see Screenshot <a target="_blank" href=Thu_Aug_27_14_33_18_IST_2020.jpg>Screenshot</a> <br> <br> <a target="_blank" href=Thu_Aug_27_14_33_18_IST_2020.jpg><img src=Thu_Aug_27_14_33_18_IST_2020.jpg height=200 width=200></img></a>  </system-out>
  <testcase name="ClickDownloadProducts" time="7.207" classname="com.OSMOSE.testcases.Product"/>
  <system-out>
Click to see Screenshot <a target="_blank" href=Thu_Aug_27_14_33_25_IST_2020.jpg>Screenshot</a> <br> <br> <a target="_blank" href=Thu_Aug_27_14_33_25_IST_2020.jpg><img src=Thu_Aug_27_14_33_25_IST_2020.jpg height=200 width=200></img></a>  </system-out>
  <testcase name="ClickProductsinReview" time="2.159" classname="com.OSMOSE.testcases.Product"/>
  <system-out>
Click to see Screenshot <a target="_blank" href=Thu_Aug_27_14_33_28_IST_2020.jpg>Screenshot</a> <br> <br> <a target="_blank" href=Thu_Aug_27_14_33_28_IST_2020.jpg><img src=Thu_Aug_27_14_33_28_IST_2020.jpg height=200 width=200></img></a>  </system-out>
  <testcase name="ClickReview" time="7.970" classname="com.OSMOSE.testcases.Product"/>
  <system-out>
Click to see Screenshot <a target="_blank" href=Thu_Aug_27_14_33_36_IST_2020.jpg>Screenshot</a> <br> <br> <a target="_blank" href=Thu_Aug_27_14_33_36_IST_2020.jpg><img src=Thu_Aug_27_14_33_36_IST_2020.jpg height=200 width=200></img></a>  </system-out>
  <testcase name="ClickApprove" time="9.204" classname="com.OSMOSE.testcases.Product"/>
  <system-out>
Click to see Screenshot <a target="_blank" href=Thu_Aug_27_14_33_46_IST_2020.jpg>Screenshot</a> <br> <br> <a target="_blank" href=Thu_Aug_27_14_33_46_IST_2020.jpg><img src=Thu_Aug_27_14_33_46_IST_2020.jpg height=200 width=200></img></a>  </system-out>
  <testcase name="ClickReject" time="9.379" classname="com.OSMOSE.testcases.Product"/>
  <system-out>
Click to see Screenshot <a target="_blank" href=Thu_Aug_27_14_33_56_IST_2020.jpg>Screenshot</a> <br> <br> <a target="_blank" href=Thu_Aug_27_14_33_56_IST_2020.jpg><img src=Thu_Aug_27_14_33_56_IST_2020.jpg height=200 width=200></img></a>  </system-out>
  <testcase name="ClickUploadProducts" time="10.334" classname="com.OSMOSE.testcases.Product"/>
  <system-out>
Click to see Screenshot <a target="_blank" href=Thu_Aug_27_14_34_07_IST_2020.jpg>Screenshot</a> <br> <br> <a target="_blank" href=Thu_Aug_27_14_34_07_IST_2020.jpg><img src=Thu_Aug_27_14_34_07_IST_2020.jpg height=200 width=200></img></a>  </system-out>
  <testcase name="ClickDictionaryLink" time="40.014" classname="com.OSMOSE.testcases.Product"/>
  <system-out>
Click to see Screenshot <a target="_blank" href=Thu_Aug_27_14_34_47_IST_2020.jpg>Screenshot</a> <br> <br> <a target="_blank" href=Thu_Aug_27_14_34_47_IST_2020.jpg><img src=Thu_Aug_27_14_34_47_IST_2020.jpg height=200 width=200></img></a>  </system-out>
  <testcase name="VerifyUIonApprove" time="114.327" classname="com.OSMOSE.testcases.Product"/>
  <system-out>
Click to see Screenshot <a target="_blank" href=Thu_Aug_27_14_36_42_IST_2020.jpg>Screenshot</a> <br> <br> <a target="_blank" href=Thu_Aug_27_14_36_42_IST_2020.jpg><img src=Thu_Aug_27_14_36_42_IST_2020.jpg height=200 width=200></img></a>  </system-out>
  <testcase name="VerifyApprovebtndisabled" time="119.274" classname="com.OSMOSE.testcases.Product"/>
  <system-out>
Click to see Screenshot <a target="_blank" href=Thu_Aug_27_14_38_41_IST_2020.jpg>Screenshot</a> <br> <br> <a target="_blank" href=Thu_Aug_27_14_38_41_IST_2020.jpg><img src=Thu_Aug_27_14_38_41_IST_2020.jpg height=200 width=200></img></a>  </system-out>
  <testcase name="verifyThankyouPopup" time="125.587" classname="com.OSMOSE.testcases.Product"/>
  <system-out>
Click to see Screenshot <a target="_blank" href=Thu_Aug_27_14_40_47_IST_2020.jpg>Screenshot</a> <br> <br> <a target="_blank" href=Thu_Aug_27_14_40_47_IST_2020.jpg><img src=Thu_Aug_27_14_40_47_IST_2020.jpg height=200 width=200></img></a>  </system-out>
  <testcase name="verifyCancelwhileREQuoting" time="39.383" classname="com.OSMOSE.testcases.Product"/>
  <system-out>
Click to see Screenshot <a target="_blank" href=Thu_Aug_27_14_41_27_IST_2020.jpg>Screenshot</a> <br> <br> <a target="_blank" href=Thu_Aug_27_14_41_27_IST_2020.jpg><img src=Thu_Aug_27_14_41_27_IST_2020.jpg height=200 width=200></img></a>  </system-out>
  <testcase name="verifySubmitwhileREQuoting" time="58.664" classname="com.OSMOSE.testcases.Product"/>
  <system-out>
Click to see Screenshot <a target="_blank" href=Thu_Aug_27_14_42_26_IST_2020.jpg>Screenshot</a> <br> <br> <a target="_blank" href=Thu_Aug_27_14_42_26_IST_2020.jpg><img src=Thu_Aug_27_14_42_26_IST_2020.jpg height=200 width=200></img></a>  </system-out>
  <testcase name="verifyAddToCartWhileReQuoting" time="71.334" classname="com.OSMOSE.testcases.Product"/>
  <system-out>
Click to see Screenshot <a target="_blank" href=Thu_Aug_27_14_43_38_IST_2020.jpg>Screenshot</a> <br> <br> <a target="_blank" href=Thu_Aug_27_14_43_38_IST_2020.jpg><img src=Thu_Aug_27_14_43_38_IST_2020.jpg height=200 width=200></img></a>  </system-out>
  <testcase name="verifyExclamationOnMyQuotes" time="20.408" classname="com.OSMOSE.testcases.Product"/>
  <system-out>
Click to see Screenshot <a target="_blank" href=Thu_Aug_27_14_43_59_IST_2020.jpg>Screenshot</a> <br> <br> <a target="_blank" href=Thu_Aug_27_14_43_59_IST_2020.jpg><img src=Thu_Aug_27_14_43_59_IST_2020.jpg height=200 width=200></img></a>  </system-out>
  <testcase name="VerifyShoppingAddbtndisabled" time="4.876" classname="com.OSMOSE.testcases.Product"/>
  <system-out>
Click to see Screenshot <a target="_blank" href=Thu_Aug_27_14_44_04_IST_2020.jpg>Screenshot</a> <br> <br> <a target="_blank" href=Thu_Aug_27_14_44_04_IST_2020.jpg><img src=Thu_Aug_27_14_44_04_IST_2020.jpg height=200 width=200></img></a>  </system-out>
  <testcase name="VerifyShoppingCarrtAddbtnDisabledclearqty" time="5.133" classname="com.OSMOSE.testcases.Product"/>
  <system-out>
Click to see Screenshot <a target="_blank" href=Thu_Aug_27_14_44_10_IST_2020.jpg>Screenshot</a> <br> <br> <a target="_blank" href=Thu_Aug_27_14_44_10_IST_2020.jpg><img src=Thu_Aug_27_14_44_10_IST_2020.jpg height=200 width=200></img></a>  </system-out>
  <testcase name="verifyCartIconCount" time="16.209" classname="com.OSMOSE.testcases.Product"/>
  <system-out>
Click to see Screenshot <a target="_blank" href=Thu_Aug_27_14_44_26_IST_2020.jpg>Screenshot</a> <br> <br> <a target="_blank" href=Thu_Aug_27_14_44_26_IST_2020.jpg><img src=Thu_Aug_27_14_44_26_IST_2020.jpg height=200 width=200></img></a>  </system-out>
  <testcase name="VerifyShoppingCarrtMinMaxqty" time="11.771" classname="com.OSMOSE.testcases.Product"/>
  <system-out>
Click to see Screenshot <a target="_blank" href=Thu_Aug_27_14_44_38_IST_2020.jpg>Screenshot</a> <br> <br> <a target="_blank" href=Thu_Aug_27_14_44_38_IST_2020.jpg><img src=Thu_Aug_27_14_44_38_IST_2020.jpg height=200 width=200></img></a>  </system-out>
  <testcase name="GoBack" time="13.414" classname="com.OSMOSE.testcases.Product"/>
  <system-out>
Click to see Screenshot <a target="_blank" href=Thu_Aug_27_14_44_52_IST_2020.jpg>Screenshot</a> <br> <br> <a target="_blank" href=Thu_Aug_27_14_44_52_IST_2020.jpg><img src=Thu_Aug_27_14_44_52_IST_2020.jpg height=200 width=200></img></a>  </system-out>
  <testcase name="CreateQuote_MultipleAttachment" time="35.772" classname="com.OSMOSE.testcases.Product"/>
  <system-out>
Click to see Screenshot <a target="_blank" href=Thu_Aug_27_14_45_28_IST_2020.jpg>Screenshot</a> <br> <br> <a target="_blank" href=Thu_Aug_27_14_45_28_IST_2020.jpg><img src=Thu_Aug_27_14_45_28_IST_2020.jpg height=200 width=200></img></a>  </system-out>
  <testcase name="CreateQuote_UpdateeAttachment" time="10.775" classname="com.OSMOSE.testcases.Product"/>
  <system-out>
Click to see Screenshot <a target="_blank" href=Thu_Aug_27_14_45_39_IST_2020.jpg>Screenshot</a> <br> <br> <a target="_blank" href=Thu_Aug_27_14_45_39_IST_2020.jpg><img src=Thu_Aug_27_14_45_39_IST_2020.jpg height=200 width=200></img></a>  </system-out>
  <testcase name="SubmitQuotewithoutFile" time="18.426" classname="com.OSMOSE.testcases.Product"/>
  <system-out>
Click to see Screenshot <a target="_blank" href=Thu_Aug_27_14_45_58_IST_2020.jpg>Screenshot</a> <br> <br> <a target="_blank" href=Thu_Aug_27_14_45_58_IST_2020.jpg><img src=Thu_Aug_27_14_45_58_IST_2020.jpg height=200 width=200></img></a>  </system-out>
  <testcase name="VerifyAddingRelatedProductsToShoppingCart" time="17.680" classname="com.OSMOSE.testcases.Product"/>
  <system-out>
Click to see Screenshot <a target="_blank" href=Thu_Aug_27_14_46_16_IST_2020.jpg>Screenshot</a> <br> <br> <a target="_blank" href=Thu_Aug_27_14_46_16_IST_2020.jpg><img src=Thu_Aug_27_14_46_16_IST_2020.jpg height=200 width=200></img></a>  </system-out>
  <testcase name="VerifyTooltipForSizeDropDown" time="9.638" classname="com.OSMOSE.testcases.Product"/>
  <system-out>
Click to see Screenshot <a target="_blank" href=Thu_Aug_27_14_46_26_IST_2020.jpg>Screenshot</a> <br> <br> <a target="_blank" href=Thu_Aug_27_14_46_26_IST_2020.jpg><img src=Thu_Aug_27_14_46_26_IST_2020.jpg height=200 width=200></img></a>  </system-out>
  <testcase name="UpdateChangeProductAddToShoppingCart" time="15.314" classname="com.OSMOSE.testcases.Product"/>
  <system-out>
Click to see Screenshot <a target="_blank" href=Thu_Aug_27_14_46_42_IST_2020.jpg>Screenshot</a> <br> <br> <a target="_blank" href=Thu_Aug_27_14_46_42_IST_2020.jpg><img src=Thu_Aug_27_14_46_42_IST_2020.jpg height=200 width=200></img></a>  </system-out>
  <testcase name="verifyDeleteProductOnOverlay" time="8.371" classname="com.OSMOSE.testcases.Product"/>
  <system-out>
Click to see Screenshot <a target="_blank" href=Thu_Aug_27_14_46_51_IST_2020.jpg>Screenshot</a> <br> <br> <a target="_blank" href=Thu_Aug_27_14_46_51_IST_2020.jpg><img src=Thu_Aug_27_14_46_51_IST_2020.jpg height=200 width=200></img></a>  </system-out>
  <testcase name="MyQuotesComments_Collapse" time="14.129" classname="com.OSMOSE.testcases.Product"/>
  <system-out>
Click to see Screenshot <a target="_blank" href=Thu_Aug_27_14_47_05_IST_2020.jpg>Screenshot</a> <br> <br> <a target="_blank" href=Thu_Aug_27_14_47_05_IST_2020.jpg><img src=Thu_Aug_27_14_47_05_IST_2020.jpg height=200 width=200></img></a>  </system-out>
  <testcase name="verifyTheSearch" classname="com.OSMOSE.testcases.Product">
    <skipped/>
  </testcase> <!-- verifyTheSearch -->
  <system-out/>
  <testcase name="SubmitQuotewithNegativeExpireDays" classname="com.OSMOSE.testcases.Product">
    <skipped/>
  </testcase> <!-- SubmitQuotewithNegativeExpireDays -->
  <system-out/>
  <testcase name="verifyTheProductCart" classname="com.OSMOSE.testcases.Product">
    <skipped/>
  </testcase> <!-- verifyTheProductCart -->
  <system-out/>
</testsuite> <!-- com.OSMOSE.testcases.Product -->
