<?xml version="1.0" encoding="UTF-8"?>
<!-- Generated by org.testng.reporters.JUnitReportReporter -->
<testsuite skipped="0" hostname="5CG6323N27" name="com.OSMOSE.testcases.Contact" tests="16" failures="0" timestamp="2020-07-23T17:59:40 IST" time="83.723" errors="2">
  <testcase name="verifyContactUsMenuContents" time="1.167" classname="com.OSMOSE.testcases.Contact">
    <error type="org.openqa.selenium.ElementClickInterceptedException" message="element click intercepted: Element &lt;img data-v-508b05a4=&quot;&quot; src=&quot;https://osmose360content.blob.core.windows.net/osmose360/Osmose360-logo.png&quot; class=&quot;logo360&quot;&gt; is not clickable at point (176, 73). Other element would receive the click: &lt;div id=&quot;openMyquotes&quot; role=&quot;dialog&quot; aria-labelledby=&quot;openMyquotes___BV_modal_title_&quot; aria-describedby=&quot;openMyquotes___BV_modal_body_&quot; class=&quot;modal fade show&quot; aria-modal=&quot;true&quot; style=&quot;display: block;&quot;&gt;...&lt;/div&gt;
  (Session info: chrome=83.0.4103.116)
Build info: version: &#039;3.14.0&#039;, revision: &#039;aacccce0&#039;, time: &#039;2018-08-02T20:19:58.91Z&#039;
System info: host: &#039;5CG6323N27&#039;, ip: &#039;192.168.0.7&#039;, os.name: &#039;Windows 10&#039;, os.arch: &#039;amd64&#039;, os.version: &#039;10.0&#039;, java.version: &#039;1.8.0_191&#039;
Driver info: org.openqa.selenium.chrome.ChromeDriver
Capabilities {acceptInsecureCerts: false, browserName: chrome, browserVersion: 83.0.4103.116, chrome: {chromedriverVersion: 83.0.4103.39 (ccbf011cb2d2b..., userDataDir: C:\Windows\Temp\scoped_dir2...}, goog:chromeOptions: {debuggerAddress: localhost:53505}, javascriptEnabled: true, networkConnectionEnabled: false, pageLoadStrategy: none, platform: WINDOWS, platformName: WINDOWS, proxy: Proxy(), setWindowRect: true, strictFileInteractability: false, timeouts: {implicit: 0, pageLoad: 300000, script: 30000}, unhandledPromptBehavior: dismiss and notify, webauthn:virtualAuthenticators: true}
Session ID: 5576238e9e8395b61b887ac8a1a6373b">
      <![CDATA[org.openqa.selenium.ElementClickInterceptedException: element click intercepted: Element <img data-v-508b05a4="" src="https://osmose360content.blob.core.windows.net/osmose360/Osmose360-logo.png" class="logo360"> is not clickable at point (176, 73). Other element would receive the click: <div id="openMyquotes" role="dialog" aria-labelledby="openMyquotes___BV_modal_title_" aria-describedby="openMyquotes___BV_modal_body_" class="modal fade show" aria-modal="true" style="display: block;">...</div>
  (Session info: chrome=83.0.4103.116)
Build info: version: '3.14.0', revision: 'aacccce0', time: '2018-08-02T20:19:58.91Z'
System info: host: '5CG6323N27', ip: '192.168.0.7', os.name: 'Windows 10', os.arch: 'amd64', os.version: '10.0', java.version: '1.8.0_191'
Driver info: org.openqa.selenium.chrome.ChromeDriver
Capabilities {acceptInsecureCerts: false, browserName: chrome, browserVersion: 83.0.4103.116, chrome: {chromedriverVersion: 83.0.4103.39 (ccbf011cb2d2b..., userDataDir: C:\Windows\Temp\scoped_dir2...}, goog:chromeOptions: {debuggerAddress: localhost:53505}, javascriptEnabled: true, networkConnectionEnabled: false, pageLoadStrategy: none, platform: WINDOWS, platformName: WINDOWS, proxy: Proxy(), setWindowRect: true, strictFileInteractability: false, timeouts: {implicit: 0, pageLoad: 300000, script: 30000}, unhandledPromptBehavior: dismiss and notify, webauthn:virtualAuthenticators: true}
Session ID: 5576238e9e8395b61b887ac8a1a6373b
at sun.reflect.NativeConstructorAccessorImpl.newInstance0(Native Method)
at sun.reflect.NativeConstructorAccessorImpl.newInstance(Unknown Source)
at sun.reflect.DelegatingConstructorAccessorImpl.newInstance(Unknown Source)
at java.lang.reflect.Constructor.newInstance(Unknown Source)
at org.openqa.selenium.remote.http.W3CHttpResponseCodec.createException(W3CHttpResponseCodec.java:187)
at org.openqa.selenium.remote.http.W3CHttpResponseCodec.decode(W3CHttpResponseCodec.java:122)
at org.openqa.selenium.remote.http.W3CHttpResponseCodec.decode(W3CHttpResponseCodec.java:49)
at org.openqa.selenium.remote.HttpCommandExecutor.execute(HttpCommandExecutor.java:158)
at org.openqa.selenium.remote.service.DriverCommandExecutor.execute(DriverCommandExecutor.java:83)
at org.openqa.selenium.remote.RemoteWebDriver.execute(RemoteWebDriver.java:548)
at org.openqa.selenium.remote.RemoteWebElement.execute(RemoteWebElement.java:276)
at org.openqa.selenium.remote.RemoteWebElement.click(RemoteWebElement.java:83)
at com.OSMOSE.base.Page.click(Page.java:180)
at com.OSMOSE.pages.OU.ContactPage.clickOnOU360(ContactPage.java:7)
at com.OSMOSE.testcases.Contact.verifyContactUsMenuContents(Contact.java:15)
at sun.reflect.NativeMethodAccessorImpl.invoke0(Native Method)
at sun.reflect.NativeMethodAccessorImpl.invoke(Unknown Source)
at sun.reflect.DelegatingMethodAccessorImpl.invoke(Unknown Source)
at java.lang.reflect.Method.invoke(Unknown Source)
at org.testng.internal.MethodInvocationHelper.invokeMethod(MethodInvocationHelper.java:134)
at org.testng.internal.TestInvoker.invokeMethod(TestInvoker.java:597)
at org.testng.internal.TestInvoker.invokeTestMethod(TestInvoker.java:173)
at org.testng.internal.MethodRunner.runInSequence(MethodRunner.java:46)
at org.testng.internal.TestInvoker$MethodInvocationAgent.invoke(TestInvoker.java:816)
at org.testng.internal.TestInvoker.invokeTestMethods(TestInvoker.java:146)
at org.testng.internal.TestMethodWorker.invokeTestMethods(TestMethodWorker.java:146)
at org.testng.internal.TestMethodWorker.run(TestMethodWorker.java:128)
at java.util.ArrayList.forEach(Unknown Source)
at org.testng.TestRunner.privateRun(TestRunner.java:766)
at org.testng.TestRunner.run(TestRunner.java:587)
at org.testng.SuiteRunner.runTest(SuiteRunner.java:384)
at org.testng.SuiteRunner.runSequentially(SuiteRunner.java:378)
at org.testng.SuiteRunner.privateRun(SuiteRunner.java:337)
at org.testng.SuiteRunner.run(SuiteRunner.java:286)
at org.testng.SuiteRunnerWorker.runSuite(SuiteRunnerWorker.java:53)
at org.testng.SuiteRunnerWorker.run(SuiteRunnerWorker.java:96)
at org.testng.TestNG.runSuitesSequentially(TestNG.java:1187)
at org.testng.TestNG.runSuitesLocally(TestNG.java:1109)
at org.testng.TestNG.runSuites(TestNG.java:1039)
at org.testng.TestNG.run(TestNG.java:1007)
at org.testng.remote.AbstractRemoteTestNG.run(AbstractRemoteTestNG.java:115)
at org.testng.remote.RemoteTestNG.initAndRun(RemoteTestNG.java:251)
at org.testng.remote.RemoteTestNG.main(RemoteTestNG.java:77)
]]>
    </error>
  </testcase> <!-- verifyContactUsMenuContents -->
  <system-out>
Click to see Screenshot <a target="_blank" href=Thu_Jul_23_17_58_07_IST_2020.jpg>Screenshot</a> <br> <br> <a target="_blank" href=Thu_Jul_23_17_58_07_IST_2020.jpg><img src=Thu_Jul_23_17_58_07_IST_2020.jpg height=200 width=200></img></a>  </system-out>
  <testcase name="verifyViewContactsHeaderContents" time="28.380" classname="com.OSMOSE.testcases.Contact">
    <error type="org.openqa.selenium.StaleElementReferenceException" message="stale element reference: element is not attached to the page document
  (Session info: chrome=83.0.4103.116)
For documentation on this error, please visit: http://seleniumhq.org/exceptions/stale_element_reference.html
Build info: version: &#039;3.14.0&#039;, revision: &#039;aacccce0&#039;, time: &#039;2018-08-02T20:19:58.91Z&#039;
System info: host: &#039;5CG6323N27&#039;, ip: &#039;192.168.0.7&#039;, os.name: &#039;Windows 10&#039;, os.arch: &#039;amd64&#039;, os.version: &#039;10.0&#039;, java.version: &#039;1.8.0_191&#039;
Driver info: org.openqa.selenium.chrome.ChromeDriver
Capabilities {acceptInsecureCerts: false, browserName: chrome, browserVersion: 83.0.4103.116, chrome: {chromedriverVersion: 83.0.4103.39 (ccbf011cb2d2b..., userDataDir: C:\Windows\Temp\scoped_dir2...}, goog:chromeOptions: {debuggerAddress: localhost:53505}, javascriptEnabled: true, networkConnectionEnabled: false, pageLoadStrategy: none, platform: WINDOWS, platformName: WINDOWS, proxy: Proxy(), setWindowRect: true, strictFileInteractability: false, timeouts: {implicit: 0, pageLoad: 300000, script: 30000}, unhandledPromptBehavior: dismiss and notify, webauthn:virtualAuthenticators: true}
Session ID: 5576238e9e8395b61b887ac8a1a6373b">
      <![CDATA[org.openqa.selenium.StaleElementReferenceException: stale element reference: element is not attached to the page document
  (Session info: chrome=83.0.4103.116)
For documentation on this error, please visit: http://seleniumhq.org/exceptions/stale_element_reference.html
Build info: version: '3.14.0', revision: 'aacccce0', time: '2018-08-02T20:19:58.91Z'
System info: host: '5CG6323N27', ip: '192.168.0.7', os.name: 'Windows 10', os.arch: 'amd64', os.version: '10.0', java.version: '1.8.0_191'
Driver info: org.openqa.selenium.chrome.ChromeDriver
Capabilities {acceptInsecureCerts: false, browserName: chrome, browserVersion: 83.0.4103.116, chrome: {chromedriverVersion: 83.0.4103.39 (ccbf011cb2d2b..., userDataDir: C:\Windows\Temp\scoped_dir2...}, goog:chromeOptions: {debuggerAddress: localhost:53505}, javascriptEnabled: true, networkConnectionEnabled: false, pageLoadStrategy: none, platform: WINDOWS, platformName: WINDOWS, proxy: Proxy(), setWindowRect: true, strictFileInteractability: false, timeouts: {implicit: 0, pageLoad: 300000, script: 30000}, unhandledPromptBehavior: dismiss and notify, webauthn:virtualAuthenticators: true}
Session ID: 5576238e9e8395b61b887ac8a1a6373b
at sun.reflect.NativeConstructorAccessorImpl.newInstance0(Native Method)
at sun.reflect.NativeConstructorAccessorImpl.newInstance(Unknown Source)
at sun.reflect.DelegatingConstructorAccessorImpl.newInstance(Unknown Source)
at java.lang.reflect.Constructor.newInstance(Unknown Source)
at org.openqa.selenium.remote.http.W3CHttpResponseCodec.createException(W3CHttpResponseCodec.java:187)
at org.openqa.selenium.remote.http.W3CHttpResponseCodec.decode(W3CHttpResponseCodec.java:122)
at org.openqa.selenium.remote.http.W3CHttpResponseCodec.decode(W3CHttpResponseCodec.java:49)
at org.openqa.selenium.remote.HttpCommandExecutor.execute(HttpCommandExecutor.java:158)
at org.openqa.selenium.remote.service.DriverCommandExecutor.execute(DriverCommandExecutor.java:83)
at org.openqa.selenium.remote.RemoteWebDriver.execute(RemoteWebDriver.java:548)
at org.openqa.selenium.remote.RemoteWebElement.execute(RemoteWebElement.java:276)
at org.openqa.selenium.remote.RemoteWebElement.click(RemoteWebElement.java:83)
at com.OSMOSE.base.Page.click(Page.java:180)
at com.OSMOSE.pages.OU.ContactPage.ClickViewContactsMenu(ContactPage.java:15)
at com.OSMOSE.testcases.Contact.verifyViewContactsHeaderContents(Contact.java:25)
at sun.reflect.NativeMethodAccessorImpl.invoke0(Native Method)
at sun.reflect.NativeMethodAccessorImpl.invoke(Unknown Source)
at sun.reflect.DelegatingMethodAccessorImpl.invoke(Unknown Source)
at java.lang.reflect.Method.invoke(Unknown Source)
at org.testng.internal.MethodInvocationHelper.invokeMethod(MethodInvocationHelper.java:134)
at org.testng.internal.TestInvoker.invokeMethod(TestInvoker.java:597)
at org.testng.internal.TestInvoker.invokeTestMethod(TestInvoker.java:173)
at org.testng.internal.MethodRunner.runInSequence(MethodRunner.java:46)
at org.testng.internal.TestInvoker$MethodInvocationAgent.invoke(TestInvoker.java:816)
at org.testng.internal.TestInvoker.invokeTestMethods(TestInvoker.java:146)
at org.testng.internal.TestMethodWorker.invokeTestMethods(TestMethodWorker.java:146)
at org.testng.internal.TestMethodWorker.run(TestMethodWorker.java:128)
at java.util.ArrayList.forEach(Unknown Source)
at org.testng.TestRunner.privateRun(TestRunner.java:766)
at org.testng.TestRunner.run(TestRunner.java:587)
at org.testng.SuiteRunner.runTest(SuiteRunner.java:384)
at org.testng.SuiteRunner.runSequentially(SuiteRunner.java:378)
at org.testng.SuiteRunner.privateRun(SuiteRunner.java:337)
at org.testng.SuiteRunner.run(SuiteRunner.java:286)
at org.testng.SuiteRunnerWorker.runSuite(SuiteRunnerWorker.java:53)
at org.testng.SuiteRunnerWorker.run(SuiteRunnerWorker.java:96)
at org.testng.TestNG.runSuitesSequentially(TestNG.java:1187)
at org.testng.TestNG.runSuitesLocally(TestNG.java:1109)
at org.testng.TestNG.runSuites(TestNG.java:1039)
at org.testng.TestNG.run(TestNG.java:1007)
at org.testng.remote.AbstractRemoteTestNG.run(AbstractRemoteTestNG.java:115)
at org.testng.remote.RemoteTestNG.initAndRun(RemoteTestNG.java:251)
at org.testng.remote.RemoteTestNG.main(RemoteTestNG.java:77)
]]>
    </error>
  </testcase> <!-- verifyViewContactsHeaderContents -->
  <system-out>
Click to see Screenshot <a target="_blank" href=Thu_Jul_23_17_58_36_IST_2020.jpg>Screenshot</a> <br> <br> <a target="_blank" href=Thu_Jul_23_17_58_36_IST_2020.jpg><img src=Thu_Jul_23_17_58_36_IST_2020.jpg height=200 width=200></img></a>  </system-out>
  <testcase name="verifyViewContactsContactCardContents" time="1.917" classname="com.OSMOSE.testcases.Contact"/>
  <system-out>
Click to see Screenshot <a target="_blank" href=Thu_Jul_23_17_58_38_IST_2020.jpg>Screenshot</a> <br> <br> <a target="_blank" href=Thu_Jul_23_17_58_38_IST_2020.jpg><img src=Thu_Jul_23_17_58_38_IST_2020.jpg height=200 width=200></img></a>  </system-out>
  <testcase name="verifyContactUsHeaderContents" time="0.222" classname="com.OSMOSE.testcases.Contact"/>
  <system-out>
Click to see Screenshot <a target="_blank" href=Thu_Jul_23_17_58_39_IST_2020.jpg>Screenshot</a> <br> <br> <a target="_blank" href=Thu_Jul_23_17_58_39_IST_2020.jpg><img src=Thu_Jul_23_17_58_39_IST_2020.jpg height=200 width=200></img></a>  </system-out>
  <testcase name="verifyClickOnBackButton" time="0.071" classname="com.OSMOSE.testcases.Contact"/>
  <system-out>
Click to see Screenshot <a target="_blank" href=Thu_Jul_23_17_58_40_IST_2020.jpg>Screenshot</a> <br> <br> <a target="_blank" href=Thu_Jul_23_17_58_40_IST_2020.jpg><img src=Thu_Jul_23_17_58_40_IST_2020.jpg height=200 width=200></img></a>  </system-out>
  <testcase name="verifyContactUsClickOnGoogleMap" time="31.163" classname="com.OSMOSE.testcases.Contact"/>
  <system-out>
Click to see Screenshot <a target="_blank" href=Thu_Jul_23_17_59_11_IST_2020.jpg>Screenshot</a> <br> <br> <a target="_blank" href=Thu_Jul_23_17_59_11_IST_2020.jpg><img src=Thu_Jul_23_17_59_11_IST_2020.jpg height=200 width=200></img></a>  </system-out>
  <testcase name="verifyContactUsGeneralInquiriesContents" time="0.047" classname="com.OSMOSE.testcases.Contact"/>
  <system-out>
Click to see Screenshot <a target="_blank" href=Thu_Jul_23_17_59_12_IST_2020.jpg>Screenshot</a> <br> <br> <a target="_blank" href=Thu_Jul_23_17_59_12_IST_2020.jpg><img src=Thu_Jul_23_17_59_12_IST_2020.jpg height=200 width=200></img></a>  </system-out>
  <testcase name="verifyContactUsSalesProductsContents" time="0.071" classname="com.OSMOSE.testcases.Contact"/>
  <system-out>
Click to see Screenshot <a target="_blank" href=Thu_Jul_23_17_59_12_IST_2020.jpg>Screenshot</a> <br> <br> <a target="_blank" href=Thu_Jul_23_17_59_12_IST_2020.jpg><img src=Thu_Jul_23_17_59_12_IST_2020.jpg height=200 width=200></img></a>  </system-out>
  <testcase name="verifyContactUsSalesServicesContents" time="0.071" classname="com.OSMOSE.testcases.Contact"/>
  <system-out>
Click to see Screenshot <a target="_blank" href=Thu_Jul_23_17_59_13_IST_2020.jpg>Screenshot</a> <br> <br> <a target="_blank" href=Thu_Jul_23_17_59_13_IST_2020.jpg><img src=Thu_Jul_23_17_59_13_IST_2020.jpg height=200 width=200></img></a>  </system-out>
  <testcase name="verifyContactUsOCalcProContents" time="0.070" classname="com.OSMOSE.testcases.Contact"/>
  <system-out>
Click to see Screenshot <a target="_blank" href=Thu_Jul_23_17_59_13_IST_2020.jpg>Screenshot</a> <br> <br> <a target="_blank" href=Thu_Jul_23_17_59_13_IST_2020.jpg><img src=Thu_Jul_23_17_59_13_IST_2020.jpg height=200 width=200></img></a>  </system-out>
  <testcase name="verifyContactUsQueryFormContents" time="0.112" classname="com.OSMOSE.testcases.Contact"/>
  <system-out>
Click to see Screenshot <a target="_blank" href=Thu_Jul_23_17_59_14_IST_2020.jpg>Screenshot</a> <br> <br> <a target="_blank" href=Thu_Jul_23_17_59_14_IST_2020.jpg><img src=Thu_Jul_23_17_59_14_IST_2020.jpg height=200 width=200></img></a>  </system-out>
  <testcase name="verifyFormSubmissionWith_RequestForInformation" time="3.952" classname="com.OSMOSE.testcases.Contact"/>
  <system-out>
Click to see Screenshot <a target="_blank" href=Thu_Jul_23_17_59_18_IST_2020.jpg>Screenshot</a> <br> <br> <a target="_blank" href=Thu_Jul_23_17_59_18_IST_2020.jpg><img src=Thu_Jul_23_17_59_18_IST_2020.jpg height=200 width=200></img></a>  </system-out>
  <testcase name="verifyFormSubmissionThankYouPopUp" time="11.973" classname="com.OSMOSE.testcases.Contact"/>
  <system-out>
Click to see Screenshot <a target="_blank" href=Thu_Jul_23_17_59_30_IST_2020.jpg>Screenshot</a> <br> <br> <a target="_blank" href=Thu_Jul_23_17_59_30_IST_2020.jpg><img src=Thu_Jul_23_17_59_30_IST_2020.jpg height=200 width=200></img></a>  </system-out>
  <testcase name="verifyFormSubmissionWith_ProjectSupport" time="1.552" classname="com.OSMOSE.testcases.Contact"/>
  <system-out>
Click to see Screenshot <a target="_blank" href=Thu_Jul_23_17_59_32_IST_2020.jpg>Screenshot</a> <br> <br> <a target="_blank" href=Thu_Jul_23_17_59_32_IST_2020.jpg><img src=Thu_Jul_23_17_59_32_IST_2020.jpg height=200 width=200></img></a>  </system-out>
  <testcase name="verifyFormSubmissionWith_TechnicalSupport" time="1.426" classname="com.OSMOSE.testcases.Contact"/>
  <system-out>
Click to see Screenshot <a target="_blank" href=Thu_Jul_23_17_59_34_IST_2020.jpg>Screenshot</a> <br> <br> <a target="_blank" href=Thu_Jul_23_17_59_34_IST_2020.jpg><img src=Thu_Jul_23_17_59_34_IST_2020.jpg height=200 width=200></img></a>  </system-out>
  <testcase name="verifyFormSubmissionWith_Other" time="1.529" classname="com.OSMOSE.testcases.Contact"/>
  <system-out>
Click to see Screenshot <a target="_blank" href=Thu_Jul_23_17_59_36_IST_2020.jpg>Screenshot</a> <br> <br> <a target="_blank" href=Thu_Jul_23_17_59_36_IST_2020.jpg><img src=Thu_Jul_23_17_59_36_IST_2020.jpg height=200 width=200></img></a>  </system-out>
</testsuite> <!-- com.OSMOSE.testcases.Contact -->
