<?xml version="1.0" encoding="UTF-8"?>
<!-- Generated by org.testng.reporters.JUnitReportReporter -->
<testsuite skipped="6" hostname="5CG6323N27" name="com.OSMOSE.testcases.Contact" tests="26" failures="0" timestamp="2020-11-10T14:46:24 IST" time="161.640" errors="0">
  <testcase name="verifyContactUsMenuContents" time="0.236" classname="com.OSMOSE.testcases.Contact"/>
  <system-out>
Click to see Screenshot <a target="_blank" href=Tue_Nov_10_14_43_30_IST_2020.jpg>Screenshot</a> <br> <br> <a target="_blank" href=Tue_Nov_10_14_43_30_IST_2020.jpg><img src=Tue_Nov_10_14_43_30_IST_2020.jpg height=200 width=200></img></a>  </system-out>
  <testcase name="verifyPresenceOfProjectGroup" time="3.534" classname="com.OSMOSE.testcases.Contact"/>
  <system-out>
Click to see Screenshot <a target="_blank" href=Tue_Nov_10_14_43_34_IST_2020.jpg>Screenshot</a> <br> <br> <a target="_blank" href=Tue_Nov_10_14_43_34_IST_2020.jpg><img src=Tue_Nov_10_14_43_34_IST_2020.jpg height=200 width=200></img></a>  </system-out>
  <testcase name="verifyCityOfColumbiaContactCardContents" time="9.340" classname="com.OSMOSE.testcases.Contact"/>
  <system-out>
Click to see Screenshot <a target="_blank" href=Tue_Nov_10_14_43_44_IST_2020.jpg>Screenshot</a> <br> <br> <a target="_blank" href=Tue_Nov_10_14_43_44_IST_2020.jpg><img src=Tue_Nov_10_14_43_44_IST_2020.jpg height=200 width=200></img></a>  </system-out>
  <testcase name="verifyGeorgiaPowerCompanyContactCardContents" time="18.409" classname="com.OSMOSE.testcases.Contact"/>
  <system-out>
Click to see Screenshot <a target="_blank" href=Tue_Nov_10_14_44_02_IST_2020.jpg>Screenshot</a> <br> <br> <a target="_blank" href=Tue_Nov_10_14_44_02_IST_2020.jpg><img src=Tue_Nov_10_14_44_02_IST_2020.jpg height=200 width=200></img></a>  </system-out>
  <testcase name="verifyGrandElectricContactCardContents" time="12.302" classname="com.OSMOSE.testcases.Contact"/>
  <system-out>
Click to see Screenshot <a target="_blank" href=Tue_Nov_10_14_44_15_IST_2020.jpg>Screenshot</a> <br> <br> <a target="_blank" href=Tue_Nov_10_14_44_15_IST_2020.jpg><img src=Tue_Nov_10_14_44_15_IST_2020.jpg height=200 width=200></img></a>  </system-out>
  <testcase name="verifyIdahoPowerInspectionContactCardContents" time="12.329" classname="com.OSMOSE.testcases.Contact"/>
  <system-out>
Click to see Screenshot <a target="_blank" href=Tue_Nov_10_14_44_28_IST_2020.jpg>Screenshot</a> <br> <br> <a target="_blank" href=Tue_Nov_10_14_44_28_IST_2020.jpg><img src=Tue_Nov_10_14_44_28_IST_2020.jpg height=200 width=200></img></a>  </system-out>
  <testcase name="verifyIdahoPowerRestorationContactCardContents" time="11.280" classname="com.OSMOSE.testcases.Contact"/>
  <system-out>
Click to see Screenshot <a target="_blank" href=Tue_Nov_10_14_44_40_IST_2020.jpg>Screenshot</a> <br> <br> <a target="_blank" href=Tue_Nov_10_14_44_40_IST_2020.jpg><img src=Tue_Nov_10_14_44_40_IST_2020.jpg height=200 width=200></img></a>  </system-out>
  <testcase name="verifyOncurDistributionContactCardContents" time="12.347" classname="com.OSMOSE.testcases.Contact"/>
  <system-out>
Click to see Screenshot <a target="_blank" href=Tue_Nov_10_14_44_53_IST_2020.jpg>Screenshot</a> <br> <br> <a target="_blank" href=Tue_Nov_10_14_44_53_IST_2020.jpg><img src=Tue_Nov_10_14_44_53_IST_2020.jpg height=200 width=200></img></a>  </system-out>
  <testcase name="verifyPacificGasAndElectricCoContactCardContents" time="12.337" classname="com.OSMOSE.testcases.Contact"/>
  <system-out>
Click to see Screenshot <a target="_blank" href=Tue_Nov_10_14_45_05_IST_2020.jpg>Screenshot</a> <br> <br> <a target="_blank" href=Tue_Nov_10_14_45_05_IST_2020.jpg><img src=Tue_Nov_10_14_45_05_IST_2020.jpg height=200 width=200></img></a>  </system-out>
  <testcase name="verifyPedernalesElecCoopContactCardContents" time="12.300" classname="com.OSMOSE.testcases.Contact"/>
  <system-out>
Click to see Screenshot <a target="_blank" href=Tue_Nov_10_14_45_18_IST_2020.jpg>Screenshot</a> <br> <br> <a target="_blank" href=Tue_Nov_10_14_45_18_IST_2020.jpg><img src=Tue_Nov_10_14_45_18_IST_2020.jpg height=200 width=200></img></a>  </system-out>
  <testcase name="verifyPugetSoundEnergyInspectionContactCardContents" time="12.310" classname="com.OSMOSE.testcases.Contact"/>
  <system-out>
Click to see Screenshot <a target="_blank" href=Tue_Nov_10_14_45_31_IST_2020.jpg>Screenshot</a> <br> <br> <a target="_blank" href=Tue_Nov_10_14_45_31_IST_2020.jpg><img src=Tue_Nov_10_14_45_31_IST_2020.jpg height=200 width=200></img></a>  </system-out>
  <testcase name="verifyPugetSoundEnergyRestorationContactCardContents" time="11.286" classname="com.OSMOSE.testcases.Contact"/>
  <system-out>
Click to see Screenshot <a target="_blank" href=Tue_Nov_10_14_45_43_IST_2020.jpg>Screenshot</a> <br> <br> <a target="_blank" href=Tue_Nov_10_14_45_43_IST_2020.jpg><img src=Tue_Nov_10_14_45_43_IST_2020.jpg height=200 width=200></img></a>  </system-out>
  <testcase name="verifyContactUsHeaderContents" time="2.262" classname="com.OSMOSE.testcases.Contact"/>
  <system-out>
Click to see Screenshot <a target="_blank" href=Tue_Nov_10_14_45_45_IST_2020.jpg>Screenshot</a> <br> <br> <a target="_blank" href=Tue_Nov_10_14_45_45_IST_2020.jpg><img src=Tue_Nov_10_14_45_45_IST_2020.jpg height=200 width=200></img></a>  </system-out>
  <testcase name="verifyContactUsClickOnGoogleMap" time="30.876" classname="com.OSMOSE.testcases.Contact"/>
  <system-out>
Click to see Screenshot <a target="_blank" href=Tue_Nov_10_14_46_17_IST_2020.jpg>Screenshot</a> <br> <br> <a target="_blank" href=Tue_Nov_10_14_46_17_IST_2020.jpg><img src=Tue_Nov_10_14_46_17_IST_2020.jpg height=200 width=200></img></a>  </system-out>
  <testcase name="verifyContactUsGeneralInquiriesContents" time="0.055" classname="com.OSMOSE.testcases.Contact"/>
  <system-out>
Click to see Screenshot <a target="_blank" href=Tue_Nov_10_14_46_17_IST_2020.jpg>Screenshot</a> <br> <br> <a target="_blank" href=Tue_Nov_10_14_46_17_IST_2020.jpg><img src=Tue_Nov_10_14_46_17_IST_2020.jpg height=200 width=200></img></a>  </system-out>
  <testcase name="verifyContactUsSalesProductsContents" time="0.080" classname="com.OSMOSE.testcases.Contact"/>
  <system-out>
Click to see Screenshot <a target="_blank" href=Tue_Nov_10_14_46_17_IST_2020.jpg>Screenshot</a> <br> <br> <a target="_blank" href=Tue_Nov_10_14_46_17_IST_2020.jpg><img src=Tue_Nov_10_14_46_17_IST_2020.jpg height=200 width=200></img></a>  </system-out>
  <testcase name="verifyContactUsSalesServicesContents" time="0.076" classname="com.OSMOSE.testcases.Contact"/>
  <system-out>
Click to see Screenshot <a target="_blank" href=Tue_Nov_10_14_46_18_IST_2020.jpg>Screenshot</a> <br> <br> <a target="_blank" href=Tue_Nov_10_14_46_18_IST_2020.jpg><img src=Tue_Nov_10_14_46_18_IST_2020.jpg height=200 width=200></img></a>  </system-out>
  <testcase name="verifyContactUsOCalcProContents" time="0.076" classname="com.OSMOSE.testcases.Contact"/>
  <system-out>
Click to see Screenshot <a target="_blank" href=Tue_Nov_10_14_46_18_IST_2020.jpg>Screenshot</a> <br> <br> <a target="_blank" href=Tue_Nov_10_14_46_18_IST_2020.jpg><img src=Tue_Nov_10_14_46_18_IST_2020.jpg height=200 width=200></img></a>  </system-out>
  <testcase name="verifyContactUsQueryFormContents" time="0.125" classname="com.OSMOSE.testcases.Contact"/>
  <system-out>
Click to see Screenshot <a target="_blank" href=Tue_Nov_10_14_46_19_IST_2020.jpg>Screenshot</a> <br> <br> <a target="_blank" href=Tue_Nov_10_14_46_19_IST_2020.jpg><img src=Tue_Nov_10_14_46_19_IST_2020.jpg height=200 width=200></img></a>  </system-out>
  <testcase name="verifyFormSubmissionErrorMessage" time="0.080" classname="com.OSMOSE.testcases.Contact"/>
  <system-out>
Click to see Screenshot <a target="_blank" href=Tue_Nov_10_14_46_19_IST_2020.jpg>Screenshot</a> <br> <br> <a target="_blank" href=Tue_Nov_10_14_46_19_IST_2020.jpg><img src=Tue_Nov_10_14_46_19_IST_2020.jpg height=200 width=200></img></a>  </system-out>
  <testcase name="verifyFormSubmissionWith_Other" classname="com.OSMOSE.testcases.Contact">
    <skipped/>
  </testcase> <!-- verifyFormSubmissionWith_Other -->
  <system-out/>
  <testcase name="verifyFormSubmissionWith_TechnicalSupport" classname="com.OSMOSE.testcases.Contact">
    <skipped/>
  </testcase> <!-- verifyFormSubmissionWith_TechnicalSupport -->
  <system-out/>
  <testcase name="verifyFormSubmissionWith_RequestForInformation" classname="com.OSMOSE.testcases.Contact">
    <skipped/>
  </testcase> <!-- verifyFormSubmissionWith_RequestForInformation -->
  <system-out/>
  <testcase name="verifyFormSubmissionThankYouPopUp" classname="com.OSMOSE.testcases.Contact">
    <skipped/>
  </testcase> <!-- verifyFormSubmissionThankYouPopUp -->
  <system-out/>
  <testcase name="verifyFormSubmissionWith_ProjectSupport" classname="com.OSMOSE.testcases.Contact">
    <skipped/>
  </testcase> <!-- verifyFormSubmissionWith_ProjectSupport -->
  <system-out/>
  <testcase name="verifyClickOnBackButton" classname="com.OSMOSE.testcases.Contact">
    <skipped/>
  </testcase> <!-- verifyClickOnBackButton -->
  <system-out/>
</testsuite> <!-- com.OSMOSE.testcases.Contact -->
