<?xml version="1.0" encoding="UTF-8"?>
<!-- Generated by org.testng.reporters.JUnitReportReporter -->
<testsuite skipped="5" hostname="5CG6323N27" name="com.OSMOSE.testcases.OULogin" tests="23" failures="0" timestamp="2020-08-11T10:28:35 IST" time="170.840" errors="0">
  <testcase name="loginTest" time="25.941" classname="com.OSMOSE.testcases.OULogin"/>
  <system-out>
Click to see Screenshot <a target="_blank" href=Tue_Aug_11_09_51_04_IST_2020.jpg>Screenshot</a> <br> <br> <a target="_blank" href=Tue_Aug_11_09_51_04_IST_2020.jpg><img src=Tue_Aug_11_09_51_04_IST_2020.jpg height=200 width=200></img></a>  </system-out>
  <testcase name="verifyOUCard" time="2.845" classname="com.OSMOSE.testcases.OULogin"/>
  <system-out>
Click to see Screenshot <a target="_blank" href=Tue_Aug_11_09_51_08_IST_2020.jpg>Screenshot</a> <br> <br> <a target="_blank" href=Tue_Aug_11_09_51_08_IST_2020.jpg><img src=Tue_Aug_11_09_51_08_IST_2020.jpg height=200 width=200></img></a>  </system-out>
  <testcase name="verifyKnowledgeBaseCard" time="0.063" classname="com.OSMOSE.testcases.OULogin"/>
  <system-out>
Click to see Screenshot <a target="_blank" href=Tue_Aug_11_09_51_09_IST_2020.jpg>Screenshot</a> <br> <br> <a target="_blank" href=Tue_Aug_11_09_51_09_IST_2020.jpg><img src=Tue_Aug_11_09_51_09_IST_2020.jpg height=200 width=200></img></a>  </system-out>
  <testcase name="verifyProductCard" time="0.043" classname="com.OSMOSE.testcases.OULogin"/>
  <system-out>
Click to see Screenshot <a target="_blank" href=Tue_Aug_11_09_51_09_IST_2020.jpg>Screenshot</a> <br> <br> <a target="_blank" href=Tue_Aug_11_09_51_09_IST_2020.jpg><img src=Tue_Aug_11_09_51_09_IST_2020.jpg height=200 width=200></img></a>  </system-out>
  <testcase name="verifyContactUs" time="0.037" classname="com.OSMOSE.testcases.OULogin"/>
  <system-out>
Click to see Screenshot <a target="_blank" href=Tue_Aug_11_09_51_10_IST_2020.jpg>Screenshot</a> <br> <br> <a target="_blank" href=Tue_Aug_11_09_51_10_IST_2020.jpg><img src=Tue_Aug_11_09_51_10_IST_2020.jpg height=200 width=200></img></a>  </system-out>
  <testcase name="verifyHyperlinks" time="0.116" classname="com.OSMOSE.testcases.OULogin"/>
  <system-out>
Click to see Screenshot <a target="_blank" href=Tue_Aug_11_09_51_10_IST_2020.jpg>Screenshot</a> <br> <br> <a target="_blank" href=Tue_Aug_11_09_51_10_IST_2020.jpg><img src=Tue_Aug_11_09_51_10_IST_2020.jpg height=200 width=200></img></a>  </system-out>
  <testcase name="verifyVideoLinks" time="0.118" classname="com.OSMOSE.testcases.OULogin"/>
  <system-out>
Click to see Screenshot <a target="_blank" href=Tue_Aug_11_09_51_11_IST_2020.jpg>Screenshot</a> <br> <br> <a target="_blank" href=Tue_Aug_11_09_51_11_IST_2020.jpg><img src=Tue_Aug_11_09_51_11_IST_2020.jpg height=200 width=200></img></a>  </system-out>
  <testcase name="verifyOsmoseUniversityNavigationClick" time="12.572" classname="com.OSMOSE.testcases.OULogin"/>
  <system-out>
Click to see Screenshot <a target="_blank" href=Tue_Aug_11_09_51_24_IST_2020.jpg>Screenshot</a> <br> <br> <a target="_blank" href=Tue_Aug_11_09_51_24_IST_2020.jpg><img src=Tue_Aug_11_09_51_24_IST_2020.jpg height=200 width=200></img></a>  </system-out>
  <testcase name="verifyLiveEventCLick" time="12.307" classname="com.OSMOSE.testcases.OULogin"/>
  <system-out>
Click to see Screenshot <a target="_blank" href=Tue_Aug_11_09_51_37_IST_2020.jpg>Screenshot</a> <br> <br> <a target="_blank" href=Tue_Aug_11_09_51_37_IST_2020.jpg><img src=Tue_Aug_11_09_51_37_IST_2020.jpg height=200 width=200></img></a>  </system-out>
  <testcase name="verifyWebinarsClick" time="12.433" classname="com.OSMOSE.testcases.OULogin"/>
  <system-out>
Click to see Screenshot <a target="_blank" href=Tue_Aug_11_09_51_51_IST_2020.jpg>Screenshot</a> <br> <br> <a target="_blank" href=Tue_Aug_11_09_51_51_IST_2020.jpg><img src=Tue_Aug_11_09_51_51_IST_2020.jpg height=200 width=200></img></a>  </system-out>
  <testcase name="verifyOCalcClick" time="12.336" classname="com.OSMOSE.testcases.OULogin"/>
  <system-out>
Click to see Screenshot <a target="_blank" href=Tue_Aug_11_09_52_04_IST_2020.jpg>Screenshot</a> <br> <br> <a target="_blank" href=Tue_Aug_11_09_52_04_IST_2020.jpg><img src=Tue_Aug_11_09_52_04_IST_2020.jpg height=200 width=200></img></a>  </system-out>
  <testcase name="clickOnOuLink" time="12.335" classname="com.OSMOSE.testcases.OULogin"/>
  <system-out>
Click to see Screenshot <a target="_blank" href=Tue_Aug_11_09_52_17_IST_2020.jpg>Screenshot</a> <br> <br> <a target="_blank" href=Tue_Aug_11_09_52_17_IST_2020.jpg><img src=Tue_Aug_11_09_52_17_IST_2020.jpg height=200 width=200></img></a>  </system-out>
  <testcase name="verifyLiveEventsSTS" time="13.525" classname="com.OSMOSE.testcases.OULogin"/>
  <system-out>
Click to see Screenshot <a target="_blank" href=Tue_Aug_11_09_52_31_IST_2020.jpg>Screenshot</a> <br> <br> <a target="_blank" href=Tue_Aug_11_09_52_31_IST_2020.jpg><img src=Tue_Aug_11_09_52_31_IST_2020.jpg height=200 width=200></img></a>  </system-out>
  <testcase name="verifyLiveEventsJUS" time="13.493" classname="com.OSMOSE.testcases.OULogin"/>
  <system-out>
Click to see Screenshot <a target="_blank" href=Tue_Aug_11_09_52_45_IST_2020.jpg>Screenshot</a> <br> <br> <a target="_blank" href=Tue_Aug_11_09_52_45_IST_2020.jpg><img src=Tue_Aug_11_09_52_45_IST_2020.jpg height=200 width=200></img></a>  </system-out>
  <testcase name="verifyLiveEventsWPTS" time="13.237" classname="com.OSMOSE.testcases.OULogin"/>
  <system-out>
Click to see Screenshot <a target="_blank" href=Tue_Aug_11_09_52_59_IST_2020.jpg>Screenshot</a> <br> <br> <a target="_blank" href=Tue_Aug_11_09_52_59_IST_2020.jpg><img src=Tue_Aug_11_09_52_59_IST_2020.jpg height=200 width=200></img></a>  </system-out>
  <testcase name="verifyDETAILSANDREGISTRATION" time="13.557" classname="com.OSMOSE.testcases.OULogin"/>
  <system-out>
Click to see Screenshot <a target="_blank" href=Tue_Aug_11_09_53_13_IST_2020.jpg>Screenshot</a> <br> <br> <a target="_blank" href=Tue_Aug_11_09_53_13_IST_2020.jpg><img src=Tue_Aug_11_09_53_13_IST_2020.jpg height=200 width=200></img></a>  </system-out>
  <testcase name="verifyClickingTheWebinars" time="12.396" classname="com.OSMOSE.testcases.OULogin"/>
  <system-out>
Click to see Screenshot <a target="_blank" href=Tue_Aug_11_09_53_26_IST_2020.jpg>Screenshot</a> <br> <br> <a target="_blank" href=Tue_Aug_11_09_53_26_IST_2020.jpg><img src=Tue_Aug_11_09_53_26_IST_2020.jpg height=200 width=200></img></a>  </system-out>
  <testcase name="verifyOClacTrainingButton" time="13.486" classname="com.OSMOSE.testcases.OULogin"/>
  <system-out>
Click to see Screenshot <a target="_blank" href=Tue_Aug_11_09_53_40_IST_2020.jpg>Screenshot</a> <br> <br> <a target="_blank" href=Tue_Aug_11_09_53_40_IST_2020.jpg><img src=Tue_Aug_11_09_53_40_IST_2020.jpg height=200 width=200></img></a>  </system-out>
  <testcase name="verifyContactAndStray" classname="com.OSMOSE.testcases.OULogin">
    <skipped/>
  </testcase> <!-- verifyContactAndStray -->
  <system-out/>
  <testcase name="verifySteelStructuresProtected" classname="com.OSMOSE.testcases.OULogin">
    <skipped/>
  </testcase> <!-- verifySteelStructuresProtected -->
  <system-out/>
  <testcase name="steelStructuresProtectedMOREINFOREGISTRATION" classname="com.OSMOSE.testcases.OULogin">
    <skipped/>
  </testcase> <!-- steelStructuresProtectedMOREINFOREGISTRATION -->
  <system-out/>
  <testcase name="verifyUpcomingWebinarsPage" classname="com.OSMOSE.testcases.OULogin">
    <skipped/>
  </testcase> <!-- verifyUpcomingWebinarsPage -->
  <system-out/>
  <testcase name="ContactAndStrayMOREINFOREGISTRATION" classname="com.OSMOSE.testcases.OULogin">
    <skipped/>
  </testcase> <!-- ContactAndStrayMOREINFOREGISTRATION -->
  <system-out/>
</testsuite> <!-- com.OSMOSE.testcases.OULogin -->
