<?xml version="1.0" encoding="UTF-8"?>
<!-- Generated by org.testng.reporters.JUnitReportReporter -->
<testsuite skipped="6" hostname="5CG6323N27" name="com.OSMOSE.testcases.Contact" tests="26" failures="0" timestamp="2020-09-22T17:20:02 IST" time="160.625" errors="0">
  <testcase name="verifyContactUsMenuContents" time="0.149" classname="com.OSMOSE.testcases.Contact"/>
  <system-out>
Click to see Screenshot <a target="_blank" href=Tue_Sep_22_17_17_10_IST_2020.jpg>Screenshot</a> <br> <br> <a target="_blank" href=Tue_Sep_22_17_17_10_IST_2020.jpg><img src=Tue_Sep_22_17_17_10_IST_2020.jpg height=200 width=200></img></a>  </system-out>
  <testcase name="verifyPresenceOfProjectGroup" time="2.463" classname="com.OSMOSE.testcases.Contact"/>
  <system-out>
Click to see Screenshot <a target="_blank" href=Tue_Sep_22_17_17_12_IST_2020.jpg>Screenshot</a> <br> <br> <a target="_blank" href=Tue_Sep_22_17_17_12_IST_2020.jpg><img src=Tue_Sep_22_17_17_12_IST_2020.jpg height=200 width=200></img></a>  </system-out>
  <testcase name="verifyCityOfColumbiaContactCardContents" time="9.434" classname="com.OSMOSE.testcases.Contact"/>
  <system-out>
Click to see Screenshot <a target="_blank" href=Tue_Sep_22_17_17_22_IST_2020.jpg>Screenshot</a> <br> <br> <a target="_blank" href=Tue_Sep_22_17_17_22_IST_2020.jpg><img src=Tue_Sep_22_17_17_22_IST_2020.jpg height=200 width=200></img></a>  </system-out>
  <testcase name="verifyGeorgiaPowerCompanyContactCardContents" time="18.525" classname="com.OSMOSE.testcases.Contact"/>
  <system-out>
Click to see Screenshot <a target="_blank" href=Tue_Sep_22_17_17_41_IST_2020.jpg>Screenshot</a> <br> <br> <a target="_blank" href=Tue_Sep_22_17_17_41_IST_2020.jpg><img src=Tue_Sep_22_17_17_41_IST_2020.jpg height=200 width=200></img></a>  </system-out>
  <testcase name="verifyGrandElectricContactCardContents" time="12.439" classname="com.OSMOSE.testcases.Contact"/>
  <system-out>
Click to see Screenshot <a target="_blank" href=Tue_Sep_22_17_17_54_IST_2020.jpg>Screenshot</a> <br> <br> <a target="_blank" href=Tue_Sep_22_17_17_54_IST_2020.jpg><img src=Tue_Sep_22_17_17_54_IST_2020.jpg height=200 width=200></img></a>  </system-out>
  <testcase name="verifyIdahoPowerInspectionContactCardContents" time="12.503" classname="com.OSMOSE.testcases.Contact"/>
  <system-out>
Click to see Screenshot <a target="_blank" href=Tue_Sep_22_17_18_07_IST_2020.jpg>Screenshot</a> <br> <br> <a target="_blank" href=Tue_Sep_22_17_18_07_IST_2020.jpg><img src=Tue_Sep_22_17_18_07_IST_2020.jpg height=200 width=200></img></a>  </system-out>
  <testcase name="verifyIdahoPowerRestorationContactCardContents" time="11.385" classname="com.OSMOSE.testcases.Contact"/>
  <system-out>
Click to see Screenshot <a target="_blank" href=Tue_Sep_22_17_18_19_IST_2020.jpg>Screenshot</a> <br> <br> <a target="_blank" href=Tue_Sep_22_17_18_19_IST_2020.jpg><img src=Tue_Sep_22_17_18_19_IST_2020.jpg height=200 width=200></img></a>  </system-out>
  <testcase name="verifyOncurDistributionContactCardContents" time="12.652" classname="com.OSMOSE.testcases.Contact"/>
  <system-out>
Click to see Screenshot <a target="_blank" href=Tue_Sep_22_17_18_32_IST_2020.jpg>Screenshot</a> <br> <br> <a target="_blank" href=Tue_Sep_22_17_18_32_IST_2020.jpg><img src=Tue_Sep_22_17_18_32_IST_2020.jpg height=200 width=200></img></a>  </system-out>
  <testcase name="verifyPacificGasAndElectricCoContactCardContents" time="12.514" classname="com.OSMOSE.testcases.Contact"/>
  <system-out>
Click to see Screenshot <a target="_blank" href=Tue_Sep_22_17_18_46_IST_2020.jpg>Screenshot</a> <br> <br> <a target="_blank" href=Tue_Sep_22_17_18_46_IST_2020.jpg><img src=Tue_Sep_22_17_18_46_IST_2020.jpg height=200 width=200></img></a>  </system-out>
  <testcase name="verifyPedernalesElecCoopContactCardContents" time="12.557" classname="com.OSMOSE.testcases.Contact"/>
  <system-out>
Click to see Screenshot <a target="_blank" href=Tue_Sep_22_17_18_59_IST_2020.jpg>Screenshot</a> <br> <br> <a target="_blank" href=Tue_Sep_22_17_18_59_IST_2020.jpg><img src=Tue_Sep_22_17_18_59_IST_2020.jpg height=200 width=200></img></a>  </system-out>
  <testcase name="verifyPugetSoundEnergyInspectionContactCardContents" time="12.485" classname="com.OSMOSE.testcases.Contact"/>
  <system-out>
Click to see Screenshot <a target="_blank" href=Tue_Sep_22_17_19_12_IST_2020.jpg>Screenshot</a> <br> <br> <a target="_blank" href=Tue_Sep_22_17_19_12_IST_2020.jpg><img src=Tue_Sep_22_17_19_12_IST_2020.jpg height=200 width=200></img></a>  </system-out>
  <testcase name="verifyPugetSoundEnergyRestorationContactCardContents" time="11.401" classname="com.OSMOSE.testcases.Contact"/>
  <system-out>
Click to see Screenshot <a target="_blank" href=Tue_Sep_22_17_19_23_IST_2020.jpg>Screenshot</a> <br> <br> <a target="_blank" href=Tue_Sep_22_17_19_23_IST_2020.jpg><img src=Tue_Sep_22_17_19_23_IST_2020.jpg height=200 width=200></img></a>  </system-out>
  <testcase name="verifyContactUsHeaderContents" time="0.314" classname="com.OSMOSE.testcases.Contact"/>
  <system-out>
Click to see Screenshot <a target="_blank" href=Tue_Sep_22_17_19_24_IST_2020.jpg>Screenshot</a> <br> <br> <a target="_blank" href=Tue_Sep_22_17_19_24_IST_2020.jpg><img src=Tue_Sep_22_17_19_24_IST_2020.jpg height=200 width=200></img></a>  </system-out>
  <testcase name="verifyContactUsClickOnGoogleMap" time="31.243" classname="com.OSMOSE.testcases.Contact"/>
  <system-out>
Click to see Screenshot <a target="_blank" href=Tue_Sep_22_17_19_56_IST_2020.jpg>Screenshot</a> <br> <br> <a target="_blank" href=Tue_Sep_22_17_19_56_IST_2020.jpg><img src=Tue_Sep_22_17_19_56_IST_2020.jpg height=200 width=200></img></a>  </system-out>
  <testcase name="verifyContactUsGeneralInquiriesContents" time="0.056" classname="com.OSMOSE.testcases.Contact"/>
  <system-out>
Click to see Screenshot <a target="_blank" href=Tue_Sep_22_17_19_56_IST_2020.jpg>Screenshot</a> <br> <br> <a target="_blank" href=Tue_Sep_22_17_19_56_IST_2020.jpg><img src=Tue_Sep_22_17_19_56_IST_2020.jpg height=200 width=200></img></a>  </system-out>
  <testcase name="verifyContactUsSalesProductsContents" time="0.097" classname="com.OSMOSE.testcases.Contact"/>
  <system-out>
Click to see Screenshot <a target="_blank" href=Tue_Sep_22_17_19_57_IST_2020.jpg>Screenshot</a> <br> <br> <a target="_blank" href=Tue_Sep_22_17_19_57_IST_2020.jpg><img src=Tue_Sep_22_17_19_57_IST_2020.jpg height=200 width=200></img></a>  </system-out>
  <testcase name="verifyContactUsSalesServicesContents" time="0.086" classname="com.OSMOSE.testcases.Contact"/>
  <system-out>
Click to see Screenshot <a target="_blank" href=Tue_Sep_22_17_19_57_IST_2020.jpg>Screenshot</a> <br> <br> <a target="_blank" href=Tue_Sep_22_17_19_57_IST_2020.jpg><img src=Tue_Sep_22_17_19_57_IST_2020.jpg height=200 width=200></img></a>  </system-out>
  <testcase name="verifyContactUsOCalcProContents" time="0.105" classname="com.OSMOSE.testcases.Contact"/>
  <system-out>
Click to see Screenshot <a target="_blank" href=Tue_Sep_22_17_19_58_IST_2020.jpg>Screenshot</a> <br> <br> <a target="_blank" href=Tue_Sep_22_17_19_58_IST_2020.jpg><img src=Tue_Sep_22_17_19_58_IST_2020.jpg height=200 width=200></img></a>  </system-out>
  <testcase name="verifyContactUsQueryFormContents" time="0.118" classname="com.OSMOSE.testcases.Contact"/>
  <system-out>
Click to see Screenshot <a target="_blank" href=Tue_Sep_22_17_19_58_IST_2020.jpg>Screenshot</a> <br> <br> <a target="_blank" href=Tue_Sep_22_17_19_58_IST_2020.jpg><img src=Tue_Sep_22_17_19_58_IST_2020.jpg height=200 width=200></img></a>  </system-out>
  <testcase name="verifyFormSubmissionErrorMessage" time="0.099" classname="com.OSMOSE.testcases.Contact"/>
  <system-out>
Click to see Screenshot <a target="_blank" href=Tue_Sep_22_17_19_59_IST_2020.jpg>Screenshot</a> <br> <br> <a target="_blank" href=Tue_Sep_22_17_19_59_IST_2020.jpg><img src=Tue_Sep_22_17_19_59_IST_2020.jpg height=200 width=200></img></a>  </system-out>
  <testcase name="verifyFormSubmissionWith_Other" classname="com.OSMOSE.testcases.Contact">
    <skipped/>
  </testcase> <!-- verifyFormSubmissionWith_Other -->
  <system-out/>
  <testcase name="verifyFormSubmissionWith_TechnicalSupport" classname="com.OSMOSE.testcases.Contact">
    <skipped/>
  </testcase> <!-- verifyFormSubmissionWith_TechnicalSupport -->
  <system-out/>
  <testcase name="verifyFormSubmissionThankYouPopUp" classname="com.OSMOSE.testcases.Contact">
    <skipped/>
  </testcase> <!-- verifyFormSubmissionThankYouPopUp -->
  <system-out/>
  <testcase name="verifyFormSubmissionWith_RequestForInformation" classname="com.OSMOSE.testcases.Contact">
    <skipped/>
  </testcase> <!-- verifyFormSubmissionWith_RequestForInformation -->
  <system-out/>
  <testcase name="verifyFormSubmissionWith_ProjectSupport" classname="com.OSMOSE.testcases.Contact">
    <skipped/>
  </testcase> <!-- verifyFormSubmissionWith_ProjectSupport -->
  <system-out/>
  <testcase name="verifyClickOnBackButton" classname="com.OSMOSE.testcases.Contact">
    <skipped/>
  </testcase> <!-- verifyClickOnBackButton -->
  <system-out/>
</testsuite> <!-- com.OSMOSE.testcases.Contact -->
