<?xml version="1.0" encoding="UTF-8"?>
<!-- Generated by org.testng.reporters.JUnitReportReporter -->
<testsuite skipped="2" hostname="5CG6323N27" name="com.OSMOSE.testcases.KnowledgeBase" tests="97" failures="0" timestamp="2020-10-05T17:20:31 IST" time="1832.059" errors="0">
  <testcase name="verifyKnowledgeBaseNavigationClick" time="50.067" classname="com.OSMOSE.testcases.KnowledgeBase"/>
  <system-out>
Click to see Screenshot <a target="_blank" href=Mon_Oct_05_16_49_50_IST_2020.jpg>Screenshot</a> <br> <br> <a target="_blank" href=Mon_Oct_05_16_49_50_IST_2020.jpg><img src=Mon_Oct_05_16_49_50_IST_2020.jpg height=200 width=200></img></a>  </system-out>
  <testcase name="verifyLinksPresentOnKb" time="0.164" classname="com.OSMOSE.testcases.KnowledgeBase"/>
  <system-out>
Click to see Screenshot <a target="_blank" href=Mon_Oct_05_16_49_50_IST_2020.jpg>Screenshot</a> <br> <br> <a target="_blank" href=Mon_Oct_05_16_49_50_IST_2020.jpg><img src=Mon_Oct_05_16_49_50_IST_2020.jpg height=200 width=200></img></a>  </system-out>
  <testcase name="verifyPresenceOfSearchBox" time="0.122" classname="com.OSMOSE.testcases.KnowledgeBase"/>
  <system-out>
Click to see Screenshot <a target="_blank" href=Mon_Oct_05_16_49_51_IST_2020.jpg>Screenshot</a> <br> <br> <a target="_blank" href=Mon_Oct_05_16_49_51_IST_2020.jpg><img src=Mon_Oct_05_16_49_51_IST_2020.jpg height=200 width=200></img></a>  </system-out>
  <testcase name="verifyPresenceOfPopularQueriesFilter" time="0.052" classname="com.OSMOSE.testcases.KnowledgeBase"/>
  <system-out>
Click to see Screenshot <a target="_blank" href=Mon_Oct_05_16_49_52_IST_2020.jpg>Screenshot</a> <br> <br> <a target="_blank" href=Mon_Oct_05_16_49_52_IST_2020.jpg><img src=Mon_Oct_05_16_49_52_IST_2020.jpg height=200 width=200></img></a>  </system-out>
  <testcase name="verifyPresenceOfFilterItems" time="4.422" classname="com.OSMOSE.testcases.KnowledgeBase"/>
  <system-out>
Click to see Screenshot <a target="_blank" href=Mon_Oct_05_16_49_57_IST_2020.jpg>Screenshot</a> <br> <br> <a target="_blank" href=Mon_Oct_05_16_49_57_IST_2020.jpg><img src=Mon_Oct_05_16_49_57_IST_2020.jpg height=200 width=200></img></a>  </system-out>
  <testcase name="verifyPresenceSteelAndConcreteAssessmentCard" time="0.044" classname="com.OSMOSE.testcases.KnowledgeBase"/>
  <system-out>
Click to see Screenshot <a target="_blank" href=Mon_Oct_05_16_49_57_IST_2020.jpg>Screenshot</a> <br> <br> <a target="_blank" href=Mon_Oct_05_16_49_57_IST_2020.jpg><img src=Mon_Oct_05_16_49_57_IST_2020.jpg height=200 width=200></img></a>  </system-out>
  <testcase name="verifyPresenceSteelAndConcreteRestorationCard" time="0.044" classname="com.OSMOSE.testcases.KnowledgeBase"/>
  <system-out>
Click to see Screenshot <a target="_blank" href=Mon_Oct_05_16_49_58_IST_2020.jpg>Screenshot</a> <br> <br> <a target="_blank" href=Mon_Oct_05_16_49_58_IST_2020.jpg><img src=Mon_Oct_05_16_49_58_IST_2020.jpg height=200 width=200></img></a>  </system-out>
  <testcase name="verifyPresenceWoodInspectionAndTreatmentCard" time="0.051" classname="com.OSMOSE.testcases.KnowledgeBase"/>
  <system-out>
Click to see Screenshot <a target="_blank" href=Mon_Oct_05_16_49_58_IST_2020.jpg>Screenshot</a> <br> <br> <a target="_blank" href=Mon_Oct_05_16_49_58_IST_2020.jpg><img src=Mon_Oct_05_16_49_58_IST_2020.jpg height=200 width=200></img></a>  </system-out>
  <testcase name="verifyPresenceWoodRestorationCard" time="0.037" classname="com.OSMOSE.testcases.KnowledgeBase"/>
  <system-out>
Click to see Screenshot <a target="_blank" href=Mon_Oct_05_16_49_59_IST_2020.jpg>Screenshot</a> <br> <br> <a target="_blank" href=Mon_Oct_05_16_49_59_IST_2020.jpg><img src=Mon_Oct_05_16_49_59_IST_2020.jpg height=200 width=200></img></a>  </system-out>
  <testcase name="verifyPresenceUndergroundCard" time="0.036" classname="com.OSMOSE.testcases.KnowledgeBase"/>
  <system-out>
Click to see Screenshot <a target="_blank" href=Mon_Oct_05_16_50_00_IST_2020.jpg>Screenshot</a> <br> <br> <a target="_blank" href=Mon_Oct_05_16_50_00_IST_2020.jpg><img src=Mon_Oct_05_16_50_00_IST_2020.jpg height=200 width=200></img></a>  </system-out>
  <testcase name="verifyPresenceOverheadCard" time="0.051" classname="com.OSMOSE.testcases.KnowledgeBase"/>
  <system-out>
Click to see Screenshot <a target="_blank" href=Mon_Oct_05_16_50_00_IST_2020.jpg>Screenshot</a> <br> <br> <a target="_blank" href=Mon_Oct_05_16_50_00_IST_2020.jpg><img src=Mon_Oct_05_16_50_00_IST_2020.jpg height=200 width=200></img></a>  </system-out>
  <testcase name="verifyPresenceJointUseCard" time="0.055" classname="com.OSMOSE.testcases.KnowledgeBase"/>
  <system-out>
Click to see Screenshot <a target="_blank" href=Mon_Oct_05_16_50_01_IST_2020.jpg>Screenshot</a> <br> <br> <a target="_blank" href=Mon_Oct_05_16_50_01_IST_2020.jpg><img src=Mon_Oct_05_16_50_01_IST_2020.jpg height=200 width=200></img></a>  </system-out>
  <testcase name="verifyPresencePoleReplacementCard" time="0.040" classname="com.OSMOSE.testcases.KnowledgeBase"/>
  <system-out>
Click to see Screenshot <a target="_blank" href=Mon_Oct_05_16_50_01_IST_2020.jpg>Screenshot</a> <br> <br> <a target="_blank" href=Mon_Oct_05_16_50_01_IST_2020.jpg><img src=Mon_Oct_05_16_50_01_IST_2020.jpg height=200 width=200></img></a>  </system-out>
  <testcase name="verifyPresenceStormSupportCard" time="0.066" classname="com.OSMOSE.testcases.KnowledgeBase"/>
  <system-out>
Click to see Screenshot <a target="_blank" href=Mon_Oct_05_16_50_02_IST_2020.jpg>Screenshot</a> <br> <br> <a target="_blank" href=Mon_Oct_05_16_50_02_IST_2020.jpg><img src=Mon_Oct_05_16_50_02_IST_2020.jpg height=200 width=200></img></a>  </system-out>
  <testcase name="verifyPresenceProductsCard" time="0.064" classname="com.OSMOSE.testcases.KnowledgeBase"/>
  <system-out>
Click to see Screenshot <a target="_blank" href=Mon_Oct_05_16_50_02_IST_2020.jpg>Screenshot</a> <br> <br> <a target="_blank" href=Mon_Oct_05_16_50_02_IST_2020.jpg><img src=Mon_Oct_05_16_50_02_IST_2020.jpg height=200 width=200></img></a>  </system-out>
  <testcase name="verifyPresenceOCalcProCard" time="0.038" classname="com.OSMOSE.testcases.KnowledgeBase"/>
  <system-out>
Click to see Screenshot <a target="_blank" href=Mon_Oct_05_16_50_03_IST_2020.jpg>Screenshot</a> <br> <br> <a target="_blank" href=Mon_Oct_05_16_50_03_IST_2020.jpg><img src=Mon_Oct_05_16_50_03_IST_2020.jpg height=200 width=200></img></a>  </system-out>
  <testcase name="verifyPresenceProjectOfTheWeekCard" time="0.133" classname="com.OSMOSE.testcases.KnowledgeBase"/>
  <system-out>
Click to see Screenshot <a target="_blank" href=Mon_Oct_05_16_50_04_IST_2020.jpg>Screenshot</a> <br> <br> <a target="_blank" href=Mon_Oct_05_16_50_04_IST_2020.jpg><img src=Mon_Oct_05_16_50_04_IST_2020.jpg height=200 width=200></img></a>  </system-out>
  <testcase name="verifyPresenceWhatswrongwiththisPictureCard" time="0.043" classname="com.OSMOSE.testcases.KnowledgeBase"/>
  <system-out>
Click to see Screenshot <a target="_blank" href=Mon_Oct_05_16_50_04_IST_2020.jpg>Screenshot</a> <br> <br> <a target="_blank" href=Mon_Oct_05_16_50_04_IST_2020.jpg><img src=Mon_Oct_05_16_50_04_IST_2020.jpg height=200 width=200></img></a>  </system-out>
  <testcase name="verifyPresenceFeaturedVideosCard" time="0.037" classname="com.OSMOSE.testcases.KnowledgeBase"/>
  <system-out>
Click to see Screenshot <a target="_blank" href=Mon_Oct_05_16_50_05_IST_2020.jpg>Screenshot</a> <br> <br> <a target="_blank" href=Mon_Oct_05_16_50_05_IST_2020.jpg><img src=Mon_Oct_05_16_50_05_IST_2020.jpg height=200 width=200></img></a>  </system-out>
  <testcase name="verifyPresenceSuggestedContentsCard" time="0.037" classname="com.OSMOSE.testcases.KnowledgeBase"/>
  <system-out>
Click to see Screenshot <a target="_blank" href=Mon_Oct_05_16_50_05_IST_2020.jpg>Screenshot</a> <br> <br> <a target="_blank" href=Mon_Oct_05_16_50_05_IST_2020.jpg><img src=Mon_Oct_05_16_50_05_IST_2020.jpg height=200 width=200></img></a>  </system-out>
  <testcase name="verifyPresenceOfOcalCproButtons" time="3.266" classname="com.OSMOSE.testcases.KnowledgeBase"/>
  <system-out>
Click to see Screenshot <a target="_blank" href=Mon_Oct_05_16_50_09_IST_2020.jpg>Screenshot</a> <br> <br> <a target="_blank" href=Mon_Oct_05_16_50_09_IST_2020.jpg><img src=Mon_Oct_05_16_50_09_IST_2020.jpg height=200 width=200></img></a>  </system-out>
  <testcase name="verifyPresenceOfSliderOnSuggestedContents" time="8.192" classname="com.OSMOSE.testcases.KnowledgeBase"/>
  <system-out>
Click to see Screenshot <a target="_blank" href=Mon_Oct_05_16_50_18_IST_2020.jpg>Screenshot</a> <br> <br> <a target="_blank" href=Mon_Oct_05_16_50_18_IST_2020.jpg><img src=Mon_Oct_05_16_50_18_IST_2020.jpg height=200 width=200></img></a>  </system-out>
  <testcase name="verifyClickOnItemSuggestedContents" time="9.366" classname="com.OSMOSE.testcases.KnowledgeBase"/>
  <system-out>
Click to see Screenshot <a target="_blank" href=Mon_Oct_05_16_50_28_IST_2020.jpg>Screenshot</a> <br> <br> <a target="_blank" href=Mon_Oct_05_16_50_28_IST_2020.jpg><img src=Mon_Oct_05_16_50_28_IST_2020.jpg height=200 width=200></img></a>  </system-out>
  <testcase name="verifyClickOnItemFeaturedVideos" time="5.575" classname="com.OSMOSE.testcases.KnowledgeBase"/>
  <system-out>
Click to see Screenshot <a target="_blank" href=Mon_Oct_05_16_50_34_IST_2020.jpg>Screenshot</a> <br> <br> <a target="_blank" href=Mon_Oct_05_16_50_34_IST_2020.jpg><img src=Mon_Oct_05_16_50_34_IST_2020.jpg height=200 width=200></img></a>  </system-out>
  <testcase name="verifyClickOnViewProjectProjectOfTheWeek" time="7.446" classname="com.OSMOSE.testcases.KnowledgeBase"/>
  <system-out>
Click to see Screenshot <a target="_blank" href=Mon_Oct_05_16_50_42_IST_2020.jpg>Screenshot</a> <br> <br> <a target="_blank" href=Mon_Oct_05_16_50_42_IST_2020.jpg><img src=Mon_Oct_05_16_50_42_IST_2020.jpg height=200 width=200></img></a>  </system-out>
  <testcase name="verifyCardContentsSteelConcreteAssessment" time="0.228" classname="com.OSMOSE.testcases.KnowledgeBase"/>
  <system-out>
Click to see Screenshot <a target="_blank" href=Mon_Oct_05_16_50_44_IST_2020.jpg>Screenshot</a> <br> <br> <a target="_blank" href=Mon_Oct_05_16_50_44_IST_2020.jpg><img src=Mon_Oct_05_16_50_44_IST_2020.jpg height=200 width=200></img></a>  </system-out>
  <testcase name="verifyCardContentsSteelConcreteRestoration" time="0.339" classname="com.OSMOSE.testcases.KnowledgeBase"/>
  <system-out>
Click to see Screenshot <a target="_blank" href=Mon_Oct_05_16_50_45_IST_2020.jpg>Screenshot</a> <br> <br> <a target="_blank" href=Mon_Oct_05_16_50_45_IST_2020.jpg><img src=Mon_Oct_05_16_50_45_IST_2020.jpg height=200 width=200></img></a>  </system-out>
  <testcase name="verifyCardContentsWoodInspectionTreatment" time="0.232" classname="com.OSMOSE.testcases.KnowledgeBase"/>
  <system-out>
Click to see Screenshot <a target="_blank" href=Mon_Oct_05_16_50_45_IST_2020.jpg>Screenshot</a> <br> <br> <a target="_blank" href=Mon_Oct_05_16_50_45_IST_2020.jpg><img src=Mon_Oct_05_16_50_45_IST_2020.jpg height=200 width=200></img></a>  </system-out>
  <testcase name="verifyCardContentsWoodRestoration" time="0.237" classname="com.OSMOSE.testcases.KnowledgeBase"/>
  <system-out>
Click to see Screenshot <a target="_blank" href=Mon_Oct_05_16_50_46_IST_2020.jpg>Screenshot</a> <br> <br> <a target="_blank" href=Mon_Oct_05_16_50_46_IST_2020.jpg><img src=Mon_Oct_05_16_50_46_IST_2020.jpg height=200 width=200></img></a>  </system-out>
  <testcase name="verifyCardContentsJointUse" time="0.249" classname="com.OSMOSE.testcases.KnowledgeBase"/>
  <system-out>
Click to see Screenshot <a target="_blank" href=Mon_Oct_05_16_50_47_IST_2020.jpg>Screenshot</a> <br> <br> <a target="_blank" href=Mon_Oct_05_16_50_47_IST_2020.jpg><img src=Mon_Oct_05_16_50_47_IST_2020.jpg height=200 width=200></img></a>  </system-out>
  <testcase name="verifyCardContentsOverhead" time="0.240" classname="com.OSMOSE.testcases.KnowledgeBase"/>
  <system-out>
Click to see Screenshot <a target="_blank" href=Mon_Oct_05_16_50_48_IST_2020.jpg>Screenshot</a> <br> <br> <a target="_blank" href=Mon_Oct_05_16_50_48_IST_2020.jpg><img src=Mon_Oct_05_16_50_48_IST_2020.jpg height=200 width=200></img></a>  </system-out>
  <testcase name="verifyCardContentsPoleReplacement" time="0.224" classname="com.OSMOSE.testcases.KnowledgeBase"/>
  <system-out>
Click to see Screenshot <a target="_blank" href=Mon_Oct_05_16_50_49_IST_2020.jpg>Screenshot</a> <br> <br> <a target="_blank" href=Mon_Oct_05_16_50_49_IST_2020.jpg><img src=Mon_Oct_05_16_50_49_IST_2020.jpg height=200 width=200></img></a>  </system-out>
  <testcase name="verifyCardContentsProducts" time="0.281" classname="com.OSMOSE.testcases.KnowledgeBase"/>
  <system-out>
Click to see Screenshot <a target="_blank" href=Mon_Oct_05_16_50_49_IST_2020.jpg>Screenshot</a> <br> <br> <a target="_blank" href=Mon_Oct_05_16_50_49_IST_2020.jpg><img src=Mon_Oct_05_16_50_49_IST_2020.jpg height=200 width=200></img></a>  </system-out>
  <testcase name="verifyCardContentsStormSupport" time="0.258" classname="com.OSMOSE.testcases.KnowledgeBase"/>
  <system-out>
Click to see Screenshot <a target="_blank" href=Mon_Oct_05_16_50_50_IST_2020.jpg>Screenshot</a> <br> <br> <a target="_blank" href=Mon_Oct_05_16_50_50_IST_2020.jpg><img src=Mon_Oct_05_16_50_50_IST_2020.jpg height=200 width=200></img></a>  </system-out>
  <testcase name="verifyCardContentsUnderground" time="0.211" classname="com.OSMOSE.testcases.KnowledgeBase"/>
  <system-out>
Click to see Screenshot <a target="_blank" href=Mon_Oct_05_16_50_51_IST_2020.jpg>Screenshot</a> <br> <br> <a target="_blank" href=Mon_Oct_05_16_50_51_IST_2020.jpg><img src=Mon_Oct_05_16_50_51_IST_2020.jpg height=200 width=200></img></a>  </system-out>
  <testcase name="verifyClickOnDailyGaffGallery" time="24.684" classname="com.OSMOSE.testcases.KnowledgeBase"/>
  <system-out>
Click to see Screenshot <a target="_blank" href=Mon_Oct_05_16_51_17_IST_2020.jpg>Screenshot</a> <br> <br> <a target="_blank" href=Mon_Oct_05_16_51_17_IST_2020.jpg><img src=Mon_Oct_05_16_51_17_IST_2020.jpg height=200 width=200></img></a>  </system-out>
  <testcase name="verifyClickOnDailyGaffGalleryImage" time="17.049" classname="com.OSMOSE.testcases.KnowledgeBase"/>
  <system-out>
Click to see Screenshot <a target="_blank" href=Mon_Oct_05_16_51_34_IST_2020.jpg>Screenshot</a> <br> <br> <a target="_blank" href=Mon_Oct_05_16_51_34_IST_2020.jpg><img src=Mon_Oct_05_16_51_34_IST_2020.jpg height=200 width=200></img></a>  </system-out>
  <testcase name="verifyClickOnJointUseCard" time="46.239" classname="com.OSMOSE.testcases.KnowledgeBase"/>
  <system-out>
Click to see Screenshot <a target="_blank" href=Mon_Oct_05_16_52_21_IST_2020.jpg>Screenshot</a> <br> <br> <a target="_blank" href=Mon_Oct_05_16_52_21_IST_2020.jpg><img src=Mon_Oct_05_16_52_21_IST_2020.jpg height=200 width=200></img></a>  </system-out>
  <testcase name="verifyClickOnOverheadCard" time="41.706" classname="com.OSMOSE.testcases.KnowledgeBase"/>
  <system-out>
Click to see Screenshot <a target="_blank" href=Mon_Oct_05_16_53_03_IST_2020.jpg>Screenshot</a> <br> <br> <a target="_blank" href=Mon_Oct_05_16_53_03_IST_2020.jpg><img src=Mon_Oct_05_16_53_03_IST_2020.jpg height=200 width=200></img></a>  </system-out>
  <testcase name="verifyClickOnPoleReplacementCard" time="41.696" classname="com.OSMOSE.testcases.KnowledgeBase"/>
  <system-out>
Click to see Screenshot <a target="_blank" href=Mon_Oct_05_16_53_45_IST_2020.jpg>Screenshot</a> <br> <br> <a target="_blank" href=Mon_Oct_05_16_53_45_IST_2020.jpg><img src=Mon_Oct_05_16_53_45_IST_2020.jpg height=200 width=200></img></a>  </system-out>
  <testcase name="verifyClickOnProductsCard" time="41.934" classname="com.OSMOSE.testcases.KnowledgeBase"/>
  <system-out>
Click to see Screenshot <a target="_blank" href=Mon_Oct_05_16_54_28_IST_2020.jpg>Screenshot</a> <br> <br> <a target="_blank" href=Mon_Oct_05_16_54_28_IST_2020.jpg><img src=Mon_Oct_05_16_54_28_IST_2020.jpg height=200 width=200></img></a>  </system-out>
  <testcase name="verifyClickOnSteelandConcreteAssessmentCard" time="20.176" classname="com.OSMOSE.testcases.KnowledgeBase"/>
  <system-out>
Click to see Screenshot <a target="_blank" href=Mon_Oct_05_16_54_49_IST_2020.jpg>Screenshot</a> <br> <br> <a target="_blank" href=Mon_Oct_05_16_54_49_IST_2020.jpg><img src=Mon_Oct_05_16_54_49_IST_2020.jpg height=200 width=200></img></a>  </system-out>
  <testcase name="verifyClickOnSteelandConcreteRestorationCard" time="20.239" classname="com.OSMOSE.testcases.KnowledgeBase"/>
  <system-out>
Click to see Screenshot <a target="_blank" href=Mon_Oct_05_16_55_10_IST_2020.jpg>Screenshot</a> <br> <br> <a target="_blank" href=Mon_Oct_05_16_55_10_IST_2020.jpg><img src=Mon_Oct_05_16_55_10_IST_2020.jpg height=200 width=200></img></a>  </system-out>
  <testcase name="verifyClickOnStormSupportCard" time="41.890" classname="com.OSMOSE.testcases.KnowledgeBase"/>
  <system-out>
Click to see Screenshot <a target="_blank" href=Mon_Oct_05_16_55_52_IST_2020.jpg>Screenshot</a> <br> <br> <a target="_blank" href=Mon_Oct_05_16_55_52_IST_2020.jpg><img src=Mon_Oct_05_16_55_52_IST_2020.jpg height=200 width=200></img></a>  </system-out>
  <testcase name="verifyClickOnUndergroundCard" time="41.794" classname="com.OSMOSE.testcases.KnowledgeBase"/>
  <system-out>
Click to see Screenshot <a target="_blank" href=Mon_Oct_05_16_56_35_IST_2020.jpg>Screenshot</a> <br> <br> <a target="_blank" href=Mon_Oct_05_16_56_35_IST_2020.jpg><img src=Mon_Oct_05_16_56_35_IST_2020.jpg height=200 width=200></img></a>  </system-out>
  <testcase name="verifyClickOnWoodRestorationCard" time="20.294" classname="com.OSMOSE.testcases.KnowledgeBase"/>
  <system-out>
Click to see Screenshot <a target="_blank" href=Mon_Oct_05_16_56_56_IST_2020.jpg>Screenshot</a> <br> <br> <a target="_blank" href=Mon_Oct_05_16_56_56_IST_2020.jpg><img src=Mon_Oct_05_16_56_56_IST_2020.jpg height=200 width=200></img></a>  </system-out>
  <testcase name="verifyClickOnWoodInspectionCard" time="20.314" classname="com.OSMOSE.testcases.KnowledgeBase"/>
  <system-out>
Click to see Screenshot <a target="_blank" href=Mon_Oct_05_16_57_17_IST_2020.jpg>Screenshot</a> <br> <br> <a target="_blank" href=Mon_Oct_05_16_57_17_IST_2020.jpg><img src=Mon_Oct_05_16_57_17_IST_2020.jpg height=200 width=200></img></a>  </system-out>
  <testcase name="verifyClickonJointUsImages" time="22.580" classname="com.OSMOSE.testcases.KnowledgeBase"/>
  <system-out>
Click to see Screenshot <a target="_blank" href=Mon_Oct_05_16_57_40_IST_2020.jpg>Screenshot</a> <br> <br> <a target="_blank" href=Mon_Oct_05_16_57_40_IST_2020.jpg><img src=Mon_Oct_05_16_57_40_IST_2020.jpg height=200 width=200></img></a>  </system-out>
  <testcase name="verifyClickonJointUsVideos" time="37.380" classname="com.OSMOSE.testcases.KnowledgeBase"/>
  <system-out>
Click to see Screenshot <a target="_blank" href=Mon_Oct_05_16_58_18_IST_2020.jpg>Screenshot</a> <br> <br> <a target="_blank" href=Mon_Oct_05_16_58_18_IST_2020.jpg><img src=Mon_Oct_05_16_58_18_IST_2020.jpg height=200 width=200></img></a>  </system-out>
  <testcase name="verifyClickonJointUsArticles" time="9.872" classname="com.OSMOSE.testcases.KnowledgeBase"/>
  <system-out>
Click to see Screenshot <a target="_blank" href=Mon_Oct_05_16_58_28_IST_2020.jpg>Screenshot</a> <br> <br> <a target="_blank" href=Mon_Oct_05_16_58_28_IST_2020.jpg><img src=Mon_Oct_05_16_58_28_IST_2020.jpg height=200 width=200></img></a>  </system-out>
  <testcase name="verifyClickonOverheadVideos" time="35.294" classname="com.OSMOSE.testcases.KnowledgeBase"/>
  <system-out>
Click to see Screenshot <a target="_blank" href=Mon_Oct_05_16_59_04_IST_2020.jpg>Screenshot</a> <br> <br> <a target="_blank" href=Mon_Oct_05_16_59_04_IST_2020.jpg><img src=Mon_Oct_05_16_59_04_IST_2020.jpg height=200 width=200></img></a>  </system-out>
  <testcase name="verifyClickonOverheadImages" time="27.480" classname="com.OSMOSE.testcases.KnowledgeBase"/>
  <system-out>
Click to see Screenshot <a target="_blank" href=Mon_Oct_05_16_59_32_IST_2020.jpg>Screenshot</a> <br> <br> <a target="_blank" href=Mon_Oct_05_16_59_32_IST_2020.jpg><img src=Mon_Oct_05_16_59_32_IST_2020.jpg height=200 width=200></img></a>  </system-out>
  <testcase name="verifyClickonOverheadProjectProfiles" time="27.501" classname="com.OSMOSE.testcases.KnowledgeBase"/>
  <system-out>
Click to see Screenshot <a target="_blank" href=Mon_Oct_05_17_00_00_IST_2020.jpg>Screenshot</a> <br> <br> <a target="_blank" href=Mon_Oct_05_17_00_00_IST_2020.jpg><img src=Mon_Oct_05_17_00_00_IST_2020.jpg height=200 width=200></img></a>  </system-out>
  <testcase name="verifyClickonPoleReplacementImages" time="27.469" classname="com.OSMOSE.testcases.KnowledgeBase"/>
  <system-out>
Click to see Screenshot <a target="_blank" href=Mon_Oct_05_17_00_28_IST_2020.jpg>Screenshot</a> <br> <br> <a target="_blank" href=Mon_Oct_05_17_00_28_IST_2020.jpg><img src=Mon_Oct_05_17_00_28_IST_2020.jpg height=200 width=200></img></a>  </system-out>
  <testcase name="verifyClickonPoleReplacementVideos" time="37.339" classname="com.OSMOSE.testcases.KnowledgeBase"/>
  <system-out>
Click to see Screenshot <a target="_blank" href=Mon_Oct_05_17_01_06_IST_2020.jpg>Screenshot</a> <br> <br> <a target="_blank" href=Mon_Oct_05_17_01_06_IST_2020.jpg><img src=Mon_Oct_05_17_01_06_IST_2020.jpg height=200 width=200></img></a>  </system-out>
  <testcase name="verifyClickonPoleReplacementBrochure" time="27.413" classname="com.OSMOSE.testcases.KnowledgeBase"/>
  <system-out>
Click to see Screenshot <a target="_blank" href=Mon_Oct_05_17_01_34_IST_2020.jpg>Screenshot</a> <br> <br> <a target="_blank" href=Mon_Oct_05_17_01_34_IST_2020.jpg><img src=Mon_Oct_05_17_01_34_IST_2020.jpg height=200 width=200></img></a>  </system-out>
  <testcase name="verifyClickonProductsImages" time="27.534" classname="com.OSMOSE.testcases.KnowledgeBase"/>
  <system-out>
Click to see Screenshot <a target="_blank" href=Mon_Oct_05_17_02_02_IST_2020.jpg>Screenshot</a> <br> <br> <a target="_blank" href=Mon_Oct_05_17_02_02_IST_2020.jpg><img src=Mon_Oct_05_17_02_02_IST_2020.jpg height=200 width=200></img></a>  </system-out>
  <testcase name="verifyClickonProductsVideos" time="37.369" classname="com.OSMOSE.testcases.KnowledgeBase"/>
  <system-out>
Click to see Screenshot <a target="_blank" href=Mon_Oct_05_17_02_40_IST_2020.jpg>Screenshot</a> <br> <br> <a target="_blank" href=Mon_Oct_05_17_02_40_IST_2020.jpg><img src=Mon_Oct_05_17_02_40_IST_2020.jpg height=200 width=200></img></a>  </system-out>
  <testcase name="verifyClickonProductsProductCatalog" time="27.358" classname="com.OSMOSE.testcases.KnowledgeBase"/>
  <system-out>
Click to see Screenshot <a target="_blank" href=Mon_Oct_05_17_03_08_IST_2020.jpg>Screenshot</a> <br> <br> <a target="_blank" href=Mon_Oct_05_17_03_08_IST_2020.jpg><img src=Mon_Oct_05_17_03_08_IST_2020.jpg height=200 width=200></img></a>  </system-out>
  <testcase name="verifyClickonSteelAndConcreteAssessmentImages" time="27.384" classname="com.OSMOSE.testcases.KnowledgeBase"/>
  <system-out>
Click to see Screenshot <a target="_blank" href=Mon_Oct_05_17_03_36_IST_2020.jpg>Screenshot</a> <br> <br> <a target="_blank" href=Mon_Oct_05_17_03_36_IST_2020.jpg><img src=Mon_Oct_05_17_03_36_IST_2020.jpg height=200 width=200></img></a>  </system-out>
  <testcase name="verifyClickonSteelAndConcreteAssessmentBrochures" time="9.289" classname="com.OSMOSE.testcases.KnowledgeBase"/>
  <system-out>
Click to see Screenshot <a target="_blank" href=Mon_Oct_05_17_03_46_IST_2020.jpg>Screenshot</a> <br> <br> <a target="_blank" href=Mon_Oct_05_17_03_46_IST_2020.jpg><img src=Mon_Oct_05_17_03_46_IST_2020.jpg height=200 width=200></img></a>  </system-out>
  <testcase name="verifyClickonSteelAndConcreteAssessmentStandardsCodes" time="8.177" classname="com.OSMOSE.testcases.KnowledgeBase"/>
  <system-out>
Click to see Screenshot <a target="_blank" href=Mon_Oct_05_17_03_54_IST_2020.jpg>Screenshot</a> <br> <br> <a target="_blank" href=Mon_Oct_05_17_03_54_IST_2020.jpg><img src=Mon_Oct_05_17_03_54_IST_2020.jpg height=200 width=200></img></a>  </system-out>
  <testcase name="verifyClickonSteelAndConcreteRestorationArticles" time="8.217" classname="com.OSMOSE.testcases.KnowledgeBase"/>
  <system-out>
Click to see Screenshot <a target="_blank" href=Mon_Oct_05_17_04_03_IST_2020.jpg>Screenshot</a> <br> <br> <a target="_blank" href=Mon_Oct_05_17_04_03_IST_2020.jpg><img src=Mon_Oct_05_17_04_03_IST_2020.jpg height=200 width=200></img></a>  </system-out>
  <testcase name="verifyClickonSteelAndConcreteRestorationBrochures" time="9.051" classname="com.OSMOSE.testcases.KnowledgeBase"/>
  <system-out>
Click to see Screenshot <a target="_blank" href=Mon_Oct_05_17_04_13_IST_2020.jpg>Screenshot</a> <br> <br> <a target="_blank" href=Mon_Oct_05_17_04_13_IST_2020.jpg><img src=Mon_Oct_05_17_04_13_IST_2020.jpg height=200 width=200></img></a>  </system-out>
  <testcase name="verifyClickonSteelAndConcreteRestorationImages" time="27.406" classname="com.OSMOSE.testcases.KnowledgeBase"/>
  <system-out>
Click to see Screenshot <a target="_blank" href=Mon_Oct_05_17_04_41_IST_2020.jpg>Screenshot</a> <br> <br> <a target="_blank" href=Mon_Oct_05_17_04_41_IST_2020.jpg><img src=Mon_Oct_05_17_04_41_IST_2020.jpg height=200 width=200></img></a>  </system-out>
  <testcase name="verifyClickonStormSupportImages" time="27.502" classname="com.OSMOSE.testcases.KnowledgeBase"/>
  <system-out>
Click to see Screenshot <a target="_blank" href=Mon_Oct_05_17_05_09_IST_2020.jpg>Screenshot</a> <br> <br> <a target="_blank" href=Mon_Oct_05_17_05_09_IST_2020.jpg><img src=Mon_Oct_05_17_05_09_IST_2020.jpg height=200 width=200></img></a>  </system-out>
  <testcase name="verifyClickonStormSupportVideos" time="37.667" classname="com.OSMOSE.testcases.KnowledgeBase"/>
  <system-out>
Click to see Screenshot <a target="_blank" href=Mon_Oct_05_17_05_47_IST_2020.jpg>Screenshot</a> <br> <br> <a target="_blank" href=Mon_Oct_05_17_05_47_IST_2020.jpg><img src=Mon_Oct_05_17_05_47_IST_2020.jpg height=200 width=200></img></a>  </system-out>
  <testcase name="verifyClickonStormSupportProjectProfiles" time="27.382" classname="com.OSMOSE.testcases.KnowledgeBase"/>
  <system-out>
Click to see Screenshot <a target="_blank" href=Mon_Oct_05_17_06_15_IST_2020.jpg>Screenshot</a> <br> <br> <a target="_blank" href=Mon_Oct_05_17_06_15_IST_2020.jpg><img src=Mon_Oct_05_17_06_15_IST_2020.jpg height=200 width=200></img></a>  </system-out>
  <testcase name="verifyClickonUndergroundImages" time="27.490" classname="com.OSMOSE.testcases.KnowledgeBase"/>
  <system-out>
Click to see Screenshot <a target="_blank" href=Mon_Oct_05_17_06_43_IST_2020.jpg>Screenshot</a> <br> <br> <a target="_blank" href=Mon_Oct_05_17_06_43_IST_2020.jpg><img src=Mon_Oct_05_17_06_43_IST_2020.jpg height=200 width=200></img></a>  </system-out>
  <testcase name="verifyClickonUndergroundBrochure" time="27.462" classname="com.OSMOSE.testcases.KnowledgeBase"/>
  <system-out>
Click to see Screenshot <a target="_blank" href=Mon_Oct_05_17_07_11_IST_2020.jpg>Screenshot</a> <br> <br> <a target="_blank" href=Mon_Oct_05_17_07_11_IST_2020.jpg><img src=Mon_Oct_05_17_07_11_IST_2020.jpg height=200 width=200></img></a>  </system-out>
  <testcase name="verifyClickonUndergroundDiagram" time="27.535" classname="com.OSMOSE.testcases.KnowledgeBase"/>
  <system-out>
Click to see Screenshot <a target="_blank" href=Mon_Oct_05_17_07_40_IST_2020.jpg>Screenshot</a> <br> <br> <a target="_blank" href=Mon_Oct_05_17_07_40_IST_2020.jpg><img src=Mon_Oct_05_17_07_40_IST_2020.jpg height=200 width=200></img></a>  </system-out>
  <testcase name="verifyClickonWoodRestorationVideos" time="37.232" classname="com.OSMOSE.testcases.KnowledgeBase"/>
  <system-out>
Click to see Screenshot <a target="_blank" href=Mon_Oct_05_17_08_18_IST_2020.jpg>Screenshot</a> <br> <br> <a target="_blank" href=Mon_Oct_05_17_08_18_IST_2020.jpg><img src=Mon_Oct_05_17_08_18_IST_2020.jpg height=200 width=200></img></a>  </system-out>
  <testcase name="verifyClickonWoodRestorationBrochures" time="9.290" classname="com.OSMOSE.testcases.KnowledgeBase"/>
  <system-out>
Click to see Screenshot <a target="_blank" href=Mon_Oct_05_17_08_27_IST_2020.jpg>Screenshot</a> <br> <br> <a target="_blank" href=Mon_Oct_05_17_08_27_IST_2020.jpg><img src=Mon_Oct_05_17_08_27_IST_2020.jpg height=200 width=200></img></a>  </system-out>
  <testcase name="verifyClickonWoodRestorationArticles" time="8.226" classname="com.OSMOSE.testcases.KnowledgeBase"/>
  <system-out>
Click to see Screenshot <a target="_blank" href=Mon_Oct_05_17_08_36_IST_2020.jpg>Screenshot</a> <br> <br> <a target="_blank" href=Mon_Oct_05_17_08_36_IST_2020.jpg><img src=Mon_Oct_05_17_08_36_IST_2020.jpg height=200 width=200></img></a>  </system-out>
  <testcase name="verifyClickonWoodTreatmentVideos" time="37.243" classname="com.OSMOSE.testcases.KnowledgeBase"/>
  <system-out>
Click to see Screenshot <a target="_blank" href=Mon_Oct_05_17_09_14_IST_2020.jpg>Screenshot</a> <br> <br> <a target="_blank" href=Mon_Oct_05_17_09_14_IST_2020.jpg><img src=Mon_Oct_05_17_09_14_IST_2020.jpg height=200 width=200></img></a>  </system-out>
  <testcase name="verifyClickonWoodTreatmentImages" time="27.525" classname="com.OSMOSE.testcases.KnowledgeBase"/>
  <system-out>
Click to see Screenshot <a target="_blank" href=Mon_Oct_05_17_09_42_IST_2020.jpg>Screenshot</a> <br> <br> <a target="_blank" href=Mon_Oct_05_17_09_42_IST_2020.jpg><img src=Mon_Oct_05_17_09_42_IST_2020.jpg height=200 width=200></img></a>  </system-out>
  <testcase name="verifyClickonWoodTreatmentResearch" time="27.451" classname="com.OSMOSE.testcases.KnowledgeBase"/>
  <system-out>
Click to see Screenshot <a target="_blank" href=Mon_Oct_05_17_10_10_IST_2020.jpg>Screenshot</a> <br> <br> <a target="_blank" href=Mon_Oct_05_17_10_10_IST_2020.jpg><img src=Mon_Oct_05_17_10_10_IST_2020.jpg height=200 width=200></img></a>  </system-out>
  <testcase name="verifyClickonVideosSeeMore" time="35.008" classname="com.OSMOSE.testcases.KnowledgeBase"/>
  <system-out>
Click to see Screenshot <a target="_blank" href=Mon_Oct_05_17_10_46_IST_2020.jpg>Screenshot</a> <br> <br> <a target="_blank" href=Mon_Oct_05_17_10_46_IST_2020.jpg><img src=Mon_Oct_05_17_10_46_IST_2020.jpg height=200 width=200></img></a>  </system-out>
  <testcase name="verifyClickonImagesSeeMore" time="40.915" classname="com.OSMOSE.testcases.KnowledgeBase"/>
  <system-out>
Click to see Screenshot <a target="_blank" href=Mon_Oct_05_17_11_27_IST_2020.jpg>Screenshot</a> <br> <br> <a target="_blank" href=Mon_Oct_05_17_11_27_IST_2020.jpg><img src=Mon_Oct_05_17_11_27_IST_2020.jpg height=200 width=200></img></a>  </system-out>
  <testcase name="verifyClickonDocumentsSeeMore" time="41.172" classname="com.OSMOSE.testcases.KnowledgeBase"/>
  <system-out>
Click to see Screenshot <a target="_blank" href=Mon_Oct_05_17_12_09_IST_2020.jpg>Screenshot</a> <br> <br> <a target="_blank" href=Mon_Oct_05_17_12_09_IST_2020.jpg><img src=Mon_Oct_05_17_12_09_IST_2020.jpg height=200 width=200></img></a>  </system-out>
  <testcase name="verifyClickonJointUseManagementServicesSeeMore" time="44.671" classname="com.OSMOSE.testcases.KnowledgeBase"/>
  <system-out>
Click to see Screenshot <a target="_blank" href=Mon_Oct_05_17_12_54_IST_2020.jpg>Screenshot</a> <br> <br> <a target="_blank" href=Mon_Oct_05_17_12_54_IST_2020.jpg><img src=Mon_Oct_05_17_12_54_IST_2020.jpg height=200 width=200></img></a>  </system-out>
  <testcase name="verifyDynamicDropdown" time="36.009" classname="com.OSMOSE.testcases.KnowledgeBase"/>
  <system-out>
Click to see Screenshot <a target="_blank" href=Mon_Oct_05_17_13_31_IST_2020.jpg>Screenshot</a> <br> <br> <a target="_blank" href=Mon_Oct_05_17_13_31_IST_2020.jpg><img src=Mon_Oct_05_17_13_31_IST_2020.jpg height=200 width=200></img></a>  </system-out>
  <testcase name="verifySearchResultsAreGrouped" time="34.850" classname="com.OSMOSE.testcases.KnowledgeBase"/>
  <system-out>
Click to see Screenshot <a target="_blank" href=Mon_Oct_05_17_14_06_IST_2020.jpg>Screenshot</a> <br> <br> <a target="_blank" href=Mon_Oct_05_17_14_06_IST_2020.jpg><img src=Mon_Oct_05_17_14_06_IST_2020.jpg height=200 width=200></img></a>  </system-out>
  <testcase name="verifySearchResultsAreGroupedAfterfilterUpdation" time="56.818" classname="com.OSMOSE.testcases.KnowledgeBase"/>
  <system-out>
Click to see Screenshot <a target="_blank" href=Mon_Oct_05_17_15_04_IST_2020.jpg>Screenshot</a> <br> <br> <a target="_blank" href=Mon_Oct_05_17_15_04_IST_2020.jpg><img src=Mon_Oct_05_17_15_04_IST_2020.jpg height=200 width=200></img></a>  </system-out>
  <testcase name="verifySearchResultsOnTyping" time="34.841" classname="com.OSMOSE.testcases.KnowledgeBase"/>
  <system-out>
Click to see Screenshot <a target="_blank" href=Mon_Oct_05_17_15_39_IST_2020.jpg>Screenshot</a> <br> <br> <a target="_blank" href=Mon_Oct_05_17_15_39_IST_2020.jpg><img src=Mon_Oct_05_17_15_39_IST_2020.jpg height=200 width=200></img></a>  </system-out>
  <testcase name="verifyClearButtonOnTyping" time="11.601" classname="com.OSMOSE.testcases.KnowledgeBase"/>
  <system-out>
Click to see Screenshot <a target="_blank" href=Mon_Oct_05_17_15_51_IST_2020.jpg>Screenshot</a> <br> <br> <a target="_blank" href=Mon_Oct_05_17_15_51_IST_2020.jpg><img src=Mon_Oct_05_17_15_51_IST_2020.jpg height=200 width=200></img></a>  </system-out>
  <testcase name="verifySearchResultsAreVideos" time="36.897" classname="com.OSMOSE.testcases.KnowledgeBase"/>
  <system-out>
Click to see Screenshot <a target="_blank" href=Mon_Oct_05_17_16_29_IST_2020.jpg>Screenshot</a> <br> <br> <a target="_blank" href=Mon_Oct_05_17_16_29_IST_2020.jpg><img src=Mon_Oct_05_17_16_29_IST_2020.jpg height=200 width=200></img></a>  </system-out>
  <testcase name="verifySearchResultsAreImages" time="36.685" classname="com.OSMOSE.testcases.KnowledgeBase"/>
  <system-out>
Click to see Screenshot <a target="_blank" href=Mon_Oct_05_17_17_06_IST_2020.jpg>Screenshot</a> <br> <br> <a target="_blank" href=Mon_Oct_05_17_17_06_IST_2020.jpg><img src=Mon_Oct_05_17_17_06_IST_2020.jpg height=200 width=200></img></a>  </system-out>
  <testcase name="verifySearchResultsAreDocuments" time="36.506" classname="com.OSMOSE.testcases.KnowledgeBase"/>
  <system-out>
Click to see Screenshot <a target="_blank" href=Mon_Oct_05_17_17_44_IST_2020.jpg>Screenshot</a> <br> <br> <a target="_blank" href=Mon_Oct_05_17_17_44_IST_2020.jpg><img src=Mon_Oct_05_17_17_44_IST_2020.jpg height=200 width=200></img></a>  </system-out>
  <testcase name="verifyNoResultsFoundMessage" time="12.121" classname="com.OSMOSE.testcases.KnowledgeBase"/>
  <system-out>
Click to see Screenshot <a target="_blank" href=Mon_Oct_05_17_17_56_IST_2020.jpg>Screenshot</a> <br> <br> <a target="_blank" href=Mon_Oct_05_17_17_56_IST_2020.jpg><img src=Mon_Oct_05_17_17_56_IST_2020.jpg height=200 width=200></img></a>  </system-out>
  <testcase name="verifyPresenceOfSortBy" time="41.460" classname="com.OSMOSE.testcases.KnowledgeBase"/>
  <system-out>
Click to see Screenshot <a target="_blank" href=Mon_Oct_05_17_18_38_IST_2020.jpg>Screenshot</a> <br> <br> <a target="_blank" href=Mon_Oct_05_17_18_38_IST_2020.jpg><img src=Mon_Oct_05_17_18_38_IST_2020.jpg height=200 width=200></img></a>  </system-out>
  <testcase name="verifySearchTextUpdation" time="41.343" classname="com.OSMOSE.testcases.KnowledgeBase"/>
  <system-out>
Click to see Screenshot <a target="_blank" href=Mon_Oct_05_17_19_20_IST_2020.jpg>Screenshot</a> <br> <br> <a target="_blank" href=Mon_Oct_05_17_19_20_IST_2020.jpg><img src=Mon_Oct_05_17_19_20_IST_2020.jpg height=200 width=200></img></a>  </system-out>
  <testcase name="verifyPopularFiltersJointUsImages" time="18.855" classname="com.OSMOSE.testcases.KnowledgeBase"/>
  <system-out>
Click to see Screenshot <a target="_blank" href=Mon_Oct_05_17_19_40_IST_2020.jpg>Screenshot</a> <br> <br> <a target="_blank" href=Mon_Oct_05_17_19_40_IST_2020.jpg><img src=Mon_Oct_05_17_19_40_IST_2020.jpg height=200 width=200></img></a>  </system-out>
  <testcase name="verifyPopularQueriesReset" time="17.948" classname="com.OSMOSE.testcases.KnowledgeBase"/>
  <system-out>
Click to see Screenshot <a target="_blank" href=Mon_Oct_05_17_19_58_IST_2020.jpg>Screenshot</a> <br> <br> <a target="_blank" href=Mon_Oct_05_17_19_58_IST_2020.jpg><img src=Mon_Oct_05_17_19_58_IST_2020.jpg height=200 width=200></img></a>  </system-out>
  <testcase name="verifyExternalVideo" time="28.279" classname="com.OSMOSE.testcases.KnowledgeBase"/>
  <system-out>
Click to see Screenshot <a target="_blank" href=Mon_Oct_05_17_20_27_IST_2020.jpg>Screenshot</a> <br> <br> <a target="_blank" href=Mon_Oct_05_17_20_27_IST_2020.jpg><img src=Mon_Oct_05_17_20_27_IST_2020.jpg height=200 width=200></img></a>  </system-out>
  <testcase name="verifyPresenceIndustryNewsCard" classname="com.OSMOSE.testcases.KnowledgeBase">
    <skipped/>
  </testcase> <!-- verifyPresenceIndustryNewsCard -->
  <system-out/>
  <testcase name="verifyIndustrySeeMore" classname="com.OSMOSE.testcases.KnowledgeBase">
    <skipped/>
  </testcase> <!-- verifyIndustrySeeMore -->
  <system-out/>
</testsuite> <!-- com.OSMOSE.testcases.KnowledgeBase -->
