<?xml version="1.0" encoding="UTF-8"?>
<!-- Generated by org.testng.reporters.JUnitReportReporter -->
<testsuite skipped="17" hostname="5CG6323N27" name="com.OSMOSE.testcases.Product" tests="75" failures="1" timestamp="2020-08-07T12:44:11 IST" time="955.440" errors="0">
  <testcase name="verifyTheProductLink" time="4.011" classname="com.OSMOSE.testcases.Product"/>
  <system-out>
Click to see Screenshot <a target="_blank" href=Fri_Aug_07_12_27_48_IST_2020.jpg>Screenshot</a> <br> <br> <a target="_blank" href=Fri_Aug_07_12_27_48_IST_2020.jpg><img src=Fri_Aug_07_12_27_48_IST_2020.jpg height=200 width=200></img></a>  </system-out>
  <testcase name="searchElementPresent" time="50.338" classname="com.OSMOSE.testcases.Product"/>
  <system-out>
Click to see Screenshot <a target="_blank" href=Fri_Aug_07_12_28_39_IST_2020.jpg>Screenshot</a> <br> <br> <a target="_blank" href=Fri_Aug_07_12_28_39_IST_2020.jpg><img src=Fri_Aug_07_12_28_39_IST_2020.jpg height=200 width=200></img></a>  </system-out>
  <testcase name="catalogElementPresent" time="0.116" classname="com.OSMOSE.testcases.Product"/>
  <system-out>
Click to see Screenshot <a target="_blank" href=Fri_Aug_07_12_28_40_IST_2020.jpg>Screenshot</a> <br> <br> <a target="_blank" href=Fri_Aug_07_12_28_40_IST_2020.jpg><img src=Fri_Aug_07_12_28_40_IST_2020.jpg height=200 width=200></img></a>  </system-out>
  <testcase name="openMyQuotesElementPresent" time="0.062" classname="com.OSMOSE.testcases.Product"/>
  <system-out>
Click to see Screenshot <a target="_blank" href=Fri_Aug_07_12_28_41_IST_2020.jpg>Screenshot</a> <br> <br> <a target="_blank" href=Fri_Aug_07_12_28_41_IST_2020.jpg><img src=Fri_Aug_07_12_28_41_IST_2020.jpg height=200 width=200></img></a>  </system-out>
  <testcase name="shoppingCartElementPresent" time="0.270" classname="com.OSMOSE.testcases.Product"/>
  <system-out>
Click to see Screenshot <a target="_blank" href=Fri_Aug_07_12_28_42_IST_2020.jpg>Screenshot</a> <br> <br> <a target="_blank" href=Fri_Aug_07_12_28_42_IST_2020.jpg><img src=Fri_Aug_07_12_28_42_IST_2020.jpg height=200 width=200></img></a>  </system-out>
  <testcase name="adminElementPresent" time="0.098" classname="com.OSMOSE.testcases.Product"/>
  <system-out>
Click to see Screenshot <a target="_blank" href=Fri_Aug_07_12_28_42_IST_2020.jpg>Screenshot</a> <br> <br> <a target="_blank" href=Fri_Aug_07_12_28_42_IST_2020.jpg><img src=Fri_Aug_07_12_28_42_IST_2020.jpg height=200 width=200></img></a>  </system-out>
  <testcase name="viewDetailsElementPresent" time="0.064" classname="com.OSMOSE.testcases.Product"/>
  <system-out>
Click to see Screenshot <a target="_blank" href=Fri_Aug_07_12_28_43_IST_2020.jpg>Screenshot</a> <br> <br> <a target="_blank" href=Fri_Aug_07_12_28_43_IST_2020.jpg><img src=Fri_Aug_07_12_28_43_IST_2020.jpg height=200 width=200></img></a>  </system-out>
  <testcase name="allSixProductPresent" time="0.035" classname="com.OSMOSE.testcases.Product"/>
  <system-out>
Click to see Screenshot <a target="_blank" href=Fri_Aug_07_12_28_44_IST_2020.jpg>Screenshot</a> <br> <br> <a target="_blank" href=Fri_Aug_07_12_28_44_IST_2020.jpg><img src=Fri_Aug_07_12_28_44_IST_2020.jpg height=200 width=200></img></a>  </system-out>
  <testcase name="sliderItemPresent" time="0.151" classname="com.OSMOSE.testcases.Product"/>
  <system-out>
Click to see Screenshot <a target="_blank" href=Fri_Aug_07_12_28_44_IST_2020.jpg>Screenshot</a> <br> <br> <a target="_blank" href=Fri_Aug_07_12_28_44_IST_2020.jpg><img src=Fri_Aug_07_12_28_44_IST_2020.jpg height=200 width=200></img></a>  </system-out>
  <testcase name="verifyCategoryFilter" time="50.048" classname="com.OSMOSE.testcases.Product"/>
  <system-out>
Click to see Screenshot <a target="_blank" href=Fri_Aug_07_12_29_35_IST_2020.jpg>Screenshot</a> <br> <br> <a target="_blank" href=Fri_Aug_07_12_29_35_IST_2020.jpg><img src=Fri_Aug_07_12_29_35_IST_2020.jpg height=200 width=200></img></a>  </system-out>
  <testcase name="VerifyFPImageClick" time="51.956" classname="com.OSMOSE.testcases.Product"/>
  <system-out>
Click to see Screenshot <a target="_blank" href=Fri_Aug_07_12_30_27_IST_2020.jpg>Screenshot</a> <br> <br> <a target="_blank" href=Fri_Aug_07_12_30_27_IST_2020.jpg><img src=Fri_Aug_07_12_30_27_IST_2020.jpg height=200 width=200></img></a>  </system-out>
  <testcase name="verifyViewDetail" time="8.424" classname="com.OSMOSE.testcases.Product"/>
  <system-out>
Click to see Screenshot <a target="_blank" href=Fri_Aug_07_12_30_36_IST_2020.jpg>Screenshot</a> <br> <br> <a target="_blank" href=Fri_Aug_07_12_30_36_IST_2020.jpg><img src=Fri_Aug_07_12_30_36_IST_2020.jpg height=200 width=200></img></a>  </system-out>
  <testcase name="VerifyProductclick" time="14.786" classname="com.OSMOSE.testcases.Product"/>
  <system-out>
Click to see Screenshot <a target="_blank" href=Fri_Aug_07_12_30_52_IST_2020.jpg>Screenshot</a> <br> <br> <a target="_blank" href=Fri_Aug_07_12_30_52_IST_2020.jpg><img src=Fri_Aug_07_12_30_52_IST_2020.jpg height=200 width=200></img></a>  </system-out>
  <testcase name="AddQuantityandverifyCellNumber" time="18.323" classname="com.OSMOSE.testcases.Product"/>
  <system-out>
Click to see Screenshot <a target="_blank" href=Fri_Aug_07_12_31_11_IST_2020.jpg>Screenshot</a> <br> <br> <a target="_blank" href=Fri_Aug_07_12_31_11_IST_2020.jpg><img src=Fri_Aug_07_12_31_11_IST_2020.jpg height=200 width=200></img></a>  </system-out>
  <testcase name="FeaturedProductPoleRestoration" time="14.344" classname="com.OSMOSE.testcases.Product"/>
  <system-out>
Click to see Screenshot <a target="_blank" href=Fri_Aug_07_12_31_26_IST_2020.jpg>Screenshot</a> <br> <br> <a target="_blank" href=Fri_Aug_07_12_31_26_IST_2020.jpg><img src=Fri_Aug_07_12_31_26_IST_2020.jpg height=200 width=200></img></a>  </system-out>
  <testcase name="verifyTheSearchfirstname" time="14.333" classname="com.OSMOSE.testcases.Product"/>
  <system-out>
Click to see Screenshot <a target="_blank" href=Fri_Aug_07_12_31_40_IST_2020.jpg>Screenshot</a> <br> <br> <a target="_blank" href=Fri_Aug_07_12_31_40_IST_2020.jpg><img src=Fri_Aug_07_12_31_40_IST_2020.jpg height=200 width=200></img></a>  </system-out>
  <testcase name="verifyTheSearchFullname" time="12.562" classname="com.OSMOSE.testcases.Product"/>
  <system-out>
Click to see Screenshot <a target="_blank" href=Fri_Aug_07_12_31_53_IST_2020.jpg>Screenshot</a> <br> <br> <a target="_blank" href=Fri_Aug_07_12_31_53_IST_2020.jpg><img src=Fri_Aug_07_12_31_53_IST_2020.jpg height=200 width=200></img></a>  </system-out>
  <testcase name="verifyTheSearchOneAlphabet" time="22.333" classname="com.OSMOSE.testcases.Product"/>
  <system-out>
Click to see Screenshot <a target="_blank" href=Fri_Aug_07_12_32_16_IST_2020.jpg>Screenshot</a> <br> <br> <a target="_blank" href=Fri_Aug_07_12_32_16_IST_2020.jpg><img src=Fri_Aug_07_12_32_16_IST_2020.jpg height=200 width=200></img></a>  </system-out>
  <testcase name="verifyTheSearchCrossButton" time="14.442" classname="com.OSMOSE.testcases.Product"/>
  <system-out>
Click to see Screenshot <a target="_blank" href=Fri_Aug_07_12_32_31_IST_2020.jpg>Screenshot</a> <br> <br> <a target="_blank" href=Fri_Aug_07_12_32_31_IST_2020.jpg><img src=Fri_Aug_07_12_32_31_IST_2020.jpg height=200 width=200></img></a>  </system-out>
  <testcase name="verifyTheValidationmessage" time="13.468" classname="com.OSMOSE.testcases.Product"/>
  <system-out>
Click to see Screenshot <a target="_blank" href=Fri_Aug_07_12_32_45_IST_2020.jpg>Screenshot</a> <br> <br> <a target="_blank" href=Fri_Aug_07_12_32_45_IST_2020.jpg><img src=Fri_Aug_07_12_32_45_IST_2020.jpg height=200 width=200></img></a>  </system-out>
  <testcase name="ReturnPolicy" time="10.561" classname="com.OSMOSE.testcases.Product"/>
  <system-out>
Click to see Screenshot <a target="_blank" href=Fri_Aug_07_12_32_56_IST_2020.jpg>Screenshot</a> <br> <br> <a target="_blank" href=Fri_Aug_07_12_32_56_IST_2020.jpg><img src=Fri_Aug_07_12_32_56_IST_2020.jpg height=200 width=200></img></a>  </system-out>
  <testcase name="verifyAddShoppingCarttext" time="18.168" classname="com.OSMOSE.testcases.Product"/>
  <system-out>
Click to see Screenshot <a target="_blank" href=Fri_Aug_07_12_33_14_IST_2020.jpg>Screenshot</a> <br> <br> <a target="_blank" href=Fri_Aug_07_12_33_14_IST_2020.jpg><img src=Fri_Aug_07_12_33_14_IST_2020.jpg height=200 width=200></img></a>  </system-out>
  <testcase name="AddShoppingCart" time="5.187" classname="com.OSMOSE.testcases.Product"/>
  <system-out>
Click to see Screenshot <a target="_blank" href=Fri_Aug_07_12_33_20_IST_2020.jpg>Screenshot</a> <br> <br> <a target="_blank" href=Fri_Aug_07_12_33_20_IST_2020.jpg><img src=Fri_Aug_07_12_33_20_IST_2020.jpg height=200 width=200></img></a>  </system-out>
  <testcase name="VerifyCrossicononhoppingCart" time="1.040" classname="com.OSMOSE.testcases.Product"/>
  <system-out>
Click to see Screenshot <a target="_blank" href=Fri_Aug_07_12_33_21_IST_2020.jpg>Screenshot</a> <br> <br> <a target="_blank" href=Fri_Aug_07_12_33_21_IST_2020.jpg><img src=Fri_Aug_07_12_33_21_IST_2020.jpg height=200 width=200></img></a>  </system-out>
  <testcase name="VerifyCrossicononhoppingCart_Differentitem" time="9.529" classname="com.OSMOSE.testcases.Product"/>
  <system-out>
Click to see Screenshot <a target="_blank" href=Fri_Aug_07_12_33_31_IST_2020.jpg>Screenshot</a> <br> <br> <a target="_blank" href=Fri_Aug_07_12_33_31_IST_2020.jpg><img src=Fri_Aug_07_12_33_31_IST_2020.jpg height=200 width=200></img></a>  </system-out>
  <testcase name="VerifyAddShopping_Sameitem" time="8.744" classname="com.OSMOSE.testcases.Product"/>
  <system-out>
Click to see Screenshot <a target="_blank" href=Fri_Aug_07_12_33_40_IST_2020.jpg>Screenshot</a> <br> <br> <a target="_blank" href=Fri_Aug_07_12_33_40_IST_2020.jpg><img src=Fri_Aug_07_12_33_40_IST_2020.jpg height=200 width=200></img></a>  </system-out>
  <testcase name="DeleteQuanityinShoppingCart" time="5.307" classname="com.OSMOSE.testcases.Product"/>
  <system-out>
Click to see Screenshot <a target="_blank" href=Fri_Aug_07_12_33_46_IST_2020.jpg>Screenshot</a> <br> <br> <a target="_blank" href=Fri_Aug_07_12_33_46_IST_2020.jpg><img src=Fri_Aug_07_12_33_46_IST_2020.jpg height=200 width=200></img></a>  </system-out>
  <testcase name="UpdateIncreaseQuanityinShoppingCart" time="12.356" classname="com.OSMOSE.testcases.Product"/>
  <system-out>
Click to see Screenshot <a target="_blank" href=Fri_Aug_07_12_33_59_IST_2020.jpg>Screenshot</a> <br> <br> <a target="_blank" href=Fri_Aug_07_12_33_59_IST_2020.jpg><img src=Fri_Aug_07_12_33_59_IST_2020.jpg height=200 width=200></img></a>  </system-out>
  <testcase name="UpdateDecreaseQuanityinShoppingCart" time="28.617" classname="com.OSMOSE.testcases.Product"/>
  <system-out>
Click to see Screenshot <a target="_blank" href=Fri_Aug_07_12_34_28_IST_2020.jpg>Screenshot</a> <br> <br> <a target="_blank" href=Fri_Aug_07_12_34_28_IST_2020.jpg><img src=Fri_Aug_07_12_34_28_IST_2020.jpg height=200 width=200></img></a>  </system-out>
  <testcase name="CreateQuote" time="7.014" classname="com.OSMOSE.testcases.Product"/>
  <system-out>
Click to see Screenshot <a target="_blank" href=Fri_Aug_07_12_34_35_IST_2020.jpg>Screenshot</a> <br> <br> <a target="_blank" href=Fri_Aug_07_12_34_35_IST_2020.jpg><img src=Fri_Aug_07_12_34_35_IST_2020.jpg height=200 width=200></img></a>  </system-out>
  <testcase name="CreateQuote_Comments" time="5.504" classname="com.OSMOSE.testcases.Product"/>
  <system-out>
Click to see Screenshot <a target="_blank" href=Fri_Aug_07_12_34_41_IST_2020.jpg>Screenshot</a> <br> <br> <a target="_blank" href=Fri_Aug_07_12_34_41_IST_2020.jpg><img src=Fri_Aug_07_12_34_41_IST_2020.jpg height=200 width=200></img></a>  </system-out>
  <testcase name="CreateQuote_ZipCode" time="5.363" classname="com.OSMOSE.testcases.Product"/>
  <system-out>
Click to see Screenshot <a target="_blank" href=Fri_Aug_07_12_34_47_IST_2020.jpg>Screenshot</a> <br> <br> <a target="_blank" href=Fri_Aug_07_12_34_47_IST_2020.jpg><img src=Fri_Aug_07_12_34_47_IST_2020.jpg height=200 width=200></img></a>  </system-out>
  <testcase name="CreateQuote_Attachment" time="7.623" classname="com.OSMOSE.testcases.Product"/>
  <system-out>
Click to see Screenshot <a target="_blank" href=Fri_Aug_07_12_34_55_IST_2020.jpg>Screenshot</a> <br> <br> <a target="_blank" href=Fri_Aug_07_12_34_55_IST_2020.jpg><img src=Fri_Aug_07_12_34_55_IST_2020.jpg height=200 width=200></img></a>  </system-out>
  <testcase name="ClickShoppingCartIcon" time="5.483" classname="com.OSMOSE.testcases.Product"/>
  <system-out>
Click to see Screenshot <a target="_blank" href=Fri_Aug_07_12_35_01_IST_2020.jpg>Screenshot</a> <br> <br> <a target="_blank" href=Fri_Aug_07_12_35_01_IST_2020.jpg><img src=Fri_Aug_07_12_35_01_IST_2020.jpg height=200 width=200></img></a>  </system-out>
  <testcase name="ClickShoppingViewCartbutton" time="5.618" classname="com.OSMOSE.testcases.Product"/>
  <system-out>
Click to see Screenshot <a target="_blank" href=Fri_Aug_07_12_35_07_IST_2020.jpg>Screenshot</a> <br> <br> <a target="_blank" href=Fri_Aug_07_12_35_07_IST_2020.jpg><img src=Fri_Aug_07_12_35_07_IST_2020.jpg height=200 width=200></img></a>  </system-out>
  <testcase name="ClickShoppingSubmitCartbutton" time="6.277" classname="com.OSMOSE.testcases.Product"/>
  <system-out>
Click to see Screenshot <a target="_blank" href=Fri_Aug_07_12_35_14_IST_2020.jpg>Screenshot</a> <br> <br> <a target="_blank" href=Fri_Aug_07_12_35_14_IST_2020.jpg><img src=Fri_Aug_07_12_35_14_IST_2020.jpg height=200 width=200></img></a>  </system-out>
  <testcase name="verifyUpdatedQuantityOnOverlay" time="8.154" classname="com.OSMOSE.testcases.Product"/>
  <system-out>
Click to see Screenshot <a target="_blank" href=Fri_Aug_07_12_35_22_IST_2020.jpg>Screenshot</a> <br> <br> <a target="_blank" href=Fri_Aug_07_12_35_22_IST_2020.jpg><img src=Fri_Aug_07_12_35_22_IST_2020.jpg height=200 width=200></img></a>  </system-out>
  <testcase name="MyQuotes_96421" time="7.120" classname="com.OSMOSE.testcases.Product"/>
  <system-out>
Click to see Screenshot <a target="_blank" href=Fri_Aug_07_12_35_30_IST_2020.jpg>Screenshot</a> <br> <br> <a target="_blank" href=Fri_Aug_07_12_35_30_IST_2020.jpg><img src=Fri_Aug_07_12_35_30_IST_2020.jpg height=200 width=200></img></a>  </system-out>
  <testcase name="verifyStatusFilterAll" time="26.361" classname="com.OSMOSE.testcases.Product"/>
  <system-out>
Click to see Screenshot <a target="_blank" href=Fri_Aug_07_12_35_57_IST_2020.jpg>Screenshot</a> <br> <br> <a target="_blank" href=Fri_Aug_07_12_35_57_IST_2020.jpg><img src=Fri_Aug_07_12_35_57_IST_2020.jpg height=200 width=200></img></a>  </system-out>
  <testcase name="verifyStatusFilterExpired" time="36.290" classname="com.OSMOSE.testcases.Product"/>
  <system-out>
Click to see Screenshot <a target="_blank" href=Fri_Aug_07_12_36_34_IST_2020.jpg>Screenshot</a> <br> <br> <a target="_blank" href=Fri_Aug_07_12_36_34_IST_2020.jpg><img src=Fri_Aug_07_12_36_34_IST_2020.jpg height=200 width=200></img></a>  </system-out>
  <testcase name="verifyStatusFilterOrdered" time="41.368" classname="com.OSMOSE.testcases.Product"/>
  <system-out>
Click to see Screenshot <a target="_blank" href=Fri_Aug_07_12_37_16_IST_2020.jpg>Screenshot</a> <br> <br> <a target="_blank" href=Fri_Aug_07_12_37_16_IST_2020.jpg><img src=Fri_Aug_07_12_37_16_IST_2020.jpg height=200 width=200></img></a>  </system-out>
  <testcase name="verifyStatusFilterQuoted" time="41.295" classname="com.OSMOSE.testcases.Product"/>
  <system-out>
Click to see Screenshot <a target="_blank" href=Fri_Aug_07_12_37_58_IST_2020.jpg>Screenshot</a> <br> <br> <a target="_blank" href=Fri_Aug_07_12_37_58_IST_2020.jpg><img src=Fri_Aug_07_12_37_58_IST_2020.jpg height=200 width=200></img></a>  </system-out>
  <testcase name="verifyStatusFilterQuotePending" time="41.452" classname="com.OSMOSE.testcases.Product"/>
  <system-out>
Click to see Screenshot <a target="_blank" href=Fri_Aug_07_12_38_40_IST_2020.jpg>Screenshot</a> <br> <br> <a target="_blank" href=Fri_Aug_07_12_38_40_IST_2020.jpg><img src=Fri_Aug_07_12_38_40_IST_2020.jpg height=200 width=200></img></a>  </system-out>
  <testcase name="verifyStatusFilterCancelled" time="41.262" classname="com.OSMOSE.testcases.Product"/>
  <system-out>
Click to see Screenshot <a target="_blank" href=Fri_Aug_07_12_39_22_IST_2020.jpg>Screenshot</a> <br> <br> <a target="_blank" href=Fri_Aug_07_12_39_22_IST_2020.jpg><img src=Fri_Aug_07_12_39_22_IST_2020.jpg height=200 width=200></img></a>  </system-out>
  <testcase name="verifyStatusFilterOrderRequested" time="36.437" classname="com.OSMOSE.testcases.Product"/>
  <system-out>
Click to see Screenshot <a target="_blank" href=Fri_Aug_07_12_39_59_IST_2020.jpg>Screenshot</a> <br> <br> <a target="_blank" href=Fri_Aug_07_12_39_59_IST_2020.jpg><img src=Fri_Aug_07_12_39_59_IST_2020.jpg height=200 width=200></img></a>  </system-out>
  <testcase name="SortBydd" time="9.320" classname="com.OSMOSE.testcases.Product"/>
  <system-out>
Click to see Screenshot <a target="_blank" href=Fri_Aug_07_12_40_08_IST_2020.jpg>Screenshot</a> <br> <br> <a target="_blank" href=Fri_Aug_07_12_40_08_IST_2020.jpg><img src=Fri_Aug_07_12_40_08_IST_2020.jpg height=200 width=200></img></a>  </system-out>
  <testcase name="HomepageCarticon" time="14.930" classname="com.OSMOSE.testcases.Product"/>
  <system-out>
Click to see Screenshot <a target="_blank" href=Fri_Aug_07_12_40_24_IST_2020.jpg>Screenshot</a> <br> <br> <a target="_blank" href=Fri_Aug_07_12_40_24_IST_2020.jpg><img src=Fri_Aug_07_12_40_24_IST_2020.jpg height=200 width=200></img></a>  </system-out>
  <testcase name="ClickManageQuotesLink" time="3.541" classname="com.OSMOSE.testcases.Product"/>
  <system-out>
Click to see Screenshot <a target="_blank" href=Fri_Aug_07_12_40_28_IST_2020.jpg>Screenshot</a> <br> <br> <a target="_blank" href=Fri_Aug_07_12_40_28_IST_2020.jpg><img src=Fri_Aug_07_12_40_28_IST_2020.jpg height=200 width=200></img></a>  </system-out>
  <testcase name="VerifyUIonClickQuoteID" time="4.543" classname="com.OSMOSE.testcases.Product"/>
  <system-out>
Click to see Screenshot <a target="_blank" href=Fri_Aug_07_12_40_33_IST_2020.jpg>Screenshot</a> <br> <br> <a target="_blank" href=Fri_Aug_07_12_40_33_IST_2020.jpg><img src=Fri_Aug_07_12_40_33_IST_2020.jpg height=200 width=200></img></a>  </system-out>
  <testcase name="SubmitQuotewithOrderedstatus" time="9.391" classname="com.OSMOSE.testcases.Product"/>
  <system-out>
Click to see Screenshot <a target="_blank" href=Fri_Aug_07_12_40_43_IST_2020.jpg>Screenshot</a> <br> <br> <a target="_blank" href=Fri_Aug_07_12_40_43_IST_2020.jpg><img src=Fri_Aug_07_12_40_43_IST_2020.jpg height=200 width=200></img></a>  </system-out>
  <testcase name="SubmitQuotewithQuotePendingstatus" time="9.752" classname="com.OSMOSE.testcases.Product"/>
  <system-out>
Click to see Screenshot <a target="_blank" href=Fri_Aug_07_12_40_53_IST_2020.jpg>Screenshot</a> <br> <br> <a target="_blank" href=Fri_Aug_07_12_40_53_IST_2020.jpg><img src=Fri_Aug_07_12_40_53_IST_2020.jpg height=200 width=200></img></a>  </system-out>
  <testcase name="SubmitQuotewithMoreThan20mbFile" time="27.902" classname="com.OSMOSE.testcases.Product"/>
  <system-out>
Click to see Screenshot <a target="_blank" href=Fri_Aug_07_12_41_21_IST_2020.jpg>Screenshot</a> <br> <br> <a target="_blank" href=Fri_Aug_07_12_41_21_IST_2020.jpg><img src=Fri_Aug_07_12_41_21_IST_2020.jpg height=200 width=200></img></a>  </system-out>
  <testcase name="SubmitQuotewithNegativeExpireDays" time="22.966" classname="com.OSMOSE.testcases.Product">
    <failure type="java.lang.AssertionError" message="expected [Value must be greater than or equal to 1.] but found []">
      <![CDATA[java.lang.AssertionError: expected [Value must be greater than or equal to 1.] but found []
at org.testng.Assert.fail(Assert.java:97)
at org.testng.Assert.assertEqualsImpl(Assert.java:136)
at org.testng.Assert.assertEquals(Assert.java:118)
at org.testng.Assert.assertEquals(Assert.java:575)
at org.testng.Assert.assertEquals(Assert.java:585)
at com.OSMOSE.testcases.Product.SubmitQuotewithNegativeExpireDays(Product.java:753)
at sun.reflect.NativeMethodAccessorImpl.invoke0(Native Method)
at sun.reflect.NativeMethodAccessorImpl.invoke(Unknown Source)
at sun.reflect.DelegatingMethodAccessorImpl.invoke(Unknown Source)
at java.lang.reflect.Method.invoke(Unknown Source)
at org.testng.internal.MethodInvocationHelper.invokeMethod(MethodInvocationHelper.java:134)
at org.testng.internal.TestInvoker.invokeMethod(TestInvoker.java:597)
at org.testng.internal.TestInvoker.invokeTestMethod(TestInvoker.java:173)
at org.testng.internal.MethodRunner.runInSequence(MethodRunner.java:46)
at org.testng.internal.TestInvoker$MethodInvocationAgent.invoke(TestInvoker.java:816)
at org.testng.internal.TestInvoker.invokeTestMethods(TestInvoker.java:146)
at org.testng.internal.TestMethodWorker.invokeTestMethods(TestMethodWorker.java:146)
at org.testng.internal.TestMethodWorker.run(TestMethodWorker.java:128)
at java.util.ArrayList.forEach(Unknown Source)
at org.testng.TestRunner.privateRun(TestRunner.java:766)
at org.testng.TestRunner.run(TestRunner.java:587)
at org.testng.SuiteRunner.runTest(SuiteRunner.java:384)
at org.testng.SuiteRunner.runSequentially(SuiteRunner.java:378)
at org.testng.SuiteRunner.privateRun(SuiteRunner.java:337)
at org.testng.SuiteRunner.run(SuiteRunner.java:286)
at org.testng.SuiteRunnerWorker.runSuite(SuiteRunnerWorker.java:53)
at org.testng.SuiteRunnerWorker.run(SuiteRunnerWorker.java:96)
at org.testng.TestNG.runSuitesSequentially(TestNG.java:1187)
at org.testng.TestNG.runSuitesLocally(TestNG.java:1109)
at org.testng.TestNG.runSuites(TestNG.java:1039)
at org.testng.TestNG.run(TestNG.java:1007)
at org.testng.remote.AbstractRemoteTestNG.run(AbstractRemoteTestNG.java:115)
at org.testng.remote.RemoteTestNG.initAndRun(RemoteTestNG.java:251)
at org.testng.remote.RemoteTestNG.main(RemoteTestNG.java:77)
]]>
    </failure>
  </testcase> <!-- SubmitQuotewithNegativeExpireDays -->
  <system-out>
Click to see Screenshot <a target="_blank" href=Fri_Aug_07_12_41_45_IST_2020.jpg>Screenshot</a> <br> <br> <a target="_blank" href=Fri_Aug_07_12_41_45_IST_2020.jpg><img src=Fri_Aug_07_12_41_45_IST_2020.jpg height=200 width=200></img></a>  </system-out>
  <testcase name="SubmitQuotewithInvalidFileType" time="90.775" classname="com.OSMOSE.testcases.Product"/>
  <system-out>
Click to see Screenshot <a target="_blank" href=Fri_Aug_07_12_43_16_IST_2020.jpg>Screenshot</a> <br> <br> <a target="_blank" href=Fri_Aug_07_12_43_16_IST_2020.jpg><img src=Fri_Aug_07_12_43_16_IST_2020.jpg height=200 width=200></img></a>  </system-out>
  <testcase name="SubmitQuotewithQuoteCancelledstatus" time="13.318" classname="com.OSMOSE.testcases.Product"/>
  <system-out>
Click to see Screenshot <a target="_blank" href=Fri_Aug_07_12_43_30_IST_2020.jpg>Screenshot</a> <br> <br> <a target="_blank" href=Fri_Aug_07_12_43_30_IST_2020.jpg><img src=Fri_Aug_07_12_43_30_IST_2020.jpg height=200 width=200></img></a>  </system-out>
  <testcase name="SubmitQuotewithQuotedstatus" time="17.668" classname="com.OSMOSE.testcases.Product"/>
  <system-out>
Click to see Screenshot <a target="_blank" href=Fri_Aug_07_12_43_48_IST_2020.jpg>Screenshot</a> <br> <br> <a target="_blank" href=Fri_Aug_07_12_43_48_IST_2020.jpg><img src=Fri_Aug_07_12_43_48_IST_2020.jpg height=200 width=200></img></a>  </system-out>
  <testcase name="SubmitQuotewithOrderRequestedstatus" time="9.716" classname="com.OSMOSE.testcases.Product"/>
  <system-out>
Click to see Screenshot <a target="_blank" href=Fri_Aug_07_12_43_58_IST_2020.jpg>Screenshot</a> <br> <br> <a target="_blank" href=Fri_Aug_07_12_43_58_IST_2020.jpg><img src=Fri_Aug_07_12_43_58_IST_2020.jpg height=200 width=200></img></a>  </system-out>
  <testcase name="SubmitQuotewithExpiredstatus" time="9.324" classname="com.OSMOSE.testcases.Product"/>
  <system-out>
Click to see Screenshot <a target="_blank" href=Fri_Aug_07_12_44_08_IST_2020.jpg>Screenshot</a> <br> <br> <a target="_blank" href=Fri_Aug_07_12_44_08_IST_2020.jpg><img src=Fri_Aug_07_12_44_08_IST_2020.jpg height=200 width=200></img></a>  </system-out>
  <testcase name="ClickReject" classname="com.OSMOSE.testcases.Product">
    <skipped/>
  </testcase> <!-- ClickReject -->
  <system-out/>
  <testcase name="ClickManageProducts" classname="com.OSMOSE.testcases.Product">
    <skipped/>
  </testcase> <!-- ClickManageProducts -->
  <system-out/>
  <testcase name="ClickDownloadProducts" classname="com.OSMOSE.testcases.Product">
    <skipped/>
  </testcase> <!-- ClickDownloadProducts -->
  <system-out/>
  <testcase name="verifyAddToCartWhileReQuoting" classname="com.OSMOSE.testcases.Product">
    <skipped/>
  </testcase> <!-- verifyAddToCartWhileReQuoting -->
  <system-out/>
  <testcase name="ClickApprove" classname="com.OSMOSE.testcases.Product">
    <skipped/>
  </testcase> <!-- ClickApprove -->
  <system-out/>
  <testcase name="ClickProductsinReview" classname="com.OSMOSE.testcases.Product">
    <skipped/>
  </testcase> <!-- ClickProductsinReview -->
  <system-out/>
  <testcase name="ClickReview" classname="com.OSMOSE.testcases.Product">
    <skipped/>
  </testcase> <!-- ClickReview -->
  <system-out/>
  <testcase name="verifySubmitwhileREQuoting" classname="com.OSMOSE.testcases.Product">
    <skipped/>
  </testcase> <!-- verifySubmitwhileREQuoting -->
  <system-out/>
  <testcase name="VerifyApprovebtndisabled" classname="com.OSMOSE.testcases.Product">
    <skipped/>
  </testcase> <!-- VerifyApprovebtndisabled -->
  <system-out/>
  <testcase name="verifyTheProductCart" classname="com.OSMOSE.testcases.Product">
    <skipped/>
  </testcase> <!-- verifyTheProductCart -->
  <system-out/>
  <testcase name="verifyTheSearch" classname="com.OSMOSE.testcases.Product">
    <skipped/>
  </testcase> <!-- verifyTheSearch -->
  <system-out/>
  <testcase name="verifyExclamationOnMyQuotes" classname="com.OSMOSE.testcases.Product">
    <skipped/>
  </testcase> <!-- verifyExclamationOnMyQuotes -->
  <system-out/>
  <testcase name="VerifyUIonApprove" classname="com.OSMOSE.testcases.Product">
    <skipped/>
  </testcase> <!-- VerifyUIonApprove -->
  <system-out/>
  <testcase name="ClickUploadProducts" classname="com.OSMOSE.testcases.Product">
    <skipped/>
  </testcase> <!-- ClickUploadProducts -->
  <system-out/>
  <testcase name="verifyThankyouPopup" classname="com.OSMOSE.testcases.Product">
    <skipped/>
  </testcase> <!-- verifyThankyouPopup -->
  <system-out/>
  <testcase name="verifyCancelwhileREQuoting" classname="com.OSMOSE.testcases.Product">
    <skipped/>
  </testcase> <!-- verifyCancelwhileREQuoting -->
  <system-out/>
  <testcase name="ClickDictionaryLink" classname="com.OSMOSE.testcases.Product">
    <skipped/>
  </testcase> <!-- ClickDictionaryLink -->
  <system-out/>
</testsuite> <!-- com.OSMOSE.testcases.Product -->
