<?xml version="1.0" encoding="UTF-8"?>
<!-- Generated by org.testng.reporters.JUnitReportReporter -->
<testsuite skipped="29" hostname="IND-5CG6191Y3W" name="com.OSMOSE.testcases.Product" tests="35" failures="0" timestamp="2020-06-25T15:40:08 IST" time="37.430" errors="0">
  <testcase name="verifyTheProductLink" time="14.315" classname="com.OSMOSE.testcases.Product"/>
  <system-out>
Click to see Screenshot <a target="_blank" href=Thu_Jun_25_15_39_39_IST_2020.jpg>Screenshot</a> <br> <br> <a target="_blank" href=Thu_Jun_25_15_39_39_IST_2020.jpg><img src=Thu_Jun_25_15_39_39_IST_2020.jpg height=200 width=200></img></a>  </system-out>
  <testcase name="CreateQuote" time="4.946" classname="com.OSMOSE.testcases.Product"/>
  <system-out>
Click to see Screenshot <a target="_blank" href=Thu_Jun_25_15_39_44_IST_2020.jpg>Screenshot</a> <br> <br> <a target="_blank" href=Thu_Jun_25_15_39_44_IST_2020.jpg><img src=Thu_Jun_25_15_39_44_IST_2020.jpg height=200 width=200></img></a>  </system-out>
  <testcase name="CreateQuote_Comments" time="4.950" classname="com.OSMOSE.testcases.Product"/>
  <system-out>
Click to see Screenshot <a target="_blank" href=Thu_Jun_25_15_39_49_IST_2020.jpg>Screenshot</a> <br> <br> <a target="_blank" href=Thu_Jun_25_15_39_49_IST_2020.jpg><img src=Thu_Jun_25_15_39_49_IST_2020.jpg height=200 width=200></img></a>  </system-out>
  <testcase name="CreateQuote_ZipCode" time="4.453" classname="com.OSMOSE.testcases.Product"/>
  <system-out>
Click to see Screenshot <a target="_blank" href=Thu_Jun_25_15_39_54_IST_2020.jpg>Screenshot</a> <br> <br> <a target="_blank" href=Thu_Jun_25_15_39_54_IST_2020.jpg><img src=Thu_Jun_25_15_39_54_IST_2020.jpg height=200 width=200></img></a>  </system-out>
  <testcase name="CreateQuote_Attachment" time="7.572" classname="com.OSMOSE.testcases.Product"/>
  <system-out>
Click to see Screenshot <a target="_blank" href=Thu_Jun_25_15_40_02_IST_2020.jpg>Screenshot</a> <br> <br> <a target="_blank" href=Thu_Jun_25_15_40_02_IST_2020.jpg><img src=Thu_Jun_25_15_40_02_IST_2020.jpg height=200 width=200></img></a>  </system-out>
  <testcase name="ClickManageQuotesLink" time="1.194" classname="com.OSMOSE.testcases.Product"/>
  <system-out>
Click to see Screenshot <a target="_blank" href=Thu_Jun_25_15_40_04_IST_2020.jpg>Screenshot</a> <br> <br> <a target="_blank" href=Thu_Jun_25_15_40_04_IST_2020.jpg><img src=Thu_Jun_25_15_40_04_IST_2020.jpg height=200 width=200></img></a>  </system-out>
  <testcase name="verifyTheValidationmessage" classname="com.OSMOSE.testcases.Product">
    <skipped/>
  </testcase> <!-- verifyTheValidationmessage -->
  <system-out/>
  <testcase name="VerifyProductclick" classname="com.OSMOSE.testcases.Product">
    <skipped/>
  </testcase> <!-- VerifyProductclick -->
  <system-out/>
  <testcase name="DeleteQuanityinShoppingCart" classname="com.OSMOSE.testcases.Product">
    <skipped/>
  </testcase> <!-- DeleteQuanityinShoppingCart -->
  <system-out/>
  <testcase name="AddShoppingCart" classname="com.OSMOSE.testcases.Product">
    <skipped/>
  </testcase> <!-- AddShoppingCart -->
  <system-out/>
  <testcase name="verifyTheSearchFullname" classname="com.OSMOSE.testcases.Product">
    <skipped/>
  </testcase> <!-- verifyTheSearchFullname -->
  <system-out/>
  <testcase name="openMyQuotesElementPresent" classname="com.OSMOSE.testcases.Product">
    <skipped/>
  </testcase> <!-- openMyQuotesElementPresent -->
  <system-out/>
  <testcase name="catalogElementPresent" classname="com.OSMOSE.testcases.Product">
    <skipped/>
  </testcase> <!-- catalogElementPresent -->
  <system-out/>
  <testcase name="verifyTheProductCart" classname="com.OSMOSE.testcases.Product">
    <skipped/>
  </testcase> <!-- verifyTheProductCart -->
  <system-out/>
  <testcase name="verifyTheSearchOneAlphabet" classname="com.OSMOSE.testcases.Product">
    <skipped/>
  </testcase> <!-- verifyTheSearchOneAlphabet -->
  <system-out/>
  <testcase name="verifyTheSearchfirstname" classname="com.OSMOSE.testcases.Product">
    <skipped/>
  </testcase> <!-- verifyTheSearchfirstname -->
  <system-out/>
  <testcase name="viewDetailsElementPresent" classname="com.OSMOSE.testcases.Product">
    <skipped/>
  </testcase> <!-- viewDetailsElementPresent -->
  <system-out/>
  <testcase name="ReturnPolicy" classname="com.OSMOSE.testcases.Product">
    <skipped/>
  </testcase> <!-- ReturnPolicy -->
  <system-out/>
  <testcase name="verifyTheSearch" classname="com.OSMOSE.testcases.Product">
    <skipped/>
  </testcase> <!-- verifyTheSearch -->
  <system-out/>
  <testcase name="UpdateIncreaseQuanityinShoppingCart" classname="com.OSMOSE.testcases.Product">
    <skipped/>
  </testcase> <!-- UpdateIncreaseQuanityinShoppingCart -->
  <system-out/>
  <testcase name="verifyTheSearchCrossButton" classname="com.OSMOSE.testcases.Product">
    <skipped/>
  </testcase> <!-- verifyTheSearchCrossButton -->
  <system-out/>
  <testcase name="UpdateDecreaseQuanityinShoppingCart" classname="com.OSMOSE.testcases.Product">
    <skipped/>
  </testcase> <!-- UpdateDecreaseQuanityinShoppingCart -->
  <system-out/>
  <testcase name="verifyCategoryFilter" classname="com.OSMOSE.testcases.Product">
    <skipped/>
  </testcase> <!-- verifyCategoryFilter -->
  <system-out/>
  <testcase name="FeaturedProductPoleRestoration" classname="com.OSMOSE.testcases.Product">
    <skipped/>
  </testcase> <!-- FeaturedProductPoleRestoration -->
  <system-out/>
  <testcase name="VerifyCrossicononhoppingCart" classname="com.OSMOSE.testcases.Product">
    <skipped/>
  </testcase> <!-- VerifyCrossicononhoppingCart -->
  <system-out/>
  <testcase name="sliderItemPresent" classname="com.OSMOSE.testcases.Product">
    <skipped/>
  </testcase> <!-- sliderItemPresent -->
  <system-out/>
  <testcase name="VerifyCrossicononhoppingCart_Sameitem_multipletime" classname="com.OSMOSE.testcases.Product">
    <skipped/>
  </testcase> <!-- VerifyCrossicononhoppingCart_Sameitem_multipletime -->
  <system-out/>
  <testcase name="VerifyFPImageClick" classname="com.OSMOSE.testcases.Product">
    <skipped/>
  </testcase> <!-- VerifyFPImageClick -->
  <system-out/>
  <testcase name="AddQuantityandverifyCellNumber" classname="com.OSMOSE.testcases.Product">
    <skipped/>
  </testcase> <!-- AddQuantityandverifyCellNumber -->
  <system-out/>
  <testcase name="adminElementPresent" classname="com.OSMOSE.testcases.Product">
    <skipped/>
  </testcase> <!-- adminElementPresent -->
  <system-out/>
  <testcase name="shoppingCartElementPresent" classname="com.OSMOSE.testcases.Product">
    <skipped/>
  </testcase> <!-- shoppingCartElementPresent -->
  <system-out/>
  <testcase name="verifyAddShoppingCarttext" classname="com.OSMOSE.testcases.Product">
    <skipped/>
  </testcase> <!-- verifyAddShoppingCarttext -->
  <system-out/>
  <testcase name="searchElementPresent" classname="com.OSMOSE.testcases.Product">
    <skipped/>
  </testcase> <!-- searchElementPresent -->
  <system-out/>
  <testcase name="allSixProductPresent" classname="com.OSMOSE.testcases.Product">
    <skipped/>
  </testcase> <!-- allSixProductPresent -->
  <system-out/>
  <testcase name="verifyViewDetail" classname="com.OSMOSE.testcases.Product">
    <skipped/>
  </testcase> <!-- verifyViewDetail -->
  <system-out/>
</testsuite> <!-- com.OSMOSE.testcases.Product -->
