<?xml version="1.0" encoding="UTF-8"?>
<!-- Generated by org.testng.reporters.JUnitReportReporter -->
<testsuite skipped="2" hostname="5CG6323N27" name="com.OSMOSE.testcases.KnowledgeBase" tests="97" failures="0" timestamp="2020-09-21T19:40:32 IST" time="1986.127" errors="0">
  <testcase name="verifyKnowledgeBaseNavigationClick" time="49.907" classname="com.OSMOSE.testcases.KnowledgeBase"/>
  <system-out>
Click to see Screenshot <a target="_blank" href=Mon_Sep_21_19_07_30_IST_2020.jpg>Screenshot</a> <br> <br> <a target="_blank" href=Mon_Sep_21_19_07_30_IST_2020.jpg><img src=Mon_Sep_21_19_07_30_IST_2020.jpg height=200 width=200></img></a>  </system-out>
  <testcase name="verifyLinksPresentOnKb" time="0.107" classname="com.OSMOSE.testcases.KnowledgeBase"/>
  <system-out>
Click to see Screenshot <a target="_blank" href=Mon_Sep_21_19_07_31_IST_2020.jpg>Screenshot</a> <br> <br> <a target="_blank" href=Mon_Sep_21_19_07_31_IST_2020.jpg><img src=Mon_Sep_21_19_07_31_IST_2020.jpg height=200 width=200></img></a>  </system-out>
  <testcase name="verifyPresenceOfSearchBox" time="0.116" classname="com.OSMOSE.testcases.KnowledgeBase"/>
  <system-out>
Click to see Screenshot <a target="_blank" href=Mon_Sep_21_19_07_31_IST_2020.jpg>Screenshot</a> <br> <br> <a target="_blank" href=Mon_Sep_21_19_07_31_IST_2020.jpg><img src=Mon_Sep_21_19_07_31_IST_2020.jpg height=200 width=200></img></a>  </system-out>
  <testcase name="verifyPresenceOfPopularQueriesFilter" time="0.040" classname="com.OSMOSE.testcases.KnowledgeBase"/>
  <system-out>
Click to see Screenshot <a target="_blank" href=Mon_Sep_21_19_07_32_IST_2020.jpg>Screenshot</a> <br> <br> <a target="_blank" href=Mon_Sep_21_19_07_32_IST_2020.jpg><img src=Mon_Sep_21_19_07_32_IST_2020.jpg height=200 width=200></img></a>  </system-out>
  <testcase name="verifyPresenceOfFilterItems" time="4.309" classname="com.OSMOSE.testcases.KnowledgeBase"/>
  <system-out>
Click to see Screenshot <a target="_blank" href=Mon_Sep_21_19_07_37_IST_2020.jpg>Screenshot</a> <br> <br> <a target="_blank" href=Mon_Sep_21_19_07_37_IST_2020.jpg><img src=Mon_Sep_21_19_07_37_IST_2020.jpg height=200 width=200></img></a>  </system-out>
  <testcase name="verifyPresenceSteelAndConcreteAssessmentCard" time="0.043" classname="com.OSMOSE.testcases.KnowledgeBase"/>
  <system-out>
Click to see Screenshot <a target="_blank" href=Mon_Sep_21_19_07_37_IST_2020.jpg>Screenshot</a> <br> <br> <a target="_blank" href=Mon_Sep_21_19_07_37_IST_2020.jpg><img src=Mon_Sep_21_19_07_37_IST_2020.jpg height=200 width=200></img></a>  </system-out>
  <testcase name="verifyPresenceSteelAndConcreteRestorationCard" time="0.036" classname="com.OSMOSE.testcases.KnowledgeBase"/>
  <system-out>
Click to see Screenshot <a target="_blank" href=Mon_Sep_21_19_07_38_IST_2020.jpg>Screenshot</a> <br> <br> <a target="_blank" href=Mon_Sep_21_19_07_38_IST_2020.jpg><img src=Mon_Sep_21_19_07_38_IST_2020.jpg height=200 width=200></img></a>  </system-out>
  <testcase name="verifyPresenceWoodInspectionAndTreatmentCard" time="0.035" classname="com.OSMOSE.testcases.KnowledgeBase"/>
  <system-out>
Click to see Screenshot <a target="_blank" href=Mon_Sep_21_19_07_38_IST_2020.jpg>Screenshot</a> <br> <br> <a target="_blank" href=Mon_Sep_21_19_07_38_IST_2020.jpg><img src=Mon_Sep_21_19_07_38_IST_2020.jpg height=200 width=200></img></a>  </system-out>
  <testcase name="verifyPresenceWoodRestorationCard" time="0.034" classname="com.OSMOSE.testcases.KnowledgeBase"/>
  <system-out>
Click to see Screenshot <a target="_blank" href=Mon_Sep_21_19_07_38_IST_2020.jpg>Screenshot</a> <br> <br> <a target="_blank" href=Mon_Sep_21_19_07_38_IST_2020.jpg><img src=Mon_Sep_21_19_07_38_IST_2020.jpg height=200 width=200></img></a>  </system-out>
  <testcase name="verifyPresenceUndergroundCard" time="0.036" classname="com.OSMOSE.testcases.KnowledgeBase"/>
  <system-out>
Click to see Screenshot <a target="_blank" href=Mon_Sep_21_19_07_39_IST_2020.jpg>Screenshot</a> <br> <br> <a target="_blank" href=Mon_Sep_21_19_07_39_IST_2020.jpg><img src=Mon_Sep_21_19_07_39_IST_2020.jpg height=200 width=200></img></a>  </system-out>
  <testcase name="verifyPresenceOverheadCard" time="0.040" classname="com.OSMOSE.testcases.KnowledgeBase"/>
  <system-out>
Click to see Screenshot <a target="_blank" href=Mon_Sep_21_19_07_39_IST_2020.jpg>Screenshot</a> <br> <br> <a target="_blank" href=Mon_Sep_21_19_07_39_IST_2020.jpg><img src=Mon_Sep_21_19_07_39_IST_2020.jpg height=200 width=200></img></a>  </system-out>
  <testcase name="verifyPresenceJointUseCard" time="0.050" classname="com.OSMOSE.testcases.KnowledgeBase"/>
  <system-out>
Click to see Screenshot <a target="_blank" href=Mon_Sep_21_19_07_40_IST_2020.jpg>Screenshot</a> <br> <br> <a target="_blank" href=Mon_Sep_21_19_07_40_IST_2020.jpg><img src=Mon_Sep_21_19_07_40_IST_2020.jpg height=200 width=200></img></a>  </system-out>
  <testcase name="verifyPresencePoleReplacementCard" time="0.036" classname="com.OSMOSE.testcases.KnowledgeBase"/>
  <system-out>
Click to see Screenshot <a target="_blank" href=Mon_Sep_21_19_07_40_IST_2020.jpg>Screenshot</a> <br> <br> <a target="_blank" href=Mon_Sep_21_19_07_40_IST_2020.jpg><img src=Mon_Sep_21_19_07_40_IST_2020.jpg height=200 width=200></img></a>  </system-out>
  <testcase name="verifyPresenceStormSupportCard" time="0.052" classname="com.OSMOSE.testcases.KnowledgeBase"/>
  <system-out>
Click to see Screenshot <a target="_blank" href=Mon_Sep_21_19_07_41_IST_2020.jpg>Screenshot</a> <br> <br> <a target="_blank" href=Mon_Sep_21_19_07_41_IST_2020.jpg><img src=Mon_Sep_21_19_07_41_IST_2020.jpg height=200 width=200></img></a>  </system-out>
  <testcase name="verifyPresenceProductsCard" time="0.048" classname="com.OSMOSE.testcases.KnowledgeBase"/>
  <system-out>
Click to see Screenshot <a target="_blank" href=Mon_Sep_21_19_07_41_IST_2020.jpg>Screenshot</a> <br> <br> <a target="_blank" href=Mon_Sep_21_19_07_41_IST_2020.jpg><img src=Mon_Sep_21_19_07_41_IST_2020.jpg height=200 width=200></img></a>  </system-out>
  <testcase name="verifyPresenceOCalcProCard" time="0.042" classname="com.OSMOSE.testcases.KnowledgeBase"/>
  <system-out>
Click to see Screenshot <a target="_blank" href=Mon_Sep_21_19_07_42_IST_2020.jpg>Screenshot</a> <br> <br> <a target="_blank" href=Mon_Sep_21_19_07_42_IST_2020.jpg><img src=Mon_Sep_21_19_07_42_IST_2020.jpg height=200 width=200></img></a>  </system-out>
  <testcase name="verifyPresenceProjectOfTheWeekCard" time="0.067" classname="com.OSMOSE.testcases.KnowledgeBase"/>
  <system-out>
Click to see Screenshot <a target="_blank" href=Mon_Sep_21_19_07_42_IST_2020.jpg>Screenshot</a> <br> <br> <a target="_blank" href=Mon_Sep_21_19_07_42_IST_2020.jpg><img src=Mon_Sep_21_19_07_42_IST_2020.jpg height=200 width=200></img></a>  </system-out>
  <testcase name="verifyPresenceWhatswrongwiththisPictureCard" time="0.034" classname="com.OSMOSE.testcases.KnowledgeBase"/>
  <system-out>
Click to see Screenshot <a target="_blank" href=Mon_Sep_21_19_07_43_IST_2020.jpg>Screenshot</a> <br> <br> <a target="_blank" href=Mon_Sep_21_19_07_43_IST_2020.jpg><img src=Mon_Sep_21_19_07_43_IST_2020.jpg height=200 width=200></img></a>  </system-out>
  <testcase name="verifyPresenceFeaturedVideosCard" time="0.033" classname="com.OSMOSE.testcases.KnowledgeBase"/>
  <system-out>
Click to see Screenshot <a target="_blank" href=Mon_Sep_21_19_07_43_IST_2020.jpg>Screenshot</a> <br> <br> <a target="_blank" href=Mon_Sep_21_19_07_43_IST_2020.jpg><img src=Mon_Sep_21_19_07_43_IST_2020.jpg height=200 width=200></img></a>  </system-out>
  <testcase name="verifyPresenceSuggestedContentsCard" time="0.035" classname="com.OSMOSE.testcases.KnowledgeBase"/>
  <system-out>
Click to see Screenshot <a target="_blank" href=Mon_Sep_21_19_07_44_IST_2020.jpg>Screenshot</a> <br> <br> <a target="_blank" href=Mon_Sep_21_19_07_44_IST_2020.jpg><img src=Mon_Sep_21_19_07_44_IST_2020.jpg height=200 width=200></img></a>  </system-out>
  <testcase name="verifyPresenceOfOcalCproButtons" time="3.260" classname="com.OSMOSE.testcases.KnowledgeBase"/>
  <system-out>
Click to see Screenshot <a target="_blank" href=Mon_Sep_21_19_07_47_IST_2020.jpg>Screenshot</a> <br> <br> <a target="_blank" href=Mon_Sep_21_19_07_47_IST_2020.jpg><img src=Mon_Sep_21_19_07_47_IST_2020.jpg height=200 width=200></img></a>  </system-out>
  <testcase name="verifyPresenceOfSliderOnSuggestedContents" time="8.136" classname="com.OSMOSE.testcases.KnowledgeBase"/>
  <system-out>
Click to see Screenshot <a target="_blank" href=Mon_Sep_21_19_07_56_IST_2020.jpg>Screenshot</a> <br> <br> <a target="_blank" href=Mon_Sep_21_19_07_56_IST_2020.jpg><img src=Mon_Sep_21_19_07_56_IST_2020.jpg height=200 width=200></img></a>  </system-out>
  <testcase name="verifyClickOnItemSuggestedContents" time="9.258" classname="com.OSMOSE.testcases.KnowledgeBase"/>
  <system-out>
Click to see Screenshot <a target="_blank" href=Mon_Sep_21_19_08_06_IST_2020.jpg>Screenshot</a> <br> <br> <a target="_blank" href=Mon_Sep_21_19_08_06_IST_2020.jpg><img src=Mon_Sep_21_19_08_06_IST_2020.jpg height=200 width=200></img></a>  </system-out>
  <testcase name="verifyClickOnItemFeaturedVideos" time="5.455" classname="com.OSMOSE.testcases.KnowledgeBase"/>
  <system-out>
Click to see Screenshot <a target="_blank" href=Mon_Sep_21_19_08_12_IST_2020.jpg>Screenshot</a> <br> <br> <a target="_blank" href=Mon_Sep_21_19_08_12_IST_2020.jpg><img src=Mon_Sep_21_19_08_12_IST_2020.jpg height=200 width=200></img></a>  </system-out>
  <testcase name="verifyClickOnViewProjectProjectOfTheWeek" time="7.663" classname="com.OSMOSE.testcases.KnowledgeBase"/>
  <system-out>
Click to see Screenshot <a target="_blank" href=Mon_Sep_21_19_08_20_IST_2020.jpg>Screenshot</a> <br> <br> <a target="_blank" href=Mon_Sep_21_19_08_20_IST_2020.jpg><img src=Mon_Sep_21_19_08_20_IST_2020.jpg height=200 width=200></img></a>  </system-out>
  <testcase name="verifyCardContentsSteelConcreteAssessment" time="0.238" classname="com.OSMOSE.testcases.KnowledgeBase"/>
  <system-out>
Click to see Screenshot <a target="_blank" href=Mon_Sep_21_19_08_21_IST_2020.jpg>Screenshot</a> <br> <br> <a target="_blank" href=Mon_Sep_21_19_08_21_IST_2020.jpg><img src=Mon_Sep_21_19_08_21_IST_2020.jpg height=200 width=200></img></a>  </system-out>
  <testcase name="verifyCardContentsSteelConcreteRestoration" time="0.204" classname="com.OSMOSE.testcases.KnowledgeBase"/>
  <system-out>
Click to see Screenshot <a target="_blank" href=Mon_Sep_21_19_08_21_IST_2020.jpg>Screenshot</a> <br> <br> <a target="_blank" href=Mon_Sep_21_19_08_21_IST_2020.jpg><img src=Mon_Sep_21_19_08_21_IST_2020.jpg height=200 width=200></img></a>  </system-out>
  <testcase name="verifyCardContentsWoodInspectionTreatment" time="0.208" classname="com.OSMOSE.testcases.KnowledgeBase"/>
  <system-out>
Click to see Screenshot <a target="_blank" href=Mon_Sep_21_19_08_22_IST_2020.jpg>Screenshot</a> <br> <br> <a target="_blank" href=Mon_Sep_21_19_08_22_IST_2020.jpg><img src=Mon_Sep_21_19_08_22_IST_2020.jpg height=200 width=200></img></a>  </system-out>
  <testcase name="verifyCardContentsWoodRestoration" time="0.295" classname="com.OSMOSE.testcases.KnowledgeBase"/>
  <system-out>
Click to see Screenshot <a target="_blank" href=Mon_Sep_21_19_08_23_IST_2020.jpg>Screenshot</a> <br> <br> <a target="_blank" href=Mon_Sep_21_19_08_23_IST_2020.jpg><img src=Mon_Sep_21_19_08_23_IST_2020.jpg height=200 width=200></img></a>  </system-out>
  <testcase name="verifyCardContentsJointUse" time="0.207" classname="com.OSMOSE.testcases.KnowledgeBase"/>
  <system-out>
Click to see Screenshot <a target="_blank" href=Mon_Sep_21_19_08_24_IST_2020.jpg>Screenshot</a> <br> <br> <a target="_blank" href=Mon_Sep_21_19_08_24_IST_2020.jpg><img src=Mon_Sep_21_19_08_24_IST_2020.jpg height=200 width=200></img></a>  </system-out>
  <testcase name="verifyCardContentsOverhead" time="0.389" classname="com.OSMOSE.testcases.KnowledgeBase"/>
  <system-out>
Click to see Screenshot <a target="_blank" href=Mon_Sep_21_19_08_24_IST_2020.jpg>Screenshot</a> <br> <br> <a target="_blank" href=Mon_Sep_21_19_08_24_IST_2020.jpg><img src=Mon_Sep_21_19_08_24_IST_2020.jpg height=200 width=200></img></a>  </system-out>
  <testcase name="verifyCardContentsPoleReplacement" time="0.222" classname="com.OSMOSE.testcases.KnowledgeBase"/>
  <system-out>
Click to see Screenshot <a target="_blank" href=Mon_Sep_21_19_08_25_IST_2020.jpg>Screenshot</a> <br> <br> <a target="_blank" href=Mon_Sep_21_19_08_25_IST_2020.jpg><img src=Mon_Sep_21_19_08_25_IST_2020.jpg height=200 width=200></img></a>  </system-out>
  <testcase name="verifyCardContentsProducts" time="0.271" classname="com.OSMOSE.testcases.KnowledgeBase"/>
  <system-out>
Click to see Screenshot <a target="_blank" href=Mon_Sep_21_19_08_26_IST_2020.jpg>Screenshot</a> <br> <br> <a target="_blank" href=Mon_Sep_21_19_08_26_IST_2020.jpg><img src=Mon_Sep_21_19_08_26_IST_2020.jpg height=200 width=200></img></a>  </system-out>
  <testcase name="verifyCardContentsStormSupport" time="0.184" classname="com.OSMOSE.testcases.KnowledgeBase"/>
  <system-out>
Click to see Screenshot <a target="_blank" href=Mon_Sep_21_19_08_27_IST_2020.jpg>Screenshot</a> <br> <br> <a target="_blank" href=Mon_Sep_21_19_08_27_IST_2020.jpg><img src=Mon_Sep_21_19_08_27_IST_2020.jpg height=200 width=200></img></a>  </system-out>
  <testcase name="verifyCardContentsUnderground" time="0.215" classname="com.OSMOSE.testcases.KnowledgeBase"/>
  <system-out>
Click to see Screenshot <a target="_blank" href=Mon_Sep_21_19_08_27_IST_2020.jpg>Screenshot</a> <br> <br> <a target="_blank" href=Mon_Sep_21_19_08_27_IST_2020.jpg><img src=Mon_Sep_21_19_08_27_IST_2020.jpg height=200 width=200></img></a>  </system-out>
  <testcase name="verifyClickOnDailyGaffGallery" time="24.540" classname="com.OSMOSE.testcases.KnowledgeBase"/>
  <system-out>
Click to see Screenshot <a target="_blank" href=Mon_Sep_21_19_08_52_IST_2020.jpg>Screenshot</a> <br> <br> <a target="_blank" href=Mon_Sep_21_19_08_52_IST_2020.jpg><img src=Mon_Sep_21_19_08_52_IST_2020.jpg height=200 width=200></img></a>  </system-out>
  <testcase name="verifyClickOnDailyGaffGalleryImage" time="16.594" classname="com.OSMOSE.testcases.KnowledgeBase"/>
  <system-out>
Click to see Screenshot <a target="_blank" href=Mon_Sep_21_19_09_09_IST_2020.jpg>Screenshot</a> <br> <br> <a target="_blank" href=Mon_Sep_21_19_09_09_IST_2020.jpg><img src=Mon_Sep_21_19_09_09_IST_2020.jpg height=200 width=200></img></a>  </system-out>
  <testcase name="verifyClickOnJointUseCard" time="50.719" classname="com.OSMOSE.testcases.KnowledgeBase"/>
  <system-out>
Click to see Screenshot <a target="_blank" href=Mon_Sep_21_19_10_01_IST_2020.jpg>Screenshot</a> <br> <br> <a target="_blank" href=Mon_Sep_21_19_10_01_IST_2020.jpg><img src=Mon_Sep_21_19_10_01_IST_2020.jpg height=200 width=200></img></a>  </system-out>
  <testcase name="verifyClickOnOverheadCard" time="46.437" classname="com.OSMOSE.testcases.KnowledgeBase"/>
  <system-out>
Click to see Screenshot <a target="_blank" href=Mon_Sep_21_19_10_47_IST_2020.jpg>Screenshot</a> <br> <br> <a target="_blank" href=Mon_Sep_21_19_10_47_IST_2020.jpg><img src=Mon_Sep_21_19_10_47_IST_2020.jpg height=200 width=200></img></a>  </system-out>
  <testcase name="verifyClickOnPoleReplacementCard" time="46.500" classname="com.OSMOSE.testcases.KnowledgeBase"/>
  <system-out>
Click to see Screenshot <a target="_blank" href=Mon_Sep_21_19_11_34_IST_2020.jpg>Screenshot</a> <br> <br> <a target="_blank" href=Mon_Sep_21_19_11_34_IST_2020.jpg><img src=Mon_Sep_21_19_11_34_IST_2020.jpg height=200 width=200></img></a>  </system-out>
  <testcase name="verifyClickOnProductsCard" time="46.521" classname="com.OSMOSE.testcases.KnowledgeBase"/>
  <system-out>
Click to see Screenshot <a target="_blank" href=Mon_Sep_21_19_12_21_IST_2020.jpg>Screenshot</a> <br> <br> <a target="_blank" href=Mon_Sep_21_19_12_21_IST_2020.jpg><img src=Mon_Sep_21_19_12_21_IST_2020.jpg height=200 width=200></img></a>  </system-out>
  <testcase name="verifyClickOnSteelandConcreteAssessmentCard" time="20.221" classname="com.OSMOSE.testcases.KnowledgeBase"/>
  <system-out>
Click to see Screenshot <a target="_blank" href=Mon_Sep_21_19_12_42_IST_2020.jpg>Screenshot</a> <br> <br> <a target="_blank" href=Mon_Sep_21_19_12_42_IST_2020.jpg><img src=Mon_Sep_21_19_12_42_IST_2020.jpg height=200 width=200></img></a>  </system-out>
  <testcase name="verifyClickOnSteelandConcreteRestorationCard" time="20.156" classname="com.OSMOSE.testcases.KnowledgeBase"/>
  <system-out>
Click to see Screenshot <a target="_blank" href=Mon_Sep_21_19_13_03_IST_2020.jpg>Screenshot</a> <br> <br> <a target="_blank" href=Mon_Sep_21_19_13_03_IST_2020.jpg><img src=Mon_Sep_21_19_13_03_IST_2020.jpg height=200 width=200></img></a>  </system-out>
  <testcase name="verifyClickOnStormSupportCard" time="46.574" classname="com.OSMOSE.testcases.KnowledgeBase"/>
  <system-out>
Click to see Screenshot <a target="_blank" href=Mon_Sep_21_19_13_50_IST_2020.jpg>Screenshot</a> <br> <br> <a target="_blank" href=Mon_Sep_21_19_13_50_IST_2020.jpg><img src=Mon_Sep_21_19_13_50_IST_2020.jpg height=200 width=200></img></a>  </system-out>
  <testcase name="verifyClickOnUndergroundCard" time="46.423" classname="com.OSMOSE.testcases.KnowledgeBase"/>
  <system-out>
Click to see Screenshot <a target="_blank" href=Mon_Sep_21_19_14_36_IST_2020.jpg>Screenshot</a> <br> <br> <a target="_blank" href=Mon_Sep_21_19_14_36_IST_2020.jpg><img src=Mon_Sep_21_19_14_36_IST_2020.jpg height=200 width=200></img></a>  </system-out>
  <testcase name="verifyClickOnWoodRestorationCard" time="20.155" classname="com.OSMOSE.testcases.KnowledgeBase"/>
  <system-out>
Click to see Screenshot <a target="_blank" href=Mon_Sep_21_19_14_57_IST_2020.jpg>Screenshot</a> <br> <br> <a target="_blank" href=Mon_Sep_21_19_14_57_IST_2020.jpg><img src=Mon_Sep_21_19_14_57_IST_2020.jpg height=200 width=200></img></a>  </system-out>
  <testcase name="verifyClickOnWoodInspectionCard" time="20.140" classname="com.OSMOSE.testcases.KnowledgeBase"/>
  <system-out>
Click to see Screenshot <a target="_blank" href=Mon_Sep_21_19_15_17_IST_2020.jpg>Screenshot</a> <br> <br> <a target="_blank" href=Mon_Sep_21_19_15_17_IST_2020.jpg><img src=Mon_Sep_21_19_15_17_IST_2020.jpg height=200 width=200></img></a>  </system-out>
  <testcase name="verifyClickonJointUsImages" time="22.013" classname="com.OSMOSE.testcases.KnowledgeBase"/>
  <system-out>
Click to see Screenshot <a target="_blank" href=Mon_Sep_21_19_15_40_IST_2020.jpg>Screenshot</a> <br> <br> <a target="_blank" href=Mon_Sep_21_19_15_40_IST_2020.jpg><img src=Mon_Sep_21_19_15_40_IST_2020.jpg height=200 width=200></img></a>  </system-out>
  <testcase name="verifyClickonJointUsVideos" time="36.927" classname="com.OSMOSE.testcases.KnowledgeBase"/>
  <system-out>
Click to see Screenshot <a target="_blank" href=Mon_Sep_21_19_16_17_IST_2020.jpg>Screenshot</a> <br> <br> <a target="_blank" href=Mon_Sep_21_19_16_17_IST_2020.jpg><img src=Mon_Sep_21_19_16_17_IST_2020.jpg height=200 width=200></img></a>  </system-out>
  <testcase name="verifyClickonJointUsArticles" time="9.076" classname="com.OSMOSE.testcases.KnowledgeBase"/>
  <system-out>
Click to see Screenshot <a target="_blank" href=Mon_Sep_21_19_16_27_IST_2020.jpg>Screenshot</a> <br> <br> <a target="_blank" href=Mon_Sep_21_19_16_27_IST_2020.jpg><img src=Mon_Sep_21_19_16_27_IST_2020.jpg height=200 width=200></img></a>  </system-out>
  <testcase name="verifyClickonOverheadVideos" time="34.899" classname="com.OSMOSE.testcases.KnowledgeBase"/>
  <system-out>
Click to see Screenshot <a target="_blank" href=Mon_Sep_21_19_17_02_IST_2020.jpg>Screenshot</a> <br> <br> <a target="_blank" href=Mon_Sep_21_19_17_02_IST_2020.jpg><img src=Mon_Sep_21_19_17_02_IST_2020.jpg height=200 width=200></img></a>  </system-out>
  <testcase name="verifyClickonOverheadImages" time="27.026" classname="com.OSMOSE.testcases.KnowledgeBase"/>
  <system-out>
Click to see Screenshot <a target="_blank" href=Mon_Sep_21_19_17_30_IST_2020.jpg>Screenshot</a> <br> <br> <a target="_blank" href=Mon_Sep_21_19_17_30_IST_2020.jpg><img src=Mon_Sep_21_19_17_30_IST_2020.jpg height=200 width=200></img></a>  </system-out>
  <testcase name="verifyClickonOverheadProjectProfiles" time="27.042" classname="com.OSMOSE.testcases.KnowledgeBase"/>
  <system-out>
Click to see Screenshot <a target="_blank" href=Mon_Sep_21_19_17_57_IST_2020.jpg>Screenshot</a> <br> <br> <a target="_blank" href=Mon_Sep_21_19_17_57_IST_2020.jpg><img src=Mon_Sep_21_19_17_57_IST_2020.jpg height=200 width=200></img></a>  </system-out>
  <testcase name="verifyClickonPoleReplacementImages" time="27.050" classname="com.OSMOSE.testcases.KnowledgeBase"/>
  <system-out>
Click to see Screenshot <a target="_blank" href=Mon_Sep_21_19_18_25_IST_2020.jpg>Screenshot</a> <br> <br> <a target="_blank" href=Mon_Sep_21_19_18_25_IST_2020.jpg><img src=Mon_Sep_21_19_18_25_IST_2020.jpg height=200 width=200></img></a>  </system-out>
  <testcase name="verifyClickonPoleReplacementVideos" time="37.002" classname="com.OSMOSE.testcases.KnowledgeBase"/>
  <system-out>
Click to see Screenshot <a target="_blank" href=Mon_Sep_21_19_19_02_IST_2020.jpg>Screenshot</a> <br> <br> <a target="_blank" href=Mon_Sep_21_19_19_02_IST_2020.jpg><img src=Mon_Sep_21_19_19_02_IST_2020.jpg height=200 width=200></img></a>  </system-out>
  <testcase name="verifyClickonPoleReplacementBrochure" time="27.057" classname="com.OSMOSE.testcases.KnowledgeBase"/>
  <system-out>
Click to see Screenshot <a target="_blank" href=Mon_Sep_21_19_19_30_IST_2020.jpg>Screenshot</a> <br> <br> <a target="_blank" href=Mon_Sep_21_19_19_30_IST_2020.jpg><img src=Mon_Sep_21_19_19_30_IST_2020.jpg height=200 width=200></img></a>  </system-out>
  <testcase name="verifyClickonProductsImages" time="27.001" classname="com.OSMOSE.testcases.KnowledgeBase"/>
  <system-out>
Click to see Screenshot <a target="_blank" href=Mon_Sep_21_19_19_57_IST_2020.jpg>Screenshot</a> <br> <br> <a target="_blank" href=Mon_Sep_21_19_19_57_IST_2020.jpg><img src=Mon_Sep_21_19_19_57_IST_2020.jpg height=200 width=200></img></a>  </system-out>
  <testcase name="verifyClickonProductsVideos" time="36.881" classname="com.OSMOSE.testcases.KnowledgeBase"/>
  <system-out>
Click to see Screenshot <a target="_blank" href=Mon_Sep_21_19_20_34_IST_2020.jpg>Screenshot</a> <br> <br> <a target="_blank" href=Mon_Sep_21_19_20_34_IST_2020.jpg><img src=Mon_Sep_21_19_20_34_IST_2020.jpg height=200 width=200></img></a>  </system-out>
  <testcase name="verifyClickonProductsProductCatalog" time="27.086" classname="com.OSMOSE.testcases.KnowledgeBase"/>
  <system-out>
Click to see Screenshot <a target="_blank" href=Mon_Sep_21_19_21_02_IST_2020.jpg>Screenshot</a> <br> <br> <a target="_blank" href=Mon_Sep_21_19_21_02_IST_2020.jpg><img src=Mon_Sep_21_19_21_02_IST_2020.jpg height=200 width=200></img></a>  </system-out>
  <testcase name="verifyClickonSteelAndConcreteAssessmentImages" time="27.022" classname="com.OSMOSE.testcases.KnowledgeBase"/>
  <system-out>
Click to see Screenshot <a target="_blank" href=Mon_Sep_21_19_21_29_IST_2020.jpg>Screenshot</a> <br> <br> <a target="_blank" href=Mon_Sep_21_19_21_29_IST_2020.jpg><img src=Mon_Sep_21_19_21_29_IST_2020.jpg height=200 width=200></img></a>  </system-out>
  <testcase name="verifyClickonSteelAndConcreteAssessmentBrochures" time="9.143" classname="com.OSMOSE.testcases.KnowledgeBase"/>
  <system-out>
Click to see Screenshot <a target="_blank" href=Mon_Sep_21_19_21_39_IST_2020.jpg>Screenshot</a> <br> <br> <a target="_blank" href=Mon_Sep_21_19_21_39_IST_2020.jpg><img src=Mon_Sep_21_19_21_39_IST_2020.jpg height=200 width=200></img></a>  </system-out>
  <testcase name="verifyClickonSteelAndConcreteAssessmentStandardsCodes" time="8.114" classname="com.OSMOSE.testcases.KnowledgeBase"/>
  <system-out>
Click to see Screenshot <a target="_blank" href=Mon_Sep_21_19_21_48_IST_2020.jpg>Screenshot</a> <br> <br> <a target="_blank" href=Mon_Sep_21_19_21_48_IST_2020.jpg><img src=Mon_Sep_21_19_21_48_IST_2020.jpg height=200 width=200></img></a>  </system-out>
  <testcase name="verifyClickonSteelAndConcreteRestorationArticles" time="9.389" classname="com.OSMOSE.testcases.KnowledgeBase"/>
  <system-out>
Click to see Screenshot <a target="_blank" href=Mon_Sep_21_19_21_57_IST_2020.jpg>Screenshot</a> <br> <br> <a target="_blank" href=Mon_Sep_21_19_21_57_IST_2020.jpg><img src=Mon_Sep_21_19_21_57_IST_2020.jpg height=200 width=200></img></a>  </system-out>
  <testcase name="verifyClickonSteelAndConcreteRestorationBrochures" time="8.184" classname="com.OSMOSE.testcases.KnowledgeBase"/>
  <system-out>
Click to see Screenshot <a target="_blank" href=Mon_Sep_21_19_22_06_IST_2020.jpg>Screenshot</a> <br> <br> <a target="_blank" href=Mon_Sep_21_19_22_06_IST_2020.jpg><img src=Mon_Sep_21_19_22_06_IST_2020.jpg height=200 width=200></img></a>  </system-out>
  <testcase name="verifyClickonSteelAndConcreteRestorationImages" time="26.935" classname="com.OSMOSE.testcases.KnowledgeBase"/>
  <system-out>
Click to see Screenshot <a target="_blank" href=Mon_Sep_21_19_22_33_IST_2020.jpg>Screenshot</a> <br> <br> <a target="_blank" href=Mon_Sep_21_19_22_33_IST_2020.jpg><img src=Mon_Sep_21_19_22_33_IST_2020.jpg height=200 width=200></img></a>  </system-out>
  <testcase name="verifyClickonStormSupportImages" time="27.048" classname="com.OSMOSE.testcases.KnowledgeBase"/>
  <system-out>
Click to see Screenshot <a target="_blank" href=Mon_Sep_21_19_23_01_IST_2020.jpg>Screenshot</a> <br> <br> <a target="_blank" href=Mon_Sep_21_19_23_01_IST_2020.jpg><img src=Mon_Sep_21_19_23_01_IST_2020.jpg height=200 width=200></img></a>  </system-out>
  <testcase name="verifyClickonStormSupportVideos" time="36.912" classname="com.OSMOSE.testcases.KnowledgeBase"/>
  <system-out>
Click to see Screenshot <a target="_blank" href=Mon_Sep_21_19_23_38_IST_2020.jpg>Screenshot</a> <br> <br> <a target="_blank" href=Mon_Sep_21_19_23_38_IST_2020.jpg><img src=Mon_Sep_21_19_23_38_IST_2020.jpg height=200 width=200></img></a>  </system-out>
  <testcase name="verifyClickonStormSupportProjectProfiles" time="26.980" classname="com.OSMOSE.testcases.KnowledgeBase"/>
  <system-out>
Click to see Screenshot <a target="_blank" href=Mon_Sep_21_19_24_05_IST_2020.jpg>Screenshot</a> <br> <br> <a target="_blank" href=Mon_Sep_21_19_24_05_IST_2020.jpg><img src=Mon_Sep_21_19_24_05_IST_2020.jpg height=200 width=200></img></a>  </system-out>
  <testcase name="verifyClickonUndergroundImages" time="27.045" classname="com.OSMOSE.testcases.KnowledgeBase"/>
  <system-out>
Click to see Screenshot <a target="_blank" href=Mon_Sep_21_19_24_33_IST_2020.jpg>Screenshot</a> <br> <br> <a target="_blank" href=Mon_Sep_21_19_24_33_IST_2020.jpg><img src=Mon_Sep_21_19_24_33_IST_2020.jpg height=200 width=200></img></a>  </system-out>
  <testcase name="verifyClickonUndergroundBrochure" time="26.881" classname="com.OSMOSE.testcases.KnowledgeBase"/>
  <system-out>
Click to see Screenshot <a target="_blank" href=Mon_Sep_21_19_25_00_IST_2020.jpg>Screenshot</a> <br> <br> <a target="_blank" href=Mon_Sep_21_19_25_00_IST_2020.jpg><img src=Mon_Sep_21_19_25_00_IST_2020.jpg height=200 width=200></img></a>  </system-out>
  <testcase name="verifyClickonUndergroundDiagram" time="26.984" classname="com.OSMOSE.testcases.KnowledgeBase"/>
  <system-out>
Click to see Screenshot <a target="_blank" href=Mon_Sep_21_19_25_28_IST_2020.jpg>Screenshot</a> <br> <br> <a target="_blank" href=Mon_Sep_21_19_25_28_IST_2020.jpg><img src=Mon_Sep_21_19_25_28_IST_2020.jpg height=200 width=200></img></a>  </system-out>
  <testcase name="verifyClickonWoodRestorationVideos" time="36.973" classname="com.OSMOSE.testcases.KnowledgeBase"/>
  <system-out>
Click to see Screenshot <a target="_blank" href=Mon_Sep_21_19_26_05_IST_2020.jpg>Screenshot</a> <br> <br> <a target="_blank" href=Mon_Sep_21_19_26_05_IST_2020.jpg><img src=Mon_Sep_21_19_26_05_IST_2020.jpg height=200 width=200></img></a>  </system-out>
  <testcase name="verifyClickonWoodRestorationBrochures" time="9.073" classname="com.OSMOSE.testcases.KnowledgeBase"/>
  <system-out>
Click to see Screenshot <a target="_blank" href=Mon_Sep_21_19_26_14_IST_2020.jpg>Screenshot</a> <br> <br> <a target="_blank" href=Mon_Sep_21_19_26_14_IST_2020.jpg><img src=Mon_Sep_21_19_26_14_IST_2020.jpg height=200 width=200></img></a>  </system-out>
  <testcase name="verifyClickonWoodRestorationArticles" time="8.137" classname="com.OSMOSE.testcases.KnowledgeBase"/>
  <system-out>
Click to see Screenshot <a target="_blank" href=Mon_Sep_21_19_26_23_IST_2020.jpg>Screenshot</a> <br> <br> <a target="_blank" href=Mon_Sep_21_19_26_23_IST_2020.jpg><img src=Mon_Sep_21_19_26_23_IST_2020.jpg height=200 width=200></img></a>  </system-out>
  <testcase name="verifyClickonWoodTreatmentVideos" time="36.906" classname="com.OSMOSE.testcases.KnowledgeBase"/>
  <system-out>
Click to see Screenshot <a target="_blank" href=Mon_Sep_21_19_27_00_IST_2020.jpg>Screenshot</a> <br> <br> <a target="_blank" href=Mon_Sep_21_19_27_00_IST_2020.jpg><img src=Mon_Sep_21_19_27_00_IST_2020.jpg height=200 width=200></img></a>  </system-out>
  <testcase name="verifyClickonWoodTreatmentImages" time="27.160" classname="com.OSMOSE.testcases.KnowledgeBase"/>
  <system-out>
Click to see Screenshot <a target="_blank" href=Mon_Sep_21_19_27_28_IST_2020.jpg>Screenshot</a> <br> <br> <a target="_blank" href=Mon_Sep_21_19_27_28_IST_2020.jpg><img src=Mon_Sep_21_19_27_28_IST_2020.jpg height=200 width=200></img></a>  </system-out>
  <testcase name="verifyClickonWoodTreatmentResearch" time="26.911" classname="com.OSMOSE.testcases.KnowledgeBase"/>
  <system-out>
Click to see Screenshot <a target="_blank" href=Mon_Sep_21_19_27_55_IST_2020.jpg>Screenshot</a> <br> <br> <a target="_blank" href=Mon_Sep_21_19_27_55_IST_2020.jpg><img src=Mon_Sep_21_19_27_55_IST_2020.jpg height=200 width=200></img></a>  </system-out>
  <testcase name="verifyClickonVideosSeeMore" time="39.487" classname="com.OSMOSE.testcases.KnowledgeBase"/>
  <system-out>
Click to see Screenshot <a target="_blank" href=Mon_Sep_21_19_28_35_IST_2020.jpg>Screenshot</a> <br> <br> <a target="_blank" href=Mon_Sep_21_19_28_35_IST_2020.jpg><img src=Mon_Sep_21_19_28_35_IST_2020.jpg height=200 width=200></img></a>  </system-out>
  <testcase name="verifyClickonImagesSeeMore" time="45.662" classname="com.OSMOSE.testcases.KnowledgeBase"/>
  <system-out>
Click to see Screenshot <a target="_blank" href=Mon_Sep_21_19_29_21_IST_2020.jpg>Screenshot</a> <br> <br> <a target="_blank" href=Mon_Sep_21_19_29_21_IST_2020.jpg><img src=Mon_Sep_21_19_29_21_IST_2020.jpg height=200 width=200></img></a>  </system-out>
  <testcase name="verifyClickonDocumentsSeeMore" time="45.617" classname="com.OSMOSE.testcases.KnowledgeBase"/>
  <system-out>
Click to see Screenshot <a target="_blank" href=Mon_Sep_21_19_30_07_IST_2020.jpg>Screenshot</a> <br> <br> <a target="_blank" href=Mon_Sep_21_19_30_07_IST_2020.jpg><img src=Mon_Sep_21_19_30_07_IST_2020.jpg height=200 width=200></img></a>  </system-out>
  <testcase name="verifyClickonJointUseManagementServicesSeeMore" time="48.833" classname="com.OSMOSE.testcases.KnowledgeBase"/>
  <system-out>
Click to see Screenshot <a target="_blank" href=Mon_Sep_21_19_30_57_IST_2020.jpg>Screenshot</a> <br> <br> <a target="_blank" href=Mon_Sep_21_19_30_57_IST_2020.jpg><img src=Mon_Sep_21_19_30_57_IST_2020.jpg height=200 width=200></img></a>  </system-out>
  <testcase name="verifyDynamicDropdown" time="45.533" classname="com.OSMOSE.testcases.KnowledgeBase"/>
  <system-out>
Click to see Screenshot <a target="_blank" href=Mon_Sep_21_19_31_43_IST_2020.jpg>Screenshot</a> <br> <br> <a target="_blank" href=Mon_Sep_21_19_31_43_IST_2020.jpg><img src=Mon_Sep_21_19_31_43_IST_2020.jpg height=200 width=200></img></a>  </system-out>
  <testcase name="verifySearchResultsAreGrouped" time="39.388" classname="com.OSMOSE.testcases.KnowledgeBase"/>
  <system-out>
Click to see Screenshot <a target="_blank" href=Mon_Sep_21_19_32_22_IST_2020.jpg>Screenshot</a> <br> <br> <a target="_blank" href=Mon_Sep_21_19_32_22_IST_2020.jpg><img src=Mon_Sep_21_19_32_22_IST_2020.jpg height=200 width=200></img></a>  </system-out>
  <testcase name="verifySearchResultsAreGroupedAfterfilterUpdation" time="139.952" classname="com.OSMOSE.testcases.KnowledgeBase"/>
  <system-out>
Click to see Screenshot <a target="_blank" href=Mon_Sep_21_19_34_43_IST_2020.jpg>Screenshot</a> <br> <br> <a target="_blank" href=Mon_Sep_21_19_34_43_IST_2020.jpg><img src=Mon_Sep_21_19_34_43_IST_2020.jpg height=200 width=200></img></a>  </system-out>
  <testcase name="verifySearchResultsOnTyping" time="39.668" classname="com.OSMOSE.testcases.KnowledgeBase"/>
  <system-out>
Click to see Screenshot <a target="_blank" href=Mon_Sep_21_19_35_23_IST_2020.jpg>Screenshot</a> <br> <br> <a target="_blank" href=Mon_Sep_21_19_35_23_IST_2020.jpg><img src=Mon_Sep_21_19_35_23_IST_2020.jpg height=200 width=200></img></a>  </system-out>
  <testcase name="verifyClearButtonOnTyping" time="11.287" classname="com.OSMOSE.testcases.KnowledgeBase"/>
  <system-out>
Click to see Screenshot <a target="_blank" href=Mon_Sep_21_19_35_35_IST_2020.jpg>Screenshot</a> <br> <br> <a target="_blank" href=Mon_Sep_21_19_35_35_IST_2020.jpg><img src=Mon_Sep_21_19_35_35_IST_2020.jpg height=200 width=200></img></a>  </system-out>
  <testcase name="verifySearchResultsAreVideos" time="41.462" classname="com.OSMOSE.testcases.KnowledgeBase"/>
  <system-out>
Click to see Screenshot <a target="_blank" href=Mon_Sep_21_19_36_17_IST_2020.jpg>Screenshot</a> <br> <br> <a target="_blank" href=Mon_Sep_21_19_36_17_IST_2020.jpg><img src=Mon_Sep_21_19_36_17_IST_2020.jpg height=200 width=200></img></a>  </system-out>
  <testcase name="verifySearchResultsAreImages" time="41.314" classname="com.OSMOSE.testcases.KnowledgeBase"/>
  <system-out>
Click to see Screenshot <a target="_blank" href=Mon_Sep_21_19_36_58_IST_2020.jpg>Screenshot</a> <br> <br> <a target="_blank" href=Mon_Sep_21_19_36_58_IST_2020.jpg><img src=Mon_Sep_21_19_36_58_IST_2020.jpg height=200 width=200></img></a>  </system-out>
  <testcase name="verifySearchResultsAreDocuments" time="41.408" classname="com.OSMOSE.testcases.KnowledgeBase"/>
  <system-out>
Click to see Screenshot <a target="_blank" href=Mon_Sep_21_19_37_40_IST_2020.jpg>Screenshot</a> <br> <br> <a target="_blank" href=Mon_Sep_21_19_37_40_IST_2020.jpg><img src=Mon_Sep_21_19_37_40_IST_2020.jpg height=200 width=200></img></a>  </system-out>
  <testcase name="verifyNoResultsFoundMessage" time="12.065" classname="com.OSMOSE.testcases.KnowledgeBase"/>
  <system-out>
Click to see Screenshot <a target="_blank" href=Mon_Sep_21_19_37_53_IST_2020.jpg>Screenshot</a> <br> <br> <a target="_blank" href=Mon_Sep_21_19_37_53_IST_2020.jpg><img src=Mon_Sep_21_19_37_53_IST_2020.jpg height=200 width=200></img></a>  </system-out>
  <testcase name="verifyPresenceOfSortBy" time="46.055" classname="com.OSMOSE.testcases.KnowledgeBase"/>
  <system-out>
Click to see Screenshot <a target="_blank" href=Mon_Sep_21_19_38_39_IST_2020.jpg>Screenshot</a> <br> <br> <a target="_blank" href=Mon_Sep_21_19_38_39_IST_2020.jpg><img src=Mon_Sep_21_19_38_39_IST_2020.jpg height=200 width=200></img></a>  </system-out>
  <testcase name="verifySearchTextUpdation" time="45.787" classname="com.OSMOSE.testcases.KnowledgeBase"/>
  <system-out>
Click to see Screenshot <a target="_blank" href=Mon_Sep_21_19_39_25_IST_2020.jpg>Screenshot</a> <br> <br> <a target="_blank" href=Mon_Sep_21_19_39_25_IST_2020.jpg><img src=Mon_Sep_21_19_39_25_IST_2020.jpg height=200 width=200></img></a>  </system-out>
  <testcase name="verifyPopularFiltersJointUsImages" time="18.329" classname="com.OSMOSE.testcases.KnowledgeBase"/>
  <system-out>
Click to see Screenshot <a target="_blank" href=Mon_Sep_21_19_39_44_IST_2020.jpg>Screenshot</a> <br> <br> <a target="_blank" href=Mon_Sep_21_19_39_44_IST_2020.jpg><img src=Mon_Sep_21_19_39_44_IST_2020.jpg height=200 width=200></img></a>  </system-out>
  <testcase name="verifyPopularQueriesReset" time="17.548" classname="com.OSMOSE.testcases.KnowledgeBase"/>
  <system-out>
Click to see Screenshot <a target="_blank" href=Mon_Sep_21_19_40_02_IST_2020.jpg>Screenshot</a> <br> <br> <a target="_blank" href=Mon_Sep_21_19_40_02_IST_2020.jpg><img src=Mon_Sep_21_19_40_02_IST_2020.jpg height=200 width=200></img></a>  </system-out>
  <testcase name="verifyExternalVideo" time="25.590" classname="com.OSMOSE.testcases.KnowledgeBase"/>
  <system-out>
Click to see Screenshot <a target="_blank" href=Mon_Sep_21_19_40_28_IST_2020.jpg>Screenshot</a> <br> <br> <a target="_blank" href=Mon_Sep_21_19_40_28_IST_2020.jpg><img src=Mon_Sep_21_19_40_28_IST_2020.jpg height=200 width=200></img></a>  </system-out>
  <testcase name="verifyPresenceIndustryNewsCard" classname="com.OSMOSE.testcases.KnowledgeBase">
    <skipped/>
  </testcase> <!-- verifyPresenceIndustryNewsCard -->
  <system-out/>
  <testcase name="verifyIndustrySeeMore" classname="com.OSMOSE.testcases.KnowledgeBase">
    <skipped/>
  </testcase> <!-- verifyIndustrySeeMore -->
  <system-out/>
</testsuite> <!-- com.OSMOSE.testcases.KnowledgeBase -->
