<?xml version="1.0" encoding="UTF-8"?>
<!-- Generated by org.testng.reporters.JUnitReportReporter -->
<testsuite skipped="95" hostname="5CG6332Q2D" name="com.OSMOSE.testcases.KnowledgeBase" tests="98" failures="0" timestamp="2021-02-17T17:47:23 IST" time="104.340" errors="0">
  <testcase name="verifyKnowledgeBaseNavigationClick" time="80.836" classname="com.OSMOSE.testcases.KnowledgeBase"/>
  <system-out>
Click to see Screenshot <a target="_blank" href=Wed_Feb_17_17_46_53_IST_2021.jpg>Screenshot</a> <br> <br> <a target="_blank" href=Wed_Feb_17_17_46_53_IST_2021.jpg><img src=Wed_Feb_17_17_46_53_IST_2021.jpg height=200 width=200></img></a>  </system-out>
  <testcase name="verifyPresenceOfOcalCproButtons" time="3.413" classname="com.OSMOSE.testcases.KnowledgeBase"/>
  <system-out>
Click to see Screenshot <a target="_blank" href=Wed_Feb_17_17_46_57_IST_2021.jpg>Screenshot</a> <br> <br> <a target="_blank" href=Wed_Feb_17_17_46_57_IST_2021.jpg><img src=Wed_Feb_17_17_46_57_IST_2021.jpg height=200 width=200></img></a>  </system-out>
  <testcase name="verifyfunctionalityOfOcalCproButtons" time="20.091" classname="com.OSMOSE.testcases.KnowledgeBase"/>
  <system-out>
Click to see Screenshot <a target="_blank" href=Wed_Feb_17_17_47_18_IST_2021.jpg>Screenshot</a> <br> <br> <a target="_blank" href=Wed_Feb_17_17_47_18_IST_2021.jpg><img src=Wed_Feb_17_17_47_18_IST_2021.jpg height=200 width=200></img></a>  </system-out>
  <testcase name="verifyCardContentsSteelConcreteRestoration" classname="com.OSMOSE.testcases.KnowledgeBase">
    <skipped/>
  </testcase> <!-- verifyCardContentsSteelConcreteRestoration -->
  <system-out/>
  <testcase name="verifyNoResultsFoundMessage" classname="com.OSMOSE.testcases.KnowledgeBase">
    <skipped/>
  </testcase> <!-- verifyNoResultsFoundMessage -->
  <system-out/>
  <testcase name="verifyClickonWoodRestorationArticles" classname="com.OSMOSE.testcases.KnowledgeBase">
    <skipped/>
  </testcase> <!-- verifyClickonWoodRestorationArticles -->
  <system-out/>
  <testcase name="verifyPresenceOCalcProCard" classname="com.OSMOSE.testcases.KnowledgeBase">
    <skipped/>
  </testcase> <!-- verifyPresenceOCalcProCard -->
  <system-out/>
  <testcase name="verifyCardContentsProducts" classname="com.OSMOSE.testcases.KnowledgeBase">
    <skipped/>
  </testcase> <!-- verifyCardContentsProducts -->
  <system-out/>
  <testcase name="verifyClickonOverheadVideos" classname="com.OSMOSE.testcases.KnowledgeBase">
    <skipped/>
  </testcase> <!-- verifyClickonOverheadVideos -->
  <system-out/>
  <testcase name="verifySearchResultsOnTyping" classname="com.OSMOSE.testcases.KnowledgeBase">
    <skipped/>
  </testcase> <!-- verifySearchResultsOnTyping -->
  <system-out/>
  <testcase name="verifyClickOnStormSupportCard" classname="com.OSMOSE.testcases.KnowledgeBase">
    <skipped/>
  </testcase> <!-- verifyClickOnStormSupportCard -->
  <system-out/>
  <testcase name="verifyClickonWoodTreatmentVideos" classname="com.OSMOSE.testcases.KnowledgeBase">
    <skipped/>
  </testcase> <!-- verifyClickonWoodTreatmentVideos -->
  <system-out/>
  <testcase name="verifyPresenceProjectOfTheWeekCard" classname="com.OSMOSE.testcases.KnowledgeBase">
    <skipped/>
  </testcase> <!-- verifyPresenceProjectOfTheWeekCard -->
  <system-out/>
  <testcase name="verifyPresenceFeaturedVideosCard" classname="com.OSMOSE.testcases.KnowledgeBase">
    <skipped/>
  </testcase> <!-- verifyPresenceFeaturedVideosCard -->
  <system-out/>
  <testcase name="verifyClickonJointUsVideos" classname="com.OSMOSE.testcases.KnowledgeBase">
    <skipped/>
  </testcase> <!-- verifyClickonJointUsVideos -->
  <system-out/>
  <testcase name="verifyClickonWoodRestorationVideos" classname="com.OSMOSE.testcases.KnowledgeBase">
    <skipped/>
  </testcase> <!-- verifyClickonWoodRestorationVideos -->
  <system-out/>
  <testcase name="verifyClickonUndergroundBrochure" classname="com.OSMOSE.testcases.KnowledgeBase">
    <skipped/>
  </testcase> <!-- verifyClickonUndergroundBrochure -->
  <system-out/>
  <testcase name="verifyClickonStormSupportVideos" classname="com.OSMOSE.testcases.KnowledgeBase">
    <skipped/>
  </testcase> <!-- verifyClickonStormSupportVideos -->
  <system-out/>
  <testcase name="verifyPresenceOverheadCard" classname="com.OSMOSE.testcases.KnowledgeBase">
    <skipped/>
  </testcase> <!-- verifyPresenceOverheadCard -->
  <system-out/>
  <testcase name="verifyClickOnItemFeaturedVideos" classname="com.OSMOSE.testcases.KnowledgeBase">
    <skipped/>
  </testcase> <!-- verifyClickOnItemFeaturedVideos -->
  <system-out/>
  <testcase name="verifyPresenceSuggestedContentsCard" classname="com.OSMOSE.testcases.KnowledgeBase">
    <skipped/>
  </testcase> <!-- verifyPresenceSuggestedContentsCard -->
  <system-out/>
  <testcase name="verifyClickonSteelAndConcreteRestorationBrochures" classname="com.OSMOSE.testcases.KnowledgeBase">
    <skipped/>
  </testcase> <!-- verifyClickonSteelAndConcreteRestorationBrochures -->
  <system-out/>
  <testcase name="verifyClearButtonOnTyping" classname="com.OSMOSE.testcases.KnowledgeBase">
    <skipped/>
  </testcase> <!-- verifyClearButtonOnTyping -->
  <system-out/>
  <testcase name="verifyPresenceIndustryNewsCard" classname="com.OSMOSE.testcases.KnowledgeBase">
    <skipped/>
  </testcase> <!-- verifyPresenceIndustryNewsCard -->
  <system-out/>
  <testcase name="verifyClickonPoleReplacementBrochure" classname="com.OSMOSE.testcases.KnowledgeBase">
    <skipped/>
  </testcase> <!-- verifyClickonPoleReplacementBrochure -->
  <system-out/>
  <testcase name="verifyClickonPoleReplacementVideos" classname="com.OSMOSE.testcases.KnowledgeBase">
    <skipped/>
  </testcase> <!-- verifyClickonPoleReplacementVideos -->
  <system-out/>
  <testcase name="verifyClickonJointUseManagementServicesSeeMore" classname="com.OSMOSE.testcases.KnowledgeBase">
    <skipped/>
  </testcase> <!-- verifyClickonJointUseManagementServicesSeeMore -->
  <system-out/>
  <testcase name="verifyClickOnItemSuggestedContents" classname="com.OSMOSE.testcases.KnowledgeBase">
    <skipped/>
  </testcase> <!-- verifyClickOnItemSuggestedContents -->
  <system-out/>
  <testcase name="verifyClickOnSteelandConcreteRestorationCard" classname="com.OSMOSE.testcases.KnowledgeBase">
    <skipped/>
  </testcase> <!-- verifyClickOnSteelandConcreteRestorationCard -->
  <system-out/>
  <testcase name="verifyClickonSteelAndConcreteRestorationArticles" classname="com.OSMOSE.testcases.KnowledgeBase">
    <skipped/>
  </testcase> <!-- verifyClickonSteelAndConcreteRestorationArticles -->
  <system-out/>
  <testcase name="verifyClickonJointUsArticles" classname="com.OSMOSE.testcases.KnowledgeBase">
    <skipped/>
  </testcase> <!-- verifyClickonJointUsArticles -->
  <system-out/>
  <testcase name="verifyClickonUndergroundDiagram" classname="com.OSMOSE.testcases.KnowledgeBase">
    <skipped/>
  </testcase> <!-- verifyClickonUndergroundDiagram -->
  <system-out/>
  <testcase name="verifyClickOnUndergroundCard" classname="com.OSMOSE.testcases.KnowledgeBase">
    <skipped/>
  </testcase> <!-- verifyClickOnUndergroundCard -->
  <system-out/>
  <testcase name="verifyCardContentsPoleReplacement" classname="com.OSMOSE.testcases.KnowledgeBase">
    <skipped/>
  </testcase> <!-- verifyCardContentsPoleReplacement -->
  <system-out/>
  <testcase name="verifyClickonImagesSeeMore" classname="com.OSMOSE.testcases.KnowledgeBase">
    <skipped/>
  </testcase> <!-- verifyClickonImagesSeeMore -->
  <system-out/>
  <testcase name="verifyCardContentsUnderground" classname="com.OSMOSE.testcases.KnowledgeBase">
    <skipped/>
  </testcase> <!-- verifyCardContentsUnderground -->
  <system-out/>
  <testcase name="verifyPopularQueriesReset" classname="com.OSMOSE.testcases.KnowledgeBase">
    <skipped/>
  </testcase> <!-- verifyPopularQueriesReset -->
  <system-out/>
  <testcase name="verifyClickOnProductsCard" classname="com.OSMOSE.testcases.KnowledgeBase">
    <skipped/>
  </testcase> <!-- verifyClickOnProductsCard -->
  <system-out/>
  <testcase name="verifyClickonProductsProductCatalog" classname="com.OSMOSE.testcases.KnowledgeBase">
    <skipped/>
  </testcase> <!-- verifyClickonProductsProductCatalog -->
  <system-out/>
  <testcase name="verifyClickonDocumentsSeeMore" classname="com.OSMOSE.testcases.KnowledgeBase">
    <skipped/>
  </testcase> <!-- verifyClickonDocumentsSeeMore -->
  <system-out/>
  <testcase name="verifyClickonSteelAndConcreteAssessmentBrochures" classname="com.OSMOSE.testcases.KnowledgeBase">
    <skipped/>
  </testcase> <!-- verifyClickonSteelAndConcreteAssessmentBrochures -->
  <system-out/>
  <testcase name="verifyClickonProductsVideos" classname="com.OSMOSE.testcases.KnowledgeBase">
    <skipped/>
  </testcase> <!-- verifyClickonProductsVideos -->
  <system-out/>
  <testcase name="verifyClickonOverheadProjectProfiles" classname="com.OSMOSE.testcases.KnowledgeBase">
    <skipped/>
  </testcase> <!-- verifyClickonOverheadProjectProfiles -->
  <system-out/>
  <testcase name="verifyPopularFiltersSteelAndConcreteAssessmentImages" classname="com.OSMOSE.testcases.KnowledgeBase">
    <skipped/>
  </testcase> <!-- verifyPopularFiltersSteelAndConcreteAssessmentImages -->
  <system-out/>
  <testcase name="verifyClickOnDailyGaffGallery" classname="com.OSMOSE.testcases.KnowledgeBase">
    <skipped/>
  </testcase> <!-- verifyClickOnDailyGaffGallery -->
  <system-out/>
  <testcase name="verifyClickonSteelAndConcreteRestorationImages" classname="com.OSMOSE.testcases.KnowledgeBase">
    <skipped/>
  </testcase> <!-- verifyClickonSteelAndConcreteRestorationImages -->
  <system-out/>
  <testcase name="verifySearchResultsAreGroupedAfterfilterUpdation" classname="com.OSMOSE.testcases.KnowledgeBase">
    <skipped/>
  </testcase> <!-- verifySearchResultsAreGroupedAfterfilterUpdation -->
  <system-out/>
  <testcase name="verifyCardContentsStormSupport" classname="com.OSMOSE.testcases.KnowledgeBase">
    <skipped/>
  </testcase> <!-- verifyCardContentsStormSupport -->
  <system-out/>
  <testcase name="verifyPresenceWhatswrongwiththisPictureCard" classname="com.OSMOSE.testcases.KnowledgeBase">
    <skipped/>
  </testcase> <!-- verifyPresenceWhatswrongwiththisPictureCard -->
  <system-out/>
  <testcase name="verifyPresenceOfPopularQueriesFilter" classname="com.OSMOSE.testcases.KnowledgeBase">
    <skipped/>
  </testcase> <!-- verifyPresenceOfPopularQueriesFilter -->
  <system-out/>
  <testcase name="verifyClickonWoodTreatmentResearch" classname="com.OSMOSE.testcases.KnowledgeBase">
    <skipped/>
  </testcase> <!-- verifyClickonWoodTreatmentResearch -->
  <system-out/>
  <testcase name="verifyClickonProductsImages" classname="com.OSMOSE.testcases.KnowledgeBase">
    <skipped/>
  </testcase> <!-- verifyClickonProductsImages -->
  <system-out/>
  <testcase name="verifySearchResultsAreImages" classname="com.OSMOSE.testcases.KnowledgeBase">
    <skipped/>
  </testcase> <!-- verifySearchResultsAreImages -->
  <system-out/>
  <testcase name="verifyClickonWoodRestorationBrochures" classname="com.OSMOSE.testcases.KnowledgeBase">
    <skipped/>
  </testcase> <!-- verifyClickonWoodRestorationBrochures -->
  <system-out/>
  <testcase name="verifyPresenceSteelAndConcreteRestorationCard" classname="com.OSMOSE.testcases.KnowledgeBase">
    <skipped/>
  </testcase> <!-- verifyPresenceSteelAndConcreteRestorationCard -->
  <system-out/>
  <testcase name="verifyClickonSteelAndConcreteAssessmentStandardsCodes" classname="com.OSMOSE.testcases.KnowledgeBase">
    <skipped/>
  </testcase> <!-- verifyClickonSteelAndConcreteAssessmentStandardsCodes -->
  <system-out/>
  <testcase name="verifyPresenceSteelAndConcreteAssessmentCard" classname="com.OSMOSE.testcases.KnowledgeBase">
    <skipped/>
  </testcase> <!-- verifyPresenceSteelAndConcreteAssessmentCard -->
  <system-out/>
  <testcase name="verifyPresenceOfSearchBox" classname="com.OSMOSE.testcases.KnowledgeBase">
    <skipped/>
  </testcase> <!-- verifyPresenceOfSearchBox -->
  <system-out/>
  <testcase name="verifyClickOnWoodInspectionCard" classname="com.OSMOSE.testcases.KnowledgeBase">
    <skipped/>
  </testcase> <!-- verifyClickOnWoodInspectionCard -->
  <system-out/>
  <testcase name="verifySearchTextUpdation" classname="com.OSMOSE.testcases.KnowledgeBase">
    <skipped/>
  </testcase> <!-- verifySearchTextUpdation -->
  <system-out/>
  <testcase name="verifyPresenceOfFilterItems" classname="com.OSMOSE.testcases.KnowledgeBase">
    <skipped/>
  </testcase> <!-- verifyPresenceOfFilterItems -->
  <system-out/>
  <testcase name="verifyIndustrySeeMore" classname="com.OSMOSE.testcases.KnowledgeBase">
    <skipped/>
  </testcase> <!-- verifyIndustrySeeMore -->
  <system-out/>
  <testcase name="verifyExternalVideo" classname="com.OSMOSE.testcases.KnowledgeBase">
    <skipped/>
  </testcase> <!-- verifyExternalVideo -->
  <system-out/>
  <testcase name="verifyClickOnOverheadCard" classname="com.OSMOSE.testcases.KnowledgeBase">
    <skipped/>
  </testcase> <!-- verifyClickOnOverheadCard -->
  <system-out/>
  <testcase name="verifyClickonUndergroundImages" classname="com.OSMOSE.testcases.KnowledgeBase">
    <skipped/>
  </testcase> <!-- verifyClickonUndergroundImages -->
  <system-out/>
  <testcase name="verifyPresenceOfSliderOnSuggestedContents" classname="com.OSMOSE.testcases.KnowledgeBase">
    <skipped/>
  </testcase> <!-- verifyPresenceOfSliderOnSuggestedContents -->
  <system-out/>
  <testcase name="verifyClickonSteelAndConcreteAssessmentImages" classname="com.OSMOSE.testcases.KnowledgeBase">
    <skipped/>
  </testcase> <!-- verifyClickonSteelAndConcreteAssessmentImages -->
  <system-out/>
  <testcase name="verifyPresenceStormSupportCard" classname="com.OSMOSE.testcases.KnowledgeBase">
    <skipped/>
  </testcase> <!-- verifyPresenceStormSupportCard -->
  <system-out/>
  <testcase name="verifyDynamicDropdown" classname="com.OSMOSE.testcases.KnowledgeBase">
    <skipped/>
  </testcase> <!-- verifyDynamicDropdown -->
  <system-out/>
  <testcase name="verifyClickOnViewProjectProjectOfTheWeek" classname="com.OSMOSE.testcases.KnowledgeBase">
    <skipped/>
  </testcase> <!-- verifyClickOnViewProjectProjectOfTheWeek -->
  <system-out/>
  <testcase name="verifyPresenceWoodInspectionAndTreatmentCard" classname="com.OSMOSE.testcases.KnowledgeBase">
    <skipped/>
  </testcase> <!-- verifyPresenceWoodInspectionAndTreatmentCard -->
  <system-out/>
  <testcase name="verifySearchResultsAreVideos" classname="com.OSMOSE.testcases.KnowledgeBase">
    <skipped/>
  </testcase> <!-- verifySearchResultsAreVideos -->
  <system-out/>
  <testcase name="verifyClickonStormSupportProjectProfiles" classname="com.OSMOSE.testcases.KnowledgeBase">
    <skipped/>
  </testcase> <!-- verifyClickonStormSupportProjectProfiles -->
  <system-out/>
  <testcase name="verifyCardContentsWoodRestoration" classname="com.OSMOSE.testcases.KnowledgeBase">
    <skipped/>
  </testcase> <!-- verifyCardContentsWoodRestoration -->
  <system-out/>
  <testcase name="verifyClickOnPoleReplacementCard" classname="com.OSMOSE.testcases.KnowledgeBase">
    <skipped/>
  </testcase> <!-- verifyClickOnPoleReplacementCard -->
  <system-out/>
  <testcase name="verifyClickOnDailyGaffGalleryImage" classname="com.OSMOSE.testcases.KnowledgeBase">
    <skipped/>
  </testcase> <!-- verifyClickOnDailyGaffGalleryImage -->
  <system-out/>
  <testcase name="verifyPresenceProductsCard" classname="com.OSMOSE.testcases.KnowledgeBase">
    <skipped/>
  </testcase> <!-- verifyPresenceProductsCard -->
  <system-out/>
  <testcase name="verifyCardContentsWoodInspectionTreatment" classname="com.OSMOSE.testcases.KnowledgeBase">
    <skipped/>
  </testcase> <!-- verifyCardContentsWoodInspectionTreatment -->
  <system-out/>
  <testcase name="verifyClickonPoleReplacementImages" classname="com.OSMOSE.testcases.KnowledgeBase">
    <skipped/>
  </testcase> <!-- verifyClickonPoleReplacementImages -->
  <system-out/>
  <testcase name="verifyCardContentsSteelConcreteAssessment" classname="com.OSMOSE.testcases.KnowledgeBase">
    <skipped/>
  </testcase> <!-- verifyCardContentsSteelConcreteAssessment -->
  <system-out/>
  <testcase name="verifyPresencePoleReplacementCard" classname="com.OSMOSE.testcases.KnowledgeBase">
    <skipped/>
  </testcase> <!-- verifyPresencePoleReplacementCard -->
  <system-out/>
  <testcase name="verifyClickonVideosSeeMore" classname="com.OSMOSE.testcases.KnowledgeBase">
    <skipped/>
  </testcase> <!-- verifyClickonVideosSeeMore -->
  <system-out/>
  <testcase name="verifySearchResultsAreDocuments" classname="com.OSMOSE.testcases.KnowledgeBase">
    <skipped/>
  </testcase> <!-- verifySearchResultsAreDocuments -->
  <system-out/>
  <testcase name="verifyClickOnSteelandConcreteAssessmentCard" classname="com.OSMOSE.testcases.KnowledgeBase">
    <skipped/>
  </testcase> <!-- verifyClickOnSteelandConcreteAssessmentCard -->
  <system-out/>
  <testcase name="verifyClickonStormSupportImages" classname="com.OSMOSE.testcases.KnowledgeBase">
    <skipped/>
  </testcase> <!-- verifyClickonStormSupportImages -->
  <system-out/>
  <testcase name="verifyLinksPresentOnKb" classname="com.OSMOSE.testcases.KnowledgeBase">
    <skipped/>
  </testcase> <!-- verifyLinksPresentOnKb -->
  <system-out/>
  <testcase name="verifyClickOnWoodRestorationCard" classname="com.OSMOSE.testcases.KnowledgeBase">
    <skipped/>
  </testcase> <!-- verifyClickOnWoodRestorationCard -->
  <system-out/>
  <testcase name="verifyClickonWoodTreatmentImages" classname="com.OSMOSE.testcases.KnowledgeBase">
    <skipped/>
  </testcase> <!-- verifyClickonWoodTreatmentImages -->
  <system-out/>
  <testcase name="verifySearchResultsAreGrouped" classname="com.OSMOSE.testcases.KnowledgeBase">
    <skipped/>
  </testcase> <!-- verifySearchResultsAreGrouped -->
  <system-out/>
  <testcase name="verifyClickOnJointUseCard" classname="com.OSMOSE.testcases.KnowledgeBase">
    <skipped/>
  </testcase> <!-- verifyClickOnJointUseCard -->
  <system-out/>
  <testcase name="verifyPresenceUndergroundCard" classname="com.OSMOSE.testcases.KnowledgeBase">
    <skipped/>
  </testcase> <!-- verifyPresenceUndergroundCard -->
  <system-out/>
  <testcase name="verifyPresenceJointUseCard" classname="com.OSMOSE.testcases.KnowledgeBase">
    <skipped/>
  </testcase> <!-- verifyPresenceJointUseCard -->
  <system-out/>
  <testcase name="verifyClickonJointUsImages" classname="com.OSMOSE.testcases.KnowledgeBase">
    <skipped/>
  </testcase> <!-- verifyClickonJointUsImages -->
  <system-out/>
  <testcase name="verifyPresenceOfSortBy" classname="com.OSMOSE.testcases.KnowledgeBase">
    <skipped/>
  </testcase> <!-- verifyPresenceOfSortBy -->
  <system-out/>
  <testcase name="verifyPresenceWoodRestorationCard" classname="com.OSMOSE.testcases.KnowledgeBase">
    <skipped/>
  </testcase> <!-- verifyPresenceWoodRestorationCard -->
  <system-out/>
  <testcase name="verifyClickonOverheadImages" classname="com.OSMOSE.testcases.KnowledgeBase">
    <skipped/>
  </testcase> <!-- verifyClickonOverheadImages -->
  <system-out/>
  <testcase name="verifyCardContentsJointUse" classname="com.OSMOSE.testcases.KnowledgeBase">
    <skipped/>
  </testcase> <!-- verifyCardContentsJointUse -->
  <system-out/>
  <testcase name="verifyCardContentsOverhead" classname="com.OSMOSE.testcases.KnowledgeBase">
    <skipped/>
  </testcase> <!-- verifyCardContentsOverhead -->
  <system-out/>
</testsuite> <!-- com.OSMOSE.testcases.KnowledgeBase -->
