<?xml version="1.0" encoding="UTF-8"?>
<!-- Generated by org.testng.reporters.JUnitReportReporter -->
<testsuite skipped="0" hostname="5CG6323N27" name="com.OSMOSE.testcases.JointUse_ts_allroles" tests="12" failures="0" timestamp="2020-12-02T17:49:24 IST" time="61.206" errors="0">
  <testcase name="jointUseloginTestAllRoles" time="20.086" classname="com.OSMOSE.testcases.JointUse_ts_allroles"/>
  <system-out>
Click to see Screenshot <a target="_blank" href=Wed_Dec_02_17_48_31_IST_2020.jpg>Screenshot</a> <br> <br> <a target="_blank" href=Wed_Dec_02_17_48_31_IST_2020.jpg><img src=Wed_Dec_02_17_48_31_IST_2020.jpg height=200 width=200></img></a>  </system-out>
  <testcase name="verifyJointUseNavigationClick" time="30.865" classname="com.OSMOSE.testcases.JointUse_ts_allroles"/>
  <system-out>
Click to see Screenshot <a target="_blank" href=Wed_Dec_02_17_49_03_IST_2020.jpg>Screenshot</a> <br> <br> <a target="_blank" href=Wed_Dec_02_17_49_03_IST_2020.jpg><img src=Wed_Dec_02_17_49_03_IST_2020.jpg height=200 width=200></img></a>  </system-out>
  <testcase name="verifyHorizontalCollapseFunctionality" time="5.537" classname="com.OSMOSE.testcases.JointUse_ts_allroles"/>
  <system-out>
Click to see Screenshot <a target="_blank" href=Wed_Dec_02_17_49_09_IST_2020.jpg>Screenshot</a> <br> <br> <a target="_blank" href=Wed_Dec_02_17_49_09_IST_2020.jpg><img src=Wed_Dec_02_17_49_09_IST_2020.jpg height=200 width=200></img></a>  </system-out>
  <testcase name="verifyVerticalCollapseFunctionality" time="0.659" classname="com.OSMOSE.testcases.JointUse_ts_allroles"/>
  <system-out>
Click to see Screenshot <a target="_blank" href=Wed_Dec_02_17_49_11_IST_2020.jpg>Screenshot</a> <br> <br> <a target="_blank" href=Wed_Dec_02_17_49_11_IST_2020.jpg><img src=Wed_Dec_02_17_49_11_IST_2020.jpg height=200 width=200></img></a>  </system-out>
  <testcase name="verifyAddWidgets" time="0.104" classname="com.OSMOSE.testcases.JointUse_ts_allroles"/>
  <system-out>
Click to see Screenshot <a target="_blank" href=Wed_Dec_02_17_49_12_IST_2020.jpg>Screenshot</a> <br> <br> <a target="_blank" href=Wed_Dec_02_17_49_12_IST_2020.jpg><img src=Wed_Dec_02_17_49_12_IST_2020.jpg height=200 width=200></img></a>  </system-out>
  <testcase name="verifyEditLayout" time="0.093" classname="com.OSMOSE.testcases.JointUse_ts_allroles"/>
  <system-out>
Click to see Screenshot <a target="_blank" href=Wed_Dec_02_17_49_13_IST_2020.jpg>Screenshot</a> <br> <br> <a target="_blank" href=Wed_Dec_02_17_49_13_IST_2020.jpg><img src=Wed_Dec_02_17_49_13_IST_2020.jpg height=200 width=200></img></a>  </system-out>
  <testcase name="verifyNewApplication" time="0.797" classname="com.OSMOSE.testcases.JointUse_ts_allroles"/>
  <system-out>
Click to see Screenshot <a target="_blank" href=Wed_Dec_02_17_49_14_IST_2020.jpg>Screenshot</a> <br> <br> <a target="_blank" href=Wed_Dec_02_17_49_14_IST_2020.jpg><img src=Wed_Dec_02_17_49_14_IST_2020.jpg height=200 width=200></img></a>  </system-out>
  <testcase name="verifyExportOptions" time="0.166" classname="com.OSMOSE.testcases.JointUse_ts_allroles"/>
  <system-out>
Click to see Screenshot <a target="_blank" href=Wed_Dec_02_17_49_15_IST_2020.jpg>Screenshot</a> <br> <br> <a target="_blank" href=Wed_Dec_02_17_49_15_IST_2020.jpg><img src=Wed_Dec_02_17_49_15_IST_2020.jpg height=200 width=200></img></a>  </system-out>
  <testcase name="verifySearchBox" time="0.104" classname="com.OSMOSE.testcases.JointUse_ts_allroles"/>
  <system-out>
Click to see Screenshot <a target="_blank" href=Wed_Dec_02_17_49_16_IST_2020.jpg>Screenshot</a> <br> <br> <a target="_blank" href=Wed_Dec_02_17_49_16_IST_2020.jpg><img src=Wed_Dec_02_17_49_16_IST_2020.jpg height=200 width=200></img></a>  </system-out>
  <testcase name="verifyRefreshBtn" time="0.168" classname="com.OSMOSE.testcases.JointUse_ts_allroles"/>
  <system-out>
Click to see Screenshot <a target="_blank" href=Wed_Dec_02_17_49_17_IST_2020.jpg>Screenshot</a> <br> <br> <a target="_blank" href=Wed_Dec_02_17_49_17_IST_2020.jpg><img src=Wed_Dec_02_17_49_17_IST_2020.jpg height=200 width=200></img></a>  </system-out>
  <testcase name="verifyRowsCount" time="0.184" classname="com.OSMOSE.testcases.JointUse_ts_allroles"/>
  <system-out>
Click to see Screenshot <a target="_blank" href=Wed_Dec_02_17_49_17_IST_2020.jpg>Screenshot</a> <br> <br> <a target="_blank" href=Wed_Dec_02_17_49_17_IST_2020.jpg><img src=Wed_Dec_02_17_49_17_IST_2020.jpg height=200 width=200></img></a>  </system-out>
  <testcase name="verifyColumns" time="2.443" classname="com.OSMOSE.testcases.JointUse_ts_allroles"/>
  <system-out>
Click to see Screenshot <a target="_blank" href=Wed_Dec_02_17_49_21_IST_2020.jpg>Screenshot</a> <br> <br> <a target="_blank" href=Wed_Dec_02_17_49_21_IST_2020.jpg><img src=Wed_Dec_02_17_49_21_IST_2020.jpg height=200 width=200></img></a>  </system-out>
</testsuite> <!-- com.OSMOSE.testcases.JointUse_ts_allroles -->
