<?xml version="1.0" encoding="UTF-8"?>
<!-- Generated by org.testng.reporters.JUnitReportReporter -->
<testsuite skipped="6" hostname="5CG6323N27" name="com.OSMOSE.testcases.Contact" tests="26" failures="0" timestamp="2020-12-11T23:35:11 IST" time="169.472" errors="0">
  <testcase name="verifyContactUsMenuContents" time="0.244" classname="com.OSMOSE.testcases.Contact"/>
  <system-out>
Click to see Screenshot <a target="_blank" href=Fri_Dec_11_23_32_05_IST_2020.jpg>Screenshot</a> <br> <br> <a target="_blank" href=Fri_Dec_11_23_32_05_IST_2020.jpg><img src=Fri_Dec_11_23_32_05_IST_2020.jpg height=200 width=200></img></a>  </system-out>
  <testcase name="verifyPresenceOfProjectGroup" time="2.527" classname="com.OSMOSE.testcases.Contact"/>
  <system-out>
Click to see Screenshot <a target="_blank" href=Fri_Dec_11_23_32_08_IST_2020.jpg>Screenshot</a> <br> <br> <a target="_blank" href=Fri_Dec_11_23_32_08_IST_2020.jpg><img src=Fri_Dec_11_23_32_08_IST_2020.jpg height=200 width=200></img></a>  </system-out>
  <testcase name="verifyCityOfColumbiaContactCardContents" time="9.556" classname="com.OSMOSE.testcases.Contact"/>
  <system-out>
Click to see Screenshot <a target="_blank" href=Fri_Dec_11_23_32_18_IST_2020.jpg>Screenshot</a> <br> <br> <a target="_blank" href=Fri_Dec_11_23_32_18_IST_2020.jpg><img src=Fri_Dec_11_23_32_18_IST_2020.jpg height=200 width=200></img></a>  </system-out>
  <testcase name="verifyGeorgiaPowerCompanyContactCardContents" time="19.588" classname="com.OSMOSE.testcases.Contact"/>
  <system-out>
Click to see Screenshot <a target="_blank" href=Fri_Dec_11_23_32_39_IST_2020.jpg>Screenshot</a> <br> <br> <a target="_blank" href=Fri_Dec_11_23_32_39_IST_2020.jpg><img src=Fri_Dec_11_23_32_39_IST_2020.jpg height=200 width=200></img></a>  </system-out>
  <testcase name="verifyGrandElectricContactCardContents" time="12.548" classname="com.OSMOSE.testcases.Contact"/>
  <system-out>
Click to see Screenshot <a target="_blank" href=Fri_Dec_11_23_32_52_IST_2020.jpg>Screenshot</a> <br> <br> <a target="_blank" href=Fri_Dec_11_23_32_52_IST_2020.jpg><img src=Fri_Dec_11_23_32_52_IST_2020.jpg height=200 width=200></img></a>  </system-out>
  <testcase name="verifyIdahoPowerInspectionContactCardContents" time="13.223" classname="com.OSMOSE.testcases.Contact"/>
  <system-out>
Click to see Screenshot <a target="_blank" href=Fri_Dec_11_23_33_06_IST_2020.jpg>Screenshot</a> <br> <br> <a target="_blank" href=Fri_Dec_11_23_33_06_IST_2020.jpg><img src=Fri_Dec_11_23_33_06_IST_2020.jpg height=200 width=200></img></a>  </system-out>
  <testcase name="verifyIdahoPowerRestorationContactCardContents" time="12.052" classname="com.OSMOSE.testcases.Contact"/>
  <system-out>
Click to see Screenshot <a target="_blank" href=Fri_Dec_11_23_33_19_IST_2020.jpg>Screenshot</a> <br> <br> <a target="_blank" href=Fri_Dec_11_23_33_19_IST_2020.jpg><img src=Fri_Dec_11_23_33_19_IST_2020.jpg height=200 width=200></img></a>  </system-out>
  <testcase name="verifyOncurDistributionContactCardContents" time="13.154" classname="com.OSMOSE.testcases.Contact"/>
  <system-out>
Click to see Screenshot <a target="_blank" href=Fri_Dec_11_23_33_32_IST_2020.jpg>Screenshot</a> <br> <br> <a target="_blank" href=Fri_Dec_11_23_33_32_IST_2020.jpg><img src=Fri_Dec_11_23_33_32_IST_2020.jpg height=200 width=200></img></a>  </system-out>
  <testcase name="verifyPacificGasAndElectricCoContactCardContents" time="13.064" classname="com.OSMOSE.testcases.Contact"/>
  <system-out>
Click to see Screenshot <a target="_blank" href=Fri_Dec_11_23_33_46_IST_2020.jpg>Screenshot</a> <br> <br> <a target="_blank" href=Fri_Dec_11_23_33_46_IST_2020.jpg><img src=Fri_Dec_11_23_33_46_IST_2020.jpg height=200 width=200></img></a>  </system-out>
  <testcase name="verifyPedernalesElecCoopContactCardContents" time="13.177" classname="com.OSMOSE.testcases.Contact"/>
  <system-out>
Click to see Screenshot <a target="_blank" href=Fri_Dec_11_23_34_00_IST_2020.jpg>Screenshot</a> <br> <br> <a target="_blank" href=Fri_Dec_11_23_34_00_IST_2020.jpg><img src=Fri_Dec_11_23_34_00_IST_2020.jpg height=200 width=200></img></a>  </system-out>
  <testcase name="verifyPugetSoundEnergyInspectionContactCardContents" time="13.076" classname="com.OSMOSE.testcases.Contact"/>
  <system-out>
Click to see Screenshot <a target="_blank" href=Fri_Dec_11_23_34_13_IST_2020.jpg>Screenshot</a> <br> <br> <a target="_blank" href=Fri_Dec_11_23_34_13_IST_2020.jpg><img src=Fri_Dec_11_23_34_13_IST_2020.jpg height=200 width=200></img></a>  </system-out>
  <testcase name="verifyPugetSoundEnergyRestorationContactCardContents" time="12.034" classname="com.OSMOSE.testcases.Contact"/>
  <system-out>
Click to see Screenshot <a target="_blank" href=Fri_Dec_11_23_34_26_IST_2020.jpg>Screenshot</a> <br> <br> <a target="_blank" href=Fri_Dec_11_23_34_26_IST_2020.jpg><img src=Fri_Dec_11_23_34_26_IST_2020.jpg height=200 width=200></img></a>  </system-out>
  <testcase name="verifyContactUsHeaderContents" time="2.352" classname="com.OSMOSE.testcases.Contact"/>
  <system-out>
Click to see Screenshot <a target="_blank" href=Fri_Dec_11_23_34_29_IST_2020.jpg>Screenshot</a> <br> <br> <a target="_blank" href=Fri_Dec_11_23_34_29_IST_2020.jpg><img src=Fri_Dec_11_23_34_29_IST_2020.jpg height=200 width=200></img></a>  </system-out>
  <testcase name="verifyContactUsClickOnGoogleMap" time="31.705" classname="com.OSMOSE.testcases.Contact"/>
  <system-out>
Click to see Screenshot <a target="_blank" href=Fri_Dec_11_23_35_01_IST_2020.jpg>Screenshot</a> <br> <br> <a target="_blank" href=Fri_Dec_11_23_35_01_IST_2020.jpg><img src=Fri_Dec_11_23_35_01_IST_2020.jpg height=200 width=200></img></a>  </system-out>
  <testcase name="verifyContactUsGeneralInquiriesContents" time="0.070" classname="com.OSMOSE.testcases.Contact"/>
  <system-out>
Click to see Screenshot <a target="_blank" href=Fri_Dec_11_23_35_02_IST_2020.jpg>Screenshot</a> <br> <br> <a target="_blank" href=Fri_Dec_11_23_35_02_IST_2020.jpg><img src=Fri_Dec_11_23_35_02_IST_2020.jpg height=200 width=200></img></a>  </system-out>
  <testcase name="verifyContactUsSalesProductsContents" time="0.091" classname="com.OSMOSE.testcases.Contact"/>
  <system-out>
Click to see Screenshot <a target="_blank" href=Fri_Dec_11_23_35_03_IST_2020.jpg>Screenshot</a> <br> <br> <a target="_blank" href=Fri_Dec_11_23_35_03_IST_2020.jpg><img src=Fri_Dec_11_23_35_03_IST_2020.jpg height=200 width=200></img></a>  </system-out>
  <testcase name="verifyContactUsSalesServicesContents" time="0.140" classname="com.OSMOSE.testcases.Contact"/>
  <system-out>
Click to see Screenshot <a target="_blank" href=Fri_Dec_11_23_35_04_IST_2020.jpg>Screenshot</a> <br> <br> <a target="_blank" href=Fri_Dec_11_23_35_04_IST_2020.jpg><img src=Fri_Dec_11_23_35_04_IST_2020.jpg height=200 width=200></img></a>  </system-out>
  <testcase name="verifyContactUsOCalcProContents" time="0.213" classname="com.OSMOSE.testcases.Contact"/>
  <system-out>
Click to see Screenshot <a target="_blank" href=Fri_Dec_11_23_35_05_IST_2020.jpg>Screenshot</a> <br> <br> <a target="_blank" href=Fri_Dec_11_23_35_05_IST_2020.jpg><img src=Fri_Dec_11_23_35_05_IST_2020.jpg height=200 width=200></img></a>  </system-out>
  <testcase name="verifyContactUsQueryFormContents" time="0.412" classname="com.OSMOSE.testcases.Contact"/>
  <system-out>
Click to see Screenshot <a target="_blank" href=Fri_Dec_11_23_35_06_IST_2020.jpg>Screenshot</a> <br> <br> <a target="_blank" href=Fri_Dec_11_23_35_06_IST_2020.jpg><img src=Fri_Dec_11_23_35_06_IST_2020.jpg height=200 width=200></img></a>  </system-out>
  <testcase name="verifyFormSubmissionErrorMessage" time="0.246" classname="com.OSMOSE.testcases.Contact"/>
  <system-out>
Click to see Screenshot <a target="_blank" href=Fri_Dec_11_23_35_07_IST_2020.jpg>Screenshot</a> <br> <br> <a target="_blank" href=Fri_Dec_11_23_35_07_IST_2020.jpg><img src=Fri_Dec_11_23_35_07_IST_2020.jpg height=200 width=200></img></a>  </system-out>
  <testcase name="verifyFormSubmissionWith_Other" classname="com.OSMOSE.testcases.Contact">
    <skipped/>
  </testcase> <!-- verifyFormSubmissionWith_Other -->
  <system-out/>
  <testcase name="verifyFormSubmissionWith_TechnicalSupport" classname="com.OSMOSE.testcases.Contact">
    <skipped/>
  </testcase> <!-- verifyFormSubmissionWith_TechnicalSupport -->
  <system-out/>
  <testcase name="verifyFormSubmissionWith_RequestForInformation" classname="com.OSMOSE.testcases.Contact">
    <skipped/>
  </testcase> <!-- verifyFormSubmissionWith_RequestForInformation -->
  <system-out/>
  <testcase name="verifyFormSubmissionThankYouPopUp" classname="com.OSMOSE.testcases.Contact">
    <skipped/>
  </testcase> <!-- verifyFormSubmissionThankYouPopUp -->
  <system-out/>
  <testcase name="verifyFormSubmissionWith_ProjectSupport" classname="com.OSMOSE.testcases.Contact">
    <skipped/>
  </testcase> <!-- verifyFormSubmissionWith_ProjectSupport -->
  <system-out/>
  <testcase name="verifyClickOnBackButton" classname="com.OSMOSE.testcases.Contact">
    <skipped/>
  </testcase> <!-- verifyClickOnBackButton -->
  <system-out/>
</testsuite> <!-- com.OSMOSE.testcases.Contact -->
