<?xml version="1.0" encoding="UTF-8"?>
<!-- Generated by org.testng.reporters.JUnitReportReporter -->
<testsuite skipped="0" hostname="5CG6323N27" name="com.OSMOSE.testcases.OsmoseServices" tests="13" failures="0" timestamp="2020-08-26T17:42:11 IST" time="67.214" errors="0">
  <testcase name="verifyMyOsmoseServicesCardClick" time="4.553" classname="com.OSMOSE.testcases.OsmoseServices"/>
  <system-out>
Click to see Screenshot <a target="_blank" href=Wed_Aug_26_17_40_59_IST_2020.jpg>Screenshot</a> <br> <br> <a target="_blank" href=Wed_Aug_26_17_40_59_IST_2020.jpg><img src=Wed_Aug_26_17_40_59_IST_2020.jpg height=200 width=200></img></a>  </system-out>
  <testcase name="verifyWoodInspectionandTreatmentLearnMoreClick" time="5.211" classname="com.OSMOSE.testcases.OsmoseServices"/>
  <system-out>
Click to see Screenshot <a target="_blank" href=Wed_Aug_26_17_41_05_IST_2020.jpg>Screenshot</a> <br> <br> <a target="_blank" href=Wed_Aug_26_17_41_05_IST_2020.jpg><img src=Wed_Aug_26_17_41_05_IST_2020.jpg height=200 width=200></img></a>  </system-out>
  <testcase name="verifyWoodRestorationLearnMoreClick" time="5.246" classname="com.OSMOSE.testcases.OsmoseServices"/>
  <system-out>
Click to see Screenshot <a target="_blank" href=Wed_Aug_26_17_41_10_IST_2020.jpg>Screenshot</a> <br> <br> <a target="_blank" href=Wed_Aug_26_17_41_10_IST_2020.jpg><img src=Wed_Aug_26_17_41_10_IST_2020.jpg height=200 width=200></img></a>  </system-out>
  <testcase name="verifyOcalcProLearnMoreClick" time="5.216" classname="com.OSMOSE.testcases.OsmoseServices"/>
  <system-out>
Click to see Screenshot <a target="_blank" href=Wed_Aug_26_17_41_16_IST_2020.jpg>Screenshot</a> <br> <br> <a target="_blank" href=Wed_Aug_26_17_41_16_IST_2020.jpg><img src=Wed_Aug_26_17_41_16_IST_2020.jpg height=200 width=200></img></a>  </system-out>
  <testcase name="verifySteelandConcreteAssessmentLearnMoreClick" time="5.200" classname="com.OSMOSE.testcases.OsmoseServices"/>
  <system-out>
Click to see Screenshot <a target="_blank" href=Wed_Aug_26_17_41_22_IST_2020.jpg>Screenshot</a> <br> <br> <a target="_blank" href=Wed_Aug_26_17_41_22_IST_2020.jpg><img src=Wed_Aug_26_17_41_22_IST_2020.jpg height=200 width=200></img></a>  </system-out>
  <testcase name="verifySteelandConcreteRestorationLearnMoreClick" time="5.213" classname="com.OSMOSE.testcases.OsmoseServices"/>
  <system-out>
Click to see Screenshot <a target="_blank" href=Wed_Aug_26_17_41_27_IST_2020.jpg>Screenshot</a> <br> <br> <a target="_blank" href=Wed_Aug_26_17_41_27_IST_2020.jpg><img src=Wed_Aug_26_17_41_27_IST_2020.jpg height=200 width=200></img></a>  </system-out>
  <testcase name="verifyOverheadLearnMoreClick" time="5.220" classname="com.OSMOSE.testcases.OsmoseServices"/>
  <system-out>
Click to see Screenshot <a target="_blank" href=Wed_Aug_26_17_41_33_IST_2020.jpg>Screenshot</a> <br> <br> <a target="_blank" href=Wed_Aug_26_17_41_33_IST_2020.jpg><img src=Wed_Aug_26_17_41_33_IST_2020.jpg height=200 width=200></img></a>  </system-out>
  <testcase name="verifyUndergroundLearnMoreClick" time="5.253" classname="com.OSMOSE.testcases.OsmoseServices"/>
  <system-out>
Click to see Screenshot <a target="_blank" href=Wed_Aug_26_17_41_39_IST_2020.jpg>Screenshot</a> <br> <br> <a target="_blank" href=Wed_Aug_26_17_41_39_IST_2020.jpg><img src=Wed_Aug_26_17_41_39_IST_2020.jpg height=200 width=200></img></a>  </system-out>
  <testcase name="verifyJointUseLearnMoreClick" time="5.212" classname="com.OSMOSE.testcases.OsmoseServices"/>
  <system-out>
Click to see Screenshot <a target="_blank" href=Wed_Aug_26_17_41_44_IST_2020.jpg>Screenshot</a> <br> <br> <a target="_blank" href=Wed_Aug_26_17_41_44_IST_2020.jpg><img src=Wed_Aug_26_17_41_44_IST_2020.jpg height=200 width=200></img></a>  </system-out>
  <testcase name="verifyStrayVoltageLearnMoreClick" time="5.229" classname="com.OSMOSE.testcases.OsmoseServices"/>
  <system-out>
Click to see Screenshot <a target="_blank" href=Wed_Aug_26_17_41_50_IST_2020.jpg>Screenshot</a> <br> <br> <a target="_blank" href=Wed_Aug_26_17_41_50_IST_2020.jpg><img src=Wed_Aug_26_17_41_50_IST_2020.jpg height=200 width=200></img></a>  </system-out>
  <testcase name="verifyTechnicalServicesLearnMoreClick" time="5.218" classname="com.OSMOSE.testcases.OsmoseServices"/>
  <system-out>
Click to see Screenshot <a target="_blank" href=Wed_Aug_26_17_41_56_IST_2020.jpg>Screenshot</a> <br> <br> <a target="_blank" href=Wed_Aug_26_17_41_56_IST_2020.jpg><img src=Wed_Aug_26_17_41_56_IST_2020.jpg height=200 width=200></img></a>  </system-out>
  <testcase name="verifyProductsLearnMoreClick" time="5.208" classname="com.OSMOSE.testcases.OsmoseServices"/>
  <system-out>
Click to see Screenshot <a target="_blank" href=Wed_Aug_26_17_42_01_IST_2020.jpg>Screenshot</a> <br> <br> <a target="_blank" href=Wed_Aug_26_17_42_01_IST_2020.jpg><img src=Wed_Aug_26_17_42_01_IST_2020.jpg height=200 width=200></img></a>  </system-out>
  <testcase name="verifyMapViewLearnMoreClick" time="5.235" classname="com.OSMOSE.testcases.OsmoseServices"/>
  <system-out>
Click to see Screenshot <a target="_blank" href=Wed_Aug_26_17_42_07_IST_2020.jpg>Screenshot</a> <br> <br> <a target="_blank" href=Wed_Aug_26_17_42_07_IST_2020.jpg><img src=Wed_Aug_26_17_42_07_IST_2020.jpg height=200 width=200></img></a>  </system-out>
</testsuite> <!-- com.OSMOSE.testcases.OsmoseServices -->
