<?xml version="1.0" encoding="UTF-8"?>
<!-- Generated by org.testng.reporters.JUnitReportReporter -->
<testsuite skipped="5" hostname="5CG6323N27" name="com.OSMOSE.testcases.OULogin" tests="29" failures="0" timestamp="2020-11-25T12:43:57 IST" time="298.187" errors="0">
  <testcase name="verifyOUCard" time="5.751" classname="com.OSMOSE.testcases.OULogin"/>
  <system-out>
Click to see Screenshot <a target="_blank" href=Wed_Nov_25_12_38_45_IST_2020.jpg>Screenshot</a> <br> <br> <a target="_blank" href=Wed_Nov_25_12_38_45_IST_2020.jpg><img src=Wed_Nov_25_12_38_45_IST_2020.jpg height=200 width=200></img></a>  </system-out>
  <testcase name="verifyKnowledgeBaseCard" time="0.062" classname="com.OSMOSE.testcases.OULogin"/>
  <system-out>
Click to see Screenshot <a target="_blank" href=Wed_Nov_25_12_38_46_IST_2020.jpg>Screenshot</a> <br> <br> <a target="_blank" href=Wed_Nov_25_12_38_46_IST_2020.jpg><img src=Wed_Nov_25_12_38_46_IST_2020.jpg height=200 width=200></img></a>  </system-out>
  <testcase name="verifyProductCard" time="0.050" classname="com.OSMOSE.testcases.OULogin"/>
  <system-out>
Click to see Screenshot <a target="_blank" href=Wed_Nov_25_12_38_47_IST_2020.jpg>Screenshot</a> <br> <br> <a target="_blank" href=Wed_Nov_25_12_38_47_IST_2020.jpg><img src=Wed_Nov_25_12_38_47_IST_2020.jpg height=200 width=200></img></a>  </system-out>
  <testcase name="verifyContactUs" time="0.035" classname="com.OSMOSE.testcases.OULogin"/>
  <system-out>
Click to see Screenshot <a target="_blank" href=Wed_Nov_25_12_38_48_IST_2020.jpg>Screenshot</a> <br> <br> <a target="_blank" href=Wed_Nov_25_12_38_48_IST_2020.jpg><img src=Wed_Nov_25_12_38_48_IST_2020.jpg height=200 width=200></img></a>  </system-out>
  <testcase name="verifyHyperlinks" time="0.140" classname="com.OSMOSE.testcases.OULogin"/>
  <system-out>
Click to see Screenshot <a target="_blank" href=Wed_Nov_25_12_38_49_IST_2020.jpg>Screenshot</a> <br> <br> <a target="_blank" href=Wed_Nov_25_12_38_49_IST_2020.jpg><img src=Wed_Nov_25_12_38_49_IST_2020.jpg height=200 width=200></img></a>  </system-out>
  <testcase name="verifyVideoLinks" time="0.106" classname="com.OSMOSE.testcases.OULogin"/>
  <system-out>
Click to see Screenshot <a target="_blank" href=Wed_Nov_25_12_38_49_IST_2020.jpg>Screenshot</a> <br> <br> <a target="_blank" href=Wed_Nov_25_12_38_49_IST_2020.jpg><img src=Wed_Nov_25_12_38_49_IST_2020.jpg height=200 width=200></img></a>  </system-out>
  <testcase name="verifyOsmoseUniversityNavigationClick" time="13.679" classname="com.OSMOSE.testcases.OULogin"/>
  <system-out>
Click to see Screenshot <a target="_blank" href=Wed_Nov_25_12_39_04_IST_2020.jpg>Screenshot</a> <br> <br> <a target="_blank" href=Wed_Nov_25_12_39_04_IST_2020.jpg><img src=Wed_Nov_25_12_39_04_IST_2020.jpg height=200 width=200></img></a>  </system-out>
  <testcase name="verifyLiveEventCLick" time="12.429" classname="com.OSMOSE.testcases.OULogin"/>
  <system-out>
Click to see Screenshot <a target="_blank" href=Wed_Nov_25_12_39_17_IST_2020.jpg>Screenshot</a> <br> <br> <a target="_blank" href=Wed_Nov_25_12_39_17_IST_2020.jpg><img src=Wed_Nov_25_12_39_17_IST_2020.jpg height=200 width=200></img></a>  </system-out>
  <testcase name="verifyWebinarsClick" time="13.299" classname="com.OSMOSE.testcases.OULogin"/>
  <system-out>
Click to see Screenshot <a target="_blank" href=Wed_Nov_25_12_39_31_IST_2020.jpg>Screenshot</a> <br> <br> <a target="_blank" href=Wed_Nov_25_12_39_31_IST_2020.jpg><img src=Wed_Nov_25_12_39_31_IST_2020.jpg height=200 width=200></img></a>  </system-out>
  <testcase name="verifyOCalcClick" time="12.291" classname="com.OSMOSE.testcases.OULogin"/>
  <system-out>
Click to see Screenshot <a target="_blank" href=Wed_Nov_25_12_39_44_IST_2020.jpg>Screenshot</a> <br> <br> <a target="_blank" href=Wed_Nov_25_12_39_44_IST_2020.jpg><img src=Wed_Nov_25_12_39_44_IST_2020.jpg height=200 width=200></img></a>  </system-out>
  <testcase name="clickOnOuLink" time="12.323" classname="com.OSMOSE.testcases.OULogin"/>
  <system-out>
Click to see Screenshot <a target="_blank" href=Wed_Nov_25_12_39_57_IST_2020.jpg>Screenshot</a> <br> <br> <a target="_blank" href=Wed_Nov_25_12_39_57_IST_2020.jpg><img src=Wed_Nov_25_12_39_57_IST_2020.jpg height=200 width=200></img></a>  </system-out>
  <testcase name="verifyLiveEventsSTS" time="12.645" classname="com.OSMOSE.testcases.OULogin"/>
  <system-out>
Click to see Screenshot <a target="_blank" href=Wed_Nov_25_12_40_10_IST_2020.jpg>Screenshot</a> <br> <br> <a target="_blank" href=Wed_Nov_25_12_40_10_IST_2020.jpg><img src=Wed_Nov_25_12_40_10_IST_2020.jpg height=200 width=200></img></a>  </system-out>
  <testcase name="verifyLiveEventsJUS" time="13.337" classname="com.OSMOSE.testcases.OULogin"/>
  <system-out>
Click to see Screenshot <a target="_blank" href=Wed_Nov_25_12_40_24_IST_2020.jpg>Screenshot</a> <br> <br> <a target="_blank" href=Wed_Nov_25_12_40_24_IST_2020.jpg><img src=Wed_Nov_25_12_40_24_IST_2020.jpg height=200 width=200></img></a>  </system-out>
  <testcase name="verifyLiveEventsWPTS" time="12.599" classname="com.OSMOSE.testcases.OULogin"/>
  <system-out>
Click to see Screenshot <a target="_blank" href=Wed_Nov_25_12_40_38_IST_2020.jpg>Screenshot</a> <br> <br> <a target="_blank" href=Wed_Nov_25_12_40_38_IST_2020.jpg><img src=Wed_Nov_25_12_40_38_IST_2020.jpg height=200 width=200></img></a>  </system-out>
  <testcase name="verifyDETAILSANDREGISTRATION" time="13.609" classname="com.OSMOSE.testcases.OULogin"/>
  <system-out>
Click to see Screenshot <a target="_blank" href=Wed_Nov_25_12_40_52_IST_2020.jpg>Screenshot</a> <br> <br> <a target="_blank" href=Wed_Nov_25_12_40_52_IST_2020.jpg><img src=Wed_Nov_25_12_40_52_IST_2020.jpg height=200 width=200></img></a>  </system-out>
  <testcase name="verifyClickingTheWebinars" time="12.328" classname="com.OSMOSE.testcases.OULogin"/>
  <system-out>
Click to see Screenshot <a target="_blank" href=Wed_Nov_25_12_41_05_IST_2020.jpg>Screenshot</a> <br> <br> <a target="_blank" href=Wed_Nov_25_12_41_05_IST_2020.jpg><img src=Wed_Nov_25_12_41_05_IST_2020.jpg height=200 width=200></img></a>  </system-out>
  <testcase name="verifyOClacTrainingButton" time="12.754" classname="com.OSMOSE.testcases.OULogin"/>
  <system-out>
Click to see Screenshot <a target="_blank" href=Wed_Nov_25_12_41_18_IST_2020.jpg>Screenshot</a> <br> <br> <a target="_blank" href=Wed_Nov_25_12_41_18_IST_2020.jpg><img src=Wed_Nov_25_12_41_18_IST_2020.jpg height=200 width=200></img></a>  </system-out>
  <testcase name="verifySearchWebinarsHistorical" time="24.207" classname="com.OSMOSE.testcases.OULogin"/>
  <system-out>
Click to see Screenshot <a target="_blank" href=Wed_Nov_25_12_41_43_IST_2020.jpg>Screenshot</a> <br> <br> <a target="_blank" href=Wed_Nov_25_12_41_43_IST_2020.jpg><img src=Wed_Nov_25_12_41_43_IST_2020.jpg height=200 width=200></img></a>  </system-out>
  <testcase name="verifyInvalidSearchHistorical" time="13.647" classname="com.OSMOSE.testcases.OULogin"/>
  <system-out>
Click to see Screenshot <a target="_blank" href=Wed_Nov_25_12_41_57_IST_2020.jpg>Screenshot</a> <br> <br> <a target="_blank" href=Wed_Nov_25_12_41_57_IST_2020.jpg><img src=Wed_Nov_25_12_41_57_IST_2020.jpg height=200 width=200></img></a>  </system-out>
  <testcase name="verifySortWebinarsHistorical" time="18.785" classname="com.OSMOSE.testcases.OULogin"/>
  <system-out>
Click to see Screenshot <a target="_blank" href=Wed_Nov_25_12_42_16_IST_2020.jpg>Screenshot</a> <br> <br> <a target="_blank" href=Wed_Nov_25_12_42_16_IST_2020.jpg><img src=Wed_Nov_25_12_42_16_IST_2020.jpg height=200 width=200></img></a>  </system-out>
  <testcase name="verifyClearSearchHistorical" time="18.911" classname="com.OSMOSE.testcases.OULogin"/>
  <system-out>
Click to see Screenshot <a target="_blank" href=Wed_Nov_25_12_42_36_IST_2020.jpg>Screenshot</a> <br> <br> <a target="_blank" href=Wed_Nov_25_12_42_36_IST_2020.jpg><img src=Wed_Nov_25_12_42_36_IST_2020.jpg height=200 width=200></img></a>  </system-out>
  <testcase name="verifyVideoGalleryHistorical" time="26.823" classname="com.OSMOSE.testcases.OULogin"/>
  <system-out>
Click to see Screenshot <a target="_blank" href=Wed_Nov_25_12_43_03_IST_2020.jpg>Screenshot</a> <br> <br> <a target="_blank" href=Wed_Nov_25_12_43_03_IST_2020.jpg><img src=Wed_Nov_25_12_43_03_IST_2020.jpg height=200 width=200></img></a>  </system-out>
  <testcase name="verifyPopularQueriesSearchResults" time="25.181" classname="com.OSMOSE.testcases.OULogin"/>
  <system-out>
Click to see Screenshot <a target="_blank" href=Wed_Nov_25_12_43_29_IST_2020.jpg>Screenshot</a> <br> <br> <a target="_blank" href=Wed_Nov_25_12_43_29_IST_2020.jpg><img src=Wed_Nov_25_12_43_29_IST_2020.jpg height=200 width=200></img></a>  </system-out>
  <testcase name="verifyPopularQueriesReset" time="23.196" classname="com.OSMOSE.testcases.OULogin"/>
  <system-out>
Click to see Screenshot <a target="_blank" href=Wed_Nov_25_12_43_53_IST_2020.jpg>Screenshot</a> <br> <br> <a target="_blank" href=Wed_Nov_25_12_43_53_IST_2020.jpg><img src=Wed_Nov_25_12_43_53_IST_2020.jpg height=200 width=200></img></a>  </system-out>
  <testcase name="verifyContactAndStray" classname="com.OSMOSE.testcases.OULogin">
    <skipped/>
  </testcase> <!-- verifyContactAndStray -->
  <system-out/>
  <testcase name="verifySteelStructuresProtected" classname="com.OSMOSE.testcases.OULogin">
    <skipped/>
  </testcase> <!-- verifySteelStructuresProtected -->
  <system-out/>
  <testcase name="steelStructuresProtectedMOREINFOREGISTRATION" classname="com.OSMOSE.testcases.OULogin">
    <skipped/>
  </testcase> <!-- steelStructuresProtectedMOREINFOREGISTRATION -->
  <system-out/>
  <testcase name="verifyUpcomingWebinarsPage" classname="com.OSMOSE.testcases.OULogin">
    <skipped/>
  </testcase> <!-- verifyUpcomingWebinarsPage -->
  <system-out/>
  <testcase name="ContactAndStrayMOREINFOREGISTRATION" classname="com.OSMOSE.testcases.OULogin">
    <skipped/>
  </testcase> <!-- ContactAndStrayMOREINFOREGISTRATION -->
  <system-out/>
</testsuite> <!-- com.OSMOSE.testcases.OULogin -->
