<?xml version="1.0" encoding="UTF-8"?>
<!-- Generated by org.testng.reporters.JUnitReportReporter -->
<testsuite skipped="5" hostname="5CG6323N27" name="com.OSMOSE.testcases.OULogin" tests="29" failures="0" timestamp="2020-09-30T14:45:03 IST" time="291.689" errors="0">
  <testcase name="verifyOUCard" time="4.779" classname="com.OSMOSE.testcases.OULogin"/>
  <system-out>
Click to see Screenshot <a target="_blank" href=Wed_Sep_30_14_40_00_IST_2020.jpg>Screenshot</a> <br> <br> <a target="_blank" href=Wed_Sep_30_14_40_00_IST_2020.jpg><img src=Wed_Sep_30_14_40_00_IST_2020.jpg height=200 width=200></img></a>  </system-out>
  <testcase name="verifyKnowledgeBaseCard" time="0.065" classname="com.OSMOSE.testcases.OULogin"/>
  <system-out>
Click to see Screenshot <a target="_blank" href=Wed_Sep_30_14_40_01_IST_2020.jpg>Screenshot</a> <br> <br> <a target="_blank" href=Wed_Sep_30_14_40_01_IST_2020.jpg><img src=Wed_Sep_30_14_40_01_IST_2020.jpg height=200 width=200></img></a>  </system-out>
  <testcase name="verifyProductCard" time="0.029" classname="com.OSMOSE.testcases.OULogin"/>
  <system-out>
Click to see Screenshot <a target="_blank" href=Wed_Sep_30_14_40_01_IST_2020.jpg>Screenshot</a> <br> <br> <a target="_blank" href=Wed_Sep_30_14_40_01_IST_2020.jpg><img src=Wed_Sep_30_14_40_01_IST_2020.jpg height=200 width=200></img></a>  </system-out>
  <testcase name="verifyContactUs" time="0.039" classname="com.OSMOSE.testcases.OULogin"/>
  <system-out>
Click to see Screenshot <a target="_blank" href=Wed_Sep_30_14_40_02_IST_2020.jpg>Screenshot</a> <br> <br> <a target="_blank" href=Wed_Sep_30_14_40_02_IST_2020.jpg><img src=Wed_Sep_30_14_40_02_IST_2020.jpg height=200 width=200></img></a>  </system-out>
  <testcase name="verifyHyperlinks" time="0.092" classname="com.OSMOSE.testcases.OULogin"/>
  <system-out>
Click to see Screenshot <a target="_blank" href=Wed_Sep_30_14_40_03_IST_2020.jpg>Screenshot</a> <br> <br> <a target="_blank" href=Wed_Sep_30_14_40_03_IST_2020.jpg><img src=Wed_Sep_30_14_40_03_IST_2020.jpg height=200 width=200></img></a>  </system-out>
  <testcase name="verifyVideoLinks" time="0.087" classname="com.OSMOSE.testcases.OULogin"/>
  <system-out>
Click to see Screenshot <a target="_blank" href=Wed_Sep_30_14_40_03_IST_2020.jpg>Screenshot</a> <br> <br> <a target="_blank" href=Wed_Sep_30_14_40_03_IST_2020.jpg><img src=Wed_Sep_30_14_40_03_IST_2020.jpg height=200 width=200></img></a>  </system-out>
  <testcase name="verifyOsmoseUniversityNavigationClick" time="13.575" classname="com.OSMOSE.testcases.OULogin"/>
  <system-out>
Click to see Screenshot <a target="_blank" href=Wed_Sep_30_14_40_17_IST_2020.jpg>Screenshot</a> <br> <br> <a target="_blank" href=Wed_Sep_30_14_40_17_IST_2020.jpg><img src=Wed_Sep_30_14_40_17_IST_2020.jpg height=200 width=200></img></a>  </system-out>
  <testcase name="verifyLiveEventCLick" time="12.273" classname="com.OSMOSE.testcases.OULogin"/>
  <system-out>
Click to see Screenshot <a target="_blank" href=Wed_Sep_30_14_40_30_IST_2020.jpg>Screenshot</a> <br> <br> <a target="_blank" href=Wed_Sep_30_14_40_30_IST_2020.jpg><img src=Wed_Sep_30_14_40_30_IST_2020.jpg height=200 width=200></img></a>  </system-out>
  <testcase name="verifyWebinarsClick" time="13.212" classname="com.OSMOSE.testcases.OULogin"/>
  <system-out>
Click to see Screenshot <a target="_blank" href=Wed_Sep_30_14_40_44_IST_2020.jpg>Screenshot</a> <br> <br> <a target="_blank" href=Wed_Sep_30_14_40_44_IST_2020.jpg><img src=Wed_Sep_30_14_40_44_IST_2020.jpg height=200 width=200></img></a>  </system-out>
  <testcase name="verifyOCalcClick" time="12.194" classname="com.OSMOSE.testcases.OULogin"/>
  <system-out>
Click to see Screenshot <a target="_blank" href=Wed_Sep_30_14_40_57_IST_2020.jpg>Screenshot</a> <br> <br> <a target="_blank" href=Wed_Sep_30_14_40_57_IST_2020.jpg><img src=Wed_Sep_30_14_40_57_IST_2020.jpg height=200 width=200></img></a>  </system-out>
  <testcase name="clickOnOuLink" time="12.185" classname="com.OSMOSE.testcases.OULogin"/>
  <system-out>
Click to see Screenshot <a target="_blank" href=Wed_Sep_30_14_41_10_IST_2020.jpg>Screenshot</a> <br> <br> <a target="_blank" href=Wed_Sep_30_14_41_10_IST_2020.jpg><img src=Wed_Sep_30_14_41_10_IST_2020.jpg height=200 width=200></img></a>  </system-out>
  <testcase name="verifyLiveEventsSTS" time="13.436" classname="com.OSMOSE.testcases.OULogin"/>
  <system-out>
Click to see Screenshot <a target="_blank" href=Wed_Sep_30_14_41_23_IST_2020.jpg>Screenshot</a> <br> <br> <a target="_blank" href=Wed_Sep_30_14_41_23_IST_2020.jpg><img src=Wed_Sep_30_14_41_23_IST_2020.jpg height=200 width=200></img></a>  </system-out>
  <testcase name="verifyLiveEventsJUS" time="13.091" classname="com.OSMOSE.testcases.OULogin"/>
  <system-out>
Click to see Screenshot <a target="_blank" href=Wed_Sep_30_14_41_37_IST_2020.jpg>Screenshot</a> <br> <br> <a target="_blank" href=Wed_Sep_30_14_41_37_IST_2020.jpg><img src=Wed_Sep_30_14_41_37_IST_2020.jpg height=200 width=200></img></a>  </system-out>
  <testcase name="verifyLiveEventsWPTS" time="13.181" classname="com.OSMOSE.testcases.OULogin"/>
  <system-out>
Click to see Screenshot <a target="_blank" href=Wed_Sep_30_14_41_51_IST_2020.jpg>Screenshot</a> <br> <br> <a target="_blank" href=Wed_Sep_30_14_41_51_IST_2020.jpg><img src=Wed_Sep_30_14_41_51_IST_2020.jpg height=200 width=200></img></a>  </system-out>
  <testcase name="verifyDETAILSANDREGISTRATION" time="13.408" classname="com.OSMOSE.testcases.OULogin"/>
  <system-out>
Click to see Screenshot <a target="_blank" href=Wed_Sep_30_14_42_04_IST_2020.jpg>Screenshot</a> <br> <br> <a target="_blank" href=Wed_Sep_30_14_42_04_IST_2020.jpg><img src=Wed_Sep_30_14_42_04_IST_2020.jpg height=200 width=200></img></a>  </system-out>
  <testcase name="verifyClickingTheWebinars" time="12.290" classname="com.OSMOSE.testcases.OULogin"/>
  <system-out>
Click to see Screenshot <a target="_blank" href=Wed_Sep_30_14_42_17_IST_2020.jpg>Screenshot</a> <br> <br> <a target="_blank" href=Wed_Sep_30_14_42_17_IST_2020.jpg><img src=Wed_Sep_30_14_42_17_IST_2020.jpg height=200 width=200></img></a>  </system-out>
  <testcase name="verifyOClacTrainingButton" time="13.473" classname="com.OSMOSE.testcases.OULogin"/>
  <system-out>
Click to see Screenshot <a target="_blank" href=Wed_Sep_30_14_42_31_IST_2020.jpg>Screenshot</a> <br> <br> <a target="_blank" href=Wed_Sep_30_14_42_31_IST_2020.jpg><img src=Wed_Sep_30_14_42_31_IST_2020.jpg height=200 width=200></img></a>  </system-out>
  <testcase name="verifySearchWebinarsHistorical" time="19.922" classname="com.OSMOSE.testcases.OULogin"/>
  <system-out>
Click to see Screenshot <a target="_blank" href=Wed_Sep_30_14_42_51_IST_2020.jpg>Screenshot</a> <br> <br> <a target="_blank" href=Wed_Sep_30_14_42_51_IST_2020.jpg><img src=Wed_Sep_30_14_42_51_IST_2020.jpg height=200 width=200></img></a>  </system-out>
  <testcase name="verifyInvalidSearchHistorical" time="13.640" classname="com.OSMOSE.testcases.OULogin"/>
  <system-out>
Click to see Screenshot <a target="_blank" href=Wed_Sep_30_14_43_06_IST_2020.jpg>Screenshot</a> <br> <br> <a target="_blank" href=Wed_Sep_30_14_43_06_IST_2020.jpg><img src=Wed_Sep_30_14_43_06_IST_2020.jpg height=200 width=200></img></a>  </system-out>
  <testcase name="verifySortWebinarsHistorical" time="18.485" classname="com.OSMOSE.testcases.OULogin"/>
  <system-out>
Click to see Screenshot <a target="_blank" href=Wed_Sep_30_14_43_25_IST_2020.jpg>Screenshot</a> <br> <br> <a target="_blank" href=Wed_Sep_30_14_43_25_IST_2020.jpg><img src=Wed_Sep_30_14_43_25_IST_2020.jpg height=200 width=200></img></a>  </system-out>
  <testcase name="verifyClearSearchHistorical" time="18.547" classname="com.OSMOSE.testcases.OULogin"/>
  <system-out>
Click to see Screenshot <a target="_blank" href=Wed_Sep_30_14_43_44_IST_2020.jpg>Screenshot</a> <br> <br> <a target="_blank" href=Wed_Sep_30_14_43_44_IST_2020.jpg><img src=Wed_Sep_30_14_43_44_IST_2020.jpg height=200 width=200></img></a>  </system-out>
  <testcase name="verifyVideoGalleryHistorical" time="26.532" classname="com.OSMOSE.testcases.OULogin"/>
  <system-out>
Click to see Screenshot <a target="_blank" href=Wed_Sep_30_14_44_11_IST_2020.jpg>Screenshot</a> <br> <br> <a target="_blank" href=Wed_Sep_30_14_44_11_IST_2020.jpg><img src=Wed_Sep_30_14_44_11_IST_2020.jpg height=200 width=200></img></a>  </system-out>
  <testcase name="verifyPopularQueriesSearchResults" time="24.503" classname="com.OSMOSE.testcases.OULogin"/>
  <system-out>
Click to see Screenshot <a target="_blank" href=Wed_Sep_30_14_44_36_IST_2020.jpg>Screenshot</a> <br> <br> <a target="_blank" href=Wed_Sep_30_14_44_36_IST_2020.jpg><img src=Wed_Sep_30_14_44_36_IST_2020.jpg height=200 width=200></img></a>  </system-out>
  <testcase name="verifyPopularQueriesReset" time="22.651" classname="com.OSMOSE.testcases.OULogin"/>
  <system-out>
Click to see Screenshot <a target="_blank" href=Wed_Sep_30_14_44_59_IST_2020.jpg>Screenshot</a> <br> <br> <a target="_blank" href=Wed_Sep_30_14_44_59_IST_2020.jpg><img src=Wed_Sep_30_14_44_59_IST_2020.jpg height=200 width=200></img></a>  </system-out>
  <testcase name="verifyContactAndStray" classname="com.OSMOSE.testcases.OULogin">
    <skipped/>
  </testcase> <!-- verifyContactAndStray -->
  <system-out/>
  <testcase name="verifySteelStructuresProtected" classname="com.OSMOSE.testcases.OULogin">
    <skipped/>
  </testcase> <!-- verifySteelStructuresProtected -->
  <system-out/>
  <testcase name="steelStructuresProtectedMOREINFOREGISTRATION" classname="com.OSMOSE.testcases.OULogin">
    <skipped/>
  </testcase> <!-- steelStructuresProtectedMOREINFOREGISTRATION -->
  <system-out/>
  <testcase name="verifyUpcomingWebinarsPage" classname="com.OSMOSE.testcases.OULogin">
    <skipped/>
  </testcase> <!-- verifyUpcomingWebinarsPage -->
  <system-out/>
  <testcase name="ContactAndStrayMOREINFOREGISTRATION" classname="com.OSMOSE.testcases.OULogin">
    <skipped/>
  </testcase> <!-- ContactAndStrayMOREINFOREGISTRATION -->
  <system-out/>
</testsuite> <!-- com.OSMOSE.testcases.OULogin -->
