<?xml version="1.0" encoding="UTF-8"?>
<!-- Generated by org.testng.reporters.JUnitReportReporter -->
<testsuite skipped="3" hostname="5CG6323N27" name="com.OSMOSE.testcases.Product" tests="88" failures="0" timestamp="2020-11-08T21:38:55 IST" time="1619.460" errors="0">
  <testcase name="verifyTheProductLink" time="10.010" classname="com.OSMOSE.testcases.Product"/>
  <system-out>
Click to see Screenshot <a target="_blank" href=Sun_Nov_08_21_11_16_IST_2020.jpg>Screenshot</a> <br> <br> <a target="_blank" href=Sun_Nov_08_21_11_16_IST_2020.jpg><img src=Sun_Nov_08_21_11_16_IST_2020.jpg height=200 width=200></img></a>  </system-out>
  <testcase name="searchElementPresent" time="50.150" classname="com.OSMOSE.testcases.Product"/>
  <system-out>
Click to see Screenshot <a target="_blank" href=Sun_Nov_08_21_12_07_IST_2020.jpg>Screenshot</a> <br> <br> <a target="_blank" href=Sun_Nov_08_21_12_07_IST_2020.jpg><img src=Sun_Nov_08_21_12_07_IST_2020.jpg height=200 width=200></img></a>  </system-out>
  <testcase name="catalogElementPresent" time="0.040" classname="com.OSMOSE.testcases.Product"/>
  <system-out>
Click to see Screenshot <a target="_blank" href=Sun_Nov_08_21_12_08_IST_2020.jpg>Screenshot</a> <br> <br> <a target="_blank" href=Sun_Nov_08_21_12_08_IST_2020.jpg><img src=Sun_Nov_08_21_12_08_IST_2020.jpg height=200 width=200></img></a>  </system-out>
  <testcase name="openMyQuotesElementPresent" time="0.040" classname="com.OSMOSE.testcases.Product"/>
  <system-out>
Click to see Screenshot <a target="_blank" href=Sun_Nov_08_21_12_08_IST_2020.jpg>Screenshot</a> <br> <br> <a target="_blank" href=Sun_Nov_08_21_12_08_IST_2020.jpg><img src=Sun_Nov_08_21_12_08_IST_2020.jpg height=200 width=200></img></a>  </system-out>
  <testcase name="shoppingCartElementPresent" time="0.095" classname="com.OSMOSE.testcases.Product"/>
  <system-out>
Click to see Screenshot <a target="_blank" href=Sun_Nov_08_21_12_09_IST_2020.jpg>Screenshot</a> <br> <br> <a target="_blank" href=Sun_Nov_08_21_12_09_IST_2020.jpg><img src=Sun_Nov_08_21_12_09_IST_2020.jpg height=200 width=200></img></a>  </system-out>
  <testcase name="adminElementPresent" time="0.088" classname="com.OSMOSE.testcases.Product"/>
  <system-out>
Click to see Screenshot <a target="_blank" href=Sun_Nov_08_21_12_10_IST_2020.jpg>Screenshot</a> <br> <br> <a target="_blank" href=Sun_Nov_08_21_12_10_IST_2020.jpg><img src=Sun_Nov_08_21_12_10_IST_2020.jpg height=200 width=200></img></a>  </system-out>
  <testcase name="viewDetailsElementPresent" time="0.032" classname="com.OSMOSE.testcases.Product"/>
  <system-out>
Click to see Screenshot <a target="_blank" href=Sun_Nov_08_21_12_10_IST_2020.jpg>Screenshot</a> <br> <br> <a target="_blank" href=Sun_Nov_08_21_12_10_IST_2020.jpg><img src=Sun_Nov_08_21_12_10_IST_2020.jpg height=200 width=200></img></a>  </system-out>
  <testcase name="allSixProductPresent" time="0.048" classname="com.OSMOSE.testcases.Product"/>
  <system-out>
Click to see Screenshot <a target="_blank" href=Sun_Nov_08_21_12_11_IST_2020.jpg>Screenshot</a> <br> <br> <a target="_blank" href=Sun_Nov_08_21_12_11_IST_2020.jpg><img src=Sun_Nov_08_21_12_11_IST_2020.jpg height=200 width=200></img></a>  </system-out>
  <testcase name="sliderItemPresent" time="0.119" classname="com.OSMOSE.testcases.Product"/>
  <system-out>
Click to see Screenshot <a target="_blank" href=Sun_Nov_08_21_12_12_IST_2020.jpg>Screenshot</a> <br> <br> <a target="_blank" href=Sun_Nov_08_21_12_12_IST_2020.jpg><img src=Sun_Nov_08_21_12_12_IST_2020.jpg height=200 width=200></img></a>  </system-out>
  <testcase name="verifyCategoryFilter" time="50.012" classname="com.OSMOSE.testcases.Product"/>
  <system-out>
Click to see Screenshot <a target="_blank" href=Sun_Nov_08_21_13_02_IST_2020.jpg>Screenshot</a> <br> <br> <a target="_blank" href=Sun_Nov_08_21_13_02_IST_2020.jpg><img src=Sun_Nov_08_21_13_02_IST_2020.jpg height=200 width=200></img></a>  </system-out>
  <testcase name="VerifyFPImageClick" time="51.603" classname="com.OSMOSE.testcases.Product"/>
  <system-out>
Click to see Screenshot <a target="_blank" href=Sun_Nov_08_21_13_54_IST_2020.jpg>Screenshot</a> <br> <br> <a target="_blank" href=Sun_Nov_08_21_13_54_IST_2020.jpg><img src=Sun_Nov_08_21_13_54_IST_2020.jpg height=200 width=200></img></a>  </system-out>
  <testcase name="verifyViewDetail" time="12.429" classname="com.OSMOSE.testcases.Product"/>
  <system-out>
Click to see Screenshot <a target="_blank" href=Sun_Nov_08_21_14_07_IST_2020.jpg>Screenshot</a> <br> <br> <a target="_blank" href=Sun_Nov_08_21_14_07_IST_2020.jpg><img src=Sun_Nov_08_21_14_07_IST_2020.jpg height=200 width=200></img></a>  </system-out>
  <testcase name="VerifyProductclick" time="14.699" classname="com.OSMOSE.testcases.Product"/>
  <system-out>
Click to see Screenshot <a target="_blank" href=Sun_Nov_08_21_14_22_IST_2020.jpg>Screenshot</a> <br> <br> <a target="_blank" href=Sun_Nov_08_21_14_22_IST_2020.jpg><img src=Sun_Nov_08_21_14_22_IST_2020.jpg height=200 width=200></img></a>  </system-out>
  <testcase name="AddQuantityandverifyCellNumber" time="16.863" classname="com.OSMOSE.testcases.Product"/>
  <system-out>
Click to see Screenshot <a target="_blank" href=Sun_Nov_08_21_14_40_IST_2020.jpg>Screenshot</a> <br> <br> <a target="_blank" href=Sun_Nov_08_21_14_40_IST_2020.jpg><img src=Sun_Nov_08_21_14_40_IST_2020.jpg height=200 width=200></img></a>  </system-out>
  <testcase name="FeaturedProductPoleRestoration" time="23.601" classname="com.OSMOSE.testcases.Product"/>
  <system-out>
Click to see Screenshot <a target="_blank" href=Sun_Nov_08_21_15_04_IST_2020.jpg>Screenshot</a> <br> <br> <a target="_blank" href=Sun_Nov_08_21_15_04_IST_2020.jpg><img src=Sun_Nov_08_21_15_04_IST_2020.jpg height=200 width=200></img></a>  </system-out>
  <testcase name="verifyTheSearchfirstname" time="13.609" classname="com.OSMOSE.testcases.Product"/>
  <system-out>
Click to see Screenshot <a target="_blank" href=Sun_Nov_08_21_15_18_IST_2020.jpg>Screenshot</a> <br> <br> <a target="_blank" href=Sun_Nov_08_21_15_18_IST_2020.jpg><img src=Sun_Nov_08_21_15_18_IST_2020.jpg height=200 width=200></img></a>  </system-out>
  <testcase name="verifyTheSearchFullname" time="12.495" classname="com.OSMOSE.testcases.Product"/>
  <system-out>
Click to see Screenshot <a target="_blank" href=Sun_Nov_08_21_15_31_IST_2020.jpg>Screenshot</a> <br> <br> <a target="_blank" href=Sun_Nov_08_21_15_31_IST_2020.jpg><img src=Sun_Nov_08_21_15_31_IST_2020.jpg height=200 width=200></img></a>  </system-out>
  <testcase name="verifyTheSearchOneAlphabet" time="23.059" classname="com.OSMOSE.testcases.Product"/>
  <system-out>
Click to see Screenshot <a target="_blank" href=Sun_Nov_08_21_15_54_IST_2020.jpg>Screenshot</a> <br> <br> <a target="_blank" href=Sun_Nov_08_21_15_54_IST_2020.jpg><img src=Sun_Nov_08_21_15_54_IST_2020.jpg height=200 width=200></img></a>  </system-out>
  <testcase name="verifyTheSearchCrossButton" time="14.372" classname="com.OSMOSE.testcases.Product"/>
  <system-out>
Click to see Screenshot <a target="_blank" href=Sun_Nov_08_21_16_09_IST_2020.jpg>Screenshot</a> <br> <br> <a target="_blank" href=Sun_Nov_08_21_16_09_IST_2020.jpg><img src=Sun_Nov_08_21_16_09_IST_2020.jpg height=200 width=200></img></a>  </system-out>
  <testcase name="verifyTheValidationmessage" time="13.374" classname="com.OSMOSE.testcases.Product"/>
  <system-out>
Click to see Screenshot <a target="_blank" href=Sun_Nov_08_21_16_23_IST_2020.jpg>Screenshot</a> <br> <br> <a target="_blank" href=Sun_Nov_08_21_16_23_IST_2020.jpg><img src=Sun_Nov_08_21_16_23_IST_2020.jpg height=200 width=200></img></a>  </system-out>
  <testcase name="ReturnPolicy" time="10.298" classname="com.OSMOSE.testcases.Product"/>
  <system-out>
Click to see Screenshot <a target="_blank" href=Sun_Nov_08_21_16_34_IST_2020.jpg>Screenshot</a> <br> <br> <a target="_blank" href=Sun_Nov_08_21_16_34_IST_2020.jpg><img src=Sun_Nov_08_21_16_34_IST_2020.jpg height=200 width=200></img></a>  </system-out>
  <testcase name="verifyAddShoppingCarttext" time="18.454" classname="com.OSMOSE.testcases.Product"/>
  <system-out>
Click to see Screenshot <a target="_blank" href=Sun_Nov_08_21_16_52_IST_2020.jpg>Screenshot</a> <br> <br> <a target="_blank" href=Sun_Nov_08_21_16_52_IST_2020.jpg><img src=Sun_Nov_08_21_16_52_IST_2020.jpg height=200 width=200></img></a>  </system-out>
  <testcase name="AddShoppingCart" time="4.853" classname="com.OSMOSE.testcases.Product"/>
  <system-out>
Click to see Screenshot <a target="_blank" href=Sun_Nov_08_21_16_58_IST_2020.jpg>Screenshot</a> <br> <br> <a target="_blank" href=Sun_Nov_08_21_16_58_IST_2020.jpg><img src=Sun_Nov_08_21_16_58_IST_2020.jpg height=200 width=200></img></a>  </system-out>
  <testcase name="VerifyCrossicononhoppingCart" time="1.154" classname="com.OSMOSE.testcases.Product"/>
  <system-out>
Click to see Screenshot <a target="_blank" href=Sun_Nov_08_21_16_59_IST_2020.jpg>Screenshot</a> <br> <br> <a target="_blank" href=Sun_Nov_08_21_16_59_IST_2020.jpg><img src=Sun_Nov_08_21_16_59_IST_2020.jpg height=200 width=200></img></a>  </system-out>
  <testcase name="VerifyCrossicononhoppingCart_Differentitem" time="9.827" classname="com.OSMOSE.testcases.Product"/>
  <system-out>
Click to see Screenshot <a target="_blank" href=Sun_Nov_08_21_17_09_IST_2020.jpg>Screenshot</a> <br> <br> <a target="_blank" href=Sun_Nov_08_21_17_09_IST_2020.jpg><img src=Sun_Nov_08_21_17_09_IST_2020.jpg height=200 width=200></img></a>  </system-out>
  <testcase name="VerifyAddShopping_Sameitem" time="9.707" classname="com.OSMOSE.testcases.Product"/>
  <system-out>
Click to see Screenshot <a target="_blank" href=Sun_Nov_08_21_17_19_IST_2020.jpg>Screenshot</a> <br> <br> <a target="_blank" href=Sun_Nov_08_21_17_19_IST_2020.jpg><img src=Sun_Nov_08_21_17_19_IST_2020.jpg height=200 width=200></img></a>  </system-out>
  <testcase name="DeleteQuanityinShoppingCart" time="6.000" classname="com.OSMOSE.testcases.Product"/>
  <system-out>
Click to see Screenshot <a target="_blank" href=Sun_Nov_08_21_17_26_IST_2020.jpg>Screenshot</a> <br> <br> <a target="_blank" href=Sun_Nov_08_21_17_26_IST_2020.jpg><img src=Sun_Nov_08_21_17_26_IST_2020.jpg height=200 width=200></img></a>  </system-out>
  <testcase name="UpdateIncreaseQuanityinShoppingCart" time="12.534" classname="com.OSMOSE.testcases.Product"/>
  <system-out>
Click to see Screenshot <a target="_blank" href=Sun_Nov_08_21_17_39_IST_2020.jpg>Screenshot</a> <br> <br> <a target="_blank" href=Sun_Nov_08_21_17_39_IST_2020.jpg><img src=Sun_Nov_08_21_17_39_IST_2020.jpg height=200 width=200></img></a>  </system-out>
  <testcase name="UpdateDecreaseQuanityinShoppingCart" time="28.403" classname="com.OSMOSE.testcases.Product"/>
  <system-out>
Click to see Screenshot <a target="_blank" href=Sun_Nov_08_21_18_08_IST_2020.jpg>Screenshot</a> <br> <br> <a target="_blank" href=Sun_Nov_08_21_18_08_IST_2020.jpg><img src=Sun_Nov_08_21_18_08_IST_2020.jpg height=200 width=200></img></a>  </system-out>
  <testcase name="CreateQuote" time="9.661" classname="com.OSMOSE.testcases.Product"/>
  <system-out>
Click to see Screenshot <a target="_blank" href=Sun_Nov_08_21_18_18_IST_2020.jpg>Screenshot</a> <br> <br> <a target="_blank" href=Sun_Nov_08_21_18_18_IST_2020.jpg><img src=Sun_Nov_08_21_18_18_IST_2020.jpg height=200 width=200></img></a>  </system-out>
  <testcase name="CreateQuote_Comments" time="8.606" classname="com.OSMOSE.testcases.Product"/>
  <system-out>
Click to see Screenshot <a target="_blank" href=Sun_Nov_08_21_18_27_IST_2020.jpg>Screenshot</a> <br> <br> <a target="_blank" href=Sun_Nov_08_21_18_27_IST_2020.jpg><img src=Sun_Nov_08_21_18_27_IST_2020.jpg height=200 width=200></img></a>  </system-out>
  <testcase name="CreateQuote_ZipCode" time="8.891" classname="com.OSMOSE.testcases.Product"/>
  <system-out>
Click to see Screenshot <a target="_blank" href=Sun_Nov_08_21_18_36_IST_2020.jpg>Screenshot</a> <br> <br> <a target="_blank" href=Sun_Nov_08_21_18_36_IST_2020.jpg><img src=Sun_Nov_08_21_18_36_IST_2020.jpg height=200 width=200></img></a>  </system-out>
  <testcase name="CreateQuote_Attachment" time="10.212" classname="com.OSMOSE.testcases.Product"/>
  <system-out>
Click to see Screenshot <a target="_blank" href=Sun_Nov_08_21_18_47_IST_2020.jpg>Screenshot</a> <br> <br> <a target="_blank" href=Sun_Nov_08_21_18_47_IST_2020.jpg><img src=Sun_Nov_08_21_18_47_IST_2020.jpg height=200 width=200></img></a>  </system-out>
  <testcase name="ClickShoppingCartIcon" time="11.089" classname="com.OSMOSE.testcases.Product"/>
  <system-out>
Click to see Screenshot <a target="_blank" href=Sun_Nov_08_21_18_58_IST_2020.jpg>Screenshot</a> <br> <br> <a target="_blank" href=Sun_Nov_08_21_18_58_IST_2020.jpg><img src=Sun_Nov_08_21_18_58_IST_2020.jpg height=200 width=200></img></a>  </system-out>
  <testcase name="ClickShoppingViewCartbutton" time="9.590" classname="com.OSMOSE.testcases.Product"/>
  <system-out>
Click to see Screenshot <a target="_blank" href=Sun_Nov_08_21_19_08_IST_2020.jpg>Screenshot</a> <br> <br> <a target="_blank" href=Sun_Nov_08_21_19_08_IST_2020.jpg><img src=Sun_Nov_08_21_19_08_IST_2020.jpg height=200 width=200></img></a>  </system-out>
  <testcase name="ClickShoppingSubmitCartbutton" time="9.543" classname="com.OSMOSE.testcases.Product"/>
  <system-out>
Click to see Screenshot <a target="_blank" href=Sun_Nov_08_21_19_18_IST_2020.jpg>Screenshot</a> <br> <br> <a target="_blank" href=Sun_Nov_08_21_19_18_IST_2020.jpg><img src=Sun_Nov_08_21_19_18_IST_2020.jpg height=200 width=200></img></a>  </system-out>
  <testcase name="verifyUpdatedQuantityOnOverlay" time="12.499" classname="com.OSMOSE.testcases.Product"/>
  <system-out>
Click to see Screenshot <a target="_blank" href=Sun_Nov_08_21_19_31_IST_2020.jpg>Screenshot</a> <br> <br> <a target="_blank" href=Sun_Nov_08_21_19_31_IST_2020.jpg><img src=Sun_Nov_08_21_19_31_IST_2020.jpg height=200 width=200></img></a>  </system-out>
  <testcase name="MyQuotes_96421" time="6.693" classname="com.OSMOSE.testcases.Product"/>
  <system-out>
Click to see Screenshot <a target="_blank" href=Sun_Nov_08_21_19_38_IST_2020.jpg>Screenshot</a> <br> <br> <a target="_blank" href=Sun_Nov_08_21_19_38_IST_2020.jpg><img src=Sun_Nov_08_21_19_38_IST_2020.jpg height=200 width=200></img></a>  </system-out>
  <testcase name="verifyStatusFilterAll" time="15.500" classname="com.OSMOSE.testcases.Product"/>
  <system-out>
Click to see Screenshot <a target="_blank" href=Sun_Nov_08_21_19_55_IST_2020.jpg>Screenshot</a> <br> <br> <a target="_blank" href=Sun_Nov_08_21_19_55_IST_2020.jpg><img src=Sun_Nov_08_21_19_55_IST_2020.jpg height=200 width=200></img></a>  </system-out>
  <testcase name="verifyStatusFilterExpired" time="13.691" classname="com.OSMOSE.testcases.Product"/>
  <system-out>
Click to see Screenshot <a target="_blank" href=Sun_Nov_08_21_20_09_IST_2020.jpg>Screenshot</a> <br> <br> <a target="_blank" href=Sun_Nov_08_21_20_09_IST_2020.jpg><img src=Sun_Nov_08_21_20_09_IST_2020.jpg height=200 width=200></img></a>  </system-out>
  <testcase name="verifyStatusFilterOrdered" time="15.813" classname="com.OSMOSE.testcases.Product"/>
  <system-out>
Click to see Screenshot <a target="_blank" href=Sun_Nov_08_21_20_26_IST_2020.jpg>Screenshot</a> <br> <br> <a target="_blank" href=Sun_Nov_08_21_20_26_IST_2020.jpg><img src=Sun_Nov_08_21_20_26_IST_2020.jpg height=200 width=200></img></a>  </system-out>
  <testcase name="verifyStatusFilterQuoted" time="16.123" classname="com.OSMOSE.testcases.Product"/>
  <system-out>
Click to see Screenshot <a target="_blank" href=Sun_Nov_08_21_20_42_IST_2020.jpg>Screenshot</a> <br> <br> <a target="_blank" href=Sun_Nov_08_21_20_42_IST_2020.jpg><img src=Sun_Nov_08_21_20_42_IST_2020.jpg height=200 width=200></img></a>  </system-out>
  <testcase name="verifyStatusFilterQuotePending" time="18.301" classname="com.OSMOSE.testcases.Product"/>
  <system-out>
Click to see Screenshot <a target="_blank" href=Sun_Nov_08_21_21_02_IST_2020.jpg>Screenshot</a> <br> <br> <a target="_blank" href=Sun_Nov_08_21_21_02_IST_2020.jpg><img src=Sun_Nov_08_21_21_02_IST_2020.jpg height=200 width=200></img></a>  </system-out>
  <testcase name="verifyStatusFilterCancelled" time="15.647" classname="com.OSMOSE.testcases.Product"/>
  <system-out>
Click to see Screenshot <a target="_blank" href=Sun_Nov_08_21_21_18_IST_2020.jpg>Screenshot</a> <br> <br> <a target="_blank" href=Sun_Nov_08_21_21_18_IST_2020.jpg><img src=Sun_Nov_08_21_21_18_IST_2020.jpg height=200 width=200></img></a>  </system-out>
  <testcase name="verifyStatusFilterOrderRequested" time="13.957" classname="com.OSMOSE.testcases.Product"/>
  <system-out>
Click to see Screenshot <a target="_blank" href=Sun_Nov_08_21_21_32_IST_2020.jpg>Screenshot</a> <br> <br> <a target="_blank" href=Sun_Nov_08_21_21_32_IST_2020.jpg><img src=Sun_Nov_08_21_21_32_IST_2020.jpg height=200 width=200></img></a>  </system-out>
  <testcase name="SortBydd" time="9.205" classname="com.OSMOSE.testcases.Product"/>
  <system-out>
Click to see Screenshot <a target="_blank" href=Sun_Nov_08_21_21_42_IST_2020.jpg>Screenshot</a> <br> <br> <a target="_blank" href=Sun_Nov_08_21_21_42_IST_2020.jpg><img src=Sun_Nov_08_21_21_42_IST_2020.jpg height=200 width=200></img></a>  </system-out>
  <testcase name="HomepageCarticon" time="14.402" classname="com.OSMOSE.testcases.Product"/>
  <system-out>
Click to see Screenshot <a target="_blank" href=Sun_Nov_08_21_21_57_IST_2020.jpg>Screenshot</a> <br> <br> <a target="_blank" href=Sun_Nov_08_21_21_57_IST_2020.jpg><img src=Sun_Nov_08_21_21_57_IST_2020.jpg height=200 width=200></img></a>  </system-out>
  <testcase name="ClickManageQuotesLink" time="5.267" classname="com.OSMOSE.testcases.Product"/>
  <system-out>
Click to see Screenshot <a target="_blank" href=Sun_Nov_08_21_22_02_IST_2020.jpg>Screenshot</a> <br> <br> <a target="_blank" href=Sun_Nov_08_21_22_02_IST_2020.jpg><img src=Sun_Nov_08_21_22_02_IST_2020.jpg height=200 width=200></img></a>  </system-out>
  <testcase name="VerifyUIonClickQuoteID" time="4.922" classname="com.OSMOSE.testcases.Product"/>
  <system-out>
Click to see Screenshot <a target="_blank" href=Sun_Nov_08_21_22_08_IST_2020.jpg>Screenshot</a> <br> <br> <a target="_blank" href=Sun_Nov_08_21_22_08_IST_2020.jpg><img src=Sun_Nov_08_21_22_08_IST_2020.jpg height=200 width=200></img></a>  </system-out>
  <testcase name="SubmitQuotewithOrderedstatus" time="9.811" classname="com.OSMOSE.testcases.Product"/>
  <system-out>
Click to see Screenshot <a target="_blank" href=Sun_Nov_08_21_22_18_IST_2020.jpg>Screenshot</a> <br> <br> <a target="_blank" href=Sun_Nov_08_21_22_18_IST_2020.jpg><img src=Sun_Nov_08_21_22_18_IST_2020.jpg height=200 width=200></img></a>  </system-out>
  <testcase name="SubmitQuotewithQuotePendingstatus" time="18.817" classname="com.OSMOSE.testcases.Product"/>
  <system-out>
Click to see Screenshot <a target="_blank" href=Sun_Nov_08_21_22_37_IST_2020.jpg>Screenshot</a> <br> <br> <a target="_blank" href=Sun_Nov_08_21_22_37_IST_2020.jpg><img src=Sun_Nov_08_21_22_37_IST_2020.jpg height=200 width=200></img></a>  </system-out>
  <testcase name="SubmitQuotewithMoreThan20mbFile" time="28.250" classname="com.OSMOSE.testcases.Product"/>
  <system-out>
Click to see Screenshot <a target="_blank" href=Sun_Nov_08_21_23_06_IST_2020.jpg>Screenshot</a> <br> <br> <a target="_blank" href=Sun_Nov_08_21_23_06_IST_2020.jpg><img src=Sun_Nov_08_21_23_06_IST_2020.jpg height=200 width=200></img></a>  </system-out>
  <testcase name="SubmitQuotewithInvalidFileType" time="25.711" classname="com.OSMOSE.testcases.Product"/>
  <system-out>
Click to see Screenshot <a target="_blank" href=Sun_Nov_08_21_23_32_IST_2020.jpg>Screenshot</a> <br> <br> <a target="_blank" href=Sun_Nov_08_21_23_32_IST_2020.jpg><img src=Sun_Nov_08_21_23_32_IST_2020.jpg height=200 width=200></img></a>  </system-out>
  <testcase name="SubmitQuotewithQuoteCancelledstatus" time="13.556" classname="com.OSMOSE.testcases.Product"/>
  <system-out>
Click to see Screenshot <a target="_blank" href=Sun_Nov_08_21_23_46_IST_2020.jpg>Screenshot</a> <br> <br> <a target="_blank" href=Sun_Nov_08_21_23_46_IST_2020.jpg><img src=Sun_Nov_08_21_23_46_IST_2020.jpg height=200 width=200></img></a>  </system-out>
  <testcase name="SubmitQuotewithQuotedstatus" time="33.095" classname="com.OSMOSE.testcases.Product"/>
  <system-out>
Click to see Screenshot <a target="_blank" href=Sun_Nov_08_21_24_20_IST_2020.jpg>Screenshot</a> <br> <br> <a target="_blank" href=Sun_Nov_08_21_24_20_IST_2020.jpg><img src=Sun_Nov_08_21_24_20_IST_2020.jpg height=200 width=200></img></a>  </system-out>
  <testcase name="SubmitQuotewithOrderRequestedstatus" time="12.547" classname="com.OSMOSE.testcases.Product"/>
  <system-out>
Click to see Screenshot <a target="_blank" href=Sun_Nov_08_21_24_33_IST_2020.jpg>Screenshot</a> <br> <br> <a target="_blank" href=Sun_Nov_08_21_24_33_IST_2020.jpg><img src=Sun_Nov_08_21_24_33_IST_2020.jpg height=200 width=200></img></a>  </system-out>
  <testcase name="SubmitQuotewithExpiredstatus" time="10.484" classname="com.OSMOSE.testcases.Product"/>
  <system-out>
Click to see Screenshot <a target="_blank" href=Sun_Nov_08_21_24_44_IST_2020.jpg>Screenshot</a> <br> <br> <a target="_blank" href=Sun_Nov_08_21_24_44_IST_2020.jpg><img src=Sun_Nov_08_21_24_44_IST_2020.jpg height=200 width=200></img></a>  </system-out>
  <testcase name="ClickManageProducts" time="2.304" classname="com.OSMOSE.testcases.Product"/>
  <system-out>
Click to see Screenshot <a target="_blank" href=Sun_Nov_08_21_24_47_IST_2020.jpg>Screenshot</a> <br> <br> <a target="_blank" href=Sun_Nov_08_21_24_47_IST_2020.jpg><img src=Sun_Nov_08_21_24_47_IST_2020.jpg height=200 width=200></img></a>  </system-out>
  <testcase name="ClickDownloadProducts" time="7.248" classname="com.OSMOSE.testcases.Product"/>
  <system-out>
Click to see Screenshot <a target="_blank" href=Sun_Nov_08_21_24_54_IST_2020.jpg>Screenshot</a> <br> <br> <a target="_blank" href=Sun_Nov_08_21_24_54_IST_2020.jpg><img src=Sun_Nov_08_21_24_54_IST_2020.jpg height=200 width=200></img></a>  </system-out>
  <testcase name="ClickProductsinReview" time="2.178" classname="com.OSMOSE.testcases.Product"/>
  <system-out>
Click to see Screenshot <a target="_blank" href=Sun_Nov_08_21_24_57_IST_2020.jpg>Screenshot</a> <br> <br> <a target="_blank" href=Sun_Nov_08_21_24_57_IST_2020.jpg><img src=Sun_Nov_08_21_24_57_IST_2020.jpg height=200 width=200></img></a>  </system-out>
  <testcase name="ClickReview" time="7.798" classname="com.OSMOSE.testcases.Product"/>
  <system-out>
Click to see Screenshot <a target="_blank" href=Sun_Nov_08_21_25_05_IST_2020.jpg>Screenshot</a> <br> <br> <a target="_blank" href=Sun_Nov_08_21_25_05_IST_2020.jpg><img src=Sun_Nov_08_21_25_05_IST_2020.jpg height=200 width=200></img></a>  </system-out>
  <testcase name="ClickApprove" time="9.237" classname="com.OSMOSE.testcases.Product"/>
  <system-out>
Click to see Screenshot <a target="_blank" href=Sun_Nov_08_21_25_15_IST_2020.jpg>Screenshot</a> <br> <br> <a target="_blank" href=Sun_Nov_08_21_25_15_IST_2020.jpg><img src=Sun_Nov_08_21_25_15_IST_2020.jpg height=200 width=200></img></a>  </system-out>
  <testcase name="ClickReject" time="9.695" classname="com.OSMOSE.testcases.Product"/>
  <system-out>
Click to see Screenshot <a target="_blank" href=Sun_Nov_08_21_25_25_IST_2020.jpg>Screenshot</a> <br> <br> <a target="_blank" href=Sun_Nov_08_21_25_25_IST_2020.jpg><img src=Sun_Nov_08_21_25_25_IST_2020.jpg height=200 width=200></img></a>  </system-out>
  <testcase name="ClickUploadProducts" time="8.398" classname="com.OSMOSE.testcases.Product"/>
  <system-out>
Click to see Screenshot <a target="_blank" href=Sun_Nov_08_21_25_34_IST_2020.jpg>Screenshot</a> <br> <br> <a target="_blank" href=Sun_Nov_08_21_25_34_IST_2020.jpg><img src=Sun_Nov_08_21_25_34_IST_2020.jpg height=200 width=200></img></a>  </system-out>
  <testcase name="ClickDictionaryLink" time="36.096" classname="com.OSMOSE.testcases.Product"/>
  <system-out>
Click to see Screenshot <a target="_blank" href=Sun_Nov_08_21_26_10_IST_2020.jpg>Screenshot</a> <br> <br> <a target="_blank" href=Sun_Nov_08_21_26_10_IST_2020.jpg><img src=Sun_Nov_08_21_26_10_IST_2020.jpg height=200 width=200></img></a>  </system-out>
  <testcase name="VerifyUIonApprove" time="113.913" classname="com.OSMOSE.testcases.Product"/>
  <system-out>
Click to see Screenshot <a target="_blank" href=Sun_Nov_08_21_28_05_IST_2020.jpg>Screenshot</a> <br> <br> <a target="_blank" href=Sun_Nov_08_21_28_05_IST_2020.jpg><img src=Sun_Nov_08_21_28_05_IST_2020.jpg height=200 width=200></img></a>  </system-out>
  <testcase name="VerifyApprovebtndisabled" time="121.023" classname="com.OSMOSE.testcases.Product"/>
  <system-out>
Click to see Screenshot <a target="_blank" href=Sun_Nov_08_21_30_06_IST_2020.jpg>Screenshot</a> <br> <br> <a target="_blank" href=Sun_Nov_08_21_30_06_IST_2020.jpg><img src=Sun_Nov_08_21_30_06_IST_2020.jpg height=200 width=200></img></a>  </system-out>
  <testcase name="verifyThankyouPopup" time="130.779" classname="com.OSMOSE.testcases.Product"/>
  <system-out>
Click to see Screenshot <a target="_blank" href=Sun_Nov_08_21_32_18_IST_2020.jpg>Screenshot</a> <br> <br> <a target="_blank" href=Sun_Nov_08_21_32_18_IST_2020.jpg><img src=Sun_Nov_08_21_32_18_IST_2020.jpg height=200 width=200></img></a>  </system-out>
  <testcase name="verifyCancelwhileREQuoting" time="40.953" classname="com.OSMOSE.testcases.Product"/>
  <system-out>
Click to see Screenshot <a target="_blank" href=Sun_Nov_08_21_32_59_IST_2020.jpg>Screenshot</a> <br> <br> <a target="_blank" href=Sun_Nov_08_21_32_59_IST_2020.jpg><img src=Sun_Nov_08_21_32_59_IST_2020.jpg height=200 width=200></img></a>  </system-out>
  <testcase name="verifySubmitwhileREQuoting" time="60.461" classname="com.OSMOSE.testcases.Product"/>
  <system-out>
Click to see Screenshot <a target="_blank" href=Sun_Nov_08_21_34_00_IST_2020.jpg>Screenshot</a> <br> <br> <a target="_blank" href=Sun_Nov_08_21_34_00_IST_2020.jpg><img src=Sun_Nov_08_21_34_00_IST_2020.jpg height=200 width=200></img></a>  </system-out>
  <testcase name="verifyAddToCartWhileReQuoting" time="73.553" classname="com.OSMOSE.testcases.Product"/>
  <system-out>
Click to see Screenshot <a target="_blank" href=Sun_Nov_08_21_35_14_IST_2020.jpg>Screenshot</a> <br> <br> <a target="_blank" href=Sun_Nov_08_21_35_14_IST_2020.jpg><img src=Sun_Nov_08_21_35_14_IST_2020.jpg height=200 width=200></img></a>  </system-out>
  <testcase name="verifyExclamationOnMyQuotes" time="20.158" classname="com.OSMOSE.testcases.Product"/>
  <system-out>
Click to see Screenshot <a target="_blank" href=Sun_Nov_08_21_35_34_IST_2020.jpg>Screenshot</a> <br> <br> <a target="_blank" href=Sun_Nov_08_21_35_34_IST_2020.jpg><img src=Sun_Nov_08_21_35_34_IST_2020.jpg height=200 width=200></img></a>  </system-out>
  <testcase name="VerifyShoppingAddbtndisabled" time="4.778" classname="com.OSMOSE.testcases.Product"/>
  <system-out>
Click to see Screenshot <a target="_blank" href=Sun_Nov_08_21_35_40_IST_2020.jpg>Screenshot</a> <br> <br> <a target="_blank" href=Sun_Nov_08_21_35_40_IST_2020.jpg><img src=Sun_Nov_08_21_35_40_IST_2020.jpg height=200 width=200></img></a>  </system-out>
  <testcase name="VerifyShoppingCarrtAddbtnDisabledclearqty" time="5.941" classname="com.OSMOSE.testcases.Product"/>
  <system-out>
Click to see Screenshot <a target="_blank" href=Sun_Nov_08_21_35_46_IST_2020.jpg>Screenshot</a> <br> <br> <a target="_blank" href=Sun_Nov_08_21_35_46_IST_2020.jpg><img src=Sun_Nov_08_21_35_46_IST_2020.jpg height=200 width=200></img></a>  </system-out>
  <testcase name="verifyCartIconCount" time="16.115" classname="com.OSMOSE.testcases.Product"/>
  <system-out>
Click to see Screenshot <a target="_blank" href=Sun_Nov_08_21_36_02_IST_2020.jpg>Screenshot</a> <br> <br> <a target="_blank" href=Sun_Nov_08_21_36_02_IST_2020.jpg><img src=Sun_Nov_08_21_36_02_IST_2020.jpg height=200 width=200></img></a>  </system-out>
  <testcase name="VerifyShoppingCarrtMinMaxqty" time="11.907" classname="com.OSMOSE.testcases.Product"/>
  <system-out>
Click to see Screenshot <a target="_blank" href=Sun_Nov_08_21_36_15_IST_2020.jpg>Screenshot</a> <br> <br> <a target="_blank" href=Sun_Nov_08_21_36_15_IST_2020.jpg><img src=Sun_Nov_08_21_36_15_IST_2020.jpg height=200 width=200></img></a>  </system-out>
  <testcase name="GoBack" time="13.532" classname="com.OSMOSE.testcases.Product"/>
  <system-out>
Click to see Screenshot <a target="_blank" href=Sun_Nov_08_21_36_29_IST_2020.jpg>Screenshot</a> <br> <br> <a target="_blank" href=Sun_Nov_08_21_36_29_IST_2020.jpg><img src=Sun_Nov_08_21_36_29_IST_2020.jpg height=200 width=200></img></a>  </system-out>
  <testcase name="CreateQuote_MultipleAttachment" time="37.018" classname="com.OSMOSE.testcases.Product"/>
  <system-out>
Click to see Screenshot <a target="_blank" href=Sun_Nov_08_21_37_06_IST_2020.jpg>Screenshot</a> <br> <br> <a target="_blank" href=Sun_Nov_08_21_37_06_IST_2020.jpg><img src=Sun_Nov_08_21_37_06_IST_2020.jpg height=200 width=200></img></a>  </system-out>
  <testcase name="CreateQuote_UpdateeAttachment" time="10.229" classname="com.OSMOSE.testcases.Product"/>
  <system-out>
Click to see Screenshot <a target="_blank" href=Sun_Nov_08_21_37_17_IST_2020.jpg>Screenshot</a> <br> <br> <a target="_blank" href=Sun_Nov_08_21_37_17_IST_2020.jpg><img src=Sun_Nov_08_21_37_17_IST_2020.jpg height=200 width=200></img></a>  </system-out>
  <testcase name="SubmitQuotewithoutFile" time="20.614" classname="com.OSMOSE.testcases.Product"/>
  <system-out>
Click to see Screenshot <a target="_blank" href=Sun_Nov_08_21_37_38_IST_2020.jpg>Screenshot</a> <br> <br> <a target="_blank" href=Sun_Nov_08_21_37_38_IST_2020.jpg><img src=Sun_Nov_08_21_37_38_IST_2020.jpg height=200 width=200></img></a>  </system-out>
  <testcase name="VerifyAddingRelatedProductsToShoppingCart" time="17.802" classname="com.OSMOSE.testcases.Product"/>
  <system-out>
Click to see Screenshot <a target="_blank" href=Sun_Nov_08_21_37_56_IST_2020.jpg>Screenshot</a> <br> <br> <a target="_blank" href=Sun_Nov_08_21_37_56_IST_2020.jpg><img src=Sun_Nov_08_21_37_56_IST_2020.jpg height=200 width=200></img></a>  </system-out>
  <testcase name="VerifyTooltipForSizeDropDown" time="9.393" classname="com.OSMOSE.testcases.Product"/>
  <system-out>
Click to see Screenshot <a target="_blank" href=Sun_Nov_08_21_38_06_IST_2020.jpg>Screenshot</a> <br> <br> <a target="_blank" href=Sun_Nov_08_21_38_06_IST_2020.jpg><img src=Sun_Nov_08_21_38_06_IST_2020.jpg height=200 width=200></img></a>  </system-out>
  <testcase name="UpdateChangeProductAddToShoppingCart" time="15.891" classname="com.OSMOSE.testcases.Product"/>
  <system-out>
Click to see Screenshot <a target="_blank" href=Sun_Nov_08_21_38_22_IST_2020.jpg>Screenshot</a> <br> <br> <a target="_blank" href=Sun_Nov_08_21_38_22_IST_2020.jpg><img src=Sun_Nov_08_21_38_22_IST_2020.jpg height=200 width=200></img></a>  </system-out>
  <testcase name="verifyDeleteProductOnOverlay" time="8.966" classname="com.OSMOSE.testcases.Product"/>
  <system-out>
Click to see Screenshot <a target="_blank" href=Sun_Nov_08_21_38_31_IST_2020.jpg>Screenshot</a> <br> <br> <a target="_blank" href=Sun_Nov_08_21_38_31_IST_2020.jpg><img src=Sun_Nov_08_21_38_31_IST_2020.jpg height=200 width=200></img></a>  </system-out>
  <testcase name="MyQuotesComments_Collapse" time="13.629" classname="com.OSMOSE.testcases.Product"/>
  <system-out>
Click to see Screenshot <a target="_blank" href=Sun_Nov_08_21_38_45_IST_2020.jpg>Screenshot</a> <br> <br> <a target="_blank" href=Sun_Nov_08_21_38_45_IST_2020.jpg><img src=Sun_Nov_08_21_38_45_IST_2020.jpg height=200 width=200></img></a>  </system-out>
  <testcase name="verifyTheSearch" classname="com.OSMOSE.testcases.Product">
    <skipped/>
  </testcase> <!-- verifyTheSearch -->
  <system-out/>
  <testcase name="SubmitQuotewithNegativeExpireDays" classname="com.OSMOSE.testcases.Product">
    <skipped/>
  </testcase> <!-- SubmitQuotewithNegativeExpireDays -->
  <system-out/>
  <testcase name="verifyTheProductCart" classname="com.OSMOSE.testcases.Product">
    <skipped/>
  </testcase> <!-- verifyTheProductCart -->
  <system-out/>
</testsuite> <!-- com.OSMOSE.testcases.Product -->
