<?xml version="1.0" encoding="UTF-8"?>
<!-- Generated by org.testng.reporters.JUnitReportReporter -->
<testsuite skipped="5" hostname="5CG6323N27" name="com.OSMOSE.testcases.OULogin" tests="21" failures="0" timestamp="2020-07-23T17:59:40 IST" time="147.281" errors="0">
  <testcase name="loginTest" time="16.401" classname="com.OSMOSE.testcases.OULogin"/>
  <system-out>
Click to see Screenshot <a target="_blank" href=Thu_Jul_23_17_36_12_IST_2020.jpg>Screenshot</a> <br> <br> <a target="_blank" href=Thu_Jul_23_17_36_12_IST_2020.jpg><img src=Thu_Jul_23_17_36_12_IST_2020.jpg height=200 width=200></img></a>  </system-out>
  <testcase name="verifyOUCard" time="3.795" classname="com.OSMOSE.testcases.OULogin"/>
  <system-out>
Click to see Screenshot <a target="_blank" href=Thu_Jul_23_17_36_16_IST_2020.jpg>Screenshot</a> <br> <br> <a target="_blank" href=Thu_Jul_23_17_36_16_IST_2020.jpg><img src=Thu_Jul_23_17_36_16_IST_2020.jpg height=200 width=200></img></a>  </system-out>
  <testcase name="verifyProductCard" time="0.047" classname="com.OSMOSE.testcases.OULogin"/>
  <system-out>
Click to see Screenshot <a target="_blank" href=Thu_Jul_23_17_36_17_IST_2020.jpg>Screenshot</a> <br> <br> <a target="_blank" href=Thu_Jul_23_17_36_17_IST_2020.jpg><img src=Thu_Jul_23_17_36_17_IST_2020.jpg height=200 width=200></img></a>  </system-out>
  <testcase name="verifyContactUs" time="0.038" classname="com.OSMOSE.testcases.OULogin"/>
  <system-out>
Click to see Screenshot <a target="_blank" href=Thu_Jul_23_17_36_17_IST_2020.jpg>Screenshot</a> <br> <br> <a target="_blank" href=Thu_Jul_23_17_36_17_IST_2020.jpg><img src=Thu_Jul_23_17_36_17_IST_2020.jpg height=200 width=200></img></a>  </system-out>
  <testcase name="verifyHyperlinks" time="0.099" classname="com.OSMOSE.testcases.OULogin"/>
  <system-out>
Click to see Screenshot <a target="_blank" href=Thu_Jul_23_17_36_18_IST_2020.jpg>Screenshot</a> <br> <br> <a target="_blank" href=Thu_Jul_23_17_36_18_IST_2020.jpg><img src=Thu_Jul_23_17_36_18_IST_2020.jpg height=200 width=200></img></a>  </system-out>
  <testcase name="verifyVideoLinks" time="0.072" classname="com.OSMOSE.testcases.OULogin"/>
  <system-out>
Click to see Screenshot <a target="_blank" href=Thu_Jul_23_17_36_18_IST_2020.jpg>Screenshot</a> <br> <br> <a target="_blank" href=Thu_Jul_23_17_36_18_IST_2020.jpg><img src=Thu_Jul_23_17_36_18_IST_2020.jpg height=200 width=200></img></a>  </system-out>
  <testcase name="verifyLiveEventCLick" time="12.313" classname="com.OSMOSE.testcases.OULogin"/>
  <system-out>
Click to see Screenshot <a target="_blank" href=Thu_Jul_23_17_36_31_IST_2020.jpg>Screenshot</a> <br> <br> <a target="_blank" href=Thu_Jul_23_17_36_31_IST_2020.jpg><img src=Thu_Jul_23_17_36_31_IST_2020.jpg height=200 width=200></img></a>  </system-out>
  <testcase name="verifyWebinarsClick" time="12.267" classname="com.OSMOSE.testcases.OULogin"/>
  <system-out>
Click to see Screenshot <a target="_blank" href=Thu_Jul_23_17_36_44_IST_2020.jpg>Screenshot</a> <br> <br> <a target="_blank" href=Thu_Jul_23_17_36_44_IST_2020.jpg><img src=Thu_Jul_23_17_36_44_IST_2020.jpg height=200 width=200></img></a>  </system-out>
  <testcase name="verifyOCalcClick" time="12.233" classname="com.OSMOSE.testcases.OULogin"/>
  <system-out>
Click to see Screenshot <a target="_blank" href=Thu_Jul_23_17_36_57_IST_2020.jpg>Screenshot</a> <br> <br> <a target="_blank" href=Thu_Jul_23_17_36_57_IST_2020.jpg><img src=Thu_Jul_23_17_36_57_IST_2020.jpg height=200 width=200></img></a>  </system-out>
  <testcase name="clickOnOuLink" time="12.280" classname="com.OSMOSE.testcases.OULogin"/>
  <system-out>
Click to see Screenshot <a target="_blank" href=Thu_Jul_23_17_37_10_IST_2020.jpg>Screenshot</a> <br> <br> <a target="_blank" href=Thu_Jul_23_17_37_10_IST_2020.jpg><img src=Thu_Jul_23_17_37_10_IST_2020.jpg height=200 width=200></img></a>  </system-out>
  <testcase name="verifyLiveEventsSTS" time="13.003" classname="com.OSMOSE.testcases.OULogin"/>
  <system-out>
Click to see Screenshot <a target="_blank" href=Thu_Jul_23_17_37_23_IST_2020.jpg>Screenshot</a> <br> <br> <a target="_blank" href=Thu_Jul_23_17_37_23_IST_2020.jpg><img src=Thu_Jul_23_17_37_23_IST_2020.jpg height=200 width=200></img></a>  </system-out>
  <testcase name="verifyLiveEventsJUS" time="13.233" classname="com.OSMOSE.testcases.OULogin"/>
  <system-out>
Click to see Screenshot <a target="_blank" href=Thu_Jul_23_17_37_37_IST_2020.jpg>Screenshot</a> <br> <br> <a target="_blank" href=Thu_Jul_23_17_37_37_IST_2020.jpg><img src=Thu_Jul_23_17_37_37_IST_2020.jpg height=200 width=200></img></a>  </system-out>
  <testcase name="verifyLiveEventsWPTS" time="12.966" classname="com.OSMOSE.testcases.OULogin"/>
  <system-out>
Click to see Screenshot <a target="_blank" href=Thu_Jul_23_17_37_51_IST_2020.jpg>Screenshot</a> <br> <br> <a target="_blank" href=Thu_Jul_23_17_37_51_IST_2020.jpg><img src=Thu_Jul_23_17_37_51_IST_2020.jpg height=200 width=200></img></a>  </system-out>
  <testcase name="verifyDETAILSANDREGISTRATION" time="13.243" classname="com.OSMOSE.testcases.OULogin"/>
  <system-out>
Click to see Screenshot <a target="_blank" href=Thu_Jul_23_17_38_04_IST_2020.jpg>Screenshot</a> <br> <br> <a target="_blank" href=Thu_Jul_23_17_38_04_IST_2020.jpg><img src=Thu_Jul_23_17_38_04_IST_2020.jpg height=200 width=200></img></a>  </system-out>
  <testcase name="verifyClickingTheWebinars" time="12.298" classname="com.OSMOSE.testcases.OULogin"/>
  <system-out>
Click to see Screenshot <a target="_blank" href=Thu_Jul_23_17_38_17_IST_2020.jpg>Screenshot</a> <br> <br> <a target="_blank" href=Thu_Jul_23_17_38_17_IST_2020.jpg><img src=Thu_Jul_23_17_38_17_IST_2020.jpg height=200 width=200></img></a>  </system-out>
  <testcase name="verifyOClacTrainingButton" time="12.993" classname="com.OSMOSE.testcases.OULogin"/>
  <system-out>
Click to see Screenshot <a target="_blank" href=Thu_Jul_23_17_38_30_IST_2020.jpg>Screenshot</a> <br> <br> <a target="_blank" href=Thu_Jul_23_17_38_30_IST_2020.jpg><img src=Thu_Jul_23_17_38_30_IST_2020.jpg height=200 width=200></img></a>  </system-out>
  <testcase name="verifyContactAndStray" classname="com.OSMOSE.testcases.OULogin">
    <skipped/>
  </testcase> <!-- verifyContactAndStray -->
  <system-out/>
  <testcase name="verifySteelStructuresProtected" classname="com.OSMOSE.testcases.OULogin">
    <skipped/>
  </testcase> <!-- verifySteelStructuresProtected -->
  <system-out/>
  <testcase name="steelStructuresProtectedMOREINFOREGISTRATION" classname="com.OSMOSE.testcases.OULogin">
    <skipped/>
  </testcase> <!-- steelStructuresProtectedMOREINFOREGISTRATION -->
  <system-out/>
  <testcase name="verifyUpcomingWebinarsPage" classname="com.OSMOSE.testcases.OULogin">
    <skipped/>
  </testcase> <!-- verifyUpcomingWebinarsPage -->
  <system-out/>
  <testcase name="ContactAndStrayMOREINFOREGISTRATION" classname="com.OSMOSE.testcases.OULogin">
    <skipped/>
  </testcase> <!-- ContactAndStrayMOREINFOREGISTRATION -->
  <system-out/>
</testsuite> <!-- com.OSMOSE.testcases.OULogin -->
