<?xml version="1.0" encoding="UTF-8"?>
<!-- Generated by org.testng.reporters.JUnitReportReporter -->
<testsuite skipped="0" hostname="5CG6323N27" name="com.OSMOSE.testcases.LoginTest" tests="1" failures="0" timestamp="2020-11-25T14:02:59 IST" time="22.370" errors="0">
  <testcase name="loginTest" time="22.370" classname="com.OSMOSE.testcases.LoginTest"/>
  <system-out>
Click to see Screenshot <a target="_blank" href=Wed_Nov_25_13_57_07_IST_2020.jpg>Screenshot</a> <br> <br> <a target="_blank" href=Wed_Nov_25_13_57_07_IST_2020.jpg><img src=Wed_Nov_25_13_57_07_IST_2020.jpg height=200 width=200></img></a>  </system-out>
</testsuite> <!-- com.OSMOSE.testcases.LoginTest -->
