<?xml version="1.0" encoding="UTF-8"?>
<!-- Generated by org.testng.reporters.JUnitReportReporter -->
<testsuite skipped="0" hostname="5CG6323N27" name="com.OSMOSE.testcases.Contact" tests="17" failures="0" timestamp="2020-08-11T10:28:35 IST" time="53.755" errors="0">
  <testcase name="verifyContactUsMenuContents" time="0.508" classname="com.OSMOSE.testcases.Contact"/>
  <system-out>
Click to see Screenshot <a target="_blank" href=Tue_Aug_11_10_27_32_IST_2020.jpg>Screenshot</a> <br> <br> <a target="_blank" href=Tue_Aug_11_10_27_32_IST_2020.jpg><img src=Tue_Aug_11_10_27_32_IST_2020.jpg height=200 width=200></img></a>  </system-out>
  <testcase name="verifyViewContactsHeaderContents" time="0.160" classname="com.OSMOSE.testcases.Contact"/>
  <system-out>
Click to see Screenshot <a target="_blank" href=Tue_Aug_11_10_27_32_IST_2020.jpg>Screenshot</a> <br> <br> <a target="_blank" href=Tue_Aug_11_10_27_32_IST_2020.jpg><img src=Tue_Aug_11_10_27_32_IST_2020.jpg height=200 width=200></img></a>  </system-out>
  <testcase name="verifyViewContactsContactCardContents" time="0.149" classname="com.OSMOSE.testcases.Contact"/>
  <system-out>
Click to see Screenshot <a target="_blank" href=Tue_Aug_11_10_27_33_IST_2020.jpg>Screenshot</a> <br> <br> <a target="_blank" href=Tue_Aug_11_10_27_33_IST_2020.jpg><img src=Tue_Aug_11_10_27_33_IST_2020.jpg height=200 width=200></img></a>  </system-out>
  <testcase name="verifyContactUsHeaderContents" time="0.838" classname="com.OSMOSE.testcases.Contact"/>
  <system-out>
Click to see Screenshot <a target="_blank" href=Tue_Aug_11_10_27_34_IST_2020.jpg>Screenshot</a> <br> <br> <a target="_blank" href=Tue_Aug_11_10_27_34_IST_2020.jpg><img src=Tue_Aug_11_10_27_34_IST_2020.jpg height=200 width=200></img></a>  </system-out>
  <testcase name="verifyClickOnBackButton" time="0.230" classname="com.OSMOSE.testcases.Contact"/>
  <system-out>
Click to see Screenshot <a target="_blank" href=Tue_Aug_11_10_27_35_IST_2020.jpg>Screenshot</a> <br> <br> <a target="_blank" href=Tue_Aug_11_10_27_35_IST_2020.jpg><img src=Tue_Aug_11_10_27_35_IST_2020.jpg height=200 width=200></img></a>  </system-out>
  <testcase name="verifyContactUsClickOnGoogleMap" time="31.031" classname="com.OSMOSE.testcases.Contact"/>
  <system-out>
Click to see Screenshot <a target="_blank" href=Tue_Aug_11_10_28_07_IST_2020.jpg>Screenshot</a> <br> <br> <a target="_blank" href=Tue_Aug_11_10_28_07_IST_2020.jpg><img src=Tue_Aug_11_10_28_07_IST_2020.jpg height=200 width=200></img></a>  </system-out>
  <testcase name="verifyContactUsGeneralInquiriesContents" time="0.048" classname="com.OSMOSE.testcases.Contact"/>
  <system-out>
Click to see Screenshot <a target="_blank" href=Tue_Aug_11_10_28_07_IST_2020.jpg>Screenshot</a> <br> <br> <a target="_blank" href=Tue_Aug_11_10_28_07_IST_2020.jpg><img src=Tue_Aug_11_10_28_07_IST_2020.jpg height=200 width=200></img></a>  </system-out>
  <testcase name="verifyContactUsSalesProductsContents" time="0.071" classname="com.OSMOSE.testcases.Contact"/>
  <system-out>
Click to see Screenshot <a target="_blank" href=Tue_Aug_11_10_28_07_IST_2020.jpg>Screenshot</a> <br> <br> <a target="_blank" href=Tue_Aug_11_10_28_07_IST_2020.jpg><img src=Tue_Aug_11_10_28_07_IST_2020.jpg height=200 width=200></img></a>  </system-out>
  <testcase name="verifyContactUsSalesServicesContents" time="0.074" classname="com.OSMOSE.testcases.Contact"/>
  <system-out>
Click to see Screenshot <a target="_blank" href=Tue_Aug_11_10_28_08_IST_2020.jpg>Screenshot</a> <br> <br> <a target="_blank" href=Tue_Aug_11_10_28_08_IST_2020.jpg><img src=Tue_Aug_11_10_28_08_IST_2020.jpg height=200 width=200></img></a>  </system-out>
  <testcase name="verifyContactUsOCalcProContents" time="0.067" classname="com.OSMOSE.testcases.Contact"/>
  <system-out>
Click to see Screenshot <a target="_blank" href=Tue_Aug_11_10_28_08_IST_2020.jpg>Screenshot</a> <br> <br> <a target="_blank" href=Tue_Aug_11_10_28_08_IST_2020.jpg><img src=Tue_Aug_11_10_28_08_IST_2020.jpg height=200 width=200></img></a>  </system-out>
  <testcase name="verifyContactUsQueryFormContents" time="0.095" classname="com.OSMOSE.testcases.Contact"/>
  <system-out>
Click to see Screenshot <a target="_blank" href=Tue_Aug_11_10_28_09_IST_2020.jpg>Screenshot</a> <br> <br> <a target="_blank" href=Tue_Aug_11_10_28_09_IST_2020.jpg><img src=Tue_Aug_11_10_28_09_IST_2020.jpg height=200 width=200></img></a>  </system-out>
  <testcase name="verifyFormSubmissionWith_RequestForInformation" time="4.520" classname="com.OSMOSE.testcases.Contact"/>
  <system-out>
Click to see Screenshot <a target="_blank" href=Tue_Aug_11_10_28_14_IST_2020.jpg>Screenshot</a> <br> <br> <a target="_blank" href=Tue_Aug_11_10_28_14_IST_2020.jpg><img src=Tue_Aug_11_10_28_14_IST_2020.jpg height=200 width=200></img></a>  </system-out>
  <testcase name="verifyFormSubmissionThankYouPopUp" time="11.831" classname="com.OSMOSE.testcases.Contact"/>
  <system-out>
Click to see Screenshot <a target="_blank" href=Tue_Aug_11_10_28_26_IST_2020.jpg>Screenshot</a> <br> <br> <a target="_blank" href=Tue_Aug_11_10_28_26_IST_2020.jpg><img src=Tue_Aug_11_10_28_26_IST_2020.jpg height=200 width=200></img></a>  </system-out>
  <testcase name="verifyFormSubmissionWith_ProjectSupport" time="1.545" classname="com.OSMOSE.testcases.Contact"/>
  <system-out>
Click to see Screenshot <a target="_blank" href=Tue_Aug_11_10_28_28_IST_2020.jpg>Screenshot</a> <br> <br> <a target="_blank" href=Tue_Aug_11_10_28_28_IST_2020.jpg><img src=Tue_Aug_11_10_28_28_IST_2020.jpg height=200 width=200></img></a>  </system-out>
  <testcase name="verifyFormSubmissionWith_TechnicalSupport" time="1.336" classname="com.OSMOSE.testcases.Contact"/>
  <system-out>
Click to see Screenshot <a target="_blank" href=Tue_Aug_11_10_28_30_IST_2020.jpg>Screenshot</a> <br> <br> <a target="_blank" href=Tue_Aug_11_10_28_30_IST_2020.jpg><img src=Tue_Aug_11_10_28_30_IST_2020.jpg height=200 width=200></img></a>  </system-out>
  <testcase name="verifyFormSubmissionWith_Other" time="1.190" classname="com.OSMOSE.testcases.Contact"/>
  <system-out>
Click to see Screenshot <a target="_blank" href=Tue_Aug_11_10_28_31_IST_2020.jpg>Screenshot</a> <br> <br> <a target="_blank" href=Tue_Aug_11_10_28_31_IST_2020.jpg><img src=Tue_Aug_11_10_28_31_IST_2020.jpg height=200 width=200></img></a>  </system-out>
  <testcase name="verifyFormSubmissionErrorMessage" time="0.062" classname="com.OSMOSE.testcases.Contact"/>
  <system-out>
Click to see Screenshot <a target="_blank" href=Tue_Aug_11_10_28_32_IST_2020.jpg>Screenshot</a> <br> <br> <a target="_blank" href=Tue_Aug_11_10_28_32_IST_2020.jpg><img src=Tue_Aug_11_10_28_32_IST_2020.jpg height=200 width=200></img></a>  </system-out>
</testsuite> <!-- com.OSMOSE.testcases.Contact -->
