<?xml version="1.0" encoding="UTF-8"?>
<!-- Generated by org.testng.reporters.JUnitReportReporter -->
<testsuite skipped="0" hostname="5CG6332Q2D" name="com.OSMOSE.testcases.LoginTest" tests="1" failures="0" timestamp="2021-02-17T18:00:40 IST" time="22.358" errors="0">
  <testcase name="loginTest" time="22.358" classname="com.OSMOSE.testcases.LoginTest"/>
  <system-out>
Click to see Screenshot <a target="_blank" href=Wed_Feb_17_17_59_45_IST_2021.jpg>Screenshot</a> <br> <br> <a target="_blank" href=Wed_Feb_17_17_59_45_IST_2021.jpg><img src=Wed_Feb_17_17_59_45_IST_2021.jpg height=200 width=200></img></a>  </system-out>
</testsuite> <!-- com.OSMOSE.testcases.LoginTest -->
