<?xml version="1.0" encoding="UTF-8"?>
<!-- Generated by org.testng.reporters.JUnitReportReporter -->
<testsuite skipped="52" hostname="5CG6323N27" name="com.OSMOSE.testcases.oCalcPro" tests="68" failures="0" timestamp="2020-10-20T20:14:27 IST" time="232.329" errors="0">
  <testcase name="verifyoCalcProNavigationClick" time="15.596" classname="com.OSMOSE.testcases.oCalcPro"/>
  <system-out>
Click to see Screenshot <a target="_blank" href=Tue_Oct_20_20_10_37_IST_2020.jpg>Screenshot</a> <br> <br> <a target="_blank" href=Tue_Oct_20_20_10_37_IST_2020.jpg><img src=Tue_Oct_20_20_10_37_IST_2020.jpg height=200 width=200></img></a>  </system-out>
  <testcase name="verifyPresenceOfKnowledgeBaseCard" time="0.068" classname="com.OSMOSE.testcases.oCalcPro"/>
  <system-out>
Click to see Screenshot <a target="_blank" href=Tue_Oct_20_20_10_38_IST_2020.jpg>Screenshot</a> <br> <br> <a target="_blank" href=Tue_Oct_20_20_10_38_IST_2020.jpg><img src=Tue_Oct_20_20_10_38_IST_2020.jpg height=200 width=200></img></a>  </system-out>
  <testcase name="verifyKBClick" time="30.565" classname="com.OSMOSE.testcases.oCalcPro"/>
  <system-out>
Click to see Screenshot <a target="_blank" href=Tue_Oct_20_20_11_10_IST_2020.jpg>Screenshot</a> <br> <br> <a target="_blank" href=Tue_Oct_20_20_11_10_IST_2020.jpg><img src=Tue_Oct_20_20_11_10_IST_2020.jpg height=200 width=200></img></a>  </system-out>
  <testcase name="verifyKBClickLicensedUser" time="27.246" classname="com.OSMOSE.testcases.oCalcPro"/>
  <system-out>
Click to see Screenshot <a target="_blank" href=Tue_Oct_20_20_11_37_IST_2020.jpg>Screenshot</a> <br> <br> <a target="_blank" href=Tue_Oct_20_20_11_37_IST_2020.jpg><img src=Tue_Oct_20_20_11_37_IST_2020.jpg height=200 width=200></img></a>  </system-out>
  <testcase name="verifyKBTrainingVideosClick" time="12.143" classname="com.OSMOSE.testcases.oCalcPro"/>
  <system-out>
Click to see Screenshot <a target="_blank" href=Tue_Oct_20_20_11_50_IST_2020.jpg>Screenshot</a> <br> <br> <a target="_blank" href=Tue_Oct_20_20_11_50_IST_2020.jpg><img src=Tue_Oct_20_20_11_50_IST_2020.jpg height=200 width=200></img></a>  </system-out>
  <testcase name="verifyKBTrainingVideosClickLicensedUser" time="12.288" classname="com.OSMOSE.testcases.oCalcPro"/>
  <system-out>
Click to see Screenshot <a target="_blank" href=Tue_Oct_20_20_12_03_IST_2020.jpg>Screenshot</a> <br> <br> <a target="_blank" href=Tue_Oct_20_20_12_03_IST_2020.jpg><img src=Tue_Oct_20_20_12_03_IST_2020.jpg height=200 width=200></img></a>  </system-out>
  <testcase name="verifyKBWikiPageClick" time="24.074" classname="com.OSMOSE.testcases.oCalcPro"/>
  <system-out>
Click to see Screenshot <a target="_blank" href=Tue_Oct_20_20_12_28_IST_2020.jpg>Screenshot</a> <br> <br> <a target="_blank" href=Tue_Oct_20_20_12_28_IST_2020.jpg><img src=Tue_Oct_20_20_12_28_IST_2020.jpg height=200 width=200></img></a>  </system-out>
  <testcase name="verifyKBWikiPageClickLicensedUser" time="23.914" classname="com.OSMOSE.testcases.oCalcPro"/>
  <system-out>
Click to see Screenshot <a target="_blank" href=Tue_Oct_20_20_12_52_IST_2020.jpg>Screenshot</a> <br> <br> <a target="_blank" href=Tue_Oct_20_20_12_52_IST_2020.jpg><img src=Tue_Oct_20_20_12_52_IST_2020.jpg height=200 width=200></img></a>  </system-out>
  <testcase name="verifySearchResultsAreGrouped" time="15.773" classname="com.OSMOSE.testcases.oCalcPro"/>
  <system-out>
Click to see Screenshot <a target="_blank" href=Tue_Oct_20_20_13_09_IST_2020.jpg>Screenshot</a> <br> <br> <a target="_blank" href=Tue_Oct_20_20_13_09_IST_2020.jpg><img src=Tue_Oct_20_20_13_09_IST_2020.jpg height=200 width=200></img></a>  </system-out>
  <testcase name="verifySearchResultsAreGroupedLicensedUser" time="15.669" classname="com.OSMOSE.testcases.oCalcPro"/>
  <system-out>
Click to see Screenshot <a target="_blank" href=Tue_Oct_20_20_13_25_IST_2020.jpg>Screenshot</a> <br> <br> <a target="_blank" href=Tue_Oct_20_20_13_25_IST_2020.jpg><img src=Tue_Oct_20_20_13_25_IST_2020.jpg height=200 width=200></img></a>  </system-out>
  <testcase name="verifyTrainingVideosAreGrouped" time="27.342" classname="com.OSMOSE.testcases.oCalcPro"/>
  <system-out>
Click to see Screenshot <a target="_blank" href=Tue_Oct_20_20_13_54_IST_2020.jpg>Screenshot</a> <br> <br> <a target="_blank" href=Tue_Oct_20_20_13_54_IST_2020.jpg><img src=Tue_Oct_20_20_13_54_IST_2020.jpg height=200 width=200></img></a>  </system-out>
  <testcase name="verifyTrainingVideosAreGroupedLicensedUser" time="15.764" classname="com.OSMOSE.testcases.oCalcPro"/>
  <system-out>
Click to see Screenshot <a target="_blank" href=Tue_Oct_20_20_14_10_IST_2020.jpg>Screenshot</a> <br> <br> <a target="_blank" href=Tue_Oct_20_20_14_10_IST_2020.jpg><img src=Tue_Oct_20_20_14_10_IST_2020.jpg height=200 width=200></img></a>  </system-out>
  <testcase name="verifyPresenceOfShowTour" time="2.301" classname="com.OSMOSE.testcases.oCalcPro"/>
  <system-out>
Click to see Screenshot <a target="_blank" href=Tue_Oct_20_20_14_13_IST_2020.jpg>Screenshot</a> <br> <br> <a target="_blank" href=Tue_Oct_20_20_14_13_IST_2020.jpg><img src=Tue_Oct_20_20_14_13_IST_2020.jpg height=200 width=200></img></a>  </system-out>
  <testcase name="verifyPresenceOfSkipTourNextPreviousExitTour" time="2.653" classname="com.OSMOSE.testcases.oCalcPro"/>
  <system-out>
Click to see Screenshot <a target="_blank" href=Tue_Oct_20_20_14_16_IST_2020.jpg>Screenshot</a> <br> <br> <a target="_blank" href=Tue_Oct_20_20_14_16_IST_2020.jpg><img src=Tue_Oct_20_20_14_16_IST_2020.jpg height=200 width=200></img></a>  </system-out>
  <testcase name="verifyClickOnNextPreviousbtns" time="2.252" classname="com.OSMOSE.testcases.oCalcPro"/>
  <system-out>
Click to see Screenshot <a target="_blank" href=Tue_Oct_20_20_14_19_IST_2020.jpg>Screenshot</a> <br> <br> <a target="_blank" href=Tue_Oct_20_20_14_19_IST_2020.jpg><img src=Tue_Oct_20_20_14_19_IST_2020.jpg height=200 width=200></img></a>  </system-out>
  <testcase name="verifyClickOnSkipTourExitTourbtns" time="4.681" classname="com.OSMOSE.testcases.oCalcPro"/>
  <system-out>
Click to see Screenshot <a target="_blank" href=Tue_Oct_20_20_14_24_IST_2020.jpg>Screenshot</a> <br> <br> <a target="_blank" href=Tue_Oct_20_20_14_24_IST_2020.jpg><img src=Tue_Oct_20_20_14_24_IST_2020.jpg height=200 width=200></img></a>  </system-out>
  <testcase name="verifyContentsOfProductsCard" classname="com.OSMOSE.testcases.oCalcPro">
    <skipped/>
  </testcase> <!-- verifyContentsOfProductsCard -->
  <system-out/>
  <testcase name="verifyRequestTrainingQuoteClickLicensedUser" classname="com.OSMOSE.testcases.oCalcPro">
    <skipped/>
  </testcase> <!-- verifyRequestTrainingQuoteClickLicensedUser -->
  <system-out/>
  <testcase name="verifyRequestQuoteForPrivateTrainingClassesClickLicensedUser" classname="com.OSMOSE.testcases.oCalcPro">
    <skipped/>
  </testcase> <!-- verifyRequestQuoteForPrivateTrainingClassesClickLicensedUser -->
  <system-out/>
  <testcase name="verifyPresenceOfKnowledgeBaseCardLicensedUser" classname="com.OSMOSE.testcases.oCalcPro">
    <skipped/>
  </testcase> <!-- verifyPresenceOfKnowledgeBaseCardLicensedUser -->
  <system-out/>
  <testcase name="verifyContentsOfProductsCardLicensedUser" classname="com.OSMOSE.testcases.oCalcPro">
    <skipped/>
  </testcase> <!-- verifyContentsOfProductsCardLicensedUser -->
  <system-out/>
  <testcase name="verifyRequestCVTQuoteClick" classname="com.OSMOSE.testcases.oCalcPro">
    <skipped/>
  </testcase> <!-- verifyRequestCVTQuoteClick -->
  <system-out/>
  <testcase name="verifyContentsOfGetStartedWithOcalcPro" classname="com.OSMOSE.testcases.oCalcPro">
    <skipped/>
  </testcase> <!-- verifyContentsOfGetStartedWithOcalcPro -->
  <system-out/>
  <testcase name="verifyClickIhaveCopiedMyReceiptChkBox" classname="com.OSMOSE.testcases.oCalcPro">
    <skipped/>
  </testcase> <!-- verifyClickIhaveCopiedMyReceiptChkBox -->
  <system-out/>
  <testcase name="verifyRequestTrainingQuoteClick" classname="com.OSMOSE.testcases.oCalcPro">
    <skipped/>
  </testcase> <!-- verifyRequestTrainingQuoteClick -->
  <system-out/>
  <testcase name="verifyContentsOfTrainingOptionsLicensedUser" classname="com.OSMOSE.testcases.oCalcPro">
    <skipped/>
  </testcase> <!-- verifyContentsOfTrainingOptionsLicensedUser -->
  <system-out/>
  <testcase name="verifyLearnMoreClickonGetStartedWithOcalcProcard" classname="com.OSMOSE.testcases.oCalcPro">
    <skipped/>
  </testcase> <!-- verifyLearnMoreClickonGetStartedWithOcalcProcard -->
  <system-out/>
  <testcase name="verifyContentsOfAnnouncementsLicensedUser" classname="com.OSMOSE.testcases.oCalcPro">
    <skipped/>
  </testcase> <!-- verifyContentsOfAnnouncementsLicensedUser -->
  <system-out/>
  <testcase name="verifyCurrentPublicClassesClick" classname="com.OSMOSE.testcases.oCalcPro">
    <skipped/>
  </testcase> <!-- verifyCurrentPublicClassesClick -->
  <system-out/>
  <testcase name="verifyContentsOfFAQLicensedUser" classname="com.OSMOSE.testcases.oCalcPro">
    <skipped/>
  </testcase> <!-- verifyContentsOfFAQLicensedUser -->
  <system-out/>
  <testcase name="verifyPresenceOfAnnouncementsCard" classname="com.OSMOSE.testcases.oCalcPro">
    <skipped/>
  </testcase> <!-- verifyPresenceOfAnnouncementsCard -->
  <system-out/>
  <testcase name="verifyContentsOfTrainingOptions" classname="com.OSMOSE.testcases.oCalcPro">
    <skipped/>
  </testcase> <!-- verifyContentsOfTrainingOptions -->
  <system-out/>
  <testcase name="verifyContentsOfAnnouncements" classname="com.OSMOSE.testcases.oCalcPro">
    <skipped/>
  </testcase> <!-- verifyContentsOfAnnouncements -->
  <system-out/>
  <testcase name="verifyPresenceOfProductsCardLicensedUser" classname="com.OSMOSE.testcases.oCalcPro">
    <skipped/>
  </testcase> <!-- verifyPresenceOfProductsCardLicensedUser -->
  <system-out/>
  <testcase name="verifyPresenceOfCreditCardOptions" classname="com.OSMOSE.testcases.oCalcPro">
    <skipped/>
  </testcase> <!-- verifyPresenceOfCreditCardOptions -->
  <system-out/>
  <testcase name="verifyPresenceOfProductsCard" classname="com.OSMOSE.testcases.oCalcPro">
    <skipped/>
  </testcase> <!-- verifyPresenceOfProductsCard -->
  <system-out/>
  <testcase name="verifyPresenceOfCCReceipt" classname="com.OSMOSE.testcases.oCalcPro">
    <skipped/>
  </testcase> <!-- verifyPresenceOfCCReceipt -->
  <system-out/>
  <testcase name="verifyClickMakePaymentBtn" classname="com.OSMOSE.testcases.oCalcPro">
    <skipped/>
  </testcase> <!-- verifyClickMakePaymentBtn -->
  <system-out/>
  <testcase name="verifyRequstDemoClickLicensedUser" classname="com.OSMOSE.testcases.oCalcPro">
    <skipped/>
  </testcase> <!-- verifyRequstDemoClickLicensedUser -->
  <system-out/>
  <testcase name="verifyDifferentProductsQuoteCreate" classname="com.OSMOSE.testcases.oCalcPro">
    <skipped/>
  </testcase> <!-- verifyDifferentProductsQuoteCreate -->
  <system-out/>
  <testcase name="verifyClickOnPaywithCCBtn" classname="com.OSMOSE.testcases.oCalcPro">
    <skipped/>
  </testcase> <!-- verifyClickOnPaywithCCBtn -->
  <system-out/>
  <testcase name="verifyRequstDemoClickonGetStartedWithOcalcProcard" classname="com.OSMOSE.testcases.oCalcPro">
    <skipped/>
  </testcase> <!-- verifyRequstDemoClickonGetStartedWithOcalcProcard -->
  <system-out/>
  <testcase name="verifyProductsClick" classname="com.OSMOSE.testcases.oCalcPro">
    <skipped/>
  </testcase> <!-- verifyProductsClick -->
  <system-out/>
  <testcase name="verifyProductsClickLicensedUser" classname="com.OSMOSE.testcases.oCalcPro">
    <skipped/>
  </testcase> <!-- verifyProductsClickLicensedUser -->
  <system-out/>
  <testcase name="verifyocalcSupportClickonGetStartedWithOcalcProcard" classname="com.OSMOSE.testcases.oCalcPro">
    <skipped/>
  </testcase> <!-- verifyocalcSupportClickonGetStartedWithOcalcProcard -->
  <system-out/>
  <testcase name="verifyPresenceOfAnnouncementsCardLicensedUser" classname="com.OSMOSE.testcases.oCalcPro">
    <skipped/>
  </testcase> <!-- verifyPresenceOfAnnouncementsCardLicensedUser -->
  <system-out/>
  <testcase name="verifyCurrentPublicClassesClickLicensedUser" classname="com.OSMOSE.testcases.oCalcPro">
    <skipped/>
  </testcase> <!-- verifyCurrentPublicClassesClickLicensedUser -->
  <system-out/>
  <testcase name="verifyClickOnAnAnnouncement" classname="com.OSMOSE.testcases.oCalcPro">
    <skipped/>
  </testcase> <!-- verifyClickOnAnAnnouncement -->
  <system-out/>
  <testcase name="verify30daysbtnClickonGetStartedWithOcalcProcard" classname="com.OSMOSE.testcases.oCalcPro">
    <skipped/>
  </testcase> <!-- verify30daysbtnClickonGetStartedWithOcalcProcard -->
  <system-out/>
  <testcase name="verifyContentsOfTutorialLiveDemoLicensedUser" classname="com.OSMOSE.testcases.oCalcPro">
    <skipped/>
  </testcase> <!-- verifyContentsOfTutorialLiveDemoLicensedUser -->
  <system-out/>
  <testcase name="verifyPresenceOfTrainingOptionsCardLicensedUser" classname="com.OSMOSE.testcases.oCalcPro">
    <skipped/>
  </testcase> <!-- verifyPresenceOfTrainingOptionsCardLicensedUser -->
  <system-out/>
  <testcase name="verifyPresenceOfGetStartedWithOcalcPro" classname="com.OSMOSE.testcases.oCalcPro">
    <skipped/>
  </testcase> <!-- verifyPresenceOfGetStartedWithOcalcPro -->
  <system-out/>
  <testcase name="verifyRequestLicenseQuoteClick" classname="com.OSMOSE.testcases.oCalcPro">
    <skipped/>
  </testcase> <!-- verifyRequestLicenseQuoteClick -->
  <system-out/>
  <testcase name="verifyFAQClickLicensedUser" classname="com.OSMOSE.testcases.oCalcPro">
    <skipped/>
  </testcase> <!-- verifyFAQClickLicensedUser -->
  <system-out/>
  <testcase name="verifySubmitIssueClickLicensedUser" classname="com.OSMOSE.testcases.oCalcPro">
    <skipped/>
  </testcase> <!-- verifySubmitIssueClickLicensedUser -->
  <system-out/>
  <testcase name="verifyContentsOfKBCardLicensedUser" classname="com.OSMOSE.testcases.oCalcPro">
    <skipped/>
  </testcase> <!-- verifyContentsOfKBCardLicensedUser -->
  <system-out/>
  <testcase name="verifyPresenceOfTrainingOptionsCard" classname="com.OSMOSE.testcases.oCalcPro">
    <skipped/>
  </testcase> <!-- verifyPresenceOfTrainingOptionsCard -->
  <system-out/>
  <testcase name="verifyRequestCVTQuoteClickLicensedUser" classname="com.OSMOSE.testcases.oCalcPro">
    <skipped/>
  </testcase> <!-- verifyRequestCVTQuoteClickLicensedUser -->
  <system-out/>
  <testcase name="verifyContentsOfKBCard" classname="com.OSMOSE.testcases.oCalcPro">
    <skipped/>
  </testcase> <!-- verifyContentsOfKBCard -->
  <system-out/>
  <testcase name="verifyPresenceOfTutorialLiveDemoCardLicensedUser" classname="com.OSMOSE.testcases.oCalcPro">
    <skipped/>
  </testcase> <!-- verifyPresenceOfTutorialLiveDemoCardLicensedUser -->
  <system-out/>
  <testcase name="verify30daysbtnClickLicensedUser" classname="com.OSMOSE.testcases.oCalcPro">
    <skipped/>
  </testcase> <!-- verify30daysbtnClickLicensedUser -->
  <system-out/>
  <testcase name="verifyContentsOfLicenseMgmtLicensedUser" classname="com.OSMOSE.testcases.oCalcPro">
    <skipped/>
  </testcase> <!-- verifyContentsOfLicenseMgmtLicensedUser -->
  <system-out/>
  <testcase name="verifyPresenceOfLicenseMgmtCard" classname="com.OSMOSE.testcases.oCalcPro">
    <skipped/>
  </testcase> <!-- verifyPresenceOfLicenseMgmtCard -->
  <system-out/>
  <testcase name="verifyCCDetailsForNonOCalcProduct" classname="com.OSMOSE.testcases.oCalcPro">
    <skipped/>
  </testcase> <!-- verifyCCDetailsForNonOCalcProduct -->
  <system-out/>
  <testcase name="verifyRequestLicenseQuoteClickLicensedUser" classname="com.OSMOSE.testcases.oCalcPro">
    <skipped/>
  </testcase> <!-- verifyRequestLicenseQuoteClickLicensedUser -->
  <system-out/>
  <testcase name="verifyocalcSupportClickLicensedUser" classname="com.OSMOSE.testcases.oCalcPro">
    <skipped/>
  </testcase> <!-- verifyocalcSupportClickLicensedUser -->
  <system-out/>
  <testcase name="verifyClickOnAnAnnouncementLicensedUser" classname="com.OSMOSE.testcases.oCalcPro">
    <skipped/>
  </testcase> <!-- verifyClickOnAnAnnouncementLicensedUser -->
  <system-out/>
  <testcase name="verifyRequestQuoteForPrivateTrainingClassesClick" classname="com.OSMOSE.testcases.oCalcPro">
    <skipped/>
  </testcase> <!-- verifyRequestQuoteForPrivateTrainingClassesClick -->
  <system-out/>
</testsuite> <!-- com.OSMOSE.testcases.oCalcPro -->
