<?xml version="1.0" encoding="UTF-8"?>
<!-- Generated by org.testng.reporters.JUnitReportReporter -->
<testsuite skipped="0" hostname="5CG6323N27" name="com.OSMOSE.testcases.oCalcPro_Admin" tests="4" failures="0" timestamp="2020-11-17T21:28:55 IST" time="94.840" errors="0">
  <testcase name="loginTestAdmin" time="22.915" classname="com.OSMOSE.testcases.oCalcPro_Admin"/>
  <system-out>
Click to see Screenshot <a target="_blank" href=Tue_Nov_17_21_27_39_IST_2020.jpg>Screenshot</a> <br> <br> <a target="_blank" href=Tue_Nov_17_21_27_39_IST_2020.jpg><img src=Tue_Nov_17_21_27_39_IST_2020.jpg height=200 width=200></img></a>  </system-out>
  <testcase name="verifyoCalcProNavigationClick" time="18.682" classname="com.OSMOSE.testcases.oCalcPro_Admin"/>
  <system-out>
Click to see Screenshot <a target="_blank" href=Tue_Nov_17_21_27_58_IST_2020.jpg>Screenshot</a> <br> <br> <a target="_blank" href=Tue_Nov_17_21_27_58_IST_2020.jpg><img src=Tue_Nov_17_21_27_58_IST_2020.jpg height=200 width=200></img></a>  </system-out>
  <testcase name="verifyPresenceOfLicenseManagementAdmin" time="3.040" classname="com.OSMOSE.testcases.oCalcPro_Admin"/>
  <system-out>
Click to see Screenshot <a target="_blank" href=Tue_Nov_17_21_28_02_IST_2020.jpg>Screenshot</a> <br> <br> <a target="_blank" href=Tue_Nov_17_21_28_02_IST_2020.jpg><img src=Tue_Nov_17_21_28_02_IST_2020.jpg height=200 width=200></img></a>  </system-out>
  <testcase name="verifyLicenseManagementClickAdmin" time="50.203" classname="com.OSMOSE.testcases.oCalcPro_Admin"/>
  <system-out>
Click to see Screenshot <a target="_blank" href=Tue_Nov_17_21_28_52_IST_2020.jpg>Screenshot</a> <br> <br> <a target="_blank" href=Tue_Nov_17_21_28_52_IST_2020.jpg><img src=Tue_Nov_17_21_28_52_IST_2020.jpg height=200 width=200></img></a>  </system-out>
</testsuite> <!-- com.OSMOSE.testcases.oCalcPro_Admin -->
