<?xml version="1.0" encoding="UTF-8"?>
<!-- Generated by org.testng.reporters.JUnitReportReporter -->
<testsuite skipped="3" hostname="5CG6323N27" name="com.OSMOSE.testcases.Product" tests="88" failures="1" timestamp="2020-10-01T09:29:41 IST" time="1610.222" errors="1">
  <testcase name="verifyTheProductLink" time="4.319" classname="com.OSMOSE.testcases.Product"/>
  <system-out>
Click to see Screenshot <a target="_blank" href=Thu_Oct_01_09_02_18_IST_2020.jpg>Screenshot</a> <br> <br> <a target="_blank" href=Thu_Oct_01_09_02_18_IST_2020.jpg><img src=Thu_Oct_01_09_02_18_IST_2020.jpg height=200 width=200></img></a>  </system-out>
  <testcase name="searchElementPresent" time="50.040" classname="com.OSMOSE.testcases.Product"/>
  <system-out>
Click to see Screenshot <a target="_blank" href=Thu_Oct_01_09_03_09_IST_2020.jpg>Screenshot</a> <br> <br> <a target="_blank" href=Thu_Oct_01_09_03_09_IST_2020.jpg><img src=Thu_Oct_01_09_03_09_IST_2020.jpg height=200 width=200></img></a>  </system-out>
  <testcase name="catalogElementPresent" time="0.027" classname="com.OSMOSE.testcases.Product"/>
  <system-out>
Click to see Screenshot <a target="_blank" href=Thu_Oct_01_09_03_09_IST_2020.jpg>Screenshot</a> <br> <br> <a target="_blank" href=Thu_Oct_01_09_03_09_IST_2020.jpg><img src=Thu_Oct_01_09_03_09_IST_2020.jpg height=200 width=200></img></a>  </system-out>
  <testcase name="openMyQuotesElementPresent" time="0.027" classname="com.OSMOSE.testcases.Product"/>
  <system-out>
Click to see Screenshot <a target="_blank" href=Thu_Oct_01_09_03_09_IST_2020.jpg>Screenshot</a> <br> <br> <a target="_blank" href=Thu_Oct_01_09_03_09_IST_2020.jpg><img src=Thu_Oct_01_09_03_09_IST_2020.jpg height=200 width=200></img></a>  </system-out>
  <testcase name="shoppingCartElementPresent" time="0.064" classname="com.OSMOSE.testcases.Product"/>
  <system-out>
Click to see Screenshot <a target="_blank" href=Thu_Oct_01_09_03_10_IST_2020.jpg>Screenshot</a> <br> <br> <a target="_blank" href=Thu_Oct_01_09_03_10_IST_2020.jpg><img src=Thu_Oct_01_09_03_10_IST_2020.jpg height=200 width=200></img></a>  </system-out>
  <testcase name="adminElementPresent" time="0.043" classname="com.OSMOSE.testcases.Product"/>
  <system-out>
Click to see Screenshot <a target="_blank" href=Thu_Oct_01_09_03_10_IST_2020.jpg>Screenshot</a> <br> <br> <a target="_blank" href=Thu_Oct_01_09_03_10_IST_2020.jpg><img src=Thu_Oct_01_09_03_10_IST_2020.jpg height=200 width=200></img></a>  </system-out>
  <testcase name="viewDetailsElementPresent" time="0.026" classname="com.OSMOSE.testcases.Product"/>
  <system-out>
Click to see Screenshot <a target="_blank" href=Thu_Oct_01_09_03_11_IST_2020.jpg>Screenshot</a> <br> <br> <a target="_blank" href=Thu_Oct_01_09_03_11_IST_2020.jpg><img src=Thu_Oct_01_09_03_11_IST_2020.jpg height=200 width=200></img></a>  </system-out>
  <testcase name="allSixProductPresent" time="0.030" classname="com.OSMOSE.testcases.Product">
    <failure type="java.lang.AssertionError" message="expected [MP500-EXT速 Preservative Paste] but found [MP500-EXT速 Preservative Paste1]">
      <![CDATA[java.lang.AssertionError: expected [MP500-EXT速 Preservative Paste] but found [MP500-EXT速 Preservative Paste1]
at org.testng.Assert.fail(Assert.java:97)
at org.testng.Assert.assertEqualsImpl(Assert.java:136)
at org.testng.Assert.assertEquals(Assert.java:118)
at org.testng.Assert.assertEquals(Assert.java:575)
at org.testng.Assert.assertEquals(Assert.java:585)
at com.OSMOSE.testcases.Product.allSixProductPresent(Product.java:87)
at sun.reflect.NativeMethodAccessorImpl.invoke0(Native Method)
at sun.reflect.NativeMethodAccessorImpl.invoke(Unknown Source)
at sun.reflect.DelegatingMethodAccessorImpl.invoke(Unknown Source)
at java.lang.reflect.Method.invoke(Unknown Source)
at org.testng.internal.MethodInvocationHelper.invokeMethod(MethodInvocationHelper.java:134)
at org.testng.internal.TestInvoker.invokeMethod(TestInvoker.java:597)
at org.testng.internal.TestInvoker.invokeTestMethod(TestInvoker.java:173)
at org.testng.internal.MethodRunner.runInSequence(MethodRunner.java:46)
at org.testng.internal.TestInvoker$MethodInvocationAgent.invoke(TestInvoker.java:816)
at org.testng.internal.TestInvoker.invokeTestMethods(TestInvoker.java:146)
at org.testng.internal.TestMethodWorker.invokeTestMethods(TestMethodWorker.java:146)
at org.testng.internal.TestMethodWorker.run(TestMethodWorker.java:128)
at java.util.ArrayList.forEach(Unknown Source)
at org.testng.TestRunner.privateRun(TestRunner.java:766)
at org.testng.TestRunner.run(TestRunner.java:587)
at org.testng.SuiteRunner.runTest(SuiteRunner.java:384)
at org.testng.SuiteRunner.runSequentially(SuiteRunner.java:378)
at org.testng.SuiteRunner.privateRun(SuiteRunner.java:337)
at org.testng.SuiteRunner.run(SuiteRunner.java:286)
at org.testng.SuiteRunnerWorker.runSuite(SuiteRunnerWorker.java:53)
at org.testng.SuiteRunnerWorker.run(SuiteRunnerWorker.java:96)
at org.testng.TestNG.runSuitesSequentially(TestNG.java:1187)
at org.testng.TestNG.runSuitesLocally(TestNG.java:1109)
at org.testng.TestNG.runSuites(TestNG.java:1039)
at org.testng.TestNG.run(TestNG.java:1007)
at org.testng.remote.AbstractRemoteTestNG.run(AbstractRemoteTestNG.java:115)
at org.testng.remote.RemoteTestNG.initAndRun(RemoteTestNG.java:251)
at org.testng.remote.RemoteTestNG.main(RemoteTestNG.java:77)
]]>
    </failure>
  </testcase> <!-- allSixProductPresent -->
  <system-out>
Click to see Screenshot <a target="_blank" href=Thu_Oct_01_09_03_11_IST_2020.jpg>Screenshot</a> <br> <br> <a target="_blank" href=Thu_Oct_01_09_03_11_IST_2020.jpg><img src=Thu_Oct_01_09_03_11_IST_2020.jpg height=200 width=200></img></a>  </system-out>
  <testcase name="sliderItemPresent" time="50.014" classname="com.OSMOSE.testcases.Product">
    <error type="org.openqa.selenium.NoSuchElementException" message="no such element: Unable to locate element: {&quot;method&quot;:&quot;xpath&quot;,&quot;selector&quot;:&quot;//*[@id=&quot;featuredProductSlider&quot;]/div/button[2]&quot;}
  (Session info: chrome=85.0.4183.102)
For documentation on this error, please visit: http://seleniumhq.org/exceptions/no_such_element.html
Build info: version: &#039;3.14.0&#039;, revision: &#039;aacccce0&#039;, time: &#039;2018-08-02T20:19:58.91Z&#039;
System info: host: &#039;5CG6323N27&#039;, ip: &#039;192.168.0.11&#039;, os.name: &#039;Windows 10&#039;, os.arch: &#039;amd64&#039;, os.version: &#039;10.0&#039;, java.version: &#039;1.8.0_191&#039;
Driver info: org.openqa.selenium.chrome.ChromeDriver
Capabilities {acceptInsecureCerts: false, browserName: chrome, browserVersion: 85.0.4183.102, chrome: {chromedriverVersion: 85.0.4183.87 (cd6713ebf92fa..., userDataDir: C:\Windows\Temp\scoped_dir1...}, goog:chromeOptions: {debuggerAddress: localhost:61360}, javascriptEnabled: true, networkConnectionEnabled: false, pageLoadStrategy: none, platform: WINDOWS, platformName: WINDOWS, proxy: Proxy(), setWindowRect: true, strictFileInteractability: false, timeouts: {implicit: 0, pageLoad: 300000, script: 30000}, unhandledPromptBehavior: dismiss and notify, webauthn:virtualAuthenticators: true}
Session ID: bb895423b074cbd99f64e6e76870925f
*** Element info: {Using=xpath, value=//*[@id=&quot;featuredProductSlider&quot;]/div/button[2]}">
      <![CDATA[org.openqa.selenium.NoSuchElementException: no such element: Unable to locate element: {"method":"xpath","selector":"//*[@id="featuredProductSlider"]/div/button[2]"}
  (Session info: chrome=85.0.4183.102)
For documentation on this error, please visit: http://seleniumhq.org/exceptions/no_such_element.html
Build info: version: '3.14.0', revision: 'aacccce0', time: '2018-08-02T20:19:58.91Z'
System info: host: '5CG6323N27', ip: '192.168.0.11', os.name: 'Windows 10', os.arch: 'amd64', os.version: '10.0', java.version: '1.8.0_191'
Driver info: org.openqa.selenium.chrome.ChromeDriver
Capabilities {acceptInsecureCerts: false, browserName: chrome, browserVersion: 85.0.4183.102, chrome: {chromedriverVersion: 85.0.4183.87 (cd6713ebf92fa..., userDataDir: C:\Windows\Temp\scoped_dir1...}, goog:chromeOptions: {debuggerAddress: localhost:61360}, javascriptEnabled: true, networkConnectionEnabled: false, pageLoadStrategy: none, platform: WINDOWS, platformName: WINDOWS, proxy: Proxy(), setWindowRect: true, strictFileInteractability: false, timeouts: {implicit: 0, pageLoad: 300000, script: 30000}, unhandledPromptBehavior: dismiss and notify, webauthn:virtualAuthenticators: true}
Session ID: bb895423b074cbd99f64e6e76870925f
*** Element info: {Using=xpath, value=//*[@id="featuredProductSlider"]/div/button[2]}
at sun.reflect.NativeConstructorAccessorImpl.newInstance0(Native Method)
at sun.reflect.NativeConstructorAccessorImpl.newInstance(Unknown Source)
at sun.reflect.DelegatingConstructorAccessorImpl.newInstance(Unknown Source)
at java.lang.reflect.Constructor.newInstance(Unknown Source)
at org.openqa.selenium.remote.http.W3CHttpResponseCodec.createException(W3CHttpResponseCodec.java:187)
at org.openqa.selenium.remote.http.W3CHttpResponseCodec.decode(W3CHttpResponseCodec.java:122)
at org.openqa.selenium.remote.http.W3CHttpResponseCodec.decode(W3CHttpResponseCodec.java:49)
at org.openqa.selenium.remote.HttpCommandExecutor.execute(HttpCommandExecutor.java:158)
at org.openqa.selenium.remote.service.DriverCommandExecutor.execute(DriverCommandExecutor.java:83)
at org.openqa.selenium.remote.RemoteWebDriver.execute(RemoteWebDriver.java:548)
at org.openqa.selenium.remote.RemoteWebDriver.findElement(RemoteWebDriver.java:322)
at org.openqa.selenium.remote.RemoteWebDriver.findElementByXPath(RemoteWebDriver.java:424)
at org.openqa.selenium.By$ByXPath.findElement(By.java:353)
at org.openqa.selenium.remote.RemoteWebDriver.findElement(RemoteWebDriver.java:314)
at com.OSMOSE.base.Page.click(Page.java:180)
at com.OSMOSE.testcases.Product.sliderItemPresent(Product.java:95)
at sun.reflect.NativeMethodAccessorImpl.invoke0(Native Method)
at sun.reflect.NativeMethodAccessorImpl.invoke(Unknown Source)
at sun.reflect.DelegatingMethodAccessorImpl.invoke(Unknown Source)
at java.lang.reflect.Method.invoke(Unknown Source)
at org.testng.internal.MethodInvocationHelper.invokeMethod(MethodInvocationHelper.java:134)
at org.testng.internal.TestInvoker.invokeMethod(TestInvoker.java:597)
at org.testng.internal.TestInvoker.invokeTestMethod(TestInvoker.java:173)
at org.testng.internal.MethodRunner.runInSequence(MethodRunner.java:46)
at org.testng.internal.TestInvoker$MethodInvocationAgent.invoke(TestInvoker.java:816)
at org.testng.internal.TestInvoker.invokeTestMethods(TestInvoker.java:146)
at org.testng.internal.TestMethodWorker.invokeTestMethods(TestMethodWorker.java:146)
at org.testng.internal.TestMethodWorker.run(TestMethodWorker.java:128)
at java.util.ArrayList.forEach(Unknown Source)
at org.testng.TestRunner.privateRun(TestRunner.java:766)
at org.testng.TestRunner.run(TestRunner.java:587)
at org.testng.SuiteRunner.runTest(SuiteRunner.java:384)
at org.testng.SuiteRunner.runSequentially(SuiteRunner.java:378)
at org.testng.SuiteRunner.privateRun(SuiteRunner.java:337)
at org.testng.SuiteRunner.run(SuiteRunner.java:286)
at org.testng.SuiteRunnerWorker.runSuite(SuiteRunnerWorker.java:53)
at org.testng.SuiteRunnerWorker.run(SuiteRunnerWorker.java:96)
at org.testng.TestNG.runSuitesSequentially(TestNG.java:1187)
at org.testng.TestNG.runSuitesLocally(TestNG.java:1109)
at org.testng.TestNG.runSuites(TestNG.java:1039)
at org.testng.TestNG.run(TestNG.java:1007)
at org.testng.remote.AbstractRemoteTestNG.run(AbstractRemoteTestNG.java:115)
at org.testng.remote.RemoteTestNG.initAndRun(RemoteTestNG.java:251)
at org.testng.remote.RemoteTestNG.main(RemoteTestNG.java:77)
]]>
    </error>
  </testcase> <!-- sliderItemPresent -->
  <system-out>
Click to see Screenshot <a target="_blank" href=Thu_Oct_01_09_04_01_IST_2020.jpg>Screenshot</a> <br> <br> <a target="_blank" href=Thu_Oct_01_09_04_01_IST_2020.jpg><img src=Thu_Oct_01_09_04_01_IST_2020.jpg height=200 width=200></img></a>  </system-out>
  <testcase name="verifyCategoryFilter" time="50.010" classname="com.OSMOSE.testcases.Product"/>
  <system-out>
Click to see Screenshot <a target="_blank" href=Thu_Oct_01_09_04_52_IST_2020.jpg>Screenshot</a> <br> <br> <a target="_blank" href=Thu_Oct_01_09_04_52_IST_2020.jpg><img src=Thu_Oct_01_09_04_52_IST_2020.jpg height=200 width=200></img></a>  </system-out>
  <testcase name="VerifyFPImageClick" time="51.530" classname="com.OSMOSE.testcases.Product"/>
  <system-out>
Click to see Screenshot <a target="_blank" href=Thu_Oct_01_09_05_44_IST_2020.jpg>Screenshot</a> <br> <br> <a target="_blank" href=Thu_Oct_01_09_05_44_IST_2020.jpg><img src=Thu_Oct_01_09_05_44_IST_2020.jpg height=200 width=200></img></a>  </system-out>
  <testcase name="verifyViewDetail" time="8.374" classname="com.OSMOSE.testcases.Product"/>
  <system-out>
Click to see Screenshot <a target="_blank" href=Thu_Oct_01_09_05_53_IST_2020.jpg>Screenshot</a> <br> <br> <a target="_blank" href=Thu_Oct_01_09_05_53_IST_2020.jpg><img src=Thu_Oct_01_09_05_53_IST_2020.jpg height=200 width=200></img></a>  </system-out>
  <testcase name="VerifyProductclick" time="14.663" classname="com.OSMOSE.testcases.Product"/>
  <system-out>
Click to see Screenshot <a target="_blank" href=Thu_Oct_01_09_06_08_IST_2020.jpg>Screenshot</a> <br> <br> <a target="_blank" href=Thu_Oct_01_09_06_08_IST_2020.jpg><img src=Thu_Oct_01_09_06_08_IST_2020.jpg height=200 width=200></img></a>  </system-out>
  <testcase name="AddQuantityandverifyCellNumber" time="17.825" classname="com.OSMOSE.testcases.Product"/>
  <system-out>
Click to see Screenshot <a target="_blank" href=Thu_Oct_01_09_06_26_IST_2020.jpg>Screenshot</a> <br> <br> <a target="_blank" href=Thu_Oct_01_09_06_26_IST_2020.jpg><img src=Thu_Oct_01_09_06_26_IST_2020.jpg height=200 width=200></img></a>  </system-out>
  <testcase name="FeaturedProductPoleRestoration" time="11.961" classname="com.OSMOSE.testcases.Product"/>
  <system-out>
Click to see Screenshot <a target="_blank" href=Thu_Oct_01_09_06_39_IST_2020.jpg>Screenshot</a> <br> <br> <a target="_blank" href=Thu_Oct_01_09_06_39_IST_2020.jpg><img src=Thu_Oct_01_09_06_39_IST_2020.jpg height=200 width=200></img></a>  </system-out>
  <testcase name="verifyTheSearchfirstname" time="13.767" classname="com.OSMOSE.testcases.Product"/>
  <system-out>
Click to see Screenshot <a target="_blank" href=Thu_Oct_01_09_06_53_IST_2020.jpg>Screenshot</a> <br> <br> <a target="_blank" href=Thu_Oct_01_09_06_53_IST_2020.jpg><img src=Thu_Oct_01_09_06_53_IST_2020.jpg height=200 width=200></img></a>  </system-out>
  <testcase name="verifyTheSearchFullname" time="12.432" classname="com.OSMOSE.testcases.Product"/>
  <system-out>
Click to see Screenshot <a target="_blank" href=Thu_Oct_01_09_07_06_IST_2020.jpg>Screenshot</a> <br> <br> <a target="_blank" href=Thu_Oct_01_09_07_06_IST_2020.jpg><img src=Thu_Oct_01_09_07_06_IST_2020.jpg height=200 width=200></img></a>  </system-out>
  <testcase name="verifyTheSearchOneAlphabet" time="22.270" classname="com.OSMOSE.testcases.Product"/>
  <system-out>
Click to see Screenshot <a target="_blank" href=Thu_Oct_01_09_07_28_IST_2020.jpg>Screenshot</a> <br> <br> <a target="_blank" href=Thu_Oct_01_09_07_28_IST_2020.jpg><img src=Thu_Oct_01_09_07_28_IST_2020.jpg height=200 width=200></img></a>  </system-out>
  <testcase name="verifyTheSearchCrossButton" time="14.304" classname="com.OSMOSE.testcases.Product"/>
  <system-out>
Click to see Screenshot <a target="_blank" href=Thu_Oct_01_09_07_43_IST_2020.jpg>Screenshot</a> <br> <br> <a target="_blank" href=Thu_Oct_01_09_07_43_IST_2020.jpg><img src=Thu_Oct_01_09_07_43_IST_2020.jpg height=200 width=200></img></a>  </system-out>
  <testcase name="verifyTheValidationmessage" time="13.307" classname="com.OSMOSE.testcases.Product"/>
  <system-out>
Click to see Screenshot <a target="_blank" href=Thu_Oct_01_09_07_57_IST_2020.jpg>Screenshot</a> <br> <br> <a target="_blank" href=Thu_Oct_01_09_07_57_IST_2020.jpg><img src=Thu_Oct_01_09_07_57_IST_2020.jpg height=200 width=200></img></a>  </system-out>
  <testcase name="ReturnPolicy" time="10.091" classname="com.OSMOSE.testcases.Product"/>
  <system-out>
Click to see Screenshot <a target="_blank" href=Thu_Oct_01_09_08_07_IST_2020.jpg>Screenshot</a> <br> <br> <a target="_blank" href=Thu_Oct_01_09_08_07_IST_2020.jpg><img src=Thu_Oct_01_09_08_07_IST_2020.jpg height=200 width=200></img></a>  </system-out>
  <testcase name="verifyAddShoppingCarttext" time="17.909" classname="com.OSMOSE.testcases.Product"/>
  <system-out>
Click to see Screenshot <a target="_blank" href=Thu_Oct_01_09_08_26_IST_2020.jpg>Screenshot</a> <br> <br> <a target="_blank" href=Thu_Oct_01_09_08_26_IST_2020.jpg><img src=Thu_Oct_01_09_08_26_IST_2020.jpg height=200 width=200></img></a>  </system-out>
  <testcase name="AddShoppingCart" time="5.281" classname="com.OSMOSE.testcases.Product"/>
  <system-out>
Click to see Screenshot <a target="_blank" href=Thu_Oct_01_09_08_31_IST_2020.jpg>Screenshot</a> <br> <br> <a target="_blank" href=Thu_Oct_01_09_08_31_IST_2020.jpg><img src=Thu_Oct_01_09_08_31_IST_2020.jpg height=200 width=200></img></a>  </system-out>
  <testcase name="VerifyCrossicononhoppingCart" time="1.031" classname="com.OSMOSE.testcases.Product"/>
  <system-out>
Click to see Screenshot <a target="_blank" href=Thu_Oct_01_09_08_33_IST_2020.jpg>Screenshot</a> <br> <br> <a target="_blank" href=Thu_Oct_01_09_08_33_IST_2020.jpg><img src=Thu_Oct_01_09_08_33_IST_2020.jpg height=200 width=200></img></a>  </system-out>
  <testcase name="VerifyCrossicononhoppingCart_Differentitem" time="9.261" classname="com.OSMOSE.testcases.Product"/>
  <system-out>
Click to see Screenshot <a target="_blank" href=Thu_Oct_01_09_08_42_IST_2020.jpg>Screenshot</a> <br> <br> <a target="_blank" href=Thu_Oct_01_09_08_42_IST_2020.jpg><img src=Thu_Oct_01_09_08_42_IST_2020.jpg height=200 width=200></img></a>  </system-out>
  <testcase name="VerifyAddShopping_Sameitem" time="8.402" classname="com.OSMOSE.testcases.Product"/>
  <system-out>
Click to see Screenshot <a target="_blank" href=Thu_Oct_01_09_08_51_IST_2020.jpg>Screenshot</a> <br> <br> <a target="_blank" href=Thu_Oct_01_09_08_51_IST_2020.jpg><img src=Thu_Oct_01_09_08_51_IST_2020.jpg height=200 width=200></img></a>  </system-out>
  <testcase name="DeleteQuanityinShoppingCart" time="4.988" classname="com.OSMOSE.testcases.Product"/>
  <system-out>
Click to see Screenshot <a target="_blank" href=Thu_Oct_01_09_08_57_IST_2020.jpg>Screenshot</a> <br> <br> <a target="_blank" href=Thu_Oct_01_09_08_57_IST_2020.jpg><img src=Thu_Oct_01_09_08_57_IST_2020.jpg height=200 width=200></img></a>  </system-out>
  <testcase name="UpdateIncreaseQuanityinShoppingCart" time="12.076" classname="com.OSMOSE.testcases.Product"/>
  <system-out>
Click to see Screenshot <a target="_blank" href=Thu_Oct_01_09_09_09_IST_2020.jpg>Screenshot</a> <br> <br> <a target="_blank" href=Thu_Oct_01_09_09_09_IST_2020.jpg><img src=Thu_Oct_01_09_09_09_IST_2020.jpg height=200 width=200></img></a>  </system-out>
  <testcase name="UpdateDecreaseQuanityinShoppingCart" time="28.373" classname="com.OSMOSE.testcases.Product"/>
  <system-out>
Click to see Screenshot <a target="_blank" href=Thu_Oct_01_09_09_38_IST_2020.jpg>Screenshot</a> <br> <br> <a target="_blank" href=Thu_Oct_01_09_09_38_IST_2020.jpg><img src=Thu_Oct_01_09_09_38_IST_2020.jpg height=200 width=200></img></a>  </system-out>
  <testcase name="CreateQuote" time="8.389" classname="com.OSMOSE.testcases.Product"/>
  <system-out>
Click to see Screenshot <a target="_blank" href=Thu_Oct_01_09_09_46_IST_2020.jpg>Screenshot</a> <br> <br> <a target="_blank" href=Thu_Oct_01_09_09_46_IST_2020.jpg><img src=Thu_Oct_01_09_09_46_IST_2020.jpg height=200 width=200></img></a>  </system-out>
  <testcase name="CreateQuote_Comments" time="8.299" classname="com.OSMOSE.testcases.Product"/>
  <system-out>
Click to see Screenshot <a target="_blank" href=Thu_Oct_01_09_09_55_IST_2020.jpg>Screenshot</a> <br> <br> <a target="_blank" href=Thu_Oct_01_09_09_55_IST_2020.jpg><img src=Thu_Oct_01_09_09_55_IST_2020.jpg height=200 width=200></img></a>  </system-out>
  <testcase name="CreateQuote_ZipCode" time="8.169" classname="com.OSMOSE.testcases.Product"/>
  <system-out>
Click to see Screenshot <a target="_blank" href=Thu_Oct_01_09_10_04_IST_2020.jpg>Screenshot</a> <br> <br> <a target="_blank" href=Thu_Oct_01_09_10_04_IST_2020.jpg><img src=Thu_Oct_01_09_10_04_IST_2020.jpg height=200 width=200></img></a>  </system-out>
  <testcase name="CreateQuote_Attachment" time="9.468" classname="com.OSMOSE.testcases.Product"/>
  <system-out>
Click to see Screenshot <a target="_blank" href=Thu_Oct_01_09_10_13_IST_2020.jpg>Screenshot</a> <br> <br> <a target="_blank" href=Thu_Oct_01_09_10_13_IST_2020.jpg><img src=Thu_Oct_01_09_10_13_IST_2020.jpg height=200 width=200></img></a>  </system-out>
  <testcase name="ClickShoppingCartIcon" time="10.582" classname="com.OSMOSE.testcases.Product"/>
  <system-out>
Click to see Screenshot <a target="_blank" href=Thu_Oct_01_09_10_24_IST_2020.jpg>Screenshot</a> <br> <br> <a target="_blank" href=Thu_Oct_01_09_10_24_IST_2020.jpg><img src=Thu_Oct_01_09_10_24_IST_2020.jpg height=200 width=200></img></a>  </system-out>
  <testcase name="ClickShoppingViewCartbutton" time="8.064" classname="com.OSMOSE.testcases.Product"/>
  <system-out>
Click to see Screenshot <a target="_blank" href=Thu_Oct_01_09_10_33_IST_2020.jpg>Screenshot</a> <br> <br> <a target="_blank" href=Thu_Oct_01_09_10_33_IST_2020.jpg><img src=Thu_Oct_01_09_10_33_IST_2020.jpg height=200 width=200></img></a>  </system-out>
  <testcase name="ClickShoppingSubmitCartbutton" time="8.480" classname="com.OSMOSE.testcases.Product"/>
  <system-out>
Click to see Screenshot <a target="_blank" href=Thu_Oct_01_09_10_41_IST_2020.jpg>Screenshot</a> <br> <br> <a target="_blank" href=Thu_Oct_01_09_10_41_IST_2020.jpg><img src=Thu_Oct_01_09_10_41_IST_2020.jpg height=200 width=200></img></a>  </system-out>
  <testcase name="verifyUpdatedQuantityOnOverlay" time="10.573" classname="com.OSMOSE.testcases.Product"/>
  <system-out>
Click to see Screenshot <a target="_blank" href=Thu_Oct_01_09_10_52_IST_2020.jpg>Screenshot</a> <br> <br> <a target="_blank" href=Thu_Oct_01_09_10_52_IST_2020.jpg><img src=Thu_Oct_01_09_10_52_IST_2020.jpg height=200 width=200></img></a>  </system-out>
  <testcase name="MyQuotes_96421" time="6.699" classname="com.OSMOSE.testcases.Product"/>
  <system-out>
Click to see Screenshot <a target="_blank" href=Thu_Oct_01_09_11_00_IST_2020.jpg>Screenshot</a> <br> <br> <a target="_blank" href=Thu_Oct_01_09_11_00_IST_2020.jpg><img src=Thu_Oct_01_09_11_00_IST_2020.jpg height=200 width=200></img></a>  </system-out>
  <testcase name="verifyStatusFilterAll" time="12.850" classname="com.OSMOSE.testcases.Product"/>
  <system-out>
Click to see Screenshot <a target="_blank" href=Thu_Oct_01_09_11_13_IST_2020.jpg>Screenshot</a> <br> <br> <a target="_blank" href=Thu_Oct_01_09_11_13_IST_2020.jpg><img src=Thu_Oct_01_09_11_13_IST_2020.jpg height=200 width=200></img></a>  </system-out>
  <testcase name="verifyStatusFilterExpired" time="14.847" classname="com.OSMOSE.testcases.Product"/>
  <system-out>
Click to see Screenshot <a target="_blank" href=Thu_Oct_01_09_11_28_IST_2020.jpg>Screenshot</a> <br> <br> <a target="_blank" href=Thu_Oct_01_09_11_28_IST_2020.jpg><img src=Thu_Oct_01_09_11_28_IST_2020.jpg height=200 width=200></img></a>  </system-out>
  <testcase name="verifyStatusFilterOrdered" time="16.846" classname="com.OSMOSE.testcases.Product"/>
  <system-out>
Click to see Screenshot <a target="_blank" href=Thu_Oct_01_09_11_45_IST_2020.jpg>Screenshot</a> <br> <br> <a target="_blank" href=Thu_Oct_01_09_11_45_IST_2020.jpg><img src=Thu_Oct_01_09_11_45_IST_2020.jpg height=200 width=200></img></a>  </system-out>
  <testcase name="verifyStatusFilterQuoted" time="16.827" classname="com.OSMOSE.testcases.Product"/>
  <system-out>
Click to see Screenshot <a target="_blank" href=Thu_Oct_01_09_12_03_IST_2020.jpg>Screenshot</a> <br> <br> <a target="_blank" href=Thu_Oct_01_09_12_03_IST_2020.jpg><img src=Thu_Oct_01_09_12_03_IST_2020.jpg height=200 width=200></img></a>  </system-out>
  <testcase name="verifyStatusFilterQuotePending" time="17.003" classname="com.OSMOSE.testcases.Product"/>
  <system-out>
Click to see Screenshot <a target="_blank" href=Thu_Oct_01_09_12_20_IST_2020.jpg>Screenshot</a> <br> <br> <a target="_blank" href=Thu_Oct_01_09_12_20_IST_2020.jpg><img src=Thu_Oct_01_09_12_20_IST_2020.jpg height=200 width=200></img></a>  </system-out>
  <testcase name="verifyStatusFilterCancelled" time="16.846" classname="com.OSMOSE.testcases.Product"/>
  <system-out>
Click to see Screenshot <a target="_blank" href=Thu_Oct_01_09_12_38_IST_2020.jpg>Screenshot</a> <br> <br> <a target="_blank" href=Thu_Oct_01_09_12_38_IST_2020.jpg><img src=Thu_Oct_01_09_12_38_IST_2020.jpg height=200 width=200></img></a>  </system-out>
  <testcase name="verifyStatusFilterOrderRequested" time="14.829" classname="com.OSMOSE.testcases.Product"/>
  <system-out>
Click to see Screenshot <a target="_blank" href=Thu_Oct_01_09_12_53_IST_2020.jpg>Screenshot</a> <br> <br> <a target="_blank" href=Thu_Oct_01_09_12_53_IST_2020.jpg><img src=Thu_Oct_01_09_12_53_IST_2020.jpg height=200 width=200></img></a>  </system-out>
  <testcase name="SortBydd" time="9.234" classname="com.OSMOSE.testcases.Product"/>
  <system-out>
Click to see Screenshot <a target="_blank" href=Thu_Oct_01_09_13_02_IST_2020.jpg>Screenshot</a> <br> <br> <a target="_blank" href=Thu_Oct_01_09_13_02_IST_2020.jpg><img src=Thu_Oct_01_09_13_02_IST_2020.jpg height=200 width=200></img></a>  </system-out>
  <testcase name="HomepageCarticon" time="14.297" classname="com.OSMOSE.testcases.Product"/>
  <system-out>
Click to see Screenshot <a target="_blank" href=Thu_Oct_01_09_13_17_IST_2020.jpg>Screenshot</a> <br> <br> <a target="_blank" href=Thu_Oct_01_09_13_17_IST_2020.jpg><img src=Thu_Oct_01_09_13_17_IST_2020.jpg height=200 width=200></img></a>  </system-out>
  <testcase name="ClickManageQuotesLink" time="3.437" classname="com.OSMOSE.testcases.Product"/>
  <system-out>
Click to see Screenshot <a target="_blank" href=Thu_Oct_01_09_13_21_IST_2020.jpg>Screenshot</a> <br> <br> <a target="_blank" href=Thu_Oct_01_09_13_21_IST_2020.jpg><img src=Thu_Oct_01_09_13_21_IST_2020.jpg height=200 width=200></img></a>  </system-out>
  <testcase name="VerifyUIonClickQuoteID" time="4.466" classname="com.OSMOSE.testcases.Product"/>
  <system-out>
Click to see Screenshot <a target="_blank" href=Thu_Oct_01_09_13_26_IST_2020.jpg>Screenshot</a> <br> <br> <a target="_blank" href=Thu_Oct_01_09_13_26_IST_2020.jpg><img src=Thu_Oct_01_09_13_26_IST_2020.jpg height=200 width=200></img></a>  </system-out>
  <testcase name="SubmitQuotewithOrderedstatus" time="9.620" classname="com.OSMOSE.testcases.Product"/>
  <system-out>
Click to see Screenshot <a target="_blank" href=Thu_Oct_01_09_13_36_IST_2020.jpg>Screenshot</a> <br> <br> <a target="_blank" href=Thu_Oct_01_09_13_36_IST_2020.jpg><img src=Thu_Oct_01_09_13_36_IST_2020.jpg height=200 width=200></img></a>  </system-out>
  <testcase name="SubmitQuotewithQuotePendingstatus" time="18.692" classname="com.OSMOSE.testcases.Product"/>
  <system-out>
Click to see Screenshot <a target="_blank" href=Thu_Oct_01_09_13_55_IST_2020.jpg>Screenshot</a> <br> <br> <a target="_blank" href=Thu_Oct_01_09_13_55_IST_2020.jpg><img src=Thu_Oct_01_09_13_55_IST_2020.jpg height=200 width=200></img></a>  </system-out>
  <testcase name="SubmitQuotewithMoreThan20mbFile" time="27.451" classname="com.OSMOSE.testcases.Product"/>
  <system-out>
Click to see Screenshot <a target="_blank" href=Thu_Oct_01_09_14_23_IST_2020.jpg>Screenshot</a> <br> <br> <a target="_blank" href=Thu_Oct_01_09_14_23_IST_2020.jpg><img src=Thu_Oct_01_09_14_23_IST_2020.jpg height=200 width=200></img></a>  </system-out>
  <testcase name="SubmitQuotewithInvalidFileType" time="25.364" classname="com.OSMOSE.testcases.Product"/>
  <system-out>
Click to see Screenshot <a target="_blank" href=Thu_Oct_01_09_14_48_IST_2020.jpg>Screenshot</a> <br> <br> <a target="_blank" href=Thu_Oct_01_09_14_48_IST_2020.jpg><img src=Thu_Oct_01_09_14_48_IST_2020.jpg height=200 width=200></img></a>  </system-out>
  <testcase name="SubmitQuotewithQuoteCancelledstatus" time="12.498" classname="com.OSMOSE.testcases.Product"/>
  <system-out>
Click to see Screenshot <a target="_blank" href=Thu_Oct_01_09_15_01_IST_2020.jpg>Screenshot</a> <br> <br> <a target="_blank" href=Thu_Oct_01_09_15_01_IST_2020.jpg><img src=Thu_Oct_01_09_15_01_IST_2020.jpg height=200 width=200></img></a>  </system-out>
  <testcase name="SubmitQuotewithQuotedstatus" time="31.946" classname="com.OSMOSE.testcases.Product"/>
  <system-out>
Click to see Screenshot <a target="_blank" href=Thu_Oct_01_09_15_33_IST_2020.jpg>Screenshot</a> <br> <br> <a target="_blank" href=Thu_Oct_01_09_15_33_IST_2020.jpg><img src=Thu_Oct_01_09_15_33_IST_2020.jpg height=200 width=200></img></a>  </system-out>
  <testcase name="SubmitQuotewithOrderRequestedstatus" time="9.247" classname="com.OSMOSE.testcases.Product"/>
  <system-out>
Click to see Screenshot <a target="_blank" href=Thu_Oct_01_09_15_43_IST_2020.jpg>Screenshot</a> <br> <br> <a target="_blank" href=Thu_Oct_01_09_15_43_IST_2020.jpg><img src=Thu_Oct_01_09_15_43_IST_2020.jpg height=200 width=200></img></a>  </system-out>
  <testcase name="SubmitQuotewithExpiredstatus" time="9.204" classname="com.OSMOSE.testcases.Product"/>
  <system-out>
Click to see Screenshot <a target="_blank" href=Thu_Oct_01_09_15_53_IST_2020.jpg>Screenshot</a> <br> <br> <a target="_blank" href=Thu_Oct_01_09_15_53_IST_2020.jpg><img src=Thu_Oct_01_09_15_53_IST_2020.jpg height=200 width=200></img></a>  </system-out>
  <testcase name="ClickManageProducts" time="2.271" classname="com.OSMOSE.testcases.Product"/>
  <system-out>
Click to see Screenshot <a target="_blank" href=Thu_Oct_01_09_15_55_IST_2020.jpg>Screenshot</a> <br> <br> <a target="_blank" href=Thu_Oct_01_09_15_55_IST_2020.jpg><img src=Thu_Oct_01_09_15_55_IST_2020.jpg height=200 width=200></img></a>  </system-out>
  <testcase name="ClickDownloadProducts" time="7.189" classname="com.OSMOSE.testcases.Product"/>
  <system-out>
Click to see Screenshot <a target="_blank" href=Thu_Oct_01_09_16_03_IST_2020.jpg>Screenshot</a> <br> <br> <a target="_blank" href=Thu_Oct_01_09_16_03_IST_2020.jpg><img src=Thu_Oct_01_09_16_03_IST_2020.jpg height=200 width=200></img></a>  </system-out>
  <testcase name="ClickProductsinReview" time="2.160" classname="com.OSMOSE.testcases.Product"/>
  <system-out>
Click to see Screenshot <a target="_blank" href=Thu_Oct_01_09_16_05_IST_2020.jpg>Screenshot</a> <br> <br> <a target="_blank" href=Thu_Oct_01_09_16_05_IST_2020.jpg><img src=Thu_Oct_01_09_16_05_IST_2020.jpg height=200 width=200></img></a>  </system-out>
  <testcase name="ClickReview" time="7.856" classname="com.OSMOSE.testcases.Product"/>
  <system-out>
Click to see Screenshot <a target="_blank" href=Thu_Oct_01_09_16_14_IST_2020.jpg>Screenshot</a> <br> <br> <a target="_blank" href=Thu_Oct_01_09_16_14_IST_2020.jpg><img src=Thu_Oct_01_09_16_14_IST_2020.jpg height=200 width=200></img></a>  </system-out>
  <testcase name="ClickApprove" time="9.230" classname="com.OSMOSE.testcases.Product"/>
  <system-out>
Click to see Screenshot <a target="_blank" href=Thu_Oct_01_09_16_23_IST_2020.jpg>Screenshot</a> <br> <br> <a target="_blank" href=Thu_Oct_01_09_16_23_IST_2020.jpg><img src=Thu_Oct_01_09_16_23_IST_2020.jpg height=200 width=200></img></a>  </system-out>
  <testcase name="ClickReject" time="9.346" classname="com.OSMOSE.testcases.Product"/>
  <system-out>
Click to see Screenshot <a target="_blank" href=Thu_Oct_01_09_16_33_IST_2020.jpg>Screenshot</a> <br> <br> <a target="_blank" href=Thu_Oct_01_09_16_33_IST_2020.jpg><img src=Thu_Oct_01_09_16_33_IST_2020.jpg height=200 width=200></img></a>  </system-out>
  <testcase name="ClickUploadProducts" time="10.351" classname="com.OSMOSE.testcases.Product"/>
  <system-out>
Click to see Screenshot <a target="_blank" href=Thu_Oct_01_09_16_44_IST_2020.jpg>Screenshot</a> <br> <br> <a target="_blank" href=Thu_Oct_01_09_16_44_IST_2020.jpg><img src=Thu_Oct_01_09_16_44_IST_2020.jpg height=200 width=200></img></a>  </system-out>
  <testcase name="ClickDictionaryLink" time="39.976" classname="com.OSMOSE.testcases.Product"/>
  <system-out>
Click to see Screenshot <a target="_blank" href=Thu_Oct_01_09_17_24_IST_2020.jpg>Screenshot</a> <br> <br> <a target="_blank" href=Thu_Oct_01_09_17_24_IST_2020.jpg><img src=Thu_Oct_01_09_17_24_IST_2020.jpg height=200 width=200></img></a>  </system-out>
  <testcase name="VerifyUIonApprove" time="113.613" classname="com.OSMOSE.testcases.Product"/>
  <system-out>
Click to see Screenshot <a target="_blank" href=Thu_Oct_01_09_19_18_IST_2020.jpg>Screenshot</a> <br> <br> <a target="_blank" href=Thu_Oct_01_09_19_18_IST_2020.jpg><img src=Thu_Oct_01_09_19_18_IST_2020.jpg height=200 width=200></img></a>  </system-out>
  <testcase name="VerifyApprovebtndisabled" time="118.530" classname="com.OSMOSE.testcases.Product"/>
  <system-out>
Click to see Screenshot <a target="_blank" href=Thu_Oct_01_09_21_17_IST_2020.jpg>Screenshot</a> <br> <br> <a target="_blank" href=Thu_Oct_01_09_21_17_IST_2020.jpg><img src=Thu_Oct_01_09_21_17_IST_2020.jpg height=200 width=200></img></a>  </system-out>
  <testcase name="verifyThankyouPopup" time="124.371" classname="com.OSMOSE.testcases.Product"/>
  <system-out>
Click to see Screenshot <a target="_blank" href=Thu_Oct_01_09_23_22_IST_2020.jpg>Screenshot</a> <br> <br> <a target="_blank" href=Thu_Oct_01_09_23_22_IST_2020.jpg><img src=Thu_Oct_01_09_23_22_IST_2020.jpg height=200 width=200></img></a>  </system-out>
  <testcase name="verifyCancelwhileREQuoting" time="39.266" classname="com.OSMOSE.testcases.Product"/>
  <system-out>
Click to see Screenshot <a target="_blank" href=Thu_Oct_01_09_24_02_IST_2020.jpg>Screenshot</a> <br> <br> <a target="_blank" href=Thu_Oct_01_09_24_02_IST_2020.jpg><img src=Thu_Oct_01_09_24_02_IST_2020.jpg height=200 width=200></img></a>  </system-out>
  <testcase name="verifySubmitwhileREQuoting" time="58.451" classname="com.OSMOSE.testcases.Product"/>
  <system-out>
Click to see Screenshot <a target="_blank" href=Thu_Oct_01_09_25_01_IST_2020.jpg>Screenshot</a> <br> <br> <a target="_blank" href=Thu_Oct_01_09_25_01_IST_2020.jpg><img src=Thu_Oct_01_09_25_01_IST_2020.jpg height=200 width=200></img></a>  </system-out>
  <testcase name="verifyAddToCartWhileReQuoting" time="71.135" classname="com.OSMOSE.testcases.Product"/>
  <system-out>
Click to see Screenshot <a target="_blank" href=Thu_Oct_01_09_26_12_IST_2020.jpg>Screenshot</a> <br> <br> <a target="_blank" href=Thu_Oct_01_09_26_12_IST_2020.jpg><img src=Thu_Oct_01_09_26_12_IST_2020.jpg height=200 width=200></img></a>  </system-out>
  <testcase name="verifyExclamationOnMyQuotes" time="20.084" classname="com.OSMOSE.testcases.Product"/>
  <system-out>
Click to see Screenshot <a target="_blank" href=Thu_Oct_01_09_26_33_IST_2020.jpg>Screenshot</a> <br> <br> <a target="_blank" href=Thu_Oct_01_09_26_33_IST_2020.jpg><img src=Thu_Oct_01_09_26_33_IST_2020.jpg height=200 width=200></img></a>  </system-out>
  <testcase name="VerifyShoppingAddbtndisabled" time="4.725" classname="com.OSMOSE.testcases.Product"/>
  <system-out>
Click to see Screenshot <a target="_blank" href=Thu_Oct_01_09_26_38_IST_2020.jpg>Screenshot</a> <br> <br> <a target="_blank" href=Thu_Oct_01_09_26_38_IST_2020.jpg><img src=Thu_Oct_01_09_26_38_IST_2020.jpg height=200 width=200></img></a>  </system-out>
  <testcase name="VerifyShoppingCarrtAddbtnDisabledclearqty" time="5.133" classname="com.OSMOSE.testcases.Product"/>
  <system-out>
Click to see Screenshot <a target="_blank" href=Thu_Oct_01_09_26_43_IST_2020.jpg>Screenshot</a> <br> <br> <a target="_blank" href=Thu_Oct_01_09_26_43_IST_2020.jpg><img src=Thu_Oct_01_09_26_43_IST_2020.jpg height=200 width=200></img></a>  </system-out>
  <testcase name="verifyCartIconCount" time="16.212" classname="com.OSMOSE.testcases.Product"/>
  <system-out>
Click to see Screenshot <a target="_blank" href=Thu_Oct_01_09_27_00_IST_2020.jpg>Screenshot</a> <br> <br> <a target="_blank" href=Thu_Oct_01_09_27_00_IST_2020.jpg><img src=Thu_Oct_01_09_27_00_IST_2020.jpg height=200 width=200></img></a>  </system-out>
  <testcase name="VerifyShoppingCarrtMinMaxqty" time="11.619" classname="com.OSMOSE.testcases.Product"/>
  <system-out>
Click to see Screenshot <a target="_blank" href=Thu_Oct_01_09_27_12_IST_2020.jpg>Screenshot</a> <br> <br> <a target="_blank" href=Thu_Oct_01_09_27_12_IST_2020.jpg><img src=Thu_Oct_01_09_27_12_IST_2020.jpg height=200 width=200></img></a>  </system-out>
  <testcase name="GoBack" time="13.815" classname="com.OSMOSE.testcases.Product"/>
  <system-out>
Click to see Screenshot <a target="_blank" href=Thu_Oct_01_09_27_26_IST_2020.jpg>Screenshot</a> <br> <br> <a target="_blank" href=Thu_Oct_01_09_27_26_IST_2020.jpg><img src=Thu_Oct_01_09_27_26_IST_2020.jpg height=200 width=200></img></a>  </system-out>
  <testcase name="CreateQuote_MultipleAttachment" time="35.211" classname="com.OSMOSE.testcases.Product"/>
  <system-out>
Click to see Screenshot <a target="_blank" href=Thu_Oct_01_09_28_02_IST_2020.jpg>Screenshot</a> <br> <br> <a target="_blank" href=Thu_Oct_01_09_28_02_IST_2020.jpg><img src=Thu_Oct_01_09_28_02_IST_2020.jpg height=200 width=200></img></a>  </system-out>
  <testcase name="CreateQuote_UpdateeAttachment" time="10.032" classname="com.OSMOSE.testcases.Product"/>
  <system-out>
Click to see Screenshot <a target="_blank" href=Thu_Oct_01_09_28_12_IST_2020.jpg>Screenshot</a> <br> <br> <a target="_blank" href=Thu_Oct_01_09_28_12_IST_2020.jpg><img src=Thu_Oct_01_09_28_12_IST_2020.jpg height=200 width=200></img></a>  </system-out>
  <testcase name="SubmitQuotewithoutFile" time="18.307" classname="com.OSMOSE.testcases.Product"/>
  <system-out>
Click to see Screenshot <a target="_blank" href=Thu_Oct_01_09_28_31_IST_2020.jpg>Screenshot</a> <br> <br> <a target="_blank" href=Thu_Oct_01_09_28_31_IST_2020.jpg><img src=Thu_Oct_01_09_28_31_IST_2020.jpg height=200 width=200></img></a>  </system-out>
  <testcase name="VerifyAddingRelatedProductsToShoppingCart" time="17.635" classname="com.OSMOSE.testcases.Product"/>
  <system-out>
Click to see Screenshot <a target="_blank" href=Thu_Oct_01_09_28_49_IST_2020.jpg>Screenshot</a> <br> <br> <a target="_blank" href=Thu_Oct_01_09_28_49_IST_2020.jpg><img src=Thu_Oct_01_09_28_49_IST_2020.jpg height=200 width=200></img></a>  </system-out>
  <testcase name="VerifyTooltipForSizeDropDown" time="9.415" classname="com.OSMOSE.testcases.Product"/>
  <system-out>
Click to see Screenshot <a target="_blank" href=Thu_Oct_01_09_28_58_IST_2020.jpg>Screenshot</a> <br> <br> <a target="_blank" href=Thu_Oct_01_09_28_58_IST_2020.jpg><img src=Thu_Oct_01_09_28_58_IST_2020.jpg height=200 width=200></img></a>  </system-out>
  <testcase name="UpdateChangeProductAddToShoppingCart" time="15.455" classname="com.OSMOSE.testcases.Product"/>
  <system-out>
Click to see Screenshot <a target="_blank" href=Thu_Oct_01_09_29_14_IST_2020.jpg>Screenshot</a> <br> <br> <a target="_blank" href=Thu_Oct_01_09_29_14_IST_2020.jpg><img src=Thu_Oct_01_09_29_14_IST_2020.jpg height=200 width=200></img></a>  </system-out>
  <testcase name="verifyDeleteProductOnOverlay" time="8.328" classname="com.OSMOSE.testcases.Product"/>
  <system-out>
Click to see Screenshot <a target="_blank" href=Thu_Oct_01_09_29_23_IST_2020.jpg>Screenshot</a> <br> <br> <a target="_blank" href=Thu_Oct_01_09_29_23_IST_2020.jpg><img src=Thu_Oct_01_09_29_23_IST_2020.jpg height=200 width=200></img></a>  </system-out>
  <testcase name="MyQuotesComments_Collapse" time="13.834" classname="com.OSMOSE.testcases.Product"/>
  <system-out>
Click to see Screenshot <a target="_blank" href=Thu_Oct_01_09_29_37_IST_2020.jpg>Screenshot</a> <br> <br> <a target="_blank" href=Thu_Oct_01_09_29_37_IST_2020.jpg><img src=Thu_Oct_01_09_29_37_IST_2020.jpg height=200 width=200></img></a>  </system-out>
  <testcase name="verifyTheSearch" classname="com.OSMOSE.testcases.Product">
    <skipped/>
  </testcase> <!-- verifyTheSearch -->
  <system-out/>
  <testcase name="SubmitQuotewithNegativeExpireDays" classname="com.OSMOSE.testcases.Product">
    <skipped/>
  </testcase> <!-- SubmitQuotewithNegativeExpireDays -->
  <system-out/>
  <testcase name="verifyTheProductCart" classname="com.OSMOSE.testcases.Product">
    <skipped/>
  </testcase> <!-- verifyTheProductCart -->
  <system-out/>
</testsuite> <!-- com.OSMOSE.testcases.Product -->
