<?xml version="1.0" encoding="UTF-8"?>
<!-- Generated by org.testng.reporters.JUnitReportReporter -->
<testsuite skipped="1" hostname="5CG6323N27" name="com.OSMOSE.testcases.JointUse_Submitter" tests="17" failures="0" timestamp="2021-01-13T16:10:09 IST" time="85.795" errors="0">
  <testcase name="jointUseloginTestSubmitter" time="19.021" classname="com.OSMOSE.testcases.JointUse_Submitter"/>
  <system-out>
Click to see Screenshot <a target="_blank" href=Wed_Jan_13_16_08_53_IST_2021.jpg>Screenshot</a> <br> <br> <a target="_blank" href=Wed_Jan_13_16_08_53_IST_2021.jpg><img src=Wed_Jan_13_16_08_53_IST_2021.jpg height=200 width=200></img></a>  </system-out>
  <testcase name="verifyJointUseNavigationClick" time="21.781" classname="com.OSMOSE.testcases.JointUse_Submitter"/>
  <system-out>
Click to see Screenshot <a target="_blank" href=Wed_Jan_13_16_09_16_IST_2021.jpg>Screenshot</a> <br> <br> <a target="_blank" href=Wed_Jan_13_16_09_16_IST_2021.jpg><img src=Wed_Jan_13_16_09_16_IST_2021.jpg height=200 width=200></img></a>  </system-out>
  <testcase name="verifyHorizontalCollapseFunctionality" time="5.272" classname="com.OSMOSE.testcases.JointUse_Submitter"/>
  <system-out>
Click to see Screenshot <a target="_blank" href=Wed_Jan_13_16_09_21_IST_2021.jpg>Screenshot</a> <br> <br> <a target="_blank" href=Wed_Jan_13_16_09_21_IST_2021.jpg><img src=Wed_Jan_13_16_09_21_IST_2021.jpg height=200 width=200></img></a>  </system-out>
  <testcase name="verifyVerticalCollapseFunctionality" time="0.138" classname="com.OSMOSE.testcases.JointUse_Submitter"/>
  <system-out>
Click to see Screenshot <a target="_blank" href=Wed_Jan_13_16_09_22_IST_2021.jpg>Screenshot</a> <br> <br> <a target="_blank" href=Wed_Jan_13_16_09_22_IST_2021.jpg><img src=Wed_Jan_13_16_09_22_IST_2021.jpg height=200 width=200></img></a>  </system-out>
  <testcase name="verifyAddWidgets" time="0.082" classname="com.OSMOSE.testcases.JointUse_Submitter"/>
  <system-out>
Click to see Screenshot <a target="_blank" href=Wed_Jan_13_16_09_22_IST_2021.jpg>Screenshot</a> <br> <br> <a target="_blank" href=Wed_Jan_13_16_09_22_IST_2021.jpg><img src=Wed_Jan_13_16_09_22_IST_2021.jpg height=200 width=200></img></a>  </system-out>
  <testcase name="verifyEditLayout" time="0.078" classname="com.OSMOSE.testcases.JointUse_Submitter"/>
  <system-out>
Click to see Screenshot <a target="_blank" href=Wed_Jan_13_16_09_23_IST_2021.jpg>Screenshot</a> <br> <br> <a target="_blank" href=Wed_Jan_13_16_09_23_IST_2021.jpg><img src=Wed_Jan_13_16_09_23_IST_2021.jpg height=200 width=200></img></a>  </system-out>
  <testcase name="verifyNewApplication" time="0.472" classname="com.OSMOSE.testcases.JointUse_Submitter"/>
  <system-out>
Click to see Screenshot <a target="_blank" href=Wed_Jan_13_16_09_24_IST_2021.jpg>Screenshot</a> <br> <br> <a target="_blank" href=Wed_Jan_13_16_09_24_IST_2021.jpg><img src=Wed_Jan_13_16_09_24_IST_2021.jpg height=200 width=200></img></a>  </system-out>
  <testcase name="verifyExportOptions" time="0.151" classname="com.OSMOSE.testcases.JointUse_Submitter"/>
  <system-out>
Click to see Screenshot <a target="_blank" href=Wed_Jan_13_16_09_24_IST_2021.jpg>Screenshot</a> <br> <br> <a target="_blank" href=Wed_Jan_13_16_09_24_IST_2021.jpg><img src=Wed_Jan_13_16_09_24_IST_2021.jpg height=200 width=200></img></a>  </system-out>
  <testcase name="verifySearchBox" time="0.057" classname="com.OSMOSE.testcases.JointUse_Submitter"/>
  <system-out>
Click to see Screenshot <a target="_blank" href=Wed_Jan_13_16_09_25_IST_2021.jpg>Screenshot</a> <br> <br> <a target="_blank" href=Wed_Jan_13_16_09_25_IST_2021.jpg><img src=Wed_Jan_13_16_09_25_IST_2021.jpg height=200 width=200></img></a>  </system-out>
  <testcase name="verifyRefreshBtn" time="0.047" classname="com.OSMOSE.testcases.JointUse_Submitter"/>
  <system-out>
Click to see Screenshot <a target="_blank" href=Wed_Jan_13_16_09_25_IST_2021.jpg>Screenshot</a> <br> <br> <a target="_blank" href=Wed_Jan_13_16_09_25_IST_2021.jpg><img src=Wed_Jan_13_16_09_25_IST_2021.jpg height=200 width=200></img></a>  </system-out>
  <testcase name="verifyRowsCount" time="0.126" classname="com.OSMOSE.testcases.JointUse_Submitter"/>
  <system-out>
Click to see Screenshot <a target="_blank" href=Wed_Jan_13_16_09_26_IST_2021.jpg>Screenshot</a> <br> <br> <a target="_blank" href=Wed_Jan_13_16_09_26_IST_2021.jpg><img src=Wed_Jan_13_16_09_26_IST_2021.jpg height=200 width=200></img></a>  </system-out>
  <testcase name="verifyColumns" time="2.376" classname="com.OSMOSE.testcases.JointUse_Submitter"/>
  <system-out>
Click to see Screenshot <a target="_blank" href=Wed_Jan_13_16_09_28_IST_2021.jpg>Screenshot</a> <br> <br> <a target="_blank" href=Wed_Jan_13_16_09_28_IST_2021.jpg><img src=Wed_Jan_13_16_09_28_IST_2021.jpg height=200 width=200></img></a>  </system-out>
  <testcase name="verifySelectAllFunctionality" time="2.211" classname="com.OSMOSE.testcases.JointUse_Submitter"/>
  <system-out>
Click to see Screenshot <a target="_blank" href=Wed_Jan_13_16_09_31_IST_2021.jpg>Screenshot</a> <br> <br> <a target="_blank" href=Wed_Jan_13_16_09_31_IST_2021.jpg><img src=Wed_Jan_13_16_09_31_IST_2021.jpg height=200 width=200></img></a>  </system-out>
  <testcase name="verifyAddWidgetClick" time="0.432" classname="com.OSMOSE.testcases.JointUse_Submitter"/>
  <system-out>
Click to see Screenshot <a target="_blank" href=Wed_Jan_13_16_09_32_IST_2021.jpg>Screenshot</a> <br> <br> <a target="_blank" href=Wed_Jan_13_16_09_32_IST_2021.jpg><img src=Wed_Jan_13_16_09_32_IST_2021.jpg height=200 width=200></img></a>  </system-out>
  <testcase name="verifyEditWidgetClick" time="0.333" classname="com.OSMOSE.testcases.JointUse_Submitter"/>
  <system-out>
Click to see Screenshot <a target="_blank" href=Wed_Jan_13_16_09_32_IST_2021.jpg>Screenshot</a> <br> <br> <a target="_blank" href=Wed_Jan_13_16_09_32_IST_2021.jpg><img src=Wed_Jan_13_16_09_32_IST_2021.jpg height=200 width=200></img></a>  </system-out>
  <testcase name="verifyAddWiredNewAttachment" time="33.218" classname="com.OSMOSE.testcases.JointUse_Submitter"/>
  <system-out>
Click to see Screenshot <a target="_blank" href=Wed_Jan_13_16_10_06_IST_2021.jpg>Screenshot</a> <br> <br> <a target="_blank" href=Wed_Jan_13_16_10_06_IST_2021.jpg><img src=Wed_Jan_13_16_10_06_IST_2021.jpg height=200 width=200></img></a>  </system-out>
  <testcase name="verifyAddingCommentsToTheApplication" classname="com.OSMOSE.testcases.JointUse_Submitter">
    <skipped/>
  </testcase> <!-- verifyAddingCommentsToTheApplication -->
  <system-out/>
</testsuite> <!-- com.OSMOSE.testcases.JointUse_Submitter -->
