<?xml version="1.0" encoding="UTF-8"?>
<!-- Generated by org.testng.reporters.JUnitReportReporter -->
<testsuite skipped="5" hostname="5CG6323N27" name="com.OSMOSE.testcases.OULogin" tests="23" failures="0" timestamp="2020-09-01T19:49:50 IST" time="161.803" errors="0">
  <testcase name="loginTest" time="16.239" classname="com.OSMOSE.testcases.OULogin"/>
  <system-out>
Click to see Screenshot <a target="_blank" href=Tue_Sep_01_19_45_14_IST_2020.jpg>Screenshot</a> <br> <br> <a target="_blank" href=Tue_Sep_01_19_45_14_IST_2020.jpg><img src=Tue_Sep_01_19_45_14_IST_2020.jpg height=200 width=200></img></a>  </system-out>
  <testcase name="verifyOUCard" time="2.935" classname="com.OSMOSE.testcases.OULogin"/>
  <system-out>
Click to see Screenshot <a target="_blank" href=Tue_Sep_01_19_45_18_IST_2020.jpg>Screenshot</a> <br> <br> <a target="_blank" href=Tue_Sep_01_19_45_18_IST_2020.jpg><img src=Tue_Sep_01_19_45_18_IST_2020.jpg height=200 width=200></img></a>  </system-out>
  <testcase name="verifyKnowledgeBaseCard" time="0.101" classname="com.OSMOSE.testcases.OULogin"/>
  <system-out>
Click to see Screenshot <a target="_blank" href=Tue_Sep_01_19_45_19_IST_2020.jpg>Screenshot</a> <br> <br> <a target="_blank" href=Tue_Sep_01_19_45_19_IST_2020.jpg><img src=Tue_Sep_01_19_45_19_IST_2020.jpg height=200 width=200></img></a>  </system-out>
  <testcase name="verifyProductCard" time="0.035" classname="com.OSMOSE.testcases.OULogin"/>
  <system-out>
Click to see Screenshot <a target="_blank" href=Tue_Sep_01_19_45_19_IST_2020.jpg>Screenshot</a> <br> <br> <a target="_blank" href=Tue_Sep_01_19_45_19_IST_2020.jpg><img src=Tue_Sep_01_19_45_19_IST_2020.jpg height=200 width=200></img></a>  </system-out>
  <testcase name="verifyContactUs" time="0.031" classname="com.OSMOSE.testcases.OULogin"/>
  <system-out>
Click to see Screenshot <a target="_blank" href=Tue_Sep_01_19_45_20_IST_2020.jpg>Screenshot</a> <br> <br> <a target="_blank" href=Tue_Sep_01_19_45_20_IST_2020.jpg><img src=Tue_Sep_01_19_45_20_IST_2020.jpg height=200 width=200></img></a>  </system-out>
  <testcase name="verifyHyperlinks" time="0.137" classname="com.OSMOSE.testcases.OULogin"/>
  <system-out>
Click to see Screenshot <a target="_blank" href=Tue_Sep_01_19_45_20_IST_2020.jpg>Screenshot</a> <br> <br> <a target="_blank" href=Tue_Sep_01_19_45_20_IST_2020.jpg><img src=Tue_Sep_01_19_45_20_IST_2020.jpg height=200 width=200></img></a>  </system-out>
  <testcase name="verifyVideoLinks" time="0.076" classname="com.OSMOSE.testcases.OULogin"/>
  <system-out>
Click to see Screenshot <a target="_blank" href=Tue_Sep_01_19_45_21_IST_2020.jpg>Screenshot</a> <br> <br> <a target="_blank" href=Tue_Sep_01_19_45_21_IST_2020.jpg><img src=Tue_Sep_01_19_45_21_IST_2020.jpg height=200 width=200></img></a>  </system-out>
  <testcase name="verifyOsmoseUniversityNavigationClick" time="15.276" classname="com.OSMOSE.testcases.OULogin"/>
  <system-out>
Click to see Screenshot <a target="_blank" href=Tue_Sep_01_19_45_37_IST_2020.jpg>Screenshot</a> <br> <br> <a target="_blank" href=Tue_Sep_01_19_45_37_IST_2020.jpg><img src=Tue_Sep_01_19_45_37_IST_2020.jpg height=200 width=200></img></a>  </system-out>
  <testcase name="verifyLiveEventCLick" time="12.339" classname="com.OSMOSE.testcases.OULogin"/>
  <system-out>
Click to see Screenshot <a target="_blank" href=Tue_Sep_01_19_45_50_IST_2020.jpg>Screenshot</a> <br> <br> <a target="_blank" href=Tue_Sep_01_19_45_50_IST_2020.jpg><img src=Tue_Sep_01_19_45_50_IST_2020.jpg height=200 width=200></img></a>  </system-out>
  <testcase name="verifyWebinarsClick" time="12.211" classname="com.OSMOSE.testcases.OULogin"/>
  <system-out>
Click to see Screenshot <a target="_blank" href=Tue_Sep_01_19_46_03_IST_2020.jpg>Screenshot</a> <br> <br> <a target="_blank" href=Tue_Sep_01_19_46_03_IST_2020.jpg><img src=Tue_Sep_01_19_46_03_IST_2020.jpg height=200 width=200></img></a>  </system-out>
  <testcase name="verifyOCalcClick" time="12.233" classname="com.OSMOSE.testcases.OULogin"/>
  <system-out>
Click to see Screenshot <a target="_blank" href=Tue_Sep_01_19_46_16_IST_2020.jpg>Screenshot</a> <br> <br> <a target="_blank" href=Tue_Sep_01_19_46_16_IST_2020.jpg><img src=Tue_Sep_01_19_46_16_IST_2020.jpg height=200 width=200></img></a>  </system-out>
  <testcase name="clickOnOuLink" time="12.189" classname="com.OSMOSE.testcases.OULogin"/>
  <system-out>
Click to see Screenshot <a target="_blank" href=Tue_Sep_01_19_46_28_IST_2020.jpg>Screenshot</a> <br> <br> <a target="_blank" href=Tue_Sep_01_19_46_28_IST_2020.jpg><img src=Tue_Sep_01_19_46_28_IST_2020.jpg height=200 width=200></img></a>  </system-out>
  <testcase name="verifyLiveEventsSTS" time="13.257" classname="com.OSMOSE.testcases.OULogin"/>
  <system-out>
Click to see Screenshot <a target="_blank" href=Tue_Sep_01_19_46_42_IST_2020.jpg>Screenshot</a> <br> <br> <a target="_blank" href=Tue_Sep_01_19_46_42_IST_2020.jpg><img src=Tue_Sep_01_19_46_42_IST_2020.jpg height=200 width=200></img></a>  </system-out>
  <testcase name="verifyLiveEventsJUS" time="12.986" classname="com.OSMOSE.testcases.OULogin"/>
  <system-out>
Click to see Screenshot <a target="_blank" href=Tue_Sep_01_19_46_56_IST_2020.jpg>Screenshot</a> <br> <br> <a target="_blank" href=Tue_Sep_01_19_46_56_IST_2020.jpg><img src=Tue_Sep_01_19_46_56_IST_2020.jpg height=200 width=200></img></a>  </system-out>
  <testcase name="verifyLiveEventsWPTS" time="13.020" classname="com.OSMOSE.testcases.OULogin"/>
  <system-out>
Click to see Screenshot <a target="_blank" href=Tue_Sep_01_19_47_09_IST_2020.jpg>Screenshot</a> <br> <br> <a target="_blank" href=Tue_Sep_01_19_47_09_IST_2020.jpg><img src=Tue_Sep_01_19_47_09_IST_2020.jpg height=200 width=200></img></a>  </system-out>
  <testcase name="verifyDETAILSANDREGISTRATION" time="13.285" classname="com.OSMOSE.testcases.OULogin"/>
  <system-out>
Click to see Screenshot <a target="_blank" href=Tue_Sep_01_19_47_23_IST_2020.jpg>Screenshot</a> <br> <br> <a target="_blank" href=Tue_Sep_01_19_47_23_IST_2020.jpg><img src=Tue_Sep_01_19_47_23_IST_2020.jpg height=200 width=200></img></a>  </system-out>
  <testcase name="verifyClickingTheWebinars" time="12.211" classname="com.OSMOSE.testcases.OULogin"/>
  <system-out>
Click to see Screenshot <a target="_blank" href=Tue_Sep_01_19_47_35_IST_2020.jpg>Screenshot</a> <br> <br> <a target="_blank" href=Tue_Sep_01_19_47_35_IST_2020.jpg><img src=Tue_Sep_01_19_47_35_IST_2020.jpg height=200 width=200></img></a>  </system-out>
  <testcase name="verifyOClacTrainingButton" time="13.242" classname="com.OSMOSE.testcases.OULogin"/>
  <system-out>
Click to see Screenshot <a target="_blank" href=Tue_Sep_01_19_47_49_IST_2020.jpg>Screenshot</a> <br> <br> <a target="_blank" href=Tue_Sep_01_19_47_49_IST_2020.jpg><img src=Tue_Sep_01_19_47_49_IST_2020.jpg height=200 width=200></img></a>  </system-out>
  <testcase name="verifyContactAndStray" classname="com.OSMOSE.testcases.OULogin">
    <skipped/>
  </testcase> <!-- verifyContactAndStray -->
  <system-out/>
  <testcase name="verifySteelStructuresProtected" classname="com.OSMOSE.testcases.OULogin">
    <skipped/>
  </testcase> <!-- verifySteelStructuresProtected -->
  <system-out/>
  <testcase name="steelStructuresProtectedMOREINFOREGISTRATION" classname="com.OSMOSE.testcases.OULogin">
    <skipped/>
  </testcase> <!-- steelStructuresProtectedMOREINFOREGISTRATION -->
  <system-out/>
  <testcase name="verifyUpcomingWebinarsPage" classname="com.OSMOSE.testcases.OULogin">
    <skipped/>
  </testcase> <!-- verifyUpcomingWebinarsPage -->
  <system-out/>
  <testcase name="ContactAndStrayMOREINFOREGISTRATION" classname="com.OSMOSE.testcases.OULogin">
    <skipped/>
  </testcase> <!-- ContactAndStrayMOREINFOREGISTRATION -->
  <system-out/>
</testsuite> <!-- com.OSMOSE.testcases.OULogin -->
