<?xml version="1.0" encoding="UTF-8"?>
<!-- Generated by org.testng.reporters.JUnitReportReporter -->
<testsuite skipped="0" hostname="5CG6323N27" name="com.OSMOSE.testcases.oCalcPro_Nor" tests="29" failures="0" timestamp="2020-11-13T22:38:26 IST" time="242.839" errors="0">
  <testcase name="loginTest" time="15.063" classname="com.OSMOSE.testcases.oCalcPro_Nor"/>
  <system-out>
Click to see Screenshot <a target="_blank" href=Fri_Nov_13_22_34_19_IST_2020.jpg>Screenshot</a> <br> <br> <a target="_blank" href=Fri_Nov_13_22_34_19_IST_2020.jpg><img src=Fri_Nov_13_22_34_19_IST_2020.jpg height=200 width=200></img></a>  </system-out>
  <testcase name="verifyoCalcProNavigationClick" time="15.975" classname="com.OSMOSE.testcases.oCalcPro_Nor"/>
  <system-out>
Click to see Screenshot <a target="_blank" href=Fri_Nov_13_22_34_36_IST_2020.jpg>Screenshot</a> <br> <br> <a target="_blank" href=Fri_Nov_13_22_34_36_IST_2020.jpg><img src=Fri_Nov_13_22_34_36_IST_2020.jpg height=200 width=200></img></a>  </system-out>
  <testcase name="verifyPresenceOfGetStartedWithOcalcPro" time="0.064" classname="com.OSMOSE.testcases.oCalcPro_Nor"/>
  <system-out>
Click to see Screenshot <a target="_blank" href=Fri_Nov_13_22_34_37_IST_2020.jpg>Screenshot</a> <br> <br> <a target="_blank" href=Fri_Nov_13_22_34_37_IST_2020.jpg><img src=Fri_Nov_13_22_34_37_IST_2020.jpg height=200 width=200></img></a>  </system-out>
  <testcase name="verifyPresenceOfProductsCard" time="0.039" classname="com.OSMOSE.testcases.oCalcPro_Nor"/>
  <system-out>
Click to see Screenshot <a target="_blank" href=Fri_Nov_13_22_34_37_IST_2020.jpg>Screenshot</a> <br> <br> <a target="_blank" href=Fri_Nov_13_22_34_37_IST_2020.jpg><img src=Fri_Nov_13_22_34_37_IST_2020.jpg height=200 width=200></img></a>  </system-out>
  <testcase name="verifyPresenceOfKnowledgeBaseCard" time="0.055" classname="com.OSMOSE.testcases.oCalcPro_Nor"/>
  <system-out>
Click to see Screenshot <a target="_blank" href=Fri_Nov_13_22_34_38_IST_2020.jpg>Screenshot</a> <br> <br> <a target="_blank" href=Fri_Nov_13_22_34_38_IST_2020.jpg><img src=Fri_Nov_13_22_34_38_IST_2020.jpg height=200 width=200></img></a>  </system-out>
  <testcase name="verifyPresenceOfAnnouncementsCard" time="0.055" classname="com.OSMOSE.testcases.oCalcPro_Nor"/>
  <system-out>
Click to see Screenshot <a target="_blank" href=Fri_Nov_13_22_34_38_IST_2020.jpg>Screenshot</a> <br> <br> <a target="_blank" href=Fri_Nov_13_22_34_38_IST_2020.jpg><img src=Fri_Nov_13_22_34_38_IST_2020.jpg height=200 width=200></img></a>  </system-out>
  <testcase name="verifyPresenceOfTrainingOptionsCard" time="0.049" classname="com.OSMOSE.testcases.oCalcPro_Nor"/>
  <system-out>
Click to see Screenshot <a target="_blank" href=Fri_Nov_13_22_34_39_IST_2020.jpg>Screenshot</a> <br> <br> <a target="_blank" href=Fri_Nov_13_22_34_39_IST_2020.jpg><img src=Fri_Nov_13_22_34_39_IST_2020.jpg height=200 width=200></img></a>  </system-out>
  <testcase name="verifyContentsOfGetStartedWithOcalcPro" time="0.262" classname="com.OSMOSE.testcases.oCalcPro_Nor"/>
  <system-out>
Click to see Screenshot <a target="_blank" href=Fri_Nov_13_22_34_40_IST_2020.jpg>Screenshot</a> <br> <br> <a target="_blank" href=Fri_Nov_13_22_34_40_IST_2020.jpg><img src=Fri_Nov_13_22_34_40_IST_2020.jpg height=200 width=200></img></a>  </system-out>
  <testcase name="verifyContentsOfProductsCard" time="0.187" classname="com.OSMOSE.testcases.oCalcPro_Nor"/>
  <system-out>
Click to see Screenshot <a target="_blank" href=Fri_Nov_13_22_34_40_IST_2020.jpg>Screenshot</a> <br> <br> <a target="_blank" href=Fri_Nov_13_22_34_40_IST_2020.jpg><img src=Fri_Nov_13_22_34_40_IST_2020.jpg height=200 width=200></img></a>  </system-out>
  <testcase name="verifyContentsOfKBCard" time="0.120" classname="com.OSMOSE.testcases.oCalcPro_Nor"/>
  <system-out>
Click to see Screenshot <a target="_blank" href=Fri_Nov_13_22_34_41_IST_2020.jpg>Screenshot</a> <br> <br> <a target="_blank" href=Fri_Nov_13_22_34_41_IST_2020.jpg><img src=Fri_Nov_13_22_34_41_IST_2020.jpg height=200 width=200></img></a>  </system-out>
  <testcase name="verifyContentsOfAnnouncements" time="0.570" classname="com.OSMOSE.testcases.oCalcPro_Nor"/>
  <system-out>
Click to see Screenshot <a target="_blank" href=Fri_Nov_13_22_34_42_IST_2020.jpg>Screenshot</a> <br> <br> <a target="_blank" href=Fri_Nov_13_22_34_42_IST_2020.jpg><img src=Fri_Nov_13_22_34_42_IST_2020.jpg height=200 width=200></img></a>  </system-out>
  <testcase name="verifyContentsOfTrainingOptions" time="0.120" classname="com.OSMOSE.testcases.oCalcPro_Nor"/>
  <system-out>
Click to see Screenshot <a target="_blank" href=Fri_Nov_13_22_34_42_IST_2020.jpg>Screenshot</a> <br> <br> <a target="_blank" href=Fri_Nov_13_22_34_42_IST_2020.jpg><img src=Fri_Nov_13_22_34_42_IST_2020.jpg height=200 width=200></img></a>  </system-out>
  <testcase name="verifyLearnMoreClickonGetStartedWithOcalcProcard" time="14.518" classname="com.OSMOSE.testcases.oCalcPro_Nor"/>
  <system-out>
Click to see Screenshot <a target="_blank" href=Fri_Nov_13_22_34_58_IST_2020.jpg>Screenshot</a> <br> <br> <a target="_blank" href=Fri_Nov_13_22_34_58_IST_2020.jpg><img src=Fri_Nov_13_22_34_58_IST_2020.jpg height=200 width=200></img></a>  </system-out>
  <testcase name="verify30daysbtnClickonGetStartedWithOcalcProcard" time="3.908" classname="com.OSMOSE.testcases.oCalcPro_Nor"/>
  <system-out>
Click to see Screenshot <a target="_blank" href=Fri_Nov_13_22_35_02_IST_2020.jpg>Screenshot</a> <br> <br> <a target="_blank" href=Fri_Nov_13_22_35_02_IST_2020.jpg><img src=Fri_Nov_13_22_35_02_IST_2020.jpg height=200 width=200></img></a>  </system-out>
  <testcase name="verifyRequstDemoClickonGetStartedWithOcalcProcard" time="3.879" classname="com.OSMOSE.testcases.oCalcPro_Nor"/>
  <system-out>
Click to see Screenshot <a target="_blank" href=Fri_Nov_13_22_35_06_IST_2020.jpg>Screenshot</a> <br> <br> <a target="_blank" href=Fri_Nov_13_22_35_06_IST_2020.jpg><img src=Fri_Nov_13_22_35_06_IST_2020.jpg height=200 width=200></img></a>  </system-out>
  <testcase name="verifyocalcSupportClickonGetStartedWithOcalcProcard" time="5.536" classname="com.OSMOSE.testcases.oCalcPro_Nor"/>
  <system-out>
Click to see Screenshot <a target="_blank" href=Fri_Nov_13_22_35_12_IST_2020.jpg>Screenshot</a> <br> <br> <a target="_blank" href=Fri_Nov_13_22_35_12_IST_2020.jpg><img src=Fri_Nov_13_22_35_12_IST_2020.jpg height=200 width=200></img></a>  </system-out>
  <testcase name="verifyProductsClick" time="2.592" classname="com.OSMOSE.testcases.oCalcPro_Nor"/>
  <system-out>
Click to see Screenshot <a target="_blank" href=Fri_Nov_13_22_35_16_IST_2020.jpg>Screenshot</a> <br> <br> <a target="_blank" href=Fri_Nov_13_22_35_16_IST_2020.jpg><img src=Fri_Nov_13_22_35_16_IST_2020.jpg height=200 width=200></img></a>  </system-out>
  <testcase name="verifyRequestLicenseQuoteClick" time="6.551" classname="com.OSMOSE.testcases.oCalcPro_Nor"/>
  <system-out>
Click to see Screenshot <a target="_blank" href=Fri_Nov_13_22_35_23_IST_2020.jpg>Screenshot</a> <br> <br> <a target="_blank" href=Fri_Nov_13_22_35_23_IST_2020.jpg><img src=Fri_Nov_13_22_35_23_IST_2020.jpg height=200 width=200></img></a>  </system-out>
  <testcase name="verifyRequestCVTQuoteClick" time="5.830" classname="com.OSMOSE.testcases.oCalcPro_Nor"/>
  <system-out>
Click to see Screenshot <a target="_blank" href=Fri_Nov_13_22_35_29_IST_2020.jpg>Screenshot</a> <br> <br> <a target="_blank" href=Fri_Nov_13_22_35_29_IST_2020.jpg><img src=Fri_Nov_13_22_35_29_IST_2020.jpg height=200 width=200></img></a>  </system-out>
  <testcase name="verifyRequestTrainingQuoteClick" time="5.807" classname="com.OSMOSE.testcases.oCalcPro_Nor"/>
  <system-out>
Click to see Screenshot <a target="_blank" href=Fri_Nov_13_22_35_35_IST_2020.jpg>Screenshot</a> <br> <br> <a target="_blank" href=Fri_Nov_13_22_35_35_IST_2020.jpg><img src=Fri_Nov_13_22_35_35_IST_2020.jpg height=200 width=200></img></a>  </system-out>
  <testcase name="verifyCurrentPublicClassesClick" time="17.749" classname="com.OSMOSE.testcases.oCalcPro_Nor"/>
  <system-out>
Click to see Screenshot <a target="_blank" href=Fri_Nov_13_22_35_54_IST_2020.jpg>Screenshot</a> <br> <br> <a target="_blank" href=Fri_Nov_13_22_35_54_IST_2020.jpg><img src=Fri_Nov_13_22_35_54_IST_2020.jpg height=200 width=200></img></a>  </system-out>
  <testcase name="verifyRequestQuoteForPrivateTrainingClassesClick" time="11.473" classname="com.OSMOSE.testcases.oCalcPro_Nor"/>
  <system-out>
Click to see Screenshot <a target="_blank" href=Fri_Nov_13_22_36_06_IST_2020.jpg>Screenshot</a> <br> <br> <a target="_blank" href=Fri_Nov_13_22_36_06_IST_2020.jpg><img src=Fri_Nov_13_22_36_06_IST_2020.jpg height=200 width=200></img></a>  </system-out>
  <testcase name="verifyClickOnAnAnnouncement" time="1.206" classname="com.OSMOSE.testcases.oCalcPro_Nor"/>
  <system-out>
Click to see Screenshot <a target="_blank" href=Fri_Nov_13_22_36_07_IST_2020.jpg>Screenshot</a> <br> <br> <a target="_blank" href=Fri_Nov_13_22_36_07_IST_2020.jpg><img src=Fri_Nov_13_22_36_07_IST_2020.jpg height=200 width=200></img></a>  </system-out>
  <testcase name="verifyKBClick" time="19.167" classname="com.OSMOSE.testcases.oCalcPro_Nor"/>
  <system-out>
Click to see Screenshot <a target="_blank" href=Fri_Nov_13_22_36_27_IST_2020.jpg>Screenshot</a> <br> <br> <a target="_blank" href=Fri_Nov_13_22_36_27_IST_2020.jpg><img src=Fri_Nov_13_22_36_27_IST_2020.jpg height=200 width=200></img></a>  </system-out>
  <testcase name="verifyKBTrainingVideosClick" time="9.882" classname="com.OSMOSE.testcases.oCalcPro_Nor"/>
  <system-out>
Click to see Screenshot <a target="_blank" href=Fri_Nov_13_22_36_37_IST_2020.jpg>Screenshot</a> <br> <br> <a target="_blank" href=Fri_Nov_13_22_36_37_IST_2020.jpg><img src=Fri_Nov_13_22_36_37_IST_2020.jpg height=200 width=200></img></a>  </system-out>
  <testcase name="verifyKBWikiPageClick" time="27.135" classname="com.OSMOSE.testcases.oCalcPro_Nor"/>
  <system-out>
Click to see Screenshot <a target="_blank" href=Fri_Nov_13_22_37_05_IST_2020.jpg>Screenshot</a> <br> <br> <a target="_blank" href=Fri_Nov_13_22_37_05_IST_2020.jpg><img src=Fri_Nov_13_22_37_05_IST_2020.jpg height=200 width=200></img></a>  </system-out>
  <testcase name="verifySearchResultsAreGrouped" time="15.352" classname="com.OSMOSE.testcases.oCalcPro_Nor"/>
  <system-out>
Click to see Screenshot <a target="_blank" href=Fri_Nov_13_22_37_21_IST_2020.jpg>Screenshot</a> <br> <br> <a target="_blank" href=Fri_Nov_13_22_37_21_IST_2020.jpg><img src=Fri_Nov_13_22_37_21_IST_2020.jpg height=200 width=200></img></a>  </system-out>
  <testcase name="verifyTrainingVideosAreGrouped" time="9.578" classname="com.OSMOSE.testcases.oCalcPro_Nor"/>
  <system-out>
Click to see Screenshot <a target="_blank" href=Fri_Nov_13_22_37_31_IST_2020.jpg>Screenshot</a> <br> <br> <a target="_blank" href=Fri_Nov_13_22_37_31_IST_2020.jpg><img src=Fri_Nov_13_22_37_31_IST_2020.jpg height=200 width=200></img></a>  </system-out>
  <testcase name="verifyPresenceOfLicenseManagementPerspective" time="50.117" classname="com.OSMOSE.testcases.oCalcPro_Nor"/>
  <system-out>
Click to see Screenshot <a target="_blank" href=Fri_Nov_13_22_38_22_IST_2020.jpg>Screenshot</a> <br> <br> <a target="_blank" href=Fri_Nov_13_22_38_22_IST_2020.jpg><img src=Fri_Nov_13_22_38_22_IST_2020.jpg height=200 width=200></img></a>  </system-out>
</testsuite> <!-- com.OSMOSE.testcases.oCalcPro_Nor -->
