<?xml version="1.0" encoding="UTF-8"?>
<!-- Generated by org.testng.reporters.JUnitReportReporter -->
<testsuite skipped="0" hostname="5CG6323N27" name="com.OSMOSE.testcases.oCalcPro" tests="45" failures="0" timestamp="2020-10-06T12:01:14 IST" time="547.231" errors="0">
  <testcase name="verifyoCalcProNavigationClick" time="14.303" classname="com.OSMOSE.testcases.oCalcPro"/>
  <system-out>
Click to see Screenshot <a target="_blank" href=Tue_Oct_06_11_51_49_IST_2020.jpg>Screenshot</a> <br> <br> <a target="_blank" href=Tue_Oct_06_11_51_49_IST_2020.jpg><img src=Tue_Oct_06_11_51_49_IST_2020.jpg height=200 width=200></img></a>  </system-out>
  <testcase name="verifyPresenceOfGetStartedWithOcalcPro" time="0.077" classname="com.OSMOSE.testcases.oCalcPro"/>
  <system-out>
Click to see Screenshot <a target="_blank" href=Tue_Oct_06_11_51_50_IST_2020.jpg>Screenshot</a> <br> <br> <a target="_blank" href=Tue_Oct_06_11_51_50_IST_2020.jpg><img src=Tue_Oct_06_11_51_50_IST_2020.jpg height=200 width=200></img></a>  </system-out>
  <testcase name="verifyPresenceOfProductsCard" time="0.059" classname="com.OSMOSE.testcases.oCalcPro"/>
  <system-out>
Click to see Screenshot <a target="_blank" href=Tue_Oct_06_11_51_51_IST_2020.jpg>Screenshot</a> <br> <br> <a target="_blank" href=Tue_Oct_06_11_51_51_IST_2020.jpg><img src=Tue_Oct_06_11_51_51_IST_2020.jpg height=200 width=200></img></a>  </system-out>
  <testcase name="verifyPresenceOfKnowledgeBaseCard" time="0.062" classname="com.OSMOSE.testcases.oCalcPro"/>
  <system-out>
Click to see Screenshot <a target="_blank" href=Tue_Oct_06_11_51_51_IST_2020.jpg>Screenshot</a> <br> <br> <a target="_blank" href=Tue_Oct_06_11_51_51_IST_2020.jpg><img src=Tue_Oct_06_11_51_51_IST_2020.jpg height=200 width=200></img></a>  </system-out>
  <testcase name="verifyPresenceOfAnnouncementsCard" time="0.067" classname="com.OSMOSE.testcases.oCalcPro"/>
  <system-out>
Click to see Screenshot <a target="_blank" href=Tue_Oct_06_11_51_52_IST_2020.jpg>Screenshot</a> <br> <br> <a target="_blank" href=Tue_Oct_06_11_51_52_IST_2020.jpg><img src=Tue_Oct_06_11_51_52_IST_2020.jpg height=200 width=200></img></a>  </system-out>
  <testcase name="verifyPresenceOfTrainingOptionsCard" time="0.047" classname="com.OSMOSE.testcases.oCalcPro"/>
  <system-out>
Click to see Screenshot <a target="_blank" href=Tue_Oct_06_11_51_52_IST_2020.jpg>Screenshot</a> <br> <br> <a target="_blank" href=Tue_Oct_06_11_51_52_IST_2020.jpg><img src=Tue_Oct_06_11_51_52_IST_2020.jpg height=200 width=200></img></a>  </system-out>
  <testcase name="verifyContentsOfGetStartedWithOcalcPro" time="0.390" classname="com.OSMOSE.testcases.oCalcPro"/>
  <system-out>
Click to see Screenshot <a target="_blank" href=Tue_Oct_06_11_51_54_IST_2020.jpg>Screenshot</a> <br> <br> <a target="_blank" href=Tue_Oct_06_11_51_54_IST_2020.jpg><img src=Tue_Oct_06_11_51_54_IST_2020.jpg height=200 width=200></img></a>  </system-out>
  <testcase name="verifyContentsOfProductsCard" time="0.234" classname="com.OSMOSE.testcases.oCalcPro"/>
  <system-out>
Click to see Screenshot <a target="_blank" href=Tue_Oct_06_11_51_54_IST_2020.jpg>Screenshot</a> <br> <br> <a target="_blank" href=Tue_Oct_06_11_51_54_IST_2020.jpg><img src=Tue_Oct_06_11_51_54_IST_2020.jpg height=200 width=200></img></a>  </system-out>
  <testcase name="verifyContentsOfKBCard" time="0.146" classname="com.OSMOSE.testcases.oCalcPro"/>
  <system-out>
Click to see Screenshot <a target="_blank" href=Tue_Oct_06_11_51_55_IST_2020.jpg>Screenshot</a> <br> <br> <a target="_blank" href=Tue_Oct_06_11_51_55_IST_2020.jpg><img src=Tue_Oct_06_11_51_55_IST_2020.jpg height=200 width=200></img></a>  </system-out>
  <testcase name="verifyContentsOfAnnouncements" time="0.323" classname="com.OSMOSE.testcases.oCalcPro"/>
  <system-out>
Click to see Screenshot <a target="_blank" href=Tue_Oct_06_11_51_56_IST_2020.jpg>Screenshot</a> <br> <br> <a target="_blank" href=Tue_Oct_06_11_51_56_IST_2020.jpg><img src=Tue_Oct_06_11_51_56_IST_2020.jpg height=200 width=200></img></a>  </system-out>
  <testcase name="verifyContentsOfTrainingOptions" time="0.145" classname="com.OSMOSE.testcases.oCalcPro"/>
  <system-out>
Click to see Screenshot <a target="_blank" href=Tue_Oct_06_11_51_57_IST_2020.jpg>Screenshot</a> <br> <br> <a target="_blank" href=Tue_Oct_06_11_51_57_IST_2020.jpg><img src=Tue_Oct_06_11_51_57_IST_2020.jpg height=200 width=200></img></a>  </system-out>
  <testcase name="verifyLearnMoreClickonGetStartedWithOcalcProcard" time="8.264" classname="com.OSMOSE.testcases.oCalcPro"/>
  <system-out>
Click to see Screenshot <a target="_blank" href=Tue_Oct_06_11_52_06_IST_2020.jpg>Screenshot</a> <br> <br> <a target="_blank" href=Tue_Oct_06_11_52_06_IST_2020.jpg><img src=Tue_Oct_06_11_52_06_IST_2020.jpg height=200 width=200></img></a>  </system-out>
  <testcase name="verify30daysbtnClickonGetStartedWithOcalcProcard" time="3.877" classname="com.OSMOSE.testcases.oCalcPro"/>
  <system-out>
Click to see Screenshot <a target="_blank" href=Tue_Oct_06_11_52_10_IST_2020.jpg>Screenshot</a> <br> <br> <a target="_blank" href=Tue_Oct_06_11_52_10_IST_2020.jpg><img src=Tue_Oct_06_11_52_10_IST_2020.jpg height=200 width=200></img></a>  </system-out>
  <testcase name="verifyRequstDemoClickonGetStartedWithOcalcProcard" time="3.988" classname="com.OSMOSE.testcases.oCalcPro"/>
  <system-out>
Click to see Screenshot <a target="_blank" href=Tue_Oct_06_11_52_15_IST_2020.jpg>Screenshot</a> <br> <br> <a target="_blank" href=Tue_Oct_06_11_52_15_IST_2020.jpg><img src=Tue_Oct_06_11_52_15_IST_2020.jpg height=200 width=200></img></a>  </system-out>
  <testcase name="verifyocalcSupportClickonGetStartedWithOcalcProcard" time="0.517" classname="com.OSMOSE.testcases.oCalcPro"/>
  <system-out>
Click to see Screenshot <a target="_blank" href=Tue_Oct_06_11_52_16_IST_2020.jpg>Screenshot</a> <br> <br> <a target="_blank" href=Tue_Oct_06_11_52_16_IST_2020.jpg><img src=Tue_Oct_06_11_52_16_IST_2020.jpg height=200 width=200></img></a>  </system-out>
  <testcase name="verifyProductsClick" time="2.739" classname="com.OSMOSE.testcases.oCalcPro"/>
  <system-out>
Click to see Screenshot <a target="_blank" href=Tue_Oct_06_11_52_19_IST_2020.jpg>Screenshot</a> <br> <br> <a target="_blank" href=Tue_Oct_06_11_52_19_IST_2020.jpg><img src=Tue_Oct_06_11_52_19_IST_2020.jpg height=200 width=200></img></a>  </system-out>
  <testcase name="verifyRequestLicenseQuoteClick" time="19.367" classname="com.OSMOSE.testcases.oCalcPro"/>
  <system-out>
Click to see Screenshot <a target="_blank" href=Tue_Oct_06_11_52_40_IST_2020.jpg>Screenshot</a> <br> <br> <a target="_blank" href=Tue_Oct_06_11_52_40_IST_2020.jpg><img src=Tue_Oct_06_11_52_40_IST_2020.jpg height=200 width=200></img></a>  </system-out>
  <testcase name="verifyRequestCVTQuoteClick" time="18.599" classname="com.OSMOSE.testcases.oCalcPro"/>
  <system-out>
Click to see Screenshot <a target="_blank" href=Tue_Oct_06_11_52_59_IST_2020.jpg>Screenshot</a> <br> <br> <a target="_blank" href=Tue_Oct_06_11_52_59_IST_2020.jpg><img src=Tue_Oct_06_11_52_59_IST_2020.jpg height=200 width=200></img></a>  </system-out>
  <testcase name="verifyRequestTrainingQuoteClick" time="19.392" classname="com.OSMOSE.testcases.oCalcPro"/>
  <system-out>
Click to see Screenshot <a target="_blank" href=Tue_Oct_06_11_53_19_IST_2020.jpg>Screenshot</a> <br> <br> <a target="_blank" href=Tue_Oct_06_11_53_19_IST_2020.jpg><img src=Tue_Oct_06_11_53_19_IST_2020.jpg height=200 width=200></img></a>  </system-out>
  <testcase name="verifyPresenceOfLicenseMgmtCard" time="0.108" classname="com.OSMOSE.testcases.oCalcPro"/>
  <system-out>
Click to see Screenshot <a target="_blank" href=Tue_Oct_06_11_53_20_IST_2020.jpg>Screenshot</a> <br> <br> <a target="_blank" href=Tue_Oct_06_11_53_20_IST_2020.jpg><img src=Tue_Oct_06_11_53_20_IST_2020.jpg height=200 width=200></img></a>  </system-out>
  <testcase name="verifyPresenceOfProductsCardLicensedUser" time="0.056" classname="com.OSMOSE.testcases.oCalcPro"/>
  <system-out>
Click to see Screenshot <a target="_blank" href=Tue_Oct_06_11_53_20_IST_2020.jpg>Screenshot</a> <br> <br> <a target="_blank" href=Tue_Oct_06_11_53_20_IST_2020.jpg><img src=Tue_Oct_06_11_53_20_IST_2020.jpg height=200 width=200></img></a>  </system-out>
  <testcase name="verifyPresenceOfKnowledgeBaseCardLicensedUser" time="0.040" classname="com.OSMOSE.testcases.oCalcPro"/>
  <system-out>
Click to see Screenshot <a target="_blank" href=Tue_Oct_06_11_53_21_IST_2020.jpg>Screenshot</a> <br> <br> <a target="_blank" href=Tue_Oct_06_11_53_21_IST_2020.jpg><img src=Tue_Oct_06_11_53_21_IST_2020.jpg height=200 width=200></img></a>  </system-out>
  <testcase name="verifyPresenceOfAnnouncementsCardLicensedUser" time="0.054" classname="com.OSMOSE.testcases.oCalcPro"/>
  <system-out>
Click to see Screenshot <a target="_blank" href=Tue_Oct_06_11_53_22_IST_2020.jpg>Screenshot</a> <br> <br> <a target="_blank" href=Tue_Oct_06_11_53_22_IST_2020.jpg><img src=Tue_Oct_06_11_53_22_IST_2020.jpg height=200 width=200></img></a>  </system-out>
  <testcase name="verifyPresenceOfTrainingOptionsCardLicensedUser" time="0.083" classname="com.OSMOSE.testcases.oCalcPro"/>
  <system-out>
Click to see Screenshot <a target="_blank" href=Tue_Oct_06_11_53_22_IST_2020.jpg>Screenshot</a> <br> <br> <a target="_blank" href=Tue_Oct_06_11_53_22_IST_2020.jpg><img src=Tue_Oct_06_11_53_22_IST_2020.jpg height=200 width=200></img></a>  </system-out>
  <testcase name="verifyPresenceOfTutorialLiveDemoCardLicensedUser" time="0.050" classname="com.OSMOSE.testcases.oCalcPro"/>
  <system-out>
Click to see Screenshot <a target="_blank" href=Tue_Oct_06_11_53_23_IST_2020.jpg>Screenshot</a> <br> <br> <a target="_blank" href=Tue_Oct_06_11_53_23_IST_2020.jpg><img src=Tue_Oct_06_11_53_23_IST_2020.jpg height=200 width=200></img></a>  </system-out>
  <testcase name="verifyContentsOfTrainingOptionsLicensedUser" time="0.135" classname="com.OSMOSE.testcases.oCalcPro"/>
  <system-out>
Click to see Screenshot <a target="_blank" href=Tue_Oct_06_11_53_24_IST_2020.jpg>Screenshot</a> <br> <br> <a target="_blank" href=Tue_Oct_06_11_53_24_IST_2020.jpg><img src=Tue_Oct_06_11_53_24_IST_2020.jpg height=200 width=200></img></a>  </system-out>
  <testcase name="verifyContentsOfProductsCardLicensedUser" time="0.224" classname="com.OSMOSE.testcases.oCalcPro"/>
  <system-out>
Click to see Screenshot <a target="_blank" href=Tue_Oct_06_11_53_24_IST_2020.jpg>Screenshot</a> <br> <br> <a target="_blank" href=Tue_Oct_06_11_53_24_IST_2020.jpg><img src=Tue_Oct_06_11_53_24_IST_2020.jpg height=200 width=200></img></a>  </system-out>
  <testcase name="verifyContentsOfKBCardLicensedUser" time="0.134" classname="com.OSMOSE.testcases.oCalcPro"/>
  <system-out>
Click to see Screenshot <a target="_blank" href=Tue_Oct_06_11_53_25_IST_2020.jpg>Screenshot</a> <br> <br> <a target="_blank" href=Tue_Oct_06_11_53_25_IST_2020.jpg><img src=Tue_Oct_06_11_53_25_IST_2020.jpg height=200 width=200></img></a>  </system-out>
  <testcase name="verifyContentsOfAnnouncementsLicensedUser" time="0.258" classname="com.OSMOSE.testcases.oCalcPro"/>
  <system-out>
Click to see Screenshot <a target="_blank" href=Tue_Oct_06_11_53_26_IST_2020.jpg>Screenshot</a> <br> <br> <a target="_blank" href=Tue_Oct_06_11_53_26_IST_2020.jpg><img src=Tue_Oct_06_11_53_26_IST_2020.jpg height=200 width=200></img></a>  </system-out>
  <testcase name="verifyContentsOfLicenseMgmtLicensedUser" time="0.350" classname="com.OSMOSE.testcases.oCalcPro"/>
  <system-out>
Click to see Screenshot <a target="_blank" href=Tue_Oct_06_11_53_27_IST_2020.jpg>Screenshot</a> <br> <br> <a target="_blank" href=Tue_Oct_06_11_53_27_IST_2020.jpg><img src=Tue_Oct_06_11_53_27_IST_2020.jpg height=200 width=200></img></a>  </system-out>
  <testcase name="verifyContentsOfTutorialLiveDemoLicensedUser" time="0.403" classname="com.OSMOSE.testcases.oCalcPro"/>
  <system-out>
Click to see Screenshot <a target="_blank" href=Tue_Oct_06_11_53_27_IST_2020.jpg>Screenshot</a> <br> <br> <a target="_blank" href=Tue_Oct_06_11_53_27_IST_2020.jpg><img src=Tue_Oct_06_11_53_27_IST_2020.jpg height=200 width=200></img></a>  </system-out>
  <testcase name="verifyProductsClickLicensedUser" time="2.734" classname="com.OSMOSE.testcases.oCalcPro"/>
  <system-out>
Click to see Screenshot <a target="_blank" href=Tue_Oct_06_11_53_31_IST_2020.jpg>Screenshot</a> <br> <br> <a target="_blank" href=Tue_Oct_06_11_53_31_IST_2020.jpg><img src=Tue_Oct_06_11_53_31_IST_2020.jpg height=200 width=200></img></a>  </system-out>
  <testcase name="verifyRequestLicenseQuoteClickLicensedUser" time="24.635" classname="com.OSMOSE.testcases.oCalcPro"/>
  <system-out>
Click to see Screenshot <a target="_blank" href=Tue_Oct_06_11_53_56_IST_2020.jpg>Screenshot</a> <br> <br> <a target="_blank" href=Tue_Oct_06_11_53_56_IST_2020.jpg><img src=Tue_Oct_06_11_53_56_IST_2020.jpg height=200 width=200></img></a>  </system-out>
  <testcase name="verifyRequestCVTQuoteClickLicensedUser" time="35.771" classname="com.OSMOSE.testcases.oCalcPro"/>
  <system-out>
Click to see Screenshot <a target="_blank" href=Tue_Oct_06_11_54_33_IST_2020.jpg>Screenshot</a> <br> <br> <a target="_blank" href=Tue_Oct_06_11_54_33_IST_2020.jpg><img src=Tue_Oct_06_11_54_33_IST_2020.jpg height=200 width=200></img></a>  </system-out>
  <testcase name="verifyRequestTrainingQuoteClickLicensedUser" time="15.108" classname="com.OSMOSE.testcases.oCalcPro"/>
  <system-out>
Click to see Screenshot <a target="_blank" href=Tue_Oct_06_11_54_49_IST_2020.jpg>Screenshot</a> <br> <br> <a target="_blank" href=Tue_Oct_06_11_54_49_IST_2020.jpg><img src=Tue_Oct_06_11_54_49_IST_2020.jpg height=200 width=200></img></a>  </system-out>
  <testcase name="verify30daysbtnClickLicensedUser" time="5.301" classname="com.OSMOSE.testcases.oCalcPro"/>
  <system-out>
Click to see Screenshot <a target="_blank" href=Tue_Oct_06_11_54_55_IST_2020.jpg>Screenshot</a> <br> <br> <a target="_blank" href=Tue_Oct_06_11_54_55_IST_2020.jpg><img src=Tue_Oct_06_11_54_55_IST_2020.jpg height=200 width=200></img></a>  </system-out>
  <testcase name="verifyRequstDemoClickLicensedUser" time="5.133" classname="com.OSMOSE.testcases.oCalcPro"/>
  <system-out>
Click to see Screenshot <a target="_blank" href=Tue_Oct_06_11_55_00_IST_2020.jpg>Screenshot</a> <br> <br> <a target="_blank" href=Tue_Oct_06_11_55_00_IST_2020.jpg><img src=Tue_Oct_06_11_55_00_IST_2020.jpg height=200 width=200></img></a>  </system-out>
  <testcase name="verifyocalcSupportClickLicensedUser" time="0.376" classname="com.OSMOSE.testcases.oCalcPro"/>
  <system-out>
Click to see Screenshot <a target="_blank" href=Tue_Oct_06_11_55_01_IST_2020.jpg>Screenshot</a> <br> <br> <a target="_blank" href=Tue_Oct_06_11_55_01_IST_2020.jpg><img src=Tue_Oct_06_11_55_01_IST_2020.jpg height=200 width=200></img></a>  </system-out>
  <testcase name="verifyDifferentProductsQuoteCreate" time="23.411" classname="com.OSMOSE.testcases.oCalcPro"/>
  <system-out>
Click to see Screenshot <a target="_blank" href=Tue_Oct_06_11_55_26_IST_2020.jpg>Screenshot</a> <br> <br> <a target="_blank" href=Tue_Oct_06_11_55_26_IST_2020.jpg><img src=Tue_Oct_06_11_55_26_IST_2020.jpg height=200 width=200></img></a>  </system-out>
  <testcase name="verifyPresenceOfCreditCardOptions" time="105.252" classname="com.OSMOSE.testcases.oCalcPro"/>
  <system-out>
Click to see Screenshot <a target="_blank" href=Tue_Oct_06_11_57_12_IST_2020.jpg>Screenshot</a> <br> <br> <a target="_blank" href=Tue_Oct_06_11_57_12_IST_2020.jpg><img src=Tue_Oct_06_11_57_12_IST_2020.jpg height=200 width=200></img></a>  </system-out>
  <testcase name="verifyClickOnPaywithCCBtn" time="13.545" classname="com.OSMOSE.testcases.oCalcPro"/>
  <system-out>
Click to see Screenshot <a target="_blank" href=Tue_Oct_06_11_57_26_IST_2020.jpg>Screenshot</a> <br> <br> <a target="_blank" href=Tue_Oct_06_11_57_26_IST_2020.jpg><img src=Tue_Oct_06_11_57_26_IST_2020.jpg height=200 width=200></img></a>  </system-out>
  <testcase name="verifyClickMakePaymentBtn" time="2.584" classname="com.OSMOSE.testcases.oCalcPro"/>
  <system-out>
Click to see Screenshot <a target="_blank" href=Tue_Oct_06_11_57_29_IST_2020.jpg>Screenshot</a> <br> <br> <a target="_blank" href=Tue_Oct_06_11_57_29_IST_2020.jpg><img src=Tue_Oct_06_11_57_29_IST_2020.jpg height=200 width=200></img></a>  </system-out>
  <testcase name="verifyClickIhaveCopiedMyReceiptChkBox" time="17.398" classname="com.OSMOSE.testcases.oCalcPro"/>
  <system-out>
Click to see Screenshot <a target="_blank" href=Tue_Oct_06_11_57_47_IST_2020.jpg>Screenshot</a> <br> <br> <a target="_blank" href=Tue_Oct_06_11_57_47_IST_2020.jpg><img src=Tue_Oct_06_11_57_47_IST_2020.jpg height=200 width=200></img></a>  </system-out>
  <testcase name="verifyCCDetailsForNonOCalcProduct" time="106.969" classname="com.OSMOSE.testcases.oCalcPro"/>
  <system-out>
Click to see Screenshot <a target="_blank" href=Tue_Oct_06_11_59_35_IST_2020.jpg>Screenshot</a> <br> <br> <a target="_blank" href=Tue_Oct_06_11_59_35_IST_2020.jpg><img src=Tue_Oct_06_11_59_35_IST_2020.jpg height=200 width=200></img></a>  </system-out>
  <testcase name="verifyPresenceOfCCReceipt" time="94.523" classname="com.OSMOSE.testcases.oCalcPro"/>
  <system-out>
Click to see Screenshot <a target="_blank" href=Tue_Oct_06_12_01_10_IST_2020.jpg>Screenshot</a> <br> <br> <a target="_blank" href=Tue_Oct_06_12_01_10_IST_2020.jpg><img src=Tue_Oct_06_12_01_10_IST_2020.jpg height=200 width=200></img></a>  </system-out>
</testsuite> <!-- com.OSMOSE.testcases.oCalcPro -->
