<?xml version="1.0" encoding="UTF-8"?>
<!-- Generated by org.testng.reporters.JUnitReportReporter -->
<testsuite skipped="6" hostname="5CG6332Q2D" name="com.OSMOSE.testcases.Contact" tests="26" failures="0" timestamp="2020-12-09T12:47:30 IST" time="182.317" errors="0">
  <testcase name="verifyContactUsMenuContents" time="0.196" classname="com.OSMOSE.testcases.Contact"/>
  <system-out>
Click to see Screenshot <a target="_blank" href=Wed_Dec_09_12_44_14_IST_2020.jpg>Screenshot</a> <br> <br> <a target="_blank" href=Wed_Dec_09_12_44_14_IST_2020.jpg><img src=Wed_Dec_09_12_44_14_IST_2020.jpg height=200 width=200></img></a>  </system-out>
  <testcase name="verifyPresenceOfProjectGroup" time="4.403" classname="com.OSMOSE.testcases.Contact"/>
  <system-out>
Click to see Screenshot <a target="_blank" href=Wed_Dec_09_12_44_19_IST_2020.jpg>Screenshot</a> <br> <br> <a target="_blank" href=Wed_Dec_09_12_44_19_IST_2020.jpg><img src=Wed_Dec_09_12_44_19_IST_2020.jpg height=200 width=200></img></a>  </system-out>
  <testcase name="verifyCityOfColumbiaContactCardContents" time="12.762" classname="com.OSMOSE.testcases.Contact"/>
  <system-out>
Click to see Screenshot <a target="_blank" href=Wed_Dec_09_12_44_32_IST_2020.jpg>Screenshot</a> <br> <br> <a target="_blank" href=Wed_Dec_09_12_44_32_IST_2020.jpg><img src=Wed_Dec_09_12_44_32_IST_2020.jpg height=200 width=200></img></a>  </system-out>
  <testcase name="verifyGeorgiaPowerCompanyContactCardContents" time="18.505" classname="com.OSMOSE.testcases.Contact"/>
  <system-out>
Click to see Screenshot <a target="_blank" href=Wed_Dec_09_12_44_51_IST_2020.jpg>Screenshot</a> <br> <br> <a target="_blank" href=Wed_Dec_09_12_44_51_IST_2020.jpg><img src=Wed_Dec_09_12_44_51_IST_2020.jpg height=200 width=200></img></a>  </system-out>
  <testcase name="verifyGrandElectricContactCardContents" time="12.330" classname="com.OSMOSE.testcases.Contact"/>
  <system-out>
Click to see Screenshot <a target="_blank" href=Wed_Dec_09_12_45_04_IST_2020.jpg>Screenshot</a> <br> <br> <a target="_blank" href=Wed_Dec_09_12_45_04_IST_2020.jpg><img src=Wed_Dec_09_12_45_04_IST_2020.jpg height=200 width=200></img></a>  </system-out>
  <testcase name="verifyIdahoPowerInspectionContactCardContents" time="12.437" classname="com.OSMOSE.testcases.Contact"/>
  <system-out>
Click to see Screenshot <a target="_blank" href=Wed_Dec_09_12_45_17_IST_2020.jpg>Screenshot</a> <br> <br> <a target="_blank" href=Wed_Dec_09_12_45_17_IST_2020.jpg><img src=Wed_Dec_09_12_45_17_IST_2020.jpg height=200 width=200></img></a>  </system-out>
  <testcase name="verifyIdahoPowerRestorationContactCardContents" time="11.390" classname="com.OSMOSE.testcases.Contact"/>
  <system-out>
Click to see Screenshot <a target="_blank" href=Wed_Dec_09_12_45_29_IST_2020.jpg>Screenshot</a> <br> <br> <a target="_blank" href=Wed_Dec_09_12_45_29_IST_2020.jpg><img src=Wed_Dec_09_12_45_29_IST_2020.jpg height=200 width=200></img></a>  </system-out>
  <testcase name="verifyOncurDistributionContactCardContents" time="12.438" classname="com.OSMOSE.testcases.Contact"/>
  <system-out>
Click to see Screenshot <a target="_blank" href=Wed_Dec_09_12_45_42_IST_2020.jpg>Screenshot</a> <br> <br> <a target="_blank" href=Wed_Dec_09_12_45_42_IST_2020.jpg><img src=Wed_Dec_09_12_45_42_IST_2020.jpg height=200 width=200></img></a>  </system-out>
  <testcase name="verifyPacificGasAndElectricCoContactCardContents" time="12.404" classname="com.OSMOSE.testcases.Contact"/>
  <system-out>
Click to see Screenshot <a target="_blank" href=Wed_Dec_09_12_45_54_IST_2020.jpg>Screenshot</a> <br> <br> <a target="_blank" href=Wed_Dec_09_12_45_54_IST_2020.jpg><img src=Wed_Dec_09_12_45_54_IST_2020.jpg height=200 width=200></img></a>  </system-out>
  <testcase name="verifyPedernalesElecCoopContactCardContents" time="12.478" classname="com.OSMOSE.testcases.Contact"/>
  <system-out>
Click to see Screenshot <a target="_blank" href=Wed_Dec_09_12_46_07_IST_2020.jpg>Screenshot</a> <br> <br> <a target="_blank" href=Wed_Dec_09_12_46_07_IST_2020.jpg><img src=Wed_Dec_09_12_46_07_IST_2020.jpg height=200 width=200></img></a>  </system-out>
  <testcase name="verifyPugetSoundEnergyInspectionContactCardContents" time="12.492" classname="com.OSMOSE.testcases.Contact"/>
  <system-out>
Click to see Screenshot <a target="_blank" href=Wed_Dec_09_12_46_20_IST_2020.jpg>Screenshot</a> <br> <br> <a target="_blank" href=Wed_Dec_09_12_46_20_IST_2020.jpg><img src=Wed_Dec_09_12_46_20_IST_2020.jpg height=200 width=200></img></a>  </system-out>
  <testcase name="verifyPugetSoundEnergyRestorationContactCardContents" time="11.385" classname="com.OSMOSE.testcases.Contact"/>
  <system-out>
Click to see Screenshot <a target="_blank" href=Wed_Dec_09_12_46_32_IST_2020.jpg>Screenshot</a> <br> <br> <a target="_blank" href=Wed_Dec_09_12_46_32_IST_2020.jpg><img src=Wed_Dec_09_12_46_32_IST_2020.jpg height=200 width=200></img></a>  </system-out>
  <testcase name="verifyContactUsHeaderContents" time="17.333" classname="com.OSMOSE.testcases.Contact"/>
  <system-out>
Click to see Screenshot <a target="_blank" href=Wed_Dec_09_12_46_50_IST_2020.jpg>Screenshot</a> <br> <br> <a target="_blank" href=Wed_Dec_09_12_46_50_IST_2020.jpg><img src=Wed_Dec_09_12_46_50_IST_2020.jpg height=200 width=200></img></a>  </system-out>
  <testcase name="verifyContactUsClickOnGoogleMap" time="31.198" classname="com.OSMOSE.testcases.Contact"/>
  <system-out>
Click to see Screenshot <a target="_blank" href=Wed_Dec_09_12_47_22_IST_2020.jpg>Screenshot</a> <br> <br> <a target="_blank" href=Wed_Dec_09_12_47_22_IST_2020.jpg><img src=Wed_Dec_09_12_47_22_IST_2020.jpg height=200 width=200></img></a>  </system-out>
  <testcase name="verifyContactUsGeneralInquiriesContents" time="0.063" classname="com.OSMOSE.testcases.Contact"/>
  <system-out>
Click to see Screenshot <a target="_blank" href=Wed_Dec_09_12_47_22_IST_2020.jpg>Screenshot</a> <br> <br> <a target="_blank" href=Wed_Dec_09_12_47_22_IST_2020.jpg><img src=Wed_Dec_09_12_47_22_IST_2020.jpg height=200 width=200></img></a>  </system-out>
  <testcase name="verifyContactUsSalesProductsContents" time="0.093" classname="com.OSMOSE.testcases.Contact"/>
  <system-out>
Click to see Screenshot <a target="_blank" href=Wed_Dec_09_12_47_23_IST_2020.jpg>Screenshot</a> <br> <br> <a target="_blank" href=Wed_Dec_09_12_47_23_IST_2020.jpg><img src=Wed_Dec_09_12_47_23_IST_2020.jpg height=200 width=200></img></a>  </system-out>
  <testcase name="verifyContactUsSalesServicesContents" time="0.090" classname="com.OSMOSE.testcases.Contact"/>
  <system-out>
Click to see Screenshot <a target="_blank" href=Wed_Dec_09_12_47_23_IST_2020.jpg>Screenshot</a> <br> <br> <a target="_blank" href=Wed_Dec_09_12_47_23_IST_2020.jpg><img src=Wed_Dec_09_12_47_23_IST_2020.jpg height=200 width=200></img></a>  </system-out>
  <testcase name="verifyContactUsOCalcProContents" time="0.078" classname="com.OSMOSE.testcases.Contact"/>
  <system-out>
Click to see Screenshot <a target="_blank" href=Wed_Dec_09_12_47_24_IST_2020.jpg>Screenshot</a> <br> <br> <a target="_blank" href=Wed_Dec_09_12_47_24_IST_2020.jpg><img src=Wed_Dec_09_12_47_24_IST_2020.jpg height=200 width=200></img></a>  </system-out>
  <testcase name="verifyContactUsQueryFormContents" time="0.143" classname="com.OSMOSE.testcases.Contact"/>
  <system-out>
Click to see Screenshot <a target="_blank" href=Wed_Dec_09_12_47_24_IST_2020.jpg>Screenshot</a> <br> <br> <a target="_blank" href=Wed_Dec_09_12_47_24_IST_2020.jpg><img src=Wed_Dec_09_12_47_24_IST_2020.jpg height=200 width=200></img></a>  </system-out>
  <testcase name="verifyFormSubmissionErrorMessage" time="0.099" classname="com.OSMOSE.testcases.Contact"/>
  <system-out>
Click to see Screenshot <a target="_blank" href=Wed_Dec_09_12_47_25_IST_2020.jpg>Screenshot</a> <br> <br> <a target="_blank" href=Wed_Dec_09_12_47_25_IST_2020.jpg><img src=Wed_Dec_09_12_47_25_IST_2020.jpg height=200 width=200></img></a>  </system-out>
  <testcase name="verifyFormSubmissionWith_Other" classname="com.OSMOSE.testcases.Contact">
    <skipped/>
  </testcase> <!-- verifyFormSubmissionWith_Other -->
  <system-out/>
  <testcase name="verifyFormSubmissionWith_TechnicalSupport" classname="com.OSMOSE.testcases.Contact">
    <skipped/>
  </testcase> <!-- verifyFormSubmissionWith_TechnicalSupport -->
  <system-out/>
  <testcase name="verifyFormSubmissionThankYouPopUp" classname="com.OSMOSE.testcases.Contact">
    <skipped/>
  </testcase> <!-- verifyFormSubmissionThankYouPopUp -->
  <system-out/>
  <testcase name="verifyFormSubmissionWith_RequestForInformation" classname="com.OSMOSE.testcases.Contact">
    <skipped/>
  </testcase> <!-- verifyFormSubmissionWith_RequestForInformation -->
  <system-out/>
  <testcase name="verifyFormSubmissionWith_ProjectSupport" classname="com.OSMOSE.testcases.Contact">
    <skipped/>
  </testcase> <!-- verifyFormSubmissionWith_ProjectSupport -->
  <system-out/>
  <testcase name="verifyClickOnBackButton" classname="com.OSMOSE.testcases.Contact">
    <skipped/>
  </testcase> <!-- verifyClickOnBackButton -->
  <system-out/>
</testsuite> <!-- com.OSMOSE.testcases.Contact -->
