<?xml version="1.0" encoding="UTF-8"?>
<!-- Generated by org.testng.reporters.JUnitReportReporter -->
<testsuite skipped="1" hostname="5CG6323N27" name="com.OSMOSE.testcases.OsmoseServices" tests="26" failures="0" timestamp="2020-09-29T13:50:27 IST" time="324.388" errors="0">
  <testcase name="verifyMyOsmoseServicesCardClick" time="7.876" classname="com.OSMOSE.testcases.OsmoseServices"/>
  <system-out>
Click to see Screenshot <a target="_blank" href=Tue_Sep_29_13_44_56_IST_2020.jpg>Screenshot</a> <br> <br> <a target="_blank" href=Tue_Sep_29_13_44_56_IST_2020.jpg><img src=Tue_Sep_29_13_44_56_IST_2020.jpg height=200 width=200></img></a>  </system-out>
  <testcase name="verifyWoodInspectionandTreatmentLearnMoreClick" time="13.575" classname="com.OSMOSE.testcases.OsmoseServices"/>
  <system-out>
Click to see Screenshot <a target="_blank" href=Tue_Sep_29_13_45_10_IST_2020.jpg>Screenshot</a> <br> <br> <a target="_blank" href=Tue_Sep_29_13_45_10_IST_2020.jpg><img src=Tue_Sep_29_13_45_10_IST_2020.jpg height=200 width=200></img></a>  </system-out>
  <testcase name="verifyWoodRestorationLearnMoreClick" time="5.238" classname="com.OSMOSE.testcases.OsmoseServices"/>
  <system-out>
Click to see Screenshot <a target="_blank" href=Tue_Sep_29_13_45_16_IST_2020.jpg>Screenshot</a> <br> <br> <a target="_blank" href=Tue_Sep_29_13_45_16_IST_2020.jpg><img src=Tue_Sep_29_13_45_16_IST_2020.jpg height=200 width=200></img></a>  </system-out>
  <testcase name="verifyOcalcProLearnMoreClick" time="5.274" classname="com.OSMOSE.testcases.OsmoseServices"/>
  <system-out>
Click to see Screenshot <a target="_blank" href=Tue_Sep_29_13_45_21_IST_2020.jpg>Screenshot</a> <br> <br> <a target="_blank" href=Tue_Sep_29_13_45_21_IST_2020.jpg><img src=Tue_Sep_29_13_45_21_IST_2020.jpg height=200 width=200></img></a>  </system-out>
  <testcase name="verifySteelandConcreteAssessmentLearnMoreClick" time="5.248" classname="com.OSMOSE.testcases.OsmoseServices"/>
  <system-out>
Click to see Screenshot <a target="_blank" href=Tue_Sep_29_13_45_27_IST_2020.jpg>Screenshot</a> <br> <br> <a target="_blank" href=Tue_Sep_29_13_45_27_IST_2020.jpg><img src=Tue_Sep_29_13_45_27_IST_2020.jpg height=200 width=200></img></a>  </system-out>
  <testcase name="verifySteelandConcreteRestorationLearnMoreClick" time="5.255" classname="com.OSMOSE.testcases.OsmoseServices"/>
  <system-out>
Click to see Screenshot <a target="_blank" href=Tue_Sep_29_13_45_33_IST_2020.jpg>Screenshot</a> <br> <br> <a target="_blank" href=Tue_Sep_29_13_45_33_IST_2020.jpg><img src=Tue_Sep_29_13_45_33_IST_2020.jpg height=200 width=200></img></a>  </system-out>
  <testcase name="verifyOverheadLearnMoreClick" time="5.234" classname="com.OSMOSE.testcases.OsmoseServices"/>
  <system-out>
Click to see Screenshot <a target="_blank" href=Tue_Sep_29_13_45_39_IST_2020.jpg>Screenshot</a> <br> <br> <a target="_blank" href=Tue_Sep_29_13_45_39_IST_2020.jpg><img src=Tue_Sep_29_13_45_39_IST_2020.jpg height=200 width=200></img></a>  </system-out>
  <testcase name="verifyUndergroundLearnMoreClick" time="5.350" classname="com.OSMOSE.testcases.OsmoseServices"/>
  <system-out>
Click to see Screenshot <a target="_blank" href=Tue_Sep_29_13_45_45_IST_2020.jpg>Screenshot</a> <br> <br> <a target="_blank" href=Tue_Sep_29_13_45_45_IST_2020.jpg><img src=Tue_Sep_29_13_45_45_IST_2020.jpg height=200 width=200></img></a>  </system-out>
  <testcase name="verifyJointUseLearnMoreClick" time="5.239" classname="com.OSMOSE.testcases.OsmoseServices"/>
  <system-out>
Click to see Screenshot <a target="_blank" href=Tue_Sep_29_13_45_50_IST_2020.jpg>Screenshot</a> <br> <br> <a target="_blank" href=Tue_Sep_29_13_45_50_IST_2020.jpg><img src=Tue_Sep_29_13_45_50_IST_2020.jpg height=200 width=200></img></a>  </system-out>
  <testcase name="verifyStrayVoltageLearnMoreClick" time="5.260" classname="com.OSMOSE.testcases.OsmoseServices"/>
  <system-out>
Click to see Screenshot <a target="_blank" href=Tue_Sep_29_13_45_56_IST_2020.jpg>Screenshot</a> <br> <br> <a target="_blank" href=Tue_Sep_29_13_45_56_IST_2020.jpg><img src=Tue_Sep_29_13_45_56_IST_2020.jpg height=200 width=200></img></a>  </system-out>
  <testcase name="verifyTechnicalServicesLearnMoreClick" time="5.286" classname="com.OSMOSE.testcases.OsmoseServices"/>
  <system-out>
Click to see Screenshot <a target="_blank" href=Tue_Sep_29_13_46_02_IST_2020.jpg>Screenshot</a> <br> <br> <a target="_blank" href=Tue_Sep_29_13_46_02_IST_2020.jpg><img src=Tue_Sep_29_13_46_02_IST_2020.jpg height=200 width=200></img></a>  </system-out>
  <testcase name="verifyMapViewLearnMoreClick" time="5.340" classname="com.OSMOSE.testcases.OsmoseServices"/>
  <system-out>
Click to see Screenshot <a target="_blank" href=Tue_Sep_29_13_46_08_IST_2020.jpg>Screenshot</a> <br> <br> <a target="_blank" href=Tue_Sep_29_13_46_08_IST_2020.jpg><img src=Tue_Sep_29_13_46_08_IST_2020.jpg height=200 width=200></img></a>  </system-out>
  <testcase name="VerifyProductclick" time="43.061" classname="com.OSMOSE.testcases.OsmoseServices"/>
  <system-out>
Click to see Screenshot <a target="_blank" href=Tue_Sep_29_13_46_52_IST_2020.jpg>Screenshot</a> <br> <br> <a target="_blank" href=Tue_Sep_29_13_46_52_IST_2020.jpg><img src=Tue_Sep_29_13_46_52_IST_2020.jpg height=200 width=200></img></a>  </system-out>
  <testcase name="VerifyViewMapclick" time="17.970" classname="com.OSMOSE.testcases.OsmoseServices"/>
  <system-out>
Click to see Screenshot <a target="_blank" href=Tue_Sep_29_13_47_10_IST_2020.jpg>Screenshot</a> <br> <br> <a target="_blank" href=Tue_Sep_29_13_47_10_IST_2020.jpg><img src=Tue_Sep_29_13_47_10_IST_2020.jpg height=200 width=200></img></a>  </system-out>
  <testcase name="VerifyWoodInspectionAndTreatmentclick" time="8.031" classname="com.OSMOSE.testcases.OsmoseServices"/>
  <system-out>
Click to see Screenshot <a target="_blank" href=Tue_Sep_29_13_47_18_IST_2020.jpg>Screenshot</a> <br> <br> <a target="_blank" href=Tue_Sep_29_13_47_18_IST_2020.jpg><img src=Tue_Sep_29_13_47_18_IST_2020.jpg height=200 width=200></img></a>  </system-out>
  <testcase name="verifyClickonWoodTreatmentVideos" time="39.529" classname="com.OSMOSE.testcases.OsmoseServices"/>
  <system-out>
Click to see Screenshot <a target="_blank" href=Tue_Sep_29_13_47_58_IST_2020.jpg>Screenshot</a> <br> <br> <a target="_blank" href=Tue_Sep_29_13_47_58_IST_2020.jpg><img src=Tue_Sep_29_13_47_58_IST_2020.jpg height=200 width=200></img></a>  </system-out>
  <testcase name="verifyClickonWoodTreatmentProjectProfiles" time="20.761" classname="com.OSMOSE.testcases.OsmoseServices"/>
  <system-out>
Click to see Screenshot <a target="_blank" href=Tue_Sep_29_13_48_19_IST_2020.jpg>Screenshot</a> <br> <br> <a target="_blank" href=Tue_Sep_29_13_48_19_IST_2020.jpg><img src=Tue_Sep_29_13_48_19_IST_2020.jpg height=200 width=200></img></a>  </system-out>
  <testcase name="VerifyWoodRestorationclick" time="7.659" classname="com.OSMOSE.testcases.OsmoseServices"/>
  <system-out>
Click to see Screenshot <a target="_blank" href=Tue_Sep_29_13_48_28_IST_2020.jpg>Screenshot</a> <br> <br> <a target="_blank" href=Tue_Sep_29_13_48_28_IST_2020.jpg><img src=Tue_Sep_29_13_48_28_IST_2020.jpg height=200 width=200></img></a>  </system-out>
  <testcase name="verifyClickonWoodRestorationVideos" time="27.629" classname="com.OSMOSE.testcases.OsmoseServices"/>
  <system-out>
Click to see Screenshot <a target="_blank" href=Tue_Sep_29_13_48_56_IST_2020.jpg>Screenshot</a> <br> <br> <a target="_blank" href=Tue_Sep_29_13_48_56_IST_2020.jpg><img src=Tue_Sep_29_13_48_56_IST_2020.jpg height=200 width=200></img></a>  </system-out>
  <testcase name="verifyClickonWoodRestorationProjectProfiles" time="20.570" classname="com.OSMOSE.testcases.OsmoseServices"/>
  <system-out>
Click to see Screenshot <a target="_blank" href=Tue_Sep_29_13_49_17_IST_2020.jpg>Screenshot</a> <br> <br> <a target="_blank" href=Tue_Sep_29_13_49_17_IST_2020.jpg><img src=Tue_Sep_29_13_49_17_IST_2020.jpg height=200 width=200></img></a>  </system-out>
  <testcase name="verifyClickonUndergroundVideos" time="20.607" classname="com.OSMOSE.testcases.OsmoseServices"/>
  <system-out>
Click to see Screenshot <a target="_blank" href=Tue_Sep_29_13_49_38_IST_2020.jpg>Screenshot</a> <br> <br> <a target="_blank" href=Tue_Sep_29_13_49_38_IST_2020.jpg><img src=Tue_Sep_29_13_49_38_IST_2020.jpg height=200 width=200></img></a>  </system-out>
  <testcase name="verifyClickonUndergroundProjectProfiles" time="20.499" classname="com.OSMOSE.testcases.OsmoseServices"/>
  <system-out>
Click to see Screenshot <a target="_blank" href=Tue_Sep_29_13_49_59_IST_2020.jpg>Screenshot</a> <br> <br> <a target="_blank" href=Tue_Sep_29_13_49_59_IST_2020.jpg><img src=Tue_Sep_29_13_49_59_IST_2020.jpg height=200 width=200></img></a>  </system-out>
  <testcase name="verifyPopUpUnderground" time="15.459" classname="com.OSMOSE.testcases.OsmoseServices"/>
  <system-out>
Click to see Screenshot <a target="_blank" href=Tue_Sep_29_13_50_14_IST_2020.jpg>Screenshot</a> <br> <br> <a target="_blank" href=Tue_Sep_29_13_50_14_IST_2020.jpg><img src=Tue_Sep_29_13_50_14_IST_2020.jpg height=200 width=200></img></a>  </system-out>
  <testcase name="verifyCancelClickOnPopUpUnderground" time="3.119" classname="com.OSMOSE.testcases.OsmoseServices"/>
  <system-out>
Click to see Screenshot <a target="_blank" href=Tue_Sep_29_13_50_18_IST_2020.jpg>Screenshot</a> <br> <br> <a target="_blank" href=Tue_Sep_29_13_50_18_IST_2020.jpg><img src=Tue_Sep_29_13_50_18_IST_2020.jpg height=200 width=200></img></a>  </system-out>
  <testcase name="verifyOkClickOnPopUpUnderground" time="5.319" classname="com.OSMOSE.testcases.OsmoseServices"/>
  <system-out>
Click to see Screenshot <a target="_blank" href=Tue_Sep_29_13_50_24_IST_2020.jpg>Screenshot</a> <br> <br> <a target="_blank" href=Tue_Sep_29_13_50_24_IST_2020.jpg><img src=Tue_Sep_29_13_50_24_IST_2020.jpg height=200 width=200></img></a>  </system-out>
  <testcase name="verifyProductsLearnMoreClick" classname="com.OSMOSE.testcases.OsmoseServices">
    <skipped/>
  </testcase> <!-- verifyProductsLearnMoreClick -->
  <system-out/>
</testsuite> <!-- com.OSMOSE.testcases.OsmoseServices -->
