<?xml version="1.0" encoding="UTF-8"?>
<!-- Generated by org.testng.reporters.JUnitReportReporter -->
<testsuite skipped="0" hostname="5CG6323N27" name="com.OSMOSE.testcases.JointUse_Submitter" tests="15" failures="0" timestamp="2020-12-15T22:09:36 IST" time="70.228" errors="0">
  <testcase name="jointUseloginTestSubmitter" time="25.166" classname="com.OSMOSE.testcases.JointUse_Submitter"/>
  <system-out>
Click to see Screenshot <a target="_blank" href=Tue_Dec_15_22_08_40_IST_2020.jpg>Screenshot</a> <br> <br> <a target="_blank" href=Tue_Dec_15_22_08_40_IST_2020.jpg><img src=Tue_Dec_15_22_08_40_IST_2020.jpg height=200 width=200></img></a>  </system-out>
  <testcase name="verifyJointUseNavigationClick" time="33.050" classname="com.OSMOSE.testcases.JointUse_Submitter"/>
  <system-out>
Click to see Screenshot <a target="_blank" href=Tue_Dec_15_22_09_15_IST_2020.jpg>Screenshot</a> <br> <br> <a target="_blank" href=Tue_Dec_15_22_09_15_IST_2020.jpg><img src=Tue_Dec_15_22_09_15_IST_2020.jpg height=200 width=200></img></a>  </system-out>
  <testcase name="verifyHorizontalCollapseFunctionality" time="5.323" classname="com.OSMOSE.testcases.JointUse_Submitter"/>
  <system-out>
Click to see Screenshot <a target="_blank" href=Tue_Dec_15_22_09_21_IST_2020.jpg>Screenshot</a> <br> <br> <a target="_blank" href=Tue_Dec_15_22_09_21_IST_2020.jpg><img src=Tue_Dec_15_22_09_21_IST_2020.jpg height=200 width=200></img></a>  </system-out>
  <testcase name="verifyVerticalCollapseFunctionality" time="0.140" classname="com.OSMOSE.testcases.JointUse_Submitter"/>
  <system-out>
Click to see Screenshot <a target="_blank" href=Tue_Dec_15_22_09_21_IST_2020.jpg>Screenshot</a> <br> <br> <a target="_blank" href=Tue_Dec_15_22_09_21_IST_2020.jpg><img src=Tue_Dec_15_22_09_21_IST_2020.jpg height=200 width=200></img></a>  </system-out>
  <testcase name="verifyAddWidgets" time="0.063" classname="com.OSMOSE.testcases.JointUse_Submitter"/>
  <system-out>
Click to see Screenshot <a target="_blank" href=Tue_Dec_15_22_09_22_IST_2020.jpg>Screenshot</a> <br> <br> <a target="_blank" href=Tue_Dec_15_22_09_22_IST_2020.jpg><img src=Tue_Dec_15_22_09_22_IST_2020.jpg height=200 width=200></img></a>  </system-out>
  <testcase name="verifyEditLayout" time="0.063" classname="com.OSMOSE.testcases.JointUse_Submitter"/>
  <system-out>
Click to see Screenshot <a target="_blank" href=Tue_Dec_15_22_09_22_IST_2020.jpg>Screenshot</a> <br> <br> <a target="_blank" href=Tue_Dec_15_22_09_22_IST_2020.jpg><img src=Tue_Dec_15_22_09_22_IST_2020.jpg height=200 width=200></img></a>  </system-out>
  <testcase name="verifyNewApplication" time="0.525" classname="com.OSMOSE.testcases.JointUse_Submitter"/>
  <system-out>
Click to see Screenshot <a target="_blank" href=Tue_Dec_15_22_09_23_IST_2020.jpg>Screenshot</a> <br> <br> <a target="_blank" href=Tue_Dec_15_22_09_23_IST_2020.jpg><img src=Tue_Dec_15_22_09_23_IST_2020.jpg height=200 width=200></img></a>  </system-out>
  <testcase name="verifyExportOptions" time="0.149" classname="com.OSMOSE.testcases.JointUse_Submitter"/>
  <system-out>
Click to see Screenshot <a target="_blank" href=Tue_Dec_15_22_09_24_IST_2020.jpg>Screenshot</a> <br> <br> <a target="_blank" href=Tue_Dec_15_22_09_24_IST_2020.jpg><img src=Tue_Dec_15_22_09_24_IST_2020.jpg height=200 width=200></img></a>  </system-out>
  <testcase name="verifySearchBox" time="0.065" classname="com.OSMOSE.testcases.JointUse_Submitter"/>
  <system-out>
Click to see Screenshot <a target="_blank" href=Tue_Dec_15_22_09_24_IST_2020.jpg>Screenshot</a> <br> <br> <a target="_blank" href=Tue_Dec_15_22_09_24_IST_2020.jpg><img src=Tue_Dec_15_22_09_24_IST_2020.jpg height=200 width=200></img></a>  </system-out>
  <testcase name="verifyRefreshBtn" time="0.035" classname="com.OSMOSE.testcases.JointUse_Submitter"/>
  <system-out>
Click to see Screenshot <a target="_blank" href=Tue_Dec_15_22_09_25_IST_2020.jpg>Screenshot</a> <br> <br> <a target="_blank" href=Tue_Dec_15_22_09_25_IST_2020.jpg><img src=Tue_Dec_15_22_09_25_IST_2020.jpg height=200 width=200></img></a>  </system-out>
  <testcase name="verifyRowsCount" time="0.090" classname="com.OSMOSE.testcases.JointUse_Submitter"/>
  <system-out>
Click to see Screenshot <a target="_blank" href=Tue_Dec_15_22_09_25_IST_2020.jpg>Screenshot</a> <br> <br> <a target="_blank" href=Tue_Dec_15_22_09_25_IST_2020.jpg><img src=Tue_Dec_15_22_09_25_IST_2020.jpg height=200 width=200></img></a>  </system-out>
  <testcase name="verifyColumns" time="2.236" classname="com.OSMOSE.testcases.JointUse_Submitter"/>
  <system-out>
Click to see Screenshot <a target="_blank" href=Tue_Dec_15_22_09_28_IST_2020.jpg>Screenshot</a> <br> <br> <a target="_blank" href=Tue_Dec_15_22_09_28_IST_2020.jpg><img src=Tue_Dec_15_22_09_28_IST_2020.jpg height=200 width=200></img></a>  </system-out>
  <testcase name="verifySelectAllFunctionality" time="2.467" classname="com.OSMOSE.testcases.JointUse_Submitter"/>
  <system-out>
Click to see Screenshot <a target="_blank" href=Tue_Dec_15_22_09_31_IST_2020.jpg>Screenshot</a> <br> <br> <a target="_blank" href=Tue_Dec_15_22_09_31_IST_2020.jpg><img src=Tue_Dec_15_22_09_31_IST_2020.jpg height=200 width=200></img></a>  </system-out>
  <testcase name="verifyAddWidgetClick" time="0.517" classname="com.OSMOSE.testcases.JointUse_Submitter"/>
  <system-out>
Click to see Screenshot <a target="_blank" href=Tue_Dec_15_22_09_32_IST_2020.jpg>Screenshot</a> <br> <br> <a target="_blank" href=Tue_Dec_15_22_09_32_IST_2020.jpg><img src=Tue_Dec_15_22_09_32_IST_2020.jpg height=200 width=200></img></a>  </system-out>
  <testcase name="verifyEditWidgetClick" time="0.339" classname="com.OSMOSE.testcases.JointUse_Submitter"/>
  <system-out>
Click to see Screenshot <a target="_blank" href=Tue_Dec_15_22_09_33_IST_2020.jpg>Screenshot</a> <br> <br> <a target="_blank" href=Tue_Dec_15_22_09_33_IST_2020.jpg><img src=Tue_Dec_15_22_09_33_IST_2020.jpg height=200 width=200></img></a>  </system-out>
</testsuite> <!-- com.OSMOSE.testcases.JointUse_Submitter -->
