<?xml version="1.0" encoding="UTF-8"?>
<!-- Generated by org.testng.reporters.JUnitReportReporter -->
<testsuite skipped="0" hostname="5CG6323N27" name="com.OSMOSE.testcases.oCalcPro_Admin" tests="4" failures="0" timestamp="2020-11-25T12:03:48 IST" time="97.055" errors="0">
  <testcase name="ocalcloginTestAdmin" time="25.092" classname="com.OSMOSE.testcases.oCalcPro_Admin"/>
  <system-out>
Click to see Screenshot <a target="_blank" href=Wed_Nov_25_12_02_29_IST_2020.jpg>Screenshot</a> <br> <br> <a target="_blank" href=Wed_Nov_25_12_02_29_IST_2020.jpg><img src=Wed_Nov_25_12_02_29_IST_2020.jpg height=200 width=200></img></a>  </system-out>
  <testcase name="verifyoCalcProNavigationClick" time="18.524" classname="com.OSMOSE.testcases.oCalcPro_Admin"/>
  <system-out>
Click to see Screenshot <a target="_blank" href=Wed_Nov_25_12_02_49_IST_2020.jpg>Screenshot</a> <br> <br> <a target="_blank" href=Wed_Nov_25_12_02_49_IST_2020.jpg><img src=Wed_Nov_25_12_02_49_IST_2020.jpg height=200 width=200></img></a>  </system-out>
  <testcase name="verifyPresenceOfLicenseManagementAdmin" time="3.178" classname="com.OSMOSE.testcases.oCalcPro_Admin"/>
  <system-out>
Click to see Screenshot <a target="_blank" href=Wed_Nov_25_12_02_53_IST_2020.jpg>Screenshot</a> <br> <br> <a target="_blank" href=Wed_Nov_25_12_02_53_IST_2020.jpg><img src=Wed_Nov_25_12_02_53_IST_2020.jpg height=200 width=200></img></a>  </system-out>
  <testcase name="verifyLicenseManagementClickAdmin" time="50.261" classname="com.OSMOSE.testcases.oCalcPro_Admin"/>
  <system-out>
Click to see Screenshot <a target="_blank" href=Wed_Nov_25_12_03_44_IST_2020.jpg>Screenshot</a> <br> <br> <a target="_blank" href=Wed_Nov_25_12_03_44_IST_2020.jpg><img src=Wed_Nov_25_12_03_44_IST_2020.jpg height=200 width=200></img></a>  </system-out>
</testsuite> <!-- com.OSMOSE.testcases.oCalcPro_Admin -->
