<?xml version="1.0" encoding="UTF-8"?>
<!-- Generated by org.testng.reporters.JUnitReportReporter -->
<testsuite skipped="15" hostname="IND-5CG6191Y3W" name="com.OSMOSE.testcases.OULogin" tests="20" failures="0" timestamp="2020-07-08T18:37:45 IST" time="19.237" errors="0">
  <testcase name="loginTest" time="16.544" classname="com.OSMOSE.testcases.OULogin"/>
  <system-out>
Click to see Screenshot <a target="_blank" href=Wed_Jul_08_18_31_28_IST_2020.jpg>Screenshot</a> <br> <br> <a target="_blank" href=Wed_Jul_08_18_31_28_IST_2020.jpg><img src=Wed_Jul_08_18_31_28_IST_2020.jpg height=200 width=200></img></a>  </system-out>
  <testcase name="verifyOUCard" time="2.491" classname="com.OSMOSE.testcases.OULogin"/>
  <system-out>
Click to see Screenshot <a target="_blank" href=Wed_Jul_08_18_31_31_IST_2020.jpg>Screenshot</a> <br> <br> <a target="_blank" href=Wed_Jul_08_18_31_31_IST_2020.jpg><img src=Wed_Jul_08_18_31_31_IST_2020.jpg height=200 width=200></img></a>  </system-out>
  <testcase name="verifyProductCard" time="0.039" classname="com.OSMOSE.testcases.OULogin"/>
  <system-out>
Click to see Screenshot <a target="_blank" href=Wed_Jul_08_18_31_32_IST_2020.jpg>Screenshot</a> <br> <br> <a target="_blank" href=Wed_Jul_08_18_31_32_IST_2020.jpg><img src=Wed_Jul_08_18_31_32_IST_2020.jpg height=200 width=200></img></a>  </system-out>
  <testcase name="verifyHyperlinks" time="0.097" classname="com.OSMOSE.testcases.OULogin"/>
  <system-out>
Click to see Screenshot <a target="_blank" href=Wed_Jul_08_18_31_32_IST_2020.jpg>Screenshot</a> <br> <br> <a target="_blank" href=Wed_Jul_08_18_31_32_IST_2020.jpg><img src=Wed_Jul_08_18_31_32_IST_2020.jpg height=200 width=200></img></a>  </system-out>
  <testcase name="verifyVideoLinks" time="0.066" classname="com.OSMOSE.testcases.OULogin"/>
  <system-out>
Click to see Screenshot <a target="_blank" href=Wed_Jul_08_18_31_33_IST_2020.jpg>Screenshot</a> <br> <br> <a target="_blank" href=Wed_Jul_08_18_31_33_IST_2020.jpg><img src=Wed_Jul_08_18_31_33_IST_2020.jpg height=200 width=200></img></a>  </system-out>
  <testcase name="verifySteelStructuresProtected" classname="com.OSMOSE.testcases.OULogin">
    <skipped/>
  </testcase> <!-- verifySteelStructuresProtected -->
  <system-out/>
  <testcase name="verifyDETAILSANDREGISTRATION" classname="com.OSMOSE.testcases.OULogin">
    <skipped/>
  </testcase> <!-- verifyDETAILSANDREGISTRATION -->
  <system-out/>
  <testcase name="verifyLiveEventsSTS" classname="com.OSMOSE.testcases.OULogin">
    <skipped/>
  </testcase> <!-- verifyLiveEventsSTS -->
  <system-out/>
  <testcase name="verifyLiveEventCLick" classname="com.OSMOSE.testcases.OULogin">
    <skipped/>
  </testcase> <!-- verifyLiveEventCLick -->
  <system-out/>
  <testcase name="ContactAndStrayMOREINFOREGISTRATION" classname="com.OSMOSE.testcases.OULogin">
    <skipped/>
  </testcase> <!-- ContactAndStrayMOREINFOREGISTRATION -->
  <system-out/>
  <testcase name="verifyContactAndStray" classname="com.OSMOSE.testcases.OULogin">
    <skipped/>
  </testcase> <!-- verifyContactAndStray -->
  <system-out/>
  <testcase name="verifyLiveEventsJUS" classname="com.OSMOSE.testcases.OULogin">
    <skipped/>
  </testcase> <!-- verifyLiveEventsJUS -->
  <system-out/>
  <testcase name="steelStructuresProtectedMOREINFOREGISTRATION" classname="com.OSMOSE.testcases.OULogin">
    <skipped/>
  </testcase> <!-- steelStructuresProtectedMOREINFOREGISTRATION -->
  <system-out/>
  <testcase name="verifyUpcomingWebinarsPage" classname="com.OSMOSE.testcases.OULogin">
    <skipped/>
  </testcase> <!-- verifyUpcomingWebinarsPage -->
  <system-out/>
  <testcase name="verifyLiveEventsWPTS" classname="com.OSMOSE.testcases.OULogin">
    <skipped/>
  </testcase> <!-- verifyLiveEventsWPTS -->
  <system-out/>
  <testcase name="verifyOCalcClick" classname="com.OSMOSE.testcases.OULogin">
    <skipped/>
  </testcase> <!-- verifyOCalcClick -->
  <system-out/>
  <testcase name="verifyWebinarsClick" classname="com.OSMOSE.testcases.OULogin">
    <skipped/>
  </testcase> <!-- verifyWebinarsClick -->
  <system-out/>
  <testcase name="verifyClickingTheWebinars" classname="com.OSMOSE.testcases.OULogin">
    <skipped/>
  </testcase> <!-- verifyClickingTheWebinars -->
  <system-out/>
  <testcase name="verifyOClacTrainingButton" classname="com.OSMOSE.testcases.OULogin">
    <skipped/>
  </testcase> <!-- verifyOClacTrainingButton -->
  <system-out/>
  <testcase name="clickOnOuLink" classname="com.OSMOSE.testcases.OULogin">
    <skipped/>
  </testcase> <!-- clickOnOuLink -->
  <system-out/>
</testsuite> <!-- com.OSMOSE.testcases.OULogin -->
