<?xml version="1.0" encoding="UTF-8"?>
<!-- Generated by org.testng.reporters.JUnitReportReporter -->
<testsuite skipped="0" hostname="5CG6323N27" name="com.OSMOSE.testcases.Contact" tests="16" failures="0" timestamp="2020-08-04T20:03:47 IST" time="55.352" errors="0">
  <testcase name="verifyContactUsMenuContents" time="0.291" classname="com.OSMOSE.testcases.Contact"/>
  <system-out>
Click to see Screenshot <a target="_blank" href=Tue_Aug_04_20_02_42_IST_2020.jpg>Screenshot</a> <br> <br> <a target="_blank" href=Tue_Aug_04_20_02_42_IST_2020.jpg><img src=Tue_Aug_04_20_02_42_IST_2020.jpg height=200 width=200></img></a>  </system-out>
  <testcase name="verifyViewContactsHeaderContents" time="1.140" classname="com.OSMOSE.testcases.Contact"/>
  <system-out>
Click to see Screenshot <a target="_blank" href=Tue_Aug_04_20_02_43_IST_2020.jpg>Screenshot</a> <br> <br> <a target="_blank" href=Tue_Aug_04_20_02_43_IST_2020.jpg><img src=Tue_Aug_04_20_02_43_IST_2020.jpg height=200 width=200></img></a>  </system-out>
  <testcase name="verifyViewContactsContactCardContents" time="0.146" classname="com.OSMOSE.testcases.Contact"/>
  <system-out>
Click to see Screenshot <a target="_blank" href=Tue_Aug_04_20_02_44_IST_2020.jpg>Screenshot</a> <br> <br> <a target="_blank" href=Tue_Aug_04_20_02_44_IST_2020.jpg><img src=Tue_Aug_04_20_02_44_IST_2020.jpg height=200 width=200></img></a>  </system-out>
  <testcase name="verifyContactUsHeaderContents" time="0.437" classname="com.OSMOSE.testcases.Contact"/>
  <system-out>
Click to see Screenshot <a target="_blank" href=Tue_Aug_04_20_02_45_IST_2020.jpg>Screenshot</a> <br> <br> <a target="_blank" href=Tue_Aug_04_20_02_45_IST_2020.jpg><img src=Tue_Aug_04_20_02_45_IST_2020.jpg height=200 width=200></img></a>  </system-out>
  <testcase name="verifyClickOnBackButton" time="0.088" classname="com.OSMOSE.testcases.Contact"/>
  <system-out>
Click to see Screenshot <a target="_blank" href=Tue_Aug_04_20_02_45_IST_2020.jpg>Screenshot</a> <br> <br> <a target="_blank" href=Tue_Aug_04_20_02_45_IST_2020.jpg><img src=Tue_Aug_04_20_02_45_IST_2020.jpg height=200 width=200></img></a>  </system-out>
  <testcase name="verifyContactUsClickOnGoogleMap" time="30.933" classname="com.OSMOSE.testcases.Contact"/>
  <system-out>
Click to see Screenshot <a target="_blank" href=Tue_Aug_04_20_03_17_IST_2020.jpg>Screenshot</a> <br> <br> <a target="_blank" href=Tue_Aug_04_20_03_17_IST_2020.jpg><img src=Tue_Aug_04_20_03_17_IST_2020.jpg height=200 width=200></img></a>  </system-out>
  <testcase name="verifyContactUsGeneralInquiriesContents" time="0.043" classname="com.OSMOSE.testcases.Contact"/>
  <system-out>
Click to see Screenshot <a target="_blank" href=Tue_Aug_04_20_03_17_IST_2020.jpg>Screenshot</a> <br> <br> <a target="_blank" href=Tue_Aug_04_20_03_17_IST_2020.jpg><img src=Tue_Aug_04_20_03_17_IST_2020.jpg height=200 width=200></img></a>  </system-out>
  <testcase name="verifyContactUsSalesProductsContents" time="0.087" classname="com.OSMOSE.testcases.Contact"/>
  <system-out>
Click to see Screenshot <a target="_blank" href=Tue_Aug_04_20_03_18_IST_2020.jpg>Screenshot</a> <br> <br> <a target="_blank" href=Tue_Aug_04_20_03_18_IST_2020.jpg><img src=Tue_Aug_04_20_03_18_IST_2020.jpg height=200 width=200></img></a>  </system-out>
  <testcase name="verifyContactUsSalesServicesContents" time="0.084" classname="com.OSMOSE.testcases.Contact"/>
  <system-out>
Click to see Screenshot <a target="_blank" href=Tue_Aug_04_20_03_18_IST_2020.jpg>Screenshot</a> <br> <br> <a target="_blank" href=Tue_Aug_04_20_03_18_IST_2020.jpg><img src=Tue_Aug_04_20_03_18_IST_2020.jpg height=200 width=200></img></a>  </system-out>
  <testcase name="verifyContactUsOCalcProContents" time="0.075" classname="com.OSMOSE.testcases.Contact"/>
  <system-out>
Click to see Screenshot <a target="_blank" href=Tue_Aug_04_20_03_19_IST_2020.jpg>Screenshot</a> <br> <br> <a target="_blank" href=Tue_Aug_04_20_03_19_IST_2020.jpg><img src=Tue_Aug_04_20_03_19_IST_2020.jpg height=200 width=200></img></a>  </system-out>
  <testcase name="verifyContactUsQueryFormContents" time="0.127" classname="com.OSMOSE.testcases.Contact"/>
  <system-out>
Click to see Screenshot <a target="_blank" href=Tue_Aug_04_20_03_19_IST_2020.jpg>Screenshot</a> <br> <br> <a target="_blank" href=Tue_Aug_04_20_03_19_IST_2020.jpg><img src=Tue_Aug_04_20_03_19_IST_2020.jpg height=200 width=200></img></a>  </system-out>
  <testcase name="verifyFormSubmissionWith_RequestForInformation" time="5.482" classname="com.OSMOSE.testcases.Contact"/>
  <system-out>
Click to see Screenshot <a target="_blank" href=Tue_Aug_04_20_03_25_IST_2020.jpg>Screenshot</a> <br> <br> <a target="_blank" href=Tue_Aug_04_20_03_25_IST_2020.jpg><img src=Tue_Aug_04_20_03_25_IST_2020.jpg height=200 width=200></img></a>  </system-out>
  <testcase name="verifyFormSubmissionThankYouPopUp" time="11.811" classname="com.OSMOSE.testcases.Contact"/>
  <system-out>
Click to see Screenshot <a target="_blank" href=Tue_Aug_04_20_03_37_IST_2020.jpg>Screenshot</a> <br> <br> <a target="_blank" href=Tue_Aug_04_20_03_37_IST_2020.jpg><img src=Tue_Aug_04_20_03_37_IST_2020.jpg height=200 width=200></img></a>  </system-out>
  <testcase name="verifyFormSubmissionWith_ProjectSupport" time="1.477" classname="com.OSMOSE.testcases.Contact"/>
  <system-out>
Click to see Screenshot <a target="_blank" href=Tue_Aug_04_20_03_39_IST_2020.jpg>Screenshot</a> <br> <br> <a target="_blank" href=Tue_Aug_04_20_03_39_IST_2020.jpg><img src=Tue_Aug_04_20_03_39_IST_2020.jpg height=200 width=200></img></a>  </system-out>
  <testcase name="verifyFormSubmissionWith_TechnicalSupport" time="1.668" classname="com.OSMOSE.testcases.Contact"/>
  <system-out>
Click to see Screenshot <a target="_blank" href=Tue_Aug_04_20_03_41_IST_2020.jpg>Screenshot</a> <br> <br> <a target="_blank" href=Tue_Aug_04_20_03_41_IST_2020.jpg><img src=Tue_Aug_04_20_03_41_IST_2020.jpg height=200 width=200></img></a>  </system-out>
  <testcase name="verifyFormSubmissionWith_Other" time="1.463" classname="com.OSMOSE.testcases.Contact"/>
  <system-out>
Click to see Screenshot <a target="_blank" href=Tue_Aug_04_20_03_43_IST_2020.jpg>Screenshot</a> <br> <br> <a target="_blank" href=Tue_Aug_04_20_03_43_IST_2020.jpg><img src=Tue_Aug_04_20_03_43_IST_2020.jpg height=200 width=200></img></a>  </system-out>
</testsuite> <!-- com.OSMOSE.testcases.Contact -->
