<?xml version="1.0" encoding="UTF-8"?>
<!-- Generated by org.testng.reporters.JUnitReportReporter -->
<testsuite skipped="63" hostname="5CG6323N27" name="com.OSMOSE.testcases.oCalcPro" tests="84" failures="0" timestamp="2020-11-04T14:16:21 IST" time="99.371" errors="0">
  <testcase name="verifyoCalcProNavigationClick" time="14.720" classname="com.OSMOSE.testcases.oCalcPro"/>
  <system-out>
Click to see Screenshot <a target="_blank" href=Wed_Nov_04_14_14_45_IST_2020.jpg>Screenshot</a> <br> <br> <a target="_blank" href=Wed_Nov_04_14_14_45_IST_2020.jpg><img src=Wed_Nov_04_14_14_45_IST_2020.jpg height=200 width=200></img></a>  </system-out>
  <testcase name="verifyContentsOfLicenseMgmtLicensedUser" time="0.373" classname="com.OSMOSE.testcases.oCalcPro"/>
  <system-out>
Click to see Screenshot <a target="_blank" href=Wed_Nov_04_14_14_46_IST_2020.jpg>Screenshot</a> <br> <br> <a target="_blank" href=Wed_Nov_04_14_14_46_IST_2020.jpg><img src=Wed_Nov_04_14_14_46_IST_2020.jpg height=200 width=200></img></a>  </system-out>
  <testcase name="verifyContentsLicenseManagementPopUp" time="4.508" classname="com.OSMOSE.testcases.oCalcPro"/>
  <system-out>
Click to see Screenshot <a target="_blank" href=Wed_Nov_04_14_14_50_IST_2020.jpg>Screenshot</a> <br> <br> <a target="_blank" href=Wed_Nov_04_14_14_50_IST_2020.jpg><img src=Wed_Nov_04_14_14_50_IST_2020.jpg height=200 width=200></img></a>  </system-out>
  <testcase name="verifyPresenceOfSkipTourNextPreviousExitTour" time="4.195" classname="com.OSMOSE.testcases.oCalcPro"/>
  <system-out>
Click to see Screenshot <a target="_blank" href=Wed_Nov_04_14_14_55_IST_2020.jpg>Screenshot</a> <br> <br> <a target="_blank" href=Wed_Nov_04_14_14_55_IST_2020.jpg><img src=Wed_Nov_04_14_14_55_IST_2020.jpg height=200 width=200></img></a>  </system-out>
  <testcase name="verifyClickOnNextPreviousbtns" time="2.317" classname="com.OSMOSE.testcases.oCalcPro"/>
  <system-out>
Click to see Screenshot <a target="_blank" href=Wed_Nov_04_14_14_58_IST_2020.jpg>Screenshot</a> <br> <br> <a target="_blank" href=Wed_Nov_04_14_14_58_IST_2020.jpg><img src=Wed_Nov_04_14_14_58_IST_2020.jpg height=200 width=200></img></a>  </system-out>
  <testcase name="verifyClickOnSkipTourExitTourbtns" time="4.322" classname="com.OSMOSE.testcases.oCalcPro"/>
  <system-out>
Click to see Screenshot <a target="_blank" href=Wed_Nov_04_14_15_03_IST_2020.jpg>Screenshot</a> <br> <br> <a target="_blank" href=Wed_Nov_04_14_15_03_IST_2020.jpg><img src=Wed_Nov_04_14_15_03_IST_2020.jpg height=200 width=200></img></a>  </system-out>
  <testcase name="verifyOnlyRenewBtnIsEnabledOnMultipleRecordSelection" time="6.478" classname="com.OSMOSE.testcases.oCalcPro"/>
  <system-out>
Click to see Screenshot <a target="_blank" href=Wed_Nov_04_14_15_10_IST_2020.jpg>Screenshot</a> <br> <br> <a target="_blank" href=Wed_Nov_04_14_15_10_IST_2020.jpg><img src=Wed_Nov_04_14_15_10_IST_2020.jpg height=200 width=200></img></a>  </system-out>
  <testcase name="verifyFilterContactName" time="3.493" classname="com.OSMOSE.testcases.oCalcPro"/>
  <system-out>
Click to see Screenshot <a target="_blank" href=Wed_Nov_04_14_15_13_IST_2020.jpg>Screenshot</a> <br> <br> <a target="_blank" href=Wed_Nov_04_14_15_13_IST_2020.jpg><img src=Wed_Nov_04_14_15_13_IST_2020.jpg height=200 width=200></img></a>  </system-out>
  <testcase name="verifyFilterLicenseKey" time="1.549" classname="com.OSMOSE.testcases.oCalcPro"/>
  <system-out>
Click to see Screenshot <a target="_blank" href=Wed_Nov_04_14_15_15_IST_2020.jpg>Screenshot</a> <br> <br> <a target="_blank" href=Wed_Nov_04_14_15_15_IST_2020.jpg><img src=Wed_Nov_04_14_15_15_IST_2020.jpg height=200 width=200></img></a>  </system-out>
  <testcase name="verifyFilterStatus" time="2.678" classname="com.OSMOSE.testcases.oCalcPro"/>
  <system-out>
Click to see Screenshot <a target="_blank" href=Wed_Nov_04_14_15_18_IST_2020.jpg>Screenshot</a> <br> <br> <a target="_blank" href=Wed_Nov_04_14_15_18_IST_2020.jpg><img src=Wed_Nov_04_14_15_18_IST_2020.jpg height=200 width=200></img></a>  </system-out>
  <testcase name="verifyFilterExpToken" time="1.677" classname="com.OSMOSE.testcases.oCalcPro"/>
  <system-out>
Click to see Screenshot <a target="_blank" href=Wed_Nov_04_14_15_20_IST_2020.jpg>Screenshot</a> <br> <br> <a target="_blank" href=Wed_Nov_04_14_15_20_IST_2020.jpg><img src=Wed_Nov_04_14_15_20_IST_2020.jpg height=200 width=200></img></a>  </system-out>
  <testcase name="verifyFilterLicenseType" time="2.633" classname="com.OSMOSE.testcases.oCalcPro"/>
  <system-out>
Click to see Screenshot <a target="_blank" href=Wed_Nov_04_14_15_23_IST_2020.jpg>Screenshot</a> <br> <br> <a target="_blank" href=Wed_Nov_04_14_15_23_IST_2020.jpg><img src=Wed_Nov_04_14_15_23_IST_2020.jpg height=200 width=200></img></a>  </system-out>
  <testcase name="verifyFilterPurchaseDate" time="2.873" classname="com.OSMOSE.testcases.oCalcPro"/>
  <system-out>
Click to see Screenshot <a target="_blank" href=Wed_Nov_04_14_15_27_IST_2020.jpg>Screenshot</a> <br> <br> <a target="_blank" href=Wed_Nov_04_14_15_27_IST_2020.jpg><img src=Wed_Nov_04_14_15_27_IST_2020.jpg height=200 width=200></img></a>  </system-out>
  <testcase name="verifyFilterExpirationDate" time="2.888" classname="com.OSMOSE.testcases.oCalcPro"/>
  <system-out>
Click to see Screenshot <a target="_blank" href=Wed_Nov_04_14_15_30_IST_2020.jpg>Screenshot</a> <br> <br> <a target="_blank" href=Wed_Nov_04_14_15_30_IST_2020.jpg><img src=Wed_Nov_04_14_15_30_IST_2020.jpg height=200 width=200></img></a>  </system-out>
  <testcase name="verifyTransferBtn" time="13.791" classname="com.OSMOSE.testcases.oCalcPro"/>
  <system-out>
Click to see Screenshot <a target="_blank" href=Wed_Nov_04_14_15_44_IST_2020.jpg>Screenshot</a> <br> <br> <a target="_blank" href=Wed_Nov_04_14_15_44_IST_2020.jpg><img src=Wed_Nov_04_14_15_44_IST_2020.jpg height=200 width=200></img></a>  </system-out>
  <testcase name="verifyTransferErrorMsg" time="0.217" classname="com.OSMOSE.testcases.oCalcPro"/>
  <system-out>
Click to see Screenshot <a target="_blank" href=Wed_Nov_04_14_15_45_IST_2020.jpg>Screenshot</a> <br> <br> <a target="_blank" href=Wed_Nov_04_14_15_45_IST_2020.jpg><img src=Wed_Nov_04_14_15_45_IST_2020.jpg height=200 width=200></img></a>  </system-out>
  <testcase name="verifyClickTransferLicenseBtn" time="2.701" classname="com.OSMOSE.testcases.oCalcPro"/>
  <system-out>
Click to see Screenshot <a target="_blank" href=Wed_Nov_04_14_15_48_IST_2020.jpg>Screenshot</a> <br> <br> <a target="_blank" href=Wed_Nov_04_14_15_48_IST_2020.jpg><img src=Wed_Nov_04_14_15_48_IST_2020.jpg height=200 width=200></img></a>  </system-out>
  <testcase name="verifyClickResend" time="4.381" classname="com.OSMOSE.testcases.oCalcPro"/>
  <system-out>
Click to see Screenshot <a target="_blank" href=Wed_Nov_04_14_15_53_IST_2020.jpg>Screenshot</a> <br> <br> <a target="_blank" href=Wed_Nov_04_14_15_53_IST_2020.jpg><img src=Wed_Nov_04_14_15_53_IST_2020.jpg height=200 width=200></img></a>  </system-out>
  <testcase name="verifyUpdateContactBtn" time="12.632" classname="com.OSMOSE.testcases.oCalcPro"/>
  <system-out>
Click to see Screenshot <a target="_blank" href=Wed_Nov_04_14_16_06_IST_2020.jpg>Screenshot</a> <br> <br> <a target="_blank" href=Wed_Nov_04_14_16_06_IST_2020.jpg><img src=Wed_Nov_04_14_16_06_IST_2020.jpg height=200 width=200></img></a>  </system-out>
  <testcase name="verifyClickUpdateContactBtn" time="2.295" classname="com.OSMOSE.testcases.oCalcPro"/>
  <system-out>
Click to see Screenshot <a target="_blank" href=Wed_Nov_04_14_16_08_IST_2020.jpg>Screenshot</a> <br> <br> <a target="_blank" href=Wed_Nov_04_14_16_08_IST_2020.jpg><img src=Wed_Nov_04_14_16_08_IST_2020.jpg height=200 width=200></img></a>  </system-out>
  <testcase name="verifyClickRenewBtn" time="8.650" classname="com.OSMOSE.testcases.oCalcPro"/>
  <system-out>
Click to see Screenshot <a target="_blank" href=Wed_Nov_04_14_16_18_IST_2020.jpg>Screenshot</a> <br> <br> <a target="_blank" href=Wed_Nov_04_14_16_18_IST_2020.jpg><img src=Wed_Nov_04_14_16_18_IST_2020.jpg height=200 width=200></img></a>  </system-out>
  <testcase name="verifyContentsOfProductsCard" classname="com.OSMOSE.testcases.oCalcPro">
    <skipped/>
  </testcase> <!-- verifyContentsOfProductsCard -->
  <system-out/>
  <testcase name="verifyRequestQuoteForPrivateTrainingClassesClickLicensedUser" classname="com.OSMOSE.testcases.oCalcPro">
    <skipped/>
  </testcase> <!-- verifyRequestQuoteForPrivateTrainingClassesClickLicensedUser -->
  <system-out/>
  <testcase name="verifyRequestTrainingQuoteClickLicensedUser" classname="com.OSMOSE.testcases.oCalcPro">
    <skipped/>
  </testcase> <!-- verifyRequestTrainingQuoteClickLicensedUser -->
  <system-out/>
  <testcase name="verifyPresenceOfKnowledgeBaseCardLicensedUser" classname="com.OSMOSE.testcases.oCalcPro">
    <skipped/>
  </testcase> <!-- verifyPresenceOfKnowledgeBaseCardLicensedUser -->
  <system-out/>
  <testcase name="verifyContentsOfProductsCardLicensedUser" classname="com.OSMOSE.testcases.oCalcPro">
    <skipped/>
  </testcase> <!-- verifyContentsOfProductsCardLicensedUser -->
  <system-out/>
  <testcase name="verifyRequestCVTQuoteClick" classname="com.OSMOSE.testcases.oCalcPro">
    <skipped/>
  </testcase> <!-- verifyRequestCVTQuoteClick -->
  <system-out/>
  <testcase name="verifyContentsOfGetStartedWithOcalcPro" classname="com.OSMOSE.testcases.oCalcPro">
    <skipped/>
  </testcase> <!-- verifyContentsOfGetStartedWithOcalcPro -->
  <system-out/>
  <testcase name="verifyClickIhaveCopiedMyReceiptChkBox" classname="com.OSMOSE.testcases.oCalcPro">
    <skipped/>
  </testcase> <!-- verifyClickIhaveCopiedMyReceiptChkBox -->
  <system-out/>
  <testcase name="verifyRequestTrainingQuoteClick" classname="com.OSMOSE.testcases.oCalcPro">
    <skipped/>
  </testcase> <!-- verifyRequestTrainingQuoteClick -->
  <system-out/>
  <testcase name="verifyContentsOfTrainingOptionsLicensedUser" classname="com.OSMOSE.testcases.oCalcPro">
    <skipped/>
  </testcase> <!-- verifyContentsOfTrainingOptionsLicensedUser -->
  <system-out/>
  <testcase name="verifyLearnMoreClickonGetStartedWithOcalcProcard" classname="com.OSMOSE.testcases.oCalcPro">
    <skipped/>
  </testcase> <!-- verifyLearnMoreClickonGetStartedWithOcalcProcard -->
  <system-out/>
  <testcase name="verifyContentsOfAnnouncementsLicensedUser" classname="com.OSMOSE.testcases.oCalcPro">
    <skipped/>
  </testcase> <!-- verifyContentsOfAnnouncementsLicensedUser -->
  <system-out/>
  <testcase name="verifyCurrentPublicClassesClick" classname="com.OSMOSE.testcases.oCalcPro">
    <skipped/>
  </testcase> <!-- verifyCurrentPublicClassesClick -->
  <system-out/>
  <testcase name="verifyContentsOfFAQLicensedUser" classname="com.OSMOSE.testcases.oCalcPro">
    <skipped/>
  </testcase> <!-- verifyContentsOfFAQLicensedUser -->
  <system-out/>
  <testcase name="verifyPresenceOfAnnouncementsCard" classname="com.OSMOSE.testcases.oCalcPro">
    <skipped/>
  </testcase> <!-- verifyPresenceOfAnnouncementsCard -->
  <system-out/>
  <testcase name="verifyContentsOfTrainingOptions" classname="com.OSMOSE.testcases.oCalcPro">
    <skipped/>
  </testcase> <!-- verifyContentsOfTrainingOptions -->
  <system-out/>
  <testcase name="verifyContentsOfAnnouncements" classname="com.OSMOSE.testcases.oCalcPro">
    <skipped/>
  </testcase> <!-- verifyContentsOfAnnouncements -->
  <system-out/>
  <testcase name="verifySearchResultsAreGroupedLicensedUser" classname="com.OSMOSE.testcases.oCalcPro">
    <skipped/>
  </testcase> <!-- verifySearchResultsAreGroupedLicensedUser -->
  <system-out/>
  <testcase name="verifyPresenceOfProductsCardLicensedUser" classname="com.OSMOSE.testcases.oCalcPro">
    <skipped/>
  </testcase> <!-- verifyPresenceOfProductsCardLicensedUser -->
  <system-out/>
  <testcase name="verifyPresenceOfLicenseManagementPerspective" classname="com.OSMOSE.testcases.oCalcPro">
    <skipped/>
  </testcase> <!-- verifyPresenceOfLicenseManagementPerspective -->
  <system-out/>
  <testcase name="verifyPresenceOfCreditCardOptions" classname="com.OSMOSE.testcases.oCalcPro">
    <skipped/>
  </testcase> <!-- verifyPresenceOfCreditCardOptions -->
  <system-out/>
  <testcase name="verifyPresenceOfKnowledgeBaseCard" classname="com.OSMOSE.testcases.oCalcPro">
    <skipped/>
  </testcase> <!-- verifyPresenceOfKnowledgeBaseCard -->
  <system-out/>
  <testcase name="verifyPresenceOfProductsCard" classname="com.OSMOSE.testcases.oCalcPro">
    <skipped/>
  </testcase> <!-- verifyPresenceOfProductsCard -->
  <system-out/>
  <testcase name="verifyClickMakePaymentBtn" classname="com.OSMOSE.testcases.oCalcPro">
    <skipped/>
  </testcase> <!-- verifyClickMakePaymentBtn -->
  <system-out/>
  <testcase name="verifyPresenceOfCCReceipt" classname="com.OSMOSE.testcases.oCalcPro">
    <skipped/>
  </testcase> <!-- verifyPresenceOfCCReceipt -->
  <system-out/>
  <testcase name="verifyRequstDemoClickLicensedUser" classname="com.OSMOSE.testcases.oCalcPro">
    <skipped/>
  </testcase> <!-- verifyRequstDemoClickLicensedUser -->
  <system-out/>
  <testcase name="verifyDifferentProductsQuoteCreate" classname="com.OSMOSE.testcases.oCalcPro">
    <skipped/>
  </testcase> <!-- verifyDifferentProductsQuoteCreate -->
  <system-out/>
  <testcase name="verifyTrainingVideosAreGroupedLicensedUser" classname="com.OSMOSE.testcases.oCalcPro">
    <skipped/>
  </testcase> <!-- verifyTrainingVideosAreGroupedLicensedUser -->
  <system-out/>
  <testcase name="verifyClickOnPaywithCCBtn" classname="com.OSMOSE.testcases.oCalcPro">
    <skipped/>
  </testcase> <!-- verifyClickOnPaywithCCBtn -->
  <system-out/>
  <testcase name="verifyRequstDemoClickonGetStartedWithOcalcProcard" classname="com.OSMOSE.testcases.oCalcPro">
    <skipped/>
  </testcase> <!-- verifyRequstDemoClickonGetStartedWithOcalcProcard -->
  <system-out/>
  <testcase name="verifyProductsClick" classname="com.OSMOSE.testcases.oCalcPro">
    <skipped/>
  </testcase> <!-- verifyProductsClick -->
  <system-out/>
  <testcase name="verifyProductsClickLicensedUser" classname="com.OSMOSE.testcases.oCalcPro">
    <skipped/>
  </testcase> <!-- verifyProductsClickLicensedUser -->
  <system-out/>
  <testcase name="verifyocalcSupportClickonGetStartedWithOcalcProcard" classname="com.OSMOSE.testcases.oCalcPro">
    <skipped/>
  </testcase> <!-- verifyocalcSupportClickonGetStartedWithOcalcProcard -->
  <system-out/>
  <testcase name="verifyKBTrainingVideosClickLicensedUser" classname="com.OSMOSE.testcases.oCalcPro">
    <skipped/>
  </testcase> <!-- verifyKBTrainingVideosClickLicensedUser -->
  <system-out/>
  <testcase name="verifyKBTrainingVideosClick" classname="com.OSMOSE.testcases.oCalcPro">
    <skipped/>
  </testcase> <!-- verifyKBTrainingVideosClick -->
  <system-out/>
  <testcase name="verifyPresenceOfAnnouncementsCardLicensedUser" classname="com.OSMOSE.testcases.oCalcPro">
    <skipped/>
  </testcase> <!-- verifyPresenceOfAnnouncementsCardLicensedUser -->
  <system-out/>
  <testcase name="verifyCurrentPublicClassesClickLicensedUser" classname="com.OSMOSE.testcases.oCalcPro">
    <skipped/>
  </testcase> <!-- verifyCurrentPublicClassesClickLicensedUser -->
  <system-out/>
  <testcase name="verifyTrainingVideosAreGrouped" classname="com.OSMOSE.testcases.oCalcPro">
    <skipped/>
  </testcase> <!-- verifyTrainingVideosAreGrouped -->
  <system-out/>
  <testcase name="verifyClickOnAnAnnouncement" classname="com.OSMOSE.testcases.oCalcPro">
    <skipped/>
  </testcase> <!-- verifyClickOnAnAnnouncement -->
  <system-out/>
  <testcase name="verifySearchResultsAreGrouped" classname="com.OSMOSE.testcases.oCalcPro">
    <skipped/>
  </testcase> <!-- verifySearchResultsAreGrouped -->
  <system-out/>
  <testcase name="verifyKBWikiPageClickLicensedUser" classname="com.OSMOSE.testcases.oCalcPro">
    <skipped/>
  </testcase> <!-- verifyKBWikiPageClickLicensedUser -->
  <system-out/>
  <testcase name="verifyKBWikiPageClick" classname="com.OSMOSE.testcases.oCalcPro">
    <skipped/>
  </testcase> <!-- verifyKBWikiPageClick -->
  <system-out/>
  <testcase name="verify30daysbtnClickonGetStartedWithOcalcProcard" classname="com.OSMOSE.testcases.oCalcPro">
    <skipped/>
  </testcase> <!-- verify30daysbtnClickonGetStartedWithOcalcProcard -->
  <system-out/>
  <testcase name="verifyContentsOfTutorialLiveDemoLicensedUser" classname="com.OSMOSE.testcases.oCalcPro">
    <skipped/>
  </testcase> <!-- verifyContentsOfTutorialLiveDemoLicensedUser -->
  <system-out/>
  <testcase name="verifyPresenceOfTrainingOptionsCardLicensedUser" classname="com.OSMOSE.testcases.oCalcPro">
    <skipped/>
  </testcase> <!-- verifyPresenceOfTrainingOptionsCardLicensedUser -->
  <system-out/>
  <testcase name="verifyPresenceOfGetStartedWithOcalcPro" classname="com.OSMOSE.testcases.oCalcPro">
    <skipped/>
  </testcase> <!-- verifyPresenceOfGetStartedWithOcalcPro -->
  <system-out/>
  <testcase name="verifyRequestLicenseQuoteClick" classname="com.OSMOSE.testcases.oCalcPro">
    <skipped/>
  </testcase> <!-- verifyRequestLicenseQuoteClick -->
  <system-out/>
  <testcase name="verifyFAQClickLicensedUser" classname="com.OSMOSE.testcases.oCalcPro">
    <skipped/>
  </testcase> <!-- verifyFAQClickLicensedUser -->
  <system-out/>
  <testcase name="verifySubmitIssueClickLicensedUser" classname="com.OSMOSE.testcases.oCalcPro">
    <skipped/>
  </testcase> <!-- verifySubmitIssueClickLicensedUser -->
  <system-out/>
  <testcase name="verifyContentsOfKBCardLicensedUser" classname="com.OSMOSE.testcases.oCalcPro">
    <skipped/>
  </testcase> <!-- verifyContentsOfKBCardLicensedUser -->
  <system-out/>
  <testcase name="verifyPresenceOfTrainingOptionsCard" classname="com.OSMOSE.testcases.oCalcPro">
    <skipped/>
  </testcase> <!-- verifyPresenceOfTrainingOptionsCard -->
  <system-out/>
  <testcase name="verifyRequestCVTQuoteClickLicensedUser" classname="com.OSMOSE.testcases.oCalcPro">
    <skipped/>
  </testcase> <!-- verifyRequestCVTQuoteClickLicensedUser -->
  <system-out/>
  <testcase name="verifyContentsOfKBCard" classname="com.OSMOSE.testcases.oCalcPro">
    <skipped/>
  </testcase> <!-- verifyContentsOfKBCard -->
  <system-out/>
  <testcase name="verifyPresenceOfTutorialLiveDemoCardLicensedUser" classname="com.OSMOSE.testcases.oCalcPro">
    <skipped/>
  </testcase> <!-- verifyPresenceOfTutorialLiveDemoCardLicensedUser -->
  <system-out/>
  <testcase name="verify30daysbtnClickLicensedUser" classname="com.OSMOSE.testcases.oCalcPro">
    <skipped/>
  </testcase> <!-- verify30daysbtnClickLicensedUser -->
  <system-out/>
  <testcase name="verifyKBClickLicensedUser" classname="com.OSMOSE.testcases.oCalcPro">
    <skipped/>
  </testcase> <!-- verifyKBClickLicensedUser -->
  <system-out/>
  <testcase name="verifyPresenceOfLicenseMgmtCard" classname="com.OSMOSE.testcases.oCalcPro">
    <skipped/>
  </testcase> <!-- verifyPresenceOfLicenseMgmtCard -->
  <system-out/>
  <testcase name="verifyCCDetailsForNonOCalcProduct" classname="com.OSMOSE.testcases.oCalcPro">
    <skipped/>
  </testcase> <!-- verifyCCDetailsForNonOCalcProduct -->
  <system-out/>
  <testcase name="verifyRequestLicenseQuoteClickLicensedUser" classname="com.OSMOSE.testcases.oCalcPro">
    <skipped/>
  </testcase> <!-- verifyRequestLicenseQuoteClickLicensedUser -->
  <system-out/>
  <testcase name="verifyocalcSupportClickLicensedUser" classname="com.OSMOSE.testcases.oCalcPro">
    <skipped/>
  </testcase> <!-- verifyocalcSupportClickLicensedUser -->
  <system-out/>
  <testcase name="verifyClickOnAnAnnouncementLicensedUser" classname="com.OSMOSE.testcases.oCalcPro">
    <skipped/>
  </testcase> <!-- verifyClickOnAnAnnouncementLicensedUser -->
  <system-out/>
  <testcase name="verifyKBClick" classname="com.OSMOSE.testcases.oCalcPro">
    <skipped/>
  </testcase> <!-- verifyKBClick -->
  <system-out/>
  <testcase name="verifyRequestQuoteForPrivateTrainingClassesClick" classname="com.OSMOSE.testcases.oCalcPro">
    <skipped/>
  </testcase> <!-- verifyRequestQuoteForPrivateTrainingClassesClick -->
  <system-out/>
</testsuite> <!-- com.OSMOSE.testcases.oCalcPro -->
