<?xml version="1.0" encoding="UTF-8"?>
<!-- Generated by org.testng.reporters.JUnitReportReporter -->
<testsuite skipped="1" hostname="5CG6323N27" name="com.OSMOSE.testcases.KnowledgeBase" tests="44" failures="0" timestamp="2020-08-26T17:42:11 IST" time="679.919" errors="0">
  <testcase name="verifyKnowledgeBaseNavigationClick" time="33.479" classname="com.OSMOSE.testcases.KnowledgeBase"/>
  <system-out>
Click to see Screenshot <a target="_blank" href=Wed_Aug_26_17_29_50_IST_2020.jpg>Screenshot</a> <br> <br> <a target="_blank" href=Wed_Aug_26_17_29_50_IST_2020.jpg><img src=Wed_Aug_26_17_29_50_IST_2020.jpg height=200 width=200></img></a>  </system-out>
  <testcase name="verifyLinksPresentOnKb" time="0.097" classname="com.OSMOSE.testcases.KnowledgeBase"/>
  <system-out>
Click to see Screenshot <a target="_blank" href=Wed_Aug_26_17_29_51_IST_2020.jpg>Screenshot</a> <br> <br> <a target="_blank" href=Wed_Aug_26_17_29_51_IST_2020.jpg><img src=Wed_Aug_26_17_29_51_IST_2020.jpg height=200 width=200></img></a>  </system-out>
  <testcase name="verifyPresenceOfSearchBox" time="0.088" classname="com.OSMOSE.testcases.KnowledgeBase"/>
  <system-out>
Click to see Screenshot <a target="_blank" href=Wed_Aug_26_17_29_51_IST_2020.jpg>Screenshot</a> <br> <br> <a target="_blank" href=Wed_Aug_26_17_29_51_IST_2020.jpg><img src=Wed_Aug_26_17_29_51_IST_2020.jpg height=200 width=200></img></a>  </system-out>
  <testcase name="verifyPresenceOfPopularQueriesFilter" time="0.037" classname="com.OSMOSE.testcases.KnowledgeBase"/>
  <system-out>
Click to see Screenshot <a target="_blank" href=Wed_Aug_26_17_29_51_IST_2020.jpg>Screenshot</a> <br> <br> <a target="_blank" href=Wed_Aug_26_17_29_51_IST_2020.jpg><img src=Wed_Aug_26_17_29_51_IST_2020.jpg height=200 width=200></img></a>  </system-out>
  <testcase name="verifyPresenceOfFilterItems" time="2.172" classname="com.OSMOSE.testcases.KnowledgeBase"/>
  <system-out>
Click to see Screenshot <a target="_blank" href=Wed_Aug_26_17_29_54_IST_2020.jpg>Screenshot</a> <br> <br> <a target="_blank" href=Wed_Aug_26_17_29_54_IST_2020.jpg><img src=Wed_Aug_26_17_29_54_IST_2020.jpg height=200 width=200></img></a>  </system-out>
  <testcase name="verifyPresenceSteelAndConcreteAssessmentCard" time="0.033" classname="com.OSMOSE.testcases.KnowledgeBase"/>
  <system-out>
Click to see Screenshot <a target="_blank" href=Wed_Aug_26_17_29_54_IST_2020.jpg>Screenshot</a> <br> <br> <a target="_blank" href=Wed_Aug_26_17_29_54_IST_2020.jpg><img src=Wed_Aug_26_17_29_54_IST_2020.jpg height=200 width=200></img></a>  </system-out>
  <testcase name="verifyPresenceSteelAndConcreteRestorationCard" time="0.030" classname="com.OSMOSE.testcases.KnowledgeBase"/>
  <system-out>
Click to see Screenshot <a target="_blank" href=Wed_Aug_26_17_29_55_IST_2020.jpg>Screenshot</a> <br> <br> <a target="_blank" href=Wed_Aug_26_17_29_55_IST_2020.jpg><img src=Wed_Aug_26_17_29_55_IST_2020.jpg height=200 width=200></img></a>  </system-out>
  <testcase name="verifyPresenceWoodInspectionAndTreatmentCard" time="0.034" classname="com.OSMOSE.testcases.KnowledgeBase"/>
  <system-out>
Click to see Screenshot <a target="_blank" href=Wed_Aug_26_17_29_55_IST_2020.jpg>Screenshot</a> <br> <br> <a target="_blank" href=Wed_Aug_26_17_29_55_IST_2020.jpg><img src=Wed_Aug_26_17_29_55_IST_2020.jpg height=200 width=200></img></a>  </system-out>
  <testcase name="verifyPresenceWoodRestorationCard" time="0.033" classname="com.OSMOSE.testcases.KnowledgeBase"/>
  <system-out>
Click to see Screenshot <a target="_blank" href=Wed_Aug_26_17_29_56_IST_2020.jpg>Screenshot</a> <br> <br> <a target="_blank" href=Wed_Aug_26_17_29_56_IST_2020.jpg><img src=Wed_Aug_26_17_29_56_IST_2020.jpg height=200 width=200></img></a>  </system-out>
  <testcase name="verifyPresenceIndustryNewsCard" time="0.058" classname="com.OSMOSE.testcases.KnowledgeBase"/>
  <system-out>
Click to see Screenshot <a target="_blank" href=Wed_Aug_26_17_29_56_IST_2020.jpg>Screenshot</a> <br> <br> <a target="_blank" href=Wed_Aug_26_17_29_56_IST_2020.jpg><img src=Wed_Aug_26_17_29_56_IST_2020.jpg height=200 width=200></img></a>  </system-out>
  <testcase name="verifyPresenceOCalcProCard" time="0.031" classname="com.OSMOSE.testcases.KnowledgeBase"/>
  <system-out>
Click to see Screenshot <a target="_blank" href=Wed_Aug_26_17_29_57_IST_2020.jpg>Screenshot</a> <br> <br> <a target="_blank" href=Wed_Aug_26_17_29_57_IST_2020.jpg><img src=Wed_Aug_26_17_29_57_IST_2020.jpg height=200 width=200></img></a>  </system-out>
  <testcase name="verifyPresenceProjectOfTheWeekCard" time="0.059" classname="com.OSMOSE.testcases.KnowledgeBase"/>
  <system-out>
Click to see Screenshot <a target="_blank" href=Wed_Aug_26_17_29_57_IST_2020.jpg>Screenshot</a> <br> <br> <a target="_blank" href=Wed_Aug_26_17_29_57_IST_2020.jpg><img src=Wed_Aug_26_17_29_57_IST_2020.jpg height=200 width=200></img></a>  </system-out>
  <testcase name="verifyPresenceWhatswrongwiththisPictureCard" time="0.034" classname="com.OSMOSE.testcases.KnowledgeBase"/>
  <system-out>
Click to see Screenshot <a target="_blank" href=Wed_Aug_26_17_29_58_IST_2020.jpg>Screenshot</a> <br> <br> <a target="_blank" href=Wed_Aug_26_17_29_58_IST_2020.jpg><img src=Wed_Aug_26_17_29_58_IST_2020.jpg height=200 width=200></img></a>  </system-out>
  <testcase name="verifyPresenceFeaturedVideosCard" time="0.029" classname="com.OSMOSE.testcases.KnowledgeBase"/>
  <system-out>
Click to see Screenshot <a target="_blank" href=Wed_Aug_26_17_29_57_IST_2020.jpg>Screenshot</a> <br> <br> <a target="_blank" href=Wed_Aug_26_17_29_57_IST_2020.jpg><img src=Wed_Aug_26_17_29_57_IST_2020.jpg height=200 width=200></img></a>  </system-out>
  <testcase name="verifyPresenceSuggestedContentsCard" time="0.032" classname="com.OSMOSE.testcases.KnowledgeBase"/>
  <system-out>
Click to see Screenshot <a target="_blank" href=Wed_Aug_26_17_29_58_IST_2020.jpg>Screenshot</a> <br> <br> <a target="_blank" href=Wed_Aug_26_17_29_58_IST_2020.jpg><img src=Wed_Aug_26_17_29_58_IST_2020.jpg height=200 width=200></img></a>  </system-out>
  <testcase name="verifyPresenceOfOcalCproButtons" time="3.176" classname="com.OSMOSE.testcases.KnowledgeBase"/>
  <system-out>
Click to see Screenshot <a target="_blank" href=Wed_Aug_26_17_30_02_IST_2020.jpg>Screenshot</a> <br> <br> <a target="_blank" href=Wed_Aug_26_17_30_02_IST_2020.jpg><img src=Wed_Aug_26_17_30_02_IST_2020.jpg height=200 width=200></img></a>  </system-out>
  <testcase name="verifyPresenceOfSliderOnSuggestedContents" time="8.127" classname="com.OSMOSE.testcases.KnowledgeBase"/>
  <system-out>
Click to see Screenshot <a target="_blank" href=Wed_Aug_26_17_30_10_IST_2020.jpg>Screenshot</a> <br> <br> <a target="_blank" href=Wed_Aug_26_17_30_10_IST_2020.jpg><img src=Wed_Aug_26_17_30_10_IST_2020.jpg height=200 width=200></img></a>  </system-out>
  <testcase name="verifyClickOnItemSuggestedContents" time="9.268" classname="com.OSMOSE.testcases.KnowledgeBase"/>
  <system-out>
Click to see Screenshot <a target="_blank" href=Wed_Aug_26_17_30_20_IST_2020.jpg>Screenshot</a> <br> <br> <a target="_blank" href=Wed_Aug_26_17_30_20_IST_2020.jpg><img src=Wed_Aug_26_17_30_20_IST_2020.jpg height=200 width=200></img></a>  </system-out>
  <testcase name="verifyClickOnItemFeaturedVideos" time="5.146" classname="com.OSMOSE.testcases.KnowledgeBase"/>
  <system-out>
Click to see Screenshot <a target="_blank" href=Wed_Aug_26_17_30_26_IST_2020.jpg>Screenshot</a> <br> <br> <a target="_blank" href=Wed_Aug_26_17_30_26_IST_2020.jpg><img src=Wed_Aug_26_17_30_26_IST_2020.jpg height=200 width=200></img></a>  </system-out>
  <testcase name="verifyClickOnViewProjectProjectOfTheWeek" time="5.172" classname="com.OSMOSE.testcases.KnowledgeBase"/>
  <system-out>
Click to see Screenshot <a target="_blank" href=Wed_Aug_26_17_30_31_IST_2020.jpg>Screenshot</a> <br> <br> <a target="_blank" href=Wed_Aug_26_17_30_31_IST_2020.jpg><img src=Wed_Aug_26_17_30_31_IST_2020.jpg height=200 width=200></img></a>  </system-out>
  <testcase name="verifyCardContentsSteelConcreteAssessment" time="0.240" classname="com.OSMOSE.testcases.KnowledgeBase"/>
  <system-out>
Click to see Screenshot <a target="_blank" href=Wed_Aug_26_17_30_32_IST_2020.jpg>Screenshot</a> <br> <br> <a target="_blank" href=Wed_Aug_26_17_30_32_IST_2020.jpg><img src=Wed_Aug_26_17_30_32_IST_2020.jpg height=200 width=200></img></a>  </system-out>
  <testcase name="verifyCardContentsSteelConcreteRestoration" time="0.245" classname="com.OSMOSE.testcases.KnowledgeBase"/>
  <system-out>
Click to see Screenshot <a target="_blank" href=Wed_Aug_26_17_30_33_IST_2020.jpg>Screenshot</a> <br> <br> <a target="_blank" href=Wed_Aug_26_17_30_33_IST_2020.jpg><img src=Wed_Aug_26_17_30_33_IST_2020.jpg height=200 width=200></img></a>  </system-out>
  <testcase name="verifyCardContentsWoodInspectionTreatment" time="0.190" classname="com.OSMOSE.testcases.KnowledgeBase"/>
  <system-out>
Click to see Screenshot <a target="_blank" href=Wed_Aug_26_17_30_34_IST_2020.jpg>Screenshot</a> <br> <br> <a target="_blank" href=Wed_Aug_26_17_30_34_IST_2020.jpg><img src=Wed_Aug_26_17_30_34_IST_2020.jpg height=200 width=200></img></a>  </system-out>
  <testcase name="verifyCardContentsWoodRestoration" time="0.235" classname="com.OSMOSE.testcases.KnowledgeBase"/>
  <system-out>
Click to see Screenshot <a target="_blank" href=Wed_Aug_26_17_30_34_IST_2020.jpg>Screenshot</a> <br> <br> <a target="_blank" href=Wed_Aug_26_17_30_34_IST_2020.jpg><img src=Wed_Aug_26_17_30_34_IST_2020.jpg height=200 width=200></img></a>  </system-out>
  <testcase name="verifyCardContentsJointUse" time="0.184" classname="com.OSMOSE.testcases.KnowledgeBase"/>
  <system-out>
Click to see Screenshot <a target="_blank" href=Wed_Aug_26_17_30_35_IST_2020.jpg>Screenshot</a> <br> <br> <a target="_blank" href=Wed_Aug_26_17_30_35_IST_2020.jpg><img src=Wed_Aug_26_17_30_35_IST_2020.jpg height=200 width=200></img></a>  </system-out>
  <testcase name="verifyCardContentsOverhead" time="0.185" classname="com.OSMOSE.testcases.KnowledgeBase"/>
  <system-out>
Click to see Screenshot <a target="_blank" href=Wed_Aug_26_17_30_36_IST_2020.jpg>Screenshot</a> <br> <br> <a target="_blank" href=Wed_Aug_26_17_30_36_IST_2020.jpg><img src=Wed_Aug_26_17_30_36_IST_2020.jpg height=200 width=200></img></a>  </system-out>
  <testcase name="verifyCardContentsPoleReplacement" time="0.177" classname="com.OSMOSE.testcases.KnowledgeBase"/>
  <system-out>
Click to see Screenshot <a target="_blank" href=Wed_Aug_26_17_30_36_IST_2020.jpg>Screenshot</a> <br> <br> <a target="_blank" href=Wed_Aug_26_17_30_36_IST_2020.jpg><img src=Wed_Aug_26_17_30_36_IST_2020.jpg height=200 width=200></img></a>  </system-out>
  <testcase name="verifyCardContentsProducts" time="0.180" classname="com.OSMOSE.testcases.KnowledgeBase"/>
  <system-out>
Click to see Screenshot <a target="_blank" href=Wed_Aug_26_17_30_37_IST_2020.jpg>Screenshot</a> <br> <br> <a target="_blank" href=Wed_Aug_26_17_30_37_IST_2020.jpg><img src=Wed_Aug_26_17_30_37_IST_2020.jpg height=200 width=200></img></a>  </system-out>
  <testcase name="verifyCardContentsStormSupport" time="0.224" classname="com.OSMOSE.testcases.KnowledgeBase"/>
  <system-out>
Click to see Screenshot <a target="_blank" href=Wed_Aug_26_17_30_38_IST_2020.jpg>Screenshot</a> <br> <br> <a target="_blank" href=Wed_Aug_26_17_30_38_IST_2020.jpg><img src=Wed_Aug_26_17_30_38_IST_2020.jpg height=200 width=200></img></a>  </system-out>
  <testcase name="verifyCardContentsUnderground" time="0.183" classname="com.OSMOSE.testcases.KnowledgeBase"/>
  <system-out>
Click to see Screenshot <a target="_blank" href=Wed_Aug_26_17_30_38_IST_2020.jpg>Screenshot</a> <br> <br> <a target="_blank" href=Wed_Aug_26_17_30_38_IST_2020.jpg><img src=Wed_Aug_26_17_30_38_IST_2020.jpg height=200 width=200></img></a>  </system-out>
  <testcase name="verifyIndustrySeeMore" time="28.321" classname="com.OSMOSE.testcases.KnowledgeBase"/>
  <system-out>
Click to see Screenshot <a target="_blank" href=Wed_Aug_26_17_31_07_IST_2020.jpg>Screenshot</a> <br> <br> <a target="_blank" href=Wed_Aug_26_17_31_07_IST_2020.jpg><img src=Wed_Aug_26_17_31_07_IST_2020.jpg height=200 width=200></img></a>  </system-out>
  <testcase name="verifyClickOnDailyGaffGallery" time="8.629" classname="com.OSMOSE.testcases.KnowledgeBase"/>
  <system-out>
Click to see Screenshot <a target="_blank" href=Wed_Aug_26_17_31_16_IST_2020.jpg>Screenshot</a> <br> <br> <a target="_blank" href=Wed_Aug_26_17_31_16_IST_2020.jpg><img src=Wed_Aug_26_17_31_16_IST_2020.jpg height=200 width=200></img></a>  </system-out>
  <testcase name="verifyClickOnDailyGaffGalleryImage" time="8.663" classname="com.OSMOSE.testcases.KnowledgeBase"/>
  <system-out>
Click to see Screenshot <a target="_blank" href=Wed_Aug_26_17_31_25_IST_2020.jpg>Screenshot</a> <br> <br> <a target="_blank" href=Wed_Aug_26_17_31_25_IST_2020.jpg><img src=Wed_Aug_26_17_31_25_IST_2020.jpg height=200 width=200></img></a>  </system-out>
  <testcase name="verifyClickOnJointUseCard" time="59.237" classname="com.OSMOSE.testcases.KnowledgeBase"/>
  <system-out>
Click to see Screenshot <a target="_blank" href=Wed_Aug_26_17_32_25_IST_2020.jpg>Screenshot</a> <br> <br> <a target="_blank" href=Wed_Aug_26_17_32_25_IST_2020.jpg><img src=Wed_Aug_26_17_32_25_IST_2020.jpg height=200 width=200></img></a>  </system-out>
  <testcase name="verifyClickOnOverheadCard" time="56.226" classname="com.OSMOSE.testcases.KnowledgeBase"/>
  <system-out>
Click to see Screenshot <a target="_blank" href=Wed_Aug_26_17_33_21_IST_2020.jpg>Screenshot</a> <br> <br> <a target="_blank" href=Wed_Aug_26_17_33_21_IST_2020.jpg><img src=Wed_Aug_26_17_33_21_IST_2020.jpg height=200 width=200></img></a>  </system-out>
  <testcase name="verifyClickOnPoleReplacementCard" time="56.226" classname="com.OSMOSE.testcases.KnowledgeBase"/>
  <system-out>
Click to see Screenshot <a target="_blank" href=Wed_Aug_26_17_34_18_IST_2020.jpg>Screenshot</a> <br> <br> <a target="_blank" href=Wed_Aug_26_17_34_18_IST_2020.jpg><img src=Wed_Aug_26_17_34_18_IST_2020.jpg height=200 width=200></img></a>  </system-out>
  <testcase name="verifyClickOnProductsCard" time="56.229" classname="com.OSMOSE.testcases.KnowledgeBase"/>
  <system-out>
Click to see Screenshot <a target="_blank" href=Wed_Aug_26_17_35_14_IST_2020.jpg>Screenshot</a> <br> <br> <a target="_blank" href=Wed_Aug_26_17_35_14_IST_2020.jpg><img src=Wed_Aug_26_17_35_14_IST_2020.jpg height=200 width=200></img></a>  </system-out>
  <testcase name="verifyClickOnSteelandConcreteAssessmentCard" time="56.182" classname="com.OSMOSE.testcases.KnowledgeBase"/>
  <system-out>
Click to see Screenshot <a target="_blank" href=Wed_Aug_26_17_36_11_IST_2020.jpg>Screenshot</a> <br> <br> <a target="_blank" href=Wed_Aug_26_17_36_11_IST_2020.jpg><img src=Wed_Aug_26_17_36_11_IST_2020.jpg height=200 width=200></img></a>  </system-out>
  <testcase name="verifyClickOnSteelandConcreteRestorationCard" time="56.201" classname="com.OSMOSE.testcases.KnowledgeBase"/>
  <system-out>
Click to see Screenshot <a target="_blank" href=Wed_Aug_26_17_37_07_IST_2020.jpg>Screenshot</a> <br> <br> <a target="_blank" href=Wed_Aug_26_17_37_07_IST_2020.jpg><img src=Wed_Aug_26_17_37_07_IST_2020.jpg height=200 width=200></img></a>  </system-out>
  <testcase name="verifyClickOnStormSupportCard" time="56.262" classname="com.OSMOSE.testcases.KnowledgeBase"/>
  <system-out>
Click to see Screenshot <a target="_blank" href=Wed_Aug_26_17_38_04_IST_2020.jpg>Screenshot</a> <br> <br> <a target="_blank" href=Wed_Aug_26_17_38_04_IST_2020.jpg><img src=Wed_Aug_26_17_38_04_IST_2020.jpg height=200 width=200></img></a>  </system-out>
  <testcase name="verifyClickOnUndergroundCard" time="56.195" classname="com.OSMOSE.testcases.KnowledgeBase"/>
  <system-out>
Click to see Screenshot <a target="_blank" href=Wed_Aug_26_17_39_01_IST_2020.jpg>Screenshot</a> <br> <br> <a target="_blank" href=Wed_Aug_26_17_39_01_IST_2020.jpg><img src=Wed_Aug_26_17_39_01_IST_2020.jpg height=200 width=200></img></a>  </system-out>
  <testcase name="verifyClickOnWoodRestorationCard" time="56.175" classname="com.OSMOSE.testcases.KnowledgeBase"/>
  <system-out>
Click to see Screenshot <a target="_blank" href=Wed_Aug_26_17_39_57_IST_2020.jpg>Screenshot</a> <br> <br> <a target="_blank" href=Wed_Aug_26_17_39_57_IST_2020.jpg><img src=Wed_Aug_26_17_39_57_IST_2020.jpg height=200 width=200></img></a>  </system-out>
  <testcase name="verifyClickOnWoodInspectionCard" time="56.195" classname="com.OSMOSE.testcases.KnowledgeBase"/>
  <system-out>
Click to see Screenshot <a target="_blank" href=Wed_Aug_26_17_40_54_IST_2020.jpg>Screenshot</a> <br> <br> <a target="_blank" href=Wed_Aug_26_17_40_54_IST_2020.jpg><img src=Wed_Aug_26_17_40_54_IST_2020.jpg height=200 width=200></img></a>  </system-out>
  <testcase name="verifyClickonJointUsImages" classname="com.OSMOSE.testcases.KnowledgeBase">
    <skipped/>
  </testcase> <!-- verifyClickonJointUsImages -->
  <system-out/>
</testsuite> <!-- com.OSMOSE.testcases.KnowledgeBase -->
