<?xml version="1.0" encoding="UTF-8"?>
<!-- Generated by org.testng.reporters.JUnitReportReporter -->
<testsuite skipped="25" hostname="5CG6323N27" name="com.OSMOSE.testcases.Product" tests="30" failures="0" timestamp="2020-06-24T20:10:29 IST" time="121.231" errors="0">
  <testcase name="verifyTheProductLink" time="14.668" classname="com.OSMOSE.testcases.Product"/>
  <system-out>
Click to see Screenshot <a target="_blank" href=Wed_Jun_24_20_08_36_IST_2020.jpg>Screenshot</a> <br> <br> <a target="_blank" href=Wed_Jun_24_20_08_36_IST_2020.jpg><img src=Wed_Jun_24_20_08_36_IST_2020.jpg height=200 width=200></img></a>  </system-out>
  <testcase name="searchElementPresent" time="50.077" classname="com.OSMOSE.testcases.Product"/>
  <system-out>
Click to see Screenshot <a target="_blank" href=Wed_Jun_24_20_09_27_IST_2020.jpg>Screenshot</a> <br> <br> <a target="_blank" href=Wed_Jun_24_20_09_27_IST_2020.jpg><img src=Wed_Jun_24_20_09_27_IST_2020.jpg height=200 width=200></img></a>  </system-out>
  <testcase name="DeleteQuanityinShoppingCart" time="5.109" classname="com.OSMOSE.testcases.Product"/>
  <system-out>
Click to see Screenshot <a target="_blank" href=Wed_Jun_24_20_09_33_IST_2020.jpg>Screenshot</a> <br> <br> <a target="_blank" href=Wed_Jun_24_20_09_33_IST_2020.jpg><img src=Wed_Jun_24_20_09_33_IST_2020.jpg height=200 width=200></img></a>  </system-out>
  <testcase name="UpdateIncreaseQuanityinShoppingCart" time="5.250" classname="com.OSMOSE.testcases.Product"/>
  <system-out>
Click to see Screenshot <a target="_blank" href=Wed_Jun_24_20_09_38_IST_2020.jpg>Screenshot</a> <br> <br> <a target="_blank" href=Wed_Jun_24_20_09_38_IST_2020.jpg><img src=Wed_Jun_24_20_09_38_IST_2020.jpg height=200 width=200></img></a>  </system-out>
  <testcase name="UpdateDecreaseQuanityinShoppingCart" time="46.127" classname="com.OSMOSE.testcases.Product"/>
  <system-out>
Click to see Screenshot <a target="_blank" href=Wed_Jun_24_20_10_25_IST_2020.jpg>Screenshot</a> <br> <br> <a target="_blank" href=Wed_Jun_24_20_10_25_IST_2020.jpg><img src=Wed_Jun_24_20_10_25_IST_2020.jpg height=200 width=200></img></a>  </system-out>
  <testcase name="verifyTheValidationmessage" classname="com.OSMOSE.testcases.Product">
    <skipped/>
  </testcase> <!-- verifyTheValidationmessage -->
  <system-out/>
  <testcase name="VerifyProductclick" classname="com.OSMOSE.testcases.Product">
    <skipped/>
  </testcase> <!-- VerifyProductclick -->
  <system-out/>
  <testcase name="AddShoppingCart" classname="com.OSMOSE.testcases.Product">
    <skipped/>
  </testcase> <!-- AddShoppingCart -->
  <system-out/>
  <testcase name="verifyTheSearchFullname" classname="com.OSMOSE.testcases.Product">
    <skipped/>
  </testcase> <!-- verifyTheSearchFullname -->
  <system-out/>
  <testcase name="openMyQuotesElementPresent" classname="com.OSMOSE.testcases.Product">
    <skipped/>
  </testcase> <!-- openMyQuotesElementPresent -->
  <system-out/>
  <testcase name="catalogElementPresent" classname="com.OSMOSE.testcases.Product">
    <skipped/>
  </testcase> <!-- catalogElementPresent -->
  <system-out/>
  <testcase name="verifyTheProductCart" classname="com.OSMOSE.testcases.Product">
    <skipped/>
  </testcase> <!-- verifyTheProductCart -->
  <system-out/>
  <testcase name="verifyTheSearchOneAlphabet" classname="com.OSMOSE.testcases.Product">
    <skipped/>
  </testcase> <!-- verifyTheSearchOneAlphabet -->
  <system-out/>
  <testcase name="verifyTheSearchfirstname" classname="com.OSMOSE.testcases.Product">
    <skipped/>
  </testcase> <!-- verifyTheSearchfirstname -->
  <system-out/>
  <testcase name="viewDetailsElementPresent" classname="com.OSMOSE.testcases.Product">
    <skipped/>
  </testcase> <!-- viewDetailsElementPresent -->
  <system-out/>
  <testcase name="ReturnPolicy" classname="com.OSMOSE.testcases.Product">
    <skipped/>
  </testcase> <!-- ReturnPolicy -->
  <system-out/>
  <testcase name="verifyTheSearch" classname="com.OSMOSE.testcases.Product">
    <skipped/>
  </testcase> <!-- verifyTheSearch -->
  <system-out/>
  <testcase name="verifyTheSearchCrossButton" classname="com.OSMOSE.testcases.Product">
    <skipped/>
  </testcase> <!-- verifyTheSearchCrossButton -->
  <system-out/>
  <testcase name="verifyCategoryFilter" classname="com.OSMOSE.testcases.Product">
    <skipped/>
  </testcase> <!-- verifyCategoryFilter -->
  <system-out/>
  <testcase name="FeaturedProductPoleRestoration" classname="com.OSMOSE.testcases.Product">
    <skipped/>
  </testcase> <!-- FeaturedProductPoleRestoration -->
  <system-out/>
  <testcase name="VerifyCrossicononhoppingCart" classname="com.OSMOSE.testcases.Product">
    <skipped/>
  </testcase> <!-- VerifyCrossicononhoppingCart -->
  <system-out/>
  <testcase name="sliderItemPresent" classname="com.OSMOSE.testcases.Product">
    <skipped/>
  </testcase> <!-- sliderItemPresent -->
  <system-out/>
  <testcase name="VerifyCrossicononhoppingCart_Sameitem_multipletime" classname="com.OSMOSE.testcases.Product">
    <skipped/>
  </testcase> <!-- VerifyCrossicononhoppingCart_Sameitem_multipletime -->
  <system-out/>
  <testcase name="VerifyFPImageClick" classname="com.OSMOSE.testcases.Product">
    <skipped/>
  </testcase> <!-- VerifyFPImageClick -->
  <system-out/>
  <testcase name="AddQuantityandverifyCellNumber" classname="com.OSMOSE.testcases.Product">
    <skipped/>
  </testcase> <!-- AddQuantityandverifyCellNumber -->
  <system-out/>
  <testcase name="adminElementPresent" classname="com.OSMOSE.testcases.Product">
    <skipped/>
  </testcase> <!-- adminElementPresent -->
  <system-out/>
  <testcase name="shoppingCartElementPresent" classname="com.OSMOSE.testcases.Product">
    <skipped/>
  </testcase> <!-- shoppingCartElementPresent -->
  <system-out/>
  <testcase name="verifyAddShoppingCarttext" classname="com.OSMOSE.testcases.Product">
    <skipped/>
  </testcase> <!-- verifyAddShoppingCarttext -->
  <system-out/>
  <testcase name="allSixProductPresent" classname="com.OSMOSE.testcases.Product">
    <skipped/>
  </testcase> <!-- allSixProductPresent -->
  <system-out/>
  <testcase name="verifyViewDetail" classname="com.OSMOSE.testcases.Product">
    <skipped/>
  </testcase> <!-- verifyViewDetail -->
  <system-out/>
</testsuite> <!-- com.OSMOSE.testcases.Product -->
