<?xml version="1.0" encoding="UTF-8"?>
<!-- Generated by org.testng.reporters.JUnitReportReporter -->
<testsuite skipped="3" hostname="5CG6323N27" name="com.OSMOSE.testcases.KnowledgeBase" tests="97" failures="0" timestamp="2020-12-15T10:31:55 IST" time="2564.659" errors="0">
  <testcase name="verifyKnowledgeBaseNavigationClick" time="49.602" classname="com.OSMOSE.testcases.KnowledgeBase"/>
  <system-out>
Click to see Screenshot <a target="_blank" href=Tue_Dec_15_09_49_16_IST_2020.jpg>Screenshot</a> <br> <br> <a target="_blank" href=Tue_Dec_15_09_49_16_IST_2020.jpg><img src=Tue_Dec_15_09_49_16_IST_2020.jpg height=200 width=200></img></a>  </system-out>
  <testcase name="verifyLinksPresentOnKb" time="0.115" classname="com.OSMOSE.testcases.KnowledgeBase"/>
  <system-out>
Click to see Screenshot <a target="_blank" href=Tue_Dec_15_09_49_17_IST_2020.jpg>Screenshot</a> <br> <br> <a target="_blank" href=Tue_Dec_15_09_49_17_IST_2020.jpg><img src=Tue_Dec_15_09_49_17_IST_2020.jpg height=200 width=200></img></a>  </system-out>
  <testcase name="verifyPresenceOfSearchBox" time="0.089" classname="com.OSMOSE.testcases.KnowledgeBase"/>
  <system-out>
Click to see Screenshot <a target="_blank" href=Tue_Dec_15_09_49_17_IST_2020.jpg>Screenshot</a> <br> <br> <a target="_blank" href=Tue_Dec_15_09_49_17_IST_2020.jpg><img src=Tue_Dec_15_09_49_17_IST_2020.jpg height=200 width=200></img></a>  </system-out>
  <testcase name="verifyPresenceOfPopularQueriesFilter" time="0.044" classname="com.OSMOSE.testcases.KnowledgeBase"/>
  <system-out>
Click to see Screenshot <a target="_blank" href=Tue_Dec_15_09_49_18_IST_2020.jpg>Screenshot</a> <br> <br> <a target="_blank" href=Tue_Dec_15_09_49_18_IST_2020.jpg><img src=Tue_Dec_15_09_49_18_IST_2020.jpg height=200 width=200></img></a>  </system-out>
  <testcase name="verifyPresenceOfFilterItems" time="5.278" classname="com.OSMOSE.testcases.KnowledgeBase"/>
  <system-out>
Click to see Screenshot <a target="_blank" href=Tue_Dec_15_09_49_23_IST_2020.jpg>Screenshot</a> <br> <br> <a target="_blank" href=Tue_Dec_15_09_49_23_IST_2020.jpg><img src=Tue_Dec_15_09_49_23_IST_2020.jpg height=200 width=200></img></a>  </system-out>
  <testcase name="verifyPresenceSteelAndConcreteAssessmentCard" time="0.048" classname="com.OSMOSE.testcases.KnowledgeBase"/>
  <system-out>
Click to see Screenshot <a target="_blank" href=Tue_Dec_15_09_49_24_IST_2020.jpg>Screenshot</a> <br> <br> <a target="_blank" href=Tue_Dec_15_09_49_24_IST_2020.jpg><img src=Tue_Dec_15_09_49_24_IST_2020.jpg height=200 width=200></img></a>  </system-out>
  <testcase name="verifyPresenceSteelAndConcreteRestorationCard" time="0.041" classname="com.OSMOSE.testcases.KnowledgeBase"/>
  <system-out>
Click to see Screenshot <a target="_blank" href=Tue_Dec_15_09_49_24_IST_2020.jpg>Screenshot</a> <br> <br> <a target="_blank" href=Tue_Dec_15_09_49_24_IST_2020.jpg><img src=Tue_Dec_15_09_49_24_IST_2020.jpg height=200 width=200></img></a>  </system-out>
  <testcase name="verifyPresenceWoodInspectionAndTreatmentCard" time="0.037" classname="com.OSMOSE.testcases.KnowledgeBase"/>
  <system-out>
Click to see Screenshot <a target="_blank" href=Tue_Dec_15_09_49_25_IST_2020.jpg>Screenshot</a> <br> <br> <a target="_blank" href=Tue_Dec_15_09_49_25_IST_2020.jpg><img src=Tue_Dec_15_09_49_25_IST_2020.jpg height=200 width=200></img></a>  </system-out>
  <testcase name="verifyPresenceWoodRestorationCard" time="0.037" classname="com.OSMOSE.testcases.KnowledgeBase"/>
  <system-out>
Click to see Screenshot <a target="_blank" href=Tue_Dec_15_09_49_25_IST_2020.jpg>Screenshot</a> <br> <br> <a target="_blank" href=Tue_Dec_15_09_49_25_IST_2020.jpg><img src=Tue_Dec_15_09_49_25_IST_2020.jpg height=200 width=200></img></a>  </system-out>
  <testcase name="verifyPresenceUndergroundCard" time="0.044" classname="com.OSMOSE.testcases.KnowledgeBase"/>
  <system-out>
Click to see Screenshot <a target="_blank" href=Tue_Dec_15_09_49_26_IST_2020.jpg>Screenshot</a> <br> <br> <a target="_blank" href=Tue_Dec_15_09_49_26_IST_2020.jpg><img src=Tue_Dec_15_09_49_26_IST_2020.jpg height=200 width=200></img></a>  </system-out>
  <testcase name="verifyPresenceOverheadCard" time="0.039" classname="com.OSMOSE.testcases.KnowledgeBase"/>
  <system-out>
Click to see Screenshot <a target="_blank" href=Tue_Dec_15_09_49_26_IST_2020.jpg>Screenshot</a> <br> <br> <a target="_blank" href=Tue_Dec_15_09_49_26_IST_2020.jpg><img src=Tue_Dec_15_09_49_26_IST_2020.jpg height=200 width=200></img></a>  </system-out>
  <testcase name="verifyPresenceJointUseCard" time="0.069" classname="com.OSMOSE.testcases.KnowledgeBase"/>
  <system-out>
Click to see Screenshot <a target="_blank" href=Tue_Dec_15_09_49_27_IST_2020.jpg>Screenshot</a> <br> <br> <a target="_blank" href=Tue_Dec_15_09_49_27_IST_2020.jpg><img src=Tue_Dec_15_09_49_27_IST_2020.jpg height=200 width=200></img></a>  </system-out>
  <testcase name="verifyPresencePoleReplacementCard" time="0.041" classname="com.OSMOSE.testcases.KnowledgeBase"/>
  <system-out>
Click to see Screenshot <a target="_blank" href=Tue_Dec_15_09_49_27_IST_2020.jpg>Screenshot</a> <br> <br> <a target="_blank" href=Tue_Dec_15_09_49_27_IST_2020.jpg><img src=Tue_Dec_15_09_49_27_IST_2020.jpg height=200 width=200></img></a>  </system-out>
  <testcase name="verifyPresenceStormSupportCard" time="0.048" classname="com.OSMOSE.testcases.KnowledgeBase"/>
  <system-out>
Click to see Screenshot <a target="_blank" href=Tue_Dec_15_09_49_28_IST_2020.jpg>Screenshot</a> <br> <br> <a target="_blank" href=Tue_Dec_15_09_49_28_IST_2020.jpg><img src=Tue_Dec_15_09_49_28_IST_2020.jpg height=200 width=200></img></a>  </system-out>
  <testcase name="verifyPresenceProductsCard" time="0.049" classname="com.OSMOSE.testcases.KnowledgeBase"/>
  <system-out>
Click to see Screenshot <a target="_blank" href=Tue_Dec_15_09_49_28_IST_2020.jpg>Screenshot</a> <br> <br> <a target="_blank" href=Tue_Dec_15_09_49_28_IST_2020.jpg><img src=Tue_Dec_15_09_49_28_IST_2020.jpg height=200 width=200></img></a>  </system-out>
  <testcase name="verifyPresenceOCalcProCard" time="0.064" classname="com.OSMOSE.testcases.KnowledgeBase"/>
  <system-out>
Click to see Screenshot <a target="_blank" href=Tue_Dec_15_09_49_29_IST_2020.jpg>Screenshot</a> <br> <br> <a target="_blank" href=Tue_Dec_15_09_49_29_IST_2020.jpg><img src=Tue_Dec_15_09_49_29_IST_2020.jpg height=200 width=200></img></a>  </system-out>
  <testcase name="verifyPresenceProjectOfTheWeekCard" time="0.070" classname="com.OSMOSE.testcases.KnowledgeBase"/>
  <system-out>
Click to see Screenshot <a target="_blank" href=Tue_Dec_15_09_49_29_IST_2020.jpg>Screenshot</a> <br> <br> <a target="_blank" href=Tue_Dec_15_09_49_29_IST_2020.jpg><img src=Tue_Dec_15_09_49_29_IST_2020.jpg height=200 width=200></img></a>  </system-out>
  <testcase name="verifyPresenceWhatswrongwiththisPictureCard" time="0.040" classname="com.OSMOSE.testcases.KnowledgeBase"/>
  <system-out>
Click to see Screenshot <a target="_blank" href=Tue_Dec_15_09_49_30_IST_2020.jpg>Screenshot</a> <br> <br> <a target="_blank" href=Tue_Dec_15_09_49_30_IST_2020.jpg><img src=Tue_Dec_15_09_49_30_IST_2020.jpg height=200 width=200></img></a>  </system-out>
  <testcase name="verifyPresenceFeaturedVideosCard" time="0.103" classname="com.OSMOSE.testcases.KnowledgeBase"/>
  <system-out>
Click to see Screenshot <a target="_blank" href=Tue_Dec_15_09_49_30_IST_2020.jpg>Screenshot</a> <br> <br> <a target="_blank" href=Tue_Dec_15_09_49_30_IST_2020.jpg><img src=Tue_Dec_15_09_49_30_IST_2020.jpg height=200 width=200></img></a>  </system-out>
  <testcase name="verifyPresenceSuggestedContentsCard" time="0.050" classname="com.OSMOSE.testcases.KnowledgeBase"/>
  <system-out>
Click to see Screenshot <a target="_blank" href=Tue_Dec_15_09_49_31_IST_2020.jpg>Screenshot</a> <br> <br> <a target="_blank" href=Tue_Dec_15_09_49_31_IST_2020.jpg><img src=Tue_Dec_15_09_49_31_IST_2020.jpg height=200 width=200></img></a>  </system-out>
  <testcase name="verifyPresenceOfOcalCproButtons" time="3.205" classname="com.OSMOSE.testcases.KnowledgeBase"/>
  <system-out>
Click to see Screenshot <a target="_blank" href=Tue_Dec_15_09_49_35_IST_2020.jpg>Screenshot</a> <br> <br> <a target="_blank" href=Tue_Dec_15_09_49_35_IST_2020.jpg><img src=Tue_Dec_15_09_49_35_IST_2020.jpg height=200 width=200></img></a>  </system-out>
  <testcase name="verifyPresenceOfSliderOnSuggestedContents" time="8.128" classname="com.OSMOSE.testcases.KnowledgeBase"/>
  <system-out>
Click to see Screenshot <a target="_blank" href=Tue_Dec_15_09_49_43_IST_2020.jpg>Screenshot</a> <br> <br> <a target="_blank" href=Tue_Dec_15_09_49_43_IST_2020.jpg><img src=Tue_Dec_15_09_49_43_IST_2020.jpg height=200 width=200></img></a>  </system-out>
  <testcase name="verifyClickOnItemSuggestedContents" time="9.233" classname="com.OSMOSE.testcases.KnowledgeBase"/>
  <system-out>
Click to see Screenshot <a target="_blank" href=Tue_Dec_15_09_49_53_IST_2020.jpg>Screenshot</a> <br> <br> <a target="_blank" href=Tue_Dec_15_09_49_53_IST_2020.jpg><img src=Tue_Dec_15_09_49_53_IST_2020.jpg height=200 width=200></img></a>  </system-out>
  <testcase name="verifyClickOnItemFeaturedVideos" time="5.334" classname="com.OSMOSE.testcases.KnowledgeBase"/>
  <system-out>
Click to see Screenshot <a target="_blank" href=Tue_Dec_15_09_49_59_IST_2020.jpg>Screenshot</a> <br> <br> <a target="_blank" href=Tue_Dec_15_09_49_59_IST_2020.jpg><img src=Tue_Dec_15_09_49_59_IST_2020.jpg height=200 width=200></img></a>  </system-out>
  <testcase name="verifyClickOnViewProjectProjectOfTheWeek" time="7.316" classname="com.OSMOSE.testcases.KnowledgeBase"/>
  <system-out>
Click to see Screenshot <a target="_blank" href=Tue_Dec_15_09_50_06_IST_2020.jpg>Screenshot</a> <br> <br> <a target="_blank" href=Tue_Dec_15_09_50_06_IST_2020.jpg><img src=Tue_Dec_15_09_50_06_IST_2020.jpg height=200 width=200></img></a>  </system-out>
  <testcase name="verifyCardContentsSteelConcreteAssessment" time="0.205" classname="com.OSMOSE.testcases.KnowledgeBase"/>
  <system-out>
Click to see Screenshot <a target="_blank" href=Tue_Dec_15_09_50_07_IST_2020.jpg>Screenshot</a> <br> <br> <a target="_blank" href=Tue_Dec_15_09_50_07_IST_2020.jpg><img src=Tue_Dec_15_09_50_07_IST_2020.jpg height=200 width=200></img></a>  </system-out>
  <testcase name="verifyCardContentsSteelConcreteRestoration" time="0.190" classname="com.OSMOSE.testcases.KnowledgeBase"/>
  <system-out>
Click to see Screenshot <a target="_blank" href=Tue_Dec_15_09_50_08_IST_2020.jpg>Screenshot</a> <br> <br> <a target="_blank" href=Tue_Dec_15_09_50_08_IST_2020.jpg><img src=Tue_Dec_15_09_50_08_IST_2020.jpg height=200 width=200></img></a>  </system-out>
  <testcase name="verifyCardContentsWoodInspectionTreatment" time="0.211" classname="com.OSMOSE.testcases.KnowledgeBase"/>
  <system-out>
Click to see Screenshot <a target="_blank" href=Tue_Dec_15_09_50_09_IST_2020.jpg>Screenshot</a> <br> <br> <a target="_blank" href=Tue_Dec_15_09_50_09_IST_2020.jpg><img src=Tue_Dec_15_09_50_09_IST_2020.jpg height=200 width=200></img></a>  </system-out>
  <testcase name="verifyCardContentsWoodRestoration" time="0.252" classname="com.OSMOSE.testcases.KnowledgeBase"/>
  <system-out>
Click to see Screenshot <a target="_blank" href=Tue_Dec_15_09_50_09_IST_2020.jpg>Screenshot</a> <br> <br> <a target="_blank" href=Tue_Dec_15_09_50_09_IST_2020.jpg><img src=Tue_Dec_15_09_50_09_IST_2020.jpg height=200 width=200></img></a>  </system-out>
  <testcase name="verifyCardContentsJointUse" time="0.272" classname="com.OSMOSE.testcases.KnowledgeBase"/>
  <system-out>
Click to see Screenshot <a target="_blank" href=Tue_Dec_15_09_50_10_IST_2020.jpg>Screenshot</a> <br> <br> <a target="_blank" href=Tue_Dec_15_09_50_10_IST_2020.jpg><img src=Tue_Dec_15_09_50_10_IST_2020.jpg height=200 width=200></img></a>  </system-out>
  <testcase name="verifyCardContentsOverhead" time="0.206" classname="com.OSMOSE.testcases.KnowledgeBase"/>
  <system-out>
Click to see Screenshot <a target="_blank" href=Tue_Dec_15_09_50_11_IST_2020.jpg>Screenshot</a> <br> <br> <a target="_blank" href=Tue_Dec_15_09_50_11_IST_2020.jpg><img src=Tue_Dec_15_09_50_11_IST_2020.jpg height=200 width=200></img></a>  </system-out>
  <testcase name="verifyCardContentsPoleReplacement" time="0.348" classname="com.OSMOSE.testcases.KnowledgeBase"/>
  <system-out>
Click to see Screenshot <a target="_blank" href=Tue_Dec_15_09_50_12_IST_2020.jpg>Screenshot</a> <br> <br> <a target="_blank" href=Tue_Dec_15_09_50_12_IST_2020.jpg><img src=Tue_Dec_15_09_50_12_IST_2020.jpg height=200 width=200></img></a>  </system-out>
  <testcase name="verifyCardContentsProducts" time="0.214" classname="com.OSMOSE.testcases.KnowledgeBase"/>
  <system-out>
Click to see Screenshot <a target="_blank" href=Tue_Dec_15_09_50_12_IST_2020.jpg>Screenshot</a> <br> <br> <a target="_blank" href=Tue_Dec_15_09_50_12_IST_2020.jpg><img src=Tue_Dec_15_09_50_12_IST_2020.jpg height=200 width=200></img></a>  </system-out>
  <testcase name="verifyCardContentsStormSupport" time="0.239" classname="com.OSMOSE.testcases.KnowledgeBase"/>
  <system-out>
Click to see Screenshot <a target="_blank" href=Tue_Dec_15_09_50_13_IST_2020.jpg>Screenshot</a> <br> <br> <a target="_blank" href=Tue_Dec_15_09_50_13_IST_2020.jpg><img src=Tue_Dec_15_09_50_13_IST_2020.jpg height=200 width=200></img></a>  </system-out>
  <testcase name="verifyCardContentsUnderground" time="0.235" classname="com.OSMOSE.testcases.KnowledgeBase"/>
  <system-out>
Click to see Screenshot <a target="_blank" href=Tue_Dec_15_09_50_14_IST_2020.jpg>Screenshot</a> <br> <br> <a target="_blank" href=Tue_Dec_15_09_50_14_IST_2020.jpg><img src=Tue_Dec_15_09_50_14_IST_2020.jpg height=200 width=200></img></a>  </system-out>
  <testcase name="verifyClickOnDailyGaffGallery" time="16.338" classname="com.OSMOSE.testcases.KnowledgeBase"/>
  <system-out>
Click to see Screenshot <a target="_blank" href=Tue_Dec_15_09_50_31_IST_2020.jpg>Screenshot</a> <br> <br> <a target="_blank" href=Tue_Dec_15_09_50_31_IST_2020.jpg><img src=Tue_Dec_15_09_50_31_IST_2020.jpg height=200 width=200></img></a>  </system-out>
  <testcase name="verifyClickOnDailyGaffGalleryImage" time="16.493" classname="com.OSMOSE.testcases.KnowledgeBase"/>
  <system-out>
Click to see Screenshot <a target="_blank" href=Tue_Dec_15_09_50_48_IST_2020.jpg>Screenshot</a> <br> <br> <a target="_blank" href=Tue_Dec_15_09_50_48_IST_2020.jpg><img src=Tue_Dec_15_09_50_48_IST_2020.jpg height=200 width=200></img></a>  </system-out>
  <testcase name="verifyClickOnJointUseCard" time="70.534" classname="com.OSMOSE.testcases.KnowledgeBase"/>
  <system-out>
Click to see Screenshot <a target="_blank" href=Tue_Dec_15_09_51_59_IST_2020.jpg>Screenshot</a> <br> <br> <a target="_blank" href=Tue_Dec_15_09_51_59_IST_2020.jpg><img src=Tue_Dec_15_09_51_59_IST_2020.jpg height=200 width=200></img></a>  </system-out>
  <testcase name="verifyClickOnOverheadCard" time="66.378" classname="com.OSMOSE.testcases.KnowledgeBase"/>
  <system-out>
Click to see Screenshot <a target="_blank" href=Tue_Dec_15_09_53_05_IST_2020.jpg>Screenshot</a> <br> <br> <a target="_blank" href=Tue_Dec_15_09_53_05_IST_2020.jpg><img src=Tue_Dec_15_09_53_05_IST_2020.jpg height=200 width=200></img></a>  </system-out>
  <testcase name="verifyClickOnPoleReplacementCard" time="10.135" classname="com.OSMOSE.testcases.KnowledgeBase"/>
  <system-out>
Click to see Screenshot <a target="_blank" href=Tue_Dec_15_09_53_16_IST_2020.jpg>Screenshot</a> <br> <br> <a target="_blank" href=Tue_Dec_15_09_53_16_IST_2020.jpg><img src=Tue_Dec_15_09_53_16_IST_2020.jpg height=200 width=200></img></a>  </system-out>
  <testcase name="verifyClickOnProductsCard" time="66.413" classname="com.OSMOSE.testcases.KnowledgeBase"/>
  <system-out>
Click to see Screenshot <a target="_blank" href=Tue_Dec_15_09_54_23_IST_2020.jpg>Screenshot</a> <br> <br> <a target="_blank" href=Tue_Dec_15_09_54_23_IST_2020.jpg><img src=Tue_Dec_15_09_54_23_IST_2020.jpg height=200 width=200></img></a>  </system-out>
  <testcase name="verifyClickOnSteelandConcreteAssessmentCard" time="66.368" classname="com.OSMOSE.testcases.KnowledgeBase"/>
  <system-out>
Click to see Screenshot <a target="_blank" href=Tue_Dec_15_09_55_29_IST_2020.jpg>Screenshot</a> <br> <br> <a target="_blank" href=Tue_Dec_15_09_55_29_IST_2020.jpg><img src=Tue_Dec_15_09_55_29_IST_2020.jpg height=200 width=200></img></a>  </system-out>
  <testcase name="verifyClickOnSteelandConcreteRestorationCard" time="10.129" classname="com.OSMOSE.testcases.KnowledgeBase"/>
  <system-out>
Click to see Screenshot <a target="_blank" href=Tue_Dec_15_09_55_40_IST_2020.jpg>Screenshot</a> <br> <br> <a target="_blank" href=Tue_Dec_15_09_55_40_IST_2020.jpg><img src=Tue_Dec_15_09_55_40_IST_2020.jpg height=200 width=200></img></a>  </system-out>
  <testcase name="verifyClickOnStormSupportCard" time="10.120" classname="com.OSMOSE.testcases.KnowledgeBase"/>
  <system-out>
Click to see Screenshot <a target="_blank" href=Tue_Dec_15_09_55_50_IST_2020.jpg>Screenshot</a> <br> <br> <a target="_blank" href=Tue_Dec_15_09_55_50_IST_2020.jpg><img src=Tue_Dec_15_09_55_50_IST_2020.jpg height=200 width=200></img></a>  </system-out>
  <testcase name="verifyClickOnUndergroundCard" time="10.124" classname="com.OSMOSE.testcases.KnowledgeBase"/>
  <system-out>
Click to see Screenshot <a target="_blank" href=Tue_Dec_15_09_56_01_IST_2020.jpg>Screenshot</a> <br> <br> <a target="_blank" href=Tue_Dec_15_09_56_01_IST_2020.jpg><img src=Tue_Dec_15_09_56_01_IST_2020.jpg height=200 width=200></img></a>  </system-out>
  <testcase name="verifyClickOnWoodRestorationCard" time="66.365" classname="com.OSMOSE.testcases.KnowledgeBase"/>
  <system-out>
Click to see Screenshot <a target="_blank" href=Tue_Dec_15_09_57_08_IST_2020.jpg>Screenshot</a> <br> <br> <a target="_blank" href=Tue_Dec_15_09_57_08_IST_2020.jpg><img src=Tue_Dec_15_09_57_08_IST_2020.jpg height=200 width=200></img></a>  </system-out>
  <testcase name="verifyClickOnWoodInspectionCard" time="66.420" classname="com.OSMOSE.testcases.KnowledgeBase"/>
  <system-out>
Click to see Screenshot <a target="_blank" href=Tue_Dec_15_09_58_15_IST_2020.jpg>Screenshot</a> <br> <br> <a target="_blank" href=Tue_Dec_15_09_58_15_IST_2020.jpg><img src=Tue_Dec_15_09_58_15_IST_2020.jpg height=200 width=200></img></a>  </system-out>
  <testcase name="verifyClickonJointUsImages" time="12.134" classname="com.OSMOSE.testcases.KnowledgeBase"/>
  <system-out>
Click to see Screenshot <a target="_blank" href=Tue_Dec_15_09_58_27_IST_2020.jpg>Screenshot</a> <br> <br> <a target="_blank" href=Tue_Dec_15_09_58_27_IST_2020.jpg><img src=Tue_Dec_15_09_58_27_IST_2020.jpg height=200 width=200></img></a>  </system-out>
  <testcase name="verifyClickonJointUsVideos" time="74.355" classname="com.OSMOSE.testcases.KnowledgeBase"/>
  <system-out>
Click to see Screenshot <a target="_blank" href=Tue_Dec_15_09_59_42_IST_2020.jpg>Screenshot</a> <br> <br> <a target="_blank" href=Tue_Dec_15_09_59_42_IST_2020.jpg><img src=Tue_Dec_15_09_59_42_IST_2020.jpg height=200 width=200></img></a>  </system-out>
  <testcase name="verifyClickonJointUsArticles" time="12.137" classname="com.OSMOSE.testcases.KnowledgeBase"/>
  <system-out>
Click to see Screenshot <a target="_blank" href=Tue_Dec_15_09_59_54_IST_2020.jpg>Screenshot</a> <br> <br> <a target="_blank" href=Tue_Dec_15_09_59_54_IST_2020.jpg><img src=Tue_Dec_15_09_59_54_IST_2020.jpg height=200 width=200></img></a>  </system-out>
  <testcase name="verifyClickonOverheadVideos" time="12.122" classname="com.OSMOSE.testcases.KnowledgeBase"/>
  <system-out>
Click to see Screenshot <a target="_blank" href=Tue_Dec_15_10_00_07_IST_2020.jpg>Screenshot</a> <br> <br> <a target="_blank" href=Tue_Dec_15_10_00_07_IST_2020.jpg><img src=Tue_Dec_15_10_00_07_IST_2020.jpg height=200 width=200></img></a>  </system-out>
  <testcase name="verifyClickonOverheadImages" time="12.112" classname="com.OSMOSE.testcases.KnowledgeBase"/>
  <system-out>
Click to see Screenshot <a target="_blank" href=Tue_Dec_15_10_00_19_IST_2020.jpg>Screenshot</a> <br> <br> <a target="_blank" href=Tue_Dec_15_10_00_19_IST_2020.jpg><img src=Tue_Dec_15_10_00_19_IST_2020.jpg height=200 width=200></img></a>  </system-out>
  <testcase name="verifyClickonOverheadProjectProfiles" time="12.114" classname="com.OSMOSE.testcases.KnowledgeBase"/>
  <system-out>
Click to see Screenshot <a target="_blank" href=Tue_Dec_15_10_00_32_IST_2020.jpg>Screenshot</a> <br> <br> <a target="_blank" href=Tue_Dec_15_10_00_32_IST_2020.jpg><img src=Tue_Dec_15_10_00_32_IST_2020.jpg height=200 width=200></img></a>  </system-out>
  <testcase name="verifyClickonPoleReplacementImages" time="12.123" classname="com.OSMOSE.testcases.KnowledgeBase"/>
  <system-out>
Click to see Screenshot <a target="_blank" href=Tue_Dec_15_10_00_44_IST_2020.jpg>Screenshot</a> <br> <br> <a target="_blank" href=Tue_Dec_15_10_00_44_IST_2020.jpg><img src=Tue_Dec_15_10_00_44_IST_2020.jpg height=200 width=200></img></a>  </system-out>
  <testcase name="verifyClickonPoleReplacementVideos" time="12.118" classname="com.OSMOSE.testcases.KnowledgeBase"/>
  <system-out>
Click to see Screenshot <a target="_blank" href=Tue_Dec_15_10_00_57_IST_2020.jpg>Screenshot</a> <br> <br> <a target="_blank" href=Tue_Dec_15_10_00_57_IST_2020.jpg><img src=Tue_Dec_15_10_00_57_IST_2020.jpg height=200 width=200></img></a>  </system-out>
  <testcase name="verifyClickonPoleReplacementBrochure" time="12.133" classname="com.OSMOSE.testcases.KnowledgeBase"/>
  <system-out>
Click to see Screenshot <a target="_blank" href=Tue_Dec_15_10_01_09_IST_2020.jpg>Screenshot</a> <br> <br> <a target="_blank" href=Tue_Dec_15_10_01_09_IST_2020.jpg><img src=Tue_Dec_15_10_01_09_IST_2020.jpg height=200 width=200></img></a>  </system-out>
  <testcase name="verifyClickonProductsImages" time="71.311" classname="com.OSMOSE.testcases.KnowledgeBase"/>
  <system-out>
Click to see Screenshot <a target="_blank" href=Tue_Dec_15_10_02_21_IST_2020.jpg>Screenshot</a> <br> <br> <a target="_blank" href=Tue_Dec_15_10_02_21_IST_2020.jpg><img src=Tue_Dec_15_10_02_21_IST_2020.jpg height=200 width=200></img></a>  </system-out>
  <testcase name="verifyClickonProductsVideos" time="71.383" classname="com.OSMOSE.testcases.KnowledgeBase"/>
  <system-out>
Click to see Screenshot <a target="_blank" href=Tue_Dec_15_10_03_33_IST_2020.jpg>Screenshot</a> <br> <br> <a target="_blank" href=Tue_Dec_15_10_03_33_IST_2020.jpg><img src=Tue_Dec_15_10_03_33_IST_2020.jpg height=200 width=200></img></a>  </system-out>
  <testcase name="verifyClickonProductsProductCatalog" time="12.137" classname="com.OSMOSE.testcases.KnowledgeBase"/>
  <system-out>
Click to see Screenshot <a target="_blank" href=Tue_Dec_15_10_03_45_IST_2020.jpg>Screenshot</a> <br> <br> <a target="_blank" href=Tue_Dec_15_10_03_45_IST_2020.jpg><img src=Tue_Dec_15_10_03_45_IST_2020.jpg height=200 width=200></img></a>  </system-out>
  <testcase name="verifyClickonSteelAndConcreteAssessmentImages" time="71.358" classname="com.OSMOSE.testcases.KnowledgeBase"/>
  <system-out>
Click to see Screenshot <a target="_blank" href=Tue_Dec_15_10_04_57_IST_2020.jpg>Screenshot</a> <br> <br> <a target="_blank" href=Tue_Dec_15_10_04_57_IST_2020.jpg><img src=Tue_Dec_15_10_04_57_IST_2020.jpg height=200 width=200></img></a>  </system-out>
  <testcase name="verifyClickonSteelAndConcreteAssessmentBrochures" time="12.132" classname="com.OSMOSE.testcases.KnowledgeBase"/>
  <system-out>
Click to see Screenshot <a target="_blank" href=Tue_Dec_15_10_05_10_IST_2020.jpg>Screenshot</a> <br> <br> <a target="_blank" href=Tue_Dec_15_10_05_10_IST_2020.jpg><img src=Tue_Dec_15_10_05_10_IST_2020.jpg height=200 width=200></img></a>  </system-out>
  <testcase name="verifyClickonSteelAndConcreteAssessmentStandardsCodes" time="12.116" classname="com.OSMOSE.testcases.KnowledgeBase"/>
  <system-out>
Click to see Screenshot <a target="_blank" href=Tue_Dec_15_10_05_22_IST_2020.jpg>Screenshot</a> <br> <br> <a target="_blank" href=Tue_Dec_15_10_05_22_IST_2020.jpg><img src=Tue_Dec_15_10_05_22_IST_2020.jpg height=200 width=200></img></a>  </system-out>
  <testcase name="verifyClickonSteelAndConcreteRestorationArticles" time="12.148" classname="com.OSMOSE.testcases.KnowledgeBase"/>
  <system-out>
Click to see Screenshot <a target="_blank" href=Tue_Dec_15_10_05_35_IST_2020.jpg>Screenshot</a> <br> <br> <a target="_blank" href=Tue_Dec_15_10_05_35_IST_2020.jpg><img src=Tue_Dec_15_10_05_35_IST_2020.jpg height=200 width=200></img></a>  </system-out>
  <testcase name="verifyClickonSteelAndConcreteRestorationBrochures" time="12.122" classname="com.OSMOSE.testcases.KnowledgeBase"/>
  <system-out>
Click to see Screenshot <a target="_blank" href=Tue_Dec_15_10_05_47_IST_2020.jpg>Screenshot</a> <br> <br> <a target="_blank" href=Tue_Dec_15_10_05_47_IST_2020.jpg><img src=Tue_Dec_15_10_05_47_IST_2020.jpg height=200 width=200></img></a>  </system-out>
  <testcase name="verifyClickonSteelAndConcreteRestorationImages" time="12.116" classname="com.OSMOSE.testcases.KnowledgeBase"/>
  <system-out>
Click to see Screenshot <a target="_blank" href=Tue_Dec_15_10_06_00_IST_2020.jpg>Screenshot</a> <br> <br> <a target="_blank" href=Tue_Dec_15_10_06_00_IST_2020.jpg><img src=Tue_Dec_15_10_06_00_IST_2020.jpg height=200 width=200></img></a>  </system-out>
  <testcase name="verifyClickonStormSupportImages" time="12.117" classname="com.OSMOSE.testcases.KnowledgeBase"/>
  <system-out>
Click to see Screenshot <a target="_blank" href=Tue_Dec_15_10_06_12_IST_2020.jpg>Screenshot</a> <br> <br> <a target="_blank" href=Tue_Dec_15_10_06_12_IST_2020.jpg><img src=Tue_Dec_15_10_06_12_IST_2020.jpg height=200 width=200></img></a>  </system-out>
  <testcase name="verifyClickonStormSupportVideos" time="12.128" classname="com.OSMOSE.testcases.KnowledgeBase"/>
  <system-out>
Click to see Screenshot <a target="_blank" href=Tue_Dec_15_10_06_25_IST_2020.jpg>Screenshot</a> <br> <br> <a target="_blank" href=Tue_Dec_15_10_06_25_IST_2020.jpg><img src=Tue_Dec_15_10_06_25_IST_2020.jpg height=200 width=200></img></a>  </system-out>
  <testcase name="verifyClickonStormSupportProjectProfiles" time="12.121" classname="com.OSMOSE.testcases.KnowledgeBase"/>
  <system-out>
Click to see Screenshot <a target="_blank" href=Tue_Dec_15_10_06_37_IST_2020.jpg>Screenshot</a> <br> <br> <a target="_blank" href=Tue_Dec_15_10_06_37_IST_2020.jpg><img src=Tue_Dec_15_10_06_37_IST_2020.jpg height=200 width=200></img></a>  </system-out>
  <testcase name="verifyClickonUndergroundImages" time="12.132" classname="com.OSMOSE.testcases.KnowledgeBase"/>
  <system-out>
Click to see Screenshot <a target="_blank" href=Tue_Dec_15_10_06_50_IST_2020.jpg>Screenshot</a> <br> <br> <a target="_blank" href=Tue_Dec_15_10_06_50_IST_2020.jpg><img src=Tue_Dec_15_10_06_50_IST_2020.jpg height=200 width=200></img></a>  </system-out>
  <testcase name="verifyClickonUndergroundBrochure" time="12.113" classname="com.OSMOSE.testcases.KnowledgeBase"/>
  <system-out>
Click to see Screenshot <a target="_blank" href=Tue_Dec_15_10_07_02_IST_2020.jpg>Screenshot</a> <br> <br> <a target="_blank" href=Tue_Dec_15_10_07_02_IST_2020.jpg><img src=Tue_Dec_15_10_07_02_IST_2020.jpg height=200 width=200></img></a>  </system-out>
  <testcase name="verifyClickonUndergroundDiagram" time="12.117" classname="com.OSMOSE.testcases.KnowledgeBase"/>
  <system-out>
Click to see Screenshot <a target="_blank" href=Tue_Dec_15_10_07_15_IST_2020.jpg>Screenshot</a> <br> <br> <a target="_blank" href=Tue_Dec_15_10_07_15_IST_2020.jpg><img src=Tue_Dec_15_10_07_15_IST_2020.jpg height=200 width=200></img></a>  </system-out>
  <testcase name="verifyClickonWoodRestorationVideos" time="12.140" classname="com.OSMOSE.testcases.KnowledgeBase"/>
  <system-out>
Click to see Screenshot <a target="_blank" href=Tue_Dec_15_10_07_27_IST_2020.jpg>Screenshot</a> <br> <br> <a target="_blank" href=Tue_Dec_15_10_07_27_IST_2020.jpg><img src=Tue_Dec_15_10_07_27_IST_2020.jpg height=200 width=200></img></a>  </system-out>
  <testcase name="verifyClickonWoodRestorationBrochures" time="12.113" classname="com.OSMOSE.testcases.KnowledgeBase"/>
  <system-out>
Click to see Screenshot <a target="_blank" href=Tue_Dec_15_10_07_40_IST_2020.jpg>Screenshot</a> <br> <br> <a target="_blank" href=Tue_Dec_15_10_07_40_IST_2020.jpg><img src=Tue_Dec_15_10_07_40_IST_2020.jpg height=200 width=200></img></a>  </system-out>
  <testcase name="verifyClickonWoodRestorationArticles" time="12.111" classname="com.OSMOSE.testcases.KnowledgeBase"/>
  <system-out>
Click to see Screenshot <a target="_blank" href=Tue_Dec_15_10_07_52_IST_2020.jpg>Screenshot</a> <br> <br> <a target="_blank" href=Tue_Dec_15_10_07_52_IST_2020.jpg><img src=Tue_Dec_15_10_07_52_IST_2020.jpg height=200 width=200></img></a>  </system-out>
  <testcase name="verifyClickonWoodTreatmentVideos" time="12.115" classname="com.OSMOSE.testcases.KnowledgeBase"/>
  <system-out>
Click to see Screenshot <a target="_blank" href=Tue_Dec_15_10_08_05_IST_2020.jpg>Screenshot</a> <br> <br> <a target="_blank" href=Tue_Dec_15_10_08_05_IST_2020.jpg><img src=Tue_Dec_15_10_08_05_IST_2020.jpg height=200 width=200></img></a>  </system-out>
  <testcase name="verifyClickonWoodTreatmentImages" time="12.112" classname="com.OSMOSE.testcases.KnowledgeBase"/>
  <system-out>
Click to see Screenshot <a target="_blank" href=Tue_Dec_15_10_08_17_IST_2020.jpg>Screenshot</a> <br> <br> <a target="_blank" href=Tue_Dec_15_10_08_17_IST_2020.jpg><img src=Tue_Dec_15_10_08_17_IST_2020.jpg height=200 width=200></img></a>  </system-out>
  <testcase name="verifyClickonWoodTreatmentResearch" time="12.121" classname="com.OSMOSE.testcases.KnowledgeBase"/>
  <system-out>
Click to see Screenshot <a target="_blank" href=Tue_Dec_15_10_08_30_IST_2020.jpg>Screenshot</a> <br> <br> <a target="_blank" href=Tue_Dec_15_10_08_30_IST_2020.jpg><img src=Tue_Dec_15_10_08_30_IST_2020.jpg height=200 width=200></img></a>  </system-out>
  <testcase name="verifyClickonVideosSeeMore" time="71.389" classname="com.OSMOSE.testcases.KnowledgeBase"/>
  <system-out>
Click to see Screenshot <a target="_blank" href=Tue_Dec_15_10_09_41_IST_2020.jpg>Screenshot</a> <br> <br> <a target="_blank" href=Tue_Dec_15_10_09_41_IST_2020.jpg><img src=Tue_Dec_15_10_09_41_IST_2020.jpg height=200 width=200></img></a>  </system-out>
  <testcase name="verifyClickonImagesSeeMore" time="12.198" classname="com.OSMOSE.testcases.KnowledgeBase"/>
  <system-out>
Click to see Screenshot <a target="_blank" href=Tue_Dec_15_10_09_54_IST_2020.jpg>Screenshot</a> <br> <br> <a target="_blank" href=Tue_Dec_15_10_09_54_IST_2020.jpg><img src=Tue_Dec_15_10_09_54_IST_2020.jpg height=200 width=200></img></a>  </system-out>
  <testcase name="verifyClickonDocumentsSeeMore" time="112.250" classname="com.OSMOSE.testcases.KnowledgeBase"/>
  <system-out>
Click to see Screenshot <a target="_blank" href=Tue_Dec_15_10_11_47_IST_2020.jpg>Screenshot</a> <br> <br> <a target="_blank" href=Tue_Dec_15_10_11_47_IST_2020.jpg><img src=Tue_Dec_15_10_11_47_IST_2020.jpg height=200 width=200></img></a>  </system-out>
  <testcase name="verifyClickonJointUseManagementServicesSeeMore" time="112.266" classname="com.OSMOSE.testcases.KnowledgeBase"/>
  <system-out>
Click to see Screenshot <a target="_blank" href=Tue_Dec_15_10_13_40_IST_2020.jpg>Screenshot</a> <br> <br> <a target="_blank" href=Tue_Dec_15_10_13_40_IST_2020.jpg><img src=Tue_Dec_15_10_13_40_IST_2020.jpg height=200 width=200></img></a>  </system-out>
  <testcase name="verifyDynamicDropdown" time="172.195" classname="com.OSMOSE.testcases.KnowledgeBase"/>
  <system-out>
Click to see Screenshot <a target="_blank" href=Tue_Dec_15_10_16_32_IST_2020.jpg>Screenshot</a> <br> <br> <a target="_blank" href=Tue_Dec_15_10_16_32_IST_2020.jpg><img src=Tue_Dec_15_10_16_32_IST_2020.jpg height=200 width=200></img></a>  </system-out>
  <testcase name="verifySearchResultsAreGrouped" time="8.195" classname="com.OSMOSE.testcases.KnowledgeBase"/>
  <system-out>
Click to see Screenshot <a target="_blank" href=Tue_Dec_15_10_16_41_IST_2020.jpg>Screenshot</a> <br> <br> <a target="_blank" href=Tue_Dec_15_10_16_41_IST_2020.jpg><img src=Tue_Dec_15_10_16_41_IST_2020.jpg height=200 width=200></img></a>  </system-out>
  <testcase name="verifySearchResultsAreGroupedAfterfilterUpdation" time="16.258" classname="com.OSMOSE.testcases.KnowledgeBase"/>
  <system-out>
Click to see Screenshot <a target="_blank" href=Tue_Dec_15_10_16_57_IST_2020.jpg>Screenshot</a> <br> <br> <a target="_blank" href=Tue_Dec_15_10_16_57_IST_2020.jpg><img src=Tue_Dec_15_10_16_57_IST_2020.jpg height=200 width=200></img></a>  </system-out>
  <testcase name="verifySearchResultsOnTyping" time="172.422" classname="com.OSMOSE.testcases.KnowledgeBase"/>
  <system-out>
Click to see Screenshot <a target="_blank" href=Tue_Dec_15_10_19_50_IST_2020.jpg>Screenshot</a> <br> <br> <a target="_blank" href=Tue_Dec_15_10_19_50_IST_2020.jpg><img src=Tue_Dec_15_10_19_50_IST_2020.jpg height=200 width=200></img></a>  </system-out>
  <testcase name="verifyClearButtonOnTyping" time="9.180" classname="com.OSMOSE.testcases.KnowledgeBase"/>
  <system-out>
Click to see Screenshot <a target="_blank" href=Tue_Dec_15_10_20_00_IST_2020.jpg>Screenshot</a> <br> <br> <a target="_blank" href=Tue_Dec_15_10_20_00_IST_2020.jpg><img src=Tue_Dec_15_10_20_00_IST_2020.jpg height=200 width=200></img></a>  </system-out>
  <testcase name="verifySearchResultsAreVideos" time="70.331" classname="com.OSMOSE.testcases.KnowledgeBase"/>
  <system-out>
Click to see Screenshot <a target="_blank" href=Tue_Dec_15_10_21_10_IST_2020.jpg>Screenshot</a> <br> <br> <a target="_blank" href=Tue_Dec_15_10_21_10_IST_2020.jpg><img src=Tue_Dec_15_10_21_10_IST_2020.jpg height=200 width=200></img></a>  </system-out>
  <testcase name="verifySearchResultsAreImages" time="7.322" classname="com.OSMOSE.testcases.KnowledgeBase"/>
  <system-out>
Click to see Screenshot <a target="_blank" href=Tue_Dec_15_10_21_18_IST_2020.jpg>Screenshot</a> <br> <br> <a target="_blank" href=Tue_Dec_15_10_21_18_IST_2020.jpg><img src=Tue_Dec_15_10_21_18_IST_2020.jpg height=200 width=200></img></a>  </system-out>
  <testcase name="verifySearchResultsAreDocuments" time="106.251" classname="com.OSMOSE.testcases.KnowledgeBase"/>
  <system-out>
Click to see Screenshot <a target="_blank" href=Tue_Dec_15_10_23_05_IST_2020.jpg>Screenshot</a> <br> <br> <a target="_blank" href=Tue_Dec_15_10_23_05_IST_2020.jpg><img src=Tue_Dec_15_10_23_05_IST_2020.jpg height=200 width=200></img></a>  </system-out>
  <testcase name="verifyNoResultsFoundMessage" time="9.595" classname="com.OSMOSE.testcases.KnowledgeBase"/>
  <system-out>
Click to see Screenshot <a target="_blank" href=Tue_Dec_15_10_23_15_IST_2020.jpg>Screenshot</a> <br> <br> <a target="_blank" href=Tue_Dec_15_10_23_15_IST_2020.jpg><img src=Tue_Dec_15_10_23_15_IST_2020.jpg height=200 width=200></img></a>  </system-out>
  <testcase name="verifyPresenceOfSortBy" time="106.401" classname="com.OSMOSE.testcases.KnowledgeBase"/>
  <system-out>
Click to see Screenshot <a target="_blank" href=Tue_Dec_15_10_25_02_IST_2020.jpg>Screenshot</a> <br> <br> <a target="_blank" href=Tue_Dec_15_10_25_02_IST_2020.jpg><img src=Tue_Dec_15_10_25_02_IST_2020.jpg height=200 width=200></img></a>  </system-out>
  <testcase name="verifySearchTextUpdation" time="174.559" classname="com.OSMOSE.testcases.KnowledgeBase"/>
  <system-out>
Click to see Screenshot <a target="_blank" href=Tue_Dec_15_10_27_57_IST_2020.jpg>Screenshot</a> <br> <br> <a target="_blank" href=Tue_Dec_15_10_27_57_IST_2020.jpg><img src=Tue_Dec_15_10_27_57_IST_2020.jpg height=200 width=200></img></a>  </system-out>
  <testcase name="verifyPopularFiltersSteelAndConcreteAssessmentImages" time="168.501" classname="com.OSMOSE.testcases.KnowledgeBase"/>
  <system-out>
Click to see Screenshot <a target="_blank" href=Tue_Dec_15_10_30_46_IST_2020.jpg>Screenshot</a> <br> <br> <a target="_blank" href=Tue_Dec_15_10_30_46_IST_2020.jpg><img src=Tue_Dec_15_10_30_46_IST_2020.jpg height=200 width=200></img></a>  </system-out>
  <testcase name="verifyPopularQueriesReset" time="64.422" classname="com.OSMOSE.testcases.KnowledgeBase"/>
  <system-out>
Click to see Screenshot <a target="_blank" href=Tue_Dec_15_10_31_51_IST_2020.jpg>Screenshot</a> <br> <br> <a target="_blank" href=Tue_Dec_15_10_31_51_IST_2020.jpg><img src=Tue_Dec_15_10_31_51_IST_2020.jpg height=200 width=200></img></a>  </system-out>
  <testcase name="verifyExternalVideo" classname="com.OSMOSE.testcases.KnowledgeBase">
    <skipped/>
  </testcase> <!-- verifyExternalVideo -->
  <system-out/>
  <testcase name="verifyPresenceIndustryNewsCard" classname="com.OSMOSE.testcases.KnowledgeBase">
    <skipped/>
  </testcase> <!-- verifyPresenceIndustryNewsCard -->
  <system-out/>
  <testcase name="verifyIndustrySeeMore" classname="com.OSMOSE.testcases.KnowledgeBase">
    <skipped/>
  </testcase> <!-- verifyIndustrySeeMore -->
  <system-out/>
</testsuite> <!-- com.OSMOSE.testcases.KnowledgeBase -->
