<?xml version="1.0" encoding="UTF-8"?>
<!-- Generated by org.testng.reporters.JUnitReportReporter -->
<testsuite skipped="3" hostname="5CG6323N27" name="com.OSMOSE.testcases.Product" tests="88" failures="0" timestamp="2020-11-10T21:15:20 IST" time="1628.350" errors="0">
  <testcase name="verifyTheProductLink" time="10.373" classname="com.OSMOSE.testcases.Product"/>
  <system-out>
Click to see Screenshot <a target="_blank" href=Tue_Nov_10_20_47_39_IST_2020.jpg>Screenshot</a> <br> <br> <a target="_blank" href=Tue_Nov_10_20_47_39_IST_2020.jpg><img src=Tue_Nov_10_20_47_39_IST_2020.jpg height=200 width=200></img></a>  </system-out>
  <testcase name="searchElementPresent" time="50.048" classname="com.OSMOSE.testcases.Product"/>
  <system-out>
Click to see Screenshot <a target="_blank" href=Tue_Nov_10_20_48_29_IST_2020.jpg>Screenshot</a> <br> <br> <a target="_blank" href=Tue_Nov_10_20_48_29_IST_2020.jpg><img src=Tue_Nov_10_20_48_29_IST_2020.jpg height=200 width=200></img></a>  </system-out>
  <testcase name="catalogElementPresent" time="0.036" classname="com.OSMOSE.testcases.Product"/>
  <system-out>
Click to see Screenshot <a target="_blank" href=Tue_Nov_10_20_48_30_IST_2020.jpg>Screenshot</a> <br> <br> <a target="_blank" href=Tue_Nov_10_20_48_30_IST_2020.jpg><img src=Tue_Nov_10_20_48_30_IST_2020.jpg height=200 width=200></img></a>  </system-out>
  <testcase name="openMyQuotesElementPresent" time="0.030" classname="com.OSMOSE.testcases.Product"/>
  <system-out>
Click to see Screenshot <a target="_blank" href=Tue_Nov_10_20_48_30_IST_2020.jpg>Screenshot</a> <br> <br> <a target="_blank" href=Tue_Nov_10_20_48_30_IST_2020.jpg><img src=Tue_Nov_10_20_48_30_IST_2020.jpg height=200 width=200></img></a>  </system-out>
  <testcase name="shoppingCartElementPresent" time="0.101" classname="com.OSMOSE.testcases.Product"/>
  <system-out>
Click to see Screenshot <a target="_blank" href=Tue_Nov_10_20_48_31_IST_2020.jpg>Screenshot</a> <br> <br> <a target="_blank" href=Tue_Nov_10_20_48_31_IST_2020.jpg><img src=Tue_Nov_10_20_48_31_IST_2020.jpg height=200 width=200></img></a>  </system-out>
  <testcase name="adminElementPresent" time="0.055" classname="com.OSMOSE.testcases.Product"/>
  <system-out>
Click to see Screenshot <a target="_blank" href=Tue_Nov_10_20_48_31_IST_2020.jpg>Screenshot</a> <br> <br> <a target="_blank" href=Tue_Nov_10_20_48_31_IST_2020.jpg><img src=Tue_Nov_10_20_48_31_IST_2020.jpg height=200 width=200></img></a>  </system-out>
  <testcase name="viewDetailsElementPresent" time="0.028" classname="com.OSMOSE.testcases.Product"/>
  <system-out>
Click to see Screenshot <a target="_blank" href=Tue_Nov_10_20_48_32_IST_2020.jpg>Screenshot</a> <br> <br> <a target="_blank" href=Tue_Nov_10_20_48_32_IST_2020.jpg><img src=Tue_Nov_10_20_48_32_IST_2020.jpg height=200 width=200></img></a>  </system-out>
  <testcase name="allSixProductPresent" time="0.029" classname="com.OSMOSE.testcases.Product"/>
  <system-out>
Click to see Screenshot <a target="_blank" href=Tue_Nov_10_20_48_32_IST_2020.jpg>Screenshot</a> <br> <br> <a target="_blank" href=Tue_Nov_10_20_48_32_IST_2020.jpg><img src=Tue_Nov_10_20_48_32_IST_2020.jpg height=200 width=200></img></a>  </system-out>
  <testcase name="sliderItemPresent" time="0.099" classname="com.OSMOSE.testcases.Product"/>
  <system-out>
Click to see Screenshot <a target="_blank" href=Tue_Nov_10_20_48_33_IST_2020.jpg>Screenshot</a> <br> <br> <a target="_blank" href=Tue_Nov_10_20_48_33_IST_2020.jpg><img src=Tue_Nov_10_20_48_33_IST_2020.jpg height=200 width=200></img></a>  </system-out>
  <testcase name="verifyCategoryFilter" time="50.052" classname="com.OSMOSE.testcases.Product"/>
  <system-out>
Click to see Screenshot <a target="_blank" href=Tue_Nov_10_20_49_23_IST_2020.jpg>Screenshot</a> <br> <br> <a target="_blank" href=Tue_Nov_10_20_49_23_IST_2020.jpg><img src=Tue_Nov_10_20_49_23_IST_2020.jpg height=200 width=200></img></a>  </system-out>
  <testcase name="VerifyFPImageClick" time="51.706" classname="com.OSMOSE.testcases.Product"/>
  <system-out>
Click to see Screenshot <a target="_blank" href=Tue_Nov_10_20_50_16_IST_2020.jpg>Screenshot</a> <br> <br> <a target="_blank" href=Tue_Nov_10_20_50_16_IST_2020.jpg><img src=Tue_Nov_10_20_50_16_IST_2020.jpg height=200 width=200></img></a>  </system-out>
  <testcase name="verifyViewDetail" time="12.410" classname="com.OSMOSE.testcases.Product"/>
  <system-out>
Click to see Screenshot <a target="_blank" href=Tue_Nov_10_20_50_28_IST_2020.jpg>Screenshot</a> <br> <br> <a target="_blank" href=Tue_Nov_10_20_50_28_IST_2020.jpg><img src=Tue_Nov_10_20_50_28_IST_2020.jpg height=200 width=200></img></a>  </system-out>
  <testcase name="VerifyProductclick" time="14.944" classname="com.OSMOSE.testcases.Product"/>
  <system-out>
Click to see Screenshot <a target="_blank" href=Tue_Nov_10_20_50_44_IST_2020.jpg>Screenshot</a> <br> <br> <a target="_blank" href=Tue_Nov_10_20_50_44_IST_2020.jpg><img src=Tue_Nov_10_20_50_44_IST_2020.jpg height=200 width=200></img></a>  </system-out>
  <testcase name="AddQuantityandverifyCellNumber" time="16.913" classname="com.OSMOSE.testcases.Product"/>
  <system-out>
Click to see Screenshot <a target="_blank" href=Tue_Nov_10_20_51_02_IST_2020.jpg>Screenshot</a> <br> <br> <a target="_blank" href=Tue_Nov_10_20_51_02_IST_2020.jpg><img src=Tue_Nov_10_20_51_02_IST_2020.jpg height=200 width=200></img></a>  </system-out>
  <testcase name="FeaturedProductPoleRestoration" time="24.526" classname="com.OSMOSE.testcases.Product"/>
  <system-out>
Click to see Screenshot <a target="_blank" href=Tue_Nov_10_20_51_26_IST_2020.jpg>Screenshot</a> <br> <br> <a target="_blank" href=Tue_Nov_10_20_51_26_IST_2020.jpg><img src=Tue_Nov_10_20_51_26_IST_2020.jpg height=200 width=200></img></a>  </system-out>
  <testcase name="verifyTheSearchfirstname" time="13.760" classname="com.OSMOSE.testcases.Product"/>
  <system-out>
Click to see Screenshot <a target="_blank" href=Tue_Nov_10_20_51_41_IST_2020.jpg>Screenshot</a> <br> <br> <a target="_blank" href=Tue_Nov_10_20_51_41_IST_2020.jpg><img src=Tue_Nov_10_20_51_41_IST_2020.jpg height=200 width=200></img></a>  </system-out>
  <testcase name="verifyTheSearchFullname" time="12.454" classname="com.OSMOSE.testcases.Product"/>
  <system-out>
Click to see Screenshot <a target="_blank" href=Tue_Nov_10_20_51_54_IST_2020.jpg>Screenshot</a> <br> <br> <a target="_blank" href=Tue_Nov_10_20_51_54_IST_2020.jpg><img src=Tue_Nov_10_20_51_54_IST_2020.jpg height=200 width=200></img></a>  </system-out>
  <testcase name="verifyTheSearchOneAlphabet" time="22.301" classname="com.OSMOSE.testcases.Product"/>
  <system-out>
Click to see Screenshot <a target="_blank" href=Tue_Nov_10_20_52_16_IST_2020.jpg>Screenshot</a> <br> <br> <a target="_blank" href=Tue_Nov_10_20_52_16_IST_2020.jpg><img src=Tue_Nov_10_20_52_16_IST_2020.jpg height=200 width=200></img></a>  </system-out>
  <testcase name="verifyTheSearchCrossButton" time="14.403" classname="com.OSMOSE.testcases.Product"/>
  <system-out>
Click to see Screenshot <a target="_blank" href=Tue_Nov_10_20_52_31_IST_2020.jpg>Screenshot</a> <br> <br> <a target="_blank" href=Tue_Nov_10_20_52_31_IST_2020.jpg><img src=Tue_Nov_10_20_52_31_IST_2020.jpg height=200 width=200></img></a>  </system-out>
  <testcase name="verifyTheValidationmessage" time="13.416" classname="com.OSMOSE.testcases.Product"/>
  <system-out>
Click to see Screenshot <a target="_blank" href=Tue_Nov_10_20_52_45_IST_2020.jpg>Screenshot</a> <br> <br> <a target="_blank" href=Tue_Nov_10_20_52_45_IST_2020.jpg><img src=Tue_Nov_10_20_52_45_IST_2020.jpg height=200 width=200></img></a>  </system-out>
  <testcase name="ReturnPolicy" time="10.834" classname="com.OSMOSE.testcases.Product"/>
  <system-out>
Click to see Screenshot <a target="_blank" href=Tue_Nov_10_20_52_56_IST_2020.jpg>Screenshot</a> <br> <br> <a target="_blank" href=Tue_Nov_10_20_52_56_IST_2020.jpg><img src=Tue_Nov_10_20_52_56_IST_2020.jpg height=200 width=200></img></a>  </system-out>
  <testcase name="verifyAddShoppingCarttext" time="18.843" classname="com.OSMOSE.testcases.Product"/>
  <system-out>
Click to see Screenshot <a target="_blank" href=Tue_Nov_10_20_53_16_IST_2020.jpg>Screenshot</a> <br> <br> <a target="_blank" href=Tue_Nov_10_20_53_16_IST_2020.jpg><img src=Tue_Nov_10_20_53_16_IST_2020.jpg height=200 width=200></img></a>  </system-out>
  <testcase name="AddShoppingCart" time="5.657" classname="com.OSMOSE.testcases.Product"/>
  <system-out>
Click to see Screenshot <a target="_blank" href=Tue_Nov_10_20_53_22_IST_2020.jpg>Screenshot</a> <br> <br> <a target="_blank" href=Tue_Nov_10_20_53_22_IST_2020.jpg><img src=Tue_Nov_10_20_53_22_IST_2020.jpg height=200 width=200></img></a>  </system-out>
  <testcase name="VerifyCrossicononhoppingCart" time="1.054" classname="com.OSMOSE.testcases.Product"/>
  <system-out>
Click to see Screenshot <a target="_blank" href=Tue_Nov_10_20_53_23_IST_2020.jpg>Screenshot</a> <br> <br> <a target="_blank" href=Tue_Nov_10_20_53_23_IST_2020.jpg><img src=Tue_Nov_10_20_53_23_IST_2020.jpg height=200 width=200></img></a>  </system-out>
  <testcase name="VerifyCrossicononhoppingCart_Differentitem" time="10.025" classname="com.OSMOSE.testcases.Product"/>
  <system-out>
Click to see Screenshot <a target="_blank" href=Tue_Nov_10_20_53_33_IST_2020.jpg>Screenshot</a> <br> <br> <a target="_blank" href=Tue_Nov_10_20_53_33_IST_2020.jpg><img src=Tue_Nov_10_20_53_33_IST_2020.jpg height=200 width=200></img></a>  </system-out>
  <testcase name="VerifyAddShopping_Sameitem" time="9.008" classname="com.OSMOSE.testcases.Product"/>
  <system-out>
Click to see Screenshot <a target="_blank" href=Tue_Nov_10_20_53_43_IST_2020.jpg>Screenshot</a> <br> <br> <a target="_blank" href=Tue_Nov_10_20_53_43_IST_2020.jpg><img src=Tue_Nov_10_20_53_43_IST_2020.jpg height=200 width=200></img></a>  </system-out>
  <testcase name="DeleteQuanityinShoppingCart" time="5.527" classname="com.OSMOSE.testcases.Product"/>
  <system-out>
Click to see Screenshot <a target="_blank" href=Tue_Nov_10_20_53_49_IST_2020.jpg>Screenshot</a> <br> <br> <a target="_blank" href=Tue_Nov_10_20_53_49_IST_2020.jpg><img src=Tue_Nov_10_20_53_49_IST_2020.jpg height=200 width=200></img></a>  </system-out>
  <testcase name="UpdateIncreaseQuanityinShoppingCart" time="12.387" classname="com.OSMOSE.testcases.Product"/>
  <system-out>
Click to see Screenshot <a target="_blank" href=Tue_Nov_10_20_54_01_IST_2020.jpg>Screenshot</a> <br> <br> <a target="_blank" href=Tue_Nov_10_20_54_01_IST_2020.jpg><img src=Tue_Nov_10_20_54_01_IST_2020.jpg height=200 width=200></img></a>  </system-out>
  <testcase name="UpdateDecreaseQuanityinShoppingCart" time="28.874" classname="com.OSMOSE.testcases.Product"/>
  <system-out>
Click to see Screenshot <a target="_blank" href=Tue_Nov_10_20_54_31_IST_2020.jpg>Screenshot</a> <br> <br> <a target="_blank" href=Tue_Nov_10_20_54_31_IST_2020.jpg><img src=Tue_Nov_10_20_54_31_IST_2020.jpg height=200 width=200></img></a>  </system-out>
  <testcase name="CreateQuote" time="10.368" classname="com.OSMOSE.testcases.Product"/>
  <system-out>
Click to see Screenshot <a target="_blank" href=Tue_Nov_10_20_54_42_IST_2020.jpg>Screenshot</a> <br> <br> <a target="_blank" href=Tue_Nov_10_20_54_42_IST_2020.jpg><img src=Tue_Nov_10_20_54_42_IST_2020.jpg height=200 width=200></img></a>  </system-out>
  <testcase name="CreateQuote_Comments" time="8.962" classname="com.OSMOSE.testcases.Product"/>
  <system-out>
Click to see Screenshot <a target="_blank" href=Tue_Nov_10_20_54_51_IST_2020.jpg>Screenshot</a> <br> <br> <a target="_blank" href=Tue_Nov_10_20_54_51_IST_2020.jpg><img src=Tue_Nov_10_20_54_51_IST_2020.jpg height=200 width=200></img></a>  </system-out>
  <testcase name="CreateQuote_ZipCode" time="9.231" classname="com.OSMOSE.testcases.Product"/>
  <system-out>
Click to see Screenshot <a target="_blank" href=Tue_Nov_10_20_55_01_IST_2020.jpg>Screenshot</a> <br> <br> <a target="_blank" href=Tue_Nov_10_20_55_01_IST_2020.jpg><img src=Tue_Nov_10_20_55_01_IST_2020.jpg height=200 width=200></img></a>  </system-out>
  <testcase name="CreateQuote_Attachment" time="11.744" classname="com.OSMOSE.testcases.Product"/>
  <system-out>
Click to see Screenshot <a target="_blank" href=Tue_Nov_10_20_55_13_IST_2020.jpg>Screenshot</a> <br> <br> <a target="_blank" href=Tue_Nov_10_20_55_13_IST_2020.jpg><img src=Tue_Nov_10_20_55_13_IST_2020.jpg height=200 width=200></img></a>  </system-out>
  <testcase name="ClickShoppingCartIcon" time="11.341" classname="com.OSMOSE.testcases.Product"/>
  <system-out>
Click to see Screenshot <a target="_blank" href=Tue_Nov_10_20_55_25_IST_2020.jpg>Screenshot</a> <br> <br> <a target="_blank" href=Tue_Nov_10_20_55_25_IST_2020.jpg><img src=Tue_Nov_10_20_55_25_IST_2020.jpg height=200 width=200></img></a>  </system-out>
  <testcase name="ClickShoppingViewCartbutton" time="9.398" classname="com.OSMOSE.testcases.Product"/>
  <system-out>
Click to see Screenshot <a target="_blank" href=Tue_Nov_10_20_55_34_IST_2020.jpg>Screenshot</a> <br> <br> <a target="_blank" href=Tue_Nov_10_20_55_34_IST_2020.jpg><img src=Tue_Nov_10_20_55_34_IST_2020.jpg height=200 width=200></img></a>  </system-out>
  <testcase name="ClickShoppingSubmitCartbutton" time="9.821" classname="com.OSMOSE.testcases.Product"/>
  <system-out>
Click to see Screenshot <a target="_blank" href=Tue_Nov_10_20_55_44_IST_2020.jpg>Screenshot</a> <br> <br> <a target="_blank" href=Tue_Nov_10_20_55_44_IST_2020.jpg><img src=Tue_Nov_10_20_55_44_IST_2020.jpg height=200 width=200></img></a>  </system-out>
  <testcase name="verifyUpdatedQuantityOnOverlay" time="12.711" classname="com.OSMOSE.testcases.Product"/>
  <system-out>
Click to see Screenshot <a target="_blank" href=Tue_Nov_10_20_55_58_IST_2020.jpg>Screenshot</a> <br> <br> <a target="_blank" href=Tue_Nov_10_20_55_58_IST_2020.jpg><img src=Tue_Nov_10_20_55_58_IST_2020.jpg height=200 width=200></img></a>  </system-out>
  <testcase name="MyQuotes_96421" time="6.626" classname="com.OSMOSE.testcases.Product"/>
  <system-out>
Click to see Screenshot <a target="_blank" href=Tue_Nov_10_20_56_05_IST_2020.jpg>Screenshot</a> <br> <br> <a target="_blank" href=Tue_Nov_10_20_56_05_IST_2020.jpg><img src=Tue_Nov_10_20_56_05_IST_2020.jpg height=200 width=200></img></a>  </system-out>
  <testcase name="verifyStatusFilterAll" time="15.505" classname="com.OSMOSE.testcases.Product"/>
  <system-out>
Click to see Screenshot <a target="_blank" href=Tue_Nov_10_20_56_22_IST_2020.jpg>Screenshot</a> <br> <br> <a target="_blank" href=Tue_Nov_10_20_56_22_IST_2020.jpg><img src=Tue_Nov_10_20_56_22_IST_2020.jpg height=200 width=200></img></a>  </system-out>
  <testcase name="verifyStatusFilterExpired" time="13.811" classname="com.OSMOSE.testcases.Product"/>
  <system-out>
Click to see Screenshot <a target="_blank" href=Tue_Nov_10_20_56_36_IST_2020.jpg>Screenshot</a> <br> <br> <a target="_blank" href=Tue_Nov_10_20_56_36_IST_2020.jpg><img src=Tue_Nov_10_20_56_36_IST_2020.jpg height=200 width=200></img></a>  </system-out>
  <testcase name="verifyStatusFilterOrdered" time="15.855" classname="com.OSMOSE.testcases.Product"/>
  <system-out>
Click to see Screenshot <a target="_blank" href=Tue_Nov_10_20_56_52_IST_2020.jpg>Screenshot</a> <br> <br> <a target="_blank" href=Tue_Nov_10_20_56_52_IST_2020.jpg><img src=Tue_Nov_10_20_56_52_IST_2020.jpg height=200 width=200></img></a>  </system-out>
  <testcase name="verifyStatusFilterQuoted" time="16.335" classname="com.OSMOSE.testcases.Product"/>
  <system-out>
Click to see Screenshot <a target="_blank" href=Tue_Nov_10_20_57_09_IST_2020.jpg>Screenshot</a> <br> <br> <a target="_blank" href=Tue_Nov_10_20_57_09_IST_2020.jpg><img src=Tue_Nov_10_20_57_09_IST_2020.jpg height=200 width=200></img></a>  </system-out>
  <testcase name="verifyStatusFilterQuotePending" time="18.461" classname="com.OSMOSE.testcases.Product"/>
  <system-out>
Click to see Screenshot <a target="_blank" href=Tue_Nov_10_20_57_29_IST_2020.jpg>Screenshot</a> <br> <br> <a target="_blank" href=Tue_Nov_10_20_57_29_IST_2020.jpg><img src=Tue_Nov_10_20_57_29_IST_2020.jpg height=200 width=200></img></a>  </system-out>
  <testcase name="verifyStatusFilterCancelled" time="15.796" classname="com.OSMOSE.testcases.Product"/>
  <system-out>
Click to see Screenshot <a target="_blank" href=Tue_Nov_10_20_57_45_IST_2020.jpg>Screenshot</a> <br> <br> <a target="_blank" href=Tue_Nov_10_20_57_45_IST_2020.jpg><img src=Tue_Nov_10_20_57_45_IST_2020.jpg height=200 width=200></img></a>  </system-out>
  <testcase name="verifyStatusFilterOrderRequested" time="14.066" classname="com.OSMOSE.testcases.Product"/>
  <system-out>
Click to see Screenshot <a target="_blank" href=Tue_Nov_10_20_58_00_IST_2020.jpg>Screenshot</a> <br> <br> <a target="_blank" href=Tue_Nov_10_20_58_00_IST_2020.jpg><img src=Tue_Nov_10_20_58_00_IST_2020.jpg height=200 width=200></img></a>  </system-out>
  <testcase name="SortBydd" time="9.192" classname="com.OSMOSE.testcases.Product"/>
  <system-out>
Click to see Screenshot <a target="_blank" href=Tue_Nov_10_20_58_09_IST_2020.jpg>Screenshot</a> <br> <br> <a target="_blank" href=Tue_Nov_10_20_58_09_IST_2020.jpg><img src=Tue_Nov_10_20_58_09_IST_2020.jpg height=200 width=200></img></a>  </system-out>
  <testcase name="HomepageCarticon" time="14.639" classname="com.OSMOSE.testcases.Product"/>
  <system-out>
Click to see Screenshot <a target="_blank" href=Tue_Nov_10_20_58_24_IST_2020.jpg>Screenshot</a> <br> <br> <a target="_blank" href=Tue_Nov_10_20_58_24_IST_2020.jpg><img src=Tue_Nov_10_20_58_24_IST_2020.jpg height=200 width=200></img></a>  </system-out>
  <testcase name="ClickManageQuotesLink" time="5.881" classname="com.OSMOSE.testcases.Product"/>
  <system-out>
Click to see Screenshot <a target="_blank" href=Tue_Nov_10_20_58_31_IST_2020.jpg>Screenshot</a> <br> <br> <a target="_blank" href=Tue_Nov_10_20_58_31_IST_2020.jpg><img src=Tue_Nov_10_20_58_31_IST_2020.jpg height=200 width=200></img></a>  </system-out>
  <testcase name="VerifyUIonClickQuoteID" time="4.552" classname="com.OSMOSE.testcases.Product"/>
  <system-out>
Click to see Screenshot <a target="_blank" href=Tue_Nov_10_20_58_36_IST_2020.jpg>Screenshot</a> <br> <br> <a target="_blank" href=Tue_Nov_10_20_58_36_IST_2020.jpg><img src=Tue_Nov_10_20_58_36_IST_2020.jpg height=200 width=200></img></a>  </system-out>
  <testcase name="SubmitQuotewithOrderedstatus" time="9.692" classname="com.OSMOSE.testcases.Product"/>
  <system-out>
Click to see Screenshot <a target="_blank" href=Tue_Nov_10_20_58_46_IST_2020.jpg>Screenshot</a> <br> <br> <a target="_blank" href=Tue_Nov_10_20_58_46_IST_2020.jpg><img src=Tue_Nov_10_20_58_46_IST_2020.jpg height=200 width=200></img></a>  </system-out>
  <testcase name="SubmitQuotewithQuotePendingstatus" time="18.867" classname="com.OSMOSE.testcases.Product"/>
  <system-out>
Click to see Screenshot <a target="_blank" href=Tue_Nov_10_20_59_05_IST_2020.jpg>Screenshot</a> <br> <br> <a target="_blank" href=Tue_Nov_10_20_59_05_IST_2020.jpg><img src=Tue_Nov_10_20_59_05_IST_2020.jpg height=200 width=200></img></a>  </system-out>
  <testcase name="SubmitQuotewithMoreThan20mbFile" time="29.969" classname="com.OSMOSE.testcases.Product"/>
  <system-out>
Click to see Screenshot <a target="_blank" href=Tue_Nov_10_20_59_36_IST_2020.jpg>Screenshot</a> <br> <br> <a target="_blank" href=Tue_Nov_10_20_59_36_IST_2020.jpg><img src=Tue_Nov_10_20_59_36_IST_2020.jpg height=200 width=200></img></a>  </system-out>
  <testcase name="SubmitQuotewithInvalidFileType" time="26.824" classname="com.OSMOSE.testcases.Product"/>
  <system-out>
Click to see Screenshot <a target="_blank" href=Tue_Nov_10_21_00_03_IST_2020.jpg>Screenshot</a> <br> <br> <a target="_blank" href=Tue_Nov_10_21_00_03_IST_2020.jpg><img src=Tue_Nov_10_21_00_03_IST_2020.jpg height=200 width=200></img></a>  </system-out>
  <testcase name="SubmitQuotewithQuoteCancelledstatus" time="13.667" classname="com.OSMOSE.testcases.Product"/>
  <system-out>
Click to see Screenshot <a target="_blank" href=Tue_Nov_10_21_00_17_IST_2020.jpg>Screenshot</a> <br> <br> <a target="_blank" href=Tue_Nov_10_21_00_17_IST_2020.jpg><img src=Tue_Nov_10_21_00_17_IST_2020.jpg height=200 width=200></img></a>  </system-out>
  <testcase name="SubmitQuotewithQuotedstatus" time="32.138" classname="com.OSMOSE.testcases.Product"/>
  <system-out>
Click to see Screenshot <a target="_blank" href=Tue_Nov_10_21_00_50_IST_2020.jpg>Screenshot</a> <br> <br> <a target="_blank" href=Tue_Nov_10_21_00_50_IST_2020.jpg><img src=Tue_Nov_10_21_00_50_IST_2020.jpg height=200 width=200></img></a>  </system-out>
  <testcase name="SubmitQuotewithOrderRequestedstatus" time="10.475" classname="com.OSMOSE.testcases.Product"/>
  <system-out>
Click to see Screenshot <a target="_blank" href=Tue_Nov_10_21_01_00_IST_2020.jpg>Screenshot</a> <br> <br> <a target="_blank" href=Tue_Nov_10_21_01_00_IST_2020.jpg><img src=Tue_Nov_10_21_01_00_IST_2020.jpg height=200 width=200></img></a>  </system-out>
  <testcase name="SubmitQuotewithExpiredstatus" time="10.727" classname="com.OSMOSE.testcases.Product"/>
  <system-out>
Click to see Screenshot <a target="_blank" href=Tue_Nov_10_21_01_12_IST_2020.jpg>Screenshot</a> <br> <br> <a target="_blank" href=Tue_Nov_10_21_01_12_IST_2020.jpg><img src=Tue_Nov_10_21_01_12_IST_2020.jpg height=200 width=200></img></a>  </system-out>
  <testcase name="ClickManageProducts" time="2.276" classname="com.OSMOSE.testcases.Product"/>
  <system-out>
Click to see Screenshot <a target="_blank" href=Tue_Nov_10_21_01_14_IST_2020.jpg>Screenshot</a> <br> <br> <a target="_blank" href=Tue_Nov_10_21_01_14_IST_2020.jpg><img src=Tue_Nov_10_21_01_14_IST_2020.jpg height=200 width=200></img></a>  </system-out>
  <testcase name="ClickDownloadProducts" time="7.280" classname="com.OSMOSE.testcases.Product"/>
  <system-out>
Click to see Screenshot <a target="_blank" href=Tue_Nov_10_21_01_22_IST_2020.jpg>Screenshot</a> <br> <br> <a target="_blank" href=Tue_Nov_10_21_01_22_IST_2020.jpg><img src=Tue_Nov_10_21_01_22_IST_2020.jpg height=200 width=200></img></a>  </system-out>
  <testcase name="ClickProductsinReview" time="2.148" classname="com.OSMOSE.testcases.Product"/>
  <system-out>
Click to see Screenshot <a target="_blank" href=Tue_Nov_10_21_01_24_IST_2020.jpg>Screenshot</a> <br> <br> <a target="_blank" href=Tue_Nov_10_21_01_24_IST_2020.jpg><img src=Tue_Nov_10_21_01_24_IST_2020.jpg height=200 width=200></img></a>  </system-out>
  <testcase name="ClickReview" time="8.014" classname="com.OSMOSE.testcases.Product"/>
  <system-out>
Click to see Screenshot <a target="_blank" href=Tue_Nov_10_21_01_33_IST_2020.jpg>Screenshot</a> <br> <br> <a target="_blank" href=Tue_Nov_10_21_01_33_IST_2020.jpg><img src=Tue_Nov_10_21_01_33_IST_2020.jpg height=200 width=200></img></a>  </system-out>
  <testcase name="ClickApprove" time="9.408" classname="com.OSMOSE.testcases.Product"/>
  <system-out>
Click to see Screenshot <a target="_blank" href=Tue_Nov_10_21_01_42_IST_2020.jpg>Screenshot</a> <br> <br> <a target="_blank" href=Tue_Nov_10_21_01_42_IST_2020.jpg><img src=Tue_Nov_10_21_01_42_IST_2020.jpg height=200 width=200></img></a>  </system-out>
  <testcase name="ClickReject" time="9.491" classname="com.OSMOSE.testcases.Product"/>
  <system-out>
Click to see Screenshot <a target="_blank" href=Tue_Nov_10_21_01_52_IST_2020.jpg>Screenshot</a> <br> <br> <a target="_blank" href=Tue_Nov_10_21_01_52_IST_2020.jpg><img src=Tue_Nov_10_21_01_52_IST_2020.jpg height=200 width=200></img></a>  </system-out>
  <testcase name="ClickUploadProducts" time="8.437" classname="com.OSMOSE.testcases.Product"/>
  <system-out>
Click to see Screenshot <a target="_blank" href=Tue_Nov_10_21_02_01_IST_2020.jpg>Screenshot</a> <br> <br> <a target="_blank" href=Tue_Nov_10_21_02_01_IST_2020.jpg><img src=Tue_Nov_10_21_02_01_IST_2020.jpg height=200 width=200></img></a>  </system-out>
  <testcase name="ClickDictionaryLink" time="36.323" classname="com.OSMOSE.testcases.Product"/>
  <system-out>
Click to see Screenshot <a target="_blank" href=Tue_Nov_10_21_02_38_IST_2020.jpg>Screenshot</a> <br> <br> <a target="_blank" href=Tue_Nov_10_21_02_38_IST_2020.jpg><img src=Tue_Nov_10_21_02_38_IST_2020.jpg height=200 width=200></img></a>  </system-out>
  <testcase name="VerifyUIonApprove" time="115.454" classname="com.OSMOSE.testcases.Product"/>
  <system-out>
Click to see Screenshot <a target="_blank" href=Tue_Nov_10_21_04_34_IST_2020.jpg>Screenshot</a> <br> <br> <a target="_blank" href=Tue_Nov_10_21_04_34_IST_2020.jpg><img src=Tue_Nov_10_21_04_34_IST_2020.jpg height=200 width=200></img></a>  </system-out>
  <testcase name="VerifyApprovebtndisabled" time="120.560" classname="com.OSMOSE.testcases.Product"/>
  <system-out>
Click to see Screenshot <a target="_blank" href=Tue_Nov_10_21_06_35_IST_2020.jpg>Screenshot</a> <br> <br> <a target="_blank" href=Tue_Nov_10_21_06_35_IST_2020.jpg><img src=Tue_Nov_10_21_06_35_IST_2020.jpg height=200 width=200></img></a>  </system-out>
  <testcase name="verifyThankyouPopup" time="125.455" classname="com.OSMOSE.testcases.Product"/>
  <system-out>
Click to see Screenshot <a target="_blank" href=Tue_Nov_10_21_08_41_IST_2020.jpg>Screenshot</a> <br> <br> <a target="_blank" href=Tue_Nov_10_21_08_41_IST_2020.jpg><img src=Tue_Nov_10_21_08_41_IST_2020.jpg height=200 width=200></img></a>  </system-out>
  <testcase name="verifyCancelwhileREQuoting" time="41.090" classname="com.OSMOSE.testcases.Product"/>
  <system-out>
Click to see Screenshot <a target="_blank" href=Tue_Nov_10_21_09_22_IST_2020.jpg>Screenshot</a> <br> <br> <a target="_blank" href=Tue_Nov_10_21_09_22_IST_2020.jpg><img src=Tue_Nov_10_21_09_22_IST_2020.jpg height=200 width=200></img></a>  </system-out>
  <testcase name="verifySubmitwhileREQuoting" time="58.775" classname="com.OSMOSE.testcases.Product"/>
  <system-out>
Click to see Screenshot <a target="_blank" href=Tue_Nov_10_21_10_22_IST_2020.jpg>Screenshot</a> <br> <br> <a target="_blank" href=Tue_Nov_10_21_10_22_IST_2020.jpg><img src=Tue_Nov_10_21_10_22_IST_2020.jpg height=200 width=200></img></a>  </system-out>
  <testcase name="verifyAddToCartWhileReQuoting" time="73.925" classname="com.OSMOSE.testcases.Product"/>
  <system-out>
Click to see Screenshot <a target="_blank" href=Tue_Nov_10_21_11_36_IST_2020.jpg>Screenshot</a> <br> <br> <a target="_blank" href=Tue_Nov_10_21_11_36_IST_2020.jpg><img src=Tue_Nov_10_21_11_36_IST_2020.jpg height=200 width=200></img></a>  </system-out>
  <testcase name="verifyExclamationOnMyQuotes" time="20.413" classname="com.OSMOSE.testcases.Product"/>
  <system-out>
Click to see Screenshot <a target="_blank" href=Tue_Nov_10_21_11_57_IST_2020.jpg>Screenshot</a> <br> <br> <a target="_blank" href=Tue_Nov_10_21_11_57_IST_2020.jpg><img src=Tue_Nov_10_21_11_57_IST_2020.jpg height=200 width=200></img></a>  </system-out>
  <testcase name="VerifyShoppingAddbtndisabled" time="5.223" classname="com.OSMOSE.testcases.Product"/>
  <system-out>
Click to see Screenshot <a target="_blank" href=Tue_Nov_10_21_12_02_IST_2020.jpg>Screenshot</a> <br> <br> <a target="_blank" href=Tue_Nov_10_21_12_02_IST_2020.jpg><img src=Tue_Nov_10_21_12_02_IST_2020.jpg height=200 width=200></img></a>  </system-out>
  <testcase name="VerifyShoppingCarrtAddbtnDisabledclearqty" time="5.746" classname="com.OSMOSE.testcases.Product"/>
  <system-out>
Click to see Screenshot <a target="_blank" href=Tue_Nov_10_21_12_08_IST_2020.jpg>Screenshot</a> <br> <br> <a target="_blank" href=Tue_Nov_10_21_12_08_IST_2020.jpg><img src=Tue_Nov_10_21_12_08_IST_2020.jpg height=200 width=200></img></a>  </system-out>
  <testcase name="verifyCartIconCount" time="17.778" classname="com.OSMOSE.testcases.Product"/>
  <system-out>
Click to see Screenshot <a target="_blank" href=Tue_Nov_10_21_12_27_IST_2020.jpg>Screenshot</a> <br> <br> <a target="_blank" href=Tue_Nov_10_21_12_27_IST_2020.jpg><img src=Tue_Nov_10_21_12_27_IST_2020.jpg height=200 width=200></img></a>  </system-out>
  <testcase name="VerifyShoppingCarrtMinMaxqty" time="12.661" classname="com.OSMOSE.testcases.Product"/>
  <system-out>
Click to see Screenshot <a target="_blank" href=Tue_Nov_10_21_12_40_IST_2020.jpg>Screenshot</a> <br> <br> <a target="_blank" href=Tue_Nov_10_21_12_40_IST_2020.jpg><img src=Tue_Nov_10_21_12_40_IST_2020.jpg height=200 width=200></img></a>  </system-out>
  <testcase name="GoBack" time="13.628" classname="com.OSMOSE.testcases.Product"/>
  <system-out>
Click to see Screenshot <a target="_blank" href=Tue_Nov_10_21_12_54_IST_2020.jpg>Screenshot</a> <br> <br> <a target="_blank" href=Tue_Nov_10_21_12_54_IST_2020.jpg><img src=Tue_Nov_10_21_12_54_IST_2020.jpg height=200 width=200></img></a>  </system-out>
  <testcase name="CreateQuote_MultipleAttachment" time="40.036" classname="com.OSMOSE.testcases.Product"/>
  <system-out>
Click to see Screenshot <a target="_blank" href=Tue_Nov_10_21_13_34_IST_2020.jpg>Screenshot</a> <br> <br> <a target="_blank" href=Tue_Nov_10_21_13_34_IST_2020.jpg><img src=Tue_Nov_10_21_13_34_IST_2020.jpg height=200 width=200></img></a>  </system-out>
  <testcase name="CreateQuote_UpdateeAttachment" time="11.292" classname="com.OSMOSE.testcases.Product"/>
  <system-out>
Click to see Screenshot <a target="_blank" href=Tue_Nov_10_21_13_46_IST_2020.jpg>Screenshot</a> <br> <br> <a target="_blank" href=Tue_Nov_10_21_13_46_IST_2020.jpg><img src=Tue_Nov_10_21_13_46_IST_2020.jpg height=200 width=200></img></a>  </system-out>
  <testcase name="SubmitQuotewithoutFile" time="19.002" classname="com.OSMOSE.testcases.Product"/>
  <system-out>
Click to see Screenshot <a target="_blank" href=Tue_Nov_10_21_14_05_IST_2020.jpg>Screenshot</a> <br> <br> <a target="_blank" href=Tue_Nov_10_21_14_05_IST_2020.jpg><img src=Tue_Nov_10_21_14_05_IST_2020.jpg height=200 width=200></img></a>  </system-out>
  <testcase name="VerifyAddingRelatedProductsToShoppingCart" time="18.052" classname="com.OSMOSE.testcases.Product"/>
  <system-out>
Click to see Screenshot <a target="_blank" href=Tue_Nov_10_21_14_24_IST_2020.jpg>Screenshot</a> <br> <br> <a target="_blank" href=Tue_Nov_10_21_14_24_IST_2020.jpg><img src=Tue_Nov_10_21_14_24_IST_2020.jpg height=200 width=200></img></a>  </system-out>
  <testcase name="VerifyTooltipForSizeDropDown" time="9.988" classname="com.OSMOSE.testcases.Product"/>
  <system-out>
Click to see Screenshot <a target="_blank" href=Tue_Nov_10_21_14_34_IST_2020.jpg>Screenshot</a> <br> <br> <a target="_blank" href=Tue_Nov_10_21_14_34_IST_2020.jpg><img src=Tue_Nov_10_21_14_34_IST_2020.jpg height=200 width=200></img></a>  </system-out>
  <testcase name="UpdateChangeProductAddToShoppingCart" time="16.099" classname="com.OSMOSE.testcases.Product"/>
  <system-out>
Click to see Screenshot <a target="_blank" href=Tue_Nov_10_21_14_51_IST_2020.jpg>Screenshot</a> <br> <br> <a target="_blank" href=Tue_Nov_10_21_14_51_IST_2020.jpg><img src=Tue_Nov_10_21_14_51_IST_2020.jpg height=200 width=200></img></a>  </system-out>
  <testcase name="verifyDeleteProductOnOverlay" time="9.560" classname="com.OSMOSE.testcases.Product"/>
  <system-out>
Click to see Screenshot <a target="_blank" href=Tue_Nov_10_21_15_01_IST_2020.jpg>Screenshot</a> <br> <br> <a target="_blank" href=Tue_Nov_10_21_15_01_IST_2020.jpg><img src=Tue_Nov_10_21_15_01_IST_2020.jpg height=200 width=200></img></a>  </system-out>
  <testcase name="MyQuotesComments_Collapse" time="13.689" classname="com.OSMOSE.testcases.Product"/>
  <system-out>
Click to see Screenshot <a target="_blank" href=Tue_Nov_10_21_15_15_IST_2020.jpg>Screenshot</a> <br> <br> <a target="_blank" href=Tue_Nov_10_21_15_15_IST_2020.jpg><img src=Tue_Nov_10_21_15_15_IST_2020.jpg height=200 width=200></img></a>  </system-out>
  <testcase name="verifyTheSearch" classname="com.OSMOSE.testcases.Product">
    <skipped/>
  </testcase> <!-- verifyTheSearch -->
  <system-out/>
  <testcase name="SubmitQuotewithNegativeExpireDays" classname="com.OSMOSE.testcases.Product">
    <skipped/>
  </testcase> <!-- SubmitQuotewithNegativeExpireDays -->
  <system-out/>
  <testcase name="verifyTheProductCart" classname="com.OSMOSE.testcases.Product">
    <skipped/>
  </testcase> <!-- verifyTheProductCart -->
  <system-out/>
</testsuite> <!-- com.OSMOSE.testcases.Product -->
