<?xml version="1.0" encoding="UTF-8"?>
<!-- Generated by org.testng.reporters.JUnitReportReporter -->
<testsuite skipped="2" hostname="5CG6323N27" name="com.OSMOSE.testcases.Product" tests="67" failures="0" timestamp="2020-08-04T20:03:47 IST" time="1176.383" errors="0">
  <testcase name="verifyTheProductLink" time="3.523" classname="com.OSMOSE.testcases.Product"/>
  <system-out>
Click to see Screenshot <a target="_blank" href=Tue_Aug_04_19_42_41_IST_2020.jpg>Screenshot</a> <br> <br> <a target="_blank" href=Tue_Aug_04_19_42_41_IST_2020.jpg><img src=Tue_Aug_04_19_42_41_IST_2020.jpg height=200 width=200></img></a>  </system-out>
  <testcase name="searchElementPresent" time="50.077" classname="com.OSMOSE.testcases.Product"/>
  <system-out>
Click to see Screenshot <a target="_blank" href=Tue_Aug_04_19_43_32_IST_2020.jpg>Screenshot</a> <br> <br> <a target="_blank" href=Tue_Aug_04_19_43_32_IST_2020.jpg><img src=Tue_Aug_04_19_43_32_IST_2020.jpg height=200 width=200></img></a>  </system-out>
  <testcase name="catalogElementPresent" time="0.029" classname="com.OSMOSE.testcases.Product"/>
  <system-out>
Click to see Screenshot <a target="_blank" href=Tue_Aug_04_19_43_32_IST_2020.jpg>Screenshot</a> <br> <br> <a target="_blank" href=Tue_Aug_04_19_43_32_IST_2020.jpg><img src=Tue_Aug_04_19_43_32_IST_2020.jpg height=200 width=200></img></a>  </system-out>
  <testcase name="openMyQuotesElementPresent" time="0.030" classname="com.OSMOSE.testcases.Product"/>
  <system-out>
Click to see Screenshot <a target="_blank" href=Tue_Aug_04_19_43_32_IST_2020.jpg>Screenshot</a> <br> <br> <a target="_blank" href=Tue_Aug_04_19_43_32_IST_2020.jpg><img src=Tue_Aug_04_19_43_32_IST_2020.jpg height=200 width=200></img></a>  </system-out>
  <testcase name="shoppingCartElementPresent" time="0.092" classname="com.OSMOSE.testcases.Product"/>
  <system-out>
Click to see Screenshot <a target="_blank" href=Tue_Aug_04_19_43_33_IST_2020.jpg>Screenshot</a> <br> <br> <a target="_blank" href=Tue_Aug_04_19_43_33_IST_2020.jpg><img src=Tue_Aug_04_19_43_33_IST_2020.jpg height=200 width=200></img></a>  </system-out>
  <testcase name="adminElementPresent" time="0.040" classname="com.OSMOSE.testcases.Product"/>
  <system-out>
Click to see Screenshot <a target="_blank" href=Tue_Aug_04_19_43_33_IST_2020.jpg>Screenshot</a> <br> <br> <a target="_blank" href=Tue_Aug_04_19_43_33_IST_2020.jpg><img src=Tue_Aug_04_19_43_33_IST_2020.jpg height=200 width=200></img></a>  </system-out>
  <testcase name="viewDetailsElementPresent" time="0.030" classname="com.OSMOSE.testcases.Product"/>
  <system-out>
Click to see Screenshot <a target="_blank" href=Tue_Aug_04_19_43_34_IST_2020.jpg>Screenshot</a> <br> <br> <a target="_blank" href=Tue_Aug_04_19_43_34_IST_2020.jpg><img src=Tue_Aug_04_19_43_34_IST_2020.jpg height=200 width=200></img></a>  </system-out>
  <testcase name="allSixProductPresent" time="0.024" classname="com.OSMOSE.testcases.Product"/>
  <system-out>
Click to see Screenshot <a target="_blank" href=Tue_Aug_04_19_43_34_IST_2020.jpg>Screenshot</a> <br> <br> <a target="_blank" href=Tue_Aug_04_19_43_34_IST_2020.jpg><img src=Tue_Aug_04_19_43_34_IST_2020.jpg height=200 width=200></img></a>  </system-out>
  <testcase name="sliderItemPresent" time="0.083" classname="com.OSMOSE.testcases.Product"/>
  <system-out>
Click to see Screenshot <a target="_blank" href=Tue_Aug_04_19_43_35_IST_2020.jpg>Screenshot</a> <br> <br> <a target="_blank" href=Tue_Aug_04_19_43_35_IST_2020.jpg><img src=Tue_Aug_04_19_43_35_IST_2020.jpg height=200 width=200></img></a>  </system-out>
  <testcase name="verifyCategoryFilter" time="50.054" classname="com.OSMOSE.testcases.Product"/>
  <system-out>
Click to see Screenshot <a target="_blank" href=Tue_Aug_04_19_44_25_IST_2020.jpg>Screenshot</a> <br> <br> <a target="_blank" href=Tue_Aug_04_19_44_25_IST_2020.jpg><img src=Tue_Aug_04_19_44_25_IST_2020.jpg height=200 width=200></img></a>  </system-out>
  <testcase name="VerifyFPImageClick" time="51.607" classname="com.OSMOSE.testcases.Product"/>
  <system-out>
Click to see Screenshot <a target="_blank" href=Tue_Aug_04_19_45_17_IST_2020.jpg>Screenshot</a> <br> <br> <a target="_blank" href=Tue_Aug_04_19_45_17_IST_2020.jpg><img src=Tue_Aug_04_19_45_17_IST_2020.jpg height=200 width=200></img></a>  </system-out>
  <testcase name="verifyViewDetail" time="8.393" classname="com.OSMOSE.testcases.Product"/>
  <system-out>
Click to see Screenshot <a target="_blank" href=Tue_Aug_04_19_45_26_IST_2020.jpg>Screenshot</a> <br> <br> <a target="_blank" href=Tue_Aug_04_19_45_26_IST_2020.jpg><img src=Tue_Aug_04_19_45_26_IST_2020.jpg height=200 width=200></img></a>  </system-out>
  <testcase name="VerifyProductclick" time="14.492" classname="com.OSMOSE.testcases.Product"/>
  <system-out>
Click to see Screenshot <a target="_blank" href=Tue_Aug_04_19_45_41_IST_2020.jpg>Screenshot</a> <br> <br> <a target="_blank" href=Tue_Aug_04_19_45_41_IST_2020.jpg><img src=Tue_Aug_04_19_45_41_IST_2020.jpg height=200 width=200></img></a>  </system-out>
  <testcase name="AddQuantityandverifyCellNumber" time="17.899" classname="com.OSMOSE.testcases.Product"/>
  <system-out>
Click to see Screenshot <a target="_blank" href=Tue_Aug_04_19_46_00_IST_2020.jpg>Screenshot</a> <br> <br> <a target="_blank" href=Tue_Aug_04_19_46_00_IST_2020.jpg><img src=Tue_Aug_04_19_46_00_IST_2020.jpg height=200 width=200></img></a>  </system-out>
  <testcase name="FeaturedProductPoleRestoration" time="13.396" classname="com.OSMOSE.testcases.Product"/>
  <system-out>
Click to see Screenshot <a target="_blank" href=Tue_Aug_04_19_46_14_IST_2020.jpg>Screenshot</a> <br> <br> <a target="_blank" href=Tue_Aug_04_19_46_14_IST_2020.jpg><img src=Tue_Aug_04_19_46_14_IST_2020.jpg height=200 width=200></img></a>  </system-out>
  <testcase name="verifyTheSearchfirstname" time="13.531" classname="com.OSMOSE.testcases.Product"/>
  <system-out>
Click to see Screenshot <a target="_blank" href=Tue_Aug_04_19_46_28_IST_2020.jpg>Screenshot</a> <br> <br> <a target="_blank" href=Tue_Aug_04_19_46_28_IST_2020.jpg><img src=Tue_Aug_04_19_46_28_IST_2020.jpg height=200 width=200></img></a>  </system-out>
  <testcase name="verifyTheSearchFullname" time="12.474" classname="com.OSMOSE.testcases.Product"/>
  <system-out>
Click to see Screenshot <a target="_blank" href=Tue_Aug_04_19_46_40_IST_2020.jpg>Screenshot</a> <br> <br> <a target="_blank" href=Tue_Aug_04_19_46_40_IST_2020.jpg><img src=Tue_Aug_04_19_46_40_IST_2020.jpg height=200 width=200></img></a>  </system-out>
  <testcase name="verifyTheSearchOneAlphabet" time="22.284" classname="com.OSMOSE.testcases.Product"/>
  <system-out>
Click to see Screenshot <a target="_blank" href=Tue_Aug_04_19_47_03_IST_2020.jpg>Screenshot</a> <br> <br> <a target="_blank" href=Tue_Aug_04_19_47_03_IST_2020.jpg><img src=Tue_Aug_04_19_47_03_IST_2020.jpg height=200 width=200></img></a>  </system-out>
  <testcase name="verifyTheSearchCrossButton" time="14.376" classname="com.OSMOSE.testcases.Product"/>
  <system-out>
Click to see Screenshot <a target="_blank" href=Tue_Aug_04_19_47_18_IST_2020.jpg>Screenshot</a> <br> <br> <a target="_blank" href=Tue_Aug_04_19_47_18_IST_2020.jpg><img src=Tue_Aug_04_19_47_18_IST_2020.jpg height=200 width=200></img></a>  </system-out>
  <testcase name="verifyTheValidationmessage" time="13.422" classname="com.OSMOSE.testcases.Product"/>
  <system-out>
Click to see Screenshot <a target="_blank" href=Tue_Aug_04_19_47_32_IST_2020.jpg>Screenshot</a> <br> <br> <a target="_blank" href=Tue_Aug_04_19_47_32_IST_2020.jpg><img src=Tue_Aug_04_19_47_32_IST_2020.jpg height=200 width=200></img></a>  </system-out>
  <testcase name="ReturnPolicy" time="10.733" classname="com.OSMOSE.testcases.Product"/>
  <system-out>
Click to see Screenshot <a target="_blank" href=Tue_Aug_04_19_47_43_IST_2020.jpg>Screenshot</a> <br> <br> <a target="_blank" href=Tue_Aug_04_19_47_43_IST_2020.jpg><img src=Tue_Aug_04_19_47_43_IST_2020.jpg height=200 width=200></img></a>  </system-out>
  <testcase name="verifyAddShoppingCarttext" time="17.965" classname="com.OSMOSE.testcases.Product"/>
  <system-out>
Click to see Screenshot <a target="_blank" href=Tue_Aug_04_19_48_02_IST_2020.jpg>Screenshot</a> <br> <br> <a target="_blank" href=Tue_Aug_04_19_48_02_IST_2020.jpg><img src=Tue_Aug_04_19_48_02_IST_2020.jpg height=200 width=200></img></a>  </system-out>
  <testcase name="AddShoppingCart" time="5.345" classname="com.OSMOSE.testcases.Product"/>
  <system-out>
Click to see Screenshot <a target="_blank" href=Tue_Aug_04_19_48_07_IST_2020.jpg>Screenshot</a> <br> <br> <a target="_blank" href=Tue_Aug_04_19_48_07_IST_2020.jpg><img src=Tue_Aug_04_19_48_07_IST_2020.jpg height=200 width=200></img></a>  </system-out>
  <testcase name="VerifyCrossicononhoppingCart" time="1.029" classname="com.OSMOSE.testcases.Product"/>
  <system-out>
Click to see Screenshot <a target="_blank" href=Tue_Aug_04_19_48_09_IST_2020.jpg>Screenshot</a> <br> <br> <a target="_blank" href=Tue_Aug_04_19_48_09_IST_2020.jpg><img src=Tue_Aug_04_19_48_09_IST_2020.jpg height=200 width=200></img></a>  </system-out>
  <testcase name="VerifyCrossicononhoppingCart_Differentitem" time="9.620" classname="com.OSMOSE.testcases.Product"/>
  <system-out>
Click to see Screenshot <a target="_blank" href=Tue_Aug_04_19_48_19_IST_2020.jpg>Screenshot</a> <br> <br> <a target="_blank" href=Tue_Aug_04_19_48_19_IST_2020.jpg><img src=Tue_Aug_04_19_48_19_IST_2020.jpg height=200 width=200></img></a>  </system-out>
  <testcase name="VerifyAddShopping_Sameitem" time="8.639" classname="com.OSMOSE.testcases.Product"/>
  <system-out>
Click to see Screenshot <a target="_blank" href=Tue_Aug_04_19_48_28_IST_2020.jpg>Screenshot</a> <br> <br> <a target="_blank" href=Tue_Aug_04_19_48_28_IST_2020.jpg><img src=Tue_Aug_04_19_48_28_IST_2020.jpg height=200 width=200></img></a>  </system-out>
  <testcase name="DeleteQuanityinShoppingCart" time="5.150" classname="com.OSMOSE.testcases.Product"/>
  <system-out>
Click to see Screenshot <a target="_blank" href=Tue_Aug_04_19_48_33_IST_2020.jpg>Screenshot</a> <br> <br> <a target="_blank" href=Tue_Aug_04_19_48_33_IST_2020.jpg><img src=Tue_Aug_04_19_48_33_IST_2020.jpg height=200 width=200></img></a>  </system-out>
  <testcase name="UpdateIncreaseQuanityinShoppingCart" time="12.153" classname="com.OSMOSE.testcases.Product"/>
  <system-out>
Click to see Screenshot <a target="_blank" href=Tue_Aug_04_19_48_46_IST_2020.jpg>Screenshot</a> <br> <br> <a target="_blank" href=Tue_Aug_04_19_48_46_IST_2020.jpg><img src=Tue_Aug_04_19_48_46_IST_2020.jpg height=200 width=200></img></a>  </system-out>
  <testcase name="UpdateDecreaseQuanityinShoppingCart" time="28.513" classname="com.OSMOSE.testcases.Product"/>
  <system-out>
Click to see Screenshot <a target="_blank" href=Tue_Aug_04_19_49_14_IST_2020.jpg>Screenshot</a> <br> <br> <a target="_blank" href=Tue_Aug_04_19_49_14_IST_2020.jpg><img src=Tue_Aug_04_19_49_14_IST_2020.jpg height=200 width=200></img></a>  </system-out>
  <testcase name="CreateQuote" time="6.030" classname="com.OSMOSE.testcases.Product"/>
  <system-out>
Click to see Screenshot <a target="_blank" href=Tue_Aug_04_19_49_21_IST_2020.jpg>Screenshot</a> <br> <br> <a target="_blank" href=Tue_Aug_04_19_49_21_IST_2020.jpg><img src=Tue_Aug_04_19_49_21_IST_2020.jpg height=200 width=200></img></a>  </system-out>
  <testcase name="CreateQuote_Comments" time="5.754" classname="com.OSMOSE.testcases.Product"/>
  <system-out>
Click to see Screenshot <a target="_blank" href=Tue_Aug_04_19_49_27_IST_2020.jpg>Screenshot</a> <br> <br> <a target="_blank" href=Tue_Aug_04_19_49_27_IST_2020.jpg><img src=Tue_Aug_04_19_49_27_IST_2020.jpg height=200 width=200></img></a>  </system-out>
  <testcase name="CreateQuote_ZipCode" time="5.373" classname="com.OSMOSE.testcases.Product"/>
  <system-out>
Click to see Screenshot <a target="_blank" href=Tue_Aug_04_19_49_33_IST_2020.jpg>Screenshot</a> <br> <br> <a target="_blank" href=Tue_Aug_04_19_49_33_IST_2020.jpg><img src=Tue_Aug_04_19_49_33_IST_2020.jpg height=200 width=200></img></a>  </system-out>
  <testcase name="CreateQuote_Attachment" time="7.388" classname="com.OSMOSE.testcases.Product"/>
  <system-out>
Click to see Screenshot <a target="_blank" href=Tue_Aug_04_19_49_41_IST_2020.jpg>Screenshot</a> <br> <br> <a target="_blank" href=Tue_Aug_04_19_49_41_IST_2020.jpg><img src=Tue_Aug_04_19_49_41_IST_2020.jpg height=200 width=200></img></a>  </system-out>
  <testcase name="ClickShoppingCartIcon" time="5.346" classname="com.OSMOSE.testcases.Product"/>
  <system-out>
Click to see Screenshot <a target="_blank" href=Tue_Aug_04_19_49_46_IST_2020.jpg>Screenshot</a> <br> <br> <a target="_blank" href=Tue_Aug_04_19_49_46_IST_2020.jpg><img src=Tue_Aug_04_19_49_46_IST_2020.jpg height=200 width=200></img></a>  </system-out>
  <testcase name="ClickShoppingViewCartbutton" time="5.122" classname="com.OSMOSE.testcases.Product"/>
  <system-out>
Click to see Screenshot <a target="_blank" href=Tue_Aug_04_19_49_52_IST_2020.jpg>Screenshot</a> <br> <br> <a target="_blank" href=Tue_Aug_04_19_49_52_IST_2020.jpg><img src=Tue_Aug_04_19_49_52_IST_2020.jpg height=200 width=200></img></a>  </system-out>
  <testcase name="ClickShoppingSubmitCartbutton" time="5.425" classname="com.OSMOSE.testcases.Product"/>
  <system-out>
Click to see Screenshot <a target="_blank" href=Tue_Aug_04_19_49_57_IST_2020.jpg>Screenshot</a> <br> <br> <a target="_blank" href=Tue_Aug_04_19_49_57_IST_2020.jpg><img src=Tue_Aug_04_19_49_57_IST_2020.jpg height=200 width=200></img></a>  </system-out>
  <testcase name="verifyUpdatedQuantityOnOverlay" time="7.701" classname="com.OSMOSE.testcases.Product"/>
  <system-out>
Click to see Screenshot <a target="_blank" href=Tue_Aug_04_19_50_06_IST_2020.jpg>Screenshot</a> <br> <br> <a target="_blank" href=Tue_Aug_04_19_50_06_IST_2020.jpg><img src=Tue_Aug_04_19_50_06_IST_2020.jpg height=200 width=200></img></a>  </system-out>
  <testcase name="MyQuotes_96421" time="6.548" classname="com.OSMOSE.testcases.Product"/>
  <system-out>
Click to see Screenshot <a target="_blank" href=Tue_Aug_04_19_50_12_IST_2020.jpg>Screenshot</a> <br> <br> <a target="_blank" href=Tue_Aug_04_19_50_12_IST_2020.jpg><img src=Tue_Aug_04_19_50_12_IST_2020.jpg height=200 width=200></img></a>  </system-out>
  <testcase name="verifyStatusFilterAll" time="25.789" classname="com.OSMOSE.testcases.Product"/>
  <system-out>
Click to see Screenshot <a target="_blank" href=Tue_Aug_04_19_50_39_IST_2020.jpg>Screenshot</a> <br> <br> <a target="_blank" href=Tue_Aug_04_19_50_39_IST_2020.jpg><img src=Tue_Aug_04_19_50_39_IST_2020.jpg height=200 width=200></img></a>  </system-out>
  <testcase name="verifyStatusFilterExpired" time="35.714" classname="com.OSMOSE.testcases.Product"/>
  <system-out>
Click to see Screenshot <a target="_blank" href=Tue_Aug_04_19_51_15_IST_2020.jpg>Screenshot</a> <br> <br> <a target="_blank" href=Tue_Aug_04_19_51_15_IST_2020.jpg><img src=Tue_Aug_04_19_51_15_IST_2020.jpg height=200 width=200></img></a>  </system-out>
  <testcase name="verifyStatusFilterOrdered" time="40.778" classname="com.OSMOSE.testcases.Product"/>
  <system-out>
Click to see Screenshot <a target="_blank" href=Tue_Aug_04_19_51_56_IST_2020.jpg>Screenshot</a> <br> <br> <a target="_blank" href=Tue_Aug_04_19_51_56_IST_2020.jpg><img src=Tue_Aug_04_19_51_56_IST_2020.jpg height=200 width=200></img></a>  </system-out>
  <testcase name="verifyStatusFilterQuoted" time="40.765" classname="com.OSMOSE.testcases.Product"/>
  <system-out>
Click to see Screenshot <a target="_blank" href=Tue_Aug_04_19_52_37_IST_2020.jpg>Screenshot</a> <br> <br> <a target="_blank" href=Tue_Aug_04_19_52_37_IST_2020.jpg><img src=Tue_Aug_04_19_52_37_IST_2020.jpg height=200 width=200></img></a>  </system-out>
  <testcase name="verifyStatusFilterQuotePending" time="40.754" classname="com.OSMOSE.testcases.Product"/>
  <system-out>
Click to see Screenshot <a target="_blank" href=Tue_Aug_04_19_53_18_IST_2020.jpg>Screenshot</a> <br> <br> <a target="_blank" href=Tue_Aug_04_19_53_18_IST_2020.jpg><img src=Tue_Aug_04_19_53_18_IST_2020.jpg height=200 width=200></img></a>  </system-out>
  <testcase name="verifyStatusFilterCancelled" time="40.683" classname="com.OSMOSE.testcases.Product"/>
  <system-out>
Click to see Screenshot <a target="_blank" href=Tue_Aug_04_19_54_00_IST_2020.jpg>Screenshot</a> <br> <br> <a target="_blank" href=Tue_Aug_04_19_54_00_IST_2020.jpg><img src=Tue_Aug_04_19_54_00_IST_2020.jpg height=200 width=200></img></a>  </system-out>
  <testcase name="verifyStatusFilterOrderRequested" time="35.578" classname="com.OSMOSE.testcases.Product"/>
  <system-out>
Click to see Screenshot <a target="_blank" href=Tue_Aug_04_19_54_35_IST_2020.jpg>Screenshot</a> <br> <br> <a target="_blank" href=Tue_Aug_04_19_54_35_IST_2020.jpg><img src=Tue_Aug_04_19_54_35_IST_2020.jpg height=200 width=200></img></a>  </system-out>
  <testcase name="HomepageCarticon" time="14.450" classname="com.OSMOSE.testcases.Product"/>
  <system-out>
Click to see Screenshot <a target="_blank" href=Tue_Aug_04_19_54_50_IST_2020.jpg>Screenshot</a> <br> <br> <a target="_blank" href=Tue_Aug_04_19_54_50_IST_2020.jpg><img src=Tue_Aug_04_19_54_50_IST_2020.jpg height=200 width=200></img></a>  </system-out>
  <testcase name="ClickManageQuotesLink" time="3.400" classname="com.OSMOSE.testcases.Product"/>
  <system-out>
Click to see Screenshot <a target="_blank" href=Tue_Aug_04_19_54_54_IST_2020.jpg>Screenshot</a> <br> <br> <a target="_blank" href=Tue_Aug_04_19_54_54_IST_2020.jpg><img src=Tue_Aug_04_19_54_54_IST_2020.jpg height=200 width=200></img></a>  </system-out>
  <testcase name="VerifyUIonClickQuoteID" time="4.538" classname="com.OSMOSE.testcases.Product"/>
  <system-out>
Click to see Screenshot <a target="_blank" href=Tue_Aug_04_19_54_59_IST_2020.jpg>Screenshot</a> <br> <br> <a target="_blank" href=Tue_Aug_04_19_54_59_IST_2020.jpg><img src=Tue_Aug_04_19_54_59_IST_2020.jpg height=200 width=200></img></a>  </system-out>
  <testcase name="SubmitQuotewithOrderedstatus" time="9.334" classname="com.OSMOSE.testcases.Product"/>
  <system-out>
Click to see Screenshot <a target="_blank" href=Tue_Aug_04_19_55_09_IST_2020.jpg>Screenshot</a> <br> <br> <a target="_blank" href=Tue_Aug_04_19_55_09_IST_2020.jpg><img src=Tue_Aug_04_19_55_09_IST_2020.jpg height=200 width=200></img></a>  </system-out>
  <testcase name="SubmitQuotewithQuotePendingstatus" time="9.577" classname="com.OSMOSE.testcases.Product"/>
  <system-out>
Click to see Screenshot <a target="_blank" href=Tue_Aug_04_19_55_19_IST_2020.jpg>Screenshot</a> <br> <br> <a target="_blank" href=Tue_Aug_04_19_55_19_IST_2020.jpg><img src=Tue_Aug_04_19_55_19_IST_2020.jpg height=200 width=200></img></a>  </system-out>
  <testcase name="SubmitQuotewithQuoteCancelledstatus" time="12.574" classname="com.OSMOSE.testcases.Product"/>
  <system-out>
Click to see Screenshot <a target="_blank" href=Tue_Aug_04_19_55_32_IST_2020.jpg>Screenshot</a> <br> <br> <a target="_blank" href=Tue_Aug_04_19_55_32_IST_2020.jpg><img src=Tue_Aug_04_19_55_32_IST_2020.jpg height=200 width=200></img></a>  </system-out>
  <testcase name="SubmitQuotewithQuotedstatus" time="17.707" classname="com.OSMOSE.testcases.Product"/>
  <system-out>
Click to see Screenshot <a target="_blank" href=Tue_Aug_04_19_55_50_IST_2020.jpg>Screenshot</a> <br> <br> <a target="_blank" href=Tue_Aug_04_19_55_50_IST_2020.jpg><img src=Tue_Aug_04_19_55_50_IST_2020.jpg height=200 width=200></img></a>  </system-out>
  <testcase name="SubmitQuotewithOrderRequestedstatus" time="9.298" classname="com.OSMOSE.testcases.Product"/>
  <system-out>
Click to see Screenshot <a target="_blank" href=Tue_Aug_04_19_55_59_IST_2020.jpg>Screenshot</a> <br> <br> <a target="_blank" href=Tue_Aug_04_19_55_59_IST_2020.jpg><img src=Tue_Aug_04_19_55_59_IST_2020.jpg height=200 width=200></img></a>  </system-out>
  <testcase name="ClickManageProducts" time="2.285" classname="com.OSMOSE.testcases.Product"/>
  <system-out>
Click to see Screenshot <a target="_blank" href=Tue_Aug_04_19_56_02_IST_2020.jpg>Screenshot</a> <br> <br> <a target="_blank" href=Tue_Aug_04_19_56_02_IST_2020.jpg><img src=Tue_Aug_04_19_56_02_IST_2020.jpg height=200 width=200></img></a>  </system-out>
  <testcase name="ClickDownloadProducts" time="7.241" classname="com.OSMOSE.testcases.Product"/>
  <system-out>
Click to see Screenshot <a target="_blank" href=Tue_Aug_04_19_56_10_IST_2020.jpg>Screenshot</a> <br> <br> <a target="_blank" href=Tue_Aug_04_19_56_10_IST_2020.jpg><img src=Tue_Aug_04_19_56_10_IST_2020.jpg height=200 width=200></img></a>  </system-out>
  <testcase name="ClickProductsinReview" time="2.158" classname="com.OSMOSE.testcases.Product"/>
  <system-out>
Click to see Screenshot <a target="_blank" href=Tue_Aug_04_19_56_12_IST_2020.jpg>Screenshot</a> <br> <br> <a target="_blank" href=Tue_Aug_04_19_56_12_IST_2020.jpg><img src=Tue_Aug_04_19_56_12_IST_2020.jpg height=200 width=200></img></a>  </system-out>
  <testcase name="ClickUploadProducts" time="10.363" classname="com.OSMOSE.testcases.Product"/>
  <system-out>
Click to see Screenshot <a target="_blank" href=Tue_Aug_04_19_56_23_IST_2020.jpg>Screenshot</a> <br> <br> <a target="_blank" href=Tue_Aug_04_19_56_23_IST_2020.jpg><img src=Tue_Aug_04_19_56_23_IST_2020.jpg height=200 width=200></img></a>  </system-out>
  <testcase name="ClickDictionaryLink" time="58.043" classname="com.OSMOSE.testcases.Product"/>
  <system-out>
Click to see Screenshot <a target="_blank" href=Tue_Aug_04_19_57_22_IST_2020.jpg>Screenshot</a> <br> <br> <a target="_blank" href=Tue_Aug_04_19_57_22_IST_2020.jpg><img src=Tue_Aug_04_19_57_22_IST_2020.jpg height=200 width=200></img></a>  </system-out>
  <testcase name="VerifyUIonApprove" time="48.849" classname="com.OSMOSE.testcases.Product"/>
  <system-out>
Click to see Screenshot <a target="_blank" href=Tue_Aug_04_19_58_12_IST_2020.jpg>Screenshot</a> <br> <br> <a target="_blank" href=Tue_Aug_04_19_58_12_IST_2020.jpg><img src=Tue_Aug_04_19_58_12_IST_2020.jpg height=200 width=200></img></a>  </system-out>
  <testcase name="VerifyApprovebtndisabled" time="52.750" classname="com.OSMOSE.testcases.Product"/>
  <system-out>
Click to see Screenshot <a target="_blank" href=Tue_Aug_04_19_59_05_IST_2020.jpg>Screenshot</a> <br> <br> <a target="_blank" href=Tue_Aug_04_19_59_05_IST_2020.jpg><img src=Tue_Aug_04_19_59_05_IST_2020.jpg height=200 width=200></img></a>  </system-out>
  <testcase name="verifyThankyouPopup" time="53.222" classname="com.OSMOSE.testcases.Product"/>
  <system-out>
Click to see Screenshot <a target="_blank" href=Tue_Aug_04_19_59_58_IST_2020.jpg>Screenshot</a> <br> <br> <a target="_blank" href=Tue_Aug_04_19_59_58_IST_2020.jpg><img src=Tue_Aug_04_19_59_58_IST_2020.jpg height=200 width=200></img></a>  </system-out>
  <testcase name="verifyCancelwhileREQuoting" time="39.879" classname="com.OSMOSE.testcases.Product"/>
  <system-out>
Click to see Screenshot <a target="_blank" href=Tue_Aug_04_20_00_39_IST_2020.jpg>Screenshot</a> <br> <br> <a target="_blank" href=Tue_Aug_04_20_00_39_IST_2020.jpg><img src=Tue_Aug_04_20_00_39_IST_2020.jpg height=200 width=200></img></a>  </system-out>
  <testcase name="verifySubmitwhileREQuoting" time="55.409" classname="com.OSMOSE.testcases.Product"/>
  <system-out>
Click to see Screenshot <a target="_blank" href=Tue_Aug_04_20_01_35_IST_2020.jpg>Screenshot</a> <br> <br> <a target="_blank" href=Tue_Aug_04_20_01_35_IST_2020.jpg><img src=Tue_Aug_04_20_01_35_IST_2020.jpg height=200 width=200></img></a>  </system-out>
  <testcase name="verifyAddToCartWhileReQuoting" time="49.684" classname="com.OSMOSE.testcases.Product"/>
  <system-out>
Click to see Screenshot <a target="_blank" href=Tue_Aug_04_20_02_25_IST_2020.jpg>Screenshot</a> <br> <br> <a target="_blank" href=Tue_Aug_04_20_02_25_IST_2020.jpg><img src=Tue_Aug_04_20_02_25_IST_2020.jpg height=200 width=200></img></a>  </system-out>
  <testcase name="verifyExclamationOnMyQuotes" time="15.871" classname="com.OSMOSE.testcases.Product"/>
  <system-out>
Click to see Screenshot <a target="_blank" href=Tue_Aug_04_20_02_41_IST_2020.jpg>Screenshot</a> <br> <br> <a target="_blank" href=Tue_Aug_04_20_02_41_IST_2020.jpg><img src=Tue_Aug_04_20_02_41_IST_2020.jpg height=200 width=200></img></a>  </system-out>
  <testcase name="verifyTheSearch" classname="com.OSMOSE.testcases.Product">
    <skipped/>
  </testcase> <!-- verifyTheSearch -->
  <system-out/>
  <testcase name="verifyTheProductCart" classname="com.OSMOSE.testcases.Product">
    <skipped/>
  </testcase> <!-- verifyTheProductCart -->
  <system-out/>
</testsuite> <!-- com.OSMOSE.testcases.Product -->
