<?xml version="1.0" encoding="UTF-8"?>
<!-- Generated by org.testng.reporters.JUnitReportReporter -->
<testsuite skipped="0" hostname="5CG6323N27" name="com.OSMOSE.testcases.LoginTest" tests="1" failures="0" timestamp="2020-10-20T20:14:27 IST" time="21.063" errors="0">
  <testcase name="loginTest" time="21.063" classname="com.OSMOSE.testcases.LoginTest"/>
  <system-out>
Click to see Screenshot <a target="_blank" href=Tue_Oct_20_20_10_20_IST_2020.jpg>Screenshot</a> <br> <br> <a target="_blank" href=Tue_Oct_20_20_10_20_IST_2020.jpg><img src=Tue_Oct_20_20_10_20_IST_2020.jpg height=200 width=200></img></a>  </system-out>
</testsuite> <!-- com.OSMOSE.testcases.LoginTest -->
