<?xml version="1.0" encoding="UTF-8"?>
<!-- Generated by org.testng.reporters.JUnitReportReporter -->
<testsuite skipped="4" hostname="5CG6323N27" name="com.OSMOSE.testcases.OsmoseServices" tests="29" failures="0" timestamp="2020-12-11T23:18:33 IST" time="375.706" errors="0">
  <testcase name="verifyMyOsmoseServicesCardClick" time="8.817" classname="com.OSMOSE.testcases.OsmoseServices"/>
  <system-out>
Click to see Screenshot <a target="_blank" href=Fri_Dec_11_23_12_08_IST_2020.jpg>Screenshot</a> <br> <br> <a target="_blank" href=Fri_Dec_11_23_12_08_IST_2020.jpg><img src=Fri_Dec_11_23_12_08_IST_2020.jpg height=200 width=200></img></a>  </system-out>
  <testcase name="verifyWoodInspectionandTreatmentLearnMoreClick" time="16.323" classname="com.OSMOSE.testcases.OsmoseServices"/>
  <system-out>
Click to see Screenshot <a target="_blank" href=Fri_Dec_11_23_12_25_IST_2020.jpg>Screenshot</a> <br> <br> <a target="_blank" href=Fri_Dec_11_23_12_25_IST_2020.jpg><img src=Fri_Dec_11_23_12_25_IST_2020.jpg height=200 width=200></img></a>  </system-out>
  <testcase name="verifyWoodRestorationLearnMoreClick" time="5.952" classname="com.OSMOSE.testcases.OsmoseServices"/>
  <system-out>
Click to see Screenshot <a target="_blank" href=Fri_Dec_11_23_12_31_IST_2020.jpg>Screenshot</a> <br> <br> <a target="_blank" href=Fri_Dec_11_23_12_31_IST_2020.jpg><img src=Fri_Dec_11_23_12_31_IST_2020.jpg height=200 width=200></img></a>  </system-out>
  <testcase name="verifyOcalcProLearnMoreClick" time="5.232" classname="com.OSMOSE.testcases.OsmoseServices"/>
  <system-out>
Click to see Screenshot <a target="_blank" href=Fri_Dec_11_23_12_37_IST_2020.jpg>Screenshot</a> <br> <br> <a target="_blank" href=Fri_Dec_11_23_12_37_IST_2020.jpg><img src=Fri_Dec_11_23_12_37_IST_2020.jpg height=200 width=200></img></a>  </system-out>
  <testcase name="verifySteelandConcreteAssessmentLearnMoreClick" time="5.232" classname="com.OSMOSE.testcases.OsmoseServices"/>
  <system-out>
Click to see Screenshot <a target="_blank" href=Fri_Dec_11_23_12_43_IST_2020.jpg>Screenshot</a> <br> <br> <a target="_blank" href=Fri_Dec_11_23_12_43_IST_2020.jpg><img src=Fri_Dec_11_23_12_43_IST_2020.jpg height=200 width=200></img></a>  </system-out>
  <testcase name="verifySteelandConcreteRestorationLearnMoreClick" time="5.259" classname="com.OSMOSE.testcases.OsmoseServices"/>
  <system-out>
Click to see Screenshot <a target="_blank" href=Fri_Dec_11_23_12_49_IST_2020.jpg>Screenshot</a> <br> <br> <a target="_blank" href=Fri_Dec_11_23_12_49_IST_2020.jpg><img src=Fri_Dec_11_23_12_49_IST_2020.jpg height=200 width=200></img></a>  </system-out>
  <testcase name="verifyOverheadLearnMoreClick" time="5.294" classname="com.OSMOSE.testcases.OsmoseServices"/>
  <system-out>
Click to see Screenshot <a target="_blank" href=Fri_Dec_11_23_12_55_IST_2020.jpg>Screenshot</a> <br> <br> <a target="_blank" href=Fri_Dec_11_23_12_55_IST_2020.jpg><img src=Fri_Dec_11_23_12_55_IST_2020.jpg height=200 width=200></img></a>  </system-out>
  <testcase name="verifyUndergroundLearnMoreClick" time="5.206" classname="com.OSMOSE.testcases.OsmoseServices"/>
  <system-out>
Click to see Screenshot <a target="_blank" href=Fri_Dec_11_23_13_01_IST_2020.jpg>Screenshot</a> <br> <br> <a target="_blank" href=Fri_Dec_11_23_13_01_IST_2020.jpg><img src=Fri_Dec_11_23_13_01_IST_2020.jpg height=200 width=200></img></a>  </system-out>
  <testcase name="verifyJointUseLearnMoreClick" time="5.209" classname="com.OSMOSE.testcases.OsmoseServices"/>
  <system-out>
Click to see Screenshot <a target="_blank" href=Fri_Dec_11_23_13_06_IST_2020.jpg>Screenshot</a> <br> <br> <a target="_blank" href=Fri_Dec_11_23_13_06_IST_2020.jpg><img src=Fri_Dec_11_23_13_06_IST_2020.jpg height=200 width=200></img></a>  </system-out>
  <testcase name="verifyStrayVoltageLearnMoreClick" time="5.240" classname="com.OSMOSE.testcases.OsmoseServices"/>
  <system-out>
Click to see Screenshot <a target="_blank" href=Fri_Dec_11_23_13_12_IST_2020.jpg>Screenshot</a> <br> <br> <a target="_blank" href=Fri_Dec_11_23_13_12_IST_2020.jpg><img src=Fri_Dec_11_23_13_12_IST_2020.jpg height=200 width=200></img></a>  </system-out>
  <testcase name="verifyEngineeringServicesLearnMoreClick" time="5.208" classname="com.OSMOSE.testcases.OsmoseServices"/>
  <system-out>
Click to see Screenshot <a target="_blank" href=Fri_Dec_11_23_13_18_IST_2020.jpg>Screenshot</a> <br> <br> <a target="_blank" href=Fri_Dec_11_23_13_18_IST_2020.jpg><img src=Fri_Dec_11_23_13_18_IST_2020.jpg height=200 width=200></img></a>  </system-out>
  <testcase name="verifyStormServiceLearnMoreClick" time="5.214" classname="com.OSMOSE.testcases.OsmoseServices"/>
  <system-out>
Click to see Screenshot <a target="_blank" href=Fri_Dec_11_23_13_23_IST_2020.jpg>Screenshot</a> <br> <br> <a target="_blank" href=Fri_Dec_11_23_13_23_IST_2020.jpg><img src=Fri_Dec_11_23_13_23_IST_2020.jpg height=200 width=200></img></a>  </system-out>
  <testcase name="VerifyProductclick" time="42.358" classname="com.OSMOSE.testcases.OsmoseServices"/>
  <system-out>
Click to see Screenshot <a target="_blank" href=Fri_Dec_11_23_14_06_IST_2020.jpg>Screenshot</a> <br> <br> <a target="_blank" href=Fri_Dec_11_23_14_06_IST_2020.jpg><img src=Fri_Dec_11_23_14_06_IST_2020.jpg height=200 width=200></img></a>  </system-out>
  <testcase name="VerifyWoodInspectionAndTreatmentclick" time="27.547" classname="com.OSMOSE.testcases.OsmoseServices"/>
  <system-out>
Click to see Screenshot <a target="_blank" href=Fri_Dec_11_23_14_34_IST_2020.jpg>Screenshot</a> <br> <br> <a target="_blank" href=Fri_Dec_11_23_14_34_IST_2020.jpg><img src=Fri_Dec_11_23_14_34_IST_2020.jpg height=200 width=200></img></a>  </system-out>
  <testcase name="verifyClickonWoodTreatmentVideos" time="29.434" classname="com.OSMOSE.testcases.OsmoseServices"/>
  <system-out>
Click to see Screenshot <a target="_blank" href=Fri_Dec_11_23_15_04_IST_2020.jpg>Screenshot</a> <br> <br> <a target="_blank" href=Fri_Dec_11_23_15_04_IST_2020.jpg><img src=Fri_Dec_11_23_15_04_IST_2020.jpg height=200 width=200></img></a>  </system-out>
  <testcase name="verifyClickonWoodTreatmentProjectProfiles" time="20.512" classname="com.OSMOSE.testcases.OsmoseServices"/>
  <system-out>
Click to see Screenshot <a target="_blank" href=Fri_Dec_11_23_15_25_IST_2020.jpg>Screenshot</a> <br> <br> <a target="_blank" href=Fri_Dec_11_23_15_25_IST_2020.jpg><img src=Fri_Dec_11_23_15_25_IST_2020.jpg height=200 width=200></img></a>  </system-out>
  <testcase name="verifyClickonWoodTreatmentMAP" time="21.132" classname="com.OSMOSE.testcases.OsmoseServices"/>
  <system-out>
Click to see Screenshot <a target="_blank" href=Fri_Dec_11_23_15_47_IST_2020.jpg>Screenshot</a> <br> <br> <a target="_blank" href=Fri_Dec_11_23_15_47_IST_2020.jpg><img src=Fri_Dec_11_23_15_47_IST_2020.jpg height=200 width=200></img></a>  </system-out>
  <testcase name="VerifyWoodRestorationclick" time="17.675" classname="com.OSMOSE.testcases.OsmoseServices"/>
  <system-out>
Click to see Screenshot <a target="_blank" href=Fri_Dec_11_23_16_06_IST_2020.jpg>Screenshot</a> <br> <br> <a target="_blank" href=Fri_Dec_11_23_16_06_IST_2020.jpg><img src=Fri_Dec_11_23_16_06_IST_2020.jpg height=200 width=200></img></a>  </system-out>
  <testcase name="verifyClickonWoodRestorationVideos" time="27.595" classname="com.OSMOSE.testcases.OsmoseServices"/>
  <system-out>
Click to see Screenshot <a target="_blank" href=Fri_Dec_11_23_16_34_IST_2020.jpg>Screenshot</a> <br> <br> <a target="_blank" href=Fri_Dec_11_23_16_34_IST_2020.jpg><img src=Fri_Dec_11_23_16_34_IST_2020.jpg height=200 width=200></img></a>  </system-out>
  <testcase name="verifyClickonWoodRestorationProjectProfiles" time="20.627" classname="com.OSMOSE.testcases.OsmoseServices"/>
  <system-out>
Click to see Screenshot <a target="_blank" href=Fri_Dec_11_23_16_55_IST_2020.jpg>Screenshot</a> <br> <br> <a target="_blank" href=Fri_Dec_11_23_16_55_IST_2020.jpg><img src=Fri_Dec_11_23_16_55_IST_2020.jpg height=200 width=200></img></a>  </system-out>
  <testcase name="verifyClickonWoodRestorationMAP" time="20.744" classname="com.OSMOSE.testcases.OsmoseServices"/>
  <system-out>
Click to see Screenshot <a target="_blank" href=Fri_Dec_11_23_17_16_IST_2020.jpg>Screenshot</a> <br> <br> <a target="_blank" href=Fri_Dec_11_23_17_16_IST_2020.jpg><img src=Fri_Dec_11_23_17_16_IST_2020.jpg height=200 width=200></img></a>  </system-out>
  <testcase name="verifyClickonUndergroundVideos" time="20.754" classname="com.OSMOSE.testcases.OsmoseServices"/>
  <system-out>
Click to see Screenshot <a target="_blank" href=Fri_Dec_11_23_17_37_IST_2020.jpg>Screenshot</a> <br> <br> <a target="_blank" href=Fri_Dec_11_23_17_37_IST_2020.jpg><img src=Fri_Dec_11_23_17_37_IST_2020.jpg height=200 width=200></img></a>  </system-out>
  <testcase name="verifyClickonUndergroundProjectProfiles" time="20.511" classname="com.OSMOSE.testcases.OsmoseServices"/>
  <system-out>
Click to see Screenshot <a target="_blank" href=Fri_Dec_11_23_17_58_IST_2020.jpg>Screenshot</a> <br> <br> <a target="_blank" href=Fri_Dec_11_23_17_58_IST_2020.jpg><img src=Fri_Dec_11_23_17_58_IST_2020.jpg height=200 width=200></img></a>  </system-out>
  <testcase name="verifyPopUpUnderground" time="15.871" classname="com.OSMOSE.testcases.OsmoseServices"/>
  <system-out>
Click to see Screenshot <a target="_blank" href=Fri_Dec_11_23_18_15_IST_2020.jpg>Screenshot</a> <br> <br> <a target="_blank" href=Fri_Dec_11_23_18_15_IST_2020.jpg><img src=Fri_Dec_11_23_18_15_IST_2020.jpg height=200 width=200></img></a>  </system-out>
  <testcase name="verifyTakeMeToOsmoseClick" time="12.760" classname="com.OSMOSE.testcases.OsmoseServices"/>
  <system-out>
Click to see Screenshot <a target="_blank" href=Fri_Dec_11_23_18_28_IST_2020.jpg>Screenshot</a> <br> <br> <a target="_blank" href=Fri_Dec_11_23_18_28_IST_2020.jpg><img src=Fri_Dec_11_23_18_28_IST_2020.jpg height=200 width=200></img></a>  </system-out>
  <testcase name="verifyProductsLearnMoreClick" classname="com.OSMOSE.testcases.OsmoseServices">
    <skipped/>
  </testcase> <!-- verifyProductsLearnMoreClick -->
  <system-out/>
  <testcase name="verifyCancelClickOnPopUpUnderground" classname="com.OSMOSE.testcases.OsmoseServices">
    <skipped/>
  </testcase> <!-- verifyCancelClickOnPopUpUnderground -->
  <system-out/>
  <testcase name="VerifyViewMapclick" classname="com.OSMOSE.testcases.OsmoseServices">
    <skipped/>
  </testcase> <!-- VerifyViewMapclick -->
  <system-out/>
  <testcase name="verifyOkClickOnPopUpUnderground" classname="com.OSMOSE.testcases.OsmoseServices">
    <skipped/>
  </testcase> <!-- verifyOkClickOnPopUpUnderground -->
  <system-out/>
</testsuite> <!-- com.OSMOSE.testcases.OsmoseServices -->
