<?xml version="1.0" encoding="UTF-8"?>
<!-- Generated by org.testng.reporters.JUnitReportReporter -->
<testsuite skipped="0" hostname="5CG6323N27" name="com.OSMOSE.testcases.oCalcPro_Nor" tests="29" failures="0" timestamp="2020-11-25T16:32:18 IST" time="246.777" errors="1">
  <testcase name="ocalcloginTestNormal" time="17.921" classname="com.OSMOSE.testcases.oCalcPro_Nor"/>
  <system-out>
Click to see Screenshot <a target="_blank" href=Wed_Nov_25_16_28_12_IST_2020.jpg>Screenshot</a> <br> <br> <a target="_blank" href=Wed_Nov_25_16_28_12_IST_2020.jpg><img src=Wed_Nov_25_16_28_12_IST_2020.jpg height=200 width=200></img></a>  </system-out>
  <testcase name="verifyoCalcProNavigationClick" time="18.254" classname="com.OSMOSE.testcases.oCalcPro_Nor"/>
  <system-out>
Click to see Screenshot <a target="_blank" href=Wed_Nov_25_16_28_31_IST_2020.jpg>Screenshot</a> <br> <br> <a target="_blank" href=Wed_Nov_25_16_28_31_IST_2020.jpg><img src=Wed_Nov_25_16_28_31_IST_2020.jpg height=200 width=200></img></a>  </system-out>
  <testcase name="verifyPresenceOfGetStartedWithOcalcPro" time="0.056" classname="com.OSMOSE.testcases.oCalcPro_Nor"/>
  <system-out>
Click to see Screenshot <a target="_blank" href=Wed_Nov_25_16_28_32_IST_2020.jpg>Screenshot</a> <br> <br> <a target="_blank" href=Wed_Nov_25_16_28_32_IST_2020.jpg><img src=Wed_Nov_25_16_28_32_IST_2020.jpg height=200 width=200></img></a>  </system-out>
  <testcase name="verifyPresenceOfProductsCard" time="0.034" classname="com.OSMOSE.testcases.oCalcPro_Nor"/>
  <system-out>
Click to see Screenshot <a target="_blank" href=Wed_Nov_25_16_28_32_IST_2020.jpg>Screenshot</a> <br> <br> <a target="_blank" href=Wed_Nov_25_16_28_32_IST_2020.jpg><img src=Wed_Nov_25_16_28_32_IST_2020.jpg height=200 width=200></img></a>  </system-out>
  <testcase name="verifyPresenceOfKnowledgeBaseCard" time="0.032" classname="com.OSMOSE.testcases.oCalcPro_Nor"/>
  <system-out>
Click to see Screenshot <a target="_blank" href=Wed_Nov_25_16_28_33_IST_2020.jpg>Screenshot</a> <br> <br> <a target="_blank" href=Wed_Nov_25_16_28_33_IST_2020.jpg><img src=Wed_Nov_25_16_28_33_IST_2020.jpg height=200 width=200></img></a>  </system-out>
  <testcase name="verifyPresenceOfAnnouncementsCard" time="0.060" classname="com.OSMOSE.testcases.oCalcPro_Nor"/>
  <system-out>
Click to see Screenshot <a target="_blank" href=Wed_Nov_25_16_28_33_IST_2020.jpg>Screenshot</a> <br> <br> <a target="_blank" href=Wed_Nov_25_16_28_33_IST_2020.jpg><img src=Wed_Nov_25_16_28_33_IST_2020.jpg height=200 width=200></img></a>  </system-out>
  <testcase name="verifyPresenceOfTrainingOptionsCard" time="0.036" classname="com.OSMOSE.testcases.oCalcPro_Nor"/>
  <system-out>
Click to see Screenshot <a target="_blank" href=Wed_Nov_25_16_28_34_IST_2020.jpg>Screenshot</a> <br> <br> <a target="_blank" href=Wed_Nov_25_16_28_34_IST_2020.jpg><img src=Wed_Nov_25_16_28_34_IST_2020.jpg height=200 width=200></img></a>  </system-out>
  <testcase name="verifyContentsOfGetStartedWithOcalcPro" time="0.247" classname="com.OSMOSE.testcases.oCalcPro_Nor"/>
  <system-out>
Click to see Screenshot <a target="_blank" href=Wed_Nov_25_16_28_34_IST_2020.jpg>Screenshot</a> <br> <br> <a target="_blank" href=Wed_Nov_25_16_28_34_IST_2020.jpg><img src=Wed_Nov_25_16_28_34_IST_2020.jpg height=200 width=200></img></a>  </system-out>
  <testcase name="verifyContentsOfProductsCard" time="0.160" classname="com.OSMOSE.testcases.oCalcPro_Nor"/>
  <system-out>
Click to see Screenshot <a target="_blank" href=Wed_Nov_25_16_28_35_IST_2020.jpg>Screenshot</a> <br> <br> <a target="_blank" href=Wed_Nov_25_16_28_35_IST_2020.jpg><img src=Wed_Nov_25_16_28_35_IST_2020.jpg height=200 width=200></img></a>  </system-out>
  <testcase name="verifyContentsOfKBCard" time="0.142" classname="com.OSMOSE.testcases.oCalcPro_Nor"/>
  <system-out>
Click to see Screenshot <a target="_blank" href=Wed_Nov_25_16_28_35_IST_2020.jpg>Screenshot</a> <br> <br> <a target="_blank" href=Wed_Nov_25_16_28_35_IST_2020.jpg><img src=Wed_Nov_25_16_28_35_IST_2020.jpg height=200 width=200></img></a>  </system-out>
  <testcase name="verifyContentsOfAnnouncements" time="0.597" classname="com.OSMOSE.testcases.oCalcPro_Nor"/>
  <system-out>
Click to see Screenshot <a target="_blank" href=Wed_Nov_25_16_28_36_IST_2020.jpg>Screenshot</a> <br> <br> <a target="_blank" href=Wed_Nov_25_16_28_36_IST_2020.jpg><img src=Wed_Nov_25_16_28_36_IST_2020.jpg height=200 width=200></img></a>  </system-out>
  <testcase name="verifyContentsOfTrainingOptions" time="0.125" classname="com.OSMOSE.testcases.oCalcPro_Nor"/>
  <system-out>
Click to see Screenshot <a target="_blank" href=Wed_Nov_25_16_28_37_IST_2020.jpg>Screenshot</a> <br> <br> <a target="_blank" href=Wed_Nov_25_16_28_37_IST_2020.jpg><img src=Wed_Nov_25_16_28_37_IST_2020.jpg height=200 width=200></img></a>  </system-out>
  <testcase name="verifyLearnMoreClickonGetStartedWithOcalcProcard" time="13.705" classname="com.OSMOSE.testcases.oCalcPro_Nor"/>
  <system-out>
Click to see Screenshot <a target="_blank" href=Wed_Nov_25_16_28_51_IST_2020.jpg>Screenshot</a> <br> <br> <a target="_blank" href=Wed_Nov_25_16_28_51_IST_2020.jpg><img src=Wed_Nov_25_16_28_51_IST_2020.jpg height=200 width=200></img></a>  </system-out>
  <testcase name="verify30daysbtnClickonGetStartedWithOcalcProcard" time="3.766" classname="com.OSMOSE.testcases.oCalcPro_Nor"/>
  <system-out>
Click to see Screenshot <a target="_blank" href=Wed_Nov_25_16_28_55_IST_2020.jpg>Screenshot</a> <br> <br> <a target="_blank" href=Wed_Nov_25_16_28_55_IST_2020.jpg><img src=Wed_Nov_25_16_28_55_IST_2020.jpg height=200 width=200></img></a>  </system-out>
  <testcase name="verifyRequstDemoClickonGetStartedWithOcalcProcard" time="4.052" classname="com.OSMOSE.testcases.oCalcPro_Nor"/>
  <system-out>
Click to see Screenshot <a target="_blank" href=Wed_Nov_25_16_29_00_IST_2020.jpg>Screenshot</a> <br> <br> <a target="_blank" href=Wed_Nov_25_16_29_00_IST_2020.jpg><img src=Wed_Nov_25_16_29_00_IST_2020.jpg height=200 width=200></img></a>  </system-out>
  <testcase name="verifyocalcSupportClickonGetStartedWithOcalcProcard" time="3.392" classname="com.OSMOSE.testcases.oCalcPro_Nor"/>
  <system-out>
Click to see Screenshot <a target="_blank" href=Wed_Nov_25_16_29_04_IST_2020.jpg>Screenshot</a> <br> <br> <a target="_blank" href=Wed_Nov_25_16_29_04_IST_2020.jpg><img src=Wed_Nov_25_16_29_04_IST_2020.jpg height=200 width=200></img></a>  </system-out>
  <testcase name="verifyProductsClick" time="5.629" classname="com.OSMOSE.testcases.oCalcPro_Nor"/>
  <system-out>
Click to see Screenshot <a target="_blank" href=Wed_Nov_25_16_29_10_IST_2020.jpg>Screenshot</a> <br> <br> <a target="_blank" href=Wed_Nov_25_16_29_10_IST_2020.jpg><img src=Wed_Nov_25_16_29_10_IST_2020.jpg height=200 width=200></img></a>  </system-out>
  <testcase name="verifyRequestLicenseQuoteClick" time="8.991" classname="com.OSMOSE.testcases.oCalcPro_Nor"/>
  <system-out>
Click to see Screenshot <a target="_blank" href=Wed_Nov_25_16_29_19_IST_2020.jpg>Screenshot</a> <br> <br> <a target="_blank" href=Wed_Nov_25_16_29_19_IST_2020.jpg><img src=Wed_Nov_25_16_29_19_IST_2020.jpg height=200 width=200></img></a>  </system-out>
  <testcase name="verifyRequestCVTQuoteClick" time="8.268" classname="com.OSMOSE.testcases.oCalcPro_Nor"/>
  <system-out>
Click to see Screenshot <a target="_blank" href=Wed_Nov_25_16_29_28_IST_2020.jpg>Screenshot</a> <br> <br> <a target="_blank" href=Wed_Nov_25_16_29_28_IST_2020.jpg><img src=Wed_Nov_25_16_29_28_IST_2020.jpg height=200 width=200></img></a>  </system-out>
  <testcase name="verifyRequestTrainingQuoteClick" time="8.210" classname="com.OSMOSE.testcases.oCalcPro_Nor"/>
  <system-out>
Click to see Screenshot <a target="_blank" href=Wed_Nov_25_16_29_36_IST_2020.jpg>Screenshot</a> <br> <br> <a target="_blank" href=Wed_Nov_25_16_29_36_IST_2020.jpg><img src=Wed_Nov_25_16_29_36_IST_2020.jpg height=200 width=200></img></a>  </system-out>
  <testcase name="verifyCurrentPublicClassesClick" time="10.305" classname="com.OSMOSE.testcases.oCalcPro_Nor"/>
  <system-out>
Click to see Screenshot <a target="_blank" href=Wed_Nov_25_16_29_47_IST_2020.jpg>Screenshot</a> <br> <br> <a target="_blank" href=Wed_Nov_25_16_29_47_IST_2020.jpg><img src=Wed_Nov_25_16_29_47_IST_2020.jpg height=200 width=200></img></a>  </system-out>
  <testcase name="verifyRequestQuoteForPrivateTrainingClassesClick" time="11.662" classname="com.OSMOSE.testcases.oCalcPro_Nor"/>
  <system-out>
Click to see Screenshot <a target="_blank" href=Wed_Nov_25_16_29_59_IST_2020.jpg>Screenshot</a> <br> <br> <a target="_blank" href=Wed_Nov_25_16_29_59_IST_2020.jpg><img src=Wed_Nov_25_16_29_59_IST_2020.jpg height=200 width=200></img></a>  </system-out>
  <testcase name="verifyClickOnAnAnnouncement" time="3.817" classname="com.OSMOSE.testcases.oCalcPro_Nor"/>
  <system-out>
Click to see Screenshot <a target="_blank" href=Wed_Nov_25_16_30_03_IST_2020.jpg>Screenshot</a> <br> <br> <a target="_blank" href=Wed_Nov_25_16_30_03_IST_2020.jpg><img src=Wed_Nov_25_16_30_03_IST_2020.jpg height=200 width=200></img></a>  </system-out>
  <testcase name="verifyKBClick" time="25.516" classname="com.OSMOSE.testcases.oCalcPro_Nor"/>
  <system-out>
Click to see Screenshot <a target="_blank" href=Wed_Nov_25_16_30_29_IST_2020.jpg>Screenshot</a> <br> <br> <a target="_blank" href=Wed_Nov_25_16_30_29_IST_2020.jpg><img src=Wed_Nov_25_16_30_29_IST_2020.jpg height=200 width=200></img></a>  </system-out>
  <testcase name="verifyKBTrainingVideosClick" time="11.813" classname="com.OSMOSE.testcases.oCalcPro_Nor"/>
  <system-out>
Click to see Screenshot <a target="_blank" href=Wed_Nov_25_16_30_42_IST_2020.jpg>Screenshot</a> <br> <br> <a target="_blank" href=Wed_Nov_25_16_30_42_IST_2020.jpg><img src=Wed_Nov_25_16_30_42_IST_2020.jpg height=200 width=200></img></a>  </system-out>
  <testcase name="verifyKBWikiPageClick" time="23.506" classname="com.OSMOSE.testcases.oCalcPro_Nor"/>
  <system-out>
Click to see Screenshot <a target="_blank" href=Wed_Nov_25_16_31_06_IST_2020.jpg>Screenshot</a> <br> <br> <a target="_blank" href=Wed_Nov_25_16_31_06_IST_2020.jpg><img src=Wed_Nov_25_16_31_06_IST_2020.jpg height=200 width=200></img></a>  </system-out>
  <testcase name="verifySearchResultsAreGrouped" time="1.093" classname="com.OSMOSE.testcases.oCalcPro_Nor">
    <error type="org.openqa.selenium.ElementClickInterceptedException" message="element click intercepted: Element &lt;h5 data-v-0550c00d=&quot;&quot; class=&quot;m-0 crspointer&quot;&gt;...&lt;/h5&gt; is not clickable at point (1073, 213). Other element would receive the click: &lt;div data-v-0550c00d=&quot;&quot; class=&quot;Oloader&quot;&gt;...&lt;/div&gt;
  (Session info: chrome=86.0.4240.198)
Build info: version: &#039;3.14.0&#039;, revision: &#039;aacccce0&#039;, time: &#039;2018-08-02T20:19:58.91Z&#039;
System info: host: &#039;5CG6323N27&#039;, ip: &#039;192.168.0.12&#039;, os.name: &#039;Windows 10&#039;, os.arch: &#039;amd64&#039;, os.version: &#039;10.0&#039;, java.version: &#039;1.8.0_191&#039;
Driver info: org.openqa.selenium.chrome.ChromeDriver
Capabilities {acceptInsecureCerts: false, browserName: chrome, browserVersion: 86.0.4240.198, chrome: {chromedriverVersion: 85.0.4183.87 (cd6713ebf92fa..., userDataDir: C:\Windows\Temp\scoped_dir1...}, goog:chromeOptions: {debuggerAddress: localhost:62483}, javascriptEnabled: true, networkConnectionEnabled: false, pageLoadStrategy: none, platform: WINDOWS, platformName: WINDOWS, proxy: Proxy(), setWindowRect: true, strictFileInteractability: false, timeouts: {implicit: 0, pageLoad: 300000, script: 30000}, unhandledPromptBehavior: dismiss and notify, webauthn:virtualAuthenticators: true}
Session ID: 43085a901659200de5880c45fbb1752b">
      <![CDATA[org.openqa.selenium.ElementClickInterceptedException: element click intercepted: Element <h5 data-v-0550c00d="" class="m-0 crspointer">...</h5> is not clickable at point (1073, 213). Other element would receive the click: <div data-v-0550c00d="" class="Oloader">...</div>
  (Session info: chrome=86.0.4240.198)
Build info: version: '3.14.0', revision: 'aacccce0', time: '2018-08-02T20:19:58.91Z'
System info: host: '5CG6323N27', ip: '192.168.0.12', os.name: 'Windows 10', os.arch: 'amd64', os.version: '10.0', java.version: '1.8.0_191'
Driver info: org.openqa.selenium.chrome.ChromeDriver
Capabilities {acceptInsecureCerts: false, browserName: chrome, browserVersion: 86.0.4240.198, chrome: {chromedriverVersion: 85.0.4183.87 (cd6713ebf92fa..., userDataDir: C:\Windows\Temp\scoped_dir1...}, goog:chromeOptions: {debuggerAddress: localhost:62483}, javascriptEnabled: true, networkConnectionEnabled: false, pageLoadStrategy: none, platform: WINDOWS, platformName: WINDOWS, proxy: Proxy(), setWindowRect: true, strictFileInteractability: false, timeouts: {implicit: 0, pageLoad: 300000, script: 30000}, unhandledPromptBehavior: dismiss and notify, webauthn:virtualAuthenticators: true}
Session ID: 43085a901659200de5880c45fbb1752b
at sun.reflect.NativeConstructorAccessorImpl.newInstance0(Native Method)
at sun.reflect.NativeConstructorAccessorImpl.newInstance(Unknown Source)
at sun.reflect.DelegatingConstructorAccessorImpl.newInstance(Unknown Source)
at java.lang.reflect.Constructor.newInstance(Unknown Source)
at org.openqa.selenium.remote.http.W3CHttpResponseCodec.createException(W3CHttpResponseCodec.java:187)
at org.openqa.selenium.remote.http.W3CHttpResponseCodec.decode(W3CHttpResponseCodec.java:122)
at org.openqa.selenium.remote.http.W3CHttpResponseCodec.decode(W3CHttpResponseCodec.java:49)
at org.openqa.selenium.remote.HttpCommandExecutor.execute(HttpCommandExecutor.java:158)
at org.openqa.selenium.remote.service.DriverCommandExecutor.execute(DriverCommandExecutor.java:83)
at org.openqa.selenium.remote.RemoteWebDriver.execute(RemoteWebDriver.java:548)
at org.openqa.selenium.remote.RemoteWebElement.execute(RemoteWebElement.java:276)
at org.openqa.selenium.remote.RemoteWebElement.click(RemoteWebElement.java:83)
at com.OSMOSE.base.Page.click(Page.java:183)
at com.OSMOSE.pages.OU.oCalcProPage.clickKnowledgeBase(oCalcProPage.java:59)
at com.OSMOSE.testcases.oCalcPro_Nor.verifySearchResultsAreGrouped(oCalcPro_Nor.java:579)
at sun.reflect.NativeMethodAccessorImpl.invoke0(Native Method)
at sun.reflect.NativeMethodAccessorImpl.invoke(Unknown Source)
at sun.reflect.DelegatingMethodAccessorImpl.invoke(Unknown Source)
at java.lang.reflect.Method.invoke(Unknown Source)
at org.testng.internal.MethodInvocationHelper.invokeMethod(MethodInvocationHelper.java:134)
at org.testng.internal.TestInvoker.invokeMethod(TestInvoker.java:597)
at org.testng.internal.TestInvoker.invokeTestMethod(TestInvoker.java:173)
at org.testng.internal.MethodRunner.runInSequence(MethodRunner.java:46)
at org.testng.internal.TestInvoker$MethodInvocationAgent.invoke(TestInvoker.java:816)
at org.testng.internal.TestInvoker.invokeTestMethods(TestInvoker.java:146)
at org.testng.internal.TestMethodWorker.invokeTestMethods(TestMethodWorker.java:146)
at org.testng.internal.TestMethodWorker.run(TestMethodWorker.java:128)
at java.util.ArrayList.forEach(Unknown Source)
at org.testng.TestRunner.privateRun(TestRunner.java:766)
at org.testng.TestRunner.run(TestRunner.java:587)
at org.testng.SuiteRunner.runTest(SuiteRunner.java:384)
at org.testng.SuiteRunner.runSequentially(SuiteRunner.java:378)
at org.testng.SuiteRunner.privateRun(SuiteRunner.java:337)
at org.testng.SuiteRunner.run(SuiteRunner.java:286)
at org.testng.SuiteRunnerWorker.runSuite(SuiteRunnerWorker.java:53)
at org.testng.SuiteRunnerWorker.run(SuiteRunnerWorker.java:96)
at org.testng.TestNG.runSuitesSequentially(TestNG.java:1187)
at org.testng.TestNG.runSuitesLocally(TestNG.java:1109)
at org.testng.TestNG.runSuites(TestNG.java:1039)
at org.testng.TestNG.run(TestNG.java:1007)
at org.testng.remote.AbstractRemoteTestNG.run(AbstractRemoteTestNG.java:115)
at org.testng.remote.RemoteTestNG.initAndRun(RemoteTestNG.java:251)
at org.testng.remote.RemoteTestNG.main(RemoteTestNG.java:77)
]]>
    </error>
  </testcase> <!-- verifySearchResultsAreGrouped -->
  <system-out>
Click to see Screenshot <a target="_blank" href=Wed_Nov_25_16_31_07_IST_2020.jpg>Screenshot</a> <br> <br> <a target="_blank" href=Wed_Nov_25_16_31_07_IST_2020.jpg><img src=Wed_Nov_25_16_31_07_IST_2020.jpg height=200 width=200></img></a>  </system-out>
  <testcase name="verifyTrainingVideosAreGrouped" time="15.365" classname="com.OSMOSE.testcases.oCalcPro_Nor"/>
  <system-out>
Click to see Screenshot <a target="_blank" href=Wed_Nov_25_16_31_23_IST_2020.jpg>Screenshot</a> <br> <br> <a target="_blank" href=Wed_Nov_25_16_31_23_IST_2020.jpg><img src=Wed_Nov_25_16_31_23_IST_2020.jpg height=200 width=200></img></a>  </system-out>
  <testcase name="verifyPresenceOfLicenseManagementPerspective" time="50.023" classname="com.OSMOSE.testcases.oCalcPro_Nor"/>
  <system-out>
Click to see Screenshot <a target="_blank" href=Wed_Nov_25_16_32_13_IST_2020.jpg>Screenshot</a> <br> <br> <a target="_blank" href=Wed_Nov_25_16_32_13_IST_2020.jpg><img src=Wed_Nov_25_16_32_13_IST_2020.jpg height=200 width=200></img></a>  </system-out>
</testsuite> <!-- com.OSMOSE.testcases.oCalcPro_Nor -->
