<?xml version="1.0" encoding="UTF-8"?>
<!-- Generated by org.testng.reporters.JUnitReportReporter -->
<testsuite skipped="4" hostname="5CG6323N27" name="com.OSMOSE.testcases.OsmoseServices" tests="29" failures="0" timestamp="2020-10-11T09:13:03 IST" time="367.081" errors="0">
  <testcase name="verifyMyOsmoseServicesCardClick" time="7.311" classname="com.OSMOSE.testcases.OsmoseServices"/>
  <system-out>
Click to see Screenshot <a target="_blank" href=Sun_Oct_11_09_06_47_IST_2020.jpg>Screenshot</a> <br> <br> <a target="_blank" href=Sun_Oct_11_09_06_47_IST_2020.jpg><img src=Sun_Oct_11_09_06_47_IST_2020.jpg height=200 width=200></img></a>  </system-out>
  <testcase name="verifyWoodInspectionandTreatmentLearnMoreClick" time="10.262" classname="com.OSMOSE.testcases.OsmoseServices"/>
  <system-out>
Click to see Screenshot <a target="_blank" href=Sun_Oct_11_09_06_58_IST_2020.jpg>Screenshot</a> <br> <br> <a target="_blank" href=Sun_Oct_11_09_06_58_IST_2020.jpg><img src=Sun_Oct_11_09_06_58_IST_2020.jpg height=200 width=200></img></a>  </system-out>
  <testcase name="verifyWoodRestorationLearnMoreClick" time="5.230" classname="com.OSMOSE.testcases.OsmoseServices"/>
  <system-out>
Click to see Screenshot <a target="_blank" href=Sun_Oct_11_09_07_04_IST_2020.jpg>Screenshot</a> <br> <br> <a target="_blank" href=Sun_Oct_11_09_07_04_IST_2020.jpg><img src=Sun_Oct_11_09_07_04_IST_2020.jpg height=200 width=200></img></a>  </system-out>
  <testcase name="verifyOcalcProLearnMoreClick" time="5.255" classname="com.OSMOSE.testcases.OsmoseServices"/>
  <system-out>
Click to see Screenshot <a target="_blank" href=Sun_Oct_11_09_07_09_IST_2020.jpg>Screenshot</a> <br> <br> <a target="_blank" href=Sun_Oct_11_09_07_09_IST_2020.jpg><img src=Sun_Oct_11_09_07_09_IST_2020.jpg height=200 width=200></img></a>  </system-out>
  <testcase name="verifySteelandConcreteAssessmentLearnMoreClick" time="5.307" classname="com.OSMOSE.testcases.OsmoseServices"/>
  <system-out>
Click to see Screenshot <a target="_blank" href=Sun_Oct_11_09_07_15_IST_2020.jpg>Screenshot</a> <br> <br> <a target="_blank" href=Sun_Oct_11_09_07_15_IST_2020.jpg><img src=Sun_Oct_11_09_07_15_IST_2020.jpg height=200 width=200></img></a>  </system-out>
  <testcase name="verifySteelandConcreteRestorationLearnMoreClick" time="5.242" classname="com.OSMOSE.testcases.OsmoseServices"/>
  <system-out>
Click to see Screenshot <a target="_blank" href=Sun_Oct_11_09_07_21_IST_2020.jpg>Screenshot</a> <br> <br> <a target="_blank" href=Sun_Oct_11_09_07_21_IST_2020.jpg><img src=Sun_Oct_11_09_07_21_IST_2020.jpg height=200 width=200></img></a>  </system-out>
  <testcase name="verifyOverheadLearnMoreClick" time="5.221" classname="com.OSMOSE.testcases.OsmoseServices"/>
  <system-out>
Click to see Screenshot <a target="_blank" href=Sun_Oct_11_09_07_27_IST_2020.jpg>Screenshot</a> <br> <br> <a target="_blank" href=Sun_Oct_11_09_07_27_IST_2020.jpg><img src=Sun_Oct_11_09_07_27_IST_2020.jpg height=200 width=200></img></a>  </system-out>
  <testcase name="verifyUndergroundLearnMoreClick" time="5.231" classname="com.OSMOSE.testcases.OsmoseServices"/>
  <system-out>
Click to see Screenshot <a target="_blank" href=Sun_Oct_11_09_07_32_IST_2020.jpg>Screenshot</a> <br> <br> <a target="_blank" href=Sun_Oct_11_09_07_32_IST_2020.jpg><img src=Sun_Oct_11_09_07_32_IST_2020.jpg height=200 width=200></img></a>  </system-out>
  <testcase name="verifyJointUseLearnMoreClick" time="5.263" classname="com.OSMOSE.testcases.OsmoseServices"/>
  <system-out>
Click to see Screenshot <a target="_blank" href=Sun_Oct_11_09_07_38_IST_2020.jpg>Screenshot</a> <br> <br> <a target="_blank" href=Sun_Oct_11_09_07_38_IST_2020.jpg><img src=Sun_Oct_11_09_07_38_IST_2020.jpg height=200 width=200></img></a>  </system-out>
  <testcase name="verifyStrayVoltageLearnMoreClick" time="5.226" classname="com.OSMOSE.testcases.OsmoseServices"/>
  <system-out>
Click to see Screenshot <a target="_blank" href=Sun_Oct_11_09_07_44_IST_2020.jpg>Screenshot</a> <br> <br> <a target="_blank" href=Sun_Oct_11_09_07_44_IST_2020.jpg><img src=Sun_Oct_11_09_07_44_IST_2020.jpg height=200 width=200></img></a>  </system-out>
  <testcase name="verifyEngineeringServicesLearnMoreClick" time="5.249" classname="com.OSMOSE.testcases.OsmoseServices"/>
  <system-out>
Click to see Screenshot <a target="_blank" href=Sun_Oct_11_09_07_50_IST_2020.jpg>Screenshot</a> <br> <br> <a target="_blank" href=Sun_Oct_11_09_07_50_IST_2020.jpg><img src=Sun_Oct_11_09_07_50_IST_2020.jpg height=200 width=200></img></a>  </system-out>
  <testcase name="verifyStormServiceLearnMoreClick" time="5.234" classname="com.OSMOSE.testcases.OsmoseServices"/>
  <system-out>
Click to see Screenshot <a target="_blank" href=Sun_Oct_11_09_07_55_IST_2020.jpg>Screenshot</a> <br> <br> <a target="_blank" href=Sun_Oct_11_09_07_55_IST_2020.jpg><img src=Sun_Oct_11_09_07_55_IST_2020.jpg height=200 width=200></img></a>  </system-out>
  <testcase name="VerifyProductclick" time="42.458" classname="com.OSMOSE.testcases.OsmoseServices"/>
  <system-out>
Click to see Screenshot <a target="_blank" href=Sun_Oct_11_09_08_38_IST_2020.jpg>Screenshot</a> <br> <br> <a target="_blank" href=Sun_Oct_11_09_08_38_IST_2020.jpg><img src=Sun_Oct_11_09_08_38_IST_2020.jpg height=200 width=200></img></a>  </system-out>
  <testcase name="VerifyWoodInspectionAndTreatmentclick" time="27.539" classname="com.OSMOSE.testcases.OsmoseServices"/>
  <system-out>
Click to see Screenshot <a target="_blank" href=Sun_Oct_11_09_09_06_IST_2020.jpg>Screenshot</a> <br> <br> <a target="_blank" href=Sun_Oct_11_09_09_06_IST_2020.jpg><img src=Sun_Oct_11_09_09_06_IST_2020.jpg height=200 width=200></img></a>  </system-out>
  <testcase name="verifyClickonWoodTreatmentVideos" time="29.102" classname="com.OSMOSE.testcases.OsmoseServices"/>
  <system-out>
Click to see Screenshot <a target="_blank" href=Sun_Oct_11_09_09_36_IST_2020.jpg>Screenshot</a> <br> <br> <a target="_blank" href=Sun_Oct_11_09_09_36_IST_2020.jpg><img src=Sun_Oct_11_09_09_36_IST_2020.jpg height=200 width=200></img></a>  </system-out>
  <testcase name="verifyClickonWoodTreatmentProjectProfiles" time="20.569" classname="com.OSMOSE.testcases.OsmoseServices"/>
  <system-out>
Click to see Screenshot <a target="_blank" href=Sun_Oct_11_09_09_57_IST_2020.jpg>Screenshot</a> <br> <br> <a target="_blank" href=Sun_Oct_11_09_09_57_IST_2020.jpg><img src=Sun_Oct_11_09_09_57_IST_2020.jpg height=200 width=200></img></a>  </system-out>
  <testcase name="verifyClickonWoodTreatmentMAP" time="21.161" classname="com.OSMOSE.testcases.OsmoseServices"/>
  <system-out>
Click to see Screenshot <a target="_blank" href=Sun_Oct_11_09_10_19_IST_2020.jpg>Screenshot</a> <br> <br> <a target="_blank" href=Sun_Oct_11_09_10_19_IST_2020.jpg><img src=Sun_Oct_11_09_10_19_IST_2020.jpg height=200 width=200></img></a>  </system-out>
  <testcase name="VerifyWoodRestorationclick" time="17.976" classname="com.OSMOSE.testcases.OsmoseServices"/>
  <system-out>
Click to see Screenshot <a target="_blank" href=Sun_Oct_11_09_10_38_IST_2020.jpg>Screenshot</a> <br> <br> <a target="_blank" href=Sun_Oct_11_09_10_38_IST_2020.jpg><img src=Sun_Oct_11_09_10_38_IST_2020.jpg height=200 width=200></img></a>  </system-out>
  <testcase name="verifyClickonWoodRestorationVideos" time="27.563" classname="com.OSMOSE.testcases.OsmoseServices"/>
  <system-out>
Click to see Screenshot <a target="_blank" href=Sun_Oct_11_09_11_06_IST_2020.jpg>Screenshot</a> <br> <br> <a target="_blank" href=Sun_Oct_11_09_11_06_IST_2020.jpg><img src=Sun_Oct_11_09_11_06_IST_2020.jpg height=200 width=200></img></a>  </system-out>
  <testcase name="verifyClickonWoodRestorationProjectProfiles" time="20.599" classname="com.OSMOSE.testcases.OsmoseServices"/>
  <system-out>
Click to see Screenshot <a target="_blank" href=Sun_Oct_11_09_11_27_IST_2020.jpg>Screenshot</a> <br> <br> <a target="_blank" href=Sun_Oct_11_09_11_27_IST_2020.jpg><img src=Sun_Oct_11_09_11_27_IST_2020.jpg height=200 width=200></img></a>  </system-out>
  <testcase name="verifyClickonWoodRestorationMAP" time="20.721" classname="com.OSMOSE.testcases.OsmoseServices"/>
  <system-out>
Click to see Screenshot <a target="_blank" href=Sun_Oct_11_09_11_48_IST_2020.jpg>Screenshot</a> <br> <br> <a target="_blank" href=Sun_Oct_11_09_11_48_IST_2020.jpg><img src=Sun_Oct_11_09_11_48_IST_2020.jpg height=200 width=200></img></a>  </system-out>
  <testcase name="verifyClickonUndergroundVideos" time="20.526" classname="com.OSMOSE.testcases.OsmoseServices"/>
  <system-out>
Click to see Screenshot <a target="_blank" href=Sun_Oct_11_09_12_09_IST_2020.jpg>Screenshot</a> <br> <br> <a target="_blank" href=Sun_Oct_11_09_12_09_IST_2020.jpg><img src=Sun_Oct_11_09_12_09_IST_2020.jpg height=200 width=200></img></a>  </system-out>
  <testcase name="verifyClickonUndergroundProjectProfiles" time="20.616" classname="com.OSMOSE.testcases.OsmoseServices"/>
  <system-out>
Click to see Screenshot <a target="_blank" href=Sun_Oct_11_09_12_30_IST_2020.jpg>Screenshot</a> <br> <br> <a target="_blank" href=Sun_Oct_11_09_12_30_IST_2020.jpg><img src=Sun_Oct_11_09_12_30_IST_2020.jpg height=200 width=200></img></a>  </system-out>
  <testcase name="verifyPopUpUnderground" time="15.646" classname="com.OSMOSE.testcases.OsmoseServices"/>
  <system-out>
Click to see Screenshot <a target="_blank" href=Sun_Oct_11_09_12_46_IST_2020.jpg>Screenshot</a> <br> <br> <a target="_blank" href=Sun_Oct_11_09_12_46_IST_2020.jpg><img src=Sun_Oct_11_09_12_46_IST_2020.jpg height=200 width=200></img></a>  </system-out>
  <testcase name="verifyTakeMeToOsmoseClick" time="12.574" classname="com.OSMOSE.testcases.OsmoseServices"/>
  <system-out>
Click to see Screenshot <a target="_blank" href=Sun_Oct_11_09_12_59_IST_2020.jpg>Screenshot</a> <br> <br> <a target="_blank" href=Sun_Oct_11_09_12_59_IST_2020.jpg><img src=Sun_Oct_11_09_12_59_IST_2020.jpg height=200 width=200></img></a>  </system-out>
  <testcase name="verifyProductsLearnMoreClick" classname="com.OSMOSE.testcases.OsmoseServices">
    <skipped/>
  </testcase> <!-- verifyProductsLearnMoreClick -->
  <system-out/>
  <testcase name="verifyCancelClickOnPopUpUnderground" classname="com.OSMOSE.testcases.OsmoseServices">
    <skipped/>
  </testcase> <!-- verifyCancelClickOnPopUpUnderground -->
  <system-out/>
  <testcase name="VerifyViewMapclick" classname="com.OSMOSE.testcases.OsmoseServices">
    <skipped/>
  </testcase> <!-- VerifyViewMapclick -->
  <system-out/>
  <testcase name="verifyOkClickOnPopUpUnderground" classname="com.OSMOSE.testcases.OsmoseServices">
    <skipped/>
  </testcase> <!-- verifyOkClickOnPopUpUnderground -->
  <system-out/>
</testsuite> <!-- com.OSMOSE.testcases.OsmoseServices -->
