<?xml version="1.0" encoding="UTF-8"?>
<!-- Generated by org.testng.reporters.JUnitReportReporter -->
<testsuite skipped="5" hostname="5CG6323N27" name="com.OSMOSE.testcases.OULogin" tests="21" failures="0" timestamp="2020-08-04T20:03:47 IST" time="156.602" errors="0">
  <testcase name="loginTest" time="27.769" classname="com.OSMOSE.testcases.OULogin"/>
  <system-out>
Click to see Screenshot <a target="_blank" href=Tue_Aug_04_19_40_20_IST_2020.jpg>Screenshot</a> <br> <br> <a target="_blank" href=Tue_Aug_04_19_40_20_IST_2020.jpg><img src=Tue_Aug_04_19_40_20_IST_2020.jpg height=200 width=200></img></a>  </system-out>
  <testcase name="verifyOUCard" time="2.282" classname="com.OSMOSE.testcases.OULogin"/>
  <system-out>
Click to see Screenshot <a target="_blank" href=Tue_Aug_04_19_40_23_IST_2020.jpg>Screenshot</a> <br> <br> <a target="_blank" href=Tue_Aug_04_19_40_23_IST_2020.jpg><img src=Tue_Aug_04_19_40_23_IST_2020.jpg height=200 width=200></img></a>  </system-out>
  <testcase name="verifyProductCard" time="0.104" classname="com.OSMOSE.testcases.OULogin"/>
  <system-out>
Click to see Screenshot <a target="_blank" href=Tue_Aug_04_19_40_24_IST_2020.jpg>Screenshot</a> <br> <br> <a target="_blank" href=Tue_Aug_04_19_40_24_IST_2020.jpg><img src=Tue_Aug_04_19_40_24_IST_2020.jpg height=200 width=200></img></a>  </system-out>
  <testcase name="verifyContactUs" time="0.030" classname="com.OSMOSE.testcases.OULogin"/>
  <system-out>
Click to see Screenshot <a target="_blank" href=Tue_Aug_04_19_40_24_IST_2020.jpg>Screenshot</a> <br> <br> <a target="_blank" href=Tue_Aug_04_19_40_24_IST_2020.jpg><img src=Tue_Aug_04_19_40_24_IST_2020.jpg height=200 width=200></img></a>  </system-out>
  <testcase name="verifyHyperlinks" time="0.079" classname="com.OSMOSE.testcases.OULogin"/>
  <system-out>
Click to see Screenshot <a target="_blank" href=Tue_Aug_04_19_40_25_IST_2020.jpg>Screenshot</a> <br> <br> <a target="_blank" href=Tue_Aug_04_19_40_25_IST_2020.jpg><img src=Tue_Aug_04_19_40_25_IST_2020.jpg height=200 width=200></img></a>  </system-out>
  <testcase name="verifyVideoLinks" time="0.070" classname="com.OSMOSE.testcases.OULogin"/>
  <system-out>
Click to see Screenshot <a target="_blank" href=Tue_Aug_04_19_40_26_IST_2020.jpg>Screenshot</a> <br> <br> <a target="_blank" href=Tue_Aug_04_19_40_26_IST_2020.jpg><img src=Tue_Aug_04_19_40_26_IST_2020.jpg height=200 width=200></img></a>  </system-out>
  <testcase name="verifyLiveEventCLick" time="12.234" classname="com.OSMOSE.testcases.OULogin"/>
  <system-out>
Click to see Screenshot <a target="_blank" href=Tue_Aug_04_19_40_38_IST_2020.jpg>Screenshot</a> <br> <br> <a target="_blank" href=Tue_Aug_04_19_40_38_IST_2020.jpg><img src=Tue_Aug_04_19_40_38_IST_2020.jpg height=200 width=200></img></a>  </system-out>
  <testcase name="verifyWebinarsClick" time="12.208" classname="com.OSMOSE.testcases.OULogin"/>
  <system-out>
Click to see Screenshot <a target="_blank" href=Tue_Aug_04_19_40_51_IST_2020.jpg>Screenshot</a> <br> <br> <a target="_blank" href=Tue_Aug_04_19_40_51_IST_2020.jpg><img src=Tue_Aug_04_19_40_51_IST_2020.jpg height=200 width=200></img></a>  </system-out>
  <testcase name="verifyOCalcClick" time="12.207" classname="com.OSMOSE.testcases.OULogin"/>
  <system-out>
Click to see Screenshot <a target="_blank" href=Tue_Aug_04_19_41_04_IST_2020.jpg>Screenshot</a> <br> <br> <a target="_blank" href=Tue_Aug_04_19_41_04_IST_2020.jpg><img src=Tue_Aug_04_19_41_04_IST_2020.jpg height=200 width=200></img></a>  </system-out>
  <testcase name="clickOnOuLink" time="12.209" classname="com.OSMOSE.testcases.OULogin"/>
  <system-out>
Click to see Screenshot <a target="_blank" href=Tue_Aug_04_19_41_17_IST_2020.jpg>Screenshot</a> <br> <br> <a target="_blank" href=Tue_Aug_04_19_41_17_IST_2020.jpg><img src=Tue_Aug_04_19_41_17_IST_2020.jpg height=200 width=200></img></a>  </system-out>
  <testcase name="verifyLiveEventsSTS" time="12.986" classname="com.OSMOSE.testcases.OULogin"/>
  <system-out>
Click to see Screenshot <a target="_blank" href=Tue_Aug_04_19_41_30_IST_2020.jpg>Screenshot</a> <br> <br> <a target="_blank" href=Tue_Aug_04_19_41_30_IST_2020.jpg><img src=Tue_Aug_04_19_41_30_IST_2020.jpg height=200 width=200></img></a>  </system-out>
  <testcase name="verifyLiveEventsJUS" time="13.221" classname="com.OSMOSE.testcases.OULogin"/>
  <system-out>
Click to see Screenshot <a target="_blank" href=Tue_Aug_04_19_41_44_IST_2020.jpg>Screenshot</a> <br> <br> <a target="_blank" href=Tue_Aug_04_19_41_44_IST_2020.jpg><img src=Tue_Aug_04_19_41_44_IST_2020.jpg height=200 width=200></img></a>  </system-out>
  <testcase name="verifyLiveEventsWPTS" time="12.882" classname="com.OSMOSE.testcases.OULogin"/>
  <system-out>
Click to see Screenshot <a target="_blank" href=Tue_Aug_04_19_41_58_IST_2020.jpg>Screenshot</a> <br> <br> <a target="_blank" href=Tue_Aug_04_19_41_58_IST_2020.jpg><img src=Tue_Aug_04_19_41_58_IST_2020.jpg height=200 width=200></img></a>  </system-out>
  <testcase name="verifyDETAILSANDREGISTRATION" time="13.213" classname="com.OSMOSE.testcases.OULogin"/>
  <system-out>
Click to see Screenshot <a target="_blank" href=Tue_Aug_04_19_42_11_IST_2020.jpg>Screenshot</a> <br> <br> <a target="_blank" href=Tue_Aug_04_19_42_11_IST_2020.jpg><img src=Tue_Aug_04_19_42_11_IST_2020.jpg height=200 width=200></img></a>  </system-out>
  <testcase name="verifyClickingTheWebinars" time="12.201" classname="com.OSMOSE.testcases.OULogin"/>
  <system-out>
Click to see Screenshot <a target="_blank" href=Tue_Aug_04_19_42_24_IST_2020.jpg>Screenshot</a> <br> <br> <a target="_blank" href=Tue_Aug_04_19_42_24_IST_2020.jpg><img src=Tue_Aug_04_19_42_24_IST_2020.jpg height=200 width=200></img></a>  </system-out>
  <testcase name="verifyOClacTrainingButton" time="12.907" classname="com.OSMOSE.testcases.OULogin"/>
  <system-out>
Click to see Screenshot <a target="_blank" href=Tue_Aug_04_19_42_37_IST_2020.jpg>Screenshot</a> <br> <br> <a target="_blank" href=Tue_Aug_04_19_42_37_IST_2020.jpg><img src=Tue_Aug_04_19_42_37_IST_2020.jpg height=200 width=200></img></a>  </system-out>
  <testcase name="verifyContactAndStray" classname="com.OSMOSE.testcases.OULogin">
    <skipped/>
  </testcase> <!-- verifyContactAndStray -->
  <system-out/>
  <testcase name="verifySteelStructuresProtected" classname="com.OSMOSE.testcases.OULogin">
    <skipped/>
  </testcase> <!-- verifySteelStructuresProtected -->
  <system-out/>
  <testcase name="steelStructuresProtectedMOREINFOREGISTRATION" classname="com.OSMOSE.testcases.OULogin">
    <skipped/>
  </testcase> <!-- steelStructuresProtectedMOREINFOREGISTRATION -->
  <system-out/>
  <testcase name="verifyUpcomingWebinarsPage" classname="com.OSMOSE.testcases.OULogin">
    <skipped/>
  </testcase> <!-- verifyUpcomingWebinarsPage -->
  <system-out/>
  <testcase name="ContactAndStrayMOREINFOREGISTRATION" classname="com.OSMOSE.testcases.OULogin">
    <skipped/>
  </testcase> <!-- ContactAndStrayMOREINFOREGISTRATION -->
  <system-out/>
</testsuite> <!-- com.OSMOSE.testcases.OULogin -->
