<?xml version="1.0" encoding="UTF-8"?>
<!-- Generated by org.testng.reporters.JUnitReportReporter -->
<<<<<<< HEAD
<testsuite skipped="38" hostname="IND-5CG6191Y3W" name="com.OSMOSE.testcases.Product" tests="57" failures="1" timestamp="2020-07-08T18:37:45 IST" time="359.794" errors="2">
  <testcase name="verifyTheProductLink" time="3.304" classname="com.OSMOSE.testcases.Product"/>
=======
<testsuite skipped="2" hostname="5CG6323N27" name="com.OSMOSE.testcases.Product" tests="67" failures="0" timestamp="2020-08-04T20:03:47 IST" time="1176.383" errors="0">
  <testcase name="verifyTheProductLink" time="3.523" classname="com.OSMOSE.testcases.Product"/>
>>>>>>> refs/remotes/origin/master
  <system-out>
<<<<<<< HEAD
Click to see Screenshot <a target="_blank" href=Wed_Jul_08_18_31_37_IST_2020.jpg>Screenshot</a> <br> <br> <a target="_blank" href=Wed_Jul_08_18_31_37_IST_2020.jpg><img src=Wed_Jul_08_18_31_37_IST_2020.jpg height=200 width=200></img></a>  </system-out>
  <testcase name="searchElementPresent" time="50.049" classname="com.OSMOSE.testcases.Product"/>
=======
Click to see Screenshot <a target="_blank" href=Tue_Aug_04_19_42_41_IST_2020.jpg>Screenshot</a> <br> <br> <a target="_blank" href=Tue_Aug_04_19_42_41_IST_2020.jpg><img src=Tue_Aug_04_19_42_41_IST_2020.jpg height=200 width=200></img></a>  </system-out>
  <testcase name="searchElementPresent" time="50.077" classname="com.OSMOSE.testcases.Product"/>
>>>>>>> refs/remotes/origin/master
  <system-out>
<<<<<<< HEAD
Click to see Screenshot <a target="_blank" href=Wed_Jul_08_18_32_27_IST_2020.jpg>Screenshot</a> <br> <br> <a target="_blank" href=Wed_Jul_08_18_32_27_IST_2020.jpg><img src=Wed_Jul_08_18_32_27_IST_2020.jpg height=200 width=200></img></a>  </system-out>
  <testcase name="catalogElementPresent" time="0.036" classname="com.OSMOSE.testcases.Product"/>
=======
Click to see Screenshot <a target="_blank" href=Tue_Aug_04_19_43_32_IST_2020.jpg>Screenshot</a> <br> <br> <a target="_blank" href=Tue_Aug_04_19_43_32_IST_2020.jpg><img src=Tue_Aug_04_19_43_32_IST_2020.jpg height=200 width=200></img></a>  </system-out>
  <testcase name="catalogElementPresent" time="0.029" classname="com.OSMOSE.testcases.Product"/>
>>>>>>> refs/remotes/origin/master
  <system-out>
<<<<<<< HEAD
Click to see Screenshot <a target="_blank" href=Wed_Jul_08_18_32_28_IST_2020.jpg>Screenshot</a> <br> <br> <a target="_blank" href=Wed_Jul_08_18_32_28_IST_2020.jpg><img src=Wed_Jul_08_18_32_28_IST_2020.jpg height=200 width=200></img></a>  </system-out>
  <testcase name="openMyQuotesElementPresent" time="0.031" classname="com.OSMOSE.testcases.Product"/>
=======
Click to see Screenshot <a target="_blank" href=Tue_Aug_04_19_43_32_IST_2020.jpg>Screenshot</a> <br> <br> <a target="_blank" href=Tue_Aug_04_19_43_32_IST_2020.jpg><img src=Tue_Aug_04_19_43_32_IST_2020.jpg height=200 width=200></img></a>  </system-out>
  <testcase name="openMyQuotesElementPresent" time="0.030" classname="com.OSMOSE.testcases.Product"/>
>>>>>>> refs/remotes/origin/master
  <system-out>
<<<<<<< HEAD
Click to see Screenshot <a target="_blank" href=Wed_Jul_08_18_32_28_IST_2020.jpg>Screenshot</a> <br> <br> <a target="_blank" href=Wed_Jul_08_18_32_28_IST_2020.jpg><img src=Wed_Jul_08_18_32_28_IST_2020.jpg height=200 width=200></img></a>  </system-out>
  <testcase name="shoppingCartElementPresent" time="0.081" classname="com.OSMOSE.testcases.Product"/>
  <system-out>
Click to see Screenshot <a target="_blank" href=Wed_Jul_08_18_32_29_IST_2020.jpg>Screenshot</a> <br> <br> <a target="_blank" href=Wed_Jul_08_18_32_29_IST_2020.jpg><img src=Wed_Jul_08_18_32_29_IST_2020.jpg height=200 width=200></img></a>  </system-out>
  <testcase name="adminElementPresent" time="0.056" classname="com.OSMOSE.testcases.Product"/>
  <system-out>
Click to see Screenshot <a target="_blank" href=Wed_Jul_08_18_32_29_IST_2020.jpg>Screenshot</a> <br> <br> <a target="_blank" href=Wed_Jul_08_18_32_29_IST_2020.jpg><img src=Wed_Jul_08_18_32_29_IST_2020.jpg height=200 width=200></img></a>  </system-out>
  <testcase name="viewDetailsElementPresent" time="0.045" classname="com.OSMOSE.testcases.Product"/>
  <system-out>
Click to see Screenshot <a target="_blank" href=Wed_Jul_08_18_32_30_IST_2020.jpg>Screenshot</a> <br> <br> <a target="_blank" href=Wed_Jul_08_18_32_30_IST_2020.jpg><img src=Wed_Jul_08_18_32_30_IST_2020.jpg height=200 width=200></img></a>  </system-out>
  <testcase name="allSixProductPresent" time="0.055" classname="com.OSMOSE.testcases.Product"/>
  <system-out>
Click to see Screenshot <a target="_blank" href=Wed_Jul_08_18_32_30_IST_2020.jpg>Screenshot</a> <br> <br> <a target="_blank" href=Wed_Jul_08_18_32_30_IST_2020.jpg><img src=Wed_Jul_08_18_32_30_IST_2020.jpg height=200 width=200></img></a>  </system-out>
  <testcase name="verifyCategoryFilter" time="50.059" classname="com.OSMOSE.testcases.Product"/>
  <system-out>
Click to see Screenshot <a target="_blank" href=Wed_Jul_08_18_33_21_IST_2020.jpg>Screenshot</a> <br> <br> <a target="_blank" href=Wed_Jul_08_18_33_21_IST_2020.jpg><img src=Wed_Jul_08_18_33_21_IST_2020.jpg height=200 width=200></img></a>  </system-out>
  <testcase name="VerifyFPImageClick" time="51.527" classname="com.OSMOSE.testcases.Product"/>
  <system-out>
Click to see Screenshot <a target="_blank" href=Wed_Jul_08_18_34_13_IST_2020.jpg>Screenshot</a> <br> <br> <a target="_blank" href=Wed_Jul_08_18_34_13_IST_2020.jpg><img src=Wed_Jul_08_18_34_13_IST_2020.jpg height=200 width=200></img></a>  </system-out>
  <testcase name="verifyViewDetail" time="3.370" classname="com.OSMOSE.testcases.Product"/>
  <system-out>
Click to see Screenshot <a target="_blank" href=Wed_Jul_08_18_34_16_IST_2020.jpg>Screenshot</a> <br> <br> <a target="_blank" href=Wed_Jul_08_18_34_16_IST_2020.jpg><img src=Wed_Jul_08_18_34_16_IST_2020.jpg height=200 width=200></img></a>  </system-out>
  <testcase name="VerifyProductclick" time="2.094" classname="com.OSMOSE.testcases.Product"/>
  <system-out>
Click to see Screenshot <a target="_blank" href=Wed_Jul_08_18_34_19_IST_2020.jpg>Screenshot</a> <br> <br> <a target="_blank" href=Wed_Jul_08_18_34_19_IST_2020.jpg><img src=Wed_Jul_08_18_34_19_IST_2020.jpg height=200 width=200></img></a>  </system-out>
  <testcase name="FeaturedProductPoleRestoration" time="51.005" classname="com.OSMOSE.testcases.Product">
    <error type="org.openqa.selenium.NoSuchElementException" message="no such element: Unable to locate element: {&quot;method&quot;:&quot;xpath&quot;,&quot;selector&quot;:&quot;//*[@id=&quot;app&quot;]/div/div[2]/nav/a/div/img&quot;}
  (Session info: chrome=83.0.4103.116)
For documentation on this error, please visit: http://seleniumhq.org/exceptions/no_such_element.html
Build info: version: &#039;3.14.0&#039;, revision: &#039;aacccce0&#039;, time: &#039;2018-08-02T20:19:58.91Z&#039;
System info: host: &#039;IND-5CG6191Y3W&#039;, ip: &#039;192.168.56.1&#039;, os.name: &#039;Windows 10&#039;, os.arch: &#039;amd64&#039;, os.version: &#039;10.0&#039;, java.version: &#039;1.8.0_161&#039;
Driver info: org.openqa.selenium.chrome.ChromeDriver
Capabilities {acceptInsecureCerts: false, browserName: chrome, browserVersion: 83.0.4103.116, chrome: {chromedriverVersion: 83.0.4103.39 (ccbf011cb2d2b..., userDataDir: C:\Windows\Temp\scoped_dir5...}, goog:chromeOptions: {debuggerAddress: localhost:63720}, javascriptEnabled: true, networkConnectionEnabled: false, pageLoadStrategy: none, platform: WINDOWS, platformName: WINDOWS, proxy: Proxy(), setWindowRect: true, strictFileInteractability: false, timeouts: {implicit: 0, pageLoad: 300000, script: 30000}, unhandledPromptBehavior: dismiss and notify, webauthn:virtualAuthenticators: true}
Session ID: 876a55468370b8c1f780c234b35c90f0
*** Element info: {Using=xpath, value=//*[@id=&quot;app&quot;]/div/div[2]/nav/a/div/img}">
      <![CDATA[org.openqa.selenium.NoSuchElementException: no such element: Unable to locate element: {"method":"xpath","selector":"//*[@id="app"]/div/div[2]/nav/a/div/img"}
  (Session info: chrome=83.0.4103.116)
For documentation on this error, please visit: http://seleniumhq.org/exceptions/no_such_element.html
Build info: version: '3.14.0', revision: 'aacccce0', time: '2018-08-02T20:19:58.91Z'
System info: host: 'IND-5CG6191Y3W', ip: '192.168.56.1', os.name: 'Windows 10', os.arch: 'amd64', os.version: '10.0', java.version: '1.8.0_161'
Driver info: org.openqa.selenium.chrome.ChromeDriver
Capabilities {acceptInsecureCerts: false, browserName: chrome, browserVersion: 83.0.4103.116, chrome: {chromedriverVersion: 83.0.4103.39 (ccbf011cb2d2b..., userDataDir: C:\Windows\Temp\scoped_dir5...}, goog:chromeOptions: {debuggerAddress: localhost:63720}, javascriptEnabled: true, networkConnectionEnabled: false, pageLoadStrategy: none, platform: WINDOWS, platformName: WINDOWS, proxy: Proxy(), setWindowRect: true, strictFileInteractability: false, timeouts: {implicit: 0, pageLoad: 300000, script: 30000}, unhandledPromptBehavior: dismiss and notify, webauthn:virtualAuthenticators: true}
Session ID: 876a55468370b8c1f780c234b35c90f0
*** Element info: {Using=xpath, value=//*[@id="app"]/div/div[2]/nav/a/div/img}
at sun.reflect.NativeConstructorAccessorImpl.newInstance0(Native Method)
at sun.reflect.NativeConstructorAccessorImpl.newInstance(Unknown Source)
at sun.reflect.DelegatingConstructorAccessorImpl.newInstance(Unknown Source)
at java.lang.reflect.Constructor.newInstance(Unknown Source)
at org.openqa.selenium.remote.http.W3CHttpResponseCodec.createException(W3CHttpResponseCodec.java:187)
at org.openqa.selenium.remote.http.W3CHttpResponseCodec.decode(W3CHttpResponseCodec.java:122)
at org.openqa.selenium.remote.http.W3CHttpResponseCodec.decode(W3CHttpResponseCodec.java:49)
at org.openqa.selenium.remote.HttpCommandExecutor.execute(HttpCommandExecutor.java:158)
at org.openqa.selenium.remote.service.DriverCommandExecutor.execute(DriverCommandExecutor.java:83)
at org.openqa.selenium.remote.RemoteWebDriver.execute(RemoteWebDriver.java:548)
at org.openqa.selenium.remote.RemoteWebDriver.findElement(RemoteWebDriver.java:322)
at org.openqa.selenium.remote.RemoteWebDriver.findElementByXPath(RemoteWebDriver.java:424)
at org.openqa.selenium.By$ByXPath.findElement(By.java:353)
at org.openqa.selenium.remote.RemoteWebDriver.findElement(RemoteWebDriver.java:314)
at com.OSMOSE.base.Page.click(Page.java:180)
at com.OSMOSE.pages.OU.ProductPage.clickOnProductImage(ProductPage.java:45)
at com.OSMOSE.testcases.Product.FeaturedProductPoleRestoration(Product.java:163)
at sun.reflect.NativeMethodAccessorImpl.invoke0(Native Method)
at sun.reflect.NativeMethodAccessorImpl.invoke(Unknown Source)
at sun.reflect.DelegatingMethodAccessorImpl.invoke(Unknown Source)
at java.lang.reflect.Method.invoke(Unknown Source)
at org.testng.internal.MethodInvocationHelper.invokeMethod(MethodInvocationHelper.java:134)
at org.testng.internal.TestInvoker.invokeMethod(TestInvoker.java:597)
at org.testng.internal.TestInvoker.invokeTestMethod(TestInvoker.java:173)
at org.testng.internal.MethodRunner.runInSequence(MethodRunner.java:46)
at org.testng.internal.TestInvoker$MethodInvocationAgent.invoke(TestInvoker.java:816)
at org.testng.internal.TestInvoker.invokeTestMethods(TestInvoker.java:146)
at org.testng.internal.TestMethodWorker.invokeTestMethods(TestMethodWorker.java:146)
at org.testng.internal.TestMethodWorker.run(TestMethodWorker.java:128)
at java.util.ArrayList.forEach(Unknown Source)
at org.testng.TestRunner.privateRun(TestRunner.java:766)
at org.testng.TestRunner.run(TestRunner.java:587)
at org.testng.SuiteRunner.runTest(SuiteRunner.java:384)
at org.testng.SuiteRunner.runSequentially(SuiteRunner.java:378)
at org.testng.SuiteRunner.privateRun(SuiteRunner.java:337)
at org.testng.SuiteRunner.run(SuiteRunner.java:286)
at org.testng.SuiteRunnerWorker.runSuite(SuiteRunnerWorker.java:53)
at org.testng.SuiteRunnerWorker.run(SuiteRunnerWorker.java:96)
at org.testng.TestNG.runSuitesSequentially(TestNG.java:1187)
at org.testng.TestNG.runSuitesLocally(TestNG.java:1109)
at org.testng.TestNG.runSuites(TestNG.java:1039)
at org.testng.TestNG.run(TestNG.java:1007)
at org.testng.remote.AbstractRemoteTestNG.run(AbstractRemoteTestNG.java:115)
at org.testng.remote.RemoteTestNG.initAndRun(RemoteTestNG.java:251)
at org.testng.remote.RemoteTestNG.main(RemoteTestNG.java:77)
]]>
    </error>
  </testcase> <!-- FeaturedProductPoleRestoration -->
=======
Click to see Screenshot <a target="_blank" href=Tue_Aug_04_19_43_32_IST_2020.jpg>Screenshot</a> <br> <br> <a target="_blank" href=Tue_Aug_04_19_43_32_IST_2020.jpg><img src=Tue_Aug_04_19_43_32_IST_2020.jpg height=200 width=200></img></a>  </system-out>
  <testcase name="shoppingCartElementPresent" time="0.092" classname="com.OSMOSE.testcases.Product"/>
  <system-out>
Click to see Screenshot <a target="_blank" href=Tue_Aug_04_19_43_33_IST_2020.jpg>Screenshot</a> <br> <br> <a target="_blank" href=Tue_Aug_04_19_43_33_IST_2020.jpg><img src=Tue_Aug_04_19_43_33_IST_2020.jpg height=200 width=200></img></a>  </system-out>
  <testcase name="adminElementPresent" time="0.040" classname="com.OSMOSE.testcases.Product"/>
  <system-out>
Click to see Screenshot <a target="_blank" href=Tue_Aug_04_19_43_33_IST_2020.jpg>Screenshot</a> <br> <br> <a target="_blank" href=Tue_Aug_04_19_43_33_IST_2020.jpg><img src=Tue_Aug_04_19_43_33_IST_2020.jpg height=200 width=200></img></a>  </system-out>
  <testcase name="viewDetailsElementPresent" time="0.030" classname="com.OSMOSE.testcases.Product"/>
  <system-out>
Click to see Screenshot <a target="_blank" href=Tue_Aug_04_19_43_34_IST_2020.jpg>Screenshot</a> <br> <br> <a target="_blank" href=Tue_Aug_04_19_43_34_IST_2020.jpg><img src=Tue_Aug_04_19_43_34_IST_2020.jpg height=200 width=200></img></a>  </system-out>
  <testcase name="allSixProductPresent" time="0.024" classname="com.OSMOSE.testcases.Product"/>
  <system-out>
Click to see Screenshot <a target="_blank" href=Tue_Aug_04_19_43_34_IST_2020.jpg>Screenshot</a> <br> <br> <a target="_blank" href=Tue_Aug_04_19_43_34_IST_2020.jpg><img src=Tue_Aug_04_19_43_34_IST_2020.jpg height=200 width=200></img></a>  </system-out>
  <testcase name="sliderItemPresent" time="0.083" classname="com.OSMOSE.testcases.Product"/>
  <system-out>
Click to see Screenshot <a target="_blank" href=Tue_Aug_04_19_43_35_IST_2020.jpg>Screenshot</a> <br> <br> <a target="_blank" href=Tue_Aug_04_19_43_35_IST_2020.jpg><img src=Tue_Aug_04_19_43_35_IST_2020.jpg height=200 width=200></img></a>  </system-out>
  <testcase name="verifyCategoryFilter" time="50.054" classname="com.OSMOSE.testcases.Product"/>
  <system-out>
Click to see Screenshot <a target="_blank" href=Tue_Aug_04_19_44_25_IST_2020.jpg>Screenshot</a> <br> <br> <a target="_blank" href=Tue_Aug_04_19_44_25_IST_2020.jpg><img src=Tue_Aug_04_19_44_25_IST_2020.jpg height=200 width=200></img></a>  </system-out>
  <testcase name="VerifyFPImageClick" time="51.607" classname="com.OSMOSE.testcases.Product"/>
  <system-out>
Click to see Screenshot <a target="_blank" href=Tue_Aug_04_19_45_17_IST_2020.jpg>Screenshot</a> <br> <br> <a target="_blank" href=Tue_Aug_04_19_45_17_IST_2020.jpg><img src=Tue_Aug_04_19_45_17_IST_2020.jpg height=200 width=200></img></a>  </system-out>
  <testcase name="verifyViewDetail" time="8.393" classname="com.OSMOSE.testcases.Product"/>
  <system-out>
Click to see Screenshot <a target="_blank" href=Tue_Aug_04_19_45_26_IST_2020.jpg>Screenshot</a> <br> <br> <a target="_blank" href=Tue_Aug_04_19_45_26_IST_2020.jpg><img src=Tue_Aug_04_19_45_26_IST_2020.jpg height=200 width=200></img></a>  </system-out>
  <testcase name="VerifyProductclick" time="14.492" classname="com.OSMOSE.testcases.Product"/>
  <system-out>
Click to see Screenshot <a target="_blank" href=Tue_Aug_04_19_45_41_IST_2020.jpg>Screenshot</a> <br> <br> <a target="_blank" href=Tue_Aug_04_19_45_41_IST_2020.jpg><img src=Tue_Aug_04_19_45_41_IST_2020.jpg height=200 width=200></img></a>  </system-out>
  <testcase name="AddQuantityandverifyCellNumber" time="17.899" classname="com.OSMOSE.testcases.Product"/>
  <system-out>
Click to see Screenshot <a target="_blank" href=Tue_Aug_04_19_46_00_IST_2020.jpg>Screenshot</a> <br> <br> <a target="_blank" href=Tue_Aug_04_19_46_00_IST_2020.jpg><img src=Tue_Aug_04_19_46_00_IST_2020.jpg height=200 width=200></img></a>  </system-out>
  <testcase name="FeaturedProductPoleRestoration" time="13.396" classname="com.OSMOSE.testcases.Product"/>
>>>>>>> refs/remotes/origin/master
  <system-out>
<<<<<<< HEAD
Click to see Screenshot <a target="_blank" href=Wed_Jul_08_18_35_11_IST_2020.jpg>Screenshot</a> <br> <br> <a target="_blank" href=Wed_Jul_08_18_35_11_IST_2020.jpg><img src=Wed_Jul_08_18_35_11_IST_2020.jpg height=200 width=200></img></a>  </system-out>
  <testcase name="verifyTheSearchfirstname" time="44.452" classname="com.OSMOSE.testcases.Product">
    <failure type="java.lang.AssertionError" message="expected [C-Truss] but found []">
      <![CDATA[java.lang.AssertionError: expected [C-Truss] but found []
at org.testng.Assert.fail(Assert.java:97)
at org.testng.Assert.assertEqualsImpl(Assert.java:136)
at org.testng.Assert.assertEquals(Assert.java:118)
at org.testng.Assert.assertEquals(Assert.java:575)
at org.testng.Assert.assertEquals(Assert.java:585)
at com.OSMOSE.testcases.Product.verifyTheSearchfirstname(Product.java:210)
at sun.reflect.NativeMethodAccessorImpl.invoke0(Native Method)
at sun.reflect.NativeMethodAccessorImpl.invoke(Unknown Source)
at sun.reflect.DelegatingMethodAccessorImpl.invoke(Unknown Source)
at java.lang.reflect.Method.invoke(Unknown Source)
at org.testng.internal.MethodInvocationHelper.invokeMethod(MethodInvocationHelper.java:134)
at org.testng.internal.TestInvoker.invokeMethod(TestInvoker.java:597)
at org.testng.internal.TestInvoker.invokeTestMethod(TestInvoker.java:173)
at org.testng.internal.MethodRunner.runInSequence(MethodRunner.java:46)
at org.testng.internal.TestInvoker$MethodInvocationAgent.invoke(TestInvoker.java:816)
at org.testng.internal.TestInvoker.invokeTestMethods(TestInvoker.java:146)
at org.testng.internal.TestMethodWorker.invokeTestMethods(TestMethodWorker.java:146)
at org.testng.internal.TestMethodWorker.run(TestMethodWorker.java:128)
at java.util.ArrayList.forEach(Unknown Source)
at org.testng.TestRunner.privateRun(TestRunner.java:766)
at org.testng.TestRunner.run(TestRunner.java:587)
at org.testng.SuiteRunner.runTest(SuiteRunner.java:384)
at org.testng.SuiteRunner.runSequentially(SuiteRunner.java:378)
at org.testng.SuiteRunner.privateRun(SuiteRunner.java:337)
at org.testng.SuiteRunner.run(SuiteRunner.java:286)
at org.testng.SuiteRunnerWorker.runSuite(SuiteRunnerWorker.java:53)
at org.testng.SuiteRunnerWorker.run(SuiteRunnerWorker.java:96)
at org.testng.TestNG.runSuitesSequentially(TestNG.java:1187)
at org.testng.TestNG.runSuitesLocally(TestNG.java:1109)
at org.testng.TestNG.runSuites(TestNG.java:1039)
at org.testng.TestNG.run(TestNG.java:1007)
at org.testng.remote.AbstractRemoteTestNG.run(AbstractRemoteTestNG.java:115)
at org.testng.remote.RemoteTestNG.initAndRun(RemoteTestNG.java:251)
at org.testng.remote.RemoteTestNG.main(RemoteTestNG.java:77)
]]>
    </failure>
  </testcase> <!-- verifyTheSearchfirstname -->
=======
Click to see Screenshot <a target="_blank" href=Tue_Aug_04_19_46_14_IST_2020.jpg>Screenshot</a> <br> <br> <a target="_blank" href=Tue_Aug_04_19_46_14_IST_2020.jpg><img src=Tue_Aug_04_19_46_14_IST_2020.jpg height=200 width=200></img></a>  </system-out>
  <testcase name="verifyTheSearchfirstname" time="13.531" classname="com.OSMOSE.testcases.Product"/>
>>>>>>> refs/remotes/origin/master
  <system-out>
<<<<<<< HEAD
Click to see Screenshot <a target="_blank" href=Wed_Jul_08_18_35_56_IST_2020.jpg>Screenshot</a> <br> <br> <a target="_blank" href=Wed_Jul_08_18_35_56_IST_2020.jpg><img src=Wed_Jul_08_18_35_56_IST_2020.jpg height=200 width=200></img></a>  </system-out>
  <testcase name="verifyTheSearchFullname" time="12.399" classname="com.OSMOSE.testcases.Product"/>
  <system-out>
Click to see Screenshot <a target="_blank" href=Wed_Jul_08_18_36_08_IST_2020.jpg>Screenshot</a> <br> <br> <a target="_blank" href=Wed_Jul_08_18_36_08_IST_2020.jpg><img src=Wed_Jul_08_18_36_08_IST_2020.jpg height=200 width=200></img></a>  </system-out>
  <testcase name="verifyTheSearchOneAlphabet" time="12.278" classname="com.OSMOSE.testcases.Product"/>
  <system-out>
Click to see Screenshot <a target="_blank" href=Wed_Jul_08_18_36_21_IST_2020.jpg>Screenshot</a> <br> <br> <a target="_blank" href=Wed_Jul_08_18_36_21_IST_2020.jpg><img src=Wed_Jul_08_18_36_21_IST_2020.jpg height=200 width=200></img></a>  </system-out>
  <testcase name="verifyTheSearchCrossButton" time="14.341" classname="com.OSMOSE.testcases.Product"/>
  <system-out>
Click to see Screenshot <a target="_blank" href=Wed_Jul_08_18_36_36_IST_2020.jpg>Screenshot</a> <br> <br> <a target="_blank" href=Wed_Jul_08_18_36_36_IST_2020.jpg><img src=Wed_Jul_08_18_36_36_IST_2020.jpg height=200 width=200></img></a>  </system-out>
  <testcase name="verifyTheValidationmessage" time="13.565" classname="com.OSMOSE.testcases.Product"/>
  <system-out>
Click to see Screenshot <a target="_blank" href=Wed_Jul_08_18_36_50_IST_2020.jpg>Screenshot</a> <br> <br> <a target="_blank" href=Wed_Jul_08_18_36_50_IST_2020.jpg><img src=Wed_Jul_08_18_36_50_IST_2020.jpg height=200 width=200></img></a>  </system-out>
  <testcase name="ReturnPolicy" time="51.047" classname="com.OSMOSE.testcases.Product">
    <error type="org.openqa.selenium.NoSuchElementException" message="no such element: Unable to locate element: {&quot;method&quot;:&quot;xpath&quot;,&quot;selector&quot;:&quot;//*[@id=&quot;productSlider&quot;]/div/div[2]/img&quot;}
  (Session info: chrome=83.0.4103.116)
For documentation on this error, please visit: http://seleniumhq.org/exceptions/no_such_element.html
Build info: version: &#039;3.14.0&#039;, revision: &#039;aacccce0&#039;, time: &#039;2018-08-02T20:19:58.91Z&#039;
System info: host: &#039;IND-5CG6191Y3W&#039;, ip: &#039;192.168.56.1&#039;, os.name: &#039;Windows 10&#039;, os.arch: &#039;amd64&#039;, os.version: &#039;10.0&#039;, java.version: &#039;1.8.0_161&#039;
Driver info: org.openqa.selenium.chrome.ChromeDriver
Capabilities {acceptInsecureCerts: false, browserName: chrome, browserVersion: 83.0.4103.116, chrome: {chromedriverVersion: 83.0.4103.39 (ccbf011cb2d2b..., userDataDir: C:\Windows\Temp\scoped_dir5...}, goog:chromeOptions: {debuggerAddress: localhost:63720}, javascriptEnabled: true, networkConnectionEnabled: false, pageLoadStrategy: none, platform: WINDOWS, platformName: WINDOWS, proxy: Proxy(), setWindowRect: true, strictFileInteractability: false, timeouts: {implicit: 0, pageLoad: 300000, script: 30000}, unhandledPromptBehavior: dismiss and notify, webauthn:virtualAuthenticators: true}
Session ID: 876a55468370b8c1f780c234b35c90f0
*** Element info: {Using=xpath, value=//*[@id=&quot;productSlider&quot;]/div/div[2]/img}">
      <![CDATA[org.openqa.selenium.NoSuchElementException: no such element: Unable to locate element: {"method":"xpath","selector":"//*[@id="productSlider"]/div/div[2]/img"}
  (Session info: chrome=83.0.4103.116)
For documentation on this error, please visit: http://seleniumhq.org/exceptions/no_such_element.html
Build info: version: '3.14.0', revision: 'aacccce0', time: '2018-08-02T20:19:58.91Z'
System info: host: 'IND-5CG6191Y3W', ip: '192.168.56.1', os.name: 'Windows 10', os.arch: 'amd64', os.version: '10.0', java.version: '1.8.0_161'
Driver info: org.openqa.selenium.chrome.ChromeDriver
Capabilities {acceptInsecureCerts: false, browserName: chrome, browserVersion: 83.0.4103.116, chrome: {chromedriverVersion: 83.0.4103.39 (ccbf011cb2d2b..., userDataDir: C:\Windows\Temp\scoped_dir5...}, goog:chromeOptions: {debuggerAddress: localhost:63720}, javascriptEnabled: true, networkConnectionEnabled: false, pageLoadStrategy: none, platform: WINDOWS, platformName: WINDOWS, proxy: Proxy(), setWindowRect: true, strictFileInteractability: false, timeouts: {implicit: 0, pageLoad: 300000, script: 30000}, unhandledPromptBehavior: dismiss and notify, webauthn:virtualAuthenticators: true}
Session ID: 876a55468370b8c1f780c234b35c90f0
*** Element info: {Using=xpath, value=//*[@id="productSlider"]/div/div[2]/img}
at sun.reflect.NativeConstructorAccessorImpl.newInstance0(Native Method)
at sun.reflect.NativeConstructorAccessorImpl.newInstance(Unknown Source)
at sun.reflect.DelegatingConstructorAccessorImpl.newInstance(Unknown Source)
at java.lang.reflect.Constructor.newInstance(Unknown Source)
at org.openqa.selenium.remote.http.W3CHttpResponseCodec.createException(W3CHttpResponseCodec.java:187)
at org.openqa.selenium.remote.http.W3CHttpResponseCodec.decode(W3CHttpResponseCodec.java:122)
at org.openqa.selenium.remote.http.W3CHttpResponseCodec.decode(W3CHttpResponseCodec.java:49)
at org.openqa.selenium.remote.HttpCommandExecutor.execute(HttpCommandExecutor.java:158)
at org.openqa.selenium.remote.service.DriverCommandExecutor.execute(DriverCommandExecutor.java:83)
at org.openqa.selenium.remote.RemoteWebDriver.execute(RemoteWebDriver.java:548)
at org.openqa.selenium.remote.RemoteWebDriver.findElement(RemoteWebDriver.java:322)
at org.openqa.selenium.remote.RemoteWebDriver.findElementByXPath(RemoteWebDriver.java:424)
at org.openqa.selenium.By$ByXPath.findElement(By.java:353)
at org.openqa.selenium.remote.RemoteWebDriver.findElement(RemoteWebDriver.java:314)
at com.OSMOSE.base.Page.click(Page.java:180)
at com.OSMOSE.pages.OU.ProductPage.ProductReturnPolicy(ProductPage.java:120)
at com.OSMOSE.testcases.Product.ReturnPolicy(Product.java:283)
at sun.reflect.NativeMethodAccessorImpl.invoke0(Native Method)
at sun.reflect.NativeMethodAccessorImpl.invoke(Unknown Source)
at sun.reflect.DelegatingMethodAccessorImpl.invoke(Unknown Source)
at java.lang.reflect.Method.invoke(Unknown Source)
at org.testng.internal.MethodInvocationHelper.invokeMethod(MethodInvocationHelper.java:134)
at org.testng.internal.TestInvoker.invokeMethod(TestInvoker.java:597)
at org.testng.internal.TestInvoker.invokeTestMethod(TestInvoker.java:173)
at org.testng.internal.MethodRunner.runInSequence(MethodRunner.java:46)
at org.testng.internal.TestInvoker$MethodInvocationAgent.invoke(TestInvoker.java:816)
at org.testng.internal.TestInvoker.invokeTestMethods(TestInvoker.java:146)
at org.testng.internal.TestMethodWorker.invokeTestMethods(TestMethodWorker.java:146)
at org.testng.internal.TestMethodWorker.run(TestMethodWorker.java:128)
at java.util.ArrayList.forEach(Unknown Source)
at org.testng.TestRunner.privateRun(TestRunner.java:766)
at org.testng.TestRunner.run(TestRunner.java:587)
at org.testng.SuiteRunner.runTest(SuiteRunner.java:384)
at org.testng.SuiteRunner.runSequentially(SuiteRunner.java:378)
at org.testng.SuiteRunner.privateRun(SuiteRunner.java:337)
at org.testng.SuiteRunner.run(SuiteRunner.java:286)
at org.testng.SuiteRunnerWorker.runSuite(SuiteRunnerWorker.java:53)
at org.testng.SuiteRunnerWorker.run(SuiteRunnerWorker.java:96)
at org.testng.TestNG.runSuitesSequentially(TestNG.java:1187)
at org.testng.TestNG.runSuitesLocally(TestNG.java:1109)
at org.testng.TestNG.runSuites(TestNG.java:1039)
at org.testng.TestNG.run(TestNG.java:1007)
at org.testng.remote.AbstractRemoteTestNG.run(AbstractRemoteTestNG.java:115)
at org.testng.remote.RemoteTestNG.initAndRun(RemoteTestNG.java:251)
at org.testng.remote.RemoteTestNG.main(RemoteTestNG.java:77)
]]>
    </error>
  </testcase> <!-- ReturnPolicy -->
  <system-out>
Click to see Screenshot <a target="_blank" href=Wed_Jul_08_18_37_41_IST_2020.jpg>Screenshot</a> <br> <br> <a target="_blank" href=Wed_Jul_08_18_37_41_IST_2020.jpg><img src=Wed_Jul_08_18_37_41_IST_2020.jpg height=200 width=200></img></a>  </system-out>
  <testcase name="VerifyUIonClickQuoteID" classname="com.OSMOSE.testcases.Product">
    <skipped/>
  </testcase> <!-- VerifyUIonClickQuoteID -->
  <system-out/>
  <testcase name="SubmitQuotewithQuotePendingstatus" classname="com.OSMOSE.testcases.Product">
    <skipped/>
  </testcase> <!-- SubmitQuotewithQuotePendingstatus -->
  <system-out/>
  <testcase name="ClickDownloadProducts" classname="com.OSMOSE.testcases.Product">
    <skipped/>
  </testcase> <!-- ClickDownloadProducts -->
  <system-out/>
  <testcase name="AddShoppingCart" classname="com.OSMOSE.testcases.Product">
    <skipped/>
  </testcase> <!-- AddShoppingCart -->
  <system-out/>
  <testcase name="DeleteQuanityinShoppingCart" classname="com.OSMOSE.testcases.Product">
    <skipped/>
  </testcase> <!-- DeleteQuanityinShoppingCart -->
  <system-out/>
  <testcase name="MyQuotes_96421" classname="com.OSMOSE.testcases.Product">
    <skipped/>
  </testcase> <!-- MyQuotes_96421 -->
  <system-out/>
  <testcase name="verifySubmitwhileREQuoting" classname="com.OSMOSE.testcases.Product">
    <skipped/>
  </testcase> <!-- verifySubmitwhileREQuoting -->
  <system-out/>
  <testcase name="verifyUpdatedQuantityOnOverlay" classname="com.OSMOSE.testcases.Product">
    <skipped/>
  </testcase> <!-- verifyUpdatedQuantityOnOverlay -->
=======
Click to see Screenshot <a target="_blank" href=Tue_Aug_04_19_46_28_IST_2020.jpg>Screenshot</a> <br> <br> <a target="_blank" href=Tue_Aug_04_19_46_28_IST_2020.jpg><img src=Tue_Aug_04_19_46_28_IST_2020.jpg height=200 width=200></img></a>  </system-out>
  <testcase name="verifyTheSearchFullname" time="12.474" classname="com.OSMOSE.testcases.Product"/>
  <system-out>
Click to see Screenshot <a target="_blank" href=Tue_Aug_04_19_46_40_IST_2020.jpg>Screenshot</a> <br> <br> <a target="_blank" href=Tue_Aug_04_19_46_40_IST_2020.jpg><img src=Tue_Aug_04_19_46_40_IST_2020.jpg height=200 width=200></img></a>  </system-out>
  <testcase name="verifyTheSearchOneAlphabet" time="22.284" classname="com.OSMOSE.testcases.Product"/>
  <system-out>
Click to see Screenshot <a target="_blank" href=Tue_Aug_04_19_47_03_IST_2020.jpg>Screenshot</a> <br> <br> <a target="_blank" href=Tue_Aug_04_19_47_03_IST_2020.jpg><img src=Tue_Aug_04_19_47_03_IST_2020.jpg height=200 width=200></img></a>  </system-out>
  <testcase name="verifyTheSearchCrossButton" time="14.376" classname="com.OSMOSE.testcases.Product"/>
  <system-out>
Click to see Screenshot <a target="_blank" href=Tue_Aug_04_19_47_18_IST_2020.jpg>Screenshot</a> <br> <br> <a target="_blank" href=Tue_Aug_04_19_47_18_IST_2020.jpg><img src=Tue_Aug_04_19_47_18_IST_2020.jpg height=200 width=200></img></a>  </system-out>
  <testcase name="verifyTheValidationmessage" time="13.422" classname="com.OSMOSE.testcases.Product"/>
  <system-out>
Click to see Screenshot <a target="_blank" href=Tue_Aug_04_19_47_32_IST_2020.jpg>Screenshot</a> <br> <br> <a target="_blank" href=Tue_Aug_04_19_47_32_IST_2020.jpg><img src=Tue_Aug_04_19_47_32_IST_2020.jpg height=200 width=200></img></a>  </system-out>
  <testcase name="ReturnPolicy" time="10.733" classname="com.OSMOSE.testcases.Product"/>
  <system-out>
Click to see Screenshot <a target="_blank" href=Tue_Aug_04_19_47_43_IST_2020.jpg>Screenshot</a> <br> <br> <a target="_blank" href=Tue_Aug_04_19_47_43_IST_2020.jpg><img src=Tue_Aug_04_19_47_43_IST_2020.jpg height=200 width=200></img></a>  </system-out>
  <testcase name="verifyAddShoppingCarttext" time="17.965" classname="com.OSMOSE.testcases.Product"/>
  <system-out>
Click to see Screenshot <a target="_blank" href=Tue_Aug_04_19_48_02_IST_2020.jpg>Screenshot</a> <br> <br> <a target="_blank" href=Tue_Aug_04_19_48_02_IST_2020.jpg><img src=Tue_Aug_04_19_48_02_IST_2020.jpg height=200 width=200></img></a>  </system-out>
  <testcase name="AddShoppingCart" time="5.345" classname="com.OSMOSE.testcases.Product"/>
  <system-out>
Click to see Screenshot <a target="_blank" href=Tue_Aug_04_19_48_07_IST_2020.jpg>Screenshot</a> <br> <br> <a target="_blank" href=Tue_Aug_04_19_48_07_IST_2020.jpg><img src=Tue_Aug_04_19_48_07_IST_2020.jpg height=200 width=200></img></a>  </system-out>
  <testcase name="VerifyCrossicononhoppingCart" time="1.029" classname="com.OSMOSE.testcases.Product"/>
  <system-out>
Click to see Screenshot <a target="_blank" href=Tue_Aug_04_19_48_09_IST_2020.jpg>Screenshot</a> <br> <br> <a target="_blank" href=Tue_Aug_04_19_48_09_IST_2020.jpg><img src=Tue_Aug_04_19_48_09_IST_2020.jpg height=200 width=200></img></a>  </system-out>
  <testcase name="VerifyCrossicononhoppingCart_Differentitem" time="9.620" classname="com.OSMOSE.testcases.Product"/>
  <system-out>
Click to see Screenshot <a target="_blank" href=Tue_Aug_04_19_48_19_IST_2020.jpg>Screenshot</a> <br> <br> <a target="_blank" href=Tue_Aug_04_19_48_19_IST_2020.jpg><img src=Tue_Aug_04_19_48_19_IST_2020.jpg height=200 width=200></img></a>  </system-out>
  <testcase name="VerifyAddShopping_Sameitem" time="8.639" classname="com.OSMOSE.testcases.Product"/>
  <system-out>
Click to see Screenshot <a target="_blank" href=Tue_Aug_04_19_48_28_IST_2020.jpg>Screenshot</a> <br> <br> <a target="_blank" href=Tue_Aug_04_19_48_28_IST_2020.jpg><img src=Tue_Aug_04_19_48_28_IST_2020.jpg height=200 width=200></img></a>  </system-out>
  <testcase name="DeleteQuanityinShoppingCart" time="5.150" classname="com.OSMOSE.testcases.Product"/>
  <system-out>
Click to see Screenshot <a target="_blank" href=Tue_Aug_04_19_48_33_IST_2020.jpg>Screenshot</a> <br> <br> <a target="_blank" href=Tue_Aug_04_19_48_33_IST_2020.jpg><img src=Tue_Aug_04_19_48_33_IST_2020.jpg height=200 width=200></img></a>  </system-out>
  <testcase name="UpdateIncreaseQuanityinShoppingCart" time="12.153" classname="com.OSMOSE.testcases.Product"/>
  <system-out>
Click to see Screenshot <a target="_blank" href=Tue_Aug_04_19_48_46_IST_2020.jpg>Screenshot</a> <br> <br> <a target="_blank" href=Tue_Aug_04_19_48_46_IST_2020.jpg><img src=Tue_Aug_04_19_48_46_IST_2020.jpg height=200 width=200></img></a>  </system-out>
  <testcase name="UpdateDecreaseQuanityinShoppingCart" time="28.513" classname="com.OSMOSE.testcases.Product"/>
  <system-out>
Click to see Screenshot <a target="_blank" href=Tue_Aug_04_19_49_14_IST_2020.jpg>Screenshot</a> <br> <br> <a target="_blank" href=Tue_Aug_04_19_49_14_IST_2020.jpg><img src=Tue_Aug_04_19_49_14_IST_2020.jpg height=200 width=200></img></a>  </system-out>
  <testcase name="CreateQuote" time="6.030" classname="com.OSMOSE.testcases.Product"/>
  <system-out>
Click to see Screenshot <a target="_blank" href=Tue_Aug_04_19_49_21_IST_2020.jpg>Screenshot</a> <br> <br> <a target="_blank" href=Tue_Aug_04_19_49_21_IST_2020.jpg><img src=Tue_Aug_04_19_49_21_IST_2020.jpg height=200 width=200></img></a>  </system-out>
  <testcase name="CreateQuote_Comments" time="5.754" classname="com.OSMOSE.testcases.Product"/>
  <system-out>
Click to see Screenshot <a target="_blank" href=Tue_Aug_04_19_49_27_IST_2020.jpg>Screenshot</a> <br> <br> <a target="_blank" href=Tue_Aug_04_19_49_27_IST_2020.jpg><img src=Tue_Aug_04_19_49_27_IST_2020.jpg height=200 width=200></img></a>  </system-out>
  <testcase name="CreateQuote_ZipCode" time="5.373" classname="com.OSMOSE.testcases.Product"/>
  <system-out>
Click to see Screenshot <a target="_blank" href=Tue_Aug_04_19_49_33_IST_2020.jpg>Screenshot</a> <br> <br> <a target="_blank" href=Tue_Aug_04_19_49_33_IST_2020.jpg><img src=Tue_Aug_04_19_49_33_IST_2020.jpg height=200 width=200></img></a>  </system-out>
  <testcase name="CreateQuote_Attachment" time="7.388" classname="com.OSMOSE.testcases.Product"/>
  <system-out>
Click to see Screenshot <a target="_blank" href=Tue_Aug_04_19_49_41_IST_2020.jpg>Screenshot</a> <br> <br> <a target="_blank" href=Tue_Aug_04_19_49_41_IST_2020.jpg><img src=Tue_Aug_04_19_49_41_IST_2020.jpg height=200 width=200></img></a>  </system-out>
  <testcase name="ClickShoppingCartIcon" time="5.346" classname="com.OSMOSE.testcases.Product"/>
  <system-out>
Click to see Screenshot <a target="_blank" href=Tue_Aug_04_19_49_46_IST_2020.jpg>Screenshot</a> <br> <br> <a target="_blank" href=Tue_Aug_04_19_49_46_IST_2020.jpg><img src=Tue_Aug_04_19_49_46_IST_2020.jpg height=200 width=200></img></a>  </system-out>
  <testcase name="ClickShoppingViewCartbutton" time="5.122" classname="com.OSMOSE.testcases.Product"/>
  <system-out>
Click to see Screenshot <a target="_blank" href=Tue_Aug_04_19_49_52_IST_2020.jpg>Screenshot</a> <br> <br> <a target="_blank" href=Tue_Aug_04_19_49_52_IST_2020.jpg><img src=Tue_Aug_04_19_49_52_IST_2020.jpg height=200 width=200></img></a>  </system-out>
  <testcase name="ClickShoppingSubmitCartbutton" time="5.425" classname="com.OSMOSE.testcases.Product"/>
  <system-out>
Click to see Screenshot <a target="_blank" href=Tue_Aug_04_19_49_57_IST_2020.jpg>Screenshot</a> <br> <br> <a target="_blank" href=Tue_Aug_04_19_49_57_IST_2020.jpg><img src=Tue_Aug_04_19_49_57_IST_2020.jpg height=200 width=200></img></a>  </system-out>
  <testcase name="verifyUpdatedQuantityOnOverlay" time="7.701" classname="com.OSMOSE.testcases.Product"/>
  <system-out>
Click to see Screenshot <a target="_blank" href=Tue_Aug_04_19_50_06_IST_2020.jpg>Screenshot</a> <br> <br> <a target="_blank" href=Tue_Aug_04_19_50_06_IST_2020.jpg><img src=Tue_Aug_04_19_50_06_IST_2020.jpg height=200 width=200></img></a>  </system-out>
  <testcase name="MyQuotes_96421" time="6.548" classname="com.OSMOSE.testcases.Product"/>
  <system-out>
Click to see Screenshot <a target="_blank" href=Tue_Aug_04_19_50_12_IST_2020.jpg>Screenshot</a> <br> <br> <a target="_blank" href=Tue_Aug_04_19_50_12_IST_2020.jpg><img src=Tue_Aug_04_19_50_12_IST_2020.jpg height=200 width=200></img></a>  </system-out>
  <testcase name="verifyStatusFilterAll" time="25.789" classname="com.OSMOSE.testcases.Product"/>
  <system-out>
Click to see Screenshot <a target="_blank" href=Tue_Aug_04_19_50_39_IST_2020.jpg>Screenshot</a> <br> <br> <a target="_blank" href=Tue_Aug_04_19_50_39_IST_2020.jpg><img src=Tue_Aug_04_19_50_39_IST_2020.jpg height=200 width=200></img></a>  </system-out>
  <testcase name="verifyStatusFilterExpired" time="35.714" classname="com.OSMOSE.testcases.Product"/>
  <system-out>
Click to see Screenshot <a target="_blank" href=Tue_Aug_04_19_51_15_IST_2020.jpg>Screenshot</a> <br> <br> <a target="_blank" href=Tue_Aug_04_19_51_15_IST_2020.jpg><img src=Tue_Aug_04_19_51_15_IST_2020.jpg height=200 width=200></img></a>  </system-out>
  <testcase name="verifyStatusFilterOrdered" time="40.778" classname="com.OSMOSE.testcases.Product"/>
  <system-out>
Click to see Screenshot <a target="_blank" href=Tue_Aug_04_19_51_56_IST_2020.jpg>Screenshot</a> <br> <br> <a target="_blank" href=Tue_Aug_04_19_51_56_IST_2020.jpg><img src=Tue_Aug_04_19_51_56_IST_2020.jpg height=200 width=200></img></a>  </system-out>
  <testcase name="verifyStatusFilterQuoted" time="40.765" classname="com.OSMOSE.testcases.Product"/>
  <system-out>
Click to see Screenshot <a target="_blank" href=Tue_Aug_04_19_52_37_IST_2020.jpg>Screenshot</a> <br> <br> <a target="_blank" href=Tue_Aug_04_19_52_37_IST_2020.jpg><img src=Tue_Aug_04_19_52_37_IST_2020.jpg height=200 width=200></img></a>  </system-out>
  <testcase name="verifyStatusFilterQuotePending" time="40.754" classname="com.OSMOSE.testcases.Product"/>
  <system-out>
Click to see Screenshot <a target="_blank" href=Tue_Aug_04_19_53_18_IST_2020.jpg>Screenshot</a> <br> <br> <a target="_blank" href=Tue_Aug_04_19_53_18_IST_2020.jpg><img src=Tue_Aug_04_19_53_18_IST_2020.jpg height=200 width=200></img></a>  </system-out>
  <testcase name="verifyStatusFilterCancelled" time="40.683" classname="com.OSMOSE.testcases.Product"/>
  <system-out>
Click to see Screenshot <a target="_blank" href=Tue_Aug_04_19_54_00_IST_2020.jpg>Screenshot</a> <br> <br> <a target="_blank" href=Tue_Aug_04_19_54_00_IST_2020.jpg><img src=Tue_Aug_04_19_54_00_IST_2020.jpg height=200 width=200></img></a>  </system-out>
  <testcase name="verifyStatusFilterOrderRequested" time="35.578" classname="com.OSMOSE.testcases.Product"/>
  <system-out>
Click to see Screenshot <a target="_blank" href=Tue_Aug_04_19_54_35_IST_2020.jpg>Screenshot</a> <br> <br> <a target="_blank" href=Tue_Aug_04_19_54_35_IST_2020.jpg><img src=Tue_Aug_04_19_54_35_IST_2020.jpg height=200 width=200></img></a>  </system-out>
  <testcase name="HomepageCarticon" time="14.450" classname="com.OSMOSE.testcases.Product"/>
  <system-out>
Click to see Screenshot <a target="_blank" href=Tue_Aug_04_19_54_50_IST_2020.jpg>Screenshot</a> <br> <br> <a target="_blank" href=Tue_Aug_04_19_54_50_IST_2020.jpg><img src=Tue_Aug_04_19_54_50_IST_2020.jpg height=200 width=200></img></a>  </system-out>
  <testcase name="ClickManageQuotesLink" time="3.400" classname="com.OSMOSE.testcases.Product"/>
  <system-out>
Click to see Screenshot <a target="_blank" href=Tue_Aug_04_19_54_54_IST_2020.jpg>Screenshot</a> <br> <br> <a target="_blank" href=Tue_Aug_04_19_54_54_IST_2020.jpg><img src=Tue_Aug_04_19_54_54_IST_2020.jpg height=200 width=200></img></a>  </system-out>
  <testcase name="VerifyUIonClickQuoteID" time="4.538" classname="com.OSMOSE.testcases.Product"/>
  <system-out>
Click to see Screenshot <a target="_blank" href=Tue_Aug_04_19_54_59_IST_2020.jpg>Screenshot</a> <br> <br> <a target="_blank" href=Tue_Aug_04_19_54_59_IST_2020.jpg><img src=Tue_Aug_04_19_54_59_IST_2020.jpg height=200 width=200></img></a>  </system-out>
  <testcase name="SubmitQuotewithOrderedstatus" time="9.334" classname="com.OSMOSE.testcases.Product"/>
  <system-out>
Click to see Screenshot <a target="_blank" href=Tue_Aug_04_19_55_09_IST_2020.jpg>Screenshot</a> <br> <br> <a target="_blank" href=Tue_Aug_04_19_55_09_IST_2020.jpg><img src=Tue_Aug_04_19_55_09_IST_2020.jpg height=200 width=200></img></a>  </system-out>
  <testcase name="SubmitQuotewithQuotePendingstatus" time="9.577" classname="com.OSMOSE.testcases.Product"/>
  <system-out>
Click to see Screenshot <a target="_blank" href=Tue_Aug_04_19_55_19_IST_2020.jpg>Screenshot</a> <br> <br> <a target="_blank" href=Tue_Aug_04_19_55_19_IST_2020.jpg><img src=Tue_Aug_04_19_55_19_IST_2020.jpg height=200 width=200></img></a>  </system-out>
  <testcase name="SubmitQuotewithQuoteCancelledstatus" time="12.574" classname="com.OSMOSE.testcases.Product"/>
  <system-out>
Click to see Screenshot <a target="_blank" href=Tue_Aug_04_19_55_32_IST_2020.jpg>Screenshot</a> <br> <br> <a target="_blank" href=Tue_Aug_04_19_55_32_IST_2020.jpg><img src=Tue_Aug_04_19_55_32_IST_2020.jpg height=200 width=200></img></a>  </system-out>
  <testcase name="SubmitQuotewithQuotedstatus" time="17.707" classname="com.OSMOSE.testcases.Product"/>
  <system-out>
Click to see Screenshot <a target="_blank" href=Tue_Aug_04_19_55_50_IST_2020.jpg>Screenshot</a> <br> <br> <a target="_blank" href=Tue_Aug_04_19_55_50_IST_2020.jpg><img src=Tue_Aug_04_19_55_50_IST_2020.jpg height=200 width=200></img></a>  </system-out>
  <testcase name="SubmitQuotewithOrderRequestedstatus" time="9.298" classname="com.OSMOSE.testcases.Product"/>
  <system-out>
Click to see Screenshot <a target="_blank" href=Tue_Aug_04_19_55_59_IST_2020.jpg>Screenshot</a> <br> <br> <a target="_blank" href=Tue_Aug_04_19_55_59_IST_2020.jpg><img src=Tue_Aug_04_19_55_59_IST_2020.jpg height=200 width=200></img></a>  </system-out>
  <testcase name="ClickManageProducts" time="2.285" classname="com.OSMOSE.testcases.Product"/>
  <system-out>
Click to see Screenshot <a target="_blank" href=Tue_Aug_04_19_56_02_IST_2020.jpg>Screenshot</a> <br> <br> <a target="_blank" href=Tue_Aug_04_19_56_02_IST_2020.jpg><img src=Tue_Aug_04_19_56_02_IST_2020.jpg height=200 width=200></img></a>  </system-out>
  <testcase name="ClickDownloadProducts" time="7.241" classname="com.OSMOSE.testcases.Product"/>
  <system-out>
Click to see Screenshot <a target="_blank" href=Tue_Aug_04_19_56_10_IST_2020.jpg>Screenshot</a> <br> <br> <a target="_blank" href=Tue_Aug_04_19_56_10_IST_2020.jpg><img src=Tue_Aug_04_19_56_10_IST_2020.jpg height=200 width=200></img></a>  </system-out>
  <testcase name="ClickProductsinReview" time="2.158" classname="com.OSMOSE.testcases.Product"/>
  <system-out>
Click to see Screenshot <a target="_blank" href=Tue_Aug_04_19_56_12_IST_2020.jpg>Screenshot</a> <br> <br> <a target="_blank" href=Tue_Aug_04_19_56_12_IST_2020.jpg><img src=Tue_Aug_04_19_56_12_IST_2020.jpg height=200 width=200></img></a>  </system-out>
  <testcase name="ClickUploadProducts" time="10.363" classname="com.OSMOSE.testcases.Product"/>
  <system-out>
Click to see Screenshot <a target="_blank" href=Tue_Aug_04_19_56_23_IST_2020.jpg>Screenshot</a> <br> <br> <a target="_blank" href=Tue_Aug_04_19_56_23_IST_2020.jpg><img src=Tue_Aug_04_19_56_23_IST_2020.jpg height=200 width=200></img></a>  </system-out>
  <testcase name="ClickDictionaryLink" time="58.043" classname="com.OSMOSE.testcases.Product"/>
  <system-out>
Click to see Screenshot <a target="_blank" href=Tue_Aug_04_19_57_22_IST_2020.jpg>Screenshot</a> <br> <br> <a target="_blank" href=Tue_Aug_04_19_57_22_IST_2020.jpg><img src=Tue_Aug_04_19_57_22_IST_2020.jpg height=200 width=200></img></a>  </system-out>
  <testcase name="VerifyUIonApprove" time="48.849" classname="com.OSMOSE.testcases.Product"/>
  <system-out>
Click to see Screenshot <a target="_blank" href=Tue_Aug_04_19_58_12_IST_2020.jpg>Screenshot</a> <br> <br> <a target="_blank" href=Tue_Aug_04_19_58_12_IST_2020.jpg><img src=Tue_Aug_04_19_58_12_IST_2020.jpg height=200 width=200></img></a>  </system-out>
  <testcase name="VerifyApprovebtndisabled" time="52.750" classname="com.OSMOSE.testcases.Product"/>
  <system-out>
Click to see Screenshot <a target="_blank" href=Tue_Aug_04_19_59_05_IST_2020.jpg>Screenshot</a> <br> <br> <a target="_blank" href=Tue_Aug_04_19_59_05_IST_2020.jpg><img src=Tue_Aug_04_19_59_05_IST_2020.jpg height=200 width=200></img></a>  </system-out>
  <testcase name="verifyThankyouPopup" time="53.222" classname="com.OSMOSE.testcases.Product"/>
  <system-out>
Click to see Screenshot <a target="_blank" href=Tue_Aug_04_19_59_58_IST_2020.jpg>Screenshot</a> <br> <br> <a target="_blank" href=Tue_Aug_04_19_59_58_IST_2020.jpg><img src=Tue_Aug_04_19_59_58_IST_2020.jpg height=200 width=200></img></a>  </system-out>
  <testcase name="verifyCancelwhileREQuoting" time="39.879" classname="com.OSMOSE.testcases.Product"/>
  <system-out>
Click to see Screenshot <a target="_blank" href=Tue_Aug_04_20_00_39_IST_2020.jpg>Screenshot</a> <br> <br> <a target="_blank" href=Tue_Aug_04_20_00_39_IST_2020.jpg><img src=Tue_Aug_04_20_00_39_IST_2020.jpg height=200 width=200></img></a>  </system-out>
  <testcase name="verifySubmitwhileREQuoting" time="55.409" classname="com.OSMOSE.testcases.Product"/>
  <system-out>
Click to see Screenshot <a target="_blank" href=Tue_Aug_04_20_01_35_IST_2020.jpg>Screenshot</a> <br> <br> <a target="_blank" href=Tue_Aug_04_20_01_35_IST_2020.jpg><img src=Tue_Aug_04_20_01_35_IST_2020.jpg height=200 width=200></img></a>  </system-out>
  <testcase name="verifyAddToCartWhileReQuoting" time="49.684" classname="com.OSMOSE.testcases.Product"/>
  <system-out>
Click to see Screenshot <a target="_blank" href=Tue_Aug_04_20_02_25_IST_2020.jpg>Screenshot</a> <br> <br> <a target="_blank" href=Tue_Aug_04_20_02_25_IST_2020.jpg><img src=Tue_Aug_04_20_02_25_IST_2020.jpg height=200 width=200></img></a>  </system-out>
  <testcase name="verifyExclamationOnMyQuotes" time="15.871" classname="com.OSMOSE.testcases.Product"/>
  <system-out>
Click to see Screenshot <a target="_blank" href=Tue_Aug_04_20_02_41_IST_2020.jpg>Screenshot</a> <br> <br> <a target="_blank" href=Tue_Aug_04_20_02_41_IST_2020.jpg><img src=Tue_Aug_04_20_02_41_IST_2020.jpg height=200 width=200></img></a>  </system-out>
  <testcase name="verifyTheSearch" classname="com.OSMOSE.testcases.Product">
    <skipped/>
  </testcase> <!-- verifyTheSearch -->
>>>>>>> refs/remotes/origin/master
  <system-out/>
  <testcase name="verifyTheProductCart" classname="com.OSMOSE.testcases.Product">
    <skipped/>
  </testcase> <!-- verifyTheProductCart -->
  <system-out/>
  <testcase name="verifyTheSearch" classname="com.OSMOSE.testcases.Product">
    <skipped/>
  </testcase> <!-- verifyTheSearch -->
  <system-out/>
  <testcase name="VerifyUIonApprove" classname="com.OSMOSE.testcases.Product">
    <skipped/>
  </testcase> <!-- VerifyUIonApprove -->
  <system-out/>
  <testcase name="SubmitQuotewithQuoteCancelledstatus" classname="com.OSMOSE.testcases.Product">
    <skipped/>
  </testcase> <!-- SubmitQuotewithQuoteCancelledstatus -->
  <system-out/>
  <testcase name="ClickShoppingCartIcon" classname="com.OSMOSE.testcases.Product">
    <skipped/>
  </testcase> <!-- ClickShoppingCartIcon -->
  <system-out/>
  <testcase name="SubmitQuotewithOrderedstatus" classname="com.OSMOSE.testcases.Product">
    <skipped/>
  </testcase> <!-- SubmitQuotewithOrderedstatus -->
  <system-out/>
  <testcase name="UpdateIncreaseQuanityinShoppingCart" classname="com.OSMOSE.testcases.Product">
    <skipped/>
  </testcase> <!-- UpdateIncreaseQuanityinShoppingCart -->
  <system-out/>
  <testcase name="ClickUploadProducts" classname="com.OSMOSE.testcases.Product">
    <skipped/>
  </testcase> <!-- ClickUploadProducts -->
  <system-out/>
  <testcase name="SubmitQuotewithQuotedstatus" classname="com.OSMOSE.testcases.Product">
    <skipped/>
  </testcase> <!-- SubmitQuotewithQuotedstatus -->
  <system-out/>
  <testcase name="VerifyAddShopping_Sameitem" classname="com.OSMOSE.testcases.Product">
    <skipped/>
  </testcase> <!-- VerifyAddShopping_Sameitem -->
  <system-out/>
  <testcase name="UpdateDecreaseQuanityinShoppingCart" classname="com.OSMOSE.testcases.Product">
    <skipped/>
  </testcase> <!-- UpdateDecreaseQuanityinShoppingCart -->
  <system-out/>
  <testcase name="ClickManageQuotesLink" classname="com.OSMOSE.testcases.Product">
    <skipped/>
  </testcase> <!-- ClickManageQuotesLink -->
  <system-out/>
  <testcase name="verifyCancelwhileREQuoting" classname="com.OSMOSE.testcases.Product">
    <skipped/>
  </testcase> <!-- verifyCancelwhileREQuoting -->
  <system-out/>
  <testcase name="VerifyCrossicononhoppingCart_Differentitem" classname="com.OSMOSE.testcases.Product">
    <skipped/>
  </testcase> <!-- VerifyCrossicononhoppingCart_Differentitem -->
  <system-out/>
  <testcase name="VerifyCrossicononhoppingCart" classname="com.OSMOSE.testcases.Product">
    <skipped/>
  </testcase> <!-- VerifyCrossicononhoppingCart -->
  <system-out/>
  <testcase name="CreateQuote_ZipCode" classname="com.OSMOSE.testcases.Product">
    <skipped/>
  </testcase> <!-- CreateQuote_ZipCode -->
  <system-out/>
  <testcase name="ClickShoppingViewCartbutton" classname="com.OSMOSE.testcases.Product">
    <skipped/>
  </testcase> <!-- ClickShoppingViewCartbutton -->
  <system-out/>
  <testcase name="sliderItemPresent" classname="com.OSMOSE.testcases.Product">
    <skipped/>
  </testcase> <!-- sliderItemPresent -->
  <system-out/>
  <testcase name="ClickShoppingSubmitCartbutton" classname="com.OSMOSE.testcases.Product">
    <skipped/>
  </testcase> <!-- ClickShoppingSubmitCartbutton -->
  <system-out/>
  <testcase name="ClickManageProducts" classname="com.OSMOSE.testcases.Product">
    <skipped/>
  </testcase> <!-- ClickManageProducts -->
  <system-out/>
  <testcase name="CreateQuote_Comments" classname="com.OSMOSE.testcases.Product">
    <skipped/>
  </testcase> <!-- CreateQuote_Comments -->
  <system-out/>
  <testcase name="ClickProductsinReview" classname="com.OSMOSE.testcases.Product">
    <skipped/>
  </testcase> <!-- ClickProductsinReview -->
  <system-out/>
  <testcase name="AddQuantityandverifyCellNumber" classname="com.OSMOSE.testcases.Product">
    <skipped/>
  </testcase> <!-- AddQuantityandverifyCellNumber -->
  <system-out/>
  <testcase name="VerifyApprovebtndisabled" classname="com.OSMOSE.testcases.Product">
    <skipped/>
  </testcase> <!-- VerifyApprovebtndisabled -->
  <system-out/>
  <testcase name="SubmitQuotewithOrderRequestedstatus" classname="com.OSMOSE.testcases.Product">
    <skipped/>
  </testcase> <!-- SubmitQuotewithOrderRequestedstatus -->
  <system-out/>
  <testcase name="verifyAddShoppingCarttext" classname="com.OSMOSE.testcases.Product">
    <skipped/>
  </testcase> <!-- verifyAddShoppingCarttext -->
  <system-out/>
  <testcase name="CreateQuote" classname="com.OSMOSE.testcases.Product">
    <skipped/>
  </testcase> <!-- CreateQuote -->
  <system-out/>
  <testcase name="HomepageCarticon" classname="com.OSMOSE.testcases.Product">
    <skipped/>
  </testcase> <!-- HomepageCarticon -->
  <system-out/>
  <testcase name="verifyThankyouPopup" classname="com.OSMOSE.testcases.Product">
    <skipped/>
  </testcase> <!-- verifyThankyouPopup -->
  <system-out/>
  <testcase name="CreateQuote_Attachment" classname="com.OSMOSE.testcases.Product">
    <skipped/>
  </testcase> <!-- CreateQuote_Attachment -->
  <system-out/>
</testsuite> <!-- com.OSMOSE.testcases.Product -->
