<?xml version="1.0" encoding="UTF-8"?>
<!-- Generated by org.testng.reporters.JUnitReportReporter -->
<testsuite skipped="2" hostname="5CG6323N27" name="com.OSMOSE.testcases.KnowledgeBase" tests="97" failures="0" timestamp="2020-10-07T15:54:38 IST" time="993.312" errors="0">
  <testcase name="verifyKnowledgeBaseNavigationClick" time="49.846" classname="com.OSMOSE.testcases.KnowledgeBase"/>
  <system-out>
Click to see Screenshot <a target="_blank" href=Wed_Oct_07_15_38_09_IST_2020.jpg>Screenshot</a> <br> <br> <a target="_blank" href=Wed_Oct_07_15_38_09_IST_2020.jpg><img src=Wed_Oct_07_15_38_09_IST_2020.jpg height=200 width=200></img></a>  </system-out>
  <testcase name="verifyLinksPresentOnKb" time="0.256" classname="com.OSMOSE.testcases.KnowledgeBase"/>
  <system-out>
Click to see Screenshot <a target="_blank" href=Wed_Oct_07_15_38_10_IST_2020.jpg>Screenshot</a> <br> <br> <a target="_blank" href=Wed_Oct_07_15_38_10_IST_2020.jpg><img src=Wed_Oct_07_15_38_10_IST_2020.jpg height=200 width=200></img></a>  </system-out>
  <testcase name="verifyPresenceOfSearchBox" time="0.137" classname="com.OSMOSE.testcases.KnowledgeBase"/>
  <system-out>
Click to see Screenshot <a target="_blank" href=Wed_Oct_07_15_38_11_IST_2020.jpg>Screenshot</a> <br> <br> <a target="_blank" href=Wed_Oct_07_15_38_11_IST_2020.jpg><img src=Wed_Oct_07_15_38_11_IST_2020.jpg height=200 width=200></img></a>  </system-out>
  <testcase name="verifyPresenceOfPopularQueriesFilter" time="0.052" classname="com.OSMOSE.testcases.KnowledgeBase"/>
  <system-out>
Click to see Screenshot <a target="_blank" href=Wed_Oct_07_15_38_11_IST_2020.jpg>Screenshot</a> <br> <br> <a target="_blank" href=Wed_Oct_07_15_38_11_IST_2020.jpg><img src=Wed_Oct_07_15_38_11_IST_2020.jpg height=200 width=200></img></a>  </system-out>
  <testcase name="verifyPresenceOfFilterItems" time="4.205" classname="com.OSMOSE.testcases.KnowledgeBase"/>
  <system-out>
Click to see Screenshot <a target="_blank" href=Wed_Oct_07_15_38_16_IST_2020.jpg>Screenshot</a> <br> <br> <a target="_blank" href=Wed_Oct_07_15_38_16_IST_2020.jpg><img src=Wed_Oct_07_15_38_16_IST_2020.jpg height=200 width=200></img></a>  </system-out>
  <testcase name="verifyPresenceSteelAndConcreteAssessmentCard" time="0.036" classname="com.OSMOSE.testcases.KnowledgeBase"/>
  <system-out>
Click to see Screenshot <a target="_blank" href=Wed_Oct_07_15_38_16_IST_2020.jpg>Screenshot</a> <br> <br> <a target="_blank" href=Wed_Oct_07_15_38_16_IST_2020.jpg><img src=Wed_Oct_07_15_38_16_IST_2020.jpg height=200 width=200></img></a>  </system-out>
  <testcase name="verifyPresenceSteelAndConcreteRestorationCard" time="0.035" classname="com.OSMOSE.testcases.KnowledgeBase"/>
  <system-out>
Click to see Screenshot <a target="_blank" href=Wed_Oct_07_15_38_17_IST_2020.jpg>Screenshot</a> <br> <br> <a target="_blank" href=Wed_Oct_07_15_38_17_IST_2020.jpg><img src=Wed_Oct_07_15_38_17_IST_2020.jpg height=200 width=200></img></a>  </system-out>
  <testcase name="verifyPresenceWoodInspectionAndTreatmentCard" time="0.030" classname="com.OSMOSE.testcases.KnowledgeBase"/>
  <system-out>
Click to see Screenshot <a target="_blank" href=Wed_Oct_07_15_38_17_IST_2020.jpg>Screenshot</a> <br> <br> <a target="_blank" href=Wed_Oct_07_15_38_17_IST_2020.jpg><img src=Wed_Oct_07_15_38_17_IST_2020.jpg height=200 width=200></img></a>  </system-out>
  <testcase name="verifyPresenceWoodRestorationCard" time="0.033" classname="com.OSMOSE.testcases.KnowledgeBase"/>
  <system-out>
Click to see Screenshot <a target="_blank" href=Wed_Oct_07_15_38_18_IST_2020.jpg>Screenshot</a> <br> <br> <a target="_blank" href=Wed_Oct_07_15_38_18_IST_2020.jpg><img src=Wed_Oct_07_15_38_18_IST_2020.jpg height=200 width=200></img></a>  </system-out>
  <testcase name="verifyPresenceUndergroundCard" time="0.040" classname="com.OSMOSE.testcases.KnowledgeBase"/>
  <system-out>
Click to see Screenshot <a target="_blank" href=Wed_Oct_07_15_38_18_IST_2020.jpg>Screenshot</a> <br> <br> <a target="_blank" href=Wed_Oct_07_15_38_18_IST_2020.jpg><img src=Wed_Oct_07_15_38_18_IST_2020.jpg height=200 width=200></img></a>  </system-out>
  <testcase name="verifyPresenceOverheadCard" time="0.044" classname="com.OSMOSE.testcases.KnowledgeBase"/>
  <system-out>
Click to see Screenshot <a target="_blank" href=Wed_Oct_07_15_38_18_IST_2020.jpg>Screenshot</a> <br> <br> <a target="_blank" href=Wed_Oct_07_15_38_18_IST_2020.jpg><img src=Wed_Oct_07_15_38_18_IST_2020.jpg height=200 width=200></img></a>  </system-out>
  <testcase name="verifyPresenceJointUseCard" time="0.047" classname="com.OSMOSE.testcases.KnowledgeBase"/>
  <system-out>
Click to see Screenshot <a target="_blank" href=Wed_Oct_07_15_38_19_IST_2020.jpg>Screenshot</a> <br> <br> <a target="_blank" href=Wed_Oct_07_15_38_19_IST_2020.jpg><img src=Wed_Oct_07_15_38_19_IST_2020.jpg height=200 width=200></img></a>  </system-out>
  <testcase name="verifyPresencePoleReplacementCard" time="0.058" classname="com.OSMOSE.testcases.KnowledgeBase"/>
  <system-out>
Click to see Screenshot <a target="_blank" href=Wed_Oct_07_15_38_19_IST_2020.jpg>Screenshot</a> <br> <br> <a target="_blank" href=Wed_Oct_07_15_38_19_IST_2020.jpg><img src=Wed_Oct_07_15_38_19_IST_2020.jpg height=200 width=200></img></a>  </system-out>
  <testcase name="verifyPresenceStormSupportCard" time="0.058" classname="com.OSMOSE.testcases.KnowledgeBase"/>
  <system-out>
Click to see Screenshot <a target="_blank" href=Wed_Oct_07_15_38_20_IST_2020.jpg>Screenshot</a> <br> <br> <a target="_blank" href=Wed_Oct_07_15_38_20_IST_2020.jpg><img src=Wed_Oct_07_15_38_20_IST_2020.jpg height=200 width=200></img></a>  </system-out>
  <testcase name="verifyPresenceProductsCard" time="0.045" classname="com.OSMOSE.testcases.KnowledgeBase"/>
  <system-out>
Click to see Screenshot <a target="_blank" href=Wed_Oct_07_15_38_20_IST_2020.jpg>Screenshot</a> <br> <br> <a target="_blank" href=Wed_Oct_07_15_38_20_IST_2020.jpg><img src=Wed_Oct_07_15_38_20_IST_2020.jpg height=200 width=200></img></a>  </system-out>
  <testcase name="verifyPresenceOCalcProCard" time="0.035" classname="com.OSMOSE.testcases.KnowledgeBase"/>
  <system-out>
Click to see Screenshot <a target="_blank" href=Wed_Oct_07_15_38_21_IST_2020.jpg>Screenshot</a> <br> <br> <a target="_blank" href=Wed_Oct_07_15_38_21_IST_2020.jpg><img src=Wed_Oct_07_15_38_21_IST_2020.jpg height=200 width=200></img></a>  </system-out>
  <testcase name="verifyPresenceProjectOfTheWeekCard" time="0.066" classname="com.OSMOSE.testcases.KnowledgeBase"/>
  <system-out>
Click to see Screenshot <a target="_blank" href=Wed_Oct_07_15_38_21_IST_2020.jpg>Screenshot</a> <br> <br> <a target="_blank" href=Wed_Oct_07_15_38_21_IST_2020.jpg><img src=Wed_Oct_07_15_38_21_IST_2020.jpg height=200 width=200></img></a>  </system-out>
  <testcase name="verifyPresenceWhatswrongwiththisPictureCard" time="0.048" classname="com.OSMOSE.testcases.KnowledgeBase"/>
  <system-out>
Click to see Screenshot <a target="_blank" href=Wed_Oct_07_15_38_22_IST_2020.jpg>Screenshot</a> <br> <br> <a target="_blank" href=Wed_Oct_07_15_38_22_IST_2020.jpg><img src=Wed_Oct_07_15_38_22_IST_2020.jpg height=200 width=200></img></a>  </system-out>
  <testcase name="verifyPresenceFeaturedVideosCard" time="0.032" classname="com.OSMOSE.testcases.KnowledgeBase"/>
  <system-out>
Click to see Screenshot <a target="_blank" href=Wed_Oct_07_15_38_22_IST_2020.jpg>Screenshot</a> <br> <br> <a target="_blank" href=Wed_Oct_07_15_38_22_IST_2020.jpg><img src=Wed_Oct_07_15_38_22_IST_2020.jpg height=200 width=200></img></a>  </system-out>
  <testcase name="verifyPresenceSuggestedContentsCard" time="0.035" classname="com.OSMOSE.testcases.KnowledgeBase"/>
  <system-out>
Click to see Screenshot <a target="_blank" href=Wed_Oct_07_15_38_23_IST_2020.jpg>Screenshot</a> <br> <br> <a target="_blank" href=Wed_Oct_07_15_38_23_IST_2020.jpg><img src=Wed_Oct_07_15_38_23_IST_2020.jpg height=200 width=200></img></a>  </system-out>
  <testcase name="verifyPresenceOfOcalCproButtons" time="3.601" classname="com.OSMOSE.testcases.KnowledgeBase"/>
  <system-out>
Click to see Screenshot <a target="_blank" href=Wed_Oct_07_15_38_27_IST_2020.jpg>Screenshot</a> <br> <br> <a target="_blank" href=Wed_Oct_07_15_38_27_IST_2020.jpg><img src=Wed_Oct_07_15_38_27_IST_2020.jpg height=200 width=200></img></a>  </system-out>
  <testcase name="verifyPresenceOfSliderOnSuggestedContents" time="8.144" classname="com.OSMOSE.testcases.KnowledgeBase"/>
  <system-out>
Click to see Screenshot <a target="_blank" href=Wed_Oct_07_15_38_36_IST_2020.jpg>Screenshot</a> <br> <br> <a target="_blank" href=Wed_Oct_07_15_38_36_IST_2020.jpg><img src=Wed_Oct_07_15_38_36_IST_2020.jpg height=200 width=200></img></a>  </system-out>
  <testcase name="verifyClickOnItemSuggestedContents" time="9.235" classname="com.OSMOSE.testcases.KnowledgeBase"/>
  <system-out>
Click to see Screenshot <a target="_blank" href=Wed_Oct_07_15_38_45_IST_2020.jpg>Screenshot</a> <br> <br> <a target="_blank" href=Wed_Oct_07_15_38_45_IST_2020.jpg><img src=Wed_Oct_07_15_38_45_IST_2020.jpg height=200 width=200></img></a>  </system-out>
  <testcase name="verifyClickOnItemFeaturedVideos" time="5.333" classname="com.OSMOSE.testcases.KnowledgeBase"/>
  <system-out>
Click to see Screenshot <a target="_blank" href=Wed_Oct_07_15_38_51_IST_2020.jpg>Screenshot</a> <br> <br> <a target="_blank" href=Wed_Oct_07_15_38_51_IST_2020.jpg><img src=Wed_Oct_07_15_38_51_IST_2020.jpg height=200 width=200></img></a>  </system-out>
  <testcase name="verifyClickOnViewProjectProjectOfTheWeek" time="7.299" classname="com.OSMOSE.testcases.KnowledgeBase"/>
  <system-out>
Click to see Screenshot <a target="_blank" href=Wed_Oct_07_15_38_59_IST_2020.jpg>Screenshot</a> <br> <br> <a target="_blank" href=Wed_Oct_07_15_38_59_IST_2020.jpg><img src=Wed_Oct_07_15_38_59_IST_2020.jpg height=200 width=200></img></a>  </system-out>
  <testcase name="verifyCardContentsSteelConcreteAssessment" time="0.304" classname="com.OSMOSE.testcases.KnowledgeBase"/>
  <system-out>
Click to see Screenshot <a target="_blank" href=Wed_Oct_07_15_39_00_IST_2020.jpg>Screenshot</a> <br> <br> <a target="_blank" href=Wed_Oct_07_15_39_00_IST_2020.jpg><img src=Wed_Oct_07_15_39_00_IST_2020.jpg height=200 width=200></img></a>  </system-out>
  <testcase name="verifyCardContentsSteelConcreteRestoration" time="0.188" classname="com.OSMOSE.testcases.KnowledgeBase"/>
  <system-out>
Click to see Screenshot <a target="_blank" href=Wed_Oct_07_15_39_01_IST_2020.jpg>Screenshot</a> <br> <br> <a target="_blank" href=Wed_Oct_07_15_39_01_IST_2020.jpg><img src=Wed_Oct_07_15_39_01_IST_2020.jpg height=200 width=200></img></a>  </system-out>
  <testcase name="verifyCardContentsWoodInspectionTreatment" time="0.191" classname="com.OSMOSE.testcases.KnowledgeBase"/>
  <system-out>
Click to see Screenshot <a target="_blank" href=Wed_Oct_07_15_39_01_IST_2020.jpg>Screenshot</a> <br> <br> <a target="_blank" href=Wed_Oct_07_15_39_01_IST_2020.jpg><img src=Wed_Oct_07_15_39_01_IST_2020.jpg height=200 width=200></img></a>  </system-out>
  <testcase name="verifyCardContentsWoodRestoration" time="0.193" classname="com.OSMOSE.testcases.KnowledgeBase"/>
  <system-out>
Click to see Screenshot <a target="_blank" href=Wed_Oct_07_15_39_02_IST_2020.jpg>Screenshot</a> <br> <br> <a target="_blank" href=Wed_Oct_07_15_39_02_IST_2020.jpg><img src=Wed_Oct_07_15_39_02_IST_2020.jpg height=200 width=200></img></a>  </system-out>
  <testcase name="verifyCardContentsJointUse" time="0.276" classname="com.OSMOSE.testcases.KnowledgeBase"/>
  <system-out>
Click to see Screenshot <a target="_blank" href=Wed_Oct_07_15_39_03_IST_2020.jpg>Screenshot</a> <br> <br> <a target="_blank" href=Wed_Oct_07_15_39_03_IST_2020.jpg><img src=Wed_Oct_07_15_39_03_IST_2020.jpg height=200 width=200></img></a>  </system-out>
  <testcase name="verifyCardContentsOverhead" time="0.201" classname="com.OSMOSE.testcases.KnowledgeBase"/>
  <system-out>
Click to see Screenshot <a target="_blank" href=Wed_Oct_07_15_39_03_IST_2020.jpg>Screenshot</a> <br> <br> <a target="_blank" href=Wed_Oct_07_15_39_03_IST_2020.jpg><img src=Wed_Oct_07_15_39_03_IST_2020.jpg height=200 width=200></img></a>  </system-out>
  <testcase name="verifyCardContentsPoleReplacement" time="0.187" classname="com.OSMOSE.testcases.KnowledgeBase"/>
  <system-out>
Click to see Screenshot <a target="_blank" href=Wed_Oct_07_15_39_04_IST_2020.jpg>Screenshot</a> <br> <br> <a target="_blank" href=Wed_Oct_07_15_39_04_IST_2020.jpg><img src=Wed_Oct_07_15_39_04_IST_2020.jpg height=200 width=200></img></a>  </system-out>
  <testcase name="verifyCardContentsProducts" time="0.200" classname="com.OSMOSE.testcases.KnowledgeBase"/>
  <system-out>
Click to see Screenshot <a target="_blank" href=Wed_Oct_07_15_39_05_IST_2020.jpg>Screenshot</a> <br> <br> <a target="_blank" href=Wed_Oct_07_15_39_05_IST_2020.jpg><img src=Wed_Oct_07_15_39_05_IST_2020.jpg height=200 width=200></img></a>  </system-out>
  <testcase name="verifyCardContentsStormSupport" time="0.177" classname="com.OSMOSE.testcases.KnowledgeBase"/>
  <system-out>
Click to see Screenshot <a target="_blank" href=Wed_Oct_07_15_39_05_IST_2020.jpg>Screenshot</a> <br> <br> <a target="_blank" href=Wed_Oct_07_15_39_05_IST_2020.jpg><img src=Wed_Oct_07_15_39_05_IST_2020.jpg height=200 width=200></img></a>  </system-out>
  <testcase name="verifyCardContentsUnderground" time="0.186" classname="com.OSMOSE.testcases.KnowledgeBase"/>
  <system-out>
Click to see Screenshot <a target="_blank" href=Wed_Oct_07_15_39_06_IST_2020.jpg>Screenshot</a> <br> <br> <a target="_blank" href=Wed_Oct_07_15_39_06_IST_2020.jpg><img src=Wed_Oct_07_15_39_06_IST_2020.jpg height=200 width=200></img></a>  </system-out>
  <testcase name="verifyClickOnDailyGaffGallery" time="16.350" classname="com.OSMOSE.testcases.KnowledgeBase"/>
  <system-out>
Click to see Screenshot <a target="_blank" href=Wed_Oct_07_15_39_23_IST_2020.jpg>Screenshot</a> <br> <br> <a target="_blank" href=Wed_Oct_07_15_39_23_IST_2020.jpg><img src=Wed_Oct_07_15_39_23_IST_2020.jpg height=200 width=200></img></a>  </system-out>
  <testcase name="verifyClickOnDailyGaffGalleryImage" time="12.507" classname="com.OSMOSE.testcases.KnowledgeBase"/>
  <system-out>
Click to see Screenshot <a target="_blank" href=Wed_Oct_07_15_39_36_IST_2020.jpg>Screenshot</a> <br> <br> <a target="_blank" href=Wed_Oct_07_15_39_36_IST_2020.jpg><img src=Wed_Oct_07_15_39_36_IST_2020.jpg height=200 width=200></img></a>  </system-out>
  <testcase name="verifyClickOnJointUseCard" time="24.522" classname="com.OSMOSE.testcases.KnowledgeBase"/>
  <system-out>
Click to see Screenshot <a target="_blank" href=Wed_Oct_07_15_40_01_IST_2020.jpg>Screenshot</a> <br> <br> <a target="_blank" href=Wed_Oct_07_15_40_01_IST_2020.jpg><img src=Wed_Oct_07_15_40_01_IST_2020.jpg height=200 width=200></img></a>  </system-out>
  <testcase name="verifyClickOnOverheadCard" time="20.269" classname="com.OSMOSE.testcases.KnowledgeBase"/>
  <system-out>
Click to see Screenshot <a target="_blank" href=Wed_Oct_07_15_40_21_IST_2020.jpg>Screenshot</a> <br> <br> <a target="_blank" href=Wed_Oct_07_15_40_21_IST_2020.jpg><img src=Wed_Oct_07_15_40_21_IST_2020.jpg height=200 width=200></img></a>  </system-out>
  <testcase name="verifyClickOnPoleReplacementCard" time="20.312" classname="com.OSMOSE.testcases.KnowledgeBase"/>
  <system-out>
Click to see Screenshot <a target="_blank" href=Wed_Oct_07_15_40_42_IST_2020.jpg>Screenshot</a> <br> <br> <a target="_blank" href=Wed_Oct_07_15_40_42_IST_2020.jpg><img src=Wed_Oct_07_15_40_42_IST_2020.jpg height=200 width=200></img></a>  </system-out>
  <testcase name="verifyClickOnProductsCard" time="14.118" classname="com.OSMOSE.testcases.KnowledgeBase"/>
  <system-out>
Click to see Screenshot <a target="_blank" href=Wed_Oct_07_15_40_57_IST_2020.jpg>Screenshot</a> <br> <br> <a target="_blank" href=Wed_Oct_07_15_40_57_IST_2020.jpg><img src=Wed_Oct_07_15_40_57_IST_2020.jpg height=200 width=200></img></a>  </system-out>
  <testcase name="verifyClickOnSteelandConcreteAssessmentCard" time="19.305" classname="com.OSMOSE.testcases.KnowledgeBase"/>
  <system-out>
Click to see Screenshot <a target="_blank" href=Wed_Oct_07_15_41_16_IST_2020.jpg>Screenshot</a> <br> <br> <a target="_blank" href=Wed_Oct_07_15_41_16_IST_2020.jpg><img src=Wed_Oct_07_15_41_16_IST_2020.jpg height=200 width=200></img></a>  </system-out>
  <testcase name="verifyClickOnSteelandConcreteRestorationCard" time="19.313" classname="com.OSMOSE.testcases.KnowledgeBase"/>
  <system-out>
Click to see Screenshot <a target="_blank" href=Wed_Oct_07_15_41_36_IST_2020.jpg>Screenshot</a> <br> <br> <a target="_blank" href=Wed_Oct_07_15_41_36_IST_2020.jpg><img src=Wed_Oct_07_15_41_36_IST_2020.jpg height=200 width=200></img></a>  </system-out>
  <testcase name="verifyClickOnStormSupportCard" time="20.352" classname="com.OSMOSE.testcases.KnowledgeBase"/>
  <system-out>
Click to see Screenshot <a target="_blank" href=Wed_Oct_07_15_41_57_IST_2020.jpg>Screenshot</a> <br> <br> <a target="_blank" href=Wed_Oct_07_15_41_57_IST_2020.jpg><img src=Wed_Oct_07_15_41_57_IST_2020.jpg height=200 width=200></img></a>  </system-out>
  <testcase name="verifyClickOnUndergroundCard" time="20.261" classname="com.OSMOSE.testcases.KnowledgeBase"/>
  <system-out>
Click to see Screenshot <a target="_blank" href=Wed_Oct_07_15_42_18_IST_2020.jpg>Screenshot</a> <br> <br> <a target="_blank" href=Wed_Oct_07_15_42_18_IST_2020.jpg><img src=Wed_Oct_07_15_42_18_IST_2020.jpg height=200 width=200></img></a>  </system-out>
  <testcase name="verifyClickOnWoodRestorationCard" time="19.349" classname="com.OSMOSE.testcases.KnowledgeBase"/>
  <system-out>
Click to see Screenshot <a target="_blank" href=Wed_Oct_07_15_42_37_IST_2020.jpg>Screenshot</a> <br> <br> <a target="_blank" href=Wed_Oct_07_15_42_37_IST_2020.jpg><img src=Wed_Oct_07_15_42_37_IST_2020.jpg height=200 width=200></img></a>  </system-out>
  <testcase name="verifyClickOnWoodInspectionCard" time="19.256" classname="com.OSMOSE.testcases.KnowledgeBase"/>
  <system-out>
Click to see Screenshot <a target="_blank" href=Wed_Oct_07_15_42_57_IST_2020.jpg>Screenshot</a> <br> <br> <a target="_blank" href=Wed_Oct_07_15_42_57_IST_2020.jpg><img src=Wed_Oct_07_15_42_57_IST_2020.jpg height=200 width=200></img></a>  </system-out>
  <testcase name="verifyClickonJointUsImages" time="6.111" classname="com.OSMOSE.testcases.KnowledgeBase"/>
  <system-out>
Click to see Screenshot <a target="_blank" href=Wed_Oct_07_15_43_04_IST_2020.jpg>Screenshot</a> <br> <br> <a target="_blank" href=Wed_Oct_07_15_43_04_IST_2020.jpg><img src=Wed_Oct_07_15_43_04_IST_2020.jpg height=200 width=200></img></a>  </system-out>
  <testcase name="verifyClickonJointUsVideos" time="31.789" classname="com.OSMOSE.testcases.KnowledgeBase"/>
  <system-out>
Click to see Screenshot <a target="_blank" href=Wed_Oct_07_15_43_36_IST_2020.jpg>Screenshot</a> <br> <br> <a target="_blank" href=Wed_Oct_07_15_43_36_IST_2020.jpg><img src=Wed_Oct_07_15_43_36_IST_2020.jpg height=200 width=200></img></a>  </system-out>
  <testcase name="verifyClickonJointUsArticles" time="6.680" classname="com.OSMOSE.testcases.KnowledgeBase"/>
  <system-out>
Click to see Screenshot <a target="_blank" href=Wed_Oct_07_15_43_43_IST_2020.jpg>Screenshot</a> <br> <br> <a target="_blank" href=Wed_Oct_07_15_43_43_IST_2020.jpg><img src=Wed_Oct_07_15_43_43_IST_2020.jpg height=200 width=200></img></a>  </system-out>
  <testcase name="verifyClickonOverheadVideos" time="3.120" classname="com.OSMOSE.testcases.KnowledgeBase"/>
  <system-out>
Click to see Screenshot <a target="_blank" href=Wed_Oct_07_15_43_46_IST_2020.jpg>Screenshot</a> <br> <br> <a target="_blank" href=Wed_Oct_07_15_43_46_IST_2020.jpg><img src=Wed_Oct_07_15_43_46_IST_2020.jpg height=200 width=200></img></a>  </system-out>
  <testcase name="verifyClickonOverheadImages" time="6.718" classname="com.OSMOSE.testcases.KnowledgeBase"/>
  <system-out>
Click to see Screenshot <a target="_blank" href=Wed_Oct_07_15_43_54_IST_2020.jpg>Screenshot</a> <br> <br> <a target="_blank" href=Wed_Oct_07_15_43_54_IST_2020.jpg><img src=Wed_Oct_07_15_43_54_IST_2020.jpg height=200 width=200></img></a>  </system-out>
  <testcase name="verifyClickonOverheadProjectProfiles" time="6.093" classname="com.OSMOSE.testcases.KnowledgeBase"/>
  <system-out>
Click to see Screenshot <a target="_blank" href=Wed_Oct_07_15_44_00_IST_2020.jpg>Screenshot</a> <br> <br> <a target="_blank" href=Wed_Oct_07_15_44_00_IST_2020.jpg><img src=Wed_Oct_07_15_44_00_IST_2020.jpg height=200 width=200></img></a>  </system-out>
  <testcase name="verifyClickonPoleReplacementImages" time="6.707" classname="com.OSMOSE.testcases.KnowledgeBase"/>
  <system-out>
Click to see Screenshot <a target="_blank" href=Wed_Oct_07_15_44_07_IST_2020.jpg>Screenshot</a> <br> <br> <a target="_blank" href=Wed_Oct_07_15_44_07_IST_2020.jpg><img src=Wed_Oct_07_15_44_07_IST_2020.jpg height=200 width=200></img></a>  </system-out>
  <testcase name="verifyClickonPoleReplacementVideos" time="6.118" classname="com.OSMOSE.testcases.KnowledgeBase"/>
  <system-out>
Click to see Screenshot <a target="_blank" href=Wed_Oct_07_15_44_14_IST_2020.jpg>Screenshot</a> <br> <br> <a target="_blank" href=Wed_Oct_07_15_44_14_IST_2020.jpg><img src=Wed_Oct_07_15_44_14_IST_2020.jpg height=200 width=200></img></a>  </system-out>
  <testcase name="verifyClickonPoleReplacementBrochure" time="25.705" classname="com.OSMOSE.testcases.KnowledgeBase"/>
  <system-out>
Click to see Screenshot <a target="_blank" href=Wed_Oct_07_15_44_40_IST_2020.jpg>Screenshot</a> <br> <br> <a target="_blank" href=Wed_Oct_07_15_44_40_IST_2020.jpg><img src=Wed_Oct_07_15_44_40_IST_2020.jpg height=200 width=200></img></a>  </system-out>
  <testcase name="verifyClickonProductsImages" time="6.822" classname="com.OSMOSE.testcases.KnowledgeBase"/>
  <system-out>
Click to see Screenshot <a target="_blank" href=Wed_Oct_07_15_44_48_IST_2020.jpg>Screenshot</a> <br> <br> <a target="_blank" href=Wed_Oct_07_15_44_48_IST_2020.jpg><img src=Wed_Oct_07_15_44_48_IST_2020.jpg height=200 width=200></img></a>  </system-out>
  <testcase name="verifyClickonProductsVideos" time="6.103" classname="com.OSMOSE.testcases.KnowledgeBase"/>
  <system-out>
Click to see Screenshot <a target="_blank" href=Wed_Oct_07_15_44_54_IST_2020.jpg>Screenshot</a> <br> <br> <a target="_blank" href=Wed_Oct_07_15_44_54_IST_2020.jpg><img src=Wed_Oct_07_15_44_54_IST_2020.jpg height=200 width=200></img></a>  </system-out>
  <testcase name="verifyClickonProductsProductCatalog" time="6.696" classname="com.OSMOSE.testcases.KnowledgeBase"/>
  <system-out>
Click to see Screenshot <a target="_blank" href=Wed_Oct_07_15_45_01_IST_2020.jpg>Screenshot</a> <br> <br> <a target="_blank" href=Wed_Oct_07_15_45_01_IST_2020.jpg><img src=Wed_Oct_07_15_45_01_IST_2020.jpg height=200 width=200></img></a>  </system-out>
  <testcase name="verifyClickonSteelAndConcreteAssessmentImages" time="26.636" classname="com.OSMOSE.testcases.KnowledgeBase"/>
  <system-out>
Click to see Screenshot <a target="_blank" href=Wed_Oct_07_15_45_28_IST_2020.jpg>Screenshot</a> <br> <br> <a target="_blank" href=Wed_Oct_07_15_45_28_IST_2020.jpg><img src=Wed_Oct_07_15_45_28_IST_2020.jpg height=200 width=200></img></a>  </system-out>
  <testcase name="verifyClickonSteelAndConcreteAssessmentBrochures" time="6.765" classname="com.OSMOSE.testcases.KnowledgeBase"/>
  <system-out>
Click to see Screenshot <a target="_blank" href=Wed_Oct_07_15_45_36_IST_2020.jpg>Screenshot</a> <br> <br> <a target="_blank" href=Wed_Oct_07_15_45_36_IST_2020.jpg><img src=Wed_Oct_07_15_45_36_IST_2020.jpg height=200 width=200></img></a>  </system-out>
  <testcase name="verifyClickonSteelAndConcreteAssessmentStandardsCodes" time="6.087" classname="com.OSMOSE.testcases.KnowledgeBase"/>
  <system-out>
Click to see Screenshot <a target="_blank" href=Wed_Oct_07_15_45_42_IST_2020.jpg>Screenshot</a> <br> <br> <a target="_blank" href=Wed_Oct_07_15_45_42_IST_2020.jpg><img src=Wed_Oct_07_15_45_42_IST_2020.jpg height=200 width=200></img></a>  </system-out>
  <testcase name="verifyClickonSteelAndConcreteRestorationArticles" time="6.710" classname="com.OSMOSE.testcases.KnowledgeBase"/>
  <system-out>
Click to see Screenshot <a target="_blank" href=Wed_Oct_07_15_45_49_IST_2020.jpg>Screenshot</a> <br> <br> <a target="_blank" href=Wed_Oct_07_15_45_49_IST_2020.jpg><img src=Wed_Oct_07_15_45_49_IST_2020.jpg height=200 width=200></img></a>  </system-out>
  <testcase name="verifyClickonSteelAndConcreteRestorationBrochures" time="6.086" classname="com.OSMOSE.testcases.KnowledgeBase"/>
  <system-out>
Click to see Screenshot <a target="_blank" href=Wed_Oct_07_15_45_56_IST_2020.jpg>Screenshot</a> <br> <br> <a target="_blank" href=Wed_Oct_07_15_45_56_IST_2020.jpg><img src=Wed_Oct_07_15_45_56_IST_2020.jpg height=200 width=200></img></a>  </system-out>
  <testcase name="verifyClickonSteelAndConcreteRestorationImages" time="6.768" classname="com.OSMOSE.testcases.KnowledgeBase"/>
  <system-out>
Click to see Screenshot <a target="_blank" href=Wed_Oct_07_15_46_03_IST_2020.jpg>Screenshot</a> <br> <br> <a target="_blank" href=Wed_Oct_07_15_46_03_IST_2020.jpg><img src=Wed_Oct_07_15_46_03_IST_2020.jpg height=200 width=200></img></a>  </system-out>
  <testcase name="verifyClickonStormSupportImages" time="24.707" classname="com.OSMOSE.testcases.KnowledgeBase"/>
  <system-out>
Click to see Screenshot <a target="_blank" href=Wed_Oct_07_15_46_28_IST_2020.jpg>Screenshot</a> <br> <br> <a target="_blank" href=Wed_Oct_07_15_46_28_IST_2020.jpg><img src=Wed_Oct_07_15_46_28_IST_2020.jpg height=200 width=200></img></a>  </system-out>
  <testcase name="verifyClickonStormSupportVideos" time="30.596" classname="com.OSMOSE.testcases.KnowledgeBase"/>
  <system-out>
Click to see Screenshot <a target="_blank" href=Wed_Oct_07_15_46_59_IST_2020.jpg>Screenshot</a> <br> <br> <a target="_blank" href=Wed_Oct_07_15_46_59_IST_2020.jpg><img src=Wed_Oct_07_15_46_59_IST_2020.jpg height=200 width=200></img></a>  </system-out>
  <testcase name="verifyClickonStormSupportProjectProfiles" time="24.718" classname="com.OSMOSE.testcases.KnowledgeBase"/>
  <system-out>
Click to see Screenshot <a target="_blank" href=Wed_Oct_07_15_47_24_IST_2020.jpg>Screenshot</a> <br> <br> <a target="_blank" href=Wed_Oct_07_15_47_24_IST_2020.jpg><img src=Wed_Oct_07_15_47_24_IST_2020.jpg height=200 width=200></img></a>  </system-out>
  <testcase name="verifyClickonUndergroundImages" time="9.098" classname="com.OSMOSE.testcases.KnowledgeBase"/>
  <system-out>
Click to see Screenshot <a target="_blank" href=Wed_Oct_07_15_47_34_IST_2020.jpg>Screenshot</a> <br> <br> <a target="_blank" href=Wed_Oct_07_15_47_34_IST_2020.jpg><img src=Wed_Oct_07_15_47_34_IST_2020.jpg height=200 width=200></img></a>  </system-out>
  <testcase name="verifyClickonUndergroundBrochure" time="6.112" classname="com.OSMOSE.testcases.KnowledgeBase"/>
  <system-out>
Click to see Screenshot <a target="_blank" href=Wed_Oct_07_15_47_40_IST_2020.jpg>Screenshot</a> <br> <br> <a target="_blank" href=Wed_Oct_07_15_47_40_IST_2020.jpg><img src=Wed_Oct_07_15_47_40_IST_2020.jpg height=200 width=200></img></a>  </system-out>
  <testcase name="verifyClickonUndergroundDiagram" time="6.723" classname="com.OSMOSE.testcases.KnowledgeBase"/>
  <system-out>
Click to see Screenshot <a target="_blank" href=Wed_Oct_07_15_47_48_IST_2020.jpg>Screenshot</a> <br> <br> <a target="_blank" href=Wed_Oct_07_15_47_48_IST_2020.jpg><img src=Wed_Oct_07_15_47_48_IST_2020.jpg height=200 width=200></img></a>  </system-out>
  <testcase name="verifyClickonWoodRestorationVideos" time="6.092" classname="com.OSMOSE.testcases.KnowledgeBase"/>
  <system-out>
Click to see Screenshot <a target="_blank" href=Wed_Oct_07_15_47_54_IST_2020.jpg>Screenshot</a> <br> <br> <a target="_blank" href=Wed_Oct_07_15_47_54_IST_2020.jpg><img src=Wed_Oct_07_15_47_54_IST_2020.jpg height=200 width=200></img></a>  </system-out>
  <testcase name="verifyClickonWoodRestorationBrochures" time="6.723" classname="com.OSMOSE.testcases.KnowledgeBase"/>
  <system-out>
Click to see Screenshot <a target="_blank" href=Wed_Oct_07_15_48_01_IST_2020.jpg>Screenshot</a> <br> <br> <a target="_blank" href=Wed_Oct_07_15_48_01_IST_2020.jpg><img src=Wed_Oct_07_15_48_01_IST_2020.jpg height=200 width=200></img></a>  </system-out>
  <testcase name="verifyClickonWoodRestorationArticles" time="6.145" classname="com.OSMOSE.testcases.KnowledgeBase"/>
  <system-out>
Click to see Screenshot <a target="_blank" href=Wed_Oct_07_15_48_08_IST_2020.jpg>Screenshot</a> <br> <br> <a target="_blank" href=Wed_Oct_07_15_48_08_IST_2020.jpg><img src=Wed_Oct_07_15_48_08_IST_2020.jpg height=200 width=200></img></a>  </system-out>
  <testcase name="verifyClickonWoodTreatmentVideos" time="6.728" classname="com.OSMOSE.testcases.KnowledgeBase"/>
  <system-out>
Click to see Screenshot <a target="_blank" href=Wed_Oct_07_15_48_15_IST_2020.jpg>Screenshot</a> <br> <br> <a target="_blank" href=Wed_Oct_07_15_48_15_IST_2020.jpg><img src=Wed_Oct_07_15_48_15_IST_2020.jpg height=200 width=200></img></a>  </system-out>
  <testcase name="verifyClickonWoodTreatmentImages" time="6.094" classname="com.OSMOSE.testcases.KnowledgeBase"/>
  <system-out>
Click to see Screenshot <a target="_blank" href=Wed_Oct_07_15_48_21_IST_2020.jpg>Screenshot</a> <br> <br> <a target="_blank" href=Wed_Oct_07_15_48_21_IST_2020.jpg><img src=Wed_Oct_07_15_48_21_IST_2020.jpg height=200 width=200></img></a>  </system-out>
  <testcase name="verifyClickonWoodTreatmentResearch" time="6.765" classname="com.OSMOSE.testcases.KnowledgeBase"/>
  <system-out>
Click to see Screenshot <a target="_blank" href=Wed_Oct_07_15_48_29_IST_2020.jpg>Screenshot</a> <br> <br> <a target="_blank" href=Wed_Oct_07_15_48_29_IST_2020.jpg><img src=Wed_Oct_07_15_48_29_IST_2020.jpg height=200 width=200></img></a>  </system-out>
  <testcase name="verifyClickonVideosSeeMore" time="18.413" classname="com.OSMOSE.testcases.KnowledgeBase"/>
  <system-out>
Click to see Screenshot <a target="_blank" href=Wed_Oct_07_15_48_48_IST_2020.jpg>Screenshot</a> <br> <br> <a target="_blank" href=Wed_Oct_07_15_48_48_IST_2020.jpg><img src=Wed_Oct_07_15_48_48_IST_2020.jpg height=200 width=200></img></a>  </system-out>
  <testcase name="verifyClickonImagesSeeMore" time="24.348" classname="com.OSMOSE.testcases.KnowledgeBase"/>
  <system-out>
Click to see Screenshot <a target="_blank" href=Wed_Oct_07_15_49_12_IST_2020.jpg>Screenshot</a> <br> <br> <a target="_blank" href=Wed_Oct_07_15_49_12_IST_2020.jpg><img src=Wed_Oct_07_15_49_12_IST_2020.jpg height=200 width=200></img></a>  </system-out>
  <testcase name="verifyClickonDocumentsSeeMore" time="24.315" classname="com.OSMOSE.testcases.KnowledgeBase"/>
  <system-out>
Click to see Screenshot <a target="_blank" href=Wed_Oct_07_15_49_37_IST_2020.jpg>Screenshot</a> <br> <br> <a target="_blank" href=Wed_Oct_07_15_49_37_IST_2020.jpg><img src=Wed_Oct_07_15_49_37_IST_2020.jpg height=200 width=200></img></a>  </system-out>
  <testcase name="verifyClickonJointUseManagementServicesSeeMore" time="28.015" classname="com.OSMOSE.testcases.KnowledgeBase"/>
  <system-out>
Click to see Screenshot <a target="_blank" href=Wed_Oct_07_15_50_06_IST_2020.jpg>Screenshot</a> <br> <br> <a target="_blank" href=Wed_Oct_07_15_50_06_IST_2020.jpg><img src=Wed_Oct_07_15_50_06_IST_2020.jpg height=200 width=200></img></a>  </system-out>
  <testcase name="verifyDynamicDropdown" time="19.498" classname="com.OSMOSE.testcases.KnowledgeBase"/>
  <system-out>
Click to see Screenshot <a target="_blank" href=Wed_Oct_07_15_50_26_IST_2020.jpg>Screenshot</a> <br> <br> <a target="_blank" href=Wed_Oct_07_15_50_26_IST_2020.jpg><img src=Wed_Oct_07_15_50_26_IST_2020.jpg height=200 width=200></img></a>  </system-out>
  <testcase name="verifySearchResultsAreGrouped" time="18.314" classname="com.OSMOSE.testcases.KnowledgeBase"/>
  <system-out>
Click to see Screenshot <a target="_blank" href=Wed_Oct_07_15_50_44_IST_2020.jpg>Screenshot</a> <br> <br> <a target="_blank" href=Wed_Oct_07_15_50_44_IST_2020.jpg><img src=Wed_Oct_07_15_50_44_IST_2020.jpg height=200 width=200></img></a>  </system-out>
  <testcase name="verifySearchResultsAreGroupedAfterfilterUpdation" time="25.393" classname="com.OSMOSE.testcases.KnowledgeBase"/>
  <system-out>
Click to see Screenshot <a target="_blank" href=Wed_Oct_07_15_51_10_IST_2020.jpg>Screenshot</a> <br> <br> <a target="_blank" href=Wed_Oct_07_15_51_10_IST_2020.jpg><img src=Wed_Oct_07_15_51_10_IST_2020.jpg height=200 width=200></img></a>  </system-out>
  <testcase name="verifySearchResultsOnTyping" time="18.407" classname="com.OSMOSE.testcases.KnowledgeBase"/>
  <system-out>
Click to see Screenshot <a target="_blank" href=Wed_Oct_07_15_51_29_IST_2020.jpg>Screenshot</a> <br> <br> <a target="_blank" href=Wed_Oct_07_15_51_29_IST_2020.jpg><img src=Wed_Oct_07_15_51_29_IST_2020.jpg height=200 width=200></img></a>  </system-out>
  <testcase name="verifyClearButtonOnTyping" time="9.151" classname="com.OSMOSE.testcases.KnowledgeBase"/>
  <system-out>
Click to see Screenshot <a target="_blank" href=Wed_Oct_07_15_51_39_IST_2020.jpg>Screenshot</a> <br> <br> <a target="_blank" href=Wed_Oct_07_15_51_39_IST_2020.jpg><img src=Wed_Oct_07_15_51_39_IST_2020.jpg height=200 width=200></img></a>  </system-out>
  <testcase name="verifySearchResultsAreVideos" time="20.255" classname="com.OSMOSE.testcases.KnowledgeBase"/>
  <system-out>
Click to see Screenshot <a target="_blank" href=Wed_Oct_07_15_51_59_IST_2020.jpg>Screenshot</a> <br> <br> <a target="_blank" href=Wed_Oct_07_15_51_59_IST_2020.jpg><img src=Wed_Oct_07_15_51_59_IST_2020.jpg height=200 width=200></img></a>  </system-out>
  <testcase name="verifySearchResultsAreImages" time="20.318" classname="com.OSMOSE.testcases.KnowledgeBase"/>
  <system-out>
Click to see Screenshot <a target="_blank" href=Wed_Oct_07_15_52_20_IST_2020.jpg>Screenshot</a> <br> <br> <a target="_blank" href=Wed_Oct_07_15_52_20_IST_2020.jpg><img src=Wed_Oct_07_15_52_20_IST_2020.jpg height=200 width=200></img></a>  </system-out>
  <testcase name="verifySearchResultsAreDocuments" time="20.263" classname="com.OSMOSE.testcases.KnowledgeBase"/>
  <system-out>
Click to see Screenshot <a target="_blank" href=Wed_Oct_07_15_52_41_IST_2020.jpg>Screenshot</a> <br> <br> <a target="_blank" href=Wed_Oct_07_15_52_41_IST_2020.jpg><img src=Wed_Oct_07_15_52_41_IST_2020.jpg height=200 width=200></img></a>  </system-out>
  <testcase name="verifyNoResultsFoundMessage" time="9.567" classname="com.OSMOSE.testcases.KnowledgeBase"/>
  <system-out>
Click to see Screenshot <a target="_blank" href=Wed_Oct_07_15_52_51_IST_2020.jpg>Screenshot</a> <br> <br> <a target="_blank" href=Wed_Oct_07_15_52_51_IST_2020.jpg><img src=Wed_Oct_07_15_52_51_IST_2020.jpg height=200 width=200></img></a>  </system-out>
  <testcase name="verifyPresenceOfSortBy" time="26.546" classname="com.OSMOSE.testcases.KnowledgeBase"/>
  <system-out>
Click to see Screenshot <a target="_blank" href=Wed_Oct_07_15_53_18_IST_2020.jpg>Screenshot</a> <br> <br> <a target="_blank" href=Wed_Oct_07_15_53_18_IST_2020.jpg><img src=Wed_Oct_07_15_53_18_IST_2020.jpg height=200 width=200></img></a>  </system-out>
  <testcase name="verifySearchTextUpdation" time="24.513" classname="com.OSMOSE.testcases.KnowledgeBase"/>
  <system-out>
Click to see Screenshot <a target="_blank" href=Wed_Oct_07_15_53_42_IST_2020.jpg>Screenshot</a> <br> <br> <a target="_blank" href=Wed_Oct_07_15_53_42_IST_2020.jpg><img src=Wed_Oct_07_15_53_42_IST_2020.jpg height=200 width=200></img></a>  </system-out>
  <testcase name="verifyPopularFiltersSteelAndConcreteAssessmentImages" time="16.287" classname="com.OSMOSE.testcases.KnowledgeBase"/>
  <system-out>
Click to see Screenshot <a target="_blank" href=Wed_Oct_07_15_53_59_IST_2020.jpg>Screenshot</a> <br> <br> <a target="_blank" href=Wed_Oct_07_15_53_59_IST_2020.jpg><img src=Wed_Oct_07_15_53_59_IST_2020.jpg height=200 width=200></img></a>  </system-out>
  <testcase name="verifyPopularQueriesReset" time="15.336" classname="com.OSMOSE.testcases.KnowledgeBase"/>
  <system-out>
Click to see Screenshot <a target="_blank" href=Wed_Oct_07_15_54_15_IST_2020.jpg>Screenshot</a> <br> <br> <a target="_blank" href=Wed_Oct_07_15_54_15_IST_2020.jpg><img src=Wed_Oct_07_15_54_15_IST_2020.jpg height=200 width=200></img></a>  </system-out>
  <testcase name="verifyExternalVideo" time="19.391" classname="com.OSMOSE.testcases.KnowledgeBase"/>
  <system-out>
Click to see Screenshot <a target="_blank" href=Wed_Oct_07_15_54_35_IST_2020.jpg>Screenshot</a> <br> <br> <a target="_blank" href=Wed_Oct_07_15_54_35_IST_2020.jpg><img src=Wed_Oct_07_15_54_35_IST_2020.jpg height=200 width=200></img></a>  </system-out>
  <testcase name="verifyPresenceIndustryNewsCard" classname="com.OSMOSE.testcases.KnowledgeBase">
    <skipped/>
  </testcase> <!-- verifyPresenceIndustryNewsCard -->
  <system-out/>
  <testcase name="verifyIndustrySeeMore" classname="com.OSMOSE.testcases.KnowledgeBase">
    <skipped/>
  </testcase> <!-- verifyIndustrySeeMore -->
  <system-out/>
</testsuite> <!-- com.OSMOSE.testcases.KnowledgeBase -->
