<?xml version="1.0" encoding="UTF-8"?>
<!-- Generated by org.testng.reporters.JUnitReportReporter -->
<testsuite skipped="1" hostname="5CG6323N27" name="com.OSMOSE.testcases.oCalcPro" tests="59" failures="0" timestamp="2020-11-14T11:39:33 IST" time="691.203" errors="0">
  <testcase name="verifyoCalcProNavigationClick" time="15.966" classname="com.OSMOSE.testcases.oCalcPro"/>
  <system-out>
Click to see Screenshot <a target="_blank" href=Sat_Nov_14_11_27_45_IST_2020.jpg>Screenshot</a> <br> <br> <a target="_blank" href=Sat_Nov_14_11_27_45_IST_2020.jpg><img src=Sat_Nov_14_11_27_45_IST_2020.jpg height=200 width=200></img></a>  </system-out>
  <testcase name="verifyPresenceOfLicenseMgmtCard" time="0.058" classname="com.OSMOSE.testcases.oCalcPro"/>
  <system-out>
Click to see Screenshot <a target="_blank" href=Sat_Nov_14_11_27_46_IST_2020.jpg>Screenshot</a> <br> <br> <a target="_blank" href=Sat_Nov_14_11_27_46_IST_2020.jpg><img src=Sat_Nov_14_11_27_46_IST_2020.jpg height=200 width=200></img></a>  </system-out>
  <testcase name="verifyPresenceOfProductsCardLicensedUser" time="0.042" classname="com.OSMOSE.testcases.oCalcPro"/>
  <system-out>
Click to see Screenshot <a target="_blank" href=Sat_Nov_14_11_27_46_IST_2020.jpg>Screenshot</a> <br> <br> <a target="_blank" href=Sat_Nov_14_11_27_46_IST_2020.jpg><img src=Sat_Nov_14_11_27_46_IST_2020.jpg height=200 width=200></img></a>  </system-out>
  <testcase name="verifyPresenceOfKnowledgeBaseCardLicensedUser" time="0.052" classname="com.OSMOSE.testcases.oCalcPro"/>
  <system-out>
Click to see Screenshot <a target="_blank" href=Sat_Nov_14_11_27_47_IST_2020.jpg>Screenshot</a> <br> <br> <a target="_blank" href=Sat_Nov_14_11_27_47_IST_2020.jpg><img src=Sat_Nov_14_11_27_47_IST_2020.jpg height=200 width=200></img></a>  </system-out>
  <testcase name="verifyPresenceOfAnnouncementsCardLicensedUser" time="0.046" classname="com.OSMOSE.testcases.oCalcPro"/>
  <system-out>
Click to see Screenshot <a target="_blank" href=Sat_Nov_14_11_27_47_IST_2020.jpg>Screenshot</a> <br> <br> <a target="_blank" href=Sat_Nov_14_11_27_47_IST_2020.jpg><img src=Sat_Nov_14_11_27_47_IST_2020.jpg height=200 width=200></img></a>  </system-out>
  <testcase name="verifyPresenceOfTrainingOptionsCardLicensedUser" time="0.034" classname="com.OSMOSE.testcases.oCalcPro"/>
  <system-out>
Click to see Screenshot <a target="_blank" href=Sat_Nov_14_11_27_48_IST_2020.jpg>Screenshot</a> <br> <br> <a target="_blank" href=Sat_Nov_14_11_27_48_IST_2020.jpg><img src=Sat_Nov_14_11_27_48_IST_2020.jpg height=200 width=200></img></a>  </system-out>
  <testcase name="verifyPresenceOfTutorialLiveDemoCardLicensedUser" time="0.038" classname="com.OSMOSE.testcases.oCalcPro"/>
  <system-out>
Click to see Screenshot <a target="_blank" href=Sat_Nov_14_11_27_48_IST_2020.jpg>Screenshot</a> <br> <br> <a target="_blank" href=Sat_Nov_14_11_27_48_IST_2020.jpg><img src=Sat_Nov_14_11_27_48_IST_2020.jpg height=200 width=200></img></a>  </system-out>
  <testcase name="verifyContentsOfTrainingOptionsLicensedUser" time="0.150" classname="com.OSMOSE.testcases.oCalcPro"/>
  <system-out>
Click to see Screenshot <a target="_blank" href=Sat_Nov_14_11_27_49_IST_2020.jpg>Screenshot</a> <br> <br> <a target="_blank" href=Sat_Nov_14_11_27_49_IST_2020.jpg><img src=Sat_Nov_14_11_27_49_IST_2020.jpg height=200 width=200></img></a>  </system-out>
  <testcase name="verifyContentsOfProductsCardLicensedUser" time="0.168" classname="com.OSMOSE.testcases.oCalcPro"/>
  <system-out>
Click to see Screenshot <a target="_blank" href=Sat_Nov_14_11_27_50_IST_2020.jpg>Screenshot</a> <br> <br> <a target="_blank" href=Sat_Nov_14_11_27_50_IST_2020.jpg><img src=Sat_Nov_14_11_27_50_IST_2020.jpg height=200 width=200></img></a>  </system-out>
  <testcase name="verifyContentsOfKBCardLicensedUser" time="0.128" classname="com.OSMOSE.testcases.oCalcPro"/>
  <system-out>
Click to see Screenshot <a target="_blank" href=Sat_Nov_14_11_27_50_IST_2020.jpg>Screenshot</a> <br> <br> <a target="_blank" href=Sat_Nov_14_11_27_50_IST_2020.jpg><img src=Sat_Nov_14_11_27_50_IST_2020.jpg height=200 width=200></img></a>  </system-out>
  <testcase name="verifyContentsOfAnnouncementsLicensedUser" time="0.528" classname="com.OSMOSE.testcases.oCalcPro"/>
  <system-out>
Click to see Screenshot <a target="_blank" href=Sat_Nov_14_11_27_51_IST_2020.jpg>Screenshot</a> <br> <br> <a target="_blank" href=Sat_Nov_14_11_27_51_IST_2020.jpg><img src=Sat_Nov_14_11_27_51_IST_2020.jpg height=200 width=200></img></a>  </system-out>
  <testcase name="verifyContentsOfLicenseMgmtLicensedUser" time="0.298" classname="com.OSMOSE.testcases.oCalcPro"/>
  <system-out>
Click to see Screenshot <a target="_blank" href=Sat_Nov_14_11_27_52_IST_2020.jpg>Screenshot</a> <br> <br> <a target="_blank" href=Sat_Nov_14_11_27_52_IST_2020.jpg><img src=Sat_Nov_14_11_27_52_IST_2020.jpg height=200 width=200></img></a>  </system-out>
  <testcase name="verifyContentsOfTutorialLiveDemoLicensedUser" time="0.312" classname="com.OSMOSE.testcases.oCalcPro"/>
  <system-out>
Click to see Screenshot <a target="_blank" href=Sat_Nov_14_11_27_53_IST_2020.jpg>Screenshot</a> <br> <br> <a target="_blank" href=Sat_Nov_14_11_27_53_IST_2020.jpg><img src=Sat_Nov_14_11_27_53_IST_2020.jpg height=200 width=200></img></a>  </system-out>
  <testcase name="verifyProductsClickLicensedUser" time="2.324" classname="com.OSMOSE.testcases.oCalcPro"/>
  <system-out>
Click to see Screenshot <a target="_blank" href=Sat_Nov_14_11_27_56_IST_2020.jpg>Screenshot</a> <br> <br> <a target="_blank" href=Sat_Nov_14_11_27_56_IST_2020.jpg><img src=Sat_Nov_14_11_27_56_IST_2020.jpg height=200 width=200></img></a>  </system-out>
  <testcase name="verifyRequestLicenseQuoteClickLicensedUser" time="8.567" classname="com.OSMOSE.testcases.oCalcPro"/>
  <system-out>
Click to see Screenshot <a target="_blank" href=Sat_Nov_14_11_28_05_IST_2020.jpg>Screenshot</a> <br> <br> <a target="_blank" href=Sat_Nov_14_11_28_05_IST_2020.jpg><img src=Sat_Nov_14_11_28_05_IST_2020.jpg height=200 width=200></img></a>  </system-out>
  <testcase name="verifyRequestCVTQuoteClickLicensedUser" time="8.576" classname="com.OSMOSE.testcases.oCalcPro"/>
  <system-out>
Click to see Screenshot <a target="_blank" href=Sat_Nov_14_11_28_15_IST_2020.jpg>Screenshot</a> <br> <br> <a target="_blank" href=Sat_Nov_14_11_28_15_IST_2020.jpg><img src=Sat_Nov_14_11_28_15_IST_2020.jpg height=200 width=200></img></a>  </system-out>
  <testcase name="verifyRequestTrainingQuoteClickLicensedUser" time="10.136" classname="com.OSMOSE.testcases.oCalcPro"/>
  <system-out>
Click to see Screenshot <a target="_blank" href=Sat_Nov_14_11_28_25_IST_2020.jpg>Screenshot</a> <br> <br> <a target="_blank" href=Sat_Nov_14_11_28_25_IST_2020.jpg><img src=Sat_Nov_14_11_28_25_IST_2020.jpg height=200 width=200></img></a>  </system-out>
  <testcase name="verify30daysbtnClickLicensedUser" time="5.194" classname="com.OSMOSE.testcases.oCalcPro"/>
  <system-out>
Click to see Screenshot <a target="_blank" href=Sat_Nov_14_11_28_31_IST_2020.jpg>Screenshot</a> <br> <br> <a target="_blank" href=Sat_Nov_14_11_28_31_IST_2020.jpg><img src=Sat_Nov_14_11_28_31_IST_2020.jpg height=200 width=200></img></a>  </system-out>
  <testcase name="verifyRequstDemoClickLicensedUser" time="4.821" classname="com.OSMOSE.testcases.oCalcPro"/>
  <system-out>
Click to see Screenshot <a target="_blank" href=Sat_Nov_14_11_28_36_IST_2020.jpg>Screenshot</a> <br> <br> <a target="_blank" href=Sat_Nov_14_11_28_36_IST_2020.jpg><img src=Sat_Nov_14_11_28_36_IST_2020.jpg height=200 width=200></img></a>  </system-out>
  <testcase name="verifyocalcSupportClickLicensedUser" time="2.465" classname="com.OSMOSE.testcases.oCalcPro"/>
  <system-out>
Click to see Screenshot <a target="_blank" href=Sat_Nov_14_11_28_39_IST_2020.jpg>Screenshot</a> <br> <br> <a target="_blank" href=Sat_Nov_14_11_28_39_IST_2020.jpg><img src=Sat_Nov_14_11_28_39_IST_2020.jpg height=200 width=200></img></a>  </system-out>
  <testcase name="verifyDifferentProductsQuoteCreate" time="18.134" classname="com.OSMOSE.testcases.oCalcPro"/>
  <system-out>
Click to see Screenshot <a target="_blank" href=Sat_Nov_14_11_28_58_IST_2020.jpg>Screenshot</a> <br> <br> <a target="_blank" href=Sat_Nov_14_11_28_58_IST_2020.jpg><img src=Sat_Nov_14_11_28_58_IST_2020.jpg height=200 width=200></img></a>  </system-out>
  <testcase name="verifyPresenceOfCreditCardOptions" time="73.519" classname="com.OSMOSE.testcases.oCalcPro"/>
  <system-out>
Click to see Screenshot <a target="_blank" href=Sat_Nov_14_11_30_13_IST_2020.jpg>Screenshot</a> <br> <br> <a target="_blank" href=Sat_Nov_14_11_30_13_IST_2020.jpg><img src=Sat_Nov_14_11_30_13_IST_2020.jpg height=200 width=200></img></a>  </system-out>
  <testcase name="verifyClickOnPaywithCCBtn" time="28.054" classname="com.OSMOSE.testcases.oCalcPro"/>
  <system-out>
Click to see Screenshot <a target="_blank" href=Sat_Nov_14_11_30_41_IST_2020.jpg>Screenshot</a> <br> <br> <a target="_blank" href=Sat_Nov_14_11_30_41_IST_2020.jpg><img src=Sat_Nov_14_11_30_41_IST_2020.jpg height=200 width=200></img></a>  </system-out>
  <testcase name="verifyClickMakePaymentBtn" time="7.971" classname="com.OSMOSE.testcases.oCalcPro"/>
  <system-out>
Click to see Screenshot <a target="_blank" href=Sat_Nov_14_11_30_50_IST_2020.jpg>Screenshot</a> <br> <br> <a target="_blank" href=Sat_Nov_14_11_30_50_IST_2020.jpg><img src=Sat_Nov_14_11_30_50_IST_2020.jpg height=200 width=200></img></a>  </system-out>
  <testcase name="verifyClickIhaveCopiedMyReceiptChkBox" time="4.063" classname="com.OSMOSE.testcases.oCalcPro"/>
  <system-out>
Click to see Screenshot <a target="_blank" href=Sat_Nov_14_11_30_55_IST_2020.jpg>Screenshot</a> <br> <br> <a target="_blank" href=Sat_Nov_14_11_30_55_IST_2020.jpg><img src=Sat_Nov_14_11_30_55_IST_2020.jpg height=200 width=200></img></a>  </system-out>
  <testcase name="verifyCCDetailsForNonOCalcProduct" time="116.716" classname="com.OSMOSE.testcases.oCalcPro"/>
  <system-out>
Click to see Screenshot <a target="_blank" href=Sat_Nov_14_11_32_52_IST_2020.jpg>Screenshot</a> <br> <br> <a target="_blank" href=Sat_Nov_14_11_32_52_IST_2020.jpg><img src=Sat_Nov_14_11_32_52_IST_2020.jpg height=200 width=200></img></a>  </system-out>
  <testcase name="verifyPresenceOfCCReceipt" time="119.077" classname="com.OSMOSE.testcases.oCalcPro"/>
  <system-out>
Click to see Screenshot <a target="_blank" href=Sat_Nov_14_11_34_51_IST_2020.jpg>Screenshot</a> <br> <br> <a target="_blank" href=Sat_Nov_14_11_34_51_IST_2020.jpg><img src=Sat_Nov_14_11_34_51_IST_2020.jpg height=200 width=200></img></a>  </system-out>
  <testcase name="verifyCurrentPublicClassesClickLicensedUser" time="18.329" classname="com.OSMOSE.testcases.oCalcPro"/>
  <system-out>
Click to see Screenshot <a target="_blank" href=Sat_Nov_14_11_35_10_IST_2020.jpg>Screenshot</a> <br> <br> <a target="_blank" href=Sat_Nov_14_11_35_10_IST_2020.jpg><img src=Sat_Nov_14_11_35_10_IST_2020.jpg height=200 width=200></img></a>  </system-out>
  <testcase name="verifyRequestQuoteForPrivateTrainingClassesClickLicensedUser" time="12.387" classname="com.OSMOSE.testcases.oCalcPro"/>
  <system-out>
Click to see Screenshot <a target="_blank" href=Sat_Nov_14_11_35_23_IST_2020.jpg>Screenshot</a> <br> <br> <a target="_blank" href=Sat_Nov_14_11_35_23_IST_2020.jpg><img src=Sat_Nov_14_11_35_23_IST_2020.jpg height=200 width=200></img></a>  </system-out>
  <testcase name="verifyClickOnAnAnnouncementLicensedUser" time="0.992" classname="com.OSMOSE.testcases.oCalcPro"/>
  <system-out>
Click to see Screenshot <a target="_blank" href=Sat_Nov_14_11_35_25_IST_2020.jpg>Screenshot</a> <br> <br> <a target="_blank" href=Sat_Nov_14_11_35_25_IST_2020.jpg><img src=Sat_Nov_14_11_35_25_IST_2020.jpg height=200 width=200></img></a>  </system-out>
  <testcase name="verifyContentsOfFAQLicensedUser" time="6.774" classname="com.OSMOSE.testcases.oCalcPro"/>
  <system-out>
Click to see Screenshot <a target="_blank" href=Sat_Nov_14_11_35_32_IST_2020.jpg>Screenshot</a> <br> <br> <a target="_blank" href=Sat_Nov_14_11_35_32_IST_2020.jpg><img src=Sat_Nov_14_11_35_32_IST_2020.jpg height=200 width=200></img></a>  </system-out>
  <testcase name="verifyFAQClickLicensedUser" time="19.609" classname="com.OSMOSE.testcases.oCalcPro"/>
  <system-out>
Click to see Screenshot <a target="_blank" href=Sat_Nov_14_11_35_52_IST_2020.jpg>Screenshot</a> <br> <br> <a target="_blank" href=Sat_Nov_14_11_35_52_IST_2020.jpg><img src=Sat_Nov_14_11_35_52_IST_2020.jpg height=200 width=200></img></a>  </system-out>
  <testcase name="verifySubmitIssueClickLicensedUser" time="0.502" classname="com.OSMOSE.testcases.oCalcPro"/>
  <system-out>
Click to see Screenshot <a target="_blank" href=Sat_Nov_14_11_35_53_IST_2020.jpg>Screenshot</a> <br> <br> <a target="_blank" href=Sat_Nov_14_11_35_53_IST_2020.jpg><img src=Sat_Nov_14_11_35_53_IST_2020.jpg height=200 width=200></img></a>  </system-out>
  <testcase name="verifyKBClickLicensedUser" time="15.541" classname="com.OSMOSE.testcases.oCalcPro"/>
  <system-out>
Click to see Screenshot <a target="_blank" href=Sat_Nov_14_11_36_09_IST_2020.jpg>Screenshot</a> <br> <br> <a target="_blank" href=Sat_Nov_14_11_36_09_IST_2020.jpg><img src=Sat_Nov_14_11_36_09_IST_2020.jpg height=200 width=200></img></a>  </system-out>
  <testcase name="verifyKBTrainingVideosClickLicensedUser" time="10.204" classname="com.OSMOSE.testcases.oCalcPro"/>
  <system-out>
Click to see Screenshot <a target="_blank" href=Sat_Nov_14_11_36_20_IST_2020.jpg>Screenshot</a> <br> <br> <a target="_blank" href=Sat_Nov_14_11_36_20_IST_2020.jpg><img src=Sat_Nov_14_11_36_20_IST_2020.jpg height=200 width=200></img></a>  </system-out>
  <testcase name="verifyKBWikiPageClickLicensedUser" time="29.204" classname="com.OSMOSE.testcases.oCalcPro"/>
  <system-out>
Click to see Screenshot <a target="_blank" href=Sat_Nov_14_11_36_50_IST_2020.jpg>Screenshot</a> <br> <br> <a target="_blank" href=Sat_Nov_14_11_36_50_IST_2020.jpg><img src=Sat_Nov_14_11_36_50_IST_2020.jpg height=200 width=200></img></a>  </system-out>
  <testcase name="verifySearchResultsAreGroupedLicensedUser" time="19.292" classname="com.OSMOSE.testcases.oCalcPro"/>
  <system-out>
Click to see Screenshot <a target="_blank" href=Sat_Nov_14_11_37_10_IST_2020.jpg>Screenshot</a> <br> <br> <a target="_blank" href=Sat_Nov_14_11_37_10_IST_2020.jpg><img src=Sat_Nov_14_11_37_10_IST_2020.jpg height=200 width=200></img></a>  </system-out>
  <testcase name="verifyTrainingVideosAreGroupedLicensedUser" time="9.584" classname="com.OSMOSE.testcases.oCalcPro"/>
  <system-out>
Click to see Screenshot <a target="_blank" href=Sat_Nov_14_11_37_20_IST_2020.jpg>Screenshot</a> <br> <br> <a target="_blank" href=Sat_Nov_14_11_37_20_IST_2020.jpg><img src=Sat_Nov_14_11_37_20_IST_2020.jpg height=200 width=200></img></a>  </system-out>
  <testcase name="verifyContentsLicenseManagementPopUp" time="4.587" classname="com.OSMOSE.testcases.oCalcPro"/>
  <system-out>
Click to see Screenshot <a target="_blank" href=Sat_Nov_14_11_37_25_IST_2020.jpg>Screenshot</a> <br> <br> <a target="_blank" href=Sat_Nov_14_11_37_25_IST_2020.jpg><img src=Sat_Nov_14_11_37_25_IST_2020.jpg height=200 width=200></img></a>  </system-out>
  <testcase name="verifyPresenceOfSkipTourNextPreviousExitTour" time="4.233" classname="com.OSMOSE.testcases.oCalcPro"/>
  <system-out>
Click to see Screenshot <a target="_blank" href=Sat_Nov_14_11_37_29_IST_2020.jpg>Screenshot</a> <br> <br> <a target="_blank" href=Sat_Nov_14_11_37_29_IST_2020.jpg><img src=Sat_Nov_14_11_37_29_IST_2020.jpg height=200 width=200></img></a>  </system-out>
  <testcase name="verifyClickOnNextPreviousbtns" time="2.172" classname="com.OSMOSE.testcases.oCalcPro"/>
  <system-out>
Click to see Screenshot <a target="_blank" href=Sat_Nov_14_11_37_32_IST_2020.jpg>Screenshot</a> <br> <br> <a target="_blank" href=Sat_Nov_14_11_37_32_IST_2020.jpg><img src=Sat_Nov_14_11_37_32_IST_2020.jpg height=200 width=200></img></a>  </system-out>
  <testcase name="verifyClickOnSkipTourExitTourbtns" time="4.352" classname="com.OSMOSE.testcases.oCalcPro"/>
  <system-out>
Click to see Screenshot <a target="_blank" href=Sat_Nov_14_11_37_37_IST_2020.jpg>Screenshot</a> <br> <br> <a target="_blank" href=Sat_Nov_14_11_37_37_IST_2020.jpg><img src=Sat_Nov_14_11_37_37_IST_2020.jpg height=200 width=200></img></a>  </system-out>
  <testcase name="verifyOnlyRenewBtnIsEnabledOnMultipleRecordSelection" time="6.425" classname="com.OSMOSE.testcases.oCalcPro"/>
  <system-out>
Click to see Screenshot <a target="_blank" href=Sat_Nov_14_11_37_43_IST_2020.jpg>Screenshot</a> <br> <br> <a target="_blank" href=Sat_Nov_14_11_37_43_IST_2020.jpg><img src=Sat_Nov_14_11_37_43_IST_2020.jpg height=200 width=200></img></a>  </system-out>
  <testcase name="verifyFilterContactName" time="3.417" classname="com.OSMOSE.testcases.oCalcPro"/>
  <system-out>
Click to see Screenshot <a target="_blank" href=Sat_Nov_14_11_37_47_IST_2020.jpg>Screenshot</a> <br> <br> <a target="_blank" href=Sat_Nov_14_11_37_47_IST_2020.jpg><img src=Sat_Nov_14_11_37_47_IST_2020.jpg height=200 width=200></img></a>  </system-out>
  <testcase name="verifyFilterLicenseKey" time="1.646" classname="com.OSMOSE.testcases.oCalcPro"/>
  <system-out>
Click to see Screenshot <a target="_blank" href=Sat_Nov_14_11_37_49_IST_2020.jpg>Screenshot</a> <br> <br> <a target="_blank" href=Sat_Nov_14_11_37_49_IST_2020.jpg><img src=Sat_Nov_14_11_37_49_IST_2020.jpg height=200 width=200></img></a>  </system-out>
  <testcase name="verifyFilterStatus" time="2.656" classname="com.OSMOSE.testcases.oCalcPro"/>
  <system-out>
Click to see Screenshot <a target="_blank" href=Sat_Nov_14_11_37_52_IST_2020.jpg>Screenshot</a> <br> <br> <a target="_blank" href=Sat_Nov_14_11_37_52_IST_2020.jpg><img src=Sat_Nov_14_11_37_52_IST_2020.jpg height=200 width=200></img></a>  </system-out>
  <testcase name="verifyFilterExpToken" time="1.431" classname="com.OSMOSE.testcases.oCalcPro"/>
  <system-out>
Click to see Screenshot <a target="_blank" href=Sat_Nov_14_11_37_54_IST_2020.jpg>Screenshot</a> <br> <br> <a target="_blank" href=Sat_Nov_14_11_37_54_IST_2020.jpg><img src=Sat_Nov_14_11_37_54_IST_2020.jpg height=200 width=200></img></a>  </system-out>
  <testcase name="verifyFilterLicenseType" time="2.577" classname="com.OSMOSE.testcases.oCalcPro"/>
  <system-out>
Click to see Screenshot <a target="_blank" href=Sat_Nov_14_11_37_57_IST_2020.jpg>Screenshot</a> <br> <br> <a target="_blank" href=Sat_Nov_14_11_37_57_IST_2020.jpg><img src=Sat_Nov_14_11_37_57_IST_2020.jpg height=200 width=200></img></a>  </system-out>
  <testcase name="verifyFilterPurchaseDate" time="2.916" classname="com.OSMOSE.testcases.oCalcPro"/>
  <system-out>
Click to see Screenshot <a target="_blank" href=Sat_Nov_14_11_38_00_IST_2020.jpg>Screenshot</a> <br> <br> <a target="_blank" href=Sat_Nov_14_11_38_00_IST_2020.jpg><img src=Sat_Nov_14_11_38_00_IST_2020.jpg height=200 width=200></img></a>  </system-out>
  <testcase name="verifyFilterExpirationDate" time="2.854" classname="com.OSMOSE.testcases.oCalcPro"/>
  <system-out>
Click to see Screenshot <a target="_blank" href=Sat_Nov_14_11_38_04_IST_2020.jpg>Screenshot</a> <br> <br> <a target="_blank" href=Sat_Nov_14_11_38_04_IST_2020.jpg><img src=Sat_Nov_14_11_38_04_IST_2020.jpg height=200 width=200></img></a>  </system-out>
  <testcase name="verifyTransferBtn" time="13.786" classname="com.OSMOSE.testcases.oCalcPro"/>
  <system-out>
Click to see Screenshot <a target="_blank" href=Sat_Nov_14_11_38_18_IST_2020.jpg>Screenshot</a> <br> <br> <a target="_blank" href=Sat_Nov_14_11_38_18_IST_2020.jpg><img src=Sat_Nov_14_11_38_18_IST_2020.jpg height=200 width=200></img></a>  </system-out>
  <testcase name="verifyTransferErrorMsg" time="0.171" classname="com.OSMOSE.testcases.oCalcPro"/>
  <system-out>
Click to see Screenshot <a target="_blank" href=Sat_Nov_14_11_38_19_IST_2020.jpg>Screenshot</a> <br> <br> <a target="_blank" href=Sat_Nov_14_11_38_19_IST_2020.jpg><img src=Sat_Nov_14_11_38_19_IST_2020.jpg height=200 width=200></img></a>  </system-out>
  <testcase name="verifyClickTransferLicenseBtn" time="2.611" classname="com.OSMOSE.testcases.oCalcPro"/>
  <system-out>
Click to see Screenshot <a target="_blank" href=Sat_Nov_14_11_38_22_IST_2020.jpg>Screenshot</a> <br> <br> <a target="_blank" href=Sat_Nov_14_11_38_22_IST_2020.jpg><img src=Sat_Nov_14_11_38_22_IST_2020.jpg height=200 width=200></img></a>  </system-out>
  <testcase name="verifyClickResend" time="4.306" classname="com.OSMOSE.testcases.oCalcPro"/>
  <system-out>
Click to see Screenshot <a target="_blank" href=Sat_Nov_14_11_38_26_IST_2020.jpg>Screenshot</a> <br> <br> <a target="_blank" href=Sat_Nov_14_11_38_26_IST_2020.jpg><img src=Sat_Nov_14_11_38_26_IST_2020.jpg height=200 width=200></img></a>  </system-out>
  <testcase name="verifyUpdateContactBtn" time="12.673" classname="com.OSMOSE.testcases.oCalcPro"/>
  <system-out>
Click to see Screenshot <a target="_blank" href=Sat_Nov_14_11_38_40_IST_2020.jpg>Screenshot</a> <br> <br> <a target="_blank" href=Sat_Nov_14_11_38_40_IST_2020.jpg><img src=Sat_Nov_14_11_38_40_IST_2020.jpg height=200 width=200></img></a>  </system-out>
  <testcase name="verifyClickUpdateContactBtn" time="2.214" classname="com.OSMOSE.testcases.oCalcPro"/>
  <system-out>
Click to see Screenshot <a target="_blank" href=Sat_Nov_14_11_38_42_IST_2020.jpg>Screenshot</a> <br> <br> <a target="_blank" href=Sat_Nov_14_11_38_42_IST_2020.jpg><img src=Sat_Nov_14_11_38_42_IST_2020.jpg height=200 width=200></img></a>  </system-out>
  <testcase name="verifyClickRenewBtn" time="6.683" classname="com.OSMOSE.testcases.oCalcPro"/>
  <system-out>
Click to see Screenshot <a target="_blank" href=Sat_Nov_14_11_38_49_IST_2020.jpg>Screenshot</a> <br> <br> <a target="_blank" href=Sat_Nov_14_11_38_49_IST_2020.jpg><img src=Sat_Nov_14_11_38_49_IST_2020.jpg height=200 width=200></img></a>  </system-out>
  <testcase name="verifyPresenceOfLicenseMgmtCard1" time="39.638" classname="com.OSMOSE.testcases.oCalcPro"/>
  <system-out>
Click to see Screenshot <a target="_blank" href=Sat_Nov_14_11_39_29_IST_2020.jpg>Screenshot</a> <br> <br> <a target="_blank" href=Sat_Nov_14_11_39_29_IST_2020.jpg><img src=Sat_Nov_14_11_39_29_IST_2020.jpg height=200 width=200></img></a>  </system-out>
  <testcase name="verifyFilterLicenseTypeSite" classname="com.OSMOSE.testcases.oCalcPro">
    <skipped/>
  </testcase> <!-- verifyFilterLicenseTypeSite -->
  <system-out/>
</testsuite> <!-- com.OSMOSE.testcases.oCalcPro -->
