<?xml version="1.0" encoding="UTF-8"?>
<!-- Generated by org.testng.reporters.JUnitReportReporter -->
<testsuite skipped="0" hostname="5CG6332Q2D" name="com.OSMOSE.testcases.oCalcPro_Nor" tests="29" failures="0" timestamp="2020-12-11T19:39:33 IST" time="234.211" errors="0">
  <testcase name="ocalcloginTestNormal" time="18.006" classname="com.OSMOSE.testcases.oCalcPro_Nor"/>
  <system-out>
Click to see Screenshot <a target="_blank" href=Fri_Dec_11_19_35_38_IST_2020.jpg>Screenshot</a> <br> <br> <a target="_blank" href=Fri_Dec_11_19_35_38_IST_2020.jpg><img src=Fri_Dec_11_19_35_38_IST_2020.jpg height=200 width=200></img></a>  </system-out>
  <testcase name="verifyoCalcProNavigationClick" time="18.727" classname="com.OSMOSE.testcases.oCalcPro_Nor"/>
  <system-out>
Click to see Screenshot <a target="_blank" href=Fri_Dec_11_19_35_58_IST_2020.jpg>Screenshot</a> <br> <br> <a target="_blank" href=Fri_Dec_11_19_35_58_IST_2020.jpg><img src=Fri_Dec_11_19_35_58_IST_2020.jpg height=200 width=200></img></a>  </system-out>
  <testcase name="verifyPresenceOfGetStartedWithOcalcPro" time="0.081" classname="com.OSMOSE.testcases.oCalcPro_Nor"/>
  <system-out>
Click to see Screenshot <a target="_blank" href=Fri_Dec_11_19_35_58_IST_2020.jpg>Screenshot</a> <br> <br> <a target="_blank" href=Fri_Dec_11_19_35_58_IST_2020.jpg><img src=Fri_Dec_11_19_35_58_IST_2020.jpg height=200 width=200></img></a>  </system-out>
  <testcase name="verifyPresenceOfProductsCard" time="0.053" classname="com.OSMOSE.testcases.oCalcPro_Nor"/>
  <system-out>
Click to see Screenshot <a target="_blank" href=Fri_Dec_11_19_35_59_IST_2020.jpg>Screenshot</a> <br> <br> <a target="_blank" href=Fri_Dec_11_19_35_59_IST_2020.jpg><img src=Fri_Dec_11_19_35_59_IST_2020.jpg height=200 width=200></img></a>  </system-out>
  <testcase name="verifyPresenceOfKnowledgeBaseCard" time="0.049" classname="com.OSMOSE.testcases.oCalcPro_Nor"/>
  <system-out>
Click to see Screenshot <a target="_blank" href=Fri_Dec_11_19_35_59_IST_2020.jpg>Screenshot</a> <br> <br> <a target="_blank" href=Fri_Dec_11_19_35_59_IST_2020.jpg><img src=Fri_Dec_11_19_35_59_IST_2020.jpg height=200 width=200></img></a>  </system-out>
  <testcase name="verifyPresenceOfAnnouncementsCard" time="0.069" classname="com.OSMOSE.testcases.oCalcPro_Nor"/>
  <system-out>
Click to see Screenshot <a target="_blank" href=Fri_Dec_11_19_36_00_IST_2020.jpg>Screenshot</a> <br> <br> <a target="_blank" href=Fri_Dec_11_19_36_00_IST_2020.jpg><img src=Fri_Dec_11_19_36_00_IST_2020.jpg height=200 width=200></img></a>  </system-out>
  <testcase name="verifyPresenceOfTrainingOptionsCard" time="0.036" classname="com.OSMOSE.testcases.oCalcPro_Nor"/>
  <system-out>
Click to see Screenshot <a target="_blank" href=Fri_Dec_11_19_36_01_IST_2020.jpg>Screenshot</a> <br> <br> <a target="_blank" href=Fri_Dec_11_19_36_01_IST_2020.jpg><img src=Fri_Dec_11_19_36_01_IST_2020.jpg height=200 width=200></img></a>  </system-out>
  <testcase name="verifyContentsOfGetStartedWithOcalcPro" time="0.370" classname="com.OSMOSE.testcases.oCalcPro_Nor"/>
  <system-out>
Click to see Screenshot <a target="_blank" href=Fri_Dec_11_19_36_01_IST_2020.jpg>Screenshot</a> <br> <br> <a target="_blank" href=Fri_Dec_11_19_36_01_IST_2020.jpg><img src=Fri_Dec_11_19_36_01_IST_2020.jpg height=200 width=200></img></a>  </system-out>
  <testcase name="verifyContentsOfProductsCard" time="0.170" classname="com.OSMOSE.testcases.oCalcPro_Nor"/>
  <system-out>
Click to see Screenshot <a target="_blank" href=Fri_Dec_11_19_36_02_IST_2020.jpg>Screenshot</a> <br> <br> <a target="_blank" href=Fri_Dec_11_19_36_02_IST_2020.jpg><img src=Fri_Dec_11_19_36_02_IST_2020.jpg height=200 width=200></img></a>  </system-out>
  <testcase name="verifyContentsOfKBCard" time="0.133" classname="com.OSMOSE.testcases.oCalcPro_Nor"/>
  <system-out>
Click to see Screenshot <a target="_blank" href=Fri_Dec_11_19_36_02_IST_2020.jpg>Screenshot</a> <br> <br> <a target="_blank" href=Fri_Dec_11_19_36_02_IST_2020.jpg><img src=Fri_Dec_11_19_36_02_IST_2020.jpg height=200 width=200></img></a>  </system-out>
  <testcase name="verifyContentsOfAnnouncements" time="0.809" classname="com.OSMOSE.testcases.oCalcPro_Nor"/>
  <system-out>
Click to see Screenshot <a target="_blank" href=Fri_Dec_11_19_36_04_IST_2020.jpg>Screenshot</a> <br> <br> <a target="_blank" href=Fri_Dec_11_19_36_04_IST_2020.jpg><img src=Fri_Dec_11_19_36_04_IST_2020.jpg height=200 width=200></img></a>  </system-out>
  <testcase name="verifyContentsOfTrainingOptions" time="0.182" classname="com.OSMOSE.testcases.oCalcPro_Nor"/>
  <system-out>
Click to see Screenshot <a target="_blank" href=Fri_Dec_11_19_36_04_IST_2020.jpg>Screenshot</a> <br> <br> <a target="_blank" href=Fri_Dec_11_19_36_04_IST_2020.jpg><img src=Fri_Dec_11_19_36_04_IST_2020.jpg height=200 width=200></img></a>  </system-out>
  <testcase name="verifyLearnMoreClickonGetStartedWithOcalcProcard" time="13.760" classname="com.OSMOSE.testcases.oCalcPro_Nor"/>
  <system-out>
Click to see Screenshot <a target="_blank" href=Fri_Dec_11_19_36_19_IST_2020.jpg>Screenshot</a> <br> <br> <a target="_blank" href=Fri_Dec_11_19_36_19_IST_2020.jpg><img src=Fri_Dec_11_19_36_19_IST_2020.jpg height=200 width=200></img></a>  </system-out>
  <testcase name="verify30daysbtnClickonGetStartedWithOcalcProcard" time="3.748" classname="com.OSMOSE.testcases.oCalcPro_Nor"/>
  <system-out>
Click to see Screenshot <a target="_blank" href=Fri_Dec_11_19_36_23_IST_2020.jpg>Screenshot</a> <br> <br> <a target="_blank" href=Fri_Dec_11_19_36_23_IST_2020.jpg><img src=Fri_Dec_11_19_36_23_IST_2020.jpg height=200 width=200></img></a>  </system-out>
  <testcase name="verifyRequstDemoClickonGetStartedWithOcalcProcard" time="3.951" classname="com.OSMOSE.testcases.oCalcPro_Nor"/>
  <system-out>
Click to see Screenshot <a target="_blank" href=Fri_Dec_11_19_36_27_IST_2020.jpg>Screenshot</a> <br> <br> <a target="_blank" href=Fri_Dec_11_19_36_27_IST_2020.jpg><img src=Fri_Dec_11_19_36_27_IST_2020.jpg height=200 width=200></img></a>  </system-out>
  <testcase name="verifyocalcSupportClickonGetStartedWithOcalcProcard" time="3.490" classname="com.OSMOSE.testcases.oCalcPro_Nor"/>
  <system-out>
Click to see Screenshot <a target="_blank" href=Fri_Dec_11_19_36_31_IST_2020.jpg>Screenshot</a> <br> <br> <a target="_blank" href=Fri_Dec_11_19_36_31_IST_2020.jpg><img src=Fri_Dec_11_19_36_31_IST_2020.jpg height=200 width=200></img></a>  </system-out>
  <testcase name="verifyProductsClick" time="5.604" classname="com.OSMOSE.testcases.oCalcPro_Nor"/>
  <system-out>
Click to see Screenshot <a target="_blank" href=Fri_Dec_11_19_36_37_IST_2020.jpg>Screenshot</a> <br> <br> <a target="_blank" href=Fri_Dec_11_19_36_37_IST_2020.jpg><img src=Fri_Dec_11_19_36_37_IST_2020.jpg height=200 width=200></img></a>  </system-out>
  <testcase name="verifyRequestLicenseQuoteClick" time="9.776" classname="com.OSMOSE.testcases.oCalcPro_Nor"/>
  <system-out>
Click to see Screenshot <a target="_blank" href=Fri_Dec_11_19_36_48_IST_2020.jpg>Screenshot</a> <br> <br> <a target="_blank" href=Fri_Dec_11_19_36_48_IST_2020.jpg><img src=Fri_Dec_11_19_36_48_IST_2020.jpg height=200 width=200></img></a>  </system-out>
  <testcase name="verifyRequestCVTQuoteClick" time="8.921" classname="com.OSMOSE.testcases.oCalcPro_Nor"/>
  <system-out>
Click to see Screenshot <a target="_blank" href=Fri_Dec_11_19_36_57_IST_2020.jpg>Screenshot</a> <br> <br> <a target="_blank" href=Fri_Dec_11_19_36_57_IST_2020.jpg><img src=Fri_Dec_11_19_36_57_IST_2020.jpg height=200 width=200></img></a>  </system-out>
  <testcase name="verifyRequestTrainingQuoteClick" time="8.414" classname="com.OSMOSE.testcases.oCalcPro_Nor"/>
  <system-out>
Click to see Screenshot <a target="_blank" href=Fri_Dec_11_19_37_06_IST_2020.jpg>Screenshot</a> <br> <br> <a target="_blank" href=Fri_Dec_11_19_37_06_IST_2020.jpg><img src=Fri_Dec_11_19_37_06_IST_2020.jpg height=200 width=200></img></a>  </system-out>
  <testcase name="verifyCurrentPublicClassesClick" time="10.394" classname="com.OSMOSE.testcases.oCalcPro_Nor"/>
  <system-out>
Click to see Screenshot <a target="_blank" href=Fri_Dec_11_19_37_17_IST_2020.jpg>Screenshot</a> <br> <br> <a target="_blank" href=Fri_Dec_11_19_37_17_IST_2020.jpg><img src=Fri_Dec_11_19_37_17_IST_2020.jpg height=200 width=200></img></a>  </system-out>
  <testcase name="verifyRequestQuoteForPrivateTrainingClassesClick" time="11.575" classname="com.OSMOSE.testcases.oCalcPro_Nor"/>
  <system-out>
Click to see Screenshot <a target="_blank" href=Fri_Dec_11_19_37_29_IST_2020.jpg>Screenshot</a> <br> <br> <a target="_blank" href=Fri_Dec_11_19_37_29_IST_2020.jpg><img src=Fri_Dec_11_19_37_29_IST_2020.jpg height=200 width=200></img></a>  </system-out>
  <testcase name="verifyClickOnAnAnnouncement" time="3.608" classname="com.OSMOSE.testcases.oCalcPro_Nor"/>
  <system-out>
Click to see Screenshot <a target="_blank" href=Fri_Dec_11_19_37_33_IST_2020.jpg>Screenshot</a> <br> <br> <a target="_blank" href=Fri_Dec_11_19_37_33_IST_2020.jpg><img src=Fri_Dec_11_19_37_33_IST_2020.jpg height=200 width=200></img></a>  </system-out>
  <testcase name="verifyKBClick" time="6.883" classname="com.OSMOSE.testcases.oCalcPro_Nor"/>
  <system-out>
Click to see Screenshot <a target="_blank" href=Fri_Dec_11_19_37_40_IST_2020.jpg>Screenshot</a> <br> <br> <a target="_blank" href=Fri_Dec_11_19_37_40_IST_2020.jpg><img src=Fri_Dec_11_19_37_40_IST_2020.jpg height=200 width=200></img></a>  </system-out>
  <testcase name="verifyKBTrainingVideosClick" time="8.308" classname="com.OSMOSE.testcases.oCalcPro_Nor"/>
  <system-out>
Click to see Screenshot <a target="_blank" href=Fri_Dec_11_19_37_49_IST_2020.jpg>Screenshot</a> <br> <br> <a target="_blank" href=Fri_Dec_11_19_37_49_IST_2020.jpg><img src=Fri_Dec_11_19_37_49_IST_2020.jpg height=200 width=200></img></a>  </system-out>
  <testcase name="verifyKBWikiPageClick" time="24.510" classname="com.OSMOSE.testcases.oCalcPro_Nor"/>
  <system-out>
Click to see Screenshot <a target="_blank" href=Fri_Dec_11_19_38_14_IST_2020.jpg>Screenshot</a> <br> <br> <a target="_blank" href=Fri_Dec_11_19_38_14_IST_2020.jpg><img src=Fri_Dec_11_19_38_14_IST_2020.jpg height=200 width=200></img></a>  </system-out>
  <testcase name="verifySearchResultsAreGrouped" time="14.767" classname="com.OSMOSE.testcases.oCalcPro_Nor"/>
  <system-out>
Click to see Screenshot <a target="_blank" href=Fri_Dec_11_19_38_29_IST_2020.jpg>Screenshot</a> <br> <br> <a target="_blank" href=Fri_Dec_11_19_38_29_IST_2020.jpg><img src=Fri_Dec_11_19_38_29_IST_2020.jpg height=200 width=200></img></a>  </system-out>
  <testcase name="verifyTrainingVideosAreGrouped" time="7.768" classname="com.OSMOSE.testcases.oCalcPro_Nor"/>
  <system-out>
Click to see Screenshot <a target="_blank" href=Fri_Dec_11_19_38_37_IST_2020.jpg>Screenshot</a> <br> <br> <a target="_blank" href=Fri_Dec_11_19_38_37_IST_2020.jpg><img src=Fri_Dec_11_19_38_37_IST_2020.jpg height=200 width=200></img></a>  </system-out>
  <testcase name="verifyPresenceOfLicenseManagementPerspective" time="50.049" classname="com.OSMOSE.testcases.oCalcPro_Nor"/>
  <system-out>
Click to see Screenshot <a target="_blank" href=Fri_Dec_11_19_39_28_IST_2020.jpg>Screenshot</a> <br> <br> <a target="_blank" href=Fri_Dec_11_19_39_28_IST_2020.jpg><img src=Fri_Dec_11_19_39_28_IST_2020.jpg height=200 width=200></img></a>  </system-out>
</testsuite> <!-- com.OSMOSE.testcases.oCalcPro_Nor -->
