<?xml version="1.0" encoding="UTF-8"?>
<!-- Generated by org.testng.reporters.JUnitReportReporter -->
<testsuite skipped="6" hostname="5CG6323N27" name="com.OSMOSE.testcases.Contact" tests="26" failures="0" timestamp="2020-11-10T20:34:47 IST" time="165.546" errors="0">
  <testcase name="verifyContactUsMenuContents" time="0.223" classname="com.OSMOSE.testcases.Contact"/>
  <system-out>
Click to see Screenshot <a target="_blank" href=Tue_Nov_10_20_31_48_IST_2020.jpg>Screenshot</a> <br> <br> <a target="_blank" href=Tue_Nov_10_20_31_48_IST_2020.jpg><img src=Tue_Nov_10_20_31_48_IST_2020.jpg height=200 width=200></img></a>  </system-out>
  <testcase name="verifyPresenceOfProjectGroup" time="3.974" classname="com.OSMOSE.testcases.Contact"/>
  <system-out>
Click to see Screenshot <a target="_blank" href=Tue_Nov_10_20_31_52_IST_2020.jpg>Screenshot</a> <br> <br> <a target="_blank" href=Tue_Nov_10_20_31_52_IST_2020.jpg><img src=Tue_Nov_10_20_31_52_IST_2020.jpg height=200 width=200></img></a>  </system-out>
  <testcase name="verifyCityOfColumbiaContactCardContents" time="9.593" classname="com.OSMOSE.testcases.Contact"/>
  <system-out>
Click to see Screenshot <a target="_blank" href=Tue_Nov_10_20_32_02_IST_2020.jpg>Screenshot</a> <br> <br> <a target="_blank" href=Tue_Nov_10_20_32_02_IST_2020.jpg><img src=Tue_Nov_10_20_32_02_IST_2020.jpg height=200 width=200></img></a>  </system-out>
  <testcase name="verifyGeorgiaPowerCompanyContactCardContents" time="18.631" classname="com.OSMOSE.testcases.Contact"/>
  <system-out>
Click to see Screenshot <a target="_blank" href=Tue_Nov_10_20_32_21_IST_2020.jpg>Screenshot</a> <br> <br> <a target="_blank" href=Tue_Nov_10_20_32_21_IST_2020.jpg><img src=Tue_Nov_10_20_32_21_IST_2020.jpg height=200 width=200></img></a>  </system-out>
  <testcase name="verifyGrandElectricContactCardContents" time="12.645" classname="com.OSMOSE.testcases.Contact"/>
  <system-out>
Click to see Screenshot <a target="_blank" href=Tue_Nov_10_20_32_35_IST_2020.jpg>Screenshot</a> <br> <br> <a target="_blank" href=Tue_Nov_10_20_32_35_IST_2020.jpg><img src=Tue_Nov_10_20_32_35_IST_2020.jpg height=200 width=200></img></a>  </system-out>
  <testcase name="verifyIdahoPowerInspectionContactCardContents" time="12.675" classname="com.OSMOSE.testcases.Contact"/>
  <system-out>
Click to see Screenshot <a target="_blank" href=Tue_Nov_10_20_32_48_IST_2020.jpg>Screenshot</a> <br> <br> <a target="_blank" href=Tue_Nov_10_20_32_48_IST_2020.jpg><img src=Tue_Nov_10_20_32_48_IST_2020.jpg height=200 width=200></img></a>  </system-out>
  <testcase name="verifyIdahoPowerRestorationContactCardContents" time="11.512" classname="com.OSMOSE.testcases.Contact"/>
  <system-out>
Click to see Screenshot <a target="_blank" href=Tue_Nov_10_20_33_00_IST_2020.jpg>Screenshot</a> <br> <br> <a target="_blank" href=Tue_Nov_10_20_33_00_IST_2020.jpg><img src=Tue_Nov_10_20_33_00_IST_2020.jpg height=200 width=200></img></a>  </system-out>
  <testcase name="verifyOncurDistributionContactCardContents" time="12.680" classname="com.OSMOSE.testcases.Contact"/>
  <system-out>
Click to see Screenshot <a target="_blank" href=Tue_Nov_10_20_33_13_IST_2020.jpg>Screenshot</a> <br> <br> <a target="_blank" href=Tue_Nov_10_20_33_13_IST_2020.jpg><img src=Tue_Nov_10_20_33_13_IST_2020.jpg height=200 width=200></img></a>  </system-out>
  <testcase name="verifyPacificGasAndElectricCoContactCardContents" time="12.666" classname="com.OSMOSE.testcases.Contact"/>
  <system-out>
Click to see Screenshot <a target="_blank" href=Tue_Nov_10_20_33_26_IST_2020.jpg>Screenshot</a> <br> <br> <a target="_blank" href=Tue_Nov_10_20_33_26_IST_2020.jpg><img src=Tue_Nov_10_20_33_26_IST_2020.jpg height=200 width=200></img></a>  </system-out>
  <testcase name="verifyPedernalesElecCoopContactCardContents" time="12.572" classname="com.OSMOSE.testcases.Contact"/>
  <system-out>
Click to see Screenshot <a target="_blank" href=Tue_Nov_10_20_33_39_IST_2020.jpg>Screenshot</a> <br> <br> <a target="_blank" href=Tue_Nov_10_20_33_39_IST_2020.jpg><img src=Tue_Nov_10_20_33_39_IST_2020.jpg height=200 width=200></img></a>  </system-out>
  <testcase name="verifyPugetSoundEnergyInspectionContactCardContents" time="12.598" classname="com.OSMOSE.testcases.Contact"/>
  <system-out>
Click to see Screenshot <a target="_blank" href=Tue_Nov_10_20_33_52_IST_2020.jpg>Screenshot</a> <br> <br> <a target="_blank" href=Tue_Nov_10_20_33_52_IST_2020.jpg><img src=Tue_Nov_10_20_33_52_IST_2020.jpg height=200 width=200></img></a>  </system-out>
  <testcase name="verifyPugetSoundEnergyRestorationContactCardContents" time="11.621" classname="com.OSMOSE.testcases.Contact"/>
  <system-out>
Click to see Screenshot <a target="_blank" href=Tue_Nov_10_20_34_04_IST_2020.jpg>Screenshot</a> <br> <br> <a target="_blank" href=Tue_Nov_10_20_34_04_IST_2020.jpg><img src=Tue_Nov_10_20_34_04_IST_2020.jpg height=200 width=200></img></a>  </system-out>
  <testcase name="verifyContactUsHeaderContents" time="2.302" classname="com.OSMOSE.testcases.Contact"/>
  <system-out>
Click to see Screenshot <a target="_blank" href=Tue_Nov_10_20_34_07_IST_2020.jpg>Screenshot</a> <br> <br> <a target="_blank" href=Tue_Nov_10_20_34_07_IST_2020.jpg><img src=Tue_Nov_10_20_34_07_IST_2020.jpg height=200 width=200></img></a>  </system-out>
  <testcase name="verifyContactUsClickOnGoogleMap" time="31.235" classname="com.OSMOSE.testcases.Contact"/>
  <system-out>
Click to see Screenshot <a target="_blank" href=Tue_Nov_10_20_34_39_IST_2020.jpg>Screenshot</a> <br> <br> <a target="_blank" href=Tue_Nov_10_20_34_39_IST_2020.jpg><img src=Tue_Nov_10_20_34_39_IST_2020.jpg height=200 width=200></img></a>  </system-out>
  <testcase name="verifyContactUsGeneralInquiriesContents" time="0.085" classname="com.OSMOSE.testcases.Contact"/>
  <system-out>
Click to see Screenshot <a target="_blank" href=Tue_Nov_10_20_34_39_IST_2020.jpg>Screenshot</a> <br> <br> <a target="_blank" href=Tue_Nov_10_20_34_39_IST_2020.jpg><img src=Tue_Nov_10_20_34_39_IST_2020.jpg height=200 width=200></img></a>  </system-out>
  <testcase name="verifyContactUsSalesProductsContents" time="0.104" classname="com.OSMOSE.testcases.Contact"/>
  <system-out>
Click to see Screenshot <a target="_blank" href=Tue_Nov_10_20_34_40_IST_2020.jpg>Screenshot</a> <br> <br> <a target="_blank" href=Tue_Nov_10_20_34_40_IST_2020.jpg><img src=Tue_Nov_10_20_34_40_IST_2020.jpg height=200 width=200></img></a>  </system-out>
  <testcase name="verifyContactUsSalesServicesContents" time="0.094" classname="com.OSMOSE.testcases.Contact"/>
  <system-out>
Click to see Screenshot <a target="_blank" href=Tue_Nov_10_20_34_40_IST_2020.jpg>Screenshot</a> <br> <br> <a target="_blank" href=Tue_Nov_10_20_34_40_IST_2020.jpg><img src=Tue_Nov_10_20_34_40_IST_2020.jpg height=200 width=200></img></a>  </system-out>
  <testcase name="verifyContactUsOCalcProContents" time="0.084" classname="com.OSMOSE.testcases.Contact"/>
  <system-out>
Click to see Screenshot <a target="_blank" href=Tue_Nov_10_20_34_41_IST_2020.jpg>Screenshot</a> <br> <br> <a target="_blank" href=Tue_Nov_10_20_34_41_IST_2020.jpg><img src=Tue_Nov_10_20_34_41_IST_2020.jpg height=200 width=200></img></a>  </system-out>
  <testcase name="verifyContactUsQueryFormContents" time="0.127" classname="com.OSMOSE.testcases.Contact"/>
  <system-out>
Click to see Screenshot <a target="_blank" href=Tue_Nov_10_20_34_41_IST_2020.jpg>Screenshot</a> <br> <br> <a target="_blank" href=Tue_Nov_10_20_34_41_IST_2020.jpg><img src=Tue_Nov_10_20_34_41_IST_2020.jpg height=200 width=200></img></a>  </system-out>
  <testcase name="verifyFormSubmissionErrorMessage" time="0.125" classname="com.OSMOSE.testcases.Contact"/>
  <system-out>
Click to see Screenshot <a target="_blank" href=Tue_Nov_10_20_34_42_IST_2020.jpg>Screenshot</a> <br> <br> <a target="_blank" href=Tue_Nov_10_20_34_42_IST_2020.jpg><img src=Tue_Nov_10_20_34_42_IST_2020.jpg height=200 width=200></img></a>  </system-out>
  <testcase name="verifyFormSubmissionWith_Other" classname="com.OSMOSE.testcases.Contact">
    <skipped/>
  </testcase> <!-- verifyFormSubmissionWith_Other -->
  <system-out/>
  <testcase name="verifyFormSubmissionWith_TechnicalSupport" classname="com.OSMOSE.testcases.Contact">
    <skipped/>
  </testcase> <!-- verifyFormSubmissionWith_TechnicalSupport -->
  <system-out/>
  <testcase name="verifyFormSubmissionThankYouPopUp" classname="com.OSMOSE.testcases.Contact">
    <skipped/>
  </testcase> <!-- verifyFormSubmissionThankYouPopUp -->
  <system-out/>
  <testcase name="verifyFormSubmissionWith_RequestForInformation" classname="com.OSMOSE.testcases.Contact">
    <skipped/>
  </testcase> <!-- verifyFormSubmissionWith_RequestForInformation -->
  <system-out/>
  <testcase name="verifyFormSubmissionWith_ProjectSupport" classname="com.OSMOSE.testcases.Contact">
    <skipped/>
  </testcase> <!-- verifyFormSubmissionWith_ProjectSupport -->
  <system-out/>
  <testcase name="verifyClickOnBackButton" classname="com.OSMOSE.testcases.Contact">
    <skipped/>
  </testcase> <!-- verifyClickOnBackButton -->
  <system-out/>
</testsuite> <!-- com.OSMOSE.testcases.Contact -->
