<?xml version="1.0" encoding="UTF-8"?>
<!-- Generated by org.testng.reporters.JUnitReportReporter -->
<testsuite skipped="73" hostname="5CG6323N27" name="com.OSMOSE.testcases.Product" tests="88" failures="0" timestamp="2020-09-30T13:59:47 IST" time="235.620" errors="0">
  <testcase name="verifyTheProductLink" time="17.396" classname="com.OSMOSE.testcases.Product"/>
  <system-out>
Click to see Screenshot <a target="_blank" href=Wed_Sep_30_13_55_54_IST_2020.jpg>Screenshot</a> <br> <br> <a target="_blank" href=Wed_Sep_30_13_55_54_IST_2020.jpg><img src=Wed_Sep_30_13_55_54_IST_2020.jpg height=200 width=200></img></a>  </system-out>
  <testcase name="searchElementPresent" time="50.185" classname="com.OSMOSE.testcases.Product"/>
  <system-out>
Click to see Screenshot <a target="_blank" href=Wed_Sep_30_13_56_45_IST_2020.jpg>Screenshot</a> <br> <br> <a target="_blank" href=Wed_Sep_30_13_56_45_IST_2020.jpg><img src=Wed_Sep_30_13_56_45_IST_2020.jpg height=200 width=200></img></a>  </system-out>
  <testcase name="catalogElementPresent" time="0.076" classname="com.OSMOSE.testcases.Product"/>
  <system-out>
Click to see Screenshot <a target="_blank" href=Wed_Sep_30_13_56_46_IST_2020.jpg>Screenshot</a> <br> <br> <a target="_blank" href=Wed_Sep_30_13_56_46_IST_2020.jpg><img src=Wed_Sep_30_13_56_46_IST_2020.jpg height=200 width=200></img></a>  </system-out>
  <testcase name="openMyQuotesElementPresent" time="0.031" classname="com.OSMOSE.testcases.Product"/>
  <system-out>
Click to see Screenshot <a target="_blank" href=Wed_Sep_30_13_56_46_IST_2020.jpg>Screenshot</a> <br> <br> <a target="_blank" href=Wed_Sep_30_13_56_46_IST_2020.jpg><img src=Wed_Sep_30_13_56_46_IST_2020.jpg height=200 width=200></img></a>  </system-out>
  <testcase name="shoppingCartElementPresent" time="0.170" classname="com.OSMOSE.testcases.Product"/>
  <system-out>
Click to see Screenshot <a target="_blank" href=Wed_Sep_30_13_56_47_IST_2020.jpg>Screenshot</a> <br> <br> <a target="_blank" href=Wed_Sep_30_13_56_47_IST_2020.jpg><img src=Wed_Sep_30_13_56_47_IST_2020.jpg height=200 width=200></img></a>  </system-out>
  <testcase name="adminElementPresent" time="0.072" classname="com.OSMOSE.testcases.Product"/>
  <system-out>
Click to see Screenshot <a target="_blank" href=Wed_Sep_30_13_56_47_IST_2020.jpg>Screenshot</a> <br> <br> <a target="_blank" href=Wed_Sep_30_13_56_47_IST_2020.jpg><img src=Wed_Sep_30_13_56_47_IST_2020.jpg height=200 width=200></img></a>  </system-out>
  <testcase name="viewDetailsElementPresent" time="0.042" classname="com.OSMOSE.testcases.Product"/>
  <system-out>
Click to see Screenshot <a target="_blank" href=Wed_Sep_30_13_56_48_IST_2020.jpg>Screenshot</a> <br> <br> <a target="_blank" href=Wed_Sep_30_13_56_48_IST_2020.jpg><img src=Wed_Sep_30_13_56_48_IST_2020.jpg height=200 width=200></img></a>  </system-out>
  <testcase name="allSixProductPresent" time="0.042" classname="com.OSMOSE.testcases.Product"/>
  <system-out>
Click to see Screenshot <a target="_blank" href=Wed_Sep_30_13_56_48_IST_2020.jpg>Screenshot</a> <br> <br> <a target="_blank" href=Wed_Sep_30_13_56_48_IST_2020.jpg><img src=Wed_Sep_30_13_56_48_IST_2020.jpg height=200 width=200></img></a>  </system-out>
  <testcase name="sliderItemPresent" time="0.124" classname="com.OSMOSE.testcases.Product"/>
  <system-out>
Click to see Screenshot <a target="_blank" href=Wed_Sep_30_13_56_49_IST_2020.jpg>Screenshot</a> <br> <br> <a target="_blank" href=Wed_Sep_30_13_56_49_IST_2020.jpg><img src=Wed_Sep_30_13_56_49_IST_2020.jpg height=200 width=200></img></a>  </system-out>
  <testcase name="verifyCategoryFilter" time="50.075" classname="com.OSMOSE.testcases.Product"/>
  <system-out>
Click to see Screenshot <a target="_blank" href=Wed_Sep_30_13_57_40_IST_2020.jpg>Screenshot</a> <br> <br> <a target="_blank" href=Wed_Sep_30_13_57_40_IST_2020.jpg><img src=Wed_Sep_30_13_57_40_IST_2020.jpg height=200 width=200></img></a>  </system-out>
  <testcase name="VerifyFPImageClick" time="52.463" classname="com.OSMOSE.testcases.Product"/>
  <system-out>
Click to see Screenshot <a target="_blank" href=Wed_Sep_30_13_58_33_IST_2020.jpg>Screenshot</a> <br> <br> <a target="_blank" href=Wed_Sep_30_13_58_33_IST_2020.jpg><img src=Wed_Sep_30_13_58_33_IST_2020.jpg height=200 width=200></img></a>  </system-out>
  <testcase name="verifyViewDetail" time="12.687" classname="com.OSMOSE.testcases.Product"/>
  <system-out>
Click to see Screenshot <a target="_blank" href=Wed_Sep_30_13_58_46_IST_2020.jpg>Screenshot</a> <br> <br> <a target="_blank" href=Wed_Sep_30_13_58_46_IST_2020.jpg><img src=Wed_Sep_30_13_58_46_IST_2020.jpg height=200 width=200></img></a>  </system-out>
  <testcase name="VerifyProductclick" time="16.181" classname="com.OSMOSE.testcases.Product"/>
  <system-out>
Click to see Screenshot <a target="_blank" href=Wed_Sep_30_13_59_03_IST_2020.jpg>Screenshot</a> <br> <br> <a target="_blank" href=Wed_Sep_30_13_59_03_IST_2020.jpg><img src=Wed_Sep_30_13_59_03_IST_2020.jpg height=200 width=200></img></a>  </system-out>
  <testcase name="AddQuantityandverifyCellNumber" time="19.628" classname="com.OSMOSE.testcases.Product"/>
  <system-out>
Click to see Screenshot <a target="_blank" href=Wed_Sep_30_13_59_24_IST_2020.jpg>Screenshot</a> <br> <br> <a target="_blank" href=Wed_Sep_30_13_59_24_IST_2020.jpg><img src=Wed_Sep_30_13_59_24_IST_2020.jpg height=200 width=200></img></a>  </system-out>
  <testcase name="FeaturedProductPoleRestoration" time="16.448" classname="com.OSMOSE.testcases.Product"/>
  <system-out>
Click to see Screenshot <a target="_blank" href=Wed_Sep_30_13_59_40_IST_2020.jpg>Screenshot</a> <br> <br> <a target="_blank" href=Wed_Sep_30_13_59_40_IST_2020.jpg><img src=Wed_Sep_30_13_59_40_IST_2020.jpg height=200 width=200></img></a>  </system-out>
  <testcase name="ClickReject" classname="com.OSMOSE.testcases.Product">
    <skipped/>
  </testcase> <!-- ClickReject -->
  <system-out/>
  <testcase name="SubmitQuotewithQuotePendingstatus" classname="com.OSMOSE.testcases.Product">
    <skipped/>
  </testcase> <!-- SubmitQuotewithQuotePendingstatus -->
  <system-out/>
  <testcase name="SubmitQuotewithoutFile" classname="com.OSMOSE.testcases.Product">
    <skipped/>
  </testcase> <!-- SubmitQuotewithoutFile -->
  <system-out/>
  <testcase name="DeleteQuanityinShoppingCart" classname="com.OSMOSE.testcases.Product">
    <skipped/>
  </testcase> <!-- DeleteQuanityinShoppingCart -->
  <system-out/>
  <testcase name="verifyTheSearchOneAlphabet" classname="com.OSMOSE.testcases.Product">
    <skipped/>
  </testcase> <!-- verifyTheSearchOneAlphabet -->
  <system-out/>
  <testcase name="verifyCartIconCount" classname="com.OSMOSE.testcases.Product">
    <skipped/>
  </testcase> <!-- verifyCartIconCount -->
  <system-out/>
  <testcase name="VerifyShoppingAddbtndisabled" classname="com.OSMOSE.testcases.Product">
    <skipped/>
  </testcase> <!-- VerifyShoppingAddbtndisabled -->
  <system-out/>
  <testcase name="verifyTheSearch" classname="com.OSMOSE.testcases.Product">
    <skipped/>
  </testcase> <!-- verifyTheSearch -->
  <system-out/>
  <testcase name="MyQuotesComments_Collapse" classname="com.OSMOSE.testcases.Product">
    <skipped/>
  </testcase> <!-- MyQuotesComments_Collapse -->
  <system-out/>
  <testcase name="SubmitQuotewithOrderedstatus" classname="com.OSMOSE.testcases.Product">
    <skipped/>
  </testcase> <!-- SubmitQuotewithOrderedstatus -->
  <system-out/>
  <testcase name="UpdateIncreaseQuanityinShoppingCart" classname="com.OSMOSE.testcases.Product">
    <skipped/>
  </testcase> <!-- UpdateIncreaseQuanityinShoppingCart -->
  <system-out/>
  <testcase name="SubmitQuotewithNegativeExpireDays" classname="com.OSMOSE.testcases.Product">
    <skipped/>
  </testcase> <!-- SubmitQuotewithNegativeExpireDays -->
  <system-out/>
  <testcase name="verifyTheSearchCrossButton" classname="com.OSMOSE.testcases.Product">
    <skipped/>
  </testcase> <!-- verifyTheSearchCrossButton -->
  <system-out/>
  <testcase name="SubmitQuotewithQuotedstatus" classname="com.OSMOSE.testcases.Product">
    <skipped/>
  </testcase> <!-- SubmitQuotewithQuotedstatus -->
  <system-out/>
  <testcase name="ClickManageQuotesLink" classname="com.OSMOSE.testcases.Product">
    <skipped/>
  </testcase> <!-- ClickManageQuotesLink -->
  <system-out/>
  <testcase name="verifyCancelwhileREQuoting" classname="com.OSMOSE.testcases.Product">
    <skipped/>
  </testcase> <!-- verifyCancelwhileREQuoting -->
  <system-out/>
  <testcase name="CreateQuote_ZipCode" classname="com.OSMOSE.testcases.Product">
    <skipped/>
  </testcase> <!-- CreateQuote_ZipCode -->
  <system-out/>
  <testcase name="UpdateChangeProductAddToShoppingCart" classname="com.OSMOSE.testcases.Product">
    <skipped/>
  </testcase> <!-- UpdateChangeProductAddToShoppingCart -->
  <system-out/>
  <testcase name="CreateQuote_Comments" classname="com.OSMOSE.testcases.Product">
    <skipped/>
  </testcase> <!-- CreateQuote_Comments -->
  <system-out/>
  <testcase name="verifyStatusFilterExpired" classname="com.OSMOSE.testcases.Product">
    <skipped/>
  </testcase> <!-- verifyStatusFilterExpired -->
  <system-out/>
  <testcase name="ClickApprove" classname="com.OSMOSE.testcases.Product">
    <skipped/>
  </testcase> <!-- ClickApprove -->
  <system-out/>
  <testcase name="CreateQuote_MultipleAttachment" classname="com.OSMOSE.testcases.Product">
    <skipped/>
  </testcase> <!-- CreateQuote_MultipleAttachment -->
  <system-out/>
  <testcase name="verifyDeleteProductOnOverlay" classname="com.OSMOSE.testcases.Product">
    <skipped/>
  </testcase> <!-- verifyDeleteProductOnOverlay -->
  <system-out/>
  <testcase name="SubmitQuotewithOrderRequestedstatus" classname="com.OSMOSE.testcases.Product">
    <skipped/>
  </testcase> <!-- SubmitQuotewithOrderRequestedstatus -->
  <system-out/>
  <testcase name="GoBack" classname="com.OSMOSE.testcases.Product">
    <skipped/>
  </testcase> <!-- GoBack -->
  <system-out/>
  <testcase name="verifyAddShoppingCarttext" classname="com.OSMOSE.testcases.Product">
    <skipped/>
  </testcase> <!-- verifyAddShoppingCarttext -->
  <system-out/>
  <testcase name="verifyExclamationOnMyQuotes" classname="com.OSMOSE.testcases.Product">
    <skipped/>
  </testcase> <!-- verifyExclamationOnMyQuotes -->
  <system-out/>
  <testcase name="SubmitQuotewithExpiredstatus" classname="com.OSMOSE.testcases.Product">
    <skipped/>
  </testcase> <!-- SubmitQuotewithExpiredstatus -->
  <system-out/>
  <testcase name="CreateQuote" classname="com.OSMOSE.testcases.Product">
    <skipped/>
  </testcase> <!-- CreateQuote -->
  <system-out/>
  <testcase name="verifyThankyouPopup" classname="com.OSMOSE.testcases.Product">
    <skipped/>
  </testcase> <!-- verifyThankyouPopup -->
  <system-out/>
  <testcase name="SubmitQuotewithMoreThan20mbFile" classname="com.OSMOSE.testcases.Product">
    <skipped/>
  </testcase> <!-- SubmitQuotewithMoreThan20mbFile -->
  <system-out/>
  <testcase name="CreateQuote_Attachment" classname="com.OSMOSE.testcases.Product">
    <skipped/>
  </testcase> <!-- CreateQuote_Attachment -->
  <system-out/>
  <testcase name="VerifyAddingRelatedProductsToShoppingCart" classname="com.OSMOSE.testcases.Product">
    <skipped/>
  </testcase> <!-- VerifyAddingRelatedProductsToShoppingCart -->
  <system-out/>
  <testcase name="VerifyUIonClickQuoteID" classname="com.OSMOSE.testcases.Product">
    <skipped/>
  </testcase> <!-- VerifyUIonClickQuoteID -->
  <system-out/>
  <testcase name="verifyTheValidationmessage" classname="com.OSMOSE.testcases.Product">
    <skipped/>
  </testcase> <!-- verifyTheValidationmessage -->
  <system-out/>
  <testcase name="ClickDownloadProducts" classname="com.OSMOSE.testcases.Product">
    <skipped/>
  </testcase> <!-- ClickDownloadProducts -->
  <system-out/>
  <testcase name="verifyAddToCartWhileReQuoting" classname="com.OSMOSE.testcases.Product">
    <skipped/>
  </testcase> <!-- verifyAddToCartWhileReQuoting -->
  <system-out/>
  <testcase name="AddShoppingCart" classname="com.OSMOSE.testcases.Product">
    <skipped/>
  </testcase> <!-- AddShoppingCart -->
  <system-out/>
  <testcase name="verifyTheSearchFullname" classname="com.OSMOSE.testcases.Product">
    <skipped/>
  </testcase> <!-- verifyTheSearchFullname -->
  <system-out/>
  <testcase name="ClickReview" classname="com.OSMOSE.testcases.Product">
    <skipped/>
  </testcase> <!-- ClickReview -->
  <system-out/>
  <testcase name="MyQuotes_96421" classname="com.OSMOSE.testcases.Product">
    <skipped/>
  </testcase> <!-- MyQuotes_96421 -->
  <system-out/>
  <testcase name="verifySubmitwhileREQuoting" classname="com.OSMOSE.testcases.Product">
    <skipped/>
  </testcase> <!-- verifySubmitwhileREQuoting -->
  <system-out/>
  <testcase name="verifyUpdatedQuantityOnOverlay" classname="com.OSMOSE.testcases.Product">
    <skipped/>
  </testcase> <!-- verifyUpdatedQuantityOnOverlay -->
  <system-out/>
  <testcase name="verifyTheProductCart" classname="com.OSMOSE.testcases.Product">
    <skipped/>
  </testcase> <!-- verifyTheProductCart -->
  <system-out/>
  <testcase name="VerifyShoppingCarrtMinMaxqty" classname="com.OSMOSE.testcases.Product">
    <skipped/>
  </testcase> <!-- VerifyShoppingCarrtMinMaxqty -->
  <system-out/>
  <testcase name="verifyTheSearchfirstname" classname="com.OSMOSE.testcases.Product">
    <skipped/>
  </testcase> <!-- verifyTheSearchfirstname -->
  <system-out/>
  <testcase name="ReturnPolicy" classname="com.OSMOSE.testcases.Product">
    <skipped/>
  </testcase> <!-- ReturnPolicy -->
  <system-out/>
  <testcase name="VerifyTooltipForSizeDropDown" classname="com.OSMOSE.testcases.Product">
    <skipped/>
  </testcase> <!-- VerifyTooltipForSizeDropDown -->
  <system-out/>
  <testcase name="verifyStatusFilterQuotePending" classname="com.OSMOSE.testcases.Product">
    <skipped/>
  </testcase> <!-- verifyStatusFilterQuotePending -->
  <system-out/>
  <testcase name="VerifyUIonApprove" classname="com.OSMOSE.testcases.Product">
    <skipped/>
  </testcase> <!-- VerifyUIonApprove -->
  <system-out/>
  <testcase name="SubmitQuotewithQuoteCancelledstatus" classname="com.OSMOSE.testcases.Product">
    <skipped/>
  </testcase> <!-- SubmitQuotewithQuoteCancelledstatus -->
  <system-out/>
  <testcase name="ClickShoppingCartIcon" classname="com.OSMOSE.testcases.Product">
    <skipped/>
  </testcase> <!-- ClickShoppingCartIcon -->
  <system-out/>
  <testcase name="SortBydd" classname="com.OSMOSE.testcases.Product">
    <skipped/>
  </testcase> <!-- SortBydd -->
  <system-out/>
  <testcase name="verifyStatusFilterAll" classname="com.OSMOSE.testcases.Product">
    <skipped/>
  </testcase> <!-- verifyStatusFilterAll -->
  <system-out/>
  <testcase name="ClickUploadProducts" classname="com.OSMOSE.testcases.Product">
    <skipped/>
  </testcase> <!-- ClickUploadProducts -->
  <system-out/>
  <testcase name="VerifyAddShopping_Sameitem" classname="com.OSMOSE.testcases.Product">
    <skipped/>
  </testcase> <!-- VerifyAddShopping_Sameitem -->
  <system-out/>
  <testcase name="UpdateDecreaseQuanityinShoppingCart" classname="com.OSMOSE.testcases.Product">
    <skipped/>
  </testcase> <!-- UpdateDecreaseQuanityinShoppingCart -->
  <system-out/>
  <testcase name="verifyStatusFilterCancelled" classname="com.OSMOSE.testcases.Product">
    <skipped/>
  </testcase> <!-- verifyStatusFilterCancelled -->
  <system-out/>
  <testcase name="VerifyCrossicononhoppingCart_Differentitem" classname="com.OSMOSE.testcases.Product">
    <skipped/>
  </testcase> <!-- VerifyCrossicononhoppingCart_Differentitem -->
  <system-out/>
  <testcase name="VerifyCrossicononhoppingCart" classname="com.OSMOSE.testcases.Product">
    <skipped/>
  </testcase> <!-- VerifyCrossicononhoppingCart -->
  <system-out/>
  <testcase name="ClickShoppingViewCartbutton" classname="com.OSMOSE.testcases.Product">
    <skipped/>
  </testcase> <!-- ClickShoppingViewCartbutton -->
  <system-out/>
  <testcase name="ClickShoppingSubmitCartbutton" classname="com.OSMOSE.testcases.Product">
    <skipped/>
  </testcase> <!-- ClickShoppingSubmitCartbutton -->
  <system-out/>
  <testcase name="ClickManageProducts" classname="com.OSMOSE.testcases.Product">
    <skipped/>
  </testcase> <!-- ClickManageProducts -->
  <system-out/>
  <testcase name="ClickProductsinReview" classname="com.OSMOSE.testcases.Product">
    <skipped/>
  </testcase> <!-- ClickProductsinReview -->
  <system-out/>
  <testcase name="verifyStatusFilterOrderRequested" classname="com.OSMOSE.testcases.Product">
    <skipped/>
  </testcase> <!-- verifyStatusFilterOrderRequested -->
  <system-out/>
  <testcase name="SubmitQuotewithInvalidFileType" classname="com.OSMOSE.testcases.Product">
    <skipped/>
  </testcase> <!-- SubmitQuotewithInvalidFileType -->
  <system-out/>
  <testcase name="VerifyApprovebtndisabled" classname="com.OSMOSE.testcases.Product">
    <skipped/>
  </testcase> <!-- VerifyApprovebtndisabled -->
  <system-out/>
  <testcase name="VerifyShoppingCarrtAddbtnDisabledclearqty" classname="com.OSMOSE.testcases.Product">
    <skipped/>
  </testcase> <!-- VerifyShoppingCarrtAddbtnDisabledclearqty -->
  <system-out/>
  <testcase name="CreateQuote_UpdateeAttachment" classname="com.OSMOSE.testcases.Product">
    <skipped/>
  </testcase> <!-- CreateQuote_UpdateeAttachment -->
  <system-out/>
  <testcase name="verifyStatusFilterQuoted" classname="com.OSMOSE.testcases.Product">
    <skipped/>
  </testcase> <!-- verifyStatusFilterQuoted -->
  <system-out/>
  <testcase name="HomepageCarticon" classname="com.OSMOSE.testcases.Product">
    <skipped/>
  </testcase> <!-- HomepageCarticon -->
  <system-out/>
  <testcase name="verifyStatusFilterOrdered" classname="com.OSMOSE.testcases.Product">
    <skipped/>
  </testcase> <!-- verifyStatusFilterOrdered -->
  <system-out/>
  <testcase name="ClickDictionaryLink" classname="com.OSMOSE.testcases.Product">
    <skipped/>
  </testcase> <!-- ClickDictionaryLink -->
  <system-out/>
</testsuite> <!-- com.OSMOSE.testcases.Product -->
