<?xml version="1.0" encoding="UTF-8"?>
<!-- Generated by org.testng.reporters.JUnitReportReporter -->
<testsuite skipped="0" hostname="5CG6323N27" name="com.OSMOSE.testcases.JointUse_ts_allroles" tests="10" failures="0" timestamp="2020-11-25T21:38:27 IST" time="59.490" errors="0">
  <testcase name="jointUseloginTestAllRoles" time="25.893" classname="com.OSMOSE.testcases.JointUse_ts_allroles"/>
  <system-out>
Click to see Screenshot <a target="_blank" href=Wed_Nov_25_21_37_46_IST_2020.jpg>Screenshot</a> <br> <br> <a target="_blank" href=Wed_Nov_25_21_37_46_IST_2020.jpg><img src=Wed_Nov_25_21_37_46_IST_2020.jpg height=200 width=200></img></a>  </system-out>
  <testcase name="verifyJointUseNavigationClick" time="25.113" classname="com.OSMOSE.testcases.JointUse_ts_allroles"/>
  <system-out>
Click to see Screenshot <a target="_blank" href=Wed_Nov_25_21_38_12_IST_2020.jpg>Screenshot</a> <br> <br> <a target="_blank" href=Wed_Nov_25_21_38_12_IST_2020.jpg><img src=Wed_Nov_25_21_38_12_IST_2020.jpg height=200 width=200></img></a>  </system-out>
  <testcase name="verifyHorizontalCollapseFunctionality" time="5.365" classname="com.OSMOSE.testcases.JointUse_ts_allroles"/>
  <system-out>
Click to see Screenshot <a target="_blank" href=Wed_Nov_25_21_38_18_IST_2020.jpg>Screenshot</a> <br> <br> <a target="_blank" href=Wed_Nov_25_21_38_18_IST_2020.jpg><img src=Wed_Nov_25_21_38_18_IST_2020.jpg height=200 width=200></img></a>  </system-out>
  <testcase name="verifyVerticalCollapseFunctionality" time="2.301" classname="com.OSMOSE.testcases.JointUse_ts_allroles"/>
  <system-out>
Click to see Screenshot <a target="_blank" href=Wed_Nov_25_21_38_21_IST_2020.jpg>Screenshot</a> <br> <br> <a target="_blank" href=Wed_Nov_25_21_38_21_IST_2020.jpg><img src=Wed_Nov_25_21_38_21_IST_2020.jpg height=200 width=200></img></a>  </system-out>
  <testcase name="verifyAddWidgets" time="0.050" classname="com.OSMOSE.testcases.JointUse_ts_allroles"/>
  <system-out>
Click to see Screenshot <a target="_blank" href=Wed_Nov_25_21_38_21_IST_2020.jpg>Screenshot</a> <br> <br> <a target="_blank" href=Wed_Nov_25_21_38_21_IST_2020.jpg><img src=Wed_Nov_25_21_38_21_IST_2020.jpg height=200 width=200></img></a>  </system-out>
  <testcase name="verifyEditLayout" time="0.062" classname="com.OSMOSE.testcases.JointUse_ts_allroles"/>
  <system-out>
Click to see Screenshot <a target="_blank" href=Wed_Nov_25_21_38_22_IST_2020.jpg>Screenshot</a> <br> <br> <a target="_blank" href=Wed_Nov_25_21_38_22_IST_2020.jpg><img src=Wed_Nov_25_21_38_22_IST_2020.jpg height=200 width=200></img></a>  </system-out>
  <testcase name="verifyNewApplication" time="0.501" classname="com.OSMOSE.testcases.JointUse_ts_allroles"/>
  <system-out>
Click to see Screenshot <a target="_blank" href=Wed_Nov_25_21_38_22_IST_2020.jpg>Screenshot</a> <br> <br> <a target="_blank" href=Wed_Nov_25_21_38_22_IST_2020.jpg><img src=Wed_Nov_25_21_38_22_IST_2020.jpg height=200 width=200></img></a>  </system-out>
  <testcase name="verifyExportOptions" time="0.126" classname="com.OSMOSE.testcases.JointUse_ts_allroles"/>
  <system-out>
Click to see Screenshot <a target="_blank" href=Wed_Nov_25_21_38_23_IST_2020.jpg>Screenshot</a> <br> <br> <a target="_blank" href=Wed_Nov_25_21_38_23_IST_2020.jpg><img src=Wed_Nov_25_21_38_23_IST_2020.jpg height=200 width=200></img></a>  </system-out>
  <testcase name="verifySearchBox" time="0.047" classname="com.OSMOSE.testcases.JointUse_ts_allroles"/>
  <system-out>
Click to see Screenshot <a target="_blank" href=Wed_Nov_25_21_38_23_IST_2020.jpg>Screenshot</a> <br> <br> <a target="_blank" href=Wed_Nov_25_21_38_23_IST_2020.jpg><img src=Wed_Nov_25_21_38_23_IST_2020.jpg height=200 width=200></img></a>  </system-out>
  <testcase name="verifyRefreshBtn" time="0.032" classname="com.OSMOSE.testcases.JointUse_ts_allroles"/>
  <system-out>
Click to see Screenshot <a target="_blank" href=Wed_Nov_25_21_38_24_IST_2020.jpg>Screenshot</a> <br> <br> <a target="_blank" href=Wed_Nov_25_21_38_24_IST_2020.jpg><img src=Wed_Nov_25_21_38_24_IST_2020.jpg height=200 width=200></img></a>  </system-out>
</testsuite> <!-- com.OSMOSE.testcases.JointUse_ts_allroles -->
