<?xml version="1.0" encoding="UTF-8"?>
<!-- Generated by org.testng.reporters.JUnitReportReporter -->
<testsuite skipped="54" hostname="5CG6323N27" name="com.OSMOSE.testcases.Product" tests="67" failures="0" timestamp="2020-07-27T15:59:02 IST" time="290.428" errors="1">
  <testcase name="verifyTheProductLink" time="3.669" classname="com.OSMOSE.testcases.Product"/>
  <system-out>
Click to see Screenshot <a target="_blank" href=Mon_Jul_27_15_53_05_IST_2020.jpg>Screenshot</a> <br> <br> <a target="_blank" href=Mon_Jul_27_15_53_05_IST_2020.jpg><img src=Mon_Jul_27_15_53_05_IST_2020.jpg height=200 width=200></img></a>  </system-out>
  <testcase name="searchElementPresent" time="50.086" classname="com.OSMOSE.testcases.Product"/>
  <system-out>
Click to see Screenshot <a target="_blank" href=Mon_Jul_27_15_53_56_IST_2020.jpg>Screenshot</a> <br> <br> <a target="_blank" href=Mon_Jul_27_15_53_56_IST_2020.jpg><img src=Mon_Jul_27_15_53_56_IST_2020.jpg height=200 width=200></img></a>  </system-out>
  <testcase name="catalogElementPresent" time="0.030" classname="com.OSMOSE.testcases.Product"/>
  <system-out>
Click to see Screenshot <a target="_blank" href=Mon_Jul_27_15_53_56_IST_2020.jpg>Screenshot</a> <br> <br> <a target="_blank" href=Mon_Jul_27_15_53_56_IST_2020.jpg><img src=Mon_Jul_27_15_53_56_IST_2020.jpg height=200 width=200></img></a>  </system-out>
  <testcase name="openMyQuotesElementPresent" time="0.029" classname="com.OSMOSE.testcases.Product"/>
  <system-out>
Click to see Screenshot <a target="_blank" href=Mon_Jul_27_15_53_57_IST_2020.jpg>Screenshot</a> <br> <br> <a target="_blank" href=Mon_Jul_27_15_53_57_IST_2020.jpg><img src=Mon_Jul_27_15_53_57_IST_2020.jpg height=200 width=200></img></a>  </system-out>
  <testcase name="shoppingCartElementPresent" time="0.050" classname="com.OSMOSE.testcases.Product"/>
  <system-out>
Click to see Screenshot <a target="_blank" href=Mon_Jul_27_15_53_57_IST_2020.jpg>Screenshot</a> <br> <br> <a target="_blank" href=Mon_Jul_27_15_53_57_IST_2020.jpg><img src=Mon_Jul_27_15_53_57_IST_2020.jpg height=200 width=200></img></a>  </system-out>
  <testcase name="adminElementPresent" time="0.047" classname="com.OSMOSE.testcases.Product"/>
  <system-out>
Click to see Screenshot <a target="_blank" href=Mon_Jul_27_15_53_58_IST_2020.jpg>Screenshot</a> <br> <br> <a target="_blank" href=Mon_Jul_27_15_53_58_IST_2020.jpg><img src=Mon_Jul_27_15_53_58_IST_2020.jpg height=200 width=200></img></a>  </system-out>
  <testcase name="viewDetailsElementPresent" time="0.032" classname="com.OSMOSE.testcases.Product"/>
  <system-out>
Click to see Screenshot <a target="_blank" href=Mon_Jul_27_15_53_58_IST_2020.jpg>Screenshot</a> <br> <br> <a target="_blank" href=Mon_Jul_27_15_53_58_IST_2020.jpg><img src=Mon_Jul_27_15_53_58_IST_2020.jpg height=200 width=200></img></a>  </system-out>
  <testcase name="allSixProductPresent" time="0.030" classname="com.OSMOSE.testcases.Product"/>
  <system-out>
Click to see Screenshot <a target="_blank" href=Mon_Jul_27_15_53_58_IST_2020.jpg>Screenshot</a> <br> <br> <a target="_blank" href=Mon_Jul_27_15_53_58_IST_2020.jpg><img src=Mon_Jul_27_15_53_58_IST_2020.jpg height=200 width=200></img></a>  </system-out>
  <testcase name="sliderItemPresent" time="0.131" classname="com.OSMOSE.testcases.Product"/>
  <system-out>
Click to see Screenshot <a target="_blank" href=Mon_Jul_27_15_53_59_IST_2020.jpg>Screenshot</a> <br> <br> <a target="_blank" href=Mon_Jul_27_15_53_59_IST_2020.jpg><img src=Mon_Jul_27_15_53_59_IST_2020.jpg height=200 width=200></img></a>  </system-out>
  <testcase name="verifyCategoryFilter" time="50.031" classname="com.OSMOSE.testcases.Product"/>
  <system-out>
Click to see Screenshot <a target="_blank" href=Mon_Jul_27_15_54_49_IST_2020.jpg>Screenshot</a> <br> <br> <a target="_blank" href=Mon_Jul_27_15_54_49_IST_2020.jpg><img src=Mon_Jul_27_15_54_49_IST_2020.jpg height=200 width=200></img></a>  </system-out>
  <testcase name="verifyAddToCartWhileReQuoting" time="56.301" classname="com.OSMOSE.testcases.Product"/>
  <system-out>
Click to see Screenshot <a target="_blank" href=Mon_Jul_27_15_55_46_IST_2020.jpg>Screenshot</a> <br> <br> <a target="_blank" href=Mon_Jul_27_15_55_46_IST_2020.jpg><img src=Mon_Jul_27_15_55_46_IST_2020.jpg height=200 width=200></img></a>  </system-out>
  <testcase name="verifyExclamationOnMyQuotes" time="38.091" classname="com.OSMOSE.testcases.Product"/>
  <system-out>
Click to see Screenshot <a target="_blank" href=Mon_Jul_27_15_56_25_IST_2020.jpg>Screenshot</a> <br> <br> <a target="_blank" href=Mon_Jul_27_15_56_25_IST_2020.jpg><img src=Mon_Jul_27_15_56_25_IST_2020.jpg height=200 width=200></img></a>  </system-out>
  <testcase name="verifyNoExclamationOnMyQuotes" time="91.901" classname="com.OSMOSE.testcases.Product">
    <error type="org.openqa.selenium.NoSuchElementException" message="no such element: Unable to locate element: {&quot;method&quot;:&quot;xpath&quot;,&quot;selector&quot;:&quot;//a[@id=&#039;openMyquotes&#039;]/span&quot;}
  (Session info: chrome=83.0.4103.116)
For documentation on this error, please visit: http://seleniumhq.org/exceptions/no_such_element.html
Build info: version: &#039;3.14.0&#039;, revision: &#039;aacccce0&#039;, time: &#039;2018-08-02T20:19:58.91Z&#039;
System info: host: &#039;5CG6323N27&#039;, ip: &#039;192.168.0.7&#039;, os.name: &#039;Windows 10&#039;, os.arch: &#039;amd64&#039;, os.version: &#039;10.0&#039;, java.version: &#039;1.8.0_191&#039;
Driver info: org.openqa.selenium.chrome.ChromeDriver
Capabilities {acceptInsecureCerts: false, browserName: chrome, browserVersion: 83.0.4103.116, chrome: {chromedriverVersion: 83.0.4103.39 (ccbf011cb2d2b..., userDataDir: C:\Windows\Temp\scoped_dir2...}, goog:chromeOptions: {debuggerAddress: localhost:50633}, javascriptEnabled: true, networkConnectionEnabled: false, pageLoadStrategy: none, platform: WINDOWS, platformName: WINDOWS, proxy: Proxy(), setWindowRect: true, strictFileInteractability: false, timeouts: {implicit: 0, pageLoad: 300000, script: 30000}, unhandledPromptBehavior: dismiss and notify, webauthn:virtualAuthenticators: true}
Session ID: 63dab00ef0e8bad54db968e9415c3bc8
*** Element info: {Using=xpath, value=//a[@id=&#039;openMyquotes&#039;]/span}">
      <![CDATA[org.openqa.selenium.NoSuchElementException: no such element: Unable to locate element: {"method":"xpath","selector":"//a[@id='openMyquotes']/span"}
  (Session info: chrome=83.0.4103.116)
For documentation on this error, please visit: http://seleniumhq.org/exceptions/no_such_element.html
Build info: version: '3.14.0', revision: 'aacccce0', time: '2018-08-02T20:19:58.91Z'
System info: host: '5CG6323N27', ip: '192.168.0.7', os.name: 'Windows 10', os.arch: 'amd64', os.version: '10.0', java.version: '1.8.0_191'
Driver info: org.openqa.selenium.chrome.ChromeDriver
Capabilities {acceptInsecureCerts: false, browserName: chrome, browserVersion: 83.0.4103.116, chrome: {chromedriverVersion: 83.0.4103.39 (ccbf011cb2d2b..., userDataDir: C:\Windows\Temp\scoped_dir2...}, goog:chromeOptions: {debuggerAddress: localhost:50633}, javascriptEnabled: true, networkConnectionEnabled: false, pageLoadStrategy: none, platform: WINDOWS, platformName: WINDOWS, proxy: Proxy(), setWindowRect: true, strictFileInteractability: false, timeouts: {implicit: 0, pageLoad: 300000, script: 30000}, unhandledPromptBehavior: dismiss and notify, webauthn:virtualAuthenticators: true}
Session ID: 63dab00ef0e8bad54db968e9415c3bc8
*** Element info: {Using=xpath, value=//a[@id='openMyquotes']/span}
at sun.reflect.NativeConstructorAccessorImpl.newInstance0(Native Method)
at sun.reflect.NativeConstructorAccessorImpl.newInstance(Unknown Source)
at sun.reflect.DelegatingConstructorAccessorImpl.newInstance(Unknown Source)
at java.lang.reflect.Constructor.newInstance(Unknown Source)
at org.openqa.selenium.remote.http.W3CHttpResponseCodec.createException(W3CHttpResponseCodec.java:187)
at org.openqa.selenium.remote.http.W3CHttpResponseCodec.decode(W3CHttpResponseCodec.java:122)
at org.openqa.selenium.remote.http.W3CHttpResponseCodec.decode(W3CHttpResponseCodec.java:49)
at org.openqa.selenium.remote.HttpCommandExecutor.execute(HttpCommandExecutor.java:158)
at org.openqa.selenium.remote.service.DriverCommandExecutor.execute(DriverCommandExecutor.java:83)
at org.openqa.selenium.remote.RemoteWebDriver.execute(RemoteWebDriver.java:548)
at org.openqa.selenium.remote.RemoteWebDriver.findElement(RemoteWebDriver.java:322)
at org.openqa.selenium.remote.RemoteWebDriver.findElementByXPath(RemoteWebDriver.java:424)
at org.openqa.selenium.By$ByXPath.findElement(By.java:353)
at org.openqa.selenium.remote.RemoteWebDriver.findElement(RemoteWebDriver.java:314)
at com.OSMOSE.testcases.Product.verifyNoExclamationOnMyQuotes(Product.java:957)
at sun.reflect.NativeMethodAccessorImpl.invoke0(Native Method)
at sun.reflect.NativeMethodAccessorImpl.invoke(Unknown Source)
at sun.reflect.DelegatingMethodAccessorImpl.invoke(Unknown Source)
at java.lang.reflect.Method.invoke(Unknown Source)
at org.testng.internal.MethodInvocationHelper.invokeMethod(MethodInvocationHelper.java:134)
at org.testng.internal.TestInvoker.invokeMethod(TestInvoker.java:597)
at org.testng.internal.TestInvoker.invokeTestMethod(TestInvoker.java:173)
at org.testng.internal.MethodRunner.runInSequence(MethodRunner.java:46)
at org.testng.internal.TestInvoker$MethodInvocationAgent.invoke(TestInvoker.java:816)
at org.testng.internal.TestInvoker.invokeTestMethods(TestInvoker.java:146)
at org.testng.internal.TestMethodWorker.invokeTestMethods(TestMethodWorker.java:146)
at org.testng.internal.TestMethodWorker.run(TestMethodWorker.java:128)
at java.util.ArrayList.forEach(Unknown Source)
at org.testng.TestRunner.privateRun(TestRunner.java:766)
at org.testng.TestRunner.run(TestRunner.java:587)
at org.testng.SuiteRunner.runTest(SuiteRunner.java:384)
at org.testng.SuiteRunner.runSequentially(SuiteRunner.java:378)
at org.testng.SuiteRunner.privateRun(SuiteRunner.java:337)
at org.testng.SuiteRunner.run(SuiteRunner.java:286)
at org.testng.SuiteRunnerWorker.runSuite(SuiteRunnerWorker.java:53)
at org.testng.SuiteRunnerWorker.run(SuiteRunnerWorker.java:96)
at org.testng.TestNG.runSuitesSequentially(TestNG.java:1187)
at org.testng.TestNG.runSuitesLocally(TestNG.java:1109)
at org.testng.TestNG.runSuites(TestNG.java:1039)
at org.testng.TestNG.run(TestNG.java:1007)
at org.testng.remote.AbstractRemoteTestNG.run(AbstractRemoteTestNG.java:115)
at org.testng.remote.RemoteTestNG.initAndRun(RemoteTestNG.java:251)
at org.testng.remote.RemoteTestNG.main(RemoteTestNG.java:77)
]]>
    </error>
  </testcase> <!-- verifyNoExclamationOnMyQuotes -->
  <system-out>
Click to see Screenshot <a target="_blank" href=Mon_Jul_27_15_57_57_IST_2020.jpg>Screenshot</a> <br> <br> <a target="_blank" href=Mon_Jul_27_15_57_57_IST_2020.jpg><img src=Mon_Jul_27_15_57_57_IST_2020.jpg height=200 width=200></img></a>  </system-out>
  <testcase name="SubmitQuotewithQuotePendingstatus" classname="com.OSMOSE.testcases.Product">
    <skipped/>
  </testcase> <!-- SubmitQuotewithQuotePendingstatus -->
  <system-out/>
  <testcase name="DeleteQuanityinShoppingCart" classname="com.OSMOSE.testcases.Product">
    <skipped/>
  </testcase> <!-- DeleteQuanityinShoppingCart -->
  <system-out/>
  <testcase name="verifyTheSearchOneAlphabet" classname="com.OSMOSE.testcases.Product">
    <skipped/>
  </testcase> <!-- verifyTheSearchOneAlphabet -->
  <system-out/>
  <testcase name="verifyTheSearch" classname="com.OSMOSE.testcases.Product">
    <skipped/>
  </testcase> <!-- verifyTheSearch -->
  <system-out/>
  <testcase name="SubmitQuotewithOrderedstatus" classname="com.OSMOSE.testcases.Product">
    <skipped/>
  </testcase> <!-- SubmitQuotewithOrderedstatus -->
  <system-out/>
  <testcase name="UpdateIncreaseQuanityinShoppingCart" classname="com.OSMOSE.testcases.Product">
    <skipped/>
  </testcase> <!-- UpdateIncreaseQuanityinShoppingCart -->
  <system-out/>
  <testcase name="verifyTheSearchCrossButton" classname="com.OSMOSE.testcases.Product">
    <skipped/>
  </testcase> <!-- verifyTheSearchCrossButton -->
  <system-out/>
  <testcase name="SubmitQuotewithQuotedstatus" classname="com.OSMOSE.testcases.Product">
    <skipped/>
  </testcase> <!-- SubmitQuotewithQuotedstatus -->
  <system-out/>
  <testcase name="ClickManageQuotesLink" classname="com.OSMOSE.testcases.Product">
    <skipped/>
  </testcase> <!-- ClickManageQuotesLink -->
  <system-out/>
  <testcase name="verifyCancelwhileREQuoting" classname="com.OSMOSE.testcases.Product">
    <skipped/>
  </testcase> <!-- verifyCancelwhileREQuoting -->
  <system-out/>
  <testcase name="FeaturedProductPoleRestoration" classname="com.OSMOSE.testcases.Product">
    <skipped/>
  </testcase> <!-- FeaturedProductPoleRestoration -->
  <system-out/>
  <testcase name="CreateQuote_ZipCode" classname="com.OSMOSE.testcases.Product">
    <skipped/>
  </testcase> <!-- CreateQuote_ZipCode -->
  <system-out/>
  <testcase name="CreateQuote_Comments" classname="com.OSMOSE.testcases.Product">
    <skipped/>
  </testcase> <!-- CreateQuote_Comments -->
  <system-out/>
  <testcase name="verifyStatusFilterExpired" classname="com.OSMOSE.testcases.Product">
    <skipped/>
  </testcase> <!-- verifyStatusFilterExpired -->
  <system-out/>
  <testcase name="VerifyFPImageClick" classname="com.OSMOSE.testcases.Product">
    <skipped/>
  </testcase> <!-- VerifyFPImageClick -->
  <system-out/>
  <testcase name="AddQuantityandverifyCellNumber" classname="com.OSMOSE.testcases.Product">
    <skipped/>
  </testcase> <!-- AddQuantityandverifyCellNumber -->
  <system-out/>
  <testcase name="SubmitQuotewithOrderRequestedstatus" classname="com.OSMOSE.testcases.Product">
    <skipped/>
  </testcase> <!-- SubmitQuotewithOrderRequestedstatus -->
  <system-out/>
  <testcase name="verifyAddShoppingCarttext" classname="com.OSMOSE.testcases.Product">
    <skipped/>
  </testcase> <!-- verifyAddShoppingCarttext -->
  <system-out/>
  <testcase name="CreateQuote" classname="com.OSMOSE.testcases.Product">
    <skipped/>
  </testcase> <!-- CreateQuote -->
  <system-out/>
  <testcase name="verifyThankyouPopup" classname="com.OSMOSE.testcases.Product">
    <skipped/>
  </testcase> <!-- verifyThankyouPopup -->
  <system-out/>
  <testcase name="CreateQuote_Attachment" classname="com.OSMOSE.testcases.Product">
    <skipped/>
  </testcase> <!-- CreateQuote_Attachment -->
  <system-out/>
  <testcase name="VerifyUIonClickQuoteID" classname="com.OSMOSE.testcases.Product">
    <skipped/>
  </testcase> <!-- VerifyUIonClickQuoteID -->
  <system-out/>
  <testcase name="verifyTheValidationmessage" classname="com.OSMOSE.testcases.Product">
    <skipped/>
  </testcase> <!-- verifyTheValidationmessage -->
  <system-out/>
  <testcase name="ClickDownloadProducts" classname="com.OSMOSE.testcases.Product">
    <skipped/>
  </testcase> <!-- ClickDownloadProducts -->
  <system-out/>
  <testcase name="VerifyProductclick" classname="com.OSMOSE.testcases.Product">
    <skipped/>
  </testcase> <!-- VerifyProductclick -->
  <system-out/>
  <testcase name="AddShoppingCart" classname="com.OSMOSE.testcases.Product">
    <skipped/>
  </testcase> <!-- AddShoppingCart -->
  <system-out/>
  <testcase name="verifyTheSearchFullname" classname="com.OSMOSE.testcases.Product">
    <skipped/>
  </testcase> <!-- verifyTheSearchFullname -->
  <system-out/>
  <testcase name="MyQuotes_96421" classname="com.OSMOSE.testcases.Product">
    <skipped/>
  </testcase> <!-- MyQuotes_96421 -->
  <system-out/>
  <testcase name="verifySubmitwhileREQuoting" classname="com.OSMOSE.testcases.Product">
    <skipped/>
  </testcase> <!-- verifySubmitwhileREQuoting -->
  <system-out/>
  <testcase name="verifyUpdatedQuantityOnOverlay" classname="com.OSMOSE.testcases.Product">
    <skipped/>
  </testcase> <!-- verifyUpdatedQuantityOnOverlay -->
  <system-out/>
  <testcase name="verifyTheProductCart" classname="com.OSMOSE.testcases.Product">
    <skipped/>
  </testcase> <!-- verifyTheProductCart -->
  <system-out/>
  <testcase name="verifyTheSearchfirstname" classname="com.OSMOSE.testcases.Product">
    <skipped/>
  </testcase> <!-- verifyTheSearchfirstname -->
  <system-out/>
  <testcase name="ReturnPolicy" classname="com.OSMOSE.testcases.Product">
    <skipped/>
  </testcase> <!-- ReturnPolicy -->
  <system-out/>
  <testcase name="verifyStatusFilterQuotePending" classname="com.OSMOSE.testcases.Product">
    <skipped/>
  </testcase> <!-- verifyStatusFilterQuotePending -->
  <system-out/>
  <testcase name="SubmitQuotewithQuoteCancelledstatus" classname="com.OSMOSE.testcases.Product">
    <skipped/>
  </testcase> <!-- SubmitQuotewithQuoteCancelledstatus -->
  <system-out/>
  <testcase name="VerifyUIonApprove" classname="com.OSMOSE.testcases.Product">
    <skipped/>
  </testcase> <!-- VerifyUIonApprove -->
  <system-out/>
  <testcase name="ClickShoppingCartIcon" classname="com.OSMOSE.testcases.Product">
    <skipped/>
  </testcase> <!-- ClickShoppingCartIcon -->
  <system-out/>
  <testcase name="verifyStatusFilterAll" classname="com.OSMOSE.testcases.Product">
    <skipped/>
  </testcase> <!-- verifyStatusFilterAll -->
  <system-out/>
  <testcase name="ClickUploadProducts" classname="com.OSMOSE.testcases.Product">
    <skipped/>
  </testcase> <!-- ClickUploadProducts -->
  <system-out/>
  <testcase name="VerifyAddShopping_Sameitem" classname="com.OSMOSE.testcases.Product">
    <skipped/>
  </testcase> <!-- VerifyAddShopping_Sameitem -->
  <system-out/>
  <testcase name="UpdateDecreaseQuanityinShoppingCart" classname="com.OSMOSE.testcases.Product">
    <skipped/>
  </testcase> <!-- UpdateDecreaseQuanityinShoppingCart -->
  <system-out/>
  <testcase name="verifyStatusFilterCancelled" classname="com.OSMOSE.testcases.Product">
    <skipped/>
  </testcase> <!-- verifyStatusFilterCancelled -->
  <system-out/>
  <testcase name="VerifyCrossicononhoppingCart_Differentitem" classname="com.OSMOSE.testcases.Product">
    <skipped/>
  </testcase> <!-- VerifyCrossicononhoppingCart_Differentitem -->
  <system-out/>
  <testcase name="VerifyCrossicononhoppingCart" classname="com.OSMOSE.testcases.Product">
    <skipped/>
  </testcase> <!-- VerifyCrossicononhoppingCart -->
  <system-out/>
  <testcase name="ClickShoppingViewCartbutton" classname="com.OSMOSE.testcases.Product">
    <skipped/>
  </testcase> <!-- ClickShoppingViewCartbutton -->
  <system-out/>
  <testcase name="ClickShoppingSubmitCartbutton" classname="com.OSMOSE.testcases.Product">
    <skipped/>
  </testcase> <!-- ClickShoppingSubmitCartbutton -->
  <system-out/>
  <testcase name="ClickManageProducts" classname="com.OSMOSE.testcases.Product">
    <skipped/>
  </testcase> <!-- ClickManageProducts -->
  <system-out/>
  <testcase name="ClickProductsinReview" classname="com.OSMOSE.testcases.Product">
    <skipped/>
  </testcase> <!-- ClickProductsinReview -->
  <system-out/>
  <testcase name="verifyStatusFilterOrderRequested" classname="com.OSMOSE.testcases.Product">
    <skipped/>
  </testcase> <!-- verifyStatusFilterOrderRequested -->
  <system-out/>
  <testcase name="VerifyApprovebtndisabled" classname="com.OSMOSE.testcases.Product">
    <skipped/>
  </testcase> <!-- VerifyApprovebtndisabled -->
  <system-out/>
  <testcase name="verifyStatusFilterQuoted" classname="com.OSMOSE.testcases.Product">
    <skipped/>
  </testcase> <!-- verifyStatusFilterQuoted -->
  <system-out/>
  <testcase name="HomepageCarticon" classname="com.OSMOSE.testcases.Product">
    <skipped/>
  </testcase> <!-- HomepageCarticon -->
  <system-out/>
  <testcase name="verifyStatusFilterOrdered" classname="com.OSMOSE.testcases.Product">
    <skipped/>
  </testcase> <!-- verifyStatusFilterOrdered -->
  <system-out/>
  <testcase name="verifyViewDetail" classname="com.OSMOSE.testcases.Product">
    <skipped/>
  </testcase> <!-- verifyViewDetail -->
  <system-out/>
</testsuite> <!-- com.OSMOSE.testcases.Product -->
